5.0054 	EXP 	Created window1 = Window(allowGUI=False, allowStencil=False, args=UNKNOWN, autoLog=True, bitsMode=UNKNOWN, blendMode='avg', color=array([0., 0., 0.]), colorSpace='rgb', fullscr=<method-wrapper '__getattribute__' of attributeSetter object at 0x00000255BCE53828>, gamma=None, gammaErrorPolicy='raise', kwargs=UNKNOWN, lms=UNKNOWN, monitor=<psychopy.monitors.calibTools.Monitor object at 0x00000255BCE66710>, multiSample=False, name='window1', numSamples=2, pos=[0.0, 0.0], screen=1, size=array([1920, 1200]), stereo=False, units='norm', useFBO=True, useRetina=False, viewOri=0.0, viewPos=None, viewScale=None, waitBlanking=True, winType='pyglet')
5.0055 	EXP 	window1: recordFrameIntervals = False
5.1715 	EXP 	window1: recordFrameIntervals = True
5.3552 	EXP 	window1: recordFrameIntervals = False
5.6751 	EXP 	Created polygon_1 = Rect(__class__=<class 'psychopy.visual.rect.Rect'>, autoDraw=False, autoLog=True, closeShape=True, color=method-wrapper(...), colorSpace=None, contrast=1.0, depth=0.0, fillColor='black', fillColorSpace='named', fillRGB=array([0., 0., 0.]), interpolate=True, lineColor='black', lineColorSpace='named', lineRGB=array([0., 0., 0.]), lineWidth=1, name='polygon_1', opacity=1.0, ori=array(0.), pos=array([0., 0.]), size=array([1., 1.]), units='norm', vertices=ndarray(...), win=Window(...))
5.8872 	EXP 	Created descriptionText_1 = TextStim(__class__=<class 'psychopy.visual.text.TextStim'>, alignHoriz='center', alignVert='center', antialias=True, autoLog=True, bold=False, color='white', colorSpace='named', contrast=1.0, depth=-1.0, flipHoriz=False, flipVert=False, font='Arial', fontFiles=[], height=0.09, italic=False, languageStyle='LTR', name='descriptionText_1', opacity=1.0, ori=0, pos=array([0., 0.]), rgb=array([255., 255., 255.]), text=str(...), units='norm', win=Window(...), wrapWidth=1)
5.8879 	EXP 	Created fixation10 = Rect(__class__=<class 'psychopy.visual.rect.Rect'>, autoDraw=False, autoLog=True, closeShape=True, color=method-wrapper(...), colorSpace=None, contrast=1.0, depth=0.0, fillColor='black', fillColorSpace='named', fillRGB=array([0., 0., 0.]), interpolate=True, lineColor='black', lineColorSpace='named', lineRGB=array([0., 0., 0.]), lineWidth=1, name='fixation10', opacity=1.0, ori=array(0.), pos=array([0., 0.]), size=array([1., 1.]), units='norm', vertices=ndarray(...), win=Window(...))
5.8948 	EXP 	Created fixationImage10 = ImageStim(__class__=<class 'psychopy.visual.image.ImageStim'>, autoLog=True, color=array([1., 1., 1.]), colorSpace='rgb', contrast=1.0, depth=-1.0, flipHoriz=False, flipVert=False, image='./stimuli/images/fix.bmp', interpolate=True, mask=None, maskParams=None, name='fixationImage10', opacity=1.0, ori=0.0, pos=array([0., 0.]), size=array([1., 1.]), texRes=128, units='norm', win=Window(...))
5.9220 	EXP 	Created text = TextStim(__class__=<class 'psychopy.visual.text.TextStim'>, alignHoriz='center', alignVert='center', antialias=True, autoLog=True, bold=False, color='white', colorSpace='named', contrast=1.0, depth=-2.0, flipHoriz=False, flipVert=False, font='Arial', fontFiles=[], height=0.3, italic=False, languageStyle='LTR', name='text', opacity=1.0, ori=0, pos=array([ 0. , -0.7]), rgb=array([255., 255., 255.]), text='3 . . .', units='norm', win=Window(...), wrapWidth=1)
5.9338 	EXP 	Created text_2 = TextStim(__class__=<class 'psychopy.visual.text.TextStim'>, alignHoriz='center', alignVert='center', antialias=True, autoLog=True, bold=False, color='white', colorSpace='named', contrast=1.0, depth=-3.0, flipHoriz=False, flipVert=False, font='Arial', fontFiles=[], height=0.3, italic=False, languageStyle='LTR', name='text_2', opacity=1.0, ori=0, pos=array([ 0. , -0.7]), rgb=array([255., 255., 255.]), text='2 . .', units='norm', win=Window(...), wrapWidth=1)
5.9381 	EXP 	Created text_3 = TextStim(__class__=<class 'psychopy.visual.text.TextStim'>, alignHoriz='center', alignVert='center', antialias=True, autoLog=True, bold=False, color='white', colorSpace='named', contrast=1.0, depth=-4.0, flipHoriz=False, flipVert=False, font='Arial', fontFiles=[], height=0.3, italic=False, languageStyle='LTR', name='text_3', opacity=1.0, ori=0, pos=array([ 0. , -0.7]), rgb=array([255., 255., 255.]), text='1 .', units='norm', win=Window(...), wrapWidth=1)
5.9387 	EXP 	Created blackProc = Rect(__class__=<class 'psychopy.visual.rect.Rect'>, autoDraw=False, autoLog=True, closeShape=True, color=method-wrapper(...), colorSpace=None, contrast=1.0, depth=-1.0, fillColor='black', fillColorSpace='named', fillRGB=array([0., 0., 0.]), interpolate=True, lineColor='black', lineColorSpace='named', lineRGB=array([0., 0., 0.]), lineWidth=1, name='blackProc', opacity=1.0, ori=array(0.), pos=array([0., 0.]), size=array([1., 1.]), units='norm', vertices=ndarray(...), win=Window(...))
5.9393 	EXP 	Created greenProc = Rect(__class__=<class 'psychopy.visual.rect.Rect'>, autoDraw=False, autoLog=True, closeShape=True, color=method-wrapper(...), colorSpace=None, contrast=1.0, depth=-2.0, fillColor='green', fillColorSpace='named', fillRGB=array([  0., 128.,   0.]), interpolate=True, lineColor='green', lineColorSpace='named', lineRGB=array([  0., 128.,   0.]), lineWidth=1, name='greenProc', opacity=1.0, ori=array(0.), pos=array([0., 0.]), size=array([1., 1.]), units='norm', vertices=ndarray(...), win=Window(...))
5.9409 	EXP 	Created ProcTarget = ImageStim(__class__=<class 'psychopy.visual.image.ImageStim'>, autoLog=True, color=array([1., 1., 1.]), colorSpace='rgb', contrast=1.0, depth=-3.0, flipHoriz=False, flipVert=False, image='sin', interpolate=True, mask=None, maskParams=None, name='ProcTarget', opacity=1.0, ori=0.0, pos=array([-0.4,  0. ]), size=array([1., 1.]), texRes=128, units='norm', win=Window(...))
5.9425 	EXP 	Created ProcPicture = ImageStim(__class__=<class 'psychopy.visual.image.ImageStim'>, autoLog=True, color=array([1., 1., 1.]), colorSpace='rgb', contrast=1.0, depth=-4.0, flipHoriz=False, flipVert=False, image='sin', interpolate=True, mask=None, maskParams=None, name='ProcPicture', opacity=1.0, ori=0.0, pos=array([0.4, 0. ]), size=array([1., 1.]), texRes=128, units='norm', win=Window(...))
5.9430 	EXP 	Created blackWaitInterTrial = Rect(__class__=<class 'psychopy.visual.rect.Rect'>, autoDraw=False, autoLog=True, closeShape=True, color=method-wrapper(...), colorSpace=None, contrast=1.0, depth=0.0, fillColor='black', fillColorSpace='named', fillRGB=array([0., 0., 0.]), interpolate=True, lineColor='black', lineColorSpace='named', lineRGB=array([0., 0., 0.]), lineWidth=1, name='blackWaitInterTrial', opacity=1.0, ori=array(0.), pos=array([0., 0.]), size=array([1., 1.]), units='norm', vertices=ndarray(...), win=Window(...))
5.9485 	EXP 	Created whiteWaitInterTrial = ImageStim(__class__=<class 'psychopy.visual.image.ImageStim'>, autoLog=True, color=array([1., 1., 1.]), colorSpace='rgb', contrast=1.0, depth=-1.0, flipHoriz=False, flipVert=False, image='./stimuli/images/blank.bmp', interpolate=True, mask=None, maskParams=None, name='whiteWaitInterTrial', opacity=1.0, ori=0.0, pos=array([0., 0.]), size=array([1., 1.]), texRes=128, units='norm', win=Window(...))
5.9492 	EXP 	Created blackTrial = Rect(__class__=<class 'psychopy.visual.rect.Rect'>, autoDraw=False, autoLog=True, closeShape=True, color=method-wrapper(...), colorSpace=None, contrast=1.0, depth=-1.0, fillColor='black', fillColorSpace='named', fillRGB=array([0., 0., 0.]), interpolate=True, lineColor='black', lineColorSpace='named', lineRGB=array([0., 0., 0.]), lineWidth=1, name='blackTrial', opacity=1.0, ori=array(0.), pos=array([0., 0.]), size=array([1., 1.]), units='norm', vertices=ndarray(...), win=Window(...))
5.9499 	EXP 	Created whiteTrial = Rect(__class__=<class 'psychopy.visual.rect.Rect'>, autoDraw=False, autoLog=True, closeShape=True, color=method-wrapper(...), colorSpace=None, contrast=1.0, depth=-2.0, fillColor='white', fillColorSpace='named', fillRGB=array([255., 255., 255.]), interpolate=True, lineColor='white', lineColorSpace='named', lineRGB=array([255., 255., 255.]), lineWidth=1, name='whiteTrial', opacity=1.0, ori=array(0.), pos=array([0., 0.]), size=array([1., 1.]), units='norm', vertices=ndarray(...), win=Window(...))
5.9515 	EXP 	Created TrialPicture = ImageStim(__class__=<class 'psychopy.visual.image.ImageStim'>, autoLog=True, color=array([1., 1., 1.]), colorSpace='rgb', contrast=1.0, depth=-3.0, flipHoriz=False, flipVert=False, image='sin', interpolate=True, mask=None, maskParams=None, name='TrialPicture', opacity=1.0, ori=0.0, pos=array([0., 0.]), size=array([1., 1.]), texRes=128, units='norm', win=Window(...))
5.9524 	EXP 	Created green_1 = ShapeStim(__class__=<class 'psychopy.visual.shape.ShapeStim'>, autoDraw=False, autoLog=True, closeShape=True, contrast=1.0, depth=-6.0, fillColor='green', fillColorSpace='named', interpolate=True, lineColor='green', lineColorSpace='named', lineWidth=1, name='green_1', opacity=1.0, ori=array(0.), pos=array([0., 0.]), size=array([0.05, 0.05]), units='norm', vertices=ndarray(...), win=Window(...), windingRule=None)
5.9530 	EXP 	Created red_1 = Rect(__class__=<class 'psychopy.visual.rect.Rect'>, autoDraw=False, autoLog=True, closeShape=True, color=method-wrapper(...), colorSpace=None, contrast=1.0, depth=-7.0, fillColor='red', fillColorSpace='named', fillRGB=array([255.,   0.,   0.]), interpolate=True, lineColor='red', lineColorSpace='named', lineRGB=array([255.,   0.,   0.]), lineWidth=1, name='red_1', opacity=1.0, ori=array(0.), pos=array([0., 0.]), size=array([1., 1.]), units='norm', vertices=ndarray(...), win=Window(...))
5.9536 	EXP 	Created blackWaitInterTrial_2 = Rect(__class__=<class 'psychopy.visual.rect.Rect'>, autoDraw=False, autoLog=True, closeShape=True, color=method-wrapper(...), colorSpace=None, contrast=1.0, depth=-1.0, fillColor='black', fillColorSpace='named', fillRGB=array([0., 0., 0.]), interpolate=True, lineColor='black', lineColorSpace='named', lineRGB=array([0., 0., 0.]), lineWidth=1, name='blackWaitInterTrial_2', opacity=1.0, ori=array(0.), pos=array([0., 0.]), size=array([1., 1.]), units='norm', vertices=ndarray(...), win=Window(...))
5.9598 	EXP 	Created whiteWaitInterTrial_2 = ImageStim(__class__=<class 'psychopy.visual.image.ImageStim'>, autoLog=True, color=array([1., 1., 1.]), colorSpace='rgb', contrast=1.0, depth=-2.0, flipHoriz=False, flipVert=False, image='./stimuli/images/blank.bmp', interpolate=True, mask=None, maskParams=None, name='whiteWaitInterTrial_2', opacity=1.0, ori=0.0, pos=array([0., 0.]), size=array([1., 1.]), texRes=128, units='norm', win=Window(...))
5.9604 	EXP 	Created green_fb_1 = ShapeStim(__class__=<class 'psychopy.visual.shape.ShapeStim'>, autoDraw=False, autoLog=True, closeShape=True, contrast=1.0, depth=-3.0, fillColor='green', fillColorSpace='named', interpolate=True, lineColor='green', lineColorSpace='named', lineWidth=1, name='green_fb_1', opacity=1.0, ori=array(0.), pos=array([0., 0.]), size=array([1., 1.]), units='norm', vertices=ndarray(...), win=Window(...), windingRule=None)
5.9610 	EXP 	Created red_fb_1 = Rect(__class__=<class 'psychopy.visual.rect.Rect'>, autoDraw=False, autoLog=True, closeShape=True, color=method-wrapper(...), colorSpace=None, contrast=1.0, depth=-4.0, fillColor='red', fillColorSpace='named', fillRGB=array([255.,   0.,   0.]), interpolate=True, lineColor='red', lineColorSpace='named', lineRGB=array([255.,   0.,   0.]), lineWidth=1, name='red_fb_1', opacity=1.0, ori=array(0.), pos=array([0., 0.]), size=array([1., 1.]), units='norm', vertices=ndarray(...), win=Window(...))
5.9616 	EXP 	Created fixation = Rect(__class__=<class 'psychopy.visual.rect.Rect'>, autoDraw=False, autoLog=True, closeShape=True, color=method-wrapper(...), colorSpace=None, contrast=1.0, depth=0.0, fillColor='black', fillColorSpace='named', fillRGB=array([0., 0., 0.]), interpolate=True, lineColor='black', lineColorSpace='named', lineRGB=array([0., 0., 0.]), lineWidth=1, name='fixation', opacity=1.0, ori=array(0.), pos=array([0., 0.]), size=array([1., 1.]), units='norm', vertices=ndarray(...), win=Window(...))
5.9669 	EXP 	Created fixationImage = ImageStim(__class__=<class 'psychopy.visual.image.ImageStim'>, autoLog=True, color=array([1., 1., 1.]), colorSpace='rgb', contrast=1.0, depth=-1.0, flipHoriz=False, flipVert=False, image='./stimuli/images/fix.bmp', interpolate=True, mask=None, maskParams=None, name='fixationImage', opacity=1.0, ori=0.0, pos=array([0., 0.]), size=array([1., 1.]), texRes=128, units='norm', win=Window(...))
5.9674 	EXP 	Created polygon_end = Rect(__class__=<class 'psychopy.visual.rect.Rect'>, autoDraw=False, autoLog=True, closeShape=True, color=method-wrapper(...), colorSpace=None, contrast=1.0, depth=0.0, fillColor='black', fillColorSpace='named', fillRGB=array([0., 0., 0.]), interpolate=True, lineColor='black', lineColorSpace='named', lineRGB=array([0., 0., 0.]), lineWidth=1, name='polygon_end', opacity=1.0, ori=array(0.), pos=array([0., 0.]), size=array([1., 1.]), units='norm', vertices=ndarray(...), win=Window(...))
6.0132 	EXP 	Created end_text = TextStim(__class__=<class 'psychopy.visual.text.TextStim'>, alignHoriz='center', alignVert='center', antialias=True, autoLog=True, bold=False, color='white', colorSpace='named', contrast=1.0, depth=-1.0, flipHoriz=False, flipVert=False, font='Arial', fontFiles=[], height=0.1, italic=False, languageStyle='LTR', name='end_text', opacity=1.0, ori=0, pos=array([0., 0.]), rgb=array([255., 255., 255.]), text='That completes Round 1 of the task', units='norm', win=Window(...), wrapWidth=1)
6.0138 	EXP 	Created polygon_15 = Rect(__class__=<class 'psychopy.visual.rect.Rect'>, autoDraw=False, autoLog=True, closeShape=True, color=method-wrapper(...), colorSpace=None, contrast=1.0, depth=0.0, fillColor='black', fillColorSpace='named', fillRGB=array([0., 0., 0.]), interpolate=True, lineColor='black', lineColorSpace='named', lineRGB=array([0., 0., 0.]), lineWidth=1, name='polygon_15', opacity=1.0, ori=array(0.), pos=array([0., 0.]), size=array([1., 1.]), units='norm', vertices=ndarray(...), win=Window(...))
6.0589 	EXP 	Created descriptionText_15 = TextStim(__class__=<class 'psychopy.visual.text.TextStim'>, alignHoriz='center', alignVert='center', antialias=True, autoLog=True, bold=False, color='white', colorSpace='named', contrast=1.0, depth=-1.0, flipHoriz=False, flipVert=False, font='Arial', fontFiles=[], height=0.09, italic=False, languageStyle='LTR', name='descriptionText_15', opacity=1.0, ori=0, pos=array([0., 0.]), rgb=array([255., 255., 255.]), text=str(...), units='norm', win=Window(...), wrapWidth=1)
6.0595 	EXP 	Created fixation10 = Rect(__class__=<class 'psychopy.visual.rect.Rect'>, autoDraw=False, autoLog=True, closeShape=True, color=method-wrapper(...), colorSpace=None, contrast=1.0, depth=0.0, fillColor='black', fillColorSpace='named', fillRGB=array([0., 0., 0.]), interpolate=True, lineColor='black', lineColorSpace='named', lineRGB=array([0., 0., 0.]), lineWidth=1, name='fixation10', opacity=1.0, ori=array(0.), pos=array([0., 0.]), size=array([1., 1.]), units='norm', vertices=ndarray(...), win=Window(...))
6.0719 	EXP 	Created fixationImage10 = ImageStim(__class__=<class 'psychopy.visual.image.ImageStim'>, autoLog=True, color=array([1., 1., 1.]), colorSpace='rgb', contrast=1.0, depth=-1.0, flipHoriz=False, flipVert=False, image='./stimuli/images/fix.bmp', interpolate=True, mask=None, maskParams=None, name='fixationImage10', opacity=1.0, ori=0.0, pos=array([0., 0.]), size=array([1., 1.]), texRes=128, units='norm', win=Window(...))
6.0747 	EXP 	Created text = TextStim(__class__=<class 'psychopy.visual.text.TextStim'>, alignHoriz='center', alignVert='center', antialias=True, autoLog=True, bold=False, color='white', colorSpace='named', contrast=1.0, depth=-2.0, flipHoriz=False, flipVert=False, font='Arial', fontFiles=[], height=0.3, italic=False, languageStyle='LTR', name='text', opacity=1.0, ori=0, pos=array([ 0. , -0.7]), rgb=array([255., 255., 255.]), text='3 . . .', units='norm', win=Window(...), wrapWidth=1)
6.0773 	EXP 	Created text_2 = TextStim(__class__=<class 'psychopy.visual.text.TextStim'>, alignHoriz='center', alignVert='center', antialias=True, autoLog=True, bold=False, color='white', colorSpace='named', contrast=1.0, depth=-3.0, flipHoriz=False, flipVert=False, font='Arial', fontFiles=[], height=0.3, italic=False, languageStyle='LTR', name='text_2', opacity=1.0, ori=0, pos=array([ 0. , -0.7]), rgb=array([255., 255., 255.]), text='2 . .', units='norm', win=Window(...), wrapWidth=1)
6.0797 	EXP 	Created text_3 = TextStim(__class__=<class 'psychopy.visual.text.TextStim'>, alignHoriz='center', alignVert='center', antialias=True, autoLog=True, bold=False, color='white', colorSpace='named', contrast=1.0, depth=-4.0, flipHoriz=False, flipVert=False, font='Arial', fontFiles=[], height=0.3, italic=False, languageStyle='LTR', name='text_3', opacity=1.0, ori=0, pos=array([ 0. , -0.7]), rgb=array([255., 255., 255.]), text='1 .', units='norm', win=Window(...), wrapWidth=1)
6.0803 	EXP 	Created blackProc_2 = Rect(__class__=<class 'psychopy.visual.rect.Rect'>, autoDraw=False, autoLog=True, closeShape=True, color=method-wrapper(...), colorSpace=None, contrast=1.0, depth=-1.0, fillColor='black', fillColorSpace='named', fillRGB=array([0., 0., 0.]), interpolate=True, lineColor='black', lineColorSpace='named', lineRGB=array([0., 0., 0.]), lineWidth=1, name='blackProc_2', opacity=1.0, ori=array(0.), pos=array([0., 0.]), size=array([1., 1.]), units='norm', vertices=ndarray(...), win=Window(...))
6.0809 	EXP 	Created greenProc_2 = Rect(__class__=<class 'psychopy.visual.rect.Rect'>, autoDraw=False, autoLog=True, closeShape=True, color=method-wrapper(...), colorSpace=None, contrast=1.0, depth=-2.0, fillColor='green', fillColorSpace='named', fillRGB=array([  0., 128.,   0.]), interpolate=True, lineColor='green', lineColorSpace='named', lineRGB=array([  0., 128.,   0.]), lineWidth=1, name='greenProc_2', opacity=1.0, ori=array(0.), pos=array([0., 0.]), size=array([1., 1.]), units='norm', vertices=ndarray(...), win=Window(...))
6.0827 	EXP 	Created ProcTarget_2 = ImageStim(__class__=<class 'psychopy.visual.image.ImageStim'>, autoLog=True, color=array([1., 1., 1.]), colorSpace='rgb', contrast=1.0, depth=-3.0, flipHoriz=False, flipVert=False, image='sin', interpolate=True, mask=None, maskParams=None, name='ProcTarget_2', opacity=1.0, ori=0.0, pos=array([-0.4,  0. ]), size=array([1., 1.]), texRes=128, units='norm', win=Window(...))
6.0843 	EXP 	Created ProcPicture_2 = ImageStim(__class__=<class 'psychopy.visual.image.ImageStim'>, autoLog=True, color=array([1., 1., 1.]), colorSpace='rgb', contrast=1.0, depth=-4.0, flipHoriz=False, flipVert=False, image='sin', interpolate=True, mask=None, maskParams=None, name='ProcPicture_2', opacity=1.0, ori=0.0, pos=array([0.4, 0. ]), size=array([1., 1.]), texRes=128, units='norm', win=Window(...))
6.0848 	EXP 	Created blackWaitInterTrial_3 = Rect(__class__=<class 'psychopy.visual.rect.Rect'>, autoDraw=False, autoLog=True, closeShape=True, color=method-wrapper(...), colorSpace=None, contrast=1.0, depth=0.0, fillColor='black', fillColorSpace='named', fillRGB=array([0., 0., 0.]), interpolate=True, lineColor='black', lineColorSpace='named', lineRGB=array([0., 0., 0.]), lineWidth=1, name='blackWaitInterTrial_3', opacity=1.0, ori=array(0.), pos=array([0., 0.]), size=array([1., 1.]), units='norm', vertices=ndarray(...), win=Window(...))
6.0903 	EXP 	Created whiteWaitInterTrial_3 = ImageStim(__class__=<class 'psychopy.visual.image.ImageStim'>, autoLog=True, color=array([1., 1., 1.]), colorSpace='rgb', contrast=1.0, depth=-1.0, flipHoriz=False, flipVert=False, image='./stimuli/images/blank.bmp', interpolate=True, mask=None, maskParams=None, name='whiteWaitInterTrial_3', opacity=1.0, ori=0.0, pos=array([0., 0.]), size=array([1., 1.]), texRes=128, units='norm', win=Window(...))
6.0908 	EXP 	Created blackTrial_2 = Rect(__class__=<class 'psychopy.visual.rect.Rect'>, autoDraw=False, autoLog=True, closeShape=True, color=method-wrapper(...), colorSpace=None, contrast=1.0, depth=-1.0, fillColor='black', fillColorSpace='named', fillRGB=array([0., 0., 0.]), interpolate=True, lineColor='black', lineColorSpace='named', lineRGB=array([0., 0., 0.]), lineWidth=1, name='blackTrial_2', opacity=1.0, ori=array(0.), pos=array([0., 0.]), size=array([1., 1.]), units='norm', vertices=ndarray(...), win=Window(...))
6.0914 	EXP 	Created whiteTrial_2 = Rect(__class__=<class 'psychopy.visual.rect.Rect'>, autoDraw=False, autoLog=True, closeShape=True, color=method-wrapper(...), colorSpace=None, contrast=1.0, depth=-2.0, fillColor='white', fillColorSpace='named', fillRGB=array([255., 255., 255.]), interpolate=True, lineColor='white', lineColorSpace='named', lineRGB=array([255., 255., 255.]), lineWidth=1, name='whiteTrial_2', opacity=1.0, ori=array(0.), pos=array([0., 0.]), size=array([1., 1.]), units='norm', vertices=ndarray(...), win=Window(...))
6.0930 	EXP 	Created TrialPicture_2 = ImageStim(__class__=<class 'psychopy.visual.image.ImageStim'>, autoLog=True, color=array([1., 1., 1.]), colorSpace='rgb', contrast=1.0, depth=-3.0, flipHoriz=False, flipVert=False, image='sin', interpolate=True, mask=None, maskParams=None, name='TrialPicture_2', opacity=1.0, ori=0.0, pos=array([0., 0.]), size=array([1., 1.]), texRes=128, units='norm', win=Window(...))
6.0940 	EXP 	Created green_2 = ShapeStim(__class__=<class 'psychopy.visual.shape.ShapeStim'>, autoDraw=False, autoLog=True, closeShape=True, contrast=1.0, depth=-6.0, fillColor='green', fillColorSpace='named', interpolate=True, lineColor='green', lineColorSpace='named', lineWidth=1, name='green_2', opacity=1.0, ori=array(0.), pos=array([0., 0.]), size=array([0.05, 0.05]), units='norm', vertices=ndarray(...), win=Window(...), windingRule=None)
6.0946 	EXP 	Created red_2 = Rect(__class__=<class 'psychopy.visual.rect.Rect'>, autoDraw=False, autoLog=True, closeShape=True, color=method-wrapper(...), colorSpace=None, contrast=1.0, depth=-7.0, fillColor='red', fillColorSpace='named', fillRGB=array([255.,   0.,   0.]), interpolate=True, lineColor='red', lineColorSpace='named', lineRGB=array([255.,   0.,   0.]), lineWidth=1, name='red_2', opacity=1.0, ori=array(0.), pos=array([0., 0.]), size=array([1., 1.]), units='norm', vertices=ndarray(...), win=Window(...))
6.0952 	EXP 	Created blackWaitInterTrial_4 = Rect(__class__=<class 'psychopy.visual.rect.Rect'>, autoDraw=False, autoLog=True, closeShape=True, color=method-wrapper(...), colorSpace=None, contrast=1.0, depth=-1.0, fillColor='black', fillColorSpace='named', fillRGB=array([0., 0., 0.]), interpolate=True, lineColor='black', lineColorSpace='named', lineRGB=array([0., 0., 0.]), lineWidth=1, name='blackWaitInterTrial_4', opacity=1.0, ori=array(0.), pos=array([0., 0.]), size=array([1., 1.]), units='norm', vertices=ndarray(...), win=Window(...))
6.1014 	EXP 	Created whiteWaitInterTrial_4 = ImageStim(__class__=<class 'psychopy.visual.image.ImageStim'>, autoLog=True, color=array([1., 1., 1.]), colorSpace='rgb', contrast=1.0, depth=-2.0, flipHoriz=False, flipVert=False, image='./stimuli/images/blank.bmp', interpolate=True, mask=None, maskParams=None, name='whiteWaitInterTrial_4', opacity=1.0, ori=0.0, pos=array([0., 0.]), size=array([1., 1.]), texRes=128, units='norm', win=Window(...))
6.1020 	EXP 	Created green_fb_2 = ShapeStim(__class__=<class 'psychopy.visual.shape.ShapeStim'>, autoDraw=False, autoLog=True, closeShape=True, contrast=1.0, depth=-3.0, fillColor='green', fillColorSpace='named', interpolate=True, lineColor='green', lineColorSpace='named', lineWidth=1, name='green_fb_2', opacity=1.0, ori=array(0.), pos=array([0., 0.]), size=array([1., 1.]), units='norm', vertices=ndarray(...), win=Window(...), windingRule=None)
6.1027 	EXP 	Created red_fb_2 = Rect(__class__=<class 'psychopy.visual.rect.Rect'>, autoDraw=False, autoLog=True, closeShape=True, color=method-wrapper(...), colorSpace=None, contrast=1.0, depth=-4.0, fillColor='red', fillColorSpace='named', fillRGB=array([255.,   0.,   0.]), interpolate=True, lineColor='red', lineColorSpace='named', lineRGB=array([255.,   0.,   0.]), lineWidth=1, name='red_fb_2', opacity=1.0, ori=array(0.), pos=array([0., 0.]), size=array([1., 1.]), units='norm', vertices=ndarray(...), win=Window(...))
6.1032 	EXP 	Created fixation_2 = Rect(__class__=<class 'psychopy.visual.rect.Rect'>, autoDraw=False, autoLog=True, closeShape=True, color=method-wrapper(...), colorSpace=None, contrast=1.0, depth=0.0, fillColor='black', fillColorSpace='named', fillRGB=array([0., 0., 0.]), interpolate=True, lineColor='black', lineColorSpace='named', lineRGB=array([0., 0., 0.]), lineWidth=1, name='fixation_2', opacity=1.0, ori=array(0.), pos=array([0., 0.]), size=array([1., 1.]), units='norm', vertices=ndarray(...), win=Window(...))
6.1084 	EXP 	Created fixationImage_2 = ImageStim(__class__=<class 'psychopy.visual.image.ImageStim'>, autoLog=True, color=array([1., 1., 1.]), colorSpace='rgb', contrast=1.0, depth=-1.0, flipHoriz=False, flipVert=False, image='./stimuli/images/fix.bmp', interpolate=True, mask=None, maskParams=None, name='fixationImage_2', opacity=1.0, ori=0.0, pos=array([0., 0.]), size=array([1., 1.]), texRes=128, units='norm', win=Window(...))
6.1090 	EXP 	Created polygon_end_2 = Rect(__class__=<class 'psychopy.visual.rect.Rect'>, autoDraw=False, autoLog=True, closeShape=True, color=method-wrapper(...), colorSpace=None, contrast=1.0, depth=0.0, fillColor='black', fillColorSpace='named', fillRGB=array([0., 0., 0.]), interpolate=True, lineColor='black', lineColorSpace='named', lineRGB=array([0., 0., 0.]), lineWidth=1, name='polygon_end_2', opacity=1.0, ori=array(0.), pos=array([0., 0.]), size=array([1., 1.]), units='norm', vertices=ndarray(...), win=Window(...))
6.1219 	EXP 	Created end_text_2 = TextStim(__class__=<class 'psychopy.visual.text.TextStim'>, alignHoriz='center', alignVert='center', antialias=True, autoLog=True, bold=False, color='white', colorSpace='named', contrast=1.0, depth=-1.0, flipHoriz=False, flipVert=False, font='Arial', fontFiles=[], height=0.1, italic=False, languageStyle='LTR', name='end_text_2', opacity=1.0, ori=0, pos=array([0., 0.]), rgb=array([255., 255., 255.]), text='Thank you for your participation!', units='norm', win=Window(...), wrapWidth=1)
6.6856 	WARNING 	Hamming was requested using the 'pygame' sound library but hamming is not supported there.
6.6859 	EXP 	Set sound_1 sound=./lib/sound/bird.wav
6.6859 	WARNING 	Hamming was requested using the 'pygame' sound library but hamming is not supported there.
6.6861 	EXP 	Set sound_2 sound=./lib/sound/bang.wav
6.7227 	EXP 	polygon_1: autoDraw = True
6.7227 	EXP 	descriptionText_1: autoDraw = True
9.5302 	DATA 	Mouse: Left button down, pos=(296,609)
9.6968 	DATA 	Mouse:  Left button up, pos=(295,609)
15.3581 	DATA 	Keypress: space
15.3638 	EXP 	polygon_1: autoDraw = False
15.3638 	EXP 	descriptionText_1: autoDraw = False
15.3638 	EXP 	fixationImage10: size = array([0.75, 1.  ])
15.3638 	EXP 	fixation10: autoDraw = True
15.3638 	EXP 	fixationImage10: autoDraw = True
15.3638 	EXP 	text: autoDraw = True
16.3480 	EXP 	text_2: autoDraw = True
16.3647 	EXP 	text: autoDraw = False
17.3490 	EXP 	text_2: autoDraw = False
17.3490 	EXP 	text_3: autoDraw = True
18.3498 	EXP 	text_3: autoDraw = False
18.3517 	EXP 	Created sequence: sequential, trialTypes=1, nReps=1, seed=None
18.3519 	EXP 	New trial (rep=0, index=0): None
18.3832 	EXP 	fixation10: autoDraw = False
18.3832 	EXP 	fixationImage10: autoDraw = False
18.3832 	EXP 	fixation10: autoDraw = False
18.3832 	EXP 	fixationImage10: autoDraw = False
18.3832 	EXP 	text: autoDraw = False
18.3832 	EXP 	text_2: autoDraw = False
18.3832 	EXP 	text_3: autoDraw = False
18.3832 	EXP 	greenProc: size = array([1.6, 1.2])
18.3832 	EXP 	ProcTarget: size = array([0.75, 1.  ])
18.3832 	EXP 	ProcTarget: image = './stimuli/images/205.bmp'
18.3832 	EXP 	ProcPicture: size = array([0.75, 1.  ])
18.3832 	EXP 	ProcPicture: image = './stimuli/images/142.bmp'
18.3832 	EXP 	blackProc: autoDraw = True
18.3832 	EXP 	greenProc: autoDraw = True
18.3832 	EXP 	ProcTarget: autoDraw = True
18.3832 	EXP 	ProcPicture: autoDraw = True
21.8861 	EXP 	blackProc: autoDraw = False
21.8861 	EXP 	greenProc: autoDraw = False
21.8861 	EXP 	ProcTarget: autoDraw = False
21.8861 	EXP 	ProcPicture: autoDraw = False
21.8861 	EXP 	blackProc: autoDraw = False
21.8861 	EXP 	greenProc: autoDraw = False
21.8861 	EXP 	ProcTarget: autoDraw = False
21.8861 	EXP 	ProcPicture: autoDraw = False
21.8861 	EXP 	whiteWaitInterTrial: size = array([0.75, 1.  ])
21.8861 	EXP 	blackWaitInterTrial: autoDraw = True
21.8861 	EXP 	whiteWaitInterTrial: autoDraw = True
23.3734 	EXP 	Created sequence: sequential, trialTypes=1, nReps=20, seed=None
23.3737 	EXP 	New trial (rep=0, index=0): None
23.4042 	EXP 	blackWaitInterTrial: autoDraw = False
23.4042 	EXP 	whiteWaitInterTrial: autoDraw = False
23.4042 	EXP 	blackWaitInterTrial: autoDraw = False
23.4042 	EXP 	whiteWaitInterTrial: autoDraw = False
23.4042 	EXP 	TrialPicture: size = array([0.75, 1.  ])
23.4042 	EXP 	TrialPicture: image = './stimuli/images/142.bmp'
23.4042 	EXP 	blackTrial: autoDraw = True
23.4042 	EXP 	whiteTrial: autoDraw = True
23.4042 	EXP 	TrialPicture: autoDraw = True
23.4042 	EXP 	green_1: autoDraw = True
23.4042 	EXP 	red_1: autoDraw = True
23.6727 	EXP 	Sound sound_2 started
23.6761 	DATA 	Keypress: a
24.4050 	EXP 	blackTrial: autoDraw = False
24.4050 	EXP 	whiteTrial: autoDraw = False
24.4050 	EXP 	TrialPicture: autoDraw = False
24.4050 	EXP 	green_1: autoDraw = False
24.4050 	EXP 	red_1: autoDraw = False
24.4050 	EXP 	blackTrial: autoDraw = False
24.4050 	EXP 	whiteTrial: autoDraw = False
24.4050 	EXP 	TrialPicture: autoDraw = False
24.4050 	EXP 	green_1: autoDraw = False
24.4050 	EXP 	red_1: autoDraw = False
24.4050 	EXP 	whiteWaitInterTrial_2: size = array([0.75, 1.  ])
24.4050 	EXP 	blackWaitInterTrial_2: autoDraw = True
24.4050 	EXP 	whiteWaitInterTrial_2: autoDraw = True
24.4050 	EXP 	green_fb_1: autoDraw = True
24.4050 	EXP 	red_fb_1: autoDraw = True
26.0940 	DATA 	Keypress: l
26.1950 	EXP 	New trial (rep=1, index=0): None
26.2233 	EXP 	blackWaitInterTrial_2: autoDraw = False
26.2233 	EXP 	whiteWaitInterTrial_2: autoDraw = False
26.2233 	EXP 	green_fb_1: autoDraw = False
26.2233 	EXP 	red_fb_1: autoDraw = False
26.2233 	EXP 	blackWaitInterTrial_2: autoDraw = False
26.2233 	EXP 	whiteWaitInterTrial_2: autoDraw = False
26.2233 	EXP 	green_fb_1: autoDraw = False
26.2233 	EXP 	red_fb_1: autoDraw = False
26.2233 	EXP 	TrialPicture: size = array([0.75, 1.  ])
26.2233 	EXP 	TrialPicture: image = './stimuli/images/186.bmp'
26.2233 	EXP 	blackTrial: autoDraw = True
26.2233 	EXP 	whiteTrial: autoDraw = True
26.2233 	EXP 	TrialPicture: autoDraw = True
26.2233 	EXP 	green_1: autoDraw = True
26.2233 	EXP 	red_1: autoDraw = True
26.4288 	DATA 	Keypress: l
26.4421 	EXP 	Sound sound_2 started
26.6789 	DATA 	Keypress: l
27.2241 	EXP 	blackTrial: autoDraw = False
27.2241 	EXP 	whiteTrial: autoDraw = False
27.2241 	EXP 	TrialPicture: autoDraw = False
27.2241 	EXP 	green_1: autoDraw = False
27.2241 	EXP 	red_1: autoDraw = False
27.2241 	EXP 	blackTrial: autoDraw = False
27.2241 	EXP 	whiteTrial: autoDraw = False
27.2241 	EXP 	TrialPicture: autoDraw = False
27.2241 	EXP 	green_1: autoDraw = False
27.2241 	EXP 	red_1: autoDraw = False
27.2241 	EXP 	whiteWaitInterTrial_2: size = array([0.75, 1.  ])
27.2241 	EXP 	blackWaitInterTrial_2: autoDraw = True
27.2241 	EXP 	whiteWaitInterTrial_2: autoDraw = True
27.2241 	EXP 	green_fb_1: autoDraw = True
27.2241 	EXP 	red_fb_1: autoDraw = True
27.8626 	DATA 	Keypress: a
28.1611 	DATA 	Keypress: a
28.3802 	DATA 	Keypress: a
28.7800 	DATA 	Keypress: a
29.0136 	EXP 	New trial (rep=2, index=0): None
29.0424 	EXP 	blackWaitInterTrial_2: autoDraw = False
29.0424 	EXP 	whiteWaitInterTrial_2: autoDraw = False
29.0424 	EXP 	green_fb_1: autoDraw = False
29.0424 	EXP 	red_fb_1: autoDraw = False
29.0424 	EXP 	blackWaitInterTrial_2: autoDraw = False
29.0424 	EXP 	whiteWaitInterTrial_2: autoDraw = False
29.0424 	EXP 	green_fb_1: autoDraw = False
29.0424 	EXP 	red_fb_1: autoDraw = False
29.0424 	EXP 	TrialPicture: size = array([0.75, 1.  ])
29.0424 	EXP 	TrialPicture: image = './stimuli/images/205.bmp'
29.0424 	EXP 	blackTrial: autoDraw = True
29.0424 	EXP 	whiteTrial: autoDraw = True
29.0424 	EXP 	TrialPicture: autoDraw = True
29.0424 	EXP 	green_1: autoDraw = True
29.0424 	EXP 	red_1: autoDraw = True
29.3485 	DATA 	Keypress: a
29.3614 	EXP 	Sound sound_2 started
30.0433 	EXP 	blackTrial: autoDraw = False
30.0433 	EXP 	whiteTrial: autoDraw = False
30.0433 	EXP 	TrialPicture: autoDraw = False
30.0433 	EXP 	green_1: autoDraw = False
30.0433 	EXP 	red_1: autoDraw = False
30.0433 	EXP 	blackTrial: autoDraw = False
30.0433 	EXP 	whiteTrial: autoDraw = False
30.0433 	EXP 	TrialPicture: autoDraw = False
30.0433 	EXP 	green_1: autoDraw = False
30.0433 	EXP 	red_1: autoDraw = False
30.0433 	EXP 	whiteWaitInterTrial_2: size = array([0.75, 1.  ])
30.0433 	EXP 	blackWaitInterTrial_2: autoDraw = True
30.0433 	EXP 	whiteWaitInterTrial_2: autoDraw = True
30.0433 	EXP 	green_fb_1: autoDraw = True
30.0433 	EXP 	red_fb_1: autoDraw = True
31.7309 	EXP 	New trial (rep=3, index=0): None
31.7614 	EXP 	blackWaitInterTrial_2: autoDraw = False
31.7614 	EXP 	whiteWaitInterTrial_2: autoDraw = False
31.7614 	EXP 	green_fb_1: autoDraw = False
31.7614 	EXP 	red_fb_1: autoDraw = False
31.7614 	EXP 	blackWaitInterTrial_2: autoDraw = False
31.7614 	EXP 	whiteWaitInterTrial_2: autoDraw = False
31.7614 	EXP 	green_fb_1: autoDraw = False
31.7614 	EXP 	red_fb_1: autoDraw = False
31.7614 	EXP 	TrialPicture: size = array([0.75, 1.  ])
31.7614 	EXP 	TrialPicture: image = './stimuli/images/149.bmp'
31.7614 	EXP 	blackTrial: autoDraw = True
31.7614 	EXP 	whiteTrial: autoDraw = True
31.7614 	EXP 	TrialPicture: autoDraw = True
31.7614 	EXP 	green_1: autoDraw = True
31.7614 	EXP 	red_1: autoDraw = True
31.9967 	EXP 	Sound sound_1 started
31.9993 	DATA 	Keypress: a
32.7623 	EXP 	blackTrial: autoDraw = False
32.7623 	EXP 	whiteTrial: autoDraw = False
32.7623 	EXP 	TrialPicture: autoDraw = False
32.7623 	EXP 	green_1: autoDraw = False
32.7623 	EXP 	red_1: autoDraw = False
32.7623 	EXP 	blackTrial: autoDraw = False
32.7623 	EXP 	whiteTrial: autoDraw = False
32.7623 	EXP 	TrialPicture: autoDraw = False
32.7623 	EXP 	green_1: autoDraw = False
32.7623 	EXP 	red_1: autoDraw = False
32.7623 	EXP 	whiteWaitInterTrial_2: size = array([0.75, 1.  ])
32.7623 	EXP 	blackWaitInterTrial_2: autoDraw = True
32.7623 	EXP 	whiteWaitInterTrial_2: autoDraw = True
32.7623 	EXP 	green_fb_1: autoDraw = True
32.7623 	EXP 	red_fb_1: autoDraw = True
34.3519 	EXP 	New trial (rep=4, index=0): None
34.3804 	EXP 	blackWaitInterTrial_2: autoDraw = False
34.3804 	EXP 	whiteWaitInterTrial_2: autoDraw = False
34.3804 	EXP 	green_fb_1: autoDraw = False
34.3804 	EXP 	red_fb_1: autoDraw = False
34.3804 	EXP 	blackWaitInterTrial_2: autoDraw = False
34.3804 	EXP 	whiteWaitInterTrial_2: autoDraw = False
34.3804 	EXP 	green_fb_1: autoDraw = False
34.3804 	EXP 	red_fb_1: autoDraw = False
34.3804 	EXP 	TrialPicture: size = array([0.75, 1.  ])
34.3804 	EXP 	TrialPicture: image = './stimuli/images/142.bmp'
34.3804 	EXP 	blackTrial: autoDraw = True
34.3804 	EXP 	whiteTrial: autoDraw = True
34.3804 	EXP 	TrialPicture: autoDraw = True
34.3804 	EXP 	green_1: autoDraw = True
34.3804 	EXP 	red_1: autoDraw = True
35.3813 	EXP 	blackTrial: autoDraw = False
35.3813 	EXP 	whiteTrial: autoDraw = False
35.3813 	EXP 	TrialPicture: autoDraw = False
35.3813 	EXP 	green_1: autoDraw = False
35.3813 	EXP 	red_1: autoDraw = False
35.3813 	EXP 	blackTrial: autoDraw = False
35.3813 	EXP 	whiteTrial: autoDraw = False
35.3813 	EXP 	TrialPicture: autoDraw = False
35.3813 	EXP 	green_1: autoDraw = False
35.3813 	EXP 	red_1: autoDraw = False
35.3813 	EXP 	whiteWaitInterTrial_2: size = array([0.75, 1.  ])
35.3813 	EXP 	blackWaitInterTrial_2: autoDraw = True
35.3813 	EXP 	whiteWaitInterTrial_2: autoDraw = True
35.3813 	EXP 	green_fb_1: autoDraw = True
35.3813 	EXP 	red_fb_1: autoDraw = True
36.9703 	EXP 	New trial (rep=5, index=0): None
36.9995 	EXP 	blackWaitInterTrial_2: autoDraw = False
36.9995 	EXP 	whiteWaitInterTrial_2: autoDraw = False
36.9995 	EXP 	green_fb_1: autoDraw = False
36.9995 	EXP 	red_fb_1: autoDraw = False
36.9995 	EXP 	blackWaitInterTrial_2: autoDraw = False
36.9995 	EXP 	whiteWaitInterTrial_2: autoDraw = False
36.9995 	EXP 	green_fb_1: autoDraw = False
36.9995 	EXP 	red_fb_1: autoDraw = False
36.9995 	EXP 	TrialPicture: size = array([0.75, 1.  ])
36.9995 	EXP 	TrialPicture: image = './stimuli/images/205.bmp'
36.9995 	EXP 	blackTrial: autoDraw = True
36.9995 	EXP 	whiteTrial: autoDraw = True
36.9995 	EXP 	TrialPicture: autoDraw = True
36.9995 	EXP 	green_1: autoDraw = True
36.9995 	EXP 	red_1: autoDraw = True
38.0002 	EXP 	blackTrial: autoDraw = False
38.0002 	EXP 	whiteTrial: autoDraw = False
38.0002 	EXP 	TrialPicture: autoDraw = False
38.0002 	EXP 	green_1: autoDraw = False
38.0002 	EXP 	red_1: autoDraw = False
38.0002 	EXP 	blackTrial: autoDraw = False
38.0002 	EXP 	whiteTrial: autoDraw = False
38.0002 	EXP 	TrialPicture: autoDraw = False
38.0002 	EXP 	green_1: autoDraw = False
38.0002 	EXP 	red_1: autoDraw = False
38.0002 	EXP 	whiteWaitInterTrial_2: size = array([0.75, 1.  ])
38.0002 	EXP 	blackWaitInterTrial_2: autoDraw = True
38.0002 	EXP 	whiteWaitInterTrial_2: autoDraw = True
38.0002 	EXP 	green_fb_1: autoDraw = True
38.0002 	EXP 	red_fb_1: autoDraw = True
39.7887 	EXP 	New trial (rep=6, index=0): None
39.8185 	EXP 	blackWaitInterTrial_2: autoDraw = False
39.8185 	EXP 	whiteWaitInterTrial_2: autoDraw = False
39.8185 	EXP 	green_fb_1: autoDraw = False
39.8185 	EXP 	red_fb_1: autoDraw = False
39.8185 	EXP 	blackWaitInterTrial_2: autoDraw = False
39.8185 	EXP 	whiteWaitInterTrial_2: autoDraw = False
39.8185 	EXP 	green_fb_1: autoDraw = False
39.8185 	EXP 	red_fb_1: autoDraw = False
39.8185 	EXP 	TrialPicture: size = array([0.75, 1.  ])
39.8185 	EXP 	TrialPicture: image = './stimuli/images/149.bmp'
39.8185 	EXP 	blackTrial: autoDraw = True
39.8185 	EXP 	whiteTrial: autoDraw = True
39.8185 	EXP 	TrialPicture: autoDraw = True
39.8185 	EXP 	green_1: autoDraw = True
39.8185 	EXP 	red_1: autoDraw = True
40.8193 	EXP 	blackTrial: autoDraw = False
40.8193 	EXP 	whiteTrial: autoDraw = False
40.8193 	EXP 	TrialPicture: autoDraw = False
40.8193 	EXP 	green_1: autoDraw = False
40.8193 	EXP 	red_1: autoDraw = False
40.8193 	EXP 	blackTrial: autoDraw = False
40.8193 	EXP 	whiteTrial: autoDraw = False
40.8193 	EXP 	TrialPicture: autoDraw = False
40.8193 	EXP 	green_1: autoDraw = False
40.8193 	EXP 	red_1: autoDraw = False
40.8193 	EXP 	whiteWaitInterTrial_2: size = array([0.75, 1.  ])
40.8193 	EXP 	blackWaitInterTrial_2: autoDraw = True
40.8193 	EXP 	whiteWaitInterTrial_2: autoDraw = True
40.8193 	EXP 	green_fb_1: autoDraw = True
40.8193 	EXP 	red_fb_1: autoDraw = True
42.4080 	EXP 	New trial (rep=7, index=0): None
42.4374 	EXP 	blackWaitInterTrial_2: autoDraw = False
42.4374 	EXP 	whiteWaitInterTrial_2: autoDraw = False
42.4374 	EXP 	green_fb_1: autoDraw = False
42.4374 	EXP 	red_fb_1: autoDraw = False
42.4374 	EXP 	blackWaitInterTrial_2: autoDraw = False
42.4374 	EXP 	whiteWaitInterTrial_2: autoDraw = False
42.4374 	EXP 	green_fb_1: autoDraw = False
42.4374 	EXP 	red_fb_1: autoDraw = False
42.4374 	EXP 	TrialPicture: size = array([0.75, 1.  ])
42.4374 	EXP 	TrialPicture: image = './stimuli/images/186.bmp'
42.4374 	EXP 	blackTrial: autoDraw = True
42.4374 	EXP 	whiteTrial: autoDraw = True
42.4374 	EXP 	TrialPicture: autoDraw = True
42.4374 	EXP 	green_1: autoDraw = True
42.4374 	EXP 	red_1: autoDraw = True
43.4382 	EXP 	blackTrial: autoDraw = False
43.4382 	EXP 	whiteTrial: autoDraw = False
43.4382 	EXP 	TrialPicture: autoDraw = False
43.4382 	EXP 	green_1: autoDraw = False
43.4382 	EXP 	red_1: autoDraw = False
43.4382 	EXP 	blackTrial: autoDraw = False
43.4382 	EXP 	whiteTrial: autoDraw = False
43.4382 	EXP 	TrialPicture: autoDraw = False
43.4382 	EXP 	green_1: autoDraw = False
43.4382 	EXP 	red_1: autoDraw = False
43.4382 	EXP 	whiteWaitInterTrial_2: size = array([0.75, 1.  ])
43.4382 	EXP 	blackWaitInterTrial_2: autoDraw = True
43.4382 	EXP 	whiteWaitInterTrial_2: autoDraw = True
43.4382 	EXP 	green_fb_1: autoDraw = True
43.4382 	EXP 	red_fb_1: autoDraw = True
45.1265 	EXP 	New trial (rep=8, index=0): None
45.1397 	EXP 	blackWaitInterTrial_2: autoDraw = False
45.1397 	EXP 	whiteWaitInterTrial_2: autoDraw = False
45.1397 	EXP 	green_fb_1: autoDraw = False
45.1397 	EXP 	red_fb_1: autoDraw = False
45.1397 	EXP 	blackWaitInterTrial_2: autoDraw = False
45.1397 	EXP 	whiteWaitInterTrial_2: autoDraw = False
45.1397 	EXP 	green_fb_1: autoDraw = False
45.1397 	EXP 	red_fb_1: autoDraw = False
45.1397 	EXP 	TrialPicture: size = array([0.75, 1.  ])
45.1397 	EXP 	TrialPicture: image = './stimuli/images/205.bmp'
45.1397 	EXP 	blackTrial: autoDraw = True
45.1397 	EXP 	whiteTrial: autoDraw = True
45.1397 	EXP 	TrialPicture: autoDraw = True
45.1397 	EXP 	green_1: autoDraw = True
45.1397 	EXP 	red_1: autoDraw = True
46.1407 	EXP 	blackTrial: autoDraw = False
46.1407 	EXP 	whiteTrial: autoDraw = False
46.1407 	EXP 	TrialPicture: autoDraw = False
46.1407 	EXP 	green_1: autoDraw = False
46.1407 	EXP 	red_1: autoDraw = False
46.1407 	EXP 	blackTrial: autoDraw = False
46.1407 	EXP 	whiteTrial: autoDraw = False
46.1407 	EXP 	TrialPicture: autoDraw = False
46.1407 	EXP 	green_1: autoDraw = False
46.1407 	EXP 	red_1: autoDraw = False
46.1407 	EXP 	whiteWaitInterTrial_2: size = array([0.75, 1.  ])
46.1407 	EXP 	blackWaitInterTrial_2: autoDraw = True
46.1407 	EXP 	whiteWaitInterTrial_2: autoDraw = True
46.1407 	EXP 	green_fb_1: autoDraw = True
46.1407 	EXP 	red_fb_1: autoDraw = True
47.9287 	EXP 	New trial (rep=9, index=0): None
47.9589 	EXP 	blackWaitInterTrial_2: autoDraw = False
47.9589 	EXP 	whiteWaitInterTrial_2: autoDraw = False
47.9589 	EXP 	green_fb_1: autoDraw = False
47.9589 	EXP 	red_fb_1: autoDraw = False
47.9589 	EXP 	blackWaitInterTrial_2: autoDraw = False
47.9589 	EXP 	whiteWaitInterTrial_2: autoDraw = False
47.9589 	EXP 	green_fb_1: autoDraw = False
47.9589 	EXP 	red_fb_1: autoDraw = False
47.9589 	EXP 	TrialPicture: size = array([0.75, 1.  ])
47.9589 	EXP 	TrialPicture: image = './stimuli/images/149.bmp'
47.9589 	EXP 	blackTrial: autoDraw = True
47.9589 	EXP 	whiteTrial: autoDraw = True
47.9589 	EXP 	TrialPicture: autoDraw = True
47.9589 	EXP 	green_1: autoDraw = True
47.9589 	EXP 	red_1: autoDraw = True
48.9597 	EXP 	blackTrial: autoDraw = False
48.9597 	EXP 	whiteTrial: autoDraw = False
48.9597 	EXP 	TrialPicture: autoDraw = False
48.9597 	EXP 	green_1: autoDraw = False
48.9597 	EXP 	red_1: autoDraw = False
48.9597 	EXP 	blackTrial: autoDraw = False
48.9597 	EXP 	whiteTrial: autoDraw = False
48.9597 	EXP 	TrialPicture: autoDraw = False
48.9597 	EXP 	green_1: autoDraw = False
48.9597 	EXP 	red_1: autoDraw = False
48.9597 	EXP 	whiteWaitInterTrial_2: size = array([0.75, 1.  ])
48.9597 	EXP 	blackWaitInterTrial_2: autoDraw = True
48.9597 	EXP 	whiteWaitInterTrial_2: autoDraw = True
48.9597 	EXP 	green_fb_1: autoDraw = True
48.9597 	EXP 	red_fb_1: autoDraw = True
50.5470 	EXP 	New trial (rep=10, index=0): None
50.5611 	EXP 	blackWaitInterTrial_2: autoDraw = False
50.5611 	EXP 	whiteWaitInterTrial_2: autoDraw = False
50.5611 	EXP 	green_fb_1: autoDraw = False
50.5611 	EXP 	red_fb_1: autoDraw = False
50.5611 	EXP 	blackWaitInterTrial_2: autoDraw = False
50.5611 	EXP 	whiteWaitInterTrial_2: autoDraw = False
50.5611 	EXP 	green_fb_1: autoDraw = False
50.5611 	EXP 	red_fb_1: autoDraw = False
50.5611 	EXP 	TrialPicture: size = array([0.75, 1.  ])
50.5611 	EXP 	TrialPicture: image = './stimuli/images/149.bmp'
50.5611 	EXP 	blackTrial: autoDraw = True
50.5611 	EXP 	whiteTrial: autoDraw = True
50.5611 	EXP 	TrialPicture: autoDraw = True
50.5611 	EXP 	green_1: autoDraw = True
50.5611 	EXP 	red_1: autoDraw = True
51.5620 	EXP 	blackTrial: autoDraw = False
51.5620 	EXP 	whiteTrial: autoDraw = False
51.5620 	EXP 	TrialPicture: autoDraw = False
51.5620 	EXP 	green_1: autoDraw = False
51.5620 	EXP 	red_1: autoDraw = False
51.5620 	EXP 	blackTrial: autoDraw = False
51.5620 	EXP 	whiteTrial: autoDraw = False
51.5620 	EXP 	TrialPicture: autoDraw = False
51.5620 	EXP 	green_1: autoDraw = False
51.5620 	EXP 	red_1: autoDraw = False
51.5620 	EXP 	whiteWaitInterTrial_2: size = array([0.75, 1.  ])
51.5620 	EXP 	blackWaitInterTrial_2: autoDraw = True
51.5620 	EXP 	whiteWaitInterTrial_2: autoDraw = True
51.5620 	EXP 	green_fb_1: autoDraw = True
51.5620 	EXP 	red_fb_1: autoDraw = True
53.2511 	EXP 	New trial (rep=11, index=0): None
53.2802 	EXP 	blackWaitInterTrial_2: autoDraw = False
53.2802 	EXP 	whiteWaitInterTrial_2: autoDraw = False
53.2802 	EXP 	green_fb_1: autoDraw = False
53.2802 	EXP 	red_fb_1: autoDraw = False
53.2802 	EXP 	blackWaitInterTrial_2: autoDraw = False
53.2802 	EXP 	whiteWaitInterTrial_2: autoDraw = False
53.2802 	EXP 	green_fb_1: autoDraw = False
53.2802 	EXP 	red_fb_1: autoDraw = False
53.2802 	EXP 	TrialPicture: size = array([0.75, 1.  ])
53.2802 	EXP 	TrialPicture: image = './stimuli/images/186.bmp'
53.2802 	EXP 	blackTrial: autoDraw = True
53.2802 	EXP 	whiteTrial: autoDraw = True
53.2802 	EXP 	TrialPicture: autoDraw = True
53.2802 	EXP 	green_1: autoDraw = True
53.2802 	EXP 	red_1: autoDraw = True
54.2811 	EXP 	blackTrial: autoDraw = False
54.2811 	EXP 	whiteTrial: autoDraw = False
54.2811 	EXP 	TrialPicture: autoDraw = False
54.2811 	EXP 	green_1: autoDraw = False
54.2811 	EXP 	red_1: autoDraw = False
54.2811 	EXP 	blackTrial: autoDraw = False
54.2811 	EXP 	whiteTrial: autoDraw = False
54.2811 	EXP 	TrialPicture: autoDraw = False
54.2811 	EXP 	green_1: autoDraw = False
54.2811 	EXP 	red_1: autoDraw = False
54.2811 	EXP 	whiteWaitInterTrial_2: size = array([0.75, 1.  ])
54.2811 	EXP 	blackWaitInterTrial_2: autoDraw = True
54.2811 	EXP 	whiteWaitInterTrial_2: autoDraw = True
54.2811 	EXP 	green_fb_1: autoDraw = True
54.2811 	EXP 	red_fb_1: autoDraw = True
55.9693 	EXP 	New trial (rep=12, index=0): None
55.9825 	EXP 	blackWaitInterTrial_2: autoDraw = False
55.9825 	EXP 	whiteWaitInterTrial_2: autoDraw = False
55.9825 	EXP 	green_fb_1: autoDraw = False
55.9825 	EXP 	red_fb_1: autoDraw = False
55.9825 	EXP 	blackWaitInterTrial_2: autoDraw = False
55.9825 	EXP 	whiteWaitInterTrial_2: autoDraw = False
55.9825 	EXP 	green_fb_1: autoDraw = False
55.9825 	EXP 	red_fb_1: autoDraw = False
55.9825 	EXP 	TrialPicture: size = array([0.75, 1.  ])
55.9825 	EXP 	TrialPicture: image = './stimuli/images/142.bmp'
55.9825 	EXP 	blackTrial: autoDraw = True
55.9825 	EXP 	whiteTrial: autoDraw = True
55.9825 	EXP 	TrialPicture: autoDraw = True
55.9825 	EXP 	green_1: autoDraw = True
55.9825 	EXP 	red_1: autoDraw = True
56.9834 	EXP 	blackTrial: autoDraw = False
56.9834 	EXP 	whiteTrial: autoDraw = False
56.9834 	EXP 	TrialPicture: autoDraw = False
56.9834 	EXP 	green_1: autoDraw = False
56.9834 	EXP 	red_1: autoDraw = False
56.9834 	EXP 	blackTrial: autoDraw = False
56.9834 	EXP 	whiteTrial: autoDraw = False
56.9834 	EXP 	TrialPicture: autoDraw = False
56.9834 	EXP 	green_1: autoDraw = False
56.9834 	EXP 	red_1: autoDraw = False
56.9834 	EXP 	whiteWaitInterTrial_2: size = array([0.75, 1.  ])
56.9834 	EXP 	blackWaitInterTrial_2: autoDraw = True
56.9834 	EXP 	whiteWaitInterTrial_2: autoDraw = True
56.9834 	EXP 	green_fb_1: autoDraw = True
56.9834 	EXP 	red_fb_1: autoDraw = True
58.5712 	EXP 	New trial (rep=13, index=0): None
58.6015 	EXP 	blackWaitInterTrial_2: autoDraw = False
58.6015 	EXP 	whiteWaitInterTrial_2: autoDraw = False
58.6015 	EXP 	green_fb_1: autoDraw = False
58.6015 	EXP 	red_fb_1: autoDraw = False
58.6015 	EXP 	blackWaitInterTrial_2: autoDraw = False
58.6015 	EXP 	whiteWaitInterTrial_2: autoDraw = False
58.6015 	EXP 	green_fb_1: autoDraw = False
58.6015 	EXP 	red_fb_1: autoDraw = False
58.6015 	EXP 	TrialPicture: size = array([0.75, 1.  ])
58.6015 	EXP 	TrialPicture: image = './stimuli/images/186.bmp'
58.6015 	EXP 	blackTrial: autoDraw = True
58.6015 	EXP 	whiteTrial: autoDraw = True
58.6015 	EXP 	TrialPicture: autoDraw = True
58.6015 	EXP 	green_1: autoDraw = True
58.6015 	EXP 	red_1: autoDraw = True
59.6024 	EXP 	blackTrial: autoDraw = False
59.6024 	EXP 	whiteTrial: autoDraw = False
59.6024 	EXP 	TrialPicture: autoDraw = False
59.6024 	EXP 	green_1: autoDraw = False
59.6024 	EXP 	red_1: autoDraw = False
59.6024 	EXP 	blackTrial: autoDraw = False
59.6024 	EXP 	whiteTrial: autoDraw = False
59.6024 	EXP 	TrialPicture: autoDraw = False
59.6024 	EXP 	green_1: autoDraw = False
59.6024 	EXP 	red_1: autoDraw = False
59.6024 	EXP 	whiteWaitInterTrial_2: size = array([0.75, 1.  ])
59.6024 	EXP 	blackWaitInterTrial_2: autoDraw = True
59.6024 	EXP 	whiteWaitInterTrial_2: autoDraw = True
59.6024 	EXP 	green_fb_1: autoDraw = True
59.6024 	EXP 	red_fb_1: autoDraw = True
61.3926 	EXP 	New trial (rep=14, index=0): None
61.4206 	EXP 	blackWaitInterTrial_2: autoDraw = False
61.4206 	EXP 	whiteWaitInterTrial_2: autoDraw = False
61.4206 	EXP 	green_fb_1: autoDraw = False
61.4206 	EXP 	red_fb_1: autoDraw = False
61.4206 	EXP 	blackWaitInterTrial_2: autoDraw = False
61.4206 	EXP 	whiteWaitInterTrial_2: autoDraw = False
61.4206 	EXP 	green_fb_1: autoDraw = False
61.4206 	EXP 	red_fb_1: autoDraw = False
61.4206 	EXP 	TrialPicture: size = array([0.75, 1.  ])
61.4206 	EXP 	TrialPicture: image = './stimuli/images/205.bmp'
61.4206 	EXP 	blackTrial: autoDraw = True
61.4206 	EXP 	whiteTrial: autoDraw = True
61.4206 	EXP 	TrialPicture: autoDraw = True
61.4206 	EXP 	green_1: autoDraw = True
61.4206 	EXP 	red_1: autoDraw = True
62.4215 	EXP 	blackTrial: autoDraw = False
62.4215 	EXP 	whiteTrial: autoDraw = False
62.4215 	EXP 	TrialPicture: autoDraw = False
62.4215 	EXP 	green_1: autoDraw = False
62.4215 	EXP 	red_1: autoDraw = False
62.4215 	EXP 	blackTrial: autoDraw = False
62.4215 	EXP 	whiteTrial: autoDraw = False
62.4215 	EXP 	TrialPicture: autoDraw = False
62.4215 	EXP 	green_1: autoDraw = False
62.4215 	EXP 	red_1: autoDraw = False
62.4215 	EXP 	whiteWaitInterTrial_2: size = array([0.75, 1.  ])
62.4215 	EXP 	blackWaitInterTrial_2: autoDraw = True
62.4215 	EXP 	whiteWaitInterTrial_2: autoDraw = True
62.4215 	EXP 	green_fb_1: autoDraw = True
62.4215 	EXP 	red_fb_1: autoDraw = True
64.0089 	EXP 	New trial (rep=15, index=0): None
64.0228 	EXP 	blackWaitInterTrial_2: autoDraw = False
64.0228 	EXP 	whiteWaitInterTrial_2: autoDraw = False
64.0228 	EXP 	green_fb_1: autoDraw = False
64.0228 	EXP 	red_fb_1: autoDraw = False
64.0228 	EXP 	blackWaitInterTrial_2: autoDraw = False
64.0228 	EXP 	whiteWaitInterTrial_2: autoDraw = False
64.0228 	EXP 	green_fb_1: autoDraw = False
64.0228 	EXP 	red_fb_1: autoDraw = False
64.0228 	EXP 	TrialPicture: size = array([0.75, 1.  ])
64.0228 	EXP 	TrialPicture: image = './stimuli/images/149.bmp'
64.0228 	EXP 	blackTrial: autoDraw = True
64.0228 	EXP 	whiteTrial: autoDraw = True
64.0228 	EXP 	TrialPicture: autoDraw = True
64.0228 	EXP 	green_1: autoDraw = True
64.0228 	EXP 	red_1: autoDraw = True
65.0238 	EXP 	blackTrial: autoDraw = False
65.0238 	EXP 	whiteTrial: autoDraw = False
65.0238 	EXP 	TrialPicture: autoDraw = False
65.0238 	EXP 	green_1: autoDraw = False
65.0238 	EXP 	red_1: autoDraw = False
65.0238 	EXP 	blackTrial: autoDraw = False
65.0238 	EXP 	whiteTrial: autoDraw = False
65.0238 	EXP 	TrialPicture: autoDraw = False
65.0238 	EXP 	green_1: autoDraw = False
65.0238 	EXP 	red_1: autoDraw = False
65.0238 	EXP 	whiteWaitInterTrial_2: size = array([0.75, 1.  ])
65.0238 	EXP 	blackWaitInterTrial_2: autoDraw = True
65.0238 	EXP 	whiteWaitInterTrial_2: autoDraw = True
65.0238 	EXP 	green_fb_1: autoDraw = True
65.0238 	EXP 	red_fb_1: autoDraw = True
66.7124 	EXP 	New trial (rep=16, index=0): None
66.7419 	EXP 	blackWaitInterTrial_2: autoDraw = False
66.7419 	EXP 	whiteWaitInterTrial_2: autoDraw = False
66.7419 	EXP 	green_fb_1: autoDraw = False
66.7419 	EXP 	red_fb_1: autoDraw = False
66.7419 	EXP 	blackWaitInterTrial_2: autoDraw = False
66.7419 	EXP 	whiteWaitInterTrial_2: autoDraw = False
66.7419 	EXP 	green_fb_1: autoDraw = False
66.7419 	EXP 	red_fb_1: autoDraw = False
66.7419 	EXP 	TrialPicture: size = array([0.75, 1.  ])
66.7419 	EXP 	TrialPicture: image = './stimuli/images/142.bmp'
66.7419 	EXP 	blackTrial: autoDraw = True
66.7419 	EXP 	whiteTrial: autoDraw = True
66.7419 	EXP 	TrialPicture: autoDraw = True
66.7419 	EXP 	green_1: autoDraw = True
66.7419 	EXP 	red_1: autoDraw = True
67.7428 	EXP 	blackTrial: autoDraw = False
67.7428 	EXP 	whiteTrial: autoDraw = False
67.7428 	EXP 	TrialPicture: autoDraw = False
67.7428 	EXP 	green_1: autoDraw = False
67.7428 	EXP 	red_1: autoDraw = False
67.7428 	EXP 	blackTrial: autoDraw = False
67.7428 	EXP 	whiteTrial: autoDraw = False
67.7428 	EXP 	TrialPicture: autoDraw = False
67.7428 	EXP 	green_1: autoDraw = False
67.7428 	EXP 	red_1: autoDraw = False
67.7428 	EXP 	whiteWaitInterTrial_2: size = array([0.75, 1.  ])
67.7428 	EXP 	blackWaitInterTrial_2: autoDraw = True
67.7428 	EXP 	whiteWaitInterTrial_2: autoDraw = True
67.7428 	EXP 	green_fb_1: autoDraw = True
67.7428 	EXP 	red_fb_1: autoDraw = True
69.5328 	EXP 	New trial (rep=17, index=0): None
69.5611 	EXP 	blackWaitInterTrial_2: autoDraw = False
69.5611 	EXP 	whiteWaitInterTrial_2: autoDraw = False
69.5611 	EXP 	green_fb_1: autoDraw = False
69.5611 	EXP 	red_fb_1: autoDraw = False
69.5611 	EXP 	blackWaitInterTrial_2: autoDraw = False
69.5611 	EXP 	whiteWaitInterTrial_2: autoDraw = False
69.5611 	EXP 	green_fb_1: autoDraw = False
69.5611 	EXP 	red_fb_1: autoDraw = False
69.5611 	EXP 	TrialPicture: size = array([0.75, 1.  ])
69.5611 	EXP 	TrialPicture: image = './stimuli/images/205.bmp'
69.5611 	EXP 	blackTrial: autoDraw = True
69.5611 	EXP 	whiteTrial: autoDraw = True
69.5611 	EXP 	TrialPicture: autoDraw = True
69.5611 	EXP 	green_1: autoDraw = True
69.5611 	EXP 	red_1: autoDraw = True
70.5619 	EXP 	blackTrial: autoDraw = False
70.5619 	EXP 	whiteTrial: autoDraw = False
70.5619 	EXP 	TrialPicture: autoDraw = False
70.5619 	EXP 	green_1: autoDraw = False
70.5619 	EXP 	red_1: autoDraw = False
70.5619 	EXP 	blackTrial: autoDraw = False
70.5619 	EXP 	whiteTrial: autoDraw = False
70.5619 	EXP 	TrialPicture: autoDraw = False
70.5619 	EXP 	green_1: autoDraw = False
70.5619 	EXP 	red_1: autoDraw = False
70.5619 	EXP 	whiteWaitInterTrial_2: size = array([0.75, 1.  ])
70.5619 	EXP 	blackWaitInterTrial_2: autoDraw = True
70.5619 	EXP 	whiteWaitInterTrial_2: autoDraw = True
70.5619 	EXP 	green_fb_1: autoDraw = True
70.5619 	EXP 	red_fb_1: autoDraw = True
72.1504 	EXP 	New trial (rep=18, index=0): None
72.1800 	EXP 	blackWaitInterTrial_2: autoDraw = False
72.1800 	EXP 	whiteWaitInterTrial_2: autoDraw = False
72.1800 	EXP 	green_fb_1: autoDraw = False
72.1800 	EXP 	red_fb_1: autoDraw = False
72.1800 	EXP 	blackWaitInterTrial_2: autoDraw = False
72.1800 	EXP 	whiteWaitInterTrial_2: autoDraw = False
72.1800 	EXP 	green_fb_1: autoDraw = False
72.1800 	EXP 	red_fb_1: autoDraw = False
72.1800 	EXP 	TrialPicture: size = array([0.75, 1.  ])
72.1800 	EXP 	TrialPicture: image = './stimuli/images/149.bmp'
72.1800 	EXP 	blackTrial: autoDraw = True
72.1800 	EXP 	whiteTrial: autoDraw = True
72.1800 	EXP 	TrialPicture: autoDraw = True
72.1800 	EXP 	green_1: autoDraw = True
72.1800 	EXP 	red_1: autoDraw = True
73.1808 	EXP 	blackTrial: autoDraw = False
73.1808 	EXP 	whiteTrial: autoDraw = False
73.1808 	EXP 	TrialPicture: autoDraw = False
73.1808 	EXP 	green_1: autoDraw = False
73.1808 	EXP 	red_1: autoDraw = False
73.1808 	EXP 	blackTrial: autoDraw = False
73.1808 	EXP 	whiteTrial: autoDraw = False
73.1808 	EXP 	TrialPicture: autoDraw = False
73.1808 	EXP 	green_1: autoDraw = False
73.1808 	EXP 	red_1: autoDraw = False
73.1808 	EXP 	whiteWaitInterTrial_2: size = array([0.75, 1.  ])
73.1808 	EXP 	blackWaitInterTrial_2: autoDraw = True
73.1808 	EXP 	whiteWaitInterTrial_2: autoDraw = True
73.1808 	EXP 	green_fb_1: autoDraw = True
73.1808 	EXP 	red_fb_1: autoDraw = True
74.8694 	EXP 	New trial (rep=19, index=0): None
74.8990 	EXP 	blackWaitInterTrial_2: autoDraw = False
74.8990 	EXP 	whiteWaitInterTrial_2: autoDraw = False
74.8990 	EXP 	green_fb_1: autoDraw = False
74.8990 	EXP 	red_fb_1: autoDraw = False
74.8990 	EXP 	blackWaitInterTrial_2: autoDraw = False
74.8990 	EXP 	whiteWaitInterTrial_2: autoDraw = False
74.8990 	EXP 	green_fb_1: autoDraw = False
74.8990 	EXP 	red_fb_1: autoDraw = False
74.8990 	EXP 	TrialPicture: size = array([0.75, 1.  ])
74.8990 	EXP 	TrialPicture: image = './stimuli/images/186.bmp'
74.8990 	EXP 	blackTrial: autoDraw = True
74.8990 	EXP 	whiteTrial: autoDraw = True
74.8990 	EXP 	TrialPicture: autoDraw = True
74.8990 	EXP 	green_1: autoDraw = True
74.8990 	EXP 	red_1: autoDraw = True
75.9000 	EXP 	blackTrial: autoDraw = False
75.9000 	EXP 	whiteTrial: autoDraw = False
75.9000 	EXP 	TrialPicture: autoDraw = False
75.9000 	EXP 	green_1: autoDraw = False
75.9000 	EXP 	red_1: autoDraw = False
75.9000 	EXP 	blackTrial: autoDraw = False
75.9000 	EXP 	whiteTrial: autoDraw = False
75.9000 	EXP 	TrialPicture: autoDraw = False
75.9000 	EXP 	green_1: autoDraw = False
75.9000 	EXP 	red_1: autoDraw = False
75.9000 	EXP 	whiteWaitInterTrial_2: size = array([0.75, 1.  ])
75.9000 	EXP 	blackWaitInterTrial_2: autoDraw = True
75.9000 	EXP 	whiteWaitInterTrial_2: autoDraw = True
75.9000 	EXP 	green_fb_1: autoDraw = True
75.9000 	EXP 	red_fb_1: autoDraw = True
77.6013 	EXP 	blackWaitInterTrial_2: autoDraw = False
77.6013 	EXP 	whiteWaitInterTrial_2: autoDraw = False
77.6013 	EXP 	green_fb_1: autoDraw = False
77.6013 	EXP 	red_fb_1: autoDraw = False
77.6013 	EXP 	blackWaitInterTrial_2: autoDraw = False
77.6013 	EXP 	whiteWaitInterTrial_2: autoDraw = False
77.6013 	EXP 	green_fb_1: autoDraw = False
77.6013 	EXP 	red_fb_1: autoDraw = False
77.6013 	EXP 	fixationImage: size = array([0.75, 1.  ])
77.6013 	EXP 	fixation: autoDraw = True
77.6013 	EXP 	fixationImage: autoDraw = True
79.6031 	EXP 	fixation: autoDraw = False
79.6031 	EXP 	fixationImage: autoDraw = False
79.6031 	EXP 	fixation: autoDraw = False
79.6031 	EXP 	fixationImage: autoDraw = False
79.6031 	EXP 	polygon_end: autoDraw = True
79.6031 	EXP 	end_text: autoDraw = True
81.6096 	WARNING 	Hamming was requested using the 'pygame' sound library but hamming is not supported there.
81.6098 	EXP 	Set sound_1 sound=./lib/sound/bird.wav
81.6098 	WARNING 	Hamming was requested using the 'pygame' sound library but hamming is not supported there.
81.6099 	EXP 	Set sound_2 sound=./lib/sound/bang.wav
81.6383 	EXP 	polygon_end: autoDraw = False
81.6383 	EXP 	end_text: autoDraw = False
81.6383 	EXP 	polygon_15: autoDraw = True
81.6383 	EXP 	descriptionText_15: autoDraw = True
109.6203 	DATA 	Keypress: space
109.6293 	EXP 	polygon_15: autoDraw = False
109.6293 	EXP 	descriptionText_15: autoDraw = False
109.6293 	EXP 	fixationImage10: size = array([0.75, 1.  ])
109.6293 	EXP 	fixation10: autoDraw = True
109.6293 	EXP 	fixationImage10: autoDraw = True
109.6293 	EXP 	text: autoDraw = True
110.6134 	EXP 	text_2: autoDraw = True
110.6301 	EXP 	text: autoDraw = False
111.6143 	EXP 	text_2: autoDraw = False
111.6143 	EXP 	text_3: autoDraw = True
112.6153 	EXP 	text_3: autoDraw = False
112.6175 	EXP 	Created sequence: sequential, trialTypes=1, nReps=1, seed=None
112.6177 	EXP 	New trial (rep=0, index=0): None
112.6652 	EXP 	fixation10: autoDraw = False
112.6652 	EXP 	fixationImage10: autoDraw = False
112.6652 	EXP 	fixation10: autoDraw = False
112.6652 	EXP 	fixationImage10: autoDraw = False
112.6652 	EXP 	text: autoDraw = False
112.6652 	EXP 	text_2: autoDraw = False
112.6652 	EXP 	text_3: autoDraw = False
112.6652 	EXP 	greenProc_2: size = array([1.6, 1.2])
112.6652 	EXP 	ProcTarget_2: size = array([0.75, 1.  ])
112.6652 	EXP 	ProcTarget_2: image = './stimuli/images/061.bmp'
112.6652 	EXP 	ProcPicture_2: size = array([0.75, 1.  ])
112.6652 	EXP 	ProcPicture_2: image = './stimuli/images/008.bmp'
112.6652 	EXP 	blackProc_2: autoDraw = True
112.6652 	EXP 	greenProc_2: autoDraw = True
112.6652 	EXP 	ProcTarget_2: autoDraw = True
112.6652 	EXP 	ProcPicture_2: autoDraw = True
116.1683 	EXP 	blackProc_2: autoDraw = False
116.1683 	EXP 	greenProc_2: autoDraw = False
116.1683 	EXP 	ProcTarget_2: autoDraw = False
116.1683 	EXP 	ProcPicture_2: autoDraw = False
116.1683 	EXP 	blackProc_2: autoDraw = False
116.1683 	EXP 	greenProc_2: autoDraw = False
116.1683 	EXP 	ProcTarget_2: autoDraw = False
116.1683 	EXP 	ProcPicture_2: autoDraw = False
116.1683 	EXP 	whiteWaitInterTrial_3: size = array([0.75, 1.  ])
116.1683 	EXP 	blackWaitInterTrial_3: autoDraw = True
116.1683 	EXP 	whiteWaitInterTrial_3: autoDraw = True
117.6555 	EXP 	Created sequence: sequential, trialTypes=1, nReps=20, seed=None
117.6558 	EXP 	New trial (rep=0, index=0): None
117.6863 	EXP 	blackWaitInterTrial_3: autoDraw = False
117.6863 	EXP 	whiteWaitInterTrial_3: autoDraw = False
117.6863 	EXP 	blackWaitInterTrial_3: autoDraw = False
117.6863 	EXP 	whiteWaitInterTrial_3: autoDraw = False
117.6863 	EXP 	TrialPicture_2: size = array([0.75, 1.  ])
117.6863 	EXP 	TrialPicture_2: image = './stimuli/images/152.bmp'
117.6863 	EXP 	blackTrial_2: autoDraw = True
117.6863 	EXP 	whiteTrial_2: autoDraw = True
117.6863 	EXP 	TrialPicture_2: autoDraw = True
117.6863 	EXP 	green_2: autoDraw = True
117.6863 	EXP 	red_2: autoDraw = True
118.6873 	EXP 	blackTrial_2: autoDraw = False
118.6873 	EXP 	whiteTrial_2: autoDraw = False
118.6873 	EXP 	TrialPicture_2: autoDraw = False
118.6873 	EXP 	green_2: autoDraw = False
118.6873 	EXP 	red_2: autoDraw = False
118.6873 	EXP 	blackTrial_2: autoDraw = False
118.6873 	EXP 	whiteTrial_2: autoDraw = False
118.6873 	EXP 	TrialPicture_2: autoDraw = False
118.6873 	EXP 	green_2: autoDraw = False
118.6873 	EXP 	red_2: autoDraw = False
118.6873 	EXP 	whiteWaitInterTrial_4: size = array([0.75, 1.  ])
118.6873 	EXP 	blackWaitInterTrial_4: autoDraw = True
118.6873 	EXP 	whiteWaitInterTrial_4: autoDraw = True
118.6873 	EXP 	green_fb_2: autoDraw = True
118.6873 	EXP 	red_fb_2: autoDraw = True
120.4778 	EXP 	New trial (rep=1, index=0): None
120.5055 	EXP 	blackWaitInterTrial_4: autoDraw = False
120.5055 	EXP 	whiteWaitInterTrial_4: autoDraw = False
120.5055 	EXP 	green_fb_2: autoDraw = False
120.5055 	EXP 	red_fb_2: autoDraw = False
120.5055 	EXP 	blackWaitInterTrial_4: autoDraw = False
120.5055 	EXP 	whiteWaitInterTrial_4: autoDraw = False
120.5055 	EXP 	green_fb_2: autoDraw = False
120.5055 	EXP 	red_fb_2: autoDraw = False
120.5055 	EXP 	TrialPicture_2: size = array([0.75, 1.  ])
120.5055 	EXP 	TrialPicture_2: image = './stimuli/images/061.bmp'
120.5055 	EXP 	blackTrial_2: autoDraw = True
120.5055 	EXP 	whiteTrial_2: autoDraw = True
120.5055 	EXP 	TrialPicture_2: autoDraw = True
120.5055 	EXP 	green_2: autoDraw = True
120.5055 	EXP 	red_2: autoDraw = True
121.5063 	EXP 	blackTrial_2: autoDraw = False
121.5063 	EXP 	whiteTrial_2: autoDraw = False
121.5063 	EXP 	TrialPicture_2: autoDraw = False
121.5063 	EXP 	green_2: autoDraw = False
121.5063 	EXP 	red_2: autoDraw = False
121.5063 	EXP 	blackTrial_2: autoDraw = False
121.5063 	EXP 	whiteTrial_2: autoDraw = False
121.5063 	EXP 	TrialPicture_2: autoDraw = False
121.5063 	EXP 	green_2: autoDraw = False
121.5063 	EXP 	red_2: autoDraw = False
121.5063 	EXP 	whiteWaitInterTrial_4: size = array([0.75, 1.  ])
121.5063 	EXP 	blackWaitInterTrial_4: autoDraw = True
121.5063 	EXP 	whiteWaitInterTrial_4: autoDraw = True
121.5063 	EXP 	green_fb_2: autoDraw = True
121.5063 	EXP 	red_fb_2: autoDraw = True
123.2944 	EXP 	New trial (rep=2, index=0): None
123.3245 	EXP 	blackWaitInterTrial_4: autoDraw = False
123.3245 	EXP 	whiteWaitInterTrial_4: autoDraw = False
123.3245 	EXP 	green_fb_2: autoDraw = False
123.3245 	EXP 	red_fb_2: autoDraw = False
123.3245 	EXP 	blackWaitInterTrial_4: autoDraw = False
123.3245 	EXP 	whiteWaitInterTrial_4: autoDraw = False
123.3245 	EXP 	green_fb_2: autoDraw = False
123.3245 	EXP 	red_fb_2: autoDraw = False
123.3245 	EXP 	TrialPicture_2: size = array([0.75, 1.  ])
123.3245 	EXP 	TrialPicture_2: image = './stimuli/images/008.bmp'
123.3245 	EXP 	blackTrial_2: autoDraw = True
123.3245 	EXP 	whiteTrial_2: autoDraw = True
123.3245 	EXP 	TrialPicture_2: autoDraw = True
123.3245 	EXP 	green_2: autoDraw = True
123.3245 	EXP 	red_2: autoDraw = True
124.3254 	EXP 	blackTrial_2: autoDraw = False
124.3254 	EXP 	whiteTrial_2: autoDraw = False
124.3254 	EXP 	TrialPicture_2: autoDraw = False
124.3254 	EXP 	green_2: autoDraw = False
124.3254 	EXP 	red_2: autoDraw = False
124.3254 	EXP 	blackTrial_2: autoDraw = False
124.3254 	EXP 	whiteTrial_2: autoDraw = False
124.3254 	EXP 	TrialPicture_2: autoDraw = False
124.3254 	EXP 	green_2: autoDraw = False
124.3254 	EXP 	red_2: autoDraw = False
124.3254 	EXP 	whiteWaitInterTrial_4: size = array([0.75, 1.  ])
124.3254 	EXP 	blackWaitInterTrial_4: autoDraw = True
124.3254 	EXP 	whiteWaitInterTrial_4: autoDraw = True
124.3254 	EXP 	green_fb_2: autoDraw = True
124.3254 	EXP 	red_fb_2: autoDraw = True
126.0147 	EXP 	New trial (rep=3, index=0): None
126.0436 	EXP 	blackWaitInterTrial_4: autoDraw = False
126.0436 	EXP 	whiteWaitInterTrial_4: autoDraw = False
126.0436 	EXP 	green_fb_2: autoDraw = False
126.0436 	EXP 	red_fb_2: autoDraw = False
126.0436 	EXP 	blackWaitInterTrial_4: autoDraw = False
126.0436 	EXP 	whiteWaitInterTrial_4: autoDraw = False
126.0436 	EXP 	green_fb_2: autoDraw = False
126.0436 	EXP 	red_fb_2: autoDraw = False
126.0436 	EXP 	TrialPicture_2: size = array([0.75, 1.  ])
126.0436 	EXP 	TrialPicture_2: image = './stimuli/images/086.bmp'
126.0436 	EXP 	blackTrial_2: autoDraw = True
126.0436 	EXP 	whiteTrial_2: autoDraw = True
126.0436 	EXP 	TrialPicture_2: autoDraw = True
126.0436 	EXP 	green_2: autoDraw = True
126.0436 	EXP 	red_2: autoDraw = True
127.0444 	EXP 	blackTrial_2: autoDraw = False
127.0444 	EXP 	whiteTrial_2: autoDraw = False
127.0444 	EXP 	TrialPicture_2: autoDraw = False
127.0444 	EXP 	green_2: autoDraw = False
127.0444 	EXP 	red_2: autoDraw = False
127.0444 	EXP 	blackTrial_2: autoDraw = False
127.0444 	EXP 	whiteTrial_2: autoDraw = False
127.0444 	EXP 	TrialPicture_2: autoDraw = False
127.0444 	EXP 	green_2: autoDraw = False
127.0444 	EXP 	red_2: autoDraw = False
127.0444 	EXP 	whiteWaitInterTrial_4: size = array([0.75, 1.  ])
127.0444 	EXP 	blackWaitInterTrial_4: autoDraw = True
127.0444 	EXP 	whiteWaitInterTrial_4: autoDraw = True
127.0444 	EXP 	green_fb_2: autoDraw = True
127.0444 	EXP 	red_fb_2: autoDraw = True
128.7323 	EXP 	New trial (rep=4, index=0): None
128.7627 	EXP 	blackWaitInterTrial_4: autoDraw = False
128.7627 	EXP 	whiteWaitInterTrial_4: autoDraw = False
128.7627 	EXP 	green_fb_2: autoDraw = False
128.7627 	EXP 	red_fb_2: autoDraw = False
128.7627 	EXP 	blackWaitInterTrial_4: autoDraw = False
128.7627 	EXP 	whiteWaitInterTrial_4: autoDraw = False
128.7627 	EXP 	green_fb_2: autoDraw = False
128.7627 	EXP 	red_fb_2: autoDraw = False
128.7627 	EXP 	TrialPicture_2: size = array([0.75, 1.  ])
128.7627 	EXP 	TrialPicture_2: image = './stimuli/images/152.bmp'
128.7627 	EXP 	blackTrial_2: autoDraw = True
128.7627 	EXP 	whiteTrial_2: autoDraw = True
128.7627 	EXP 	TrialPicture_2: autoDraw = True
128.7627 	EXP 	green_2: autoDraw = True
128.7627 	EXP 	red_2: autoDraw = True
129.7636 	EXP 	blackTrial_2: autoDraw = False
129.7636 	EXP 	whiteTrial_2: autoDraw = False
129.7636 	EXP 	TrialPicture_2: autoDraw = False
129.7636 	EXP 	green_2: autoDraw = False
129.7636 	EXP 	red_2: autoDraw = False
129.7636 	EXP 	blackTrial_2: autoDraw = False
129.7636 	EXP 	whiteTrial_2: autoDraw = False
129.7636 	EXP 	TrialPicture_2: autoDraw = False
129.7636 	EXP 	green_2: autoDraw = False
129.7636 	EXP 	red_2: autoDraw = False
129.7636 	EXP 	whiteWaitInterTrial_4: size = array([0.75, 1.  ])
129.7636 	EXP 	blackWaitInterTrial_4: autoDraw = True
129.7636 	EXP 	whiteWaitInterTrial_4: autoDraw = True
129.7636 	EXP 	green_fb_2: autoDraw = True
129.7636 	EXP 	red_fb_2: autoDraw = True
130.5197 	DATA 	Keypress: l
131.0676 	DATA 	Keypress: l
131.3027 	DATA 	Keypress: l
131.3508 	EXP 	New trial (rep=5, index=0): None
131.3648 	EXP 	blackWaitInterTrial_4: autoDraw = False
131.3648 	EXP 	whiteWaitInterTrial_4: autoDraw = False
131.3648 	EXP 	green_fb_2: autoDraw = False
131.3648 	EXP 	red_fb_2: autoDraw = False
131.3648 	EXP 	blackWaitInterTrial_4: autoDraw = False
131.3648 	EXP 	whiteWaitInterTrial_4: autoDraw = False
131.3648 	EXP 	green_fb_2: autoDraw = False
131.3648 	EXP 	red_fb_2: autoDraw = False
131.3648 	EXP 	TrialPicture_2: size = array([0.75, 1.  ])
131.3648 	EXP 	TrialPicture_2: image = './stimuli/images/061.bmp'
131.3648 	EXP 	blackTrial_2: autoDraw = True
131.3648 	EXP 	whiteTrial_2: autoDraw = True
131.3648 	EXP 	TrialPicture_2: autoDraw = True
131.3648 	EXP 	green_2: autoDraw = True
131.3648 	EXP 	red_2: autoDraw = True
131.4663 	EXP 	Sound sound_2 started
131.4689 	DATA 	Keypress: l
131.6538 	DATA 	Keypress: l
132.3658 	EXP 	blackTrial_2: autoDraw = False
132.3658 	EXP 	whiteTrial_2: autoDraw = False
132.3658 	EXP 	TrialPicture_2: autoDraw = False
132.3658 	EXP 	green_2: autoDraw = False
132.3658 	EXP 	red_2: autoDraw = False
132.3658 	EXP 	blackTrial_2: autoDraw = False
132.3658 	EXP 	whiteTrial_2: autoDraw = False
132.3658 	EXP 	TrialPicture_2: autoDraw = False
132.3658 	EXP 	green_2: autoDraw = False
132.3658 	EXP 	red_2: autoDraw = False
132.3658 	EXP 	whiteWaitInterTrial_4: size = array([0.75, 1.  ])
132.3658 	EXP 	blackWaitInterTrial_4: autoDraw = True
132.3658 	EXP 	whiteWaitInterTrial_4: autoDraw = True
132.3658 	EXP 	green_fb_2: autoDraw = True
132.3658 	EXP 	red_fb_2: autoDraw = True
134.0550 	EXP 	New trial (rep=6, index=0): None
134.0839 	EXP 	blackWaitInterTrial_4: autoDraw = False
134.0839 	EXP 	whiteWaitInterTrial_4: autoDraw = False
134.0839 	EXP 	green_fb_2: autoDraw = False
134.0839 	EXP 	red_fb_2: autoDraw = False
134.0839 	EXP 	blackWaitInterTrial_4: autoDraw = False
134.0839 	EXP 	whiteWaitInterTrial_4: autoDraw = False
134.0839 	EXP 	green_fb_2: autoDraw = False
134.0839 	EXP 	red_fb_2: autoDraw = False
134.0839 	EXP 	TrialPicture_2: size = array([0.75, 1.  ])
134.0839 	EXP 	TrialPicture_2: image = './stimuli/images/008.bmp'
134.0839 	EXP 	blackTrial_2: autoDraw = True
134.0839 	EXP 	whiteTrial_2: autoDraw = True
134.0839 	EXP 	TrialPicture_2: autoDraw = True
134.0839 	EXP 	green_2: autoDraw = True
134.0839 	EXP 	red_2: autoDraw = True
135.0847 	EXP 	blackTrial_2: autoDraw = False
135.0847 	EXP 	whiteTrial_2: autoDraw = False
135.0847 	EXP 	TrialPicture_2: autoDraw = False
135.0847 	EXP 	green_2: autoDraw = False
135.0847 	EXP 	red_2: autoDraw = False
135.0847 	EXP 	blackTrial_2: autoDraw = False
135.0847 	EXP 	whiteTrial_2: autoDraw = False
135.0847 	EXP 	TrialPicture_2: autoDraw = False
135.0847 	EXP 	green_2: autoDraw = False
135.0847 	EXP 	red_2: autoDraw = False
135.0847 	EXP 	whiteWaitInterTrial_4: size = array([0.75, 1.  ])
135.0847 	EXP 	blackWaitInterTrial_4: autoDraw = True
135.0847 	EXP 	whiteWaitInterTrial_4: autoDraw = True
135.0847 	EXP 	green_fb_2: autoDraw = True
135.0847 	EXP 	red_fb_2: autoDraw = True
136.7743 	EXP 	New trial (rep=7, index=0): None
136.8029 	EXP 	blackWaitInterTrial_4: autoDraw = False
136.8029 	EXP 	whiteWaitInterTrial_4: autoDraw = False
136.8029 	EXP 	green_fb_2: autoDraw = False
136.8029 	EXP 	red_fb_2: autoDraw = False
136.8029 	EXP 	blackWaitInterTrial_4: autoDraw = False
136.8029 	EXP 	whiteWaitInterTrial_4: autoDraw = False
136.8029 	EXP 	green_fb_2: autoDraw = False
136.8029 	EXP 	red_fb_2: autoDraw = False
136.8029 	EXP 	TrialPicture_2: size = array([0.75, 1.  ])
136.8029 	EXP 	TrialPicture_2: image = './stimuli/images/086.bmp'
136.8029 	EXP 	blackTrial_2: autoDraw = True
136.8029 	EXP 	whiteTrial_2: autoDraw = True
136.8029 	EXP 	TrialPicture_2: autoDraw = True
136.8029 	EXP 	green_2: autoDraw = True
136.8029 	EXP 	red_2: autoDraw = True
137.8038 	EXP 	blackTrial_2: autoDraw = False
137.8038 	EXP 	whiteTrial_2: autoDraw = False
137.8038 	EXP 	TrialPicture_2: autoDraw = False
137.8038 	EXP 	green_2: autoDraw = False
137.8038 	EXP 	red_2: autoDraw = False
137.8038 	EXP 	blackTrial_2: autoDraw = False
137.8038 	EXP 	whiteTrial_2: autoDraw = False
137.8038 	EXP 	TrialPicture_2: autoDraw = False
137.8038 	EXP 	green_2: autoDraw = False
137.8038 	EXP 	red_2: autoDraw = False
137.8038 	EXP 	whiteWaitInterTrial_4: size = array([0.75, 1.  ])
137.8038 	EXP 	blackWaitInterTrial_4: autoDraw = True
137.8038 	EXP 	whiteWaitInterTrial_4: autoDraw = True
137.8038 	EXP 	green_fb_2: autoDraw = True
137.8038 	EXP 	red_fb_2: autoDraw = True
139.5949 	EXP 	New trial (rep=8, index=0): None
139.6111 	EXP 	blackWaitInterTrial_4: autoDraw = False
139.6111 	EXP 	whiteWaitInterTrial_4: autoDraw = False
139.6111 	EXP 	green_fb_2: autoDraw = False
139.6111 	EXP 	red_fb_2: autoDraw = False
139.6111 	EXP 	blackWaitInterTrial_4: autoDraw = False
139.6111 	EXP 	whiteWaitInterTrial_4: autoDraw = False
139.6111 	EXP 	green_fb_2: autoDraw = False
139.6111 	EXP 	red_fb_2: autoDraw = False
139.6111 	EXP 	TrialPicture_2: size = array([0.75, 1.  ])
139.6111 	EXP 	TrialPicture_2: image = './stimuli/images/061.bmp'
139.6111 	EXP 	blackTrial_2: autoDraw = True
139.6111 	EXP 	whiteTrial_2: autoDraw = True
139.6111 	EXP 	TrialPicture_2: autoDraw = True
139.6111 	EXP 	green_2: autoDraw = True
139.6111 	EXP 	red_2: autoDraw = True
140.6254 	EXP 	blackTrial_2: autoDraw = False
140.6254 	EXP 	whiteTrial_2: autoDraw = False
140.6254 	EXP 	TrialPicture_2: autoDraw = False
140.6254 	EXP 	green_2: autoDraw = False
140.6254 	EXP 	red_2: autoDraw = False
140.6254 	EXP 	blackTrial_2: autoDraw = False
140.6254 	EXP 	whiteTrial_2: autoDraw = False
140.6254 	EXP 	TrialPicture_2: autoDraw = False
140.6254 	EXP 	green_2: autoDraw = False
140.6254 	EXP 	red_2: autoDraw = False
140.6254 	EXP 	whiteWaitInterTrial_4: size = array([0.75, 1.  ])
140.6254 	EXP 	blackWaitInterTrial_4: autoDraw = True
140.6254 	EXP 	whiteWaitInterTrial_4: autoDraw = True
140.6254 	EXP 	green_fb_2: autoDraw = True
140.6254 	EXP 	red_fb_2: autoDraw = True
142.3142 	EXP 	New trial (rep=9, index=0): None
142.3306 	EXP 	blackWaitInterTrial_4: autoDraw = False
142.3306 	EXP 	whiteWaitInterTrial_4: autoDraw = False
142.3306 	EXP 	green_fb_2: autoDraw = False
142.3306 	EXP 	red_fb_2: autoDraw = False
142.3306 	EXP 	blackWaitInterTrial_4: autoDraw = False
142.3306 	EXP 	whiteWaitInterTrial_4: autoDraw = False
142.3306 	EXP 	green_fb_2: autoDraw = False
142.3306 	EXP 	red_fb_2: autoDraw = False
142.3306 	EXP 	TrialPicture_2: size = array([0.75, 1.  ])
142.3306 	EXP 	TrialPicture_2: image = './stimuli/images/152.bmp'
142.3306 	EXP 	blackTrial_2: autoDraw = True
142.3306 	EXP 	whiteTrial_2: autoDraw = True
142.3306 	EXP 	TrialPicture_2: autoDraw = True
142.3306 	EXP 	green_2: autoDraw = True
142.3306 	EXP 	red_2: autoDraw = True
143.3444 	EXP 	blackTrial_2: autoDraw = False
143.3444 	EXP 	whiteTrial_2: autoDraw = False
143.3444 	EXP 	TrialPicture_2: autoDraw = False
143.3444 	EXP 	green_2: autoDraw = False
143.3444 	EXP 	red_2: autoDraw = False
143.3444 	EXP 	blackTrial_2: autoDraw = False
143.3444 	EXP 	whiteTrial_2: autoDraw = False
143.3444 	EXP 	TrialPicture_2: autoDraw = False
143.3444 	EXP 	green_2: autoDraw = False
143.3444 	EXP 	red_2: autoDraw = False
143.3444 	EXP 	whiteWaitInterTrial_4: size = array([0.75, 1.  ])
143.3444 	EXP 	blackWaitInterTrial_4: autoDraw = True
143.3444 	EXP 	whiteWaitInterTrial_4: autoDraw = True
143.3444 	EXP 	green_fb_2: autoDraw = True
143.3444 	EXP 	red_fb_2: autoDraw = True
144.9341 	EXP 	New trial (rep=10, index=0): None
144.9484 	EXP 	blackWaitInterTrial_4: autoDraw = False
144.9484 	EXP 	whiteWaitInterTrial_4: autoDraw = False
144.9484 	EXP 	green_fb_2: autoDraw = False
144.9484 	EXP 	red_fb_2: autoDraw = False
144.9484 	EXP 	blackWaitInterTrial_4: autoDraw = False
144.9484 	EXP 	whiteWaitInterTrial_4: autoDraw = False
144.9484 	EXP 	green_fb_2: autoDraw = False
144.9484 	EXP 	red_fb_2: autoDraw = False
144.9484 	EXP 	TrialPicture_2: size = array([0.75, 1.  ])
144.9484 	EXP 	TrialPicture_2: image = './stimuli/images/152.bmp'
144.9484 	EXP 	blackTrial_2: autoDraw = True
144.9484 	EXP 	whiteTrial_2: autoDraw = True
144.9484 	EXP 	TrialPicture_2: autoDraw = True
144.9484 	EXP 	green_2: autoDraw = True
144.9484 	EXP 	red_2: autoDraw = True
145.9631 	EXP 	blackTrial_2: autoDraw = False
145.9631 	EXP 	whiteTrial_2: autoDraw = False
145.9631 	EXP 	TrialPicture_2: autoDraw = False
145.9631 	EXP 	green_2: autoDraw = False
145.9631 	EXP 	red_2: autoDraw = False
145.9631 	EXP 	blackTrial_2: autoDraw = False
145.9631 	EXP 	whiteTrial_2: autoDraw = False
145.9631 	EXP 	TrialPicture_2: autoDraw = False
145.9631 	EXP 	green_2: autoDraw = False
145.9631 	EXP 	red_2: autoDraw = False
145.9631 	EXP 	whiteWaitInterTrial_4: size = array([0.75, 1.  ])
145.9631 	EXP 	blackWaitInterTrial_4: autoDraw = True
145.9631 	EXP 	whiteWaitInterTrial_4: autoDraw = True
145.9631 	EXP 	green_fb_2: autoDraw = True
145.9631 	EXP 	red_fb_2: autoDraw = True
147.6518 	EXP 	New trial (rep=11, index=0): None
147.6674 	EXP 	blackWaitInterTrial_4: autoDraw = False
147.6674 	EXP 	whiteWaitInterTrial_4: autoDraw = False
147.6674 	EXP 	green_fb_2: autoDraw = False
147.6674 	EXP 	red_fb_2: autoDraw = False
147.6674 	EXP 	blackWaitInterTrial_4: autoDraw = False
147.6674 	EXP 	whiteWaitInterTrial_4: autoDraw = False
147.6674 	EXP 	green_fb_2: autoDraw = False
147.6674 	EXP 	red_fb_2: autoDraw = False
147.6674 	EXP 	TrialPicture_2: size = array([0.75, 1.  ])
147.6674 	EXP 	TrialPicture_2: image = './stimuli/images/086.bmp'
147.6674 	EXP 	blackTrial_2: autoDraw = True
147.6674 	EXP 	whiteTrial_2: autoDraw = True
147.6674 	EXP 	TrialPicture_2: autoDraw = True
147.6674 	EXP 	green_2: autoDraw = True
147.6674 	EXP 	red_2: autoDraw = True
148.6824 	EXP 	blackTrial_2: autoDraw = False
148.6824 	EXP 	whiteTrial_2: autoDraw = False
148.6824 	EXP 	TrialPicture_2: autoDraw = False
148.6824 	EXP 	green_2: autoDraw = False
148.6824 	EXP 	red_2: autoDraw = False
148.6824 	EXP 	blackTrial_2: autoDraw = False
148.6824 	EXP 	whiteTrial_2: autoDraw = False
148.6824 	EXP 	TrialPicture_2: autoDraw = False
148.6824 	EXP 	green_2: autoDraw = False
148.6824 	EXP 	red_2: autoDraw = False
148.6824 	EXP 	whiteWaitInterTrial_4: size = array([0.75, 1.  ])
148.6824 	EXP 	blackWaitInterTrial_4: autoDraw = True
148.6824 	EXP 	whiteWaitInterTrial_4: autoDraw = True
148.6824 	EXP 	green_fb_2: autoDraw = True
148.6824 	EXP 	red_fb_2: autoDraw = True
150.2698 	EXP 	New trial (rep=12, index=0): None
150.2842 	EXP 	blackWaitInterTrial_4: autoDraw = False
150.2842 	EXP 	whiteWaitInterTrial_4: autoDraw = False
150.2842 	EXP 	green_fb_2: autoDraw = False
150.2842 	EXP 	red_fb_2: autoDraw = False
150.2842 	EXP 	blackWaitInterTrial_4: autoDraw = False
150.2842 	EXP 	whiteWaitInterTrial_4: autoDraw = False
150.2842 	EXP 	green_fb_2: autoDraw = False
150.2842 	EXP 	red_fb_2: autoDraw = False
150.2842 	EXP 	TrialPicture_2: size = array([0.75, 1.  ])
150.2842 	EXP 	TrialPicture_2: image = './stimuli/images/152.bmp'
150.2842 	EXP 	blackTrial_2: autoDraw = True
150.2842 	EXP 	whiteTrial_2: autoDraw = True
150.2842 	EXP 	TrialPicture_2: autoDraw = True
150.2842 	EXP 	green_2: autoDraw = True
150.2842 	EXP 	red_2: autoDraw = True
151.3008 	EXP 	blackTrial_2: autoDraw = False
151.3008 	EXP 	whiteTrial_2: autoDraw = False
151.3008 	EXP 	TrialPicture_2: autoDraw = False
151.3008 	EXP 	green_2: autoDraw = False
151.3008 	EXP 	red_2: autoDraw = False
151.3008 	EXP 	blackTrial_2: autoDraw = False
151.3008 	EXP 	whiteTrial_2: autoDraw = False
151.3008 	EXP 	TrialPicture_2: autoDraw = False
151.3008 	EXP 	green_2: autoDraw = False
151.3008 	EXP 	red_2: autoDraw = False
151.3008 	EXP 	whiteWaitInterTrial_4: size = array([0.75, 1.  ])
151.3008 	EXP 	blackWaitInterTrial_4: autoDraw = True
151.3008 	EXP 	whiteWaitInterTrial_4: autoDraw = True
151.3008 	EXP 	green_fb_2: autoDraw = True
151.3008 	EXP 	red_fb_2: autoDraw = True
152.8907 	EXP 	New trial (rep=13, index=0): None
152.9065 	EXP 	blackWaitInterTrial_4: autoDraw = False
152.9065 	EXP 	whiteWaitInterTrial_4: autoDraw = False
152.9065 	EXP 	green_fb_2: autoDraw = False
152.9065 	EXP 	red_fb_2: autoDraw = False
152.9065 	EXP 	blackWaitInterTrial_4: autoDraw = False
152.9065 	EXP 	whiteWaitInterTrial_4: autoDraw = False
152.9065 	EXP 	green_fb_2: autoDraw = False
152.9065 	EXP 	red_fb_2: autoDraw = False
152.9065 	EXP 	TrialPicture_2: size = array([0.75, 1.  ])
152.9065 	EXP 	TrialPicture_2: image = './stimuli/images/061.bmp'
152.9065 	EXP 	blackTrial_2: autoDraw = True
152.9065 	EXP 	whiteTrial_2: autoDraw = True
152.9065 	EXP 	TrialPicture_2: autoDraw = True
152.9065 	EXP 	green_2: autoDraw = True
152.9065 	EXP 	red_2: autoDraw = True
153.9197 	EXP 	blackTrial_2: autoDraw = False
153.9197 	EXP 	whiteTrial_2: autoDraw = False
153.9197 	EXP 	TrialPicture_2: autoDraw = False
153.9197 	EXP 	green_2: autoDraw = False
153.9197 	EXP 	red_2: autoDraw = False
153.9197 	EXP 	blackTrial_2: autoDraw = False
153.9197 	EXP 	whiteTrial_2: autoDraw = False
153.9197 	EXP 	TrialPicture_2: autoDraw = False
153.9197 	EXP 	green_2: autoDraw = False
153.9197 	EXP 	red_2: autoDraw = False
153.9197 	EXP 	whiteWaitInterTrial_4: size = array([0.75, 1.  ])
153.9197 	EXP 	blackWaitInterTrial_4: autoDraw = True
153.9197 	EXP 	whiteWaitInterTrial_4: autoDraw = True
153.9197 	EXP 	green_fb_2: autoDraw = True
153.9197 	EXP 	red_fb_2: autoDraw = True
155.6084 	EXP 	New trial (rep=14, index=0): None
155.6217 	EXP 	blackWaitInterTrial_4: autoDraw = False
155.6217 	EXP 	whiteWaitInterTrial_4: autoDraw = False
155.6217 	EXP 	green_fb_2: autoDraw = False
155.6217 	EXP 	red_fb_2: autoDraw = False
155.6217 	EXP 	blackWaitInterTrial_4: autoDraw = False
155.6217 	EXP 	whiteWaitInterTrial_4: autoDraw = False
155.6217 	EXP 	green_fb_2: autoDraw = False
155.6217 	EXP 	red_fb_2: autoDraw = False
155.6217 	EXP 	TrialPicture_2: size = array([0.75, 1.  ])
155.6217 	EXP 	TrialPicture_2: image = './stimuli/images/008.bmp'
155.6217 	EXP 	blackTrial_2: autoDraw = True
155.6217 	EXP 	whiteTrial_2: autoDraw = True
155.6217 	EXP 	TrialPicture_2: autoDraw = True
155.6217 	EXP 	green_2: autoDraw = True
155.6217 	EXP 	red_2: autoDraw = True
156.6394 	EXP 	blackTrial_2: autoDraw = False
156.6394 	EXP 	whiteTrial_2: autoDraw = False
156.6394 	EXP 	TrialPicture_2: autoDraw = False
156.6394 	EXP 	green_2: autoDraw = False
156.6394 	EXP 	red_2: autoDraw = False
156.6394 	EXP 	blackTrial_2: autoDraw = False
156.6394 	EXP 	whiteTrial_2: autoDraw = False
156.6394 	EXP 	TrialPicture_2: autoDraw = False
156.6394 	EXP 	green_2: autoDraw = False
156.6394 	EXP 	red_2: autoDraw = False
156.6394 	EXP 	whiteWaitInterTrial_4: size = array([0.75, 1.  ])
156.6394 	EXP 	blackWaitInterTrial_4: autoDraw = True
156.6394 	EXP 	whiteWaitInterTrial_4: autoDraw = True
156.6394 	EXP 	green_fb_2: autoDraw = True
156.6394 	EXP 	red_fb_2: autoDraw = True
158.3266 	EXP 	New trial (rep=15, index=0): None
158.3401 	EXP 	blackWaitInterTrial_4: autoDraw = False
158.3401 	EXP 	whiteWaitInterTrial_4: autoDraw = False
158.3401 	EXP 	green_fb_2: autoDraw = False
158.3401 	EXP 	red_fb_2: autoDraw = False
158.3401 	EXP 	blackWaitInterTrial_4: autoDraw = False
158.3401 	EXP 	whiteWaitInterTrial_4: autoDraw = False
158.3401 	EXP 	green_fb_2: autoDraw = False
158.3401 	EXP 	red_fb_2: autoDraw = False
158.3401 	EXP 	TrialPicture_2: size = array([0.75, 1.  ])
158.3401 	EXP 	TrialPicture_2: image = './stimuli/images/086.bmp'
158.3401 	EXP 	blackTrial_2: autoDraw = True
158.3401 	EXP 	whiteTrial_2: autoDraw = True
158.3401 	EXP 	TrialPicture_2: autoDraw = True
158.3401 	EXP 	green_2: autoDraw = True
158.3401 	EXP 	red_2: autoDraw = True
159.3418 	EXP 	blackTrial_2: autoDraw = False
159.3418 	EXP 	whiteTrial_2: autoDraw = False
159.3418 	EXP 	TrialPicture_2: autoDraw = False
159.3418 	EXP 	green_2: autoDraw = False
159.3418 	EXP 	red_2: autoDraw = False
159.3418 	EXP 	blackTrial_2: autoDraw = False
159.3418 	EXP 	whiteTrial_2: autoDraw = False
159.3418 	EXP 	TrialPicture_2: autoDraw = False
159.3418 	EXP 	green_2: autoDraw = False
159.3418 	EXP 	red_2: autoDraw = False
159.3418 	EXP 	whiteWaitInterTrial_4: size = array([0.75, 1.  ])
159.3418 	EXP 	blackWaitInterTrial_4: autoDraw = True
159.3418 	EXP 	whiteWaitInterTrial_4: autoDraw = True
159.3418 	EXP 	green_fb_2: autoDraw = True
159.3418 	EXP 	red_fb_2: autoDraw = True
161.1308 	EXP 	New trial (rep=16, index=0): None
161.1472 	EXP 	blackWaitInterTrial_4: autoDraw = False
161.1472 	EXP 	whiteWaitInterTrial_4: autoDraw = False
161.1472 	EXP 	green_fb_2: autoDraw = False
161.1472 	EXP 	red_fb_2: autoDraw = False
161.1472 	EXP 	blackWaitInterTrial_4: autoDraw = False
161.1472 	EXP 	whiteWaitInterTrial_4: autoDraw = False
161.1472 	EXP 	green_fb_2: autoDraw = False
161.1472 	EXP 	red_fb_2: autoDraw = False
161.1472 	EXP 	TrialPicture_2: size = array([0.75, 1.  ])
161.1472 	EXP 	TrialPicture_2: image = './stimuli/images/152.bmp'
161.1472 	EXP 	blackTrial_2: autoDraw = True
161.1472 	EXP 	whiteTrial_2: autoDraw = True
161.1472 	EXP 	TrialPicture_2: autoDraw = True
161.1472 	EXP 	green_2: autoDraw = True
161.1472 	EXP 	red_2: autoDraw = True
162.1611 	EXP 	blackTrial_2: autoDraw = False
162.1611 	EXP 	whiteTrial_2: autoDraw = False
162.1611 	EXP 	TrialPicture_2: autoDraw = False
162.1611 	EXP 	green_2: autoDraw = False
162.1611 	EXP 	red_2: autoDraw = False
162.1611 	EXP 	blackTrial_2: autoDraw = False
162.1611 	EXP 	whiteTrial_2: autoDraw = False
162.1611 	EXP 	TrialPicture_2: autoDraw = False
162.1611 	EXP 	green_2: autoDraw = False
162.1611 	EXP 	red_2: autoDraw = False
162.1611 	EXP 	whiteWaitInterTrial_4: size = array([0.75, 1.  ])
162.1611 	EXP 	blackWaitInterTrial_4: autoDraw = True
162.1611 	EXP 	whiteWaitInterTrial_4: autoDraw = True
162.1611 	EXP 	green_fb_2: autoDraw = True
162.1611 	EXP 	red_fb_2: autoDraw = True
163.8509 	EXP 	New trial (rep=17, index=0): None
163.8666 	EXP 	blackWaitInterTrial_4: autoDraw = False
163.8666 	EXP 	whiteWaitInterTrial_4: autoDraw = False
163.8666 	EXP 	green_fb_2: autoDraw = False
163.8666 	EXP 	red_fb_2: autoDraw = False
163.8666 	EXP 	blackWaitInterTrial_4: autoDraw = False
163.8666 	EXP 	whiteWaitInterTrial_4: autoDraw = False
163.8666 	EXP 	green_fb_2: autoDraw = False
163.8666 	EXP 	red_fb_2: autoDraw = False
163.8666 	EXP 	TrialPicture_2: size = array([0.75, 1.  ])
163.8666 	EXP 	TrialPicture_2: image = './stimuli/images/061.bmp'
163.8666 	EXP 	blackTrial_2: autoDraw = True
163.8666 	EXP 	whiteTrial_2: autoDraw = True
163.8666 	EXP 	TrialPicture_2: autoDraw = True
163.8666 	EXP 	green_2: autoDraw = True
163.8666 	EXP 	red_2: autoDraw = True
164.8803 	EXP 	blackTrial_2: autoDraw = False
164.8803 	EXP 	whiteTrial_2: autoDraw = False
164.8803 	EXP 	TrialPicture_2: autoDraw = False
164.8803 	EXP 	green_2: autoDraw = False
164.8803 	EXP 	red_2: autoDraw = False
164.8803 	EXP 	blackTrial_2: autoDraw = False
164.8803 	EXP 	whiteTrial_2: autoDraw = False
164.8803 	EXP 	TrialPicture_2: autoDraw = False
164.8803 	EXP 	green_2: autoDraw = False
164.8803 	EXP 	red_2: autoDraw = False
164.8803 	EXP 	whiteWaitInterTrial_4: size = array([0.75, 1.  ])
164.8803 	EXP 	blackWaitInterTrial_4: autoDraw = True
164.8803 	EXP 	whiteWaitInterTrial_4: autoDraw = True
164.8803 	EXP 	green_fb_2: autoDraw = True
164.8803 	EXP 	red_fb_2: autoDraw = True
166.4710 	EXP 	New trial (rep=18, index=0): None
166.4878 	EXP 	blackWaitInterTrial_4: autoDraw = False
166.4878 	EXP 	whiteWaitInterTrial_4: autoDraw = False
166.4878 	EXP 	green_fb_2: autoDraw = False
166.4878 	EXP 	red_fb_2: autoDraw = False
166.4878 	EXP 	blackWaitInterTrial_4: autoDraw = False
166.4878 	EXP 	whiteWaitInterTrial_4: autoDraw = False
166.4878 	EXP 	green_fb_2: autoDraw = False
166.4878 	EXP 	red_fb_2: autoDraw = False
166.4878 	EXP 	TrialPicture_2: size = array([0.75, 1.  ])
166.4878 	EXP 	TrialPicture_2: image = './stimuli/images/008.bmp'
166.4878 	EXP 	blackTrial_2: autoDraw = True
166.4878 	EXP 	whiteTrial_2: autoDraw = True
166.4878 	EXP 	TrialPicture_2: autoDraw = True
166.4878 	EXP 	green_2: autoDraw = True
166.4878 	EXP 	red_2: autoDraw = True
167.4993 	EXP 	blackTrial_2: autoDraw = False
167.4993 	EXP 	whiteTrial_2: autoDraw = False
167.4993 	EXP 	TrialPicture_2: autoDraw = False
167.4993 	EXP 	green_2: autoDraw = False
167.4993 	EXP 	red_2: autoDraw = False
167.4993 	EXP 	blackTrial_2: autoDraw = False
167.4993 	EXP 	whiteTrial_2: autoDraw = False
167.4993 	EXP 	TrialPicture_2: autoDraw = False
167.4993 	EXP 	green_2: autoDraw = False
167.4993 	EXP 	red_2: autoDraw = False
167.4993 	EXP 	whiteWaitInterTrial_4: size = array([0.75, 1.  ])
167.4993 	EXP 	blackWaitInterTrial_4: autoDraw = True
167.4993 	EXP 	whiteWaitInterTrial_4: autoDraw = True
167.4993 	EXP 	green_fb_2: autoDraw = True
167.4993 	EXP 	red_fb_2: autoDraw = True
169.1894 	EXP 	New trial (rep=19, index=0): None
169.2074 	EXP 	blackWaitInterTrial_4: autoDraw = False
169.2074 	EXP 	whiteWaitInterTrial_4: autoDraw = False
169.2074 	EXP 	green_fb_2: autoDraw = False
169.2074 	EXP 	red_fb_2: autoDraw = False
169.2074 	EXP 	blackWaitInterTrial_4: autoDraw = False
169.2074 	EXP 	whiteWaitInterTrial_4: autoDraw = False
169.2074 	EXP 	green_fb_2: autoDraw = False
169.2074 	EXP 	red_fb_2: autoDraw = False
169.2074 	EXP 	TrialPicture_2: size = array([0.75, 1.  ])
169.2074 	EXP 	TrialPicture_2: image = './stimuli/images/086.bmp'
169.2074 	EXP 	blackTrial_2: autoDraw = True
169.2074 	EXP 	whiteTrial_2: autoDraw = True
169.2074 	EXP 	TrialPicture_2: autoDraw = True
169.2074 	EXP 	green_2: autoDraw = True
169.2074 	EXP 	red_2: autoDraw = True
170.2183 	EXP 	blackTrial_2: autoDraw = False
170.2183 	EXP 	whiteTrial_2: autoDraw = False
170.2183 	EXP 	TrialPicture_2: autoDraw = False
170.2183 	EXP 	green_2: autoDraw = False
170.2183 	EXP 	red_2: autoDraw = False
170.2183 	EXP 	blackTrial_2: autoDraw = False
170.2183 	EXP 	whiteTrial_2: autoDraw = False
170.2183 	EXP 	TrialPicture_2: autoDraw = False
170.2183 	EXP 	green_2: autoDraw = False
170.2183 	EXP 	red_2: autoDraw = False
170.2183 	EXP 	whiteWaitInterTrial_4: size = array([0.75, 1.  ])
170.2183 	EXP 	blackWaitInterTrial_4: autoDraw = True
170.2183 	EXP 	whiteWaitInterTrial_4: autoDraw = True
170.2183 	EXP 	green_fb_2: autoDraw = True
170.2183 	EXP 	red_fb_2: autoDraw = True
171.8194 	EXP 	blackWaitInterTrial_4: autoDraw = False
171.8194 	EXP 	whiteWaitInterTrial_4: autoDraw = False
171.8194 	EXP 	green_fb_2: autoDraw = False
171.8194 	EXP 	red_fb_2: autoDraw = False
171.8194 	EXP 	blackWaitInterTrial_4: autoDraw = False
171.8194 	EXP 	whiteWaitInterTrial_4: autoDraw = False
171.8194 	EXP 	green_fb_2: autoDraw = False
171.8194 	EXP 	red_fb_2: autoDraw = False
171.8194 	EXP 	fixationImage_2: size = array([0.75, 1.  ])
171.8194 	EXP 	fixation_2: autoDraw = True
171.8194 	EXP 	fixationImage_2: autoDraw = True
173.8209 	EXP 	fixation_2: autoDraw = False
173.8209 	EXP 	fixationImage_2: autoDraw = False
173.8209 	EXP 	fixation_2: autoDraw = False
173.8209 	EXP 	fixationImage_2: autoDraw = False
173.8209 	EXP 	polygon_end_2: autoDraw = True
173.8209 	EXP 	end_text_2: autoDraw = True
175.8230 	EXP 	polygon_end_2: autoDraw = False
175.8230 	EXP 	end_text_2: autoDraw = False
175.8610 	EXP 	window1: mouseVisible = True
