3.8947 	EXP 	Created window1 = Window(allowGUI=False, allowStencil=False, args=UNKNOWN, autoLog=True, bitsMode=UNKNOWN, blendMode='avg', color=array([0., 0., 0.]), colorSpace='rgb', fullscr=<method-wrapper '__getattribute__' of attributeSetter object at 0x000002130B6B2748>, gamma=None, gammaErrorPolicy='raise', kwargs=UNKNOWN, lms=UNKNOWN, monitor=<psychopy.monitors.calibTools.Monitor object at 0x000002130B6F3630>, multiSample=False, name='window1', numSamples=2, pos=[0.0, 0.0], screen=1, size=array([1920, 1200]), stereo=False, units='norm', useFBO=True, useRetina=False, viewOri=0.0, viewPos=None, viewScale=None, waitBlanking=True, winType='pyglet')
3.8947 	EXP 	window1: recordFrameIntervals = False
4.0610 	EXP 	window1: recordFrameIntervals = True
4.2447 	EXP 	window1: recordFrameIntervals = False
4.4649 	EXP 	Created polygon_1 = Rect(__class__=<class 'psychopy.visual.rect.Rect'>, autoDraw=False, autoLog=True, closeShape=True, color=method-wrapper(...), colorSpace=None, contrast=1.0, depth=0.0, fillColor='black', fillColorSpace='named', fillRGB=array([0., 0., 0.]), interpolate=True, lineColor='black', lineColorSpace='named', lineRGB=array([0., 0., 0.]), lineWidth=1, name='polygon_1', opacity=1.0, ori=array(0.), pos=array([0., 0.]), size=array([1., 1.]), units='norm', vertices=ndarray(...), win=Window(...))
4.6248 	EXP 	Created descriptionText_1 = TextStim(__class__=<class 'psychopy.visual.text.TextStim'>, alignHoriz='center', alignVert='center', antialias=True, autoLog=True, bold=False, color='white', colorSpace='named', contrast=1.0, depth=-1.0, flipHoriz=False, flipVert=False, font='Arial', fontFiles=[], height=0.09, italic=False, languageStyle='LTR', name='descriptionText_1', opacity=1.0, ori=0, pos=array([0., 0.]), rgb=array([255., 255., 255.]), text=str(...), units='norm', win=Window(...), wrapWidth=1)
4.6255 	EXP 	Created fixation10 = Rect(__class__=<class 'psychopy.visual.rect.Rect'>, autoDraw=False, autoLog=True, closeShape=True, color=method-wrapper(...), colorSpace=None, contrast=1.0, depth=0.0, fillColor='black', fillColorSpace='named', fillRGB=array([0., 0., 0.]), interpolate=True, lineColor='black', lineColorSpace='named', lineRGB=array([0., 0., 0.]), lineWidth=1, name='fixation10', opacity=1.0, ori=array(0.), pos=array([0., 0.]), size=array([1., 1.]), units='norm', vertices=ndarray(...), win=Window(...))
4.6326 	EXP 	Created fixationImage10 = ImageStim(__class__=<class 'psychopy.visual.image.ImageStim'>, autoLog=True, color=array([1., 1., 1.]), colorSpace='rgb', contrast=1.0, depth=-1.0, flipHoriz=False, flipVert=False, image='./stimuli/images/fix.bmp', interpolate=True, mask=None, maskParams=None, name='fixationImage10', opacity=1.0, ori=0.0, pos=array([0., 0.]), size=array([1., 1.]), texRes=128, units='norm', win=Window(...))
4.6485 	EXP 	Created text = TextStim(__class__=<class 'psychopy.visual.text.TextStim'>, alignHoriz='center', alignVert='center', antialias=True, autoLog=True, bold=False, color='white', colorSpace='named', contrast=1.0, depth=-2.0, flipHoriz=False, flipVert=False, font='Arial', fontFiles=[], height=0.3, italic=False, languageStyle='LTR', name='text', opacity=1.0, ori=0, pos=array([ 0. , -0.7]), rgb=array([255., 255., 255.]), text='3 . . .', units='norm', win=Window(...), wrapWidth=1)
4.6590 	EXP 	Created text_2 = TextStim(__class__=<class 'psychopy.visual.text.TextStim'>, alignHoriz='center', alignVert='center', antialias=True, autoLog=True, bold=False, color='white', colorSpace='named', contrast=1.0, depth=-3.0, flipHoriz=False, flipVert=False, font='Arial', fontFiles=[], height=0.3, italic=False, languageStyle='LTR', name='text_2', opacity=1.0, ori=0, pos=array([ 0. , -0.7]), rgb=array([255., 255., 255.]), text='2 . .', units='norm', win=Window(...), wrapWidth=1)
4.6634 	EXP 	Created text_3 = TextStim(__class__=<class 'psychopy.visual.text.TextStim'>, alignHoriz='center', alignVert='center', antialias=True, autoLog=True, bold=False, color='white', colorSpace='named', contrast=1.0, depth=-4.0, flipHoriz=False, flipVert=False, font='Arial', fontFiles=[], height=0.3, italic=False, languageStyle='LTR', name='text_3', opacity=1.0, ori=0, pos=array([ 0. , -0.7]), rgb=array([255., 255., 255.]), text='1 .', units='norm', win=Window(...), wrapWidth=1)
4.6640 	EXP 	Created blackProc = Rect(__class__=<class 'psychopy.visual.rect.Rect'>, autoDraw=False, autoLog=True, closeShape=True, color=method-wrapper(...), colorSpace=None, contrast=1.0, depth=-1.0, fillColor='black', fillColorSpace='named', fillRGB=array([0., 0., 0.]), interpolate=True, lineColor='black', lineColorSpace='named', lineRGB=array([0., 0., 0.]), lineWidth=1, name='blackProc', opacity=1.0, ori=array(0.), pos=array([0., 0.]), size=array([1., 1.]), units='norm', vertices=ndarray(...), win=Window(...))
4.6646 	EXP 	Created greenProc = Rect(__class__=<class 'psychopy.visual.rect.Rect'>, autoDraw=False, autoLog=True, closeShape=True, color=method-wrapper(...), colorSpace=None, contrast=1.0, depth=-2.0, fillColor='green', fillColorSpace='named', fillRGB=array([  0., 128.,   0.]), interpolate=True, lineColor='green', lineColorSpace='named', lineRGB=array([  0., 128.,   0.]), lineWidth=1, name='greenProc', opacity=1.0, ori=array(0.), pos=array([0., 0.]), size=array([1., 1.]), units='norm', vertices=ndarray(...), win=Window(...))
4.6662 	EXP 	Created ProcTarget = ImageStim(__class__=<class 'psychopy.visual.image.ImageStim'>, autoLog=True, color=array([1., 1., 1.]), colorSpace='rgb', contrast=1.0, depth=-3.0, flipHoriz=False, flipVert=False, image='sin', interpolate=True, mask=None, maskParams=None, name='ProcTarget', opacity=1.0, ori=0.0, pos=array([-0.4,  0. ]), size=array([1., 1.]), texRes=128, units='norm', win=Window(...))
4.6679 	EXP 	Created ProcPicture = ImageStim(__class__=<class 'psychopy.visual.image.ImageStim'>, autoLog=True, color=array([1., 1., 1.]), colorSpace='rgb', contrast=1.0, depth=-4.0, flipHoriz=False, flipVert=False, image='sin', interpolate=True, mask=None, maskParams=None, name='ProcPicture', opacity=1.0, ori=0.0, pos=array([0.4, 0. ]), size=array([1., 1.]), texRes=128, units='norm', win=Window(...))
4.6684 	EXP 	Created blackWaitInterTrial = Rect(__class__=<class 'psychopy.visual.rect.Rect'>, autoDraw=False, autoLog=True, closeShape=True, color=method-wrapper(...), colorSpace=None, contrast=1.0, depth=0.0, fillColor='black', fillColorSpace='named', fillRGB=array([0., 0., 0.]), interpolate=True, lineColor='black', lineColorSpace='named', lineRGB=array([0., 0., 0.]), lineWidth=1, name='blackWaitInterTrial', opacity=1.0, ori=array(0.), pos=array([0., 0.]), size=array([1., 1.]), units='norm', vertices=ndarray(...), win=Window(...))
4.6736 	EXP 	Created whiteWaitInterTrial = ImageStim(__class__=<class 'psychopy.visual.image.ImageStim'>, autoLog=True, color=array([1., 1., 1.]), colorSpace='rgb', contrast=1.0, depth=-1.0, flipHoriz=False, flipVert=False, image='./stimuli/images/blank.bmp', interpolate=True, mask=None, maskParams=None, name='whiteWaitInterTrial', opacity=1.0, ori=0.0, pos=array([0., 0.]), size=array([1., 1.]), texRes=128, units='norm', win=Window(...))
4.6742 	EXP 	Created blackTrial = Rect(__class__=<class 'psychopy.visual.rect.Rect'>, autoDraw=False, autoLog=True, closeShape=True, color=method-wrapper(...), colorSpace=None, contrast=1.0, depth=-1.0, fillColor='black', fillColorSpace='named', fillRGB=array([0., 0., 0.]), interpolate=True, lineColor='black', lineColorSpace='named', lineRGB=array([0., 0., 0.]), lineWidth=1, name='blackTrial', opacity=1.0, ori=array(0.), pos=array([0., 0.]), size=array([1., 1.]), units='norm', vertices=ndarray(...), win=Window(...))
4.6748 	EXP 	Created whiteTrial = Rect(__class__=<class 'psychopy.visual.rect.Rect'>, autoDraw=False, autoLog=True, closeShape=True, color=method-wrapper(...), colorSpace=None, contrast=1.0, depth=-2.0, fillColor='white', fillColorSpace='named', fillRGB=array([255., 255., 255.]), interpolate=True, lineColor='white', lineColorSpace='named', lineRGB=array([255., 255., 255.]), lineWidth=1, name='whiteTrial', opacity=1.0, ori=array(0.), pos=array([0., 0.]), size=array([1., 1.]), units='norm', vertices=ndarray(...), win=Window(...))
4.6763 	EXP 	Created TrialPicture = ImageStim(__class__=<class 'psychopy.visual.image.ImageStim'>, autoLog=True, color=array([1., 1., 1.]), colorSpace='rgb', contrast=1.0, depth=-3.0, flipHoriz=False, flipVert=False, image='sin', interpolate=True, mask=None, maskParams=None, name='TrialPicture', opacity=1.0, ori=0.0, pos=array([0., 0.]), size=array([1., 1.]), texRes=128, units='norm', win=Window(...))
4.6772 	EXP 	Created green_1 = ShapeStim(__class__=<class 'psychopy.visual.shape.ShapeStim'>, autoDraw=False, autoLog=True, closeShape=True, contrast=1.0, depth=-6.0, fillColor='green', fillColorSpace='named', interpolate=True, lineColor='green', lineColorSpace='named', lineWidth=1, name='green_1', opacity=1.0, ori=array(0.), pos=array([0., 0.]), size=array([0.05, 0.05]), units='norm', vertices=ndarray(...), win=Window(...), windingRule=None)
4.6778 	EXP 	Created red_1 = Rect(__class__=<class 'psychopy.visual.rect.Rect'>, autoDraw=False, autoLog=True, closeShape=True, color=method-wrapper(...), colorSpace=None, contrast=1.0, depth=-7.0, fillColor='red', fillColorSpace='named', fillRGB=array([255.,   0.,   0.]), interpolate=True, lineColor='red', lineColorSpace='named', lineRGB=array([255.,   0.,   0.]), lineWidth=1, name='red_1', opacity=1.0, ori=array(0.), pos=array([0., 0.]), size=array([1., 1.]), units='norm', vertices=ndarray(...), win=Window(...))
4.6783 	EXP 	Created blackWaitInterTrial_2 = Rect(__class__=<class 'psychopy.visual.rect.Rect'>, autoDraw=False, autoLog=True, closeShape=True, color=method-wrapper(...), colorSpace=None, contrast=1.0, depth=-1.0, fillColor='black', fillColorSpace='named', fillRGB=array([0., 0., 0.]), interpolate=True, lineColor='black', lineColorSpace='named', lineRGB=array([0., 0., 0.]), lineWidth=1, name='blackWaitInterTrial_2', opacity=1.0, ori=array(0.), pos=array([0., 0.]), size=array([1., 1.]), units='norm', vertices=ndarray(...), win=Window(...))
4.6841 	EXP 	Created whiteWaitInterTrial_2 = ImageStim(__class__=<class 'psychopy.visual.image.ImageStim'>, autoLog=True, color=array([1., 1., 1.]), colorSpace='rgb', contrast=1.0, depth=-2.0, flipHoriz=False, flipVert=False, image='./stimuli/images/blank.bmp', interpolate=True, mask=None, maskParams=None, name='whiteWaitInterTrial_2', opacity=1.0, ori=0.0, pos=array([0., 0.]), size=array([1., 1.]), texRes=128, units='norm', win=Window(...))
4.6846 	EXP 	Created green_fb_1 = ShapeStim(__class__=<class 'psychopy.visual.shape.ShapeStim'>, autoDraw=False, autoLog=True, closeShape=True, contrast=1.0, depth=-3.0, fillColor='green', fillColorSpace='named', interpolate=True, lineColor='green', lineColorSpace='named', lineWidth=1, name='green_fb_1', opacity=1.0, ori=array(0.), pos=array([0., 0.]), size=array([1., 1.]), units='norm', vertices=ndarray(...), win=Window(...), windingRule=None)
4.6852 	EXP 	Created red_fb_1 = Rect(__class__=<class 'psychopy.visual.rect.Rect'>, autoDraw=False, autoLog=True, closeShape=True, color=method-wrapper(...), colorSpace=None, contrast=1.0, depth=-4.0, fillColor='red', fillColorSpace='named', fillRGB=array([255.,   0.,   0.]), interpolate=True, lineColor='red', lineColorSpace='named', lineRGB=array([255.,   0.,   0.]), lineWidth=1, name='red_fb_1', opacity=1.0, ori=array(0.), pos=array([0., 0.]), size=array([1., 1.]), units='norm', vertices=ndarray(...), win=Window(...))
4.6857 	EXP 	Created fixation = Rect(__class__=<class 'psychopy.visual.rect.Rect'>, autoDraw=False, autoLog=True, closeShape=True, color=method-wrapper(...), colorSpace=None, contrast=1.0, depth=0.0, fillColor='black', fillColorSpace='named', fillRGB=array([0., 0., 0.]), interpolate=True, lineColor='black', lineColorSpace='named', lineRGB=array([0., 0., 0.]), lineWidth=1, name='fixation', opacity=1.0, ori=array(0.), pos=array([0., 0.]), size=array([1., 1.]), units='norm', vertices=ndarray(...), win=Window(...))
4.6907 	EXP 	Created fixationImage = ImageStim(__class__=<class 'psychopy.visual.image.ImageStim'>, autoLog=True, color=array([1., 1., 1.]), colorSpace='rgb', contrast=1.0, depth=-1.0, flipHoriz=False, flipVert=False, image='./stimuli/images/fix.bmp', interpolate=True, mask=None, maskParams=None, name='fixationImage', opacity=1.0, ori=0.0, pos=array([0., 0.]), size=array([1., 1.]), texRes=128, units='norm', win=Window(...))
4.6912 	EXP 	Created polygon_end = Rect(__class__=<class 'psychopy.visual.rect.Rect'>, autoDraw=False, autoLog=True, closeShape=True, color=method-wrapper(...), colorSpace=None, contrast=1.0, depth=0.0, fillColor='black', fillColorSpace='named', fillRGB=array([0., 0., 0.]), interpolate=True, lineColor='black', lineColorSpace='named', lineRGB=array([0., 0., 0.]), lineWidth=1, name='polygon_end', opacity=1.0, ori=array(0.), pos=array([0., 0.]), size=array([1., 1.]), units='norm', vertices=ndarray(...), win=Window(...))
4.7090 	EXP 	Created end_text = TextStim(__class__=<class 'psychopy.visual.text.TextStim'>, alignHoriz='center', alignVert='center', antialias=True, autoLog=True, bold=False, color='white', colorSpace='named', contrast=1.0, depth=-1.0, flipHoriz=False, flipVert=False, font='Arial', fontFiles=[], height=0.1, italic=False, languageStyle='LTR', name='end_text', opacity=1.0, ori=0, pos=array([0., 0.]), rgb=array([255., 255., 255.]), text='That completes Round 1 of the task', units='norm', win=Window(...), wrapWidth=1)
4.7096 	EXP 	Created polygon_15 = Rect(__class__=<class 'psychopy.visual.rect.Rect'>, autoDraw=False, autoLog=True, closeShape=True, color=method-wrapper(...), colorSpace=None, contrast=1.0, depth=0.0, fillColor='black', fillColorSpace='named', fillRGB=array([0., 0., 0.]), interpolate=True, lineColor='black', lineColorSpace='named', lineRGB=array([0., 0., 0.]), lineWidth=1, name='polygon_15', opacity=1.0, ori=array(0.), pos=array([0., 0.]), size=array([1., 1.]), units='norm', vertices=ndarray(...), win=Window(...))
4.7500 	EXP 	Created descriptionText_15 = TextStim(__class__=<class 'psychopy.visual.text.TextStim'>, alignHoriz='center', alignVert='center', antialias=True, autoLog=True, bold=False, color='white', colorSpace='named', contrast=1.0, depth=-1.0, flipHoriz=False, flipVert=False, font='Arial', fontFiles=[], height=0.09, italic=False, languageStyle='LTR', name='descriptionText_15', opacity=1.0, ori=0, pos=array([0., 0.]), rgb=array([255., 255., 255.]), text=str(...), units='norm', win=Window(...), wrapWidth=1)
4.7507 	EXP 	Created fixation10 = Rect(__class__=<class 'psychopy.visual.rect.Rect'>, autoDraw=False, autoLog=True, closeShape=True, color=method-wrapper(...), colorSpace=None, contrast=1.0, depth=0.0, fillColor='black', fillColorSpace='named', fillRGB=array([0., 0., 0.]), interpolate=True, lineColor='black', lineColorSpace='named', lineRGB=array([0., 0., 0.]), lineWidth=1, name='fixation10', opacity=1.0, ori=array(0.), pos=array([0., 0.]), size=array([1., 1.]), units='norm', vertices=ndarray(...), win=Window(...))
4.7669 	EXP 	Created fixationImage10 = ImageStim(__class__=<class 'psychopy.visual.image.ImageStim'>, autoLog=True, color=array([1., 1., 1.]), colorSpace='rgb', contrast=1.0, depth=-1.0, flipHoriz=False, flipVert=False, image='./stimuli/images/fix.bmp', interpolate=True, mask=None, maskParams=None, name='fixationImage10', opacity=1.0, ori=0.0, pos=array([0., 0.]), size=array([1., 1.]), texRes=128, units='norm', win=Window(...))
4.7703 	EXP 	Created text = TextStim(__class__=<class 'psychopy.visual.text.TextStim'>, alignHoriz='center', alignVert='center', antialias=True, autoLog=True, bold=False, color='white', colorSpace='named', contrast=1.0, depth=-2.0, flipHoriz=False, flipVert=False, font='Arial', fontFiles=[], height=0.3, italic=False, languageStyle='LTR', name='text', opacity=1.0, ori=0, pos=array([ 0. , -0.7]), rgb=array([255., 255., 255.]), text='3 . . .', units='norm', win=Window(...), wrapWidth=1)
4.7728 	EXP 	Created text_2 = TextStim(__class__=<class 'psychopy.visual.text.TextStim'>, alignHoriz='center', alignVert='center', antialias=True, autoLog=True, bold=False, color='white', colorSpace='named', contrast=1.0, depth=-3.0, flipHoriz=False, flipVert=False, font='Arial', fontFiles=[], height=0.3, italic=False, languageStyle='LTR', name='text_2', opacity=1.0, ori=0, pos=array([ 0. , -0.7]), rgb=array([255., 255., 255.]), text='2 . .', units='norm', win=Window(...), wrapWidth=1)
4.7751 	EXP 	Created text_3 = TextStim(__class__=<class 'psychopy.visual.text.TextStim'>, alignHoriz='center', alignVert='center', antialias=True, autoLog=True, bold=False, color='white', colorSpace='named', contrast=1.0, depth=-4.0, flipHoriz=False, flipVert=False, font='Arial', fontFiles=[], height=0.3, italic=False, languageStyle='LTR', name='text_3', opacity=1.0, ori=0, pos=array([ 0. , -0.7]), rgb=array([255., 255., 255.]), text='1 .', units='norm', win=Window(...), wrapWidth=1)
4.7757 	EXP 	Created blackProc_2 = Rect(__class__=<class 'psychopy.visual.rect.Rect'>, autoDraw=False, autoLog=True, closeShape=True, color=method-wrapper(...), colorSpace=None, contrast=1.0, depth=-1.0, fillColor='black', fillColorSpace='named', fillRGB=array([0., 0., 0.]), interpolate=True, lineColor='black', lineColorSpace='named', lineRGB=array([0., 0., 0.]), lineWidth=1, name='blackProc_2', opacity=1.0, ori=array(0.), pos=array([0., 0.]), size=array([1., 1.]), units='norm', vertices=ndarray(...), win=Window(...))
4.7762 	EXP 	Created greenProc_2 = Rect(__class__=<class 'psychopy.visual.rect.Rect'>, autoDraw=False, autoLog=True, closeShape=True, color=method-wrapper(...), colorSpace=None, contrast=1.0, depth=-2.0, fillColor='green', fillColorSpace='named', fillRGB=array([  0., 128.,   0.]), interpolate=True, lineColor='green', lineColorSpace='named', lineRGB=array([  0., 128.,   0.]), lineWidth=1, name='greenProc_2', opacity=1.0, ori=array(0.), pos=array([0., 0.]), size=array([1., 1.]), units='norm', vertices=ndarray(...), win=Window(...))
4.7779 	EXP 	Created ProcTarget_2 = ImageStim(__class__=<class 'psychopy.visual.image.ImageStim'>, autoLog=True, color=array([1., 1., 1.]), colorSpace='rgb', contrast=1.0, depth=-3.0, flipHoriz=False, flipVert=False, image='sin', interpolate=True, mask=None, maskParams=None, name='ProcTarget_2', opacity=1.0, ori=0.0, pos=array([-0.4,  0. ]), size=array([1., 1.]), texRes=128, units='norm', win=Window(...))
4.7794 	EXP 	Created ProcPicture_2 = ImageStim(__class__=<class 'psychopy.visual.image.ImageStim'>, autoLog=True, color=array([1., 1., 1.]), colorSpace='rgb', contrast=1.0, depth=-4.0, flipHoriz=False, flipVert=False, image='sin', interpolate=True, mask=None, maskParams=None, name='ProcPicture_2', opacity=1.0, ori=0.0, pos=array([0.4, 0. ]), size=array([1., 1.]), texRes=128, units='norm', win=Window(...))
4.7800 	EXP 	Created blackWaitInterTrial_3 = Rect(__class__=<class 'psychopy.visual.rect.Rect'>, autoDraw=False, autoLog=True, closeShape=True, color=method-wrapper(...), colorSpace=None, contrast=1.0, depth=0.0, fillColor='black', fillColorSpace='named', fillRGB=array([0., 0., 0.]), interpolate=True, lineColor='black', lineColorSpace='named', lineRGB=array([0., 0., 0.]), lineWidth=1, name='blackWaitInterTrial_3', opacity=1.0, ori=array(0.), pos=array([0., 0.]), size=array([1., 1.]), units='norm', vertices=ndarray(...), win=Window(...))
4.7854 	EXP 	Created whiteWaitInterTrial_3 = ImageStim(__class__=<class 'psychopy.visual.image.ImageStim'>, autoLog=True, color=array([1., 1., 1.]), colorSpace='rgb', contrast=1.0, depth=-1.0, flipHoriz=False, flipVert=False, image='./stimuli/images/blank.bmp', interpolate=True, mask=None, maskParams=None, name='whiteWaitInterTrial_3', opacity=1.0, ori=0.0, pos=array([0., 0.]), size=array([1., 1.]), texRes=128, units='norm', win=Window(...))
4.7860 	EXP 	Created blackTrial_2 = Rect(__class__=<class 'psychopy.visual.rect.Rect'>, autoDraw=False, autoLog=True, closeShape=True, color=method-wrapper(...), colorSpace=None, contrast=1.0, depth=-1.0, fillColor='black', fillColorSpace='named', fillRGB=array([0., 0., 0.]), interpolate=True, lineColor='black', lineColorSpace='named', lineRGB=array([0., 0., 0.]), lineWidth=1, name='blackTrial_2', opacity=1.0, ori=array(0.), pos=array([0., 0.]), size=array([1., 1.]), units='norm', vertices=ndarray(...), win=Window(...))
4.7866 	EXP 	Created whiteTrial_2 = Rect(__class__=<class 'psychopy.visual.rect.Rect'>, autoDraw=False, autoLog=True, closeShape=True, color=method-wrapper(...), colorSpace=None, contrast=1.0, depth=-2.0, fillColor='white', fillColorSpace='named', fillRGB=array([255., 255., 255.]), interpolate=True, lineColor='white', lineColorSpace='named', lineRGB=array([255., 255., 255.]), lineWidth=1, name='whiteTrial_2', opacity=1.0, ori=array(0.), pos=array([0., 0.]), size=array([1., 1.]), units='norm', vertices=ndarray(...), win=Window(...))
4.7881 	EXP 	Created TrialPicture_2 = ImageStim(__class__=<class 'psychopy.visual.image.ImageStim'>, autoLog=True, color=array([1., 1., 1.]), colorSpace='rgb', contrast=1.0, depth=-3.0, flipHoriz=False, flipVert=False, image='sin', interpolate=True, mask=None, maskParams=None, name='TrialPicture_2', opacity=1.0, ori=0.0, pos=array([0., 0.]), size=array([1., 1.]), texRes=128, units='norm', win=Window(...))
4.7891 	EXP 	Created green_2 = ShapeStim(__class__=<class 'psychopy.visual.shape.ShapeStim'>, autoDraw=False, autoLog=True, closeShape=True, contrast=1.0, depth=-6.0, fillColor='green', fillColorSpace='named', interpolate=True, lineColor='green', lineColorSpace='named', lineWidth=1, name='green_2', opacity=1.0, ori=array(0.), pos=array([0., 0.]), size=array([0.05, 0.05]), units='norm', vertices=ndarray(...), win=Window(...), windingRule=None)
4.7897 	EXP 	Created red_2 = Rect(__class__=<class 'psychopy.visual.rect.Rect'>, autoDraw=False, autoLog=True, closeShape=True, color=method-wrapper(...), colorSpace=None, contrast=1.0, depth=-7.0, fillColor='red', fillColorSpace='named', fillRGB=array([255.,   0.,   0.]), interpolate=True, lineColor='red', lineColorSpace='named', lineRGB=array([255.,   0.,   0.]), lineWidth=1, name='red_2', opacity=1.0, ori=array(0.), pos=array([0., 0.]), size=array([1., 1.]), units='norm', vertices=ndarray(...), win=Window(...))
4.7902 	EXP 	Created blackWaitInterTrial_4 = Rect(__class__=<class 'psychopy.visual.rect.Rect'>, autoDraw=False, autoLog=True, closeShape=True, color=method-wrapper(...), colorSpace=None, contrast=1.0, depth=-1.0, fillColor='black', fillColorSpace='named', fillRGB=array([0., 0., 0.]), interpolate=True, lineColor='black', lineColorSpace='named', lineRGB=array([0., 0., 0.]), lineWidth=1, name='blackWaitInterTrial_4', opacity=1.0, ori=array(0.), pos=array([0., 0.]), size=array([1., 1.]), units='norm', vertices=ndarray(...), win=Window(...))
4.7961 	EXP 	Created whiteWaitInterTrial_4 = ImageStim(__class__=<class 'psychopy.visual.image.ImageStim'>, autoLog=True, color=array([1., 1., 1.]), colorSpace='rgb', contrast=1.0, depth=-2.0, flipHoriz=False, flipVert=False, image='./stimuli/images/blank.bmp', interpolate=True, mask=None, maskParams=None, name='whiteWaitInterTrial_4', opacity=1.0, ori=0.0, pos=array([0., 0.]), size=array([1., 1.]), texRes=128, units='norm', win=Window(...))
4.7967 	EXP 	Created green_fb_2 = ShapeStim(__class__=<class 'psychopy.visual.shape.ShapeStim'>, autoDraw=False, autoLog=True, closeShape=True, contrast=1.0, depth=-3.0, fillColor='green', fillColorSpace='named', interpolate=True, lineColor='green', lineColorSpace='named', lineWidth=1, name='green_fb_2', opacity=1.0, ori=array(0.), pos=array([0., 0.]), size=array([1., 1.]), units='norm', vertices=ndarray(...), win=Window(...), windingRule=None)
4.7972 	EXP 	Created red_fb_2 = Rect(__class__=<class 'psychopy.visual.rect.Rect'>, autoDraw=False, autoLog=True, closeShape=True, color=method-wrapper(...), colorSpace=None, contrast=1.0, depth=-4.0, fillColor='red', fillColorSpace='named', fillRGB=array([255.,   0.,   0.]), interpolate=True, lineColor='red', lineColorSpace='named', lineRGB=array([255.,   0.,   0.]), lineWidth=1, name='red_fb_2', opacity=1.0, ori=array(0.), pos=array([0., 0.]), size=array([1., 1.]), units='norm', vertices=ndarray(...), win=Window(...))
4.7977 	EXP 	Created fixation_2 = Rect(__class__=<class 'psychopy.visual.rect.Rect'>, autoDraw=False, autoLog=True, closeShape=True, color=method-wrapper(...), colorSpace=None, contrast=1.0, depth=0.0, fillColor='black', fillColorSpace='named', fillRGB=array([0., 0., 0.]), interpolate=True, lineColor='black', lineColorSpace='named', lineRGB=array([0., 0., 0.]), lineWidth=1, name='fixation_2', opacity=1.0, ori=array(0.), pos=array([0., 0.]), size=array([1., 1.]), units='norm', vertices=ndarray(...), win=Window(...))
4.8028 	EXP 	Created fixationImage_2 = ImageStim(__class__=<class 'psychopy.visual.image.ImageStim'>, autoLog=True, color=array([1., 1., 1.]), colorSpace='rgb', contrast=1.0, depth=-1.0, flipHoriz=False, flipVert=False, image='./stimuli/images/fix.bmp', interpolate=True, mask=None, maskParams=None, name='fixationImage_2', opacity=1.0, ori=0.0, pos=array([0., 0.]), size=array([1., 1.]), texRes=128, units='norm', win=Window(...))
4.8034 	EXP 	Created polygon_end_2 = Rect(__class__=<class 'psychopy.visual.rect.Rect'>, autoDraw=False, autoLog=True, closeShape=True, color=method-wrapper(...), colorSpace=None, contrast=1.0, depth=0.0, fillColor='black', fillColorSpace='named', fillRGB=array([0., 0., 0.]), interpolate=True, lineColor='black', lineColorSpace='named', lineRGB=array([0., 0., 0.]), lineWidth=1, name='polygon_end_2', opacity=1.0, ori=array(0.), pos=array([0., 0.]), size=array([1., 1.]), units='norm', vertices=ndarray(...), win=Window(...))
4.8107 	EXP 	Created end_text_2 = TextStim(__class__=<class 'psychopy.visual.text.TextStim'>, alignHoriz='center', alignVert='center', antialias=True, autoLog=True, bold=False, color='white', colorSpace='named', contrast=1.0, depth=-1.0, flipHoriz=False, flipVert=False, font='Arial', fontFiles=[], height=0.1, italic=False, languageStyle='LTR', name='end_text_2', opacity=1.0, ori=0, pos=array([0., 0.]), rgb=array([255., 255., 255.]), text='Thank you for your participation!', units='norm', win=Window(...), wrapWidth=1)
5.2714 	WARNING 	Hamming was requested using the 'pygame' sound library but hamming is not supported there.
5.2722 	EXP 	Set sound_1 sound=./lib/sound/bird.wav
5.2723 	WARNING 	Hamming was requested using the 'pygame' sound library but hamming is not supported there.
5.2728 	EXP 	Set sound_2 sound=./lib/sound/bang.wav
5.3287 	EXP 	polygon_1: autoDraw = True
5.3287 	EXP 	descriptionText_1: autoDraw = True
6.0038 	DATA 	Keypress: space
6.0126 	EXP 	polygon_1: autoDraw = False
6.0126 	EXP 	descriptionText_1: autoDraw = False
6.0126 	EXP 	fixationImage10: size = array([0.75, 1.  ])
6.0126 	EXP 	fixation10: autoDraw = True
6.0126 	EXP 	fixationImage10: autoDraw = True
6.0126 	EXP 	text: autoDraw = True
6.9968 	EXP 	text_2: autoDraw = True
7.0135 	EXP 	text: autoDraw = False
7.9979 	EXP 	text_2: autoDraw = False
7.9979 	EXP 	text_3: autoDraw = True
9.0012 	EXP 	text_3: autoDraw = False
9.0018 	EXP 	Created sequence: sequential, trialTypes=1, nReps=1, seed=None
9.0020 	EXP 	New trial (rep=0, index=0): None
9.0195 	EXP 	fixation10: autoDraw = False
9.0195 	EXP 	fixationImage10: autoDraw = False
9.0195 	EXP 	text: autoDraw = False
9.0195 	EXP 	text_2: autoDraw = False
9.0195 	EXP 	text_3: autoDraw = False
9.0195 	EXP 	greenProc: size = array([1.6, 1.2])
9.0195 	EXP 	ProcTarget: size = array([0.75, 1.  ])
9.0195 	EXP 	ProcTarget: image = './stimuli/images/205.bmp'
9.0195 	EXP 	ProcPicture: size = array([0.75, 1.  ])
9.0195 	EXP 	ProcPicture: image = './stimuli/images/142.bmp'
9.0195 	EXP 	blackProc: autoDraw = True
9.0195 	EXP 	greenProc: autoDraw = True
9.0195 	EXP 	ProcTarget: autoDraw = True
9.0195 	EXP 	ProcPicture: autoDraw = True
12.5206 	EXP 	blackProc: autoDraw = False
12.5206 	EXP 	greenProc: autoDraw = False
12.5206 	EXP 	ProcTarget: autoDraw = False
12.5206 	EXP 	ProcPicture: autoDraw = False
12.5206 	EXP 	blackProc: autoDraw = False
12.5206 	EXP 	greenProc: autoDraw = False
12.5206 	EXP 	ProcTarget: autoDraw = False
12.5206 	EXP 	ProcPicture: autoDraw = False
12.5206 	EXP 	whiteWaitInterTrial: size = array([0.75, 1.  ])
12.5206 	EXP 	blackWaitInterTrial: autoDraw = True
12.5206 	EXP 	whiteWaitInterTrial: autoDraw = True
14.0094 	EXP 	Created sequence: sequential, trialTypes=1, nReps=20, seed=None
14.0096 	EXP 	New trial (rep=0, index=0): None
14.0262 	EXP 	blackWaitInterTrial: autoDraw = False
14.0262 	EXP 	whiteWaitInterTrial: autoDraw = False
14.0262 	EXP 	blackWaitInterTrial: autoDraw = False
14.0262 	EXP 	whiteWaitInterTrial: autoDraw = False
14.0262 	EXP 	TrialPicture: size = array([0.75, 1.  ])
14.0262 	EXP 	TrialPicture: image = './stimuli/images/142.bmp'
14.0262 	EXP 	blackTrial: autoDraw = True
14.0262 	EXP 	whiteTrial: autoDraw = True
14.0262 	EXP 	TrialPicture: autoDraw = True
14.0262 	EXP 	green_1: autoDraw = True
14.0262 	EXP 	red_1: autoDraw = True
15.0410 	EXP 	blackTrial: autoDraw = False
15.0410 	EXP 	whiteTrial: autoDraw = False
15.0410 	EXP 	TrialPicture: autoDraw = False
15.0410 	EXP 	green_1: autoDraw = False
15.0410 	EXP 	red_1: autoDraw = False
15.0410 	EXP 	blackTrial: autoDraw = False
15.0410 	EXP 	whiteTrial: autoDraw = False
15.0410 	EXP 	TrialPicture: autoDraw = False
15.0410 	EXP 	green_1: autoDraw = False
15.0410 	EXP 	red_1: autoDraw = False
15.0410 	EXP 	whiteWaitInterTrial_2: size = array([0.75, 1.  ])
15.0410 	EXP 	blackWaitInterTrial_2: autoDraw = True
15.0410 	EXP 	whiteWaitInterTrial_2: autoDraw = True
15.0410 	EXP 	green_fb_1: autoDraw = True
15.0410 	EXP 	red_fb_1: autoDraw = True
16.8287 	EXP 	New trial (rep=1, index=0): None
16.8431 	EXP 	blackWaitInterTrial_2: autoDraw = False
16.8431 	EXP 	whiteWaitInterTrial_2: autoDraw = False
16.8431 	EXP 	green_fb_1: autoDraw = False
16.8431 	EXP 	red_fb_1: autoDraw = False
16.8431 	EXP 	blackWaitInterTrial_2: autoDraw = False
16.8431 	EXP 	whiteWaitInterTrial_2: autoDraw = False
16.8431 	EXP 	green_fb_1: autoDraw = False
16.8431 	EXP 	red_fb_1: autoDraw = False
16.8431 	EXP 	TrialPicture: size = array([0.75, 1.  ])
16.8431 	EXP 	TrialPicture: image = './stimuli/images/186.bmp'
16.8431 	EXP 	blackTrial: autoDraw = True
16.8431 	EXP 	whiteTrial: autoDraw = True
16.8431 	EXP 	TrialPicture: autoDraw = True
16.8431 	EXP 	green_1: autoDraw = True
16.8431 	EXP 	red_1: autoDraw = True
17.8591 	EXP 	blackTrial: autoDraw = False
17.8591 	EXP 	whiteTrial: autoDraw = False
17.8591 	EXP 	TrialPicture: autoDraw = False
17.8591 	EXP 	green_1: autoDraw = False
17.8591 	EXP 	red_1: autoDraw = False
17.8591 	EXP 	blackTrial: autoDraw = False
17.8591 	EXP 	whiteTrial: autoDraw = False
17.8591 	EXP 	TrialPicture: autoDraw = False
17.8591 	EXP 	green_1: autoDraw = False
17.8591 	EXP 	red_1: autoDraw = False
17.8591 	EXP 	whiteWaitInterTrial_2: size = array([0.75, 1.  ])
17.8591 	EXP 	blackWaitInterTrial_2: autoDraw = True
17.8591 	EXP 	whiteWaitInterTrial_2: autoDraw = True
17.8591 	EXP 	green_fb_1: autoDraw = True
17.8591 	EXP 	red_fb_1: autoDraw = True
19.6475 	EXP 	New trial (rep=2, index=0): None
19.6624 	EXP 	blackWaitInterTrial_2: autoDraw = False
19.6624 	EXP 	whiteWaitInterTrial_2: autoDraw = False
19.6624 	EXP 	green_fb_1: autoDraw = False
19.6624 	EXP 	red_fb_1: autoDraw = False
19.6624 	EXP 	blackWaitInterTrial_2: autoDraw = False
19.6624 	EXP 	whiteWaitInterTrial_2: autoDraw = False
19.6624 	EXP 	green_fb_1: autoDraw = False
19.6624 	EXP 	red_fb_1: autoDraw = False
19.6624 	EXP 	TrialPicture: size = array([0.75, 1.  ])
19.6624 	EXP 	TrialPicture: image = './stimuli/images/205.bmp'
19.6624 	EXP 	blackTrial: autoDraw = True
19.6624 	EXP 	whiteTrial: autoDraw = True
19.6624 	EXP 	TrialPicture: autoDraw = True
19.6624 	EXP 	green_1: autoDraw = True
19.6624 	EXP 	red_1: autoDraw = True
20.6784 	EXP 	blackTrial: autoDraw = False
20.6784 	EXP 	whiteTrial: autoDraw = False
20.6784 	EXP 	TrialPicture: autoDraw = False
20.6784 	EXP 	green_1: autoDraw = False
20.6784 	EXP 	red_1: autoDraw = False
20.6784 	EXP 	blackTrial: autoDraw = False
20.6784 	EXP 	whiteTrial: autoDraw = False
20.6784 	EXP 	TrialPicture: autoDraw = False
20.6784 	EXP 	green_1: autoDraw = False
20.6784 	EXP 	red_1: autoDraw = False
20.6784 	EXP 	whiteWaitInterTrial_2: size = array([0.75, 1.  ])
20.6784 	EXP 	blackWaitInterTrial_2: autoDraw = True
20.6784 	EXP 	whiteWaitInterTrial_2: autoDraw = True
20.6784 	EXP 	green_fb_1: autoDraw = True
20.6784 	EXP 	red_fb_1: autoDraw = True
22.3679 	EXP 	New trial (rep=3, index=0): None
22.3847 	EXP 	blackWaitInterTrial_2: autoDraw = False
22.3847 	EXP 	whiteWaitInterTrial_2: autoDraw = False
22.3847 	EXP 	green_fb_1: autoDraw = False
22.3847 	EXP 	red_fb_1: autoDraw = False
22.3847 	EXP 	blackWaitInterTrial_2: autoDraw = False
22.3847 	EXP 	whiteWaitInterTrial_2: autoDraw = False
22.3847 	EXP 	green_fb_1: autoDraw = False
22.3847 	EXP 	red_fb_1: autoDraw = False
22.3847 	EXP 	TrialPicture: size = array([0.75, 1.  ])
22.3847 	EXP 	TrialPicture: image = './stimuli/images/149.bmp'
22.3847 	EXP 	blackTrial: autoDraw = True
22.3847 	EXP 	whiteTrial: autoDraw = True
22.3847 	EXP 	TrialPicture: autoDraw = True
22.3847 	EXP 	green_1: autoDraw = True
22.3847 	EXP 	red_1: autoDraw = True
23.3974 	EXP 	blackTrial: autoDraw = False
23.3974 	EXP 	whiteTrial: autoDraw = False
23.3974 	EXP 	TrialPicture: autoDraw = False
23.3974 	EXP 	green_1: autoDraw = False
23.3974 	EXP 	red_1: autoDraw = False
23.3974 	EXP 	blackTrial: autoDraw = False
23.3974 	EXP 	whiteTrial: autoDraw = False
23.3974 	EXP 	TrialPicture: autoDraw = False
23.3974 	EXP 	green_1: autoDraw = False
23.3974 	EXP 	red_1: autoDraw = False
23.3974 	EXP 	whiteWaitInterTrial_2: size = array([0.75, 1.  ])
23.3974 	EXP 	blackWaitInterTrial_2: autoDraw = True
23.3974 	EXP 	whiteWaitInterTrial_2: autoDraw = True
23.3974 	EXP 	green_fb_1: autoDraw = True
23.3974 	EXP 	red_fb_1: autoDraw = True
24.9853 	EXP 	New trial (rep=4, index=0): None
24.9998 	EXP 	blackWaitInterTrial_2: autoDraw = False
24.9998 	EXP 	whiteWaitInterTrial_2: autoDraw = False
24.9998 	EXP 	green_fb_1: autoDraw = False
24.9998 	EXP 	red_fb_1: autoDraw = False
24.9998 	EXP 	blackWaitInterTrial_2: autoDraw = False
24.9998 	EXP 	whiteWaitInterTrial_2: autoDraw = False
24.9998 	EXP 	green_fb_1: autoDraw = False
24.9998 	EXP 	red_fb_1: autoDraw = False
24.9998 	EXP 	TrialPicture: size = array([0.75, 1.  ])
24.9998 	EXP 	TrialPicture: image = './stimuli/images/142.bmp'
24.9998 	EXP 	blackTrial: autoDraw = True
24.9998 	EXP 	whiteTrial: autoDraw = True
24.9998 	EXP 	TrialPicture: autoDraw = True
24.9998 	EXP 	green_1: autoDraw = True
24.9998 	EXP 	red_1: autoDraw = True
26.0163 	EXP 	blackTrial: autoDraw = False
26.0163 	EXP 	whiteTrial: autoDraw = False
26.0163 	EXP 	TrialPicture: autoDraw = False
26.0163 	EXP 	green_1: autoDraw = False
26.0163 	EXP 	red_1: autoDraw = False
26.0163 	EXP 	blackTrial: autoDraw = False
26.0163 	EXP 	whiteTrial: autoDraw = False
26.0163 	EXP 	TrialPicture: autoDraw = False
26.0163 	EXP 	green_1: autoDraw = False
26.0163 	EXP 	red_1: autoDraw = False
26.0163 	EXP 	whiteWaitInterTrial_2: size = array([0.75, 1.  ])
26.0163 	EXP 	blackWaitInterTrial_2: autoDraw = True
26.0163 	EXP 	whiteWaitInterTrial_2: autoDraw = True
26.0163 	EXP 	green_fb_1: autoDraw = True
26.0163 	EXP 	red_fb_1: autoDraw = True
27.6042 	EXP 	New trial (rep=5, index=0): None
27.6187 	EXP 	blackWaitInterTrial_2: autoDraw = False
27.6187 	EXP 	whiteWaitInterTrial_2: autoDraw = False
27.6187 	EXP 	green_fb_1: autoDraw = False
27.6187 	EXP 	red_fb_1: autoDraw = False
27.6187 	EXP 	blackWaitInterTrial_2: autoDraw = False
27.6187 	EXP 	whiteWaitInterTrial_2: autoDraw = False
27.6187 	EXP 	green_fb_1: autoDraw = False
27.6187 	EXP 	red_fb_1: autoDraw = False
27.6187 	EXP 	TrialPicture: size = array([0.75, 1.  ])
27.6187 	EXP 	TrialPicture: image = './stimuli/images/205.bmp'
27.6187 	EXP 	blackTrial: autoDraw = True
27.6187 	EXP 	whiteTrial: autoDraw = True
27.6187 	EXP 	TrialPicture: autoDraw = True
27.6187 	EXP 	green_1: autoDraw = True
27.6187 	EXP 	red_1: autoDraw = True
28.6373 	EXP 	blackTrial: autoDraw = False
28.6373 	EXP 	whiteTrial: autoDraw = False
28.6373 	EXP 	TrialPicture: autoDraw = False
28.6373 	EXP 	green_1: autoDraw = False
28.6373 	EXP 	red_1: autoDraw = False
28.6373 	EXP 	blackTrial: autoDraw = False
28.6373 	EXP 	whiteTrial: autoDraw = False
28.6373 	EXP 	TrialPicture: autoDraw = False
28.6373 	EXP 	green_1: autoDraw = False
28.6373 	EXP 	red_1: autoDraw = False
28.6373 	EXP 	whiteWaitInterTrial_2: size = array([0.75, 1.  ])
28.6373 	EXP 	blackWaitInterTrial_2: autoDraw = True
28.6373 	EXP 	whiteWaitInterTrial_2: autoDraw = True
28.6373 	EXP 	green_fb_1: autoDraw = True
28.6373 	EXP 	red_fb_1: autoDraw = True
30.4237 	EXP 	New trial (rep=6, index=0): None
30.4551 	EXP 	blackWaitInterTrial_2: autoDraw = False
30.4551 	EXP 	whiteWaitInterTrial_2: autoDraw = False
30.4551 	EXP 	green_fb_1: autoDraw = False
30.4551 	EXP 	red_fb_1: autoDraw = False
30.4551 	EXP 	blackWaitInterTrial_2: autoDraw = False
30.4551 	EXP 	whiteWaitInterTrial_2: autoDraw = False
30.4551 	EXP 	green_fb_1: autoDraw = False
30.4551 	EXP 	red_fb_1: autoDraw = False
30.4551 	EXP 	TrialPicture: size = array([0.75, 1.  ])
30.4551 	EXP 	TrialPicture: image = './stimuli/images/149.bmp'
30.4551 	EXP 	blackTrial: autoDraw = True
30.4551 	EXP 	whiteTrial: autoDraw = True
30.4551 	EXP 	TrialPicture: autoDraw = True
30.4551 	EXP 	green_1: autoDraw = True
30.4551 	EXP 	red_1: autoDraw = True
31.4716 	EXP 	blackTrial: autoDraw = False
31.4716 	EXP 	whiteTrial: autoDraw = False
31.4716 	EXP 	TrialPicture: autoDraw = False
31.4716 	EXP 	green_1: autoDraw = False
31.4716 	EXP 	red_1: autoDraw = False
31.4716 	EXP 	blackTrial: autoDraw = False
31.4716 	EXP 	whiteTrial: autoDraw = False
31.4716 	EXP 	TrialPicture: autoDraw = False
31.4716 	EXP 	green_1: autoDraw = False
31.4716 	EXP 	red_1: autoDraw = False
31.4716 	EXP 	whiteWaitInterTrial_2: size = array([0.75, 1.  ])
31.4716 	EXP 	blackWaitInterTrial_2: autoDraw = True
31.4716 	EXP 	whiteWaitInterTrial_2: autoDraw = True
31.4716 	EXP 	green_fb_1: autoDraw = True
31.4716 	EXP 	red_fb_1: autoDraw = True
33.0588 	EXP 	New trial (rep=7, index=0): None
33.0893 	EXP 	blackWaitInterTrial_2: autoDraw = False
33.0893 	EXP 	whiteWaitInterTrial_2: autoDraw = False
33.0893 	EXP 	green_fb_1: autoDraw = False
33.0893 	EXP 	red_fb_1: autoDraw = False
33.0893 	EXP 	blackWaitInterTrial_2: autoDraw = False
33.0893 	EXP 	whiteWaitInterTrial_2: autoDraw = False
33.0893 	EXP 	green_fb_1: autoDraw = False
33.0893 	EXP 	red_fb_1: autoDraw = False
33.0893 	EXP 	TrialPicture: size = array([0.75, 1.  ])
33.0893 	EXP 	TrialPicture: image = './stimuli/images/186.bmp'
33.0893 	EXP 	blackTrial: autoDraw = True
33.0893 	EXP 	whiteTrial: autoDraw = True
33.0893 	EXP 	TrialPicture: autoDraw = True
33.0893 	EXP 	green_1: autoDraw = True
33.0893 	EXP 	red_1: autoDraw = True
34.0912 	EXP 	blackTrial: autoDraw = False
34.0912 	EXP 	whiteTrial: autoDraw = False
34.0912 	EXP 	TrialPicture: autoDraw = False
34.0912 	EXP 	green_1: autoDraw = False
34.0912 	EXP 	red_1: autoDraw = False
34.0912 	EXP 	blackTrial: autoDraw = False
34.0912 	EXP 	whiteTrial: autoDraw = False
34.0912 	EXP 	TrialPicture: autoDraw = False
34.0912 	EXP 	green_1: autoDraw = False
34.0912 	EXP 	red_1: autoDraw = False
34.0912 	EXP 	whiteWaitInterTrial_2: size = array([0.75, 1.  ])
34.0912 	EXP 	blackWaitInterTrial_2: autoDraw = True
34.0912 	EXP 	whiteWaitInterTrial_2: autoDraw = True
34.0912 	EXP 	green_fb_1: autoDraw = True
34.0912 	EXP 	red_fb_1: autoDraw = True
35.7778 	EXP 	New trial (rep=8, index=0): None
35.7930 	EXP 	blackWaitInterTrial_2: autoDraw = False
35.7930 	EXP 	whiteWaitInterTrial_2: autoDraw = False
35.7930 	EXP 	green_fb_1: autoDraw = False
35.7930 	EXP 	red_fb_1: autoDraw = False
35.7930 	EXP 	blackWaitInterTrial_2: autoDraw = False
35.7930 	EXP 	whiteWaitInterTrial_2: autoDraw = False
35.7930 	EXP 	green_fb_1: autoDraw = False
35.7930 	EXP 	red_fb_1: autoDraw = False
35.7930 	EXP 	TrialPicture: size = array([0.75, 1.  ])
35.7930 	EXP 	TrialPicture: image = './stimuli/images/205.bmp'
35.7930 	EXP 	blackTrial: autoDraw = True
35.7930 	EXP 	whiteTrial: autoDraw = True
35.7930 	EXP 	TrialPicture: autoDraw = True
35.7930 	EXP 	green_1: autoDraw = True
35.7930 	EXP 	red_1: autoDraw = True
36.8091 	EXP 	blackTrial: autoDraw = False
36.8091 	EXP 	whiteTrial: autoDraw = False
36.8091 	EXP 	TrialPicture: autoDraw = False
36.8091 	EXP 	green_1: autoDraw = False
36.8091 	EXP 	red_1: autoDraw = False
36.8091 	EXP 	blackTrial: autoDraw = False
36.8091 	EXP 	whiteTrial: autoDraw = False
36.8091 	EXP 	TrialPicture: autoDraw = False
36.8091 	EXP 	green_1: autoDraw = False
36.8091 	EXP 	red_1: autoDraw = False
36.8091 	EXP 	whiteWaitInterTrial_2: size = array([0.75, 1.  ])
36.8091 	EXP 	blackWaitInterTrial_2: autoDraw = True
36.8091 	EXP 	whiteWaitInterTrial_2: autoDraw = True
36.8091 	EXP 	green_fb_1: autoDraw = True
36.8091 	EXP 	red_fb_1: autoDraw = True
38.5970 	EXP 	New trial (rep=9, index=0): None
38.6120 	EXP 	blackWaitInterTrial_2: autoDraw = False
38.6120 	EXP 	whiteWaitInterTrial_2: autoDraw = False
38.6120 	EXP 	green_fb_1: autoDraw = False
38.6120 	EXP 	red_fb_1: autoDraw = False
38.6120 	EXP 	blackWaitInterTrial_2: autoDraw = False
38.6120 	EXP 	whiteWaitInterTrial_2: autoDraw = False
38.6120 	EXP 	green_fb_1: autoDraw = False
38.6120 	EXP 	red_fb_1: autoDraw = False
38.6120 	EXP 	TrialPicture: size = array([0.75, 1.  ])
38.6120 	EXP 	TrialPicture: image = './stimuli/images/149.bmp'
38.6120 	EXP 	blackTrial: autoDraw = True
38.6120 	EXP 	whiteTrial: autoDraw = True
38.6120 	EXP 	TrialPicture: autoDraw = True
38.6120 	EXP 	green_1: autoDraw = True
38.6120 	EXP 	red_1: autoDraw = True
39.6264 	EXP 	blackTrial: autoDraw = False
39.6264 	EXP 	whiteTrial: autoDraw = False
39.6264 	EXP 	TrialPicture: autoDraw = False
39.6264 	EXP 	green_1: autoDraw = False
39.6264 	EXP 	red_1: autoDraw = False
39.6264 	EXP 	blackTrial: autoDraw = False
39.6264 	EXP 	whiteTrial: autoDraw = False
39.6264 	EXP 	TrialPicture: autoDraw = False
39.6264 	EXP 	green_1: autoDraw = False
39.6264 	EXP 	red_1: autoDraw = False
39.6264 	EXP 	whiteWaitInterTrial_2: size = array([0.75, 1.  ])
39.6264 	EXP 	blackWaitInterTrial_2: autoDraw = True
39.6264 	EXP 	whiteWaitInterTrial_2: autoDraw = True
39.6264 	EXP 	green_fb_1: autoDraw = True
39.6264 	EXP 	red_fb_1: autoDraw = True
41.2155 	EXP 	New trial (rep=10, index=0): None
41.2299 	EXP 	blackWaitInterTrial_2: autoDraw = False
41.2299 	EXP 	whiteWaitInterTrial_2: autoDraw = False
41.2299 	EXP 	green_fb_1: autoDraw = False
41.2299 	EXP 	red_fb_1: autoDraw = False
41.2299 	EXP 	blackWaitInterTrial_2: autoDraw = False
41.2299 	EXP 	whiteWaitInterTrial_2: autoDraw = False
41.2299 	EXP 	green_fb_1: autoDraw = False
41.2299 	EXP 	red_fb_1: autoDraw = False
41.2299 	EXP 	TrialPicture: size = array([0.75, 1.  ])
41.2299 	EXP 	TrialPicture: image = './stimuli/images/149.bmp'
41.2299 	EXP 	blackTrial: autoDraw = True
41.2299 	EXP 	whiteTrial: autoDraw = True
41.2299 	EXP 	TrialPicture: autoDraw = True
41.2299 	EXP 	green_1: autoDraw = True
41.2299 	EXP 	red_1: autoDraw = True
42.2475 	EXP 	blackTrial: autoDraw = False
42.2475 	EXP 	whiteTrial: autoDraw = False
42.2475 	EXP 	TrialPicture: autoDraw = False
42.2475 	EXP 	green_1: autoDraw = False
42.2475 	EXP 	red_1: autoDraw = False
42.2475 	EXP 	blackTrial: autoDraw = False
42.2475 	EXP 	whiteTrial: autoDraw = False
42.2475 	EXP 	TrialPicture: autoDraw = False
42.2475 	EXP 	green_1: autoDraw = False
42.2475 	EXP 	red_1: autoDraw = False
42.2475 	EXP 	whiteWaitInterTrial_2: size = array([0.75, 1.  ])
42.2475 	EXP 	blackWaitInterTrial_2: autoDraw = True
42.2475 	EXP 	whiteWaitInterTrial_2: autoDraw = True
42.2475 	EXP 	green_fb_1: autoDraw = True
42.2475 	EXP 	red_fb_1: autoDraw = True
43.9369 	EXP 	New trial (rep=11, index=0): None
43.9511 	EXP 	blackWaitInterTrial_2: autoDraw = False
43.9511 	EXP 	whiteWaitInterTrial_2: autoDraw = False
43.9511 	EXP 	green_fb_1: autoDraw = False
43.9511 	EXP 	red_fb_1: autoDraw = False
43.9511 	EXP 	blackWaitInterTrial_2: autoDraw = False
43.9511 	EXP 	whiteWaitInterTrial_2: autoDraw = False
43.9511 	EXP 	green_fb_1: autoDraw = False
43.9511 	EXP 	red_fb_1: autoDraw = False
43.9511 	EXP 	TrialPicture: size = array([0.75, 1.  ])
43.9511 	EXP 	TrialPicture: image = './stimuli/images/186.bmp'
43.9511 	EXP 	blackTrial: autoDraw = True
43.9511 	EXP 	whiteTrial: autoDraw = True
43.9511 	EXP 	TrialPicture: autoDraw = True
43.9511 	EXP 	green_1: autoDraw = True
43.9511 	EXP 	red_1: autoDraw = True
44.9680 	EXP 	blackTrial: autoDraw = False
44.9680 	EXP 	whiteTrial: autoDraw = False
44.9680 	EXP 	TrialPicture: autoDraw = False
44.9680 	EXP 	green_1: autoDraw = False
44.9680 	EXP 	red_1: autoDraw = False
44.9680 	EXP 	blackTrial: autoDraw = False
44.9680 	EXP 	whiteTrial: autoDraw = False
44.9680 	EXP 	TrialPicture: autoDraw = False
44.9680 	EXP 	green_1: autoDraw = False
44.9680 	EXP 	red_1: autoDraw = False
44.9680 	EXP 	whiteWaitInterTrial_2: size = array([0.75, 1.  ])
44.9680 	EXP 	blackWaitInterTrial_2: autoDraw = True
44.9680 	EXP 	whiteWaitInterTrial_2: autoDraw = True
44.9680 	EXP 	green_fb_1: autoDraw = True
44.9680 	EXP 	red_fb_1: autoDraw = True
46.6541 	EXP 	New trial (rep=12, index=0): None
46.6686 	EXP 	blackWaitInterTrial_2: autoDraw = False
46.6686 	EXP 	whiteWaitInterTrial_2: autoDraw = False
46.6686 	EXP 	green_fb_1: autoDraw = False
46.6686 	EXP 	red_fb_1: autoDraw = False
46.6686 	EXP 	blackWaitInterTrial_2: autoDraw = False
46.6686 	EXP 	whiteWaitInterTrial_2: autoDraw = False
46.6686 	EXP 	green_fb_1: autoDraw = False
46.6686 	EXP 	red_fb_1: autoDraw = False
46.6686 	EXP 	TrialPicture: size = array([0.75, 1.  ])
46.6686 	EXP 	TrialPicture: image = './stimuli/images/142.bmp'
46.6686 	EXP 	blackTrial: autoDraw = True
46.6686 	EXP 	whiteTrial: autoDraw = True
46.6686 	EXP 	TrialPicture: autoDraw = True
46.6686 	EXP 	green_1: autoDraw = True
46.6686 	EXP 	red_1: autoDraw = True
47.6857 	EXP 	blackTrial: autoDraw = False
47.6857 	EXP 	whiteTrial: autoDraw = False
47.6857 	EXP 	TrialPicture: autoDraw = False
47.6857 	EXP 	green_1: autoDraw = False
47.6857 	EXP 	red_1: autoDraw = False
47.6857 	EXP 	blackTrial: autoDraw = False
47.6857 	EXP 	whiteTrial: autoDraw = False
47.6857 	EXP 	TrialPicture: autoDraw = False
47.6857 	EXP 	green_1: autoDraw = False
47.6857 	EXP 	red_1: autoDraw = False
47.6857 	EXP 	whiteWaitInterTrial_2: size = array([0.75, 1.  ])
47.6857 	EXP 	blackWaitInterTrial_2: autoDraw = True
47.6857 	EXP 	whiteWaitInterTrial_2: autoDraw = True
47.6857 	EXP 	green_fb_1: autoDraw = True
47.6857 	EXP 	red_fb_1: autoDraw = True
49.2729 	EXP 	New trial (rep=13, index=0): None
49.2873 	EXP 	blackWaitInterTrial_2: autoDraw = False
49.2873 	EXP 	whiteWaitInterTrial_2: autoDraw = False
49.2873 	EXP 	green_fb_1: autoDraw = False
49.2873 	EXP 	red_fb_1: autoDraw = False
49.2873 	EXP 	blackWaitInterTrial_2: autoDraw = False
49.2873 	EXP 	whiteWaitInterTrial_2: autoDraw = False
49.2873 	EXP 	green_fb_1: autoDraw = False
49.2873 	EXP 	red_fb_1: autoDraw = False
49.2873 	EXP 	TrialPicture: size = array([0.75, 1.  ])
49.2873 	EXP 	TrialPicture: image = './stimuli/images/186.bmp'
49.2873 	EXP 	blackTrial: autoDraw = True
49.2873 	EXP 	whiteTrial: autoDraw = True
49.2873 	EXP 	TrialPicture: autoDraw = True
49.2873 	EXP 	green_1: autoDraw = True
49.2873 	EXP 	red_1: autoDraw = True
50.3055 	EXP 	blackTrial: autoDraw = False
50.3055 	EXP 	whiteTrial: autoDraw = False
50.3055 	EXP 	TrialPicture: autoDraw = False
50.3055 	EXP 	green_1: autoDraw = False
50.3055 	EXP 	red_1: autoDraw = False
50.3055 	EXP 	blackTrial: autoDraw = False
50.3055 	EXP 	whiteTrial: autoDraw = False
50.3055 	EXP 	TrialPicture: autoDraw = False
50.3055 	EXP 	green_1: autoDraw = False
50.3055 	EXP 	red_1: autoDraw = False
50.3055 	EXP 	whiteWaitInterTrial_2: size = array([0.75, 1.  ])
50.3055 	EXP 	blackWaitInterTrial_2: autoDraw = True
50.3055 	EXP 	whiteWaitInterTrial_2: autoDraw = True
50.3055 	EXP 	green_fb_1: autoDraw = True
50.3055 	EXP 	red_fb_1: autoDraw = True
52.0922 	EXP 	New trial (rep=14, index=0): None
52.1072 	EXP 	blackWaitInterTrial_2: autoDraw = False
52.1072 	EXP 	whiteWaitInterTrial_2: autoDraw = False
52.1072 	EXP 	green_fb_1: autoDraw = False
52.1072 	EXP 	red_fb_1: autoDraw = False
52.1072 	EXP 	blackWaitInterTrial_2: autoDraw = False
52.1072 	EXP 	whiteWaitInterTrial_2: autoDraw = False
52.1072 	EXP 	green_fb_1: autoDraw = False
52.1072 	EXP 	red_fb_1: autoDraw = False
52.1072 	EXP 	TrialPicture: size = array([0.75, 1.  ])
52.1072 	EXP 	TrialPicture: image = './stimuli/images/205.bmp'
52.1072 	EXP 	blackTrial: autoDraw = True
52.1072 	EXP 	whiteTrial: autoDraw = True
52.1072 	EXP 	TrialPicture: autoDraw = True
52.1072 	EXP 	green_1: autoDraw = True
52.1072 	EXP 	red_1: autoDraw = True
53.1236 	EXP 	blackTrial: autoDraw = False
53.1236 	EXP 	whiteTrial: autoDraw = False
53.1236 	EXP 	TrialPicture: autoDraw = False
53.1236 	EXP 	green_1: autoDraw = False
53.1236 	EXP 	red_1: autoDraw = False
53.1236 	EXP 	blackTrial: autoDraw = False
53.1236 	EXP 	whiteTrial: autoDraw = False
53.1236 	EXP 	TrialPicture: autoDraw = False
53.1236 	EXP 	green_1: autoDraw = False
53.1236 	EXP 	red_1: autoDraw = False
53.1236 	EXP 	whiteWaitInterTrial_2: size = array([0.75, 1.  ])
53.1236 	EXP 	blackWaitInterTrial_2: autoDraw = True
53.1236 	EXP 	whiteWaitInterTrial_2: autoDraw = True
53.1236 	EXP 	green_fb_1: autoDraw = True
53.1236 	EXP 	red_fb_1: autoDraw = True
54.7110 	EXP 	New trial (rep=15, index=0): None
54.7265 	EXP 	blackWaitInterTrial_2: autoDraw = False
54.7265 	EXP 	whiteWaitInterTrial_2: autoDraw = False
54.7265 	EXP 	green_fb_1: autoDraw = False
54.7265 	EXP 	red_fb_1: autoDraw = False
54.7265 	EXP 	blackWaitInterTrial_2: autoDraw = False
54.7265 	EXP 	whiteWaitInterTrial_2: autoDraw = False
54.7265 	EXP 	green_fb_1: autoDraw = False
54.7265 	EXP 	red_fb_1: autoDraw = False
54.7265 	EXP 	TrialPicture: size = array([0.75, 1.  ])
54.7265 	EXP 	TrialPicture: image = './stimuli/images/149.bmp'
54.7265 	EXP 	blackTrial: autoDraw = True
54.7265 	EXP 	whiteTrial: autoDraw = True
54.7265 	EXP 	TrialPicture: autoDraw = True
54.7265 	EXP 	green_1: autoDraw = True
54.7265 	EXP 	red_1: autoDraw = True
55.7421 	EXP 	blackTrial: autoDraw = False
55.7421 	EXP 	whiteTrial: autoDraw = False
55.7421 	EXP 	TrialPicture: autoDraw = False
55.7421 	EXP 	green_1: autoDraw = False
55.7421 	EXP 	red_1: autoDraw = False
55.7421 	EXP 	blackTrial: autoDraw = False
55.7421 	EXP 	whiteTrial: autoDraw = False
55.7421 	EXP 	TrialPicture: autoDraw = False
55.7421 	EXP 	green_1: autoDraw = False
55.7421 	EXP 	red_1: autoDraw = False
55.7421 	EXP 	whiteWaitInterTrial_2: size = array([0.75, 1.  ])
55.7421 	EXP 	blackWaitInterTrial_2: autoDraw = True
55.7421 	EXP 	whiteWaitInterTrial_2: autoDraw = True
55.7421 	EXP 	green_fb_1: autoDraw = True
55.7421 	EXP 	red_fb_1: autoDraw = True
57.4299 	EXP 	New trial (rep=16, index=0): None
57.4445 	EXP 	blackWaitInterTrial_2: autoDraw = False
57.4445 	EXP 	whiteWaitInterTrial_2: autoDraw = False
57.4445 	EXP 	green_fb_1: autoDraw = False
57.4445 	EXP 	red_fb_1: autoDraw = False
57.4445 	EXP 	blackWaitInterTrial_2: autoDraw = False
57.4445 	EXP 	whiteWaitInterTrial_2: autoDraw = False
57.4445 	EXP 	green_fb_1: autoDraw = False
57.4445 	EXP 	red_fb_1: autoDraw = False
57.4445 	EXP 	TrialPicture: size = array([0.75, 1.  ])
57.4445 	EXP 	TrialPicture: image = './stimuli/images/142.bmp'
57.4445 	EXP 	blackTrial: autoDraw = True
57.4445 	EXP 	whiteTrial: autoDraw = True
57.4445 	EXP 	TrialPicture: autoDraw = True
57.4445 	EXP 	green_1: autoDraw = True
57.4445 	EXP 	red_1: autoDraw = True
58.4613 	EXP 	blackTrial: autoDraw = False
58.4613 	EXP 	whiteTrial: autoDraw = False
58.4613 	EXP 	TrialPicture: autoDraw = False
58.4613 	EXP 	green_1: autoDraw = False
58.4613 	EXP 	red_1: autoDraw = False
58.4613 	EXP 	blackTrial: autoDraw = False
58.4613 	EXP 	whiteTrial: autoDraw = False
58.4613 	EXP 	TrialPicture: autoDraw = False
58.4613 	EXP 	green_1: autoDraw = False
58.4613 	EXP 	red_1: autoDraw = False
58.4613 	EXP 	whiteWaitInterTrial_2: size = array([0.75, 1.  ])
58.4613 	EXP 	blackWaitInterTrial_2: autoDraw = True
58.4613 	EXP 	whiteWaitInterTrial_2: autoDraw = True
58.4613 	EXP 	green_fb_1: autoDraw = True
58.4613 	EXP 	red_fb_1: autoDraw = True
60.2492 	EXP 	New trial (rep=17, index=0): None
60.2640 	EXP 	blackWaitInterTrial_2: autoDraw = False
60.2640 	EXP 	whiteWaitInterTrial_2: autoDraw = False
60.2640 	EXP 	green_fb_1: autoDraw = False
60.2640 	EXP 	red_fb_1: autoDraw = False
60.2640 	EXP 	blackWaitInterTrial_2: autoDraw = False
60.2640 	EXP 	whiteWaitInterTrial_2: autoDraw = False
60.2640 	EXP 	green_fb_1: autoDraw = False
60.2640 	EXP 	red_fb_1: autoDraw = False
60.2640 	EXP 	TrialPicture: size = array([0.75, 1.  ])
60.2640 	EXP 	TrialPicture: image = './stimuli/images/205.bmp'
60.2640 	EXP 	blackTrial: autoDraw = True
60.2640 	EXP 	whiteTrial: autoDraw = True
60.2640 	EXP 	TrialPicture: autoDraw = True
60.2640 	EXP 	green_1: autoDraw = True
60.2640 	EXP 	red_1: autoDraw = True
61.2806 	EXP 	blackTrial: autoDraw = False
61.2806 	EXP 	whiteTrial: autoDraw = False
61.2806 	EXP 	TrialPicture: autoDraw = False
61.2806 	EXP 	green_1: autoDraw = False
61.2806 	EXP 	red_1: autoDraw = False
61.2806 	EXP 	blackTrial: autoDraw = False
61.2806 	EXP 	whiteTrial: autoDraw = False
61.2806 	EXP 	TrialPicture: autoDraw = False
61.2806 	EXP 	green_1: autoDraw = False
61.2806 	EXP 	red_1: autoDraw = False
61.2806 	EXP 	whiteWaitInterTrial_2: size = array([0.75, 1.  ])
61.2806 	EXP 	blackWaitInterTrial_2: autoDraw = True
61.2806 	EXP 	whiteWaitInterTrial_2: autoDraw = True
61.2806 	EXP 	green_fb_1: autoDraw = True
61.2806 	EXP 	red_fb_1: autoDraw = True
62.8681 	EXP 	New trial (rep=18, index=0): None
62.8830 	EXP 	blackWaitInterTrial_2: autoDraw = False
62.8830 	EXP 	whiteWaitInterTrial_2: autoDraw = False
62.8830 	EXP 	green_fb_1: autoDraw = False
62.8830 	EXP 	red_fb_1: autoDraw = False
62.8830 	EXP 	blackWaitInterTrial_2: autoDraw = False
62.8830 	EXP 	whiteWaitInterTrial_2: autoDraw = False
62.8830 	EXP 	green_fb_1: autoDraw = False
62.8830 	EXP 	red_fb_1: autoDraw = False
62.8830 	EXP 	TrialPicture: size = array([0.75, 1.  ])
62.8830 	EXP 	TrialPicture: image = './stimuli/images/149.bmp'
62.8830 	EXP 	blackTrial: autoDraw = True
62.8830 	EXP 	whiteTrial: autoDraw = True
62.8830 	EXP 	TrialPicture: autoDraw = True
62.8830 	EXP 	green_1: autoDraw = True
62.8830 	EXP 	red_1: autoDraw = True
63.9000 	EXP 	blackTrial: autoDraw = False
63.9000 	EXP 	whiteTrial: autoDraw = False
63.9000 	EXP 	TrialPicture: autoDraw = False
63.9000 	EXP 	green_1: autoDraw = False
63.9000 	EXP 	red_1: autoDraw = False
63.9000 	EXP 	blackTrial: autoDraw = False
63.9000 	EXP 	whiteTrial: autoDraw = False
63.9000 	EXP 	TrialPicture: autoDraw = False
63.9000 	EXP 	green_1: autoDraw = False
63.9000 	EXP 	red_1: autoDraw = False
63.9000 	EXP 	whiteWaitInterTrial_2: size = array([0.75, 1.  ])
63.9000 	EXP 	blackWaitInterTrial_2: autoDraw = True
63.9000 	EXP 	whiteWaitInterTrial_2: autoDraw = True
63.9000 	EXP 	green_fb_1: autoDraw = True
63.9000 	EXP 	red_fb_1: autoDraw = True
65.5869 	EXP 	New trial (rep=19, index=0): None
65.6014 	EXP 	blackWaitInterTrial_2: autoDraw = False
65.6014 	EXP 	whiteWaitInterTrial_2: autoDraw = False
65.6014 	EXP 	green_fb_1: autoDraw = False
65.6014 	EXP 	red_fb_1: autoDraw = False
65.6014 	EXP 	blackWaitInterTrial_2: autoDraw = False
65.6014 	EXP 	whiteWaitInterTrial_2: autoDraw = False
65.6014 	EXP 	green_fb_1: autoDraw = False
65.6014 	EXP 	red_fb_1: autoDraw = False
65.6014 	EXP 	TrialPicture: size = array([0.75, 1.  ])
65.6014 	EXP 	TrialPicture: image = './stimuli/images/186.bmp'
65.6014 	EXP 	blackTrial: autoDraw = True
65.6014 	EXP 	whiteTrial: autoDraw = True
65.6014 	EXP 	TrialPicture: autoDraw = True
65.6014 	EXP 	green_1: autoDraw = True
65.6014 	EXP 	red_1: autoDraw = True
66.6189 	EXP 	blackTrial: autoDraw = False
66.6189 	EXP 	whiteTrial: autoDraw = False
66.6189 	EXP 	TrialPicture: autoDraw = False
66.6189 	EXP 	green_1: autoDraw = False
66.6189 	EXP 	red_1: autoDraw = False
66.6189 	EXP 	blackTrial: autoDraw = False
66.6189 	EXP 	whiteTrial: autoDraw = False
66.6189 	EXP 	TrialPicture: autoDraw = False
66.6189 	EXP 	green_1: autoDraw = False
66.6189 	EXP 	red_1: autoDraw = False
66.6189 	EXP 	whiteWaitInterTrial_2: size = array([0.75, 1.  ])
66.6189 	EXP 	blackWaitInterTrial_2: autoDraw = True
66.6189 	EXP 	whiteWaitInterTrial_2: autoDraw = True
66.6189 	EXP 	green_fb_1: autoDraw = True
66.6189 	EXP 	red_fb_1: autoDraw = True
68.3201 	EXP 	blackWaitInterTrial_2: autoDraw = False
68.3201 	EXP 	whiteWaitInterTrial_2: autoDraw = False
68.3201 	EXP 	green_fb_1: autoDraw = False
68.3201 	EXP 	red_fb_1: autoDraw = False
68.3201 	EXP 	blackWaitInterTrial_2: autoDraw = False
68.3201 	EXP 	whiteWaitInterTrial_2: autoDraw = False
68.3201 	EXP 	green_fb_1: autoDraw = False
68.3201 	EXP 	red_fb_1: autoDraw = False
68.3201 	EXP 	fixationImage: size = array([0.75, 1.  ])
68.3201 	EXP 	fixation: autoDraw = True
68.3201 	EXP 	fixationImage: autoDraw = True
70.3220 	EXP 	fixation: autoDraw = False
70.3220 	EXP 	fixationImage: autoDraw = False
70.3220 	EXP 	fixation: autoDraw = False
70.3220 	EXP 	fixationImage: autoDraw = False
70.3220 	EXP 	polygon_end: autoDraw = True
70.3220 	EXP 	end_text: autoDraw = True
72.3427 	WARNING 	Hamming was requested using the 'pygame' sound library but hamming is not supported there.
72.3429 	EXP 	Set sound_1 sound=./lib/sound/bird.wav
72.3429 	WARNING 	Hamming was requested using the 'pygame' sound library but hamming is not supported there.
72.3431 	EXP 	Set sound_2 sound=./lib/sound/bang.wav
72.3566 	EXP 	polygon_end: autoDraw = False
72.3566 	EXP 	end_text: autoDraw = False
72.3566 	EXP 	polygon_15: autoDraw = True
72.3566 	EXP 	descriptionText_15: autoDraw = True
72.9745 	EXP 	polygon_15: autoDraw = False
72.9745 	EXP 	descriptionText_15: autoDraw = False
72.9745 	EXP 	fixationImage10: size = array([0.75, 1.  ])
72.9745 	EXP 	fixation10: autoDraw = True
72.9745 	EXP 	fixationImage10: autoDraw = True
72.9745 	EXP 	text: autoDraw = True
73.9582 	EXP 	text_2: autoDraw = True
73.9752 	EXP 	text: autoDraw = False
74.9567 	EXP 	text_3: autoDraw = True
74.9759 	EXP 	text_2: autoDraw = False
75.9617 	EXP 	text_3: autoDraw = False
75.9622 	EXP 	Created sequence: sequential, trialTypes=1, nReps=1, seed=None
75.9624 	EXP 	New trial (rep=0, index=0): None
75.9808 	EXP 	fixation10: autoDraw = False
75.9808 	EXP 	fixationImage10: autoDraw = False
75.9808 	EXP 	text: autoDraw = False
75.9808 	EXP 	text_2: autoDraw = False
75.9808 	EXP 	text_3: autoDraw = False
75.9808 	EXP 	greenProc_2: size = array([1.6, 1.2])
75.9808 	EXP 	ProcTarget_2: size = array([0.75, 1.  ])
75.9808 	EXP 	ProcTarget_2: image = './stimuli/images/061.bmp'
75.9808 	EXP 	ProcPicture_2: size = array([0.75, 1.  ])
75.9808 	EXP 	ProcPicture_2: image = './stimuli/images/008.bmp'
75.9808 	EXP 	blackProc_2: autoDraw = True
75.9808 	EXP 	greenProc_2: autoDraw = True
75.9808 	EXP 	ProcTarget_2: autoDraw = True
75.9808 	EXP 	ProcPicture_2: autoDraw = True
79.4972 	EXP 	blackProc_2: autoDraw = False
79.4972 	EXP 	greenProc_2: autoDraw = False
79.4972 	EXP 	ProcTarget_2: autoDraw = False
79.4972 	EXP 	ProcPicture_2: autoDraw = False
79.4972 	EXP 	blackProc_2: autoDraw = False
79.4972 	EXP 	greenProc_2: autoDraw = False
79.4972 	EXP 	ProcTarget_2: autoDraw = False
79.4972 	EXP 	ProcPicture_2: autoDraw = False
79.4972 	EXP 	whiteWaitInterTrial_3: size = array([0.75, 1.  ])
79.4972 	EXP 	blackWaitInterTrial_3: autoDraw = True
79.4972 	EXP 	whiteWaitInterTrial_3: autoDraw = True
80.9839 	EXP 	Created sequence: sequential, trialTypes=1, nReps=20, seed=None
80.9842 	EXP 	New trial (rep=0, index=0): None
81.0012 	EXP 	blackWaitInterTrial_3: autoDraw = False
81.0012 	EXP 	whiteWaitInterTrial_3: autoDraw = False
81.0012 	EXP 	blackWaitInterTrial_3: autoDraw = False
81.0012 	EXP 	whiteWaitInterTrial_3: autoDraw = False
81.0012 	EXP 	TrialPicture_2: size = array([0.75, 1.  ])
81.0012 	EXP 	TrialPicture_2: image = './stimuli/images/152.bmp'
81.0012 	EXP 	blackTrial_2: autoDraw = True
81.0012 	EXP 	whiteTrial_2: autoDraw = True
81.0012 	EXP 	TrialPicture_2: autoDraw = True
81.0012 	EXP 	green_2: autoDraw = True
81.0012 	EXP 	red_2: autoDraw = True
81.2306 	EXP 	Sound sound_2 started
81.9993 	EXP 	blackTrial_2: autoDraw = False
81.9993 	EXP 	whiteTrial_2: autoDraw = False
81.9993 	EXP 	TrialPicture_2: autoDraw = False
81.9993 	EXP 	green_2: autoDraw = False
81.9993 	EXP 	red_2: autoDraw = False
81.9993 	EXP 	blackTrial_2: autoDraw = False
81.9993 	EXP 	whiteTrial_2: autoDraw = False
81.9993 	EXP 	TrialPicture_2: autoDraw = False
81.9993 	EXP 	green_2: autoDraw = False
81.9993 	EXP 	red_2: autoDraw = False
81.9993 	EXP 	whiteWaitInterTrial_4: size = array([0.75, 1.  ])
81.9993 	EXP 	blackWaitInterTrial_4: autoDraw = True
81.9993 	EXP 	whiteWaitInterTrial_4: autoDraw = True
81.9993 	EXP 	green_fb_2: autoDraw = True
81.9993 	EXP 	red_fb_2: autoDraw = True
83.7862 	EXP 	New trial (rep=1, index=0): None
83.8005 	EXP 	blackWaitInterTrial_4: autoDraw = False
83.8005 	EXP 	whiteWaitInterTrial_4: autoDraw = False
83.8005 	EXP 	green_fb_2: autoDraw = False
83.8005 	EXP 	red_fb_2: autoDraw = False
83.8005 	EXP 	blackWaitInterTrial_4: autoDraw = False
83.8005 	EXP 	whiteWaitInterTrial_4: autoDraw = False
83.8005 	EXP 	green_fb_2: autoDraw = False
83.8005 	EXP 	red_fb_2: autoDraw = False
83.8005 	EXP 	TrialPicture_2: size = array([0.75, 1.  ])
83.8005 	EXP 	TrialPicture_2: image = './stimuli/images/061.bmp'
83.8005 	EXP 	blackTrial_2: autoDraw = True
83.8005 	EXP 	whiteTrial_2: autoDraw = True
83.8005 	EXP 	TrialPicture_2: autoDraw = True
83.8005 	EXP 	green_2: autoDraw = True
83.8005 	EXP 	red_2: autoDraw = True
84.8182 	EXP 	blackTrial_2: autoDraw = False
84.8182 	EXP 	whiteTrial_2: autoDraw = False
84.8182 	EXP 	TrialPicture_2: autoDraw = False
84.8182 	EXP 	green_2: autoDraw = False
84.8182 	EXP 	red_2: autoDraw = False
84.8182 	EXP 	blackTrial_2: autoDraw = False
84.8182 	EXP 	whiteTrial_2: autoDraw = False
84.8182 	EXP 	TrialPicture_2: autoDraw = False
84.8182 	EXP 	green_2: autoDraw = False
84.8182 	EXP 	red_2: autoDraw = False
84.8182 	EXP 	whiteWaitInterTrial_4: size = array([0.75, 1.  ])
84.8182 	EXP 	blackWaitInterTrial_4: autoDraw = True
84.8182 	EXP 	whiteWaitInterTrial_4: autoDraw = True
84.8182 	EXP 	green_fb_2: autoDraw = True
84.8182 	EXP 	red_fb_2: autoDraw = True
86.6052 	EXP 	New trial (rep=2, index=0): None
86.6197 	EXP 	blackWaitInterTrial_4: autoDraw = False
86.6197 	EXP 	whiteWaitInterTrial_4: autoDraw = False
86.6197 	EXP 	green_fb_2: autoDraw = False
86.6197 	EXP 	red_fb_2: autoDraw = False
86.6197 	EXP 	blackWaitInterTrial_4: autoDraw = False
86.6197 	EXP 	whiteWaitInterTrial_4: autoDraw = False
86.6197 	EXP 	green_fb_2: autoDraw = False
86.6197 	EXP 	red_fb_2: autoDraw = False
86.6197 	EXP 	TrialPicture_2: size = array([0.75, 1.  ])
86.6197 	EXP 	TrialPicture_2: image = './stimuli/images/008.bmp'
86.6197 	EXP 	blackTrial_2: autoDraw = True
86.6197 	EXP 	whiteTrial_2: autoDraw = True
86.6197 	EXP 	TrialPicture_2: autoDraw = True
86.6197 	EXP 	green_2: autoDraw = True
86.6197 	EXP 	red_2: autoDraw = True
87.6204 	EXP 	blackTrial_2: autoDraw = False
87.6204 	EXP 	whiteTrial_2: autoDraw = False
87.6204 	EXP 	TrialPicture_2: autoDraw = False
87.6204 	EXP 	green_2: autoDraw = False
87.6204 	EXP 	red_2: autoDraw = False
87.6204 	EXP 	blackTrial_2: autoDraw = False
87.6204 	EXP 	whiteTrial_2: autoDraw = False
87.6204 	EXP 	TrialPicture_2: autoDraw = False
87.6204 	EXP 	green_2: autoDraw = False
87.6204 	EXP 	red_2: autoDraw = False
87.6204 	EXP 	whiteWaitInterTrial_4: size = array([0.75, 1.  ])
87.6204 	EXP 	blackWaitInterTrial_4: autoDraw = True
87.6204 	EXP 	whiteWaitInterTrial_4: autoDraw = True
87.6204 	EXP 	green_fb_2: autoDraw = True
87.6204 	EXP 	red_fb_2: autoDraw = True
89.3082 	EXP 	New trial (rep=3, index=0): None
89.3229 	EXP 	blackWaitInterTrial_4: autoDraw = False
89.3229 	EXP 	whiteWaitInterTrial_4: autoDraw = False
89.3229 	EXP 	green_fb_2: autoDraw = False
89.3229 	EXP 	red_fb_2: autoDraw = False
89.3229 	EXP 	blackWaitInterTrial_4: autoDraw = False
89.3229 	EXP 	whiteWaitInterTrial_4: autoDraw = False
89.3229 	EXP 	green_fb_2: autoDraw = False
89.3229 	EXP 	red_fb_2: autoDraw = False
89.3229 	EXP 	TrialPicture_2: size = array([0.75, 1.  ])
89.3229 	EXP 	TrialPicture_2: image = './stimuli/images/086.bmp'
89.3229 	EXP 	blackTrial_2: autoDraw = True
89.3229 	EXP 	whiteTrial_2: autoDraw = True
89.3229 	EXP 	TrialPicture_2: autoDraw = True
89.3229 	EXP 	green_2: autoDraw = True
89.3229 	EXP 	red_2: autoDraw = True
90.3413 	EXP 	blackTrial_2: autoDraw = False
90.3413 	EXP 	whiteTrial_2: autoDraw = False
90.3413 	EXP 	TrialPicture_2: autoDraw = False
90.3413 	EXP 	green_2: autoDraw = False
90.3413 	EXP 	red_2: autoDraw = False
90.3413 	EXP 	blackTrial_2: autoDraw = False
90.3413 	EXP 	whiteTrial_2: autoDraw = False
90.3413 	EXP 	TrialPicture_2: autoDraw = False
90.3413 	EXP 	green_2: autoDraw = False
90.3413 	EXP 	red_2: autoDraw = False
90.3413 	EXP 	whiteWaitInterTrial_4: size = array([0.75, 1.  ])
90.3413 	EXP 	blackWaitInterTrial_4: autoDraw = True
90.3413 	EXP 	whiteWaitInterTrial_4: autoDraw = True
90.3413 	EXP 	green_fb_2: autoDraw = True
90.3413 	EXP 	red_fb_2: autoDraw = True
92.0293 	EXP 	New trial (rep=4, index=0): None
92.0446 	EXP 	blackWaitInterTrial_4: autoDraw = False
92.0446 	EXP 	whiteWaitInterTrial_4: autoDraw = False
92.0446 	EXP 	green_fb_2: autoDraw = False
92.0446 	EXP 	red_fb_2: autoDraw = False
92.0446 	EXP 	blackWaitInterTrial_4: autoDraw = False
92.0446 	EXP 	whiteWaitInterTrial_4: autoDraw = False
92.0446 	EXP 	green_fb_2: autoDraw = False
92.0446 	EXP 	red_fb_2: autoDraw = False
92.0446 	EXP 	TrialPicture_2: size = array([0.75, 1.  ])
92.0446 	EXP 	TrialPicture_2: image = './stimuli/images/152.bmp'
92.0446 	EXP 	blackTrial_2: autoDraw = True
92.0446 	EXP 	whiteTrial_2: autoDraw = True
92.0446 	EXP 	TrialPicture_2: autoDraw = True
92.0446 	EXP 	green_2: autoDraw = True
92.0446 	EXP 	red_2: autoDraw = True
93.0589 	EXP 	blackTrial_2: autoDraw = False
93.0589 	EXP 	whiteTrial_2: autoDraw = False
93.0589 	EXP 	TrialPicture_2: autoDraw = False
93.0589 	EXP 	green_2: autoDraw = False
93.0589 	EXP 	red_2: autoDraw = False
93.0589 	EXP 	blackTrial_2: autoDraw = False
93.0589 	EXP 	whiteTrial_2: autoDraw = False
93.0589 	EXP 	TrialPicture_2: autoDraw = False
93.0589 	EXP 	green_2: autoDraw = False
93.0589 	EXP 	red_2: autoDraw = False
93.0589 	EXP 	whiteWaitInterTrial_4: size = array([0.75, 1.  ])
93.0589 	EXP 	blackWaitInterTrial_4: autoDraw = True
93.0589 	EXP 	whiteWaitInterTrial_4: autoDraw = True
93.0589 	EXP 	green_fb_2: autoDraw = True
93.0589 	EXP 	red_fb_2: autoDraw = True
94.6465 	EXP 	New trial (rep=5, index=0): None
94.6615 	EXP 	blackWaitInterTrial_4: autoDraw = False
94.6615 	EXP 	whiteWaitInterTrial_4: autoDraw = False
94.6615 	EXP 	green_fb_2: autoDraw = False
94.6615 	EXP 	red_fb_2: autoDraw = False
94.6615 	EXP 	blackWaitInterTrial_4: autoDraw = False
94.6615 	EXP 	whiteWaitInterTrial_4: autoDraw = False
94.6615 	EXP 	green_fb_2: autoDraw = False
94.6615 	EXP 	red_fb_2: autoDraw = False
94.6615 	EXP 	TrialPicture_2: size = array([0.75, 1.  ])
94.6615 	EXP 	TrialPicture_2: image = './stimuli/images/061.bmp'
94.6615 	EXP 	blackTrial_2: autoDraw = True
94.6615 	EXP 	whiteTrial_2: autoDraw = True
94.6615 	EXP 	TrialPicture_2: autoDraw = True
94.6615 	EXP 	green_2: autoDraw = True
94.6615 	EXP 	red_2: autoDraw = True
95.6780 	EXP 	blackTrial_2: autoDraw = False
95.6780 	EXP 	whiteTrial_2: autoDraw = False
95.6780 	EXP 	TrialPicture_2: autoDraw = False
95.6780 	EXP 	green_2: autoDraw = False
95.6780 	EXP 	red_2: autoDraw = False
95.6780 	EXP 	blackTrial_2: autoDraw = False
95.6780 	EXP 	whiteTrial_2: autoDraw = False
95.6780 	EXP 	TrialPicture_2: autoDraw = False
95.6780 	EXP 	green_2: autoDraw = False
95.6780 	EXP 	red_2: autoDraw = False
95.6780 	EXP 	whiteWaitInterTrial_4: size = array([0.75, 1.  ])
95.6780 	EXP 	blackWaitInterTrial_4: autoDraw = True
95.6780 	EXP 	whiteWaitInterTrial_4: autoDraw = True
95.6780 	EXP 	green_fb_2: autoDraw = True
95.6780 	EXP 	red_fb_2: autoDraw = True
97.3662 	EXP 	New trial (rep=6, index=0): None
97.3828 	EXP 	blackWaitInterTrial_4: autoDraw = False
97.3828 	EXP 	whiteWaitInterTrial_4: autoDraw = False
97.3828 	EXP 	green_fb_2: autoDraw = False
97.3828 	EXP 	red_fb_2: autoDraw = False
97.3828 	EXP 	blackWaitInterTrial_4: autoDraw = False
97.3828 	EXP 	whiteWaitInterTrial_4: autoDraw = False
97.3828 	EXP 	green_fb_2: autoDraw = False
97.3828 	EXP 	red_fb_2: autoDraw = False
97.3828 	EXP 	TrialPicture_2: size = array([0.75, 1.  ])
97.3828 	EXP 	TrialPicture_2: image = './stimuli/images/008.bmp'
97.3828 	EXP 	blackTrial_2: autoDraw = True
97.3828 	EXP 	whiteTrial_2: autoDraw = True
97.3828 	EXP 	TrialPicture_2: autoDraw = True
97.3828 	EXP 	green_2: autoDraw = True
97.3828 	EXP 	red_2: autoDraw = True
98.3980 	EXP 	blackTrial_2: autoDraw = False
98.3980 	EXP 	whiteTrial_2: autoDraw = False
98.3980 	EXP 	TrialPicture_2: autoDraw = False
98.3980 	EXP 	green_2: autoDraw = False
98.3980 	EXP 	red_2: autoDraw = False
98.3980 	EXP 	blackTrial_2: autoDraw = False
98.3980 	EXP 	whiteTrial_2: autoDraw = False
98.3980 	EXP 	TrialPicture_2: autoDraw = False
98.3980 	EXP 	green_2: autoDraw = False
98.3980 	EXP 	red_2: autoDraw = False
98.3980 	EXP 	whiteWaitInterTrial_4: size = array([0.75, 1.  ])
98.3980 	EXP 	blackWaitInterTrial_4: autoDraw = True
98.3980 	EXP 	whiteWaitInterTrial_4: autoDraw = True
98.3980 	EXP 	green_fb_2: autoDraw = True
98.3980 	EXP 	red_fb_2: autoDraw = True
100.0835 	EXP 	New trial (rep=7, index=0): None
100.0981 	EXP 	blackWaitInterTrial_4: autoDraw = False
100.0981 	EXP 	whiteWaitInterTrial_4: autoDraw = False
100.0981 	EXP 	green_fb_2: autoDraw = False
100.0981 	EXP 	red_fb_2: autoDraw = False
100.0981 	EXP 	blackWaitInterTrial_4: autoDraw = False
100.0981 	EXP 	whiteWaitInterTrial_4: autoDraw = False
100.0981 	EXP 	green_fb_2: autoDraw = False
100.0981 	EXP 	red_fb_2: autoDraw = False
100.0981 	EXP 	TrialPicture_2: size = array([0.75, 1.  ])
100.0981 	EXP 	TrialPicture_2: image = './stimuli/images/086.bmp'
100.0981 	EXP 	blackTrial_2: autoDraw = True
100.0981 	EXP 	whiteTrial_2: autoDraw = True
100.0981 	EXP 	TrialPicture_2: autoDraw = True
100.0981 	EXP 	green_2: autoDraw = True
100.0981 	EXP 	red_2: autoDraw = True
101.1162 	EXP 	blackTrial_2: autoDraw = False
101.1162 	EXP 	whiteTrial_2: autoDraw = False
101.1162 	EXP 	TrialPicture_2: autoDraw = False
101.1162 	EXP 	green_2: autoDraw = False
101.1162 	EXP 	red_2: autoDraw = False
101.1162 	EXP 	blackTrial_2: autoDraw = False
101.1162 	EXP 	whiteTrial_2: autoDraw = False
101.1162 	EXP 	TrialPicture_2: autoDraw = False
101.1162 	EXP 	green_2: autoDraw = False
101.1162 	EXP 	red_2: autoDraw = False
101.1162 	EXP 	whiteWaitInterTrial_4: size = array([0.75, 1.  ])
101.1162 	EXP 	blackWaitInterTrial_4: autoDraw = True
101.1162 	EXP 	whiteWaitInterTrial_4: autoDraw = True
101.1162 	EXP 	green_fb_2: autoDraw = True
101.1162 	EXP 	red_fb_2: autoDraw = True
102.9032 	EXP 	New trial (rep=8, index=0): None
102.9173 	EXP 	blackWaitInterTrial_4: autoDraw = False
102.9173 	EXP 	whiteWaitInterTrial_4: autoDraw = False
102.9173 	EXP 	green_fb_2: autoDraw = False
102.9173 	EXP 	red_fb_2: autoDraw = False
102.9173 	EXP 	blackWaitInterTrial_4: autoDraw = False
102.9173 	EXP 	whiteWaitInterTrial_4: autoDraw = False
102.9173 	EXP 	green_fb_2: autoDraw = False
102.9173 	EXP 	red_fb_2: autoDraw = False
102.9173 	EXP 	TrialPicture_2: size = array([0.75, 1.  ])
102.9173 	EXP 	TrialPicture_2: image = './stimuli/images/061.bmp'
102.9173 	EXP 	blackTrial_2: autoDraw = True
102.9173 	EXP 	whiteTrial_2: autoDraw = True
102.9173 	EXP 	TrialPicture_2: autoDraw = True
102.9173 	EXP 	green_2: autoDraw = True
102.9173 	EXP 	red_2: autoDraw = True
103.9327 	EXP 	blackTrial_2: autoDraw = False
103.9327 	EXP 	whiteTrial_2: autoDraw = False
103.9327 	EXP 	TrialPicture_2: autoDraw = False
103.9327 	EXP 	green_2: autoDraw = False
103.9327 	EXP 	red_2: autoDraw = False
103.9327 	EXP 	blackTrial_2: autoDraw = False
103.9327 	EXP 	whiteTrial_2: autoDraw = False
103.9327 	EXP 	TrialPicture_2: autoDraw = False
103.9327 	EXP 	green_2: autoDraw = False
103.9327 	EXP 	red_2: autoDraw = False
103.9327 	EXP 	whiteWaitInterTrial_4: size = array([0.75, 1.  ])
103.9327 	EXP 	blackWaitInterTrial_4: autoDraw = True
103.9327 	EXP 	whiteWaitInterTrial_4: autoDraw = True
103.9327 	EXP 	green_fb_2: autoDraw = True
103.9327 	EXP 	red_fb_2: autoDraw = True
105.6224 	EXP 	New trial (rep=9, index=0): None
105.6372 	EXP 	blackWaitInterTrial_4: autoDraw = False
105.6372 	EXP 	whiteWaitInterTrial_4: autoDraw = False
105.6372 	EXP 	green_fb_2: autoDraw = False
105.6372 	EXP 	red_fb_2: autoDraw = False
105.6372 	EXP 	blackWaitInterTrial_4: autoDraw = False
105.6372 	EXP 	whiteWaitInterTrial_4: autoDraw = False
105.6372 	EXP 	green_fb_2: autoDraw = False
105.6372 	EXP 	red_fb_2: autoDraw = False
105.6372 	EXP 	TrialPicture_2: size = array([0.75, 1.  ])
105.6372 	EXP 	TrialPicture_2: image = './stimuli/images/152.bmp'
105.6372 	EXP 	blackTrial_2: autoDraw = True
105.6372 	EXP 	whiteTrial_2: autoDraw = True
105.6372 	EXP 	TrialPicture_2: autoDraw = True
105.6372 	EXP 	green_2: autoDraw = True
105.6372 	EXP 	red_2: autoDraw = True
106.6537 	EXP 	blackTrial_2: autoDraw = False
106.6537 	EXP 	whiteTrial_2: autoDraw = False
106.6537 	EXP 	TrialPicture_2: autoDraw = False
106.6537 	EXP 	green_2: autoDraw = False
106.6537 	EXP 	red_2: autoDraw = False
106.6537 	EXP 	blackTrial_2: autoDraw = False
106.6537 	EXP 	whiteTrial_2: autoDraw = False
106.6537 	EXP 	TrialPicture_2: autoDraw = False
106.6537 	EXP 	green_2: autoDraw = False
106.6537 	EXP 	red_2: autoDraw = False
106.6537 	EXP 	whiteWaitInterTrial_4: size = array([0.75, 1.  ])
106.6537 	EXP 	blackWaitInterTrial_4: autoDraw = True
106.6537 	EXP 	whiteWaitInterTrial_4: autoDraw = True
106.6537 	EXP 	green_fb_2: autoDraw = True
106.6537 	EXP 	red_fb_2: autoDraw = True
108.2421 	EXP 	New trial (rep=10, index=0): None
108.2573 	EXP 	blackWaitInterTrial_4: autoDraw = False
108.2573 	EXP 	whiteWaitInterTrial_4: autoDraw = False
108.2573 	EXP 	green_fb_2: autoDraw = False
108.2573 	EXP 	red_fb_2: autoDraw = False
108.2573 	EXP 	blackWaitInterTrial_4: autoDraw = False
108.2573 	EXP 	whiteWaitInterTrial_4: autoDraw = False
108.2573 	EXP 	green_fb_2: autoDraw = False
108.2573 	EXP 	red_fb_2: autoDraw = False
108.2573 	EXP 	TrialPicture_2: size = array([0.75, 1.  ])
108.2573 	EXP 	TrialPicture_2: image = './stimuli/images/152.bmp'
108.2573 	EXP 	blackTrial_2: autoDraw = True
108.2573 	EXP 	whiteTrial_2: autoDraw = True
108.2573 	EXP 	TrialPicture_2: autoDraw = True
108.2573 	EXP 	green_2: autoDraw = True
108.2573 	EXP 	red_2: autoDraw = True
109.2729 	EXP 	blackTrial_2: autoDraw = False
109.2729 	EXP 	whiteTrial_2: autoDraw = False
109.2729 	EXP 	TrialPicture_2: autoDraw = False
109.2729 	EXP 	green_2: autoDraw = False
109.2729 	EXP 	red_2: autoDraw = False
109.2729 	EXP 	blackTrial_2: autoDraw = False
109.2729 	EXP 	whiteTrial_2: autoDraw = False
109.2729 	EXP 	TrialPicture_2: autoDraw = False
109.2729 	EXP 	green_2: autoDraw = False
109.2729 	EXP 	red_2: autoDraw = False
109.2729 	EXP 	whiteWaitInterTrial_4: size = array([0.75, 1.  ])
109.2729 	EXP 	blackWaitInterTrial_4: autoDraw = True
109.2729 	EXP 	whiteWaitInterTrial_4: autoDraw = True
109.2729 	EXP 	green_fb_2: autoDraw = True
109.2729 	EXP 	red_fb_2: autoDraw = True
110.9616 	EXP 	New trial (rep=11, index=0): None
110.9785 	EXP 	blackWaitInterTrial_4: autoDraw = False
110.9785 	EXP 	whiteWaitInterTrial_4: autoDraw = False
110.9785 	EXP 	green_fb_2: autoDraw = False
110.9785 	EXP 	red_fb_2: autoDraw = False
110.9785 	EXP 	blackWaitInterTrial_4: autoDraw = False
110.9785 	EXP 	whiteWaitInterTrial_4: autoDraw = False
110.9785 	EXP 	green_fb_2: autoDraw = False
110.9785 	EXP 	red_fb_2: autoDraw = False
110.9785 	EXP 	TrialPicture_2: size = array([0.75, 1.  ])
110.9785 	EXP 	TrialPicture_2: image = './stimuli/images/086.bmp'
110.9785 	EXP 	blackTrial_2: autoDraw = True
110.9785 	EXP 	whiteTrial_2: autoDraw = True
110.9785 	EXP 	TrialPicture_2: autoDraw = True
110.9785 	EXP 	green_2: autoDraw = True
110.9785 	EXP 	red_2: autoDraw = True
111.9920 	EXP 	blackTrial_2: autoDraw = False
111.9920 	EXP 	whiteTrial_2: autoDraw = False
111.9920 	EXP 	TrialPicture_2: autoDraw = False
111.9920 	EXP 	green_2: autoDraw = False
111.9920 	EXP 	red_2: autoDraw = False
111.9920 	EXP 	blackTrial_2: autoDraw = False
111.9920 	EXP 	whiteTrial_2: autoDraw = False
111.9920 	EXP 	TrialPicture_2: autoDraw = False
111.9920 	EXP 	green_2: autoDraw = False
111.9920 	EXP 	red_2: autoDraw = False
111.9920 	EXP 	whiteWaitInterTrial_4: size = array([0.75, 1.  ])
111.9920 	EXP 	blackWaitInterTrial_4: autoDraw = True
111.9920 	EXP 	whiteWaitInterTrial_4: autoDraw = True
111.9920 	EXP 	green_fb_2: autoDraw = True
111.9920 	EXP 	red_fb_2: autoDraw = True
113.5794 	EXP 	New trial (rep=12, index=0): None
113.5952 	EXP 	blackWaitInterTrial_4: autoDraw = False
113.5952 	EXP 	whiteWaitInterTrial_4: autoDraw = False
113.5952 	EXP 	green_fb_2: autoDraw = False
113.5952 	EXP 	red_fb_2: autoDraw = False
113.5952 	EXP 	blackWaitInterTrial_4: autoDraw = False
113.5952 	EXP 	whiteWaitInterTrial_4: autoDraw = False
113.5952 	EXP 	green_fb_2: autoDraw = False
113.5952 	EXP 	red_fb_2: autoDraw = False
113.5952 	EXP 	TrialPicture_2: size = array([0.75, 1.  ])
113.5952 	EXP 	TrialPicture_2: image = './stimuli/images/152.bmp'
113.5952 	EXP 	blackTrial_2: autoDraw = True
113.5952 	EXP 	whiteTrial_2: autoDraw = True
113.5952 	EXP 	TrialPicture_2: autoDraw = True
113.5952 	EXP 	green_2: autoDraw = True
113.5952 	EXP 	red_2: autoDraw = True
114.6105 	EXP 	blackTrial_2: autoDraw = False
114.6105 	EXP 	whiteTrial_2: autoDraw = False
114.6105 	EXP 	TrialPicture_2: autoDraw = False
114.6105 	EXP 	green_2: autoDraw = False
114.6105 	EXP 	red_2: autoDraw = False
114.6105 	EXP 	blackTrial_2: autoDraw = False
114.6105 	EXP 	whiteTrial_2: autoDraw = False
114.6105 	EXP 	TrialPicture_2: autoDraw = False
114.6105 	EXP 	green_2: autoDraw = False
114.6105 	EXP 	red_2: autoDraw = False
114.6105 	EXP 	whiteWaitInterTrial_4: size = array([0.75, 1.  ])
114.6105 	EXP 	blackWaitInterTrial_4: autoDraw = True
114.6105 	EXP 	whiteWaitInterTrial_4: autoDraw = True
114.6105 	EXP 	green_fb_2: autoDraw = True
114.6105 	EXP 	red_fb_2: autoDraw = True
116.1982 	EXP 	New trial (rep=13, index=0): None
116.2126 	EXP 	blackWaitInterTrial_4: autoDraw = False
116.2126 	EXP 	whiteWaitInterTrial_4: autoDraw = False
116.2126 	EXP 	green_fb_2: autoDraw = False
116.2126 	EXP 	red_fb_2: autoDraw = False
116.2126 	EXP 	blackWaitInterTrial_4: autoDraw = False
116.2126 	EXP 	whiteWaitInterTrial_4: autoDraw = False
116.2126 	EXP 	green_fb_2: autoDraw = False
116.2126 	EXP 	red_fb_2: autoDraw = False
116.2126 	EXP 	TrialPicture_2: size = array([0.75, 1.  ])
116.2126 	EXP 	TrialPicture_2: image = './stimuli/images/061.bmp'
116.2126 	EXP 	blackTrial_2: autoDraw = True
116.2126 	EXP 	whiteTrial_2: autoDraw = True
116.2126 	EXP 	TrialPicture_2: autoDraw = True
116.2126 	EXP 	green_2: autoDraw = True
116.2126 	EXP 	red_2: autoDraw = True
117.2276 	EXP 	blackTrial_2: autoDraw = False
117.2276 	EXP 	whiteTrial_2: autoDraw = False
117.2276 	EXP 	TrialPicture_2: autoDraw = False
117.2276 	EXP 	green_2: autoDraw = False
117.2276 	EXP 	red_2: autoDraw = False
117.2276 	EXP 	blackTrial_2: autoDraw = False
117.2276 	EXP 	whiteTrial_2: autoDraw = False
117.2276 	EXP 	TrialPicture_2: autoDraw = False
117.2276 	EXP 	green_2: autoDraw = False
117.2276 	EXP 	red_2: autoDraw = False
117.2276 	EXP 	whiteWaitInterTrial_4: size = array([0.75, 1.  ])
117.2276 	EXP 	blackWaitInterTrial_4: autoDraw = True
117.2276 	EXP 	whiteWaitInterTrial_4: autoDraw = True
117.2276 	EXP 	green_fb_2: autoDraw = True
117.2276 	EXP 	red_fb_2: autoDraw = True
118.9168 	EXP 	New trial (rep=14, index=0): None
118.9315 	EXP 	blackWaitInterTrial_4: autoDraw = False
118.9315 	EXP 	whiteWaitInterTrial_4: autoDraw = False
118.9315 	EXP 	green_fb_2: autoDraw = False
118.9315 	EXP 	red_fb_2: autoDraw = False
118.9315 	EXP 	blackWaitInterTrial_4: autoDraw = False
118.9315 	EXP 	whiteWaitInterTrial_4: autoDraw = False
118.9315 	EXP 	green_fb_2: autoDraw = False
118.9315 	EXP 	red_fb_2: autoDraw = False
118.9315 	EXP 	TrialPicture_2: size = array([0.75, 1.  ])
118.9315 	EXP 	TrialPicture_2: image = './stimuli/images/008.bmp'
118.9315 	EXP 	blackTrial_2: autoDraw = True
118.9315 	EXP 	whiteTrial_2: autoDraw = True
118.9315 	EXP 	TrialPicture_2: autoDraw = True
118.9315 	EXP 	green_2: autoDraw = True
118.9315 	EXP 	red_2: autoDraw = True
119.9492 	EXP 	blackTrial_2: autoDraw = False
119.9492 	EXP 	whiteTrial_2: autoDraw = False
119.9492 	EXP 	TrialPicture_2: autoDraw = False
119.9492 	EXP 	green_2: autoDraw = False
119.9492 	EXP 	red_2: autoDraw = False
119.9492 	EXP 	blackTrial_2: autoDraw = False
119.9492 	EXP 	whiteTrial_2: autoDraw = False
119.9492 	EXP 	TrialPicture_2: autoDraw = False
119.9492 	EXP 	green_2: autoDraw = False
119.9492 	EXP 	red_2: autoDraw = False
119.9492 	EXP 	whiteWaitInterTrial_4: size = array([0.75, 1.  ])
119.9492 	EXP 	blackWaitInterTrial_4: autoDraw = True
119.9492 	EXP 	whiteWaitInterTrial_4: autoDraw = True
119.9492 	EXP 	green_fb_2: autoDraw = True
119.9492 	EXP 	red_fb_2: autoDraw = True
121.6356 	EXP 	New trial (rep=15, index=0): None
121.6507 	EXP 	blackWaitInterTrial_4: autoDraw = False
121.6507 	EXP 	whiteWaitInterTrial_4: autoDraw = False
121.6507 	EXP 	green_fb_2: autoDraw = False
121.6507 	EXP 	red_fb_2: autoDraw = False
121.6507 	EXP 	blackWaitInterTrial_4: autoDraw = False
121.6507 	EXP 	whiteWaitInterTrial_4: autoDraw = False
121.6507 	EXP 	green_fb_2: autoDraw = False
121.6507 	EXP 	red_fb_2: autoDraw = False
121.6507 	EXP 	TrialPicture_2: size = array([0.75, 1.  ])
121.6507 	EXP 	TrialPicture_2: image = './stimuli/images/086.bmp'
121.6507 	EXP 	blackTrial_2: autoDraw = True
121.6507 	EXP 	whiteTrial_2: autoDraw = True
121.6507 	EXP 	TrialPicture_2: autoDraw = True
121.6507 	EXP 	green_2: autoDraw = True
121.6507 	EXP 	red_2: autoDraw = True
122.6517 	EXP 	blackTrial_2: autoDraw = False
122.6517 	EXP 	whiteTrial_2: autoDraw = False
122.6517 	EXP 	TrialPicture_2: autoDraw = False
122.6517 	EXP 	green_2: autoDraw = False
122.6517 	EXP 	red_2: autoDraw = False
122.6517 	EXP 	blackTrial_2: autoDraw = False
122.6517 	EXP 	whiteTrial_2: autoDraw = False
122.6517 	EXP 	TrialPicture_2: autoDraw = False
122.6517 	EXP 	green_2: autoDraw = False
122.6517 	EXP 	red_2: autoDraw = False
122.6517 	EXP 	whiteWaitInterTrial_4: size = array([0.75, 1.  ])
122.6517 	EXP 	blackWaitInterTrial_4: autoDraw = True
122.6517 	EXP 	whiteWaitInterTrial_4: autoDraw = True
122.6517 	EXP 	green_fb_2: autoDraw = True
122.6517 	EXP 	red_fb_2: autoDraw = True
124.4393 	EXP 	New trial (rep=16, index=0): None
124.4547 	EXP 	blackWaitInterTrial_4: autoDraw = False
124.4547 	EXP 	whiteWaitInterTrial_4: autoDraw = False
124.4547 	EXP 	green_fb_2: autoDraw = False
124.4547 	EXP 	red_fb_2: autoDraw = False
124.4547 	EXP 	blackWaitInterTrial_4: autoDraw = False
124.4547 	EXP 	whiteWaitInterTrial_4: autoDraw = False
124.4547 	EXP 	green_fb_2: autoDraw = False
124.4547 	EXP 	red_fb_2: autoDraw = False
124.4547 	EXP 	TrialPicture_2: size = array([0.75, 1.  ])
124.4547 	EXP 	TrialPicture_2: image = './stimuli/images/152.bmp'
124.4547 	EXP 	blackTrial_2: autoDraw = True
124.4547 	EXP 	whiteTrial_2: autoDraw = True
124.4547 	EXP 	TrialPicture_2: autoDraw = True
124.4547 	EXP 	green_2: autoDraw = True
124.4547 	EXP 	red_2: autoDraw = True
125.4704 	EXP 	blackTrial_2: autoDraw = False
125.4704 	EXP 	whiteTrial_2: autoDraw = False
125.4704 	EXP 	TrialPicture_2: autoDraw = False
125.4704 	EXP 	green_2: autoDraw = False
125.4704 	EXP 	red_2: autoDraw = False
125.4704 	EXP 	blackTrial_2: autoDraw = False
125.4704 	EXP 	whiteTrial_2: autoDraw = False
125.4704 	EXP 	TrialPicture_2: autoDraw = False
125.4704 	EXP 	green_2: autoDraw = False
125.4704 	EXP 	red_2: autoDraw = False
125.4704 	EXP 	whiteWaitInterTrial_4: size = array([0.75, 1.  ])
125.4704 	EXP 	blackWaitInterTrial_4: autoDraw = True
125.4704 	EXP 	whiteWaitInterTrial_4: autoDraw = True
125.4704 	EXP 	green_fb_2: autoDraw = True
125.4704 	EXP 	red_fb_2: autoDraw = True
127.1579 	EXP 	New trial (rep=17, index=0): None
127.1730 	EXP 	blackWaitInterTrial_4: autoDraw = False
127.1730 	EXP 	whiteWaitInterTrial_4: autoDraw = False
127.1730 	EXP 	green_fb_2: autoDraw = False
127.1730 	EXP 	red_fb_2: autoDraw = False
127.1730 	EXP 	blackWaitInterTrial_4: autoDraw = False
127.1730 	EXP 	whiteWaitInterTrial_4: autoDraw = False
127.1730 	EXP 	green_fb_2: autoDraw = False
127.1730 	EXP 	red_fb_2: autoDraw = False
127.1730 	EXP 	TrialPicture_2: size = array([0.75, 1.  ])
127.1730 	EXP 	TrialPicture_2: image = './stimuli/images/061.bmp'
127.1730 	EXP 	blackTrial_2: autoDraw = True
127.1730 	EXP 	whiteTrial_2: autoDraw = True
127.1730 	EXP 	TrialPicture_2: autoDraw = True
127.1730 	EXP 	green_2: autoDraw = True
127.1730 	EXP 	red_2: autoDraw = True
128.1892 	EXP 	blackTrial_2: autoDraw = False
128.1892 	EXP 	whiteTrial_2: autoDraw = False
128.1892 	EXP 	TrialPicture_2: autoDraw = False
128.1892 	EXP 	green_2: autoDraw = False
128.1892 	EXP 	red_2: autoDraw = False
128.1892 	EXP 	blackTrial_2: autoDraw = False
128.1892 	EXP 	whiteTrial_2: autoDraw = False
128.1892 	EXP 	TrialPicture_2: autoDraw = False
128.1892 	EXP 	green_2: autoDraw = False
128.1892 	EXP 	red_2: autoDraw = False
128.1892 	EXP 	whiteWaitInterTrial_4: size = array([0.75, 1.  ])
128.1892 	EXP 	blackWaitInterTrial_4: autoDraw = True
128.1892 	EXP 	whiteWaitInterTrial_4: autoDraw = True
128.1892 	EXP 	green_fb_2: autoDraw = True
128.1892 	EXP 	red_fb_2: autoDraw = True
129.7764 	EXP 	New trial (rep=18, index=0): None
129.7910 	EXP 	blackWaitInterTrial_4: autoDraw = False
129.7910 	EXP 	whiteWaitInterTrial_4: autoDraw = False
129.7910 	EXP 	green_fb_2: autoDraw = False
129.7910 	EXP 	red_fb_2: autoDraw = False
129.7910 	EXP 	blackWaitInterTrial_4: autoDraw = False
129.7910 	EXP 	whiteWaitInterTrial_4: autoDraw = False
129.7910 	EXP 	green_fb_2: autoDraw = False
129.7910 	EXP 	red_fb_2: autoDraw = False
129.7910 	EXP 	TrialPicture_2: size = array([0.75, 1.  ])
129.7910 	EXP 	TrialPicture_2: image = './stimuli/images/008.bmp'
129.7910 	EXP 	blackTrial_2: autoDraw = True
129.7910 	EXP 	whiteTrial_2: autoDraw = True
129.7910 	EXP 	TrialPicture_2: autoDraw = True
129.7910 	EXP 	green_2: autoDraw = True
129.7910 	EXP 	red_2: autoDraw = True
130.8080 	EXP 	blackTrial_2: autoDraw = False
130.8080 	EXP 	whiteTrial_2: autoDraw = False
130.8080 	EXP 	TrialPicture_2: autoDraw = False
130.8080 	EXP 	green_2: autoDraw = False
130.8080 	EXP 	red_2: autoDraw = False
130.8080 	EXP 	blackTrial_2: autoDraw = False
130.8080 	EXP 	whiteTrial_2: autoDraw = False
130.8080 	EXP 	TrialPicture_2: autoDraw = False
130.8080 	EXP 	green_2: autoDraw = False
130.8080 	EXP 	red_2: autoDraw = False
130.8080 	EXP 	whiteWaitInterTrial_4: size = array([0.75, 1.  ])
130.8080 	EXP 	blackWaitInterTrial_4: autoDraw = True
130.8080 	EXP 	whiteWaitInterTrial_4: autoDraw = True
130.8080 	EXP 	green_fb_2: autoDraw = True
130.8080 	EXP 	red_fb_2: autoDraw = True
132.4962 	EXP 	New trial (rep=19, index=0): None
132.5120 	EXP 	blackWaitInterTrial_4: autoDraw = False
132.5120 	EXP 	whiteWaitInterTrial_4: autoDraw = False
132.5120 	EXP 	green_fb_2: autoDraw = False
132.5120 	EXP 	red_fb_2: autoDraw = False
132.5120 	EXP 	blackWaitInterTrial_4: autoDraw = False
132.5120 	EXP 	whiteWaitInterTrial_4: autoDraw = False
132.5120 	EXP 	green_fb_2: autoDraw = False
132.5120 	EXP 	red_fb_2: autoDraw = False
132.5120 	EXP 	TrialPicture_2: size = array([0.75, 1.  ])
132.5120 	EXP 	TrialPicture_2: image = './stimuli/images/086.bmp'
132.5120 	EXP 	blackTrial_2: autoDraw = True
132.5120 	EXP 	whiteTrial_2: autoDraw = True
132.5120 	EXP 	TrialPicture_2: autoDraw = True
132.5120 	EXP 	green_2: autoDraw = True
132.5120 	EXP 	red_2: autoDraw = True
133.5271 	EXP 	blackTrial_2: autoDraw = False
133.5271 	EXP 	whiteTrial_2: autoDraw = False
133.5271 	EXP 	TrialPicture_2: autoDraw = False
133.5271 	EXP 	green_2: autoDraw = False
133.5271 	EXP 	red_2: autoDraw = False
133.5271 	EXP 	blackTrial_2: autoDraw = False
133.5271 	EXP 	whiteTrial_2: autoDraw = False
133.5271 	EXP 	TrialPicture_2: autoDraw = False
133.5271 	EXP 	green_2: autoDraw = False
133.5271 	EXP 	red_2: autoDraw = False
133.5271 	EXP 	whiteWaitInterTrial_4: size = array([0.75, 1.  ])
133.5271 	EXP 	blackWaitInterTrial_4: autoDraw = True
133.5271 	EXP 	whiteWaitInterTrial_4: autoDraw = True
133.5271 	EXP 	green_fb_2: autoDraw = True
133.5271 	EXP 	red_fb_2: autoDraw = True
135.1285 	EXP 	blackWaitInterTrial_4: autoDraw = False
135.1285 	EXP 	whiteWaitInterTrial_4: autoDraw = False
135.1285 	EXP 	green_fb_2: autoDraw = False
135.1285 	EXP 	red_fb_2: autoDraw = False
135.1285 	EXP 	blackWaitInterTrial_4: autoDraw = False
135.1285 	EXP 	whiteWaitInterTrial_4: autoDraw = False
135.1285 	EXP 	green_fb_2: autoDraw = False
135.1285 	EXP 	red_fb_2: autoDraw = False
135.1285 	EXP 	fixationImage_2: size = array([0.75, 1.  ])
135.1285 	EXP 	fixation_2: autoDraw = True
135.1285 	EXP 	fixationImage_2: autoDraw = True
137.1303 	EXP 	fixation_2: autoDraw = False
137.1303 	EXP 	fixationImage_2: autoDraw = False
137.1303 	EXP 	polygon_end_2: autoDraw = True
137.1303 	EXP 	end_text_2: autoDraw = True
139.1328 	EXP 	polygon_end_2: autoDraw = False
139.1328 	EXP 	end_text_2: autoDraw = False
139.1980 	EXP 	window1: mouseVisible = True
