3.8283 	EXP 	Created window1 = Window(allowGUI=False, allowStencil=False, args=UNKNOWN, autoLog=True, bitsMode=UNKNOWN, blendMode='avg', color=array([0., 0., 0.]), colorSpace='rgb', fullscr=<method-wrapper '__getattribute__' of attributeSetter object at 0x000002218DC027B8>, gamma=None, gammaErrorPolicy='raise', kwargs=UNKNOWN, lms=UNKNOWN, monitor=<psychopy.monitors.calibTools.Monitor object at 0x000002218DC406A0>, multiSample=False, name='window1', numSamples=2, pos=[0.0, 0.0], screen=1, size=array([1920, 1200]), stereo=False, units='norm', useFBO=True, useRetina=False, viewOri=0.0, viewPos=None, viewScale=None, waitBlanking=True, winType='pyglet')
3.8284 	EXP 	window1: recordFrameIntervals = False
3.9927 	EXP 	window1: recordFrameIntervals = True
4.1763 	EXP 	window1: recordFrameIntervals = False
4.4258 	EXP 	Created polygon_1 = Rect(__class__=<class 'psychopy.visual.rect.Rect'>, autoDraw=False, autoLog=True, closeShape=True, color=method-wrapper(...), colorSpace=None, contrast=1.0, depth=0.0, fillColor='black', fillColorSpace='named', fillRGB=array([0., 0., 0.]), interpolate=True, lineColor='black', lineColorSpace='named', lineRGB=array([0., 0., 0.]), lineWidth=1, name='polygon_1', opacity=1.0, ori=array(0.), pos=array([0., 0.]), size=array([1., 1.]), units='norm', vertices=ndarray(...), win=Window(...))
4.5817 	EXP 	Created descriptionText_1 = TextStim(__class__=<class 'psychopy.visual.text.TextStim'>, alignHoriz='center', alignVert='center', antialias=True, autoLog=True, bold=False, color='white', colorSpace='named', contrast=1.0, depth=-1.0, flipHoriz=False, flipVert=False, font='Arial', fontFiles=[], height=0.09, italic=False, languageStyle='LTR', name='descriptionText_1', opacity=1.0, ori=0, pos=array([0., 0.]), rgb=array([255., 255., 255.]), text=str(...), units='norm', win=Window(...), wrapWidth=1)
4.5824 	EXP 	Created fixation10 = Rect(__class__=<class 'psychopy.visual.rect.Rect'>, autoDraw=False, autoLog=True, closeShape=True, color=method-wrapper(...), colorSpace=None, contrast=1.0, depth=0.0, fillColor='black', fillColorSpace='named', fillRGB=array([0., 0., 0.]), interpolate=True, lineColor='black', lineColorSpace='named', lineRGB=array([0., 0., 0.]), lineWidth=1, name='fixation10', opacity=1.0, ori=array(0.), pos=array([0., 0.]), size=array([1., 1.]), units='norm', vertices=ndarray(...), win=Window(...))
4.5908 	EXP 	Created fixationImage10 = ImageStim(__class__=<class 'psychopy.visual.image.ImageStim'>, autoLog=True, color=array([1., 1., 1.]), colorSpace='rgb', contrast=1.0, depth=-1.0, flipHoriz=False, flipVert=False, image='./stimuli/images/fix.bmp', interpolate=True, mask=None, maskParams=None, name='fixationImage10', opacity=1.0, ori=0.0, pos=array([0., 0.]), size=array([1., 1.]), texRes=128, units='norm', win=Window(...))
4.6158 	EXP 	Created text = TextStim(__class__=<class 'psychopy.visual.text.TextStim'>, alignHoriz='center', alignVert='center', antialias=True, autoLog=True, bold=False, color='white', colorSpace='named', contrast=1.0, depth=-2.0, flipHoriz=False, flipVert=False, font='Arial', fontFiles=[], height=0.3, italic=False, languageStyle='LTR', name='text', opacity=1.0, ori=0, pos=array([ 0. , -0.7]), rgb=array([255., 255., 255.]), text='3 . . .', units='norm', win=Window(...), wrapWidth=1)
4.6303 	EXP 	Created text_2 = TextStim(__class__=<class 'psychopy.visual.text.TextStim'>, alignHoriz='center', alignVert='center', antialias=True, autoLog=True, bold=False, color='white', colorSpace='named', contrast=1.0, depth=-3.0, flipHoriz=False, flipVert=False, font='Arial', fontFiles=[], height=0.3, italic=False, languageStyle='LTR', name='text_2', opacity=1.0, ori=0, pos=array([ 0. , -0.7]), rgb=array([255., 255., 255.]), text='2 . .', units='norm', win=Window(...), wrapWidth=1)
4.6357 	EXP 	Created text_3 = TextStim(__class__=<class 'psychopy.visual.text.TextStim'>, alignHoriz='center', alignVert='center', antialias=True, autoLog=True, bold=False, color='white', colorSpace='named', contrast=1.0, depth=-4.0, flipHoriz=False, flipVert=False, font='Arial', fontFiles=[], height=0.3, italic=False, languageStyle='LTR', name='text_3', opacity=1.0, ori=0, pos=array([ 0. , -0.7]), rgb=array([255., 255., 255.]), text='1 .', units='norm', win=Window(...), wrapWidth=1)
4.6363 	EXP 	Created blackProc = Rect(__class__=<class 'psychopy.visual.rect.Rect'>, autoDraw=False, autoLog=True, closeShape=True, color=method-wrapper(...), colorSpace=None, contrast=1.0, depth=-1.0, fillColor='black', fillColorSpace='named', fillRGB=array([0., 0., 0.]), interpolate=True, lineColor='black', lineColorSpace='named', lineRGB=array([0., 0., 0.]), lineWidth=1, name='blackProc', opacity=1.0, ori=array(0.), pos=array([0., 0.]), size=array([1., 1.]), units='norm', vertices=ndarray(...), win=Window(...))
4.6368 	EXP 	Created greenProc = Rect(__class__=<class 'psychopy.visual.rect.Rect'>, autoDraw=False, autoLog=True, closeShape=True, color=method-wrapper(...), colorSpace=None, contrast=1.0, depth=-2.0, fillColor='green', fillColorSpace='named', fillRGB=array([  0., 128.,   0.]), interpolate=True, lineColor='green', lineColorSpace='named', lineRGB=array([  0., 128.,   0.]), lineWidth=1, name='greenProc', opacity=1.0, ori=array(0.), pos=array([0., 0.]), size=array([1., 1.]), units='norm', vertices=ndarray(...), win=Window(...))
4.6386 	EXP 	Created ProcTarget = ImageStim(__class__=<class 'psychopy.visual.image.ImageStim'>, autoLog=True, color=array([1., 1., 1.]), colorSpace='rgb', contrast=1.0, depth=-3.0, flipHoriz=False, flipVert=False, image='sin', interpolate=True, mask=None, maskParams=None, name='ProcTarget', opacity=1.0, ori=0.0, pos=array([-0.4,  0. ]), size=array([1., 1.]), texRes=128, units='norm', win=Window(...))
4.6402 	EXP 	Created ProcPicture = ImageStim(__class__=<class 'psychopy.visual.image.ImageStim'>, autoLog=True, color=array([1., 1., 1.]), colorSpace='rgb', contrast=1.0, depth=-4.0, flipHoriz=False, flipVert=False, image='sin', interpolate=True, mask=None, maskParams=None, name='ProcPicture', opacity=1.0, ori=0.0, pos=array([0.4, 0. ]), size=array([1., 1.]), texRes=128, units='norm', win=Window(...))
4.6408 	EXP 	Created blackWaitInterTrial = Rect(__class__=<class 'psychopy.visual.rect.Rect'>, autoDraw=False, autoLog=True, closeShape=True, color=method-wrapper(...), colorSpace=None, contrast=1.0, depth=0.0, fillColor='black', fillColorSpace='named', fillRGB=array([0., 0., 0.]), interpolate=True, lineColor='black', lineColorSpace='named', lineRGB=array([0., 0., 0.]), lineWidth=1, name='blackWaitInterTrial', opacity=1.0, ori=array(0.), pos=array([0., 0.]), size=array([1., 1.]), units='norm', vertices=ndarray(...), win=Window(...))
4.6459 	EXP 	Created whiteWaitInterTrial = ImageStim(__class__=<class 'psychopy.visual.image.ImageStim'>, autoLog=True, color=array([1., 1., 1.]), colorSpace='rgb', contrast=1.0, depth=-1.0, flipHoriz=False, flipVert=False, image='./stimuli/images/blank.bmp', interpolate=True, mask=None, maskParams=None, name='whiteWaitInterTrial', opacity=1.0, ori=0.0, pos=array([0., 0.]), size=array([1., 1.]), texRes=128, units='norm', win=Window(...))
4.6465 	EXP 	Created blackTrial = Rect(__class__=<class 'psychopy.visual.rect.Rect'>, autoDraw=False, autoLog=True, closeShape=True, color=method-wrapper(...), colorSpace=None, contrast=1.0, depth=-1.0, fillColor='black', fillColorSpace='named', fillRGB=array([0., 0., 0.]), interpolate=True, lineColor='black', lineColorSpace='named', lineRGB=array([0., 0., 0.]), lineWidth=1, name='blackTrial', opacity=1.0, ori=array(0.), pos=array([0., 0.]), size=array([1., 1.]), units='norm', vertices=ndarray(...), win=Window(...))
4.6472 	EXP 	Created whiteTrial = Rect(__class__=<class 'psychopy.visual.rect.Rect'>, autoDraw=False, autoLog=True, closeShape=True, color=method-wrapper(...), colorSpace=None, contrast=1.0, depth=-2.0, fillColor='white', fillColorSpace='named', fillRGB=array([255., 255., 255.]), interpolate=True, lineColor='white', lineColorSpace='named', lineRGB=array([255., 255., 255.]), lineWidth=1, name='whiteTrial', opacity=1.0, ori=array(0.), pos=array([0., 0.]), size=array([1., 1.]), units='norm', vertices=ndarray(...), win=Window(...))
4.6487 	EXP 	Created TrialPicture = ImageStim(__class__=<class 'psychopy.visual.image.ImageStim'>, autoLog=True, color=array([1., 1., 1.]), colorSpace='rgb', contrast=1.0, depth=-3.0, flipHoriz=False, flipVert=False, image='sin', interpolate=True, mask=None, maskParams=None, name='TrialPicture', opacity=1.0, ori=0.0, pos=array([0., 0.]), size=array([1., 1.]), texRes=128, units='norm', win=Window(...))
4.6496 	EXP 	Created green_1 = ShapeStim(__class__=<class 'psychopy.visual.shape.ShapeStim'>, autoDraw=False, autoLog=True, closeShape=True, contrast=1.0, depth=-6.0, fillColor='green', fillColorSpace='named', interpolate=True, lineColor='green', lineColorSpace='named', lineWidth=1, name='green_1', opacity=1.0, ori=array(0.), pos=array([0., 0.]), size=array([0.05, 0.05]), units='norm', vertices=ndarray(...), win=Window(...), windingRule=None)
4.6502 	EXP 	Created red_1 = Rect(__class__=<class 'psychopy.visual.rect.Rect'>, autoDraw=False, autoLog=True, closeShape=True, color=method-wrapper(...), colorSpace=None, contrast=1.0, depth=-7.0, fillColor='red', fillColorSpace='named', fillRGB=array([255.,   0.,   0.]), interpolate=True, lineColor='red', lineColorSpace='named', lineRGB=array([255.,   0.,   0.]), lineWidth=1, name='red_1', opacity=1.0, ori=array(0.), pos=array([0., 0.]), size=array([1., 1.]), units='norm', vertices=ndarray(...), win=Window(...))
4.6507 	EXP 	Created blackWaitInterTrial_2 = Rect(__class__=<class 'psychopy.visual.rect.Rect'>, autoDraw=False, autoLog=True, closeShape=True, color=method-wrapper(...), colorSpace=None, contrast=1.0, depth=-1.0, fillColor='black', fillColorSpace='named', fillRGB=array([0., 0., 0.]), interpolate=True, lineColor='black', lineColorSpace='named', lineRGB=array([0., 0., 0.]), lineWidth=1, name='blackWaitInterTrial_2', opacity=1.0, ori=array(0.), pos=array([0., 0.]), size=array([1., 1.]), units='norm', vertices=ndarray(...), win=Window(...))
4.6565 	EXP 	Created whiteWaitInterTrial_2 = ImageStim(__class__=<class 'psychopy.visual.image.ImageStim'>, autoLog=True, color=array([1., 1., 1.]), colorSpace='rgb', contrast=1.0, depth=-2.0, flipHoriz=False, flipVert=False, image='./stimuli/images/blank.bmp', interpolate=True, mask=None, maskParams=None, name='whiteWaitInterTrial_2', opacity=1.0, ori=0.0, pos=array([0., 0.]), size=array([1., 1.]), texRes=128, units='norm', win=Window(...))
4.6571 	EXP 	Created green_fb_1 = ShapeStim(__class__=<class 'psychopy.visual.shape.ShapeStim'>, autoDraw=False, autoLog=True, closeShape=True, contrast=1.0, depth=-3.0, fillColor='green', fillColorSpace='named', interpolate=True, lineColor='green', lineColorSpace='named', lineWidth=1, name='green_fb_1', opacity=1.0, ori=array(0.), pos=array([0., 0.]), size=array([1., 1.]), units='norm', vertices=ndarray(...), win=Window(...), windingRule=None)
4.6576 	EXP 	Created red_fb_1 = Rect(__class__=<class 'psychopy.visual.rect.Rect'>, autoDraw=False, autoLog=True, closeShape=True, color=method-wrapper(...), colorSpace=None, contrast=1.0, depth=-4.0, fillColor='red', fillColorSpace='named', fillRGB=array([255.,   0.,   0.]), interpolate=True, lineColor='red', lineColorSpace='named', lineRGB=array([255.,   0.,   0.]), lineWidth=1, name='red_fb_1', opacity=1.0, ori=array(0.), pos=array([0., 0.]), size=array([1., 1.]), units='norm', vertices=ndarray(...), win=Window(...))
4.6582 	EXP 	Created fixation = Rect(__class__=<class 'psychopy.visual.rect.Rect'>, autoDraw=False, autoLog=True, closeShape=True, color=method-wrapper(...), colorSpace=None, contrast=1.0, depth=0.0, fillColor='black', fillColorSpace='named', fillRGB=array([0., 0., 0.]), interpolate=True, lineColor='black', lineColorSpace='named', lineRGB=array([0., 0., 0.]), lineWidth=1, name='fixation', opacity=1.0, ori=array(0.), pos=array([0., 0.]), size=array([1., 1.]), units='norm', vertices=ndarray(...), win=Window(...))
4.6633 	EXP 	Created fixationImage = ImageStim(__class__=<class 'psychopy.visual.image.ImageStim'>, autoLog=True, color=array([1., 1., 1.]), colorSpace='rgb', contrast=1.0, depth=-1.0, flipHoriz=False, flipVert=False, image='./stimuli/images/fix.bmp', interpolate=True, mask=None, maskParams=None, name='fixationImage', opacity=1.0, ori=0.0, pos=array([0., 0.]), size=array([1., 1.]), texRes=128, units='norm', win=Window(...))
4.6639 	EXP 	Created polygon_end = Rect(__class__=<class 'psychopy.visual.rect.Rect'>, autoDraw=False, autoLog=True, closeShape=True, color=method-wrapper(...), colorSpace=None, contrast=1.0, depth=0.0, fillColor='black', fillColorSpace='named', fillRGB=array([0., 0., 0.]), interpolate=True, lineColor='black', lineColorSpace='named', lineRGB=array([0., 0., 0.]), lineWidth=1, name='polygon_end', opacity=1.0, ori=array(0.), pos=array([0., 0.]), size=array([1., 1.]), units='norm', vertices=ndarray(...), win=Window(...))
4.6796 	EXP 	Created end_text = TextStim(__class__=<class 'psychopy.visual.text.TextStim'>, alignHoriz='center', alignVert='center', antialias=True, autoLog=True, bold=False, color='white', colorSpace='named', contrast=1.0, depth=-1.0, flipHoriz=False, flipVert=False, font='Arial', fontFiles=[], height=0.1, italic=False, languageStyle='LTR', name='end_text', opacity=1.0, ori=0, pos=array([0., 0.]), rgb=array([255., 255., 255.]), text='That completes Round 1 of the task', units='norm', win=Window(...), wrapWidth=1)
4.6802 	EXP 	Created polygon_15 = Rect(__class__=<class 'psychopy.visual.rect.Rect'>, autoDraw=False, autoLog=True, closeShape=True, color=method-wrapper(...), colorSpace=None, contrast=1.0, depth=0.0, fillColor='black', fillColorSpace='named', fillRGB=array([0., 0., 0.]), interpolate=True, lineColor='black', lineColorSpace='named', lineRGB=array([0., 0., 0.]), lineWidth=1, name='polygon_15', opacity=1.0, ori=array(0.), pos=array([0., 0.]), size=array([1., 1.]), units='norm', vertices=ndarray(...), win=Window(...))
4.7305 	EXP 	Created descriptionText_15 = TextStim(__class__=<class 'psychopy.visual.text.TextStim'>, alignHoriz='center', alignVert='center', antialias=True, autoLog=True, bold=False, color='white', colorSpace='named', contrast=1.0, depth=-1.0, flipHoriz=False, flipVert=False, font='Arial', fontFiles=[], height=0.09, italic=False, languageStyle='LTR', name='descriptionText_15', opacity=1.0, ori=0, pos=array([0., 0.]), rgb=array([255., 255., 255.]), text=str(...), units='norm', win=Window(...), wrapWidth=1)
4.7312 	EXP 	Created fixation10 = Rect(__class__=<class 'psychopy.visual.rect.Rect'>, autoDraw=False, autoLog=True, closeShape=True, color=method-wrapper(...), colorSpace=None, contrast=1.0, depth=0.0, fillColor='black', fillColorSpace='named', fillRGB=array([0., 0., 0.]), interpolate=True, lineColor='black', lineColorSpace='named', lineRGB=array([0., 0., 0.]), lineWidth=1, name='fixation10', opacity=1.0, ori=array(0.), pos=array([0., 0.]), size=array([1., 1.]), units='norm', vertices=ndarray(...), win=Window(...))
4.7529 	EXP 	Created fixationImage10 = ImageStim(__class__=<class 'psychopy.visual.image.ImageStim'>, autoLog=True, color=array([1., 1., 1.]), colorSpace='rgb', contrast=1.0, depth=-1.0, flipHoriz=False, flipVert=False, image='./stimuli/images/fix.bmp', interpolate=True, mask=None, maskParams=None, name='fixationImage10', opacity=1.0, ori=0.0, pos=array([0., 0.]), size=array([1., 1.]), texRes=128, units='norm', win=Window(...))
4.7599 	EXP 	Created text = TextStim(__class__=<class 'psychopy.visual.text.TextStim'>, alignHoriz='center', alignVert='center', antialias=True, autoLog=True, bold=False, color='white', colorSpace='named', contrast=1.0, depth=-2.0, flipHoriz=False, flipVert=False, font='Arial', fontFiles=[], height=0.3, italic=False, languageStyle='LTR', name='text', opacity=1.0, ori=0, pos=array([ 0. , -0.7]), rgb=array([255., 255., 255.]), text='3 . . .', units='norm', win=Window(...), wrapWidth=1)
4.7661 	EXP 	Created text_2 = TextStim(__class__=<class 'psychopy.visual.text.TextStim'>, alignHoriz='center', alignVert='center', antialias=True, autoLog=True, bold=False, color='white', colorSpace='named', contrast=1.0, depth=-3.0, flipHoriz=False, flipVert=False, font='Arial', fontFiles=[], height=0.3, italic=False, languageStyle='LTR', name='text_2', opacity=1.0, ori=0, pos=array([ 0. , -0.7]), rgb=array([255., 255., 255.]), text='2 . .', units='norm', win=Window(...), wrapWidth=1)
4.7700 	EXP 	Created text_3 = TextStim(__class__=<class 'psychopy.visual.text.TextStim'>, alignHoriz='center', alignVert='center', antialias=True, autoLog=True, bold=False, color='white', colorSpace='named', contrast=1.0, depth=-4.0, flipHoriz=False, flipVert=False, font='Arial', fontFiles=[], height=0.3, italic=False, languageStyle='LTR', name='text_3', opacity=1.0, ori=0, pos=array([ 0. , -0.7]), rgb=array([255., 255., 255.]), text='1 .', units='norm', win=Window(...), wrapWidth=1)
4.7710 	EXP 	Created blackProc_2 = Rect(__class__=<class 'psychopy.visual.rect.Rect'>, autoDraw=False, autoLog=True, closeShape=True, color=method-wrapper(...), colorSpace=None, contrast=1.0, depth=-1.0, fillColor='black', fillColorSpace='named', fillRGB=array([0., 0., 0.]), interpolate=True, lineColor='black', lineColorSpace='named', lineRGB=array([0., 0., 0.]), lineWidth=1, name='blackProc_2', opacity=1.0, ori=array(0.), pos=array([0., 0.]), size=array([1., 1.]), units='norm', vertices=ndarray(...), win=Window(...))
4.7720 	EXP 	Created greenProc_2 = Rect(__class__=<class 'psychopy.visual.rect.Rect'>, autoDraw=False, autoLog=True, closeShape=True, color=method-wrapper(...), colorSpace=None, contrast=1.0, depth=-2.0, fillColor='green', fillColorSpace='named', fillRGB=array([  0., 128.,   0.]), interpolate=True, lineColor='green', lineColorSpace='named', lineRGB=array([  0., 128.,   0.]), lineWidth=1, name='greenProc_2', opacity=1.0, ori=array(0.), pos=array([0., 0.]), size=array([1., 1.]), units='norm', vertices=ndarray(...), win=Window(...))
4.7746 	EXP 	Created ProcTarget_2 = ImageStim(__class__=<class 'psychopy.visual.image.ImageStim'>, autoLog=True, color=array([1., 1., 1.]), colorSpace='rgb', contrast=1.0, depth=-3.0, flipHoriz=False, flipVert=False, image='sin', interpolate=True, mask=None, maskParams=None, name='ProcTarget_2', opacity=1.0, ori=0.0, pos=array([-0.4,  0. ]), size=array([1., 1.]), texRes=128, units='norm', win=Window(...))
4.7763 	EXP 	Created ProcPicture_2 = ImageStim(__class__=<class 'psychopy.visual.image.ImageStim'>, autoLog=True, color=array([1., 1., 1.]), colorSpace='rgb', contrast=1.0, depth=-4.0, flipHoriz=False, flipVert=False, image='sin', interpolate=True, mask=None, maskParams=None, name='ProcPicture_2', opacity=1.0, ori=0.0, pos=array([0.4, 0. ]), size=array([1., 1.]), texRes=128, units='norm', win=Window(...))
4.7769 	EXP 	Created blackWaitInterTrial_3 = Rect(__class__=<class 'psychopy.visual.rect.Rect'>, autoDraw=False, autoLog=True, closeShape=True, color=method-wrapper(...), colorSpace=None, contrast=1.0, depth=0.0, fillColor='black', fillColorSpace='named', fillRGB=array([0., 0., 0.]), interpolate=True, lineColor='black', lineColorSpace='named', lineRGB=array([0., 0., 0.]), lineWidth=1, name='blackWaitInterTrial_3', opacity=1.0, ori=array(0.), pos=array([0., 0.]), size=array([1., 1.]), units='norm', vertices=ndarray(...), win=Window(...))
4.7821 	EXP 	Created whiteWaitInterTrial_3 = ImageStim(__class__=<class 'psychopy.visual.image.ImageStim'>, autoLog=True, color=array([1., 1., 1.]), colorSpace='rgb', contrast=1.0, depth=-1.0, flipHoriz=False, flipVert=False, image='./stimuli/images/blank.bmp', interpolate=True, mask=None, maskParams=None, name='whiteWaitInterTrial_3', opacity=1.0, ori=0.0, pos=array([0., 0.]), size=array([1., 1.]), texRes=128, units='norm', win=Window(...))
4.7826 	EXP 	Created blackTrial_2 = Rect(__class__=<class 'psychopy.visual.rect.Rect'>, autoDraw=False, autoLog=True, closeShape=True, color=method-wrapper(...), colorSpace=None, contrast=1.0, depth=-1.0, fillColor='black', fillColorSpace='named', fillRGB=array([0., 0., 0.]), interpolate=True, lineColor='black', lineColorSpace='named', lineRGB=array([0., 0., 0.]), lineWidth=1, name='blackTrial_2', opacity=1.0, ori=array(0.), pos=array([0., 0.]), size=array([1., 1.]), units='norm', vertices=ndarray(...), win=Window(...))
4.7832 	EXP 	Created whiteTrial_2 = Rect(__class__=<class 'psychopy.visual.rect.Rect'>, autoDraw=False, autoLog=True, closeShape=True, color=method-wrapper(...), colorSpace=None, contrast=1.0, depth=-2.0, fillColor='white', fillColorSpace='named', fillRGB=array([255., 255., 255.]), interpolate=True, lineColor='white', lineColorSpace='named', lineRGB=array([255., 255., 255.]), lineWidth=1, name='whiteTrial_2', opacity=1.0, ori=array(0.), pos=array([0., 0.]), size=array([1., 1.]), units='norm', vertices=ndarray(...), win=Window(...))
4.7847 	EXP 	Created TrialPicture_2 = ImageStim(__class__=<class 'psychopy.visual.image.ImageStim'>, autoLog=True, color=array([1., 1., 1.]), colorSpace='rgb', contrast=1.0, depth=-3.0, flipHoriz=False, flipVert=False, image='sin', interpolate=True, mask=None, maskParams=None, name='TrialPicture_2', opacity=1.0, ori=0.0, pos=array([0., 0.]), size=array([1., 1.]), texRes=128, units='norm', win=Window(...))
4.7856 	EXP 	Created green_2 = ShapeStim(__class__=<class 'psychopy.visual.shape.ShapeStim'>, autoDraw=False, autoLog=True, closeShape=True, contrast=1.0, depth=-6.0, fillColor='green', fillColorSpace='named', interpolate=True, lineColor='green', lineColorSpace='named', lineWidth=1, name='green_2', opacity=1.0, ori=array(0.), pos=array([0., 0.]), size=array([0.05, 0.05]), units='norm', vertices=ndarray(...), win=Window(...), windingRule=None)
4.7862 	EXP 	Created red_2 = Rect(__class__=<class 'psychopy.visual.rect.Rect'>, autoDraw=False, autoLog=True, closeShape=True, color=method-wrapper(...), colorSpace=None, contrast=1.0, depth=-7.0, fillColor='red', fillColorSpace='named', fillRGB=array([255.,   0.,   0.]), interpolate=True, lineColor='red', lineColorSpace='named', lineRGB=array([255.,   0.,   0.]), lineWidth=1, name='red_2', opacity=1.0, ori=array(0.), pos=array([0., 0.]), size=array([1., 1.]), units='norm', vertices=ndarray(...), win=Window(...))
4.7867 	EXP 	Created blackWaitInterTrial_4 = Rect(__class__=<class 'psychopy.visual.rect.Rect'>, autoDraw=False, autoLog=True, closeShape=True, color=method-wrapper(...), colorSpace=None, contrast=1.0, depth=-1.0, fillColor='black', fillColorSpace='named', fillRGB=array([0., 0., 0.]), interpolate=True, lineColor='black', lineColorSpace='named', lineRGB=array([0., 0., 0.]), lineWidth=1, name='blackWaitInterTrial_4', opacity=1.0, ori=array(0.), pos=array([0., 0.]), size=array([1., 1.]), units='norm', vertices=ndarray(...), win=Window(...))
4.7926 	EXP 	Created whiteWaitInterTrial_4 = ImageStim(__class__=<class 'psychopy.visual.image.ImageStim'>, autoLog=True, color=array([1., 1., 1.]), colorSpace='rgb', contrast=1.0, depth=-2.0, flipHoriz=False, flipVert=False, image='./stimuli/images/blank.bmp', interpolate=True, mask=None, maskParams=None, name='whiteWaitInterTrial_4', opacity=1.0, ori=0.0, pos=array([0., 0.]), size=array([1., 1.]), texRes=128, units='norm', win=Window(...))
4.7931 	EXP 	Created green_fb_2 = ShapeStim(__class__=<class 'psychopy.visual.shape.ShapeStim'>, autoDraw=False, autoLog=True, closeShape=True, contrast=1.0, depth=-3.0, fillColor='green', fillColorSpace='named', interpolate=True, lineColor='green', lineColorSpace='named', lineWidth=1, name='green_fb_2', opacity=1.0, ori=array(0.), pos=array([0., 0.]), size=array([1., 1.]), units='norm', vertices=ndarray(...), win=Window(...), windingRule=None)
4.7937 	EXP 	Created red_fb_2 = Rect(__class__=<class 'psychopy.visual.rect.Rect'>, autoDraw=False, autoLog=True, closeShape=True, color=method-wrapper(...), colorSpace=None, contrast=1.0, depth=-4.0, fillColor='red', fillColorSpace='named', fillRGB=array([255.,   0.,   0.]), interpolate=True, lineColor='red', lineColorSpace='named', lineRGB=array([255.,   0.,   0.]), lineWidth=1, name='red_fb_2', opacity=1.0, ori=array(0.), pos=array([0., 0.]), size=array([1., 1.]), units='norm', vertices=ndarray(...), win=Window(...))
4.7942 	EXP 	Created fixation_2 = Rect(__class__=<class 'psychopy.visual.rect.Rect'>, autoDraw=False, autoLog=True, closeShape=True, color=method-wrapper(...), colorSpace=None, contrast=1.0, depth=0.0, fillColor='black', fillColorSpace='named', fillRGB=array([0., 0., 0.]), interpolate=True, lineColor='black', lineColorSpace='named', lineRGB=array([0., 0., 0.]), lineWidth=1, name='fixation_2', opacity=1.0, ori=array(0.), pos=array([0., 0.]), size=array([1., 1.]), units='norm', vertices=ndarray(...), win=Window(...))
4.8000 	EXP 	Created fixationImage_2 = ImageStim(__class__=<class 'psychopy.visual.image.ImageStim'>, autoLog=True, color=array([1., 1., 1.]), colorSpace='rgb', contrast=1.0, depth=-1.0, flipHoriz=False, flipVert=False, image='./stimuli/images/fix.bmp', interpolate=True, mask=None, maskParams=None, name='fixationImage_2', opacity=1.0, ori=0.0, pos=array([0., 0.]), size=array([1., 1.]), texRes=128, units='norm', win=Window(...))
4.8008 	EXP 	Created polygon_end_2 = Rect(__class__=<class 'psychopy.visual.rect.Rect'>, autoDraw=False, autoLog=True, closeShape=True, color=method-wrapper(...), colorSpace=None, contrast=1.0, depth=0.0, fillColor='black', fillColorSpace='named', fillRGB=array([0., 0., 0.]), interpolate=True, lineColor='black', lineColorSpace='named', lineRGB=array([0., 0., 0.]), lineWidth=1, name='polygon_end_2', opacity=1.0, ori=array(0.), pos=array([0., 0.]), size=array([1., 1.]), units='norm', vertices=ndarray(...), win=Window(...))
4.8145 	EXP 	Created end_text_2 = TextStim(__class__=<class 'psychopy.visual.text.TextStim'>, alignHoriz='center', alignVert='center', antialias=True, autoLog=True, bold=False, color='white', colorSpace='named', contrast=1.0, depth=-1.0, flipHoriz=False, flipVert=False, font='Arial', fontFiles=[], height=0.1, italic=False, languageStyle='LTR', name='end_text_2', opacity=1.0, ori=0, pos=array([0., 0.]), rgb=array([255., 255., 255.]), text='Thank you for your participation!', units='norm', win=Window(...), wrapWidth=1)
5.3346 	WARNING 	Hamming was requested using the 'pygame' sound library but hamming is not supported there.
5.3353 	EXP 	Set sound_1 sound=./lib/sound/bird.wav
5.3354 	WARNING 	Hamming was requested using the 'pygame' sound library but hamming is not supported there.
5.3359 	EXP 	Set sound_2 sound=./lib/sound/bang.wav
5.3762 	EXP 	polygon_1: autoDraw = True
5.3762 	EXP 	descriptionText_1: autoDraw = True
6.7979 	DATA 	Mouse: Left button down, pos=(642,712)
6.9330 	DATA 	Mouse:  Left button up, pos=(642,712)
7.4030 	DATA 	Keypress: space
7.4111 	EXP 	polygon_1: autoDraw = False
7.4111 	EXP 	descriptionText_1: autoDraw = False
7.4111 	EXP 	fixationImage10: size = array([0.75, 1.  ])
7.4111 	EXP 	fixation10: autoDraw = True
7.4111 	EXP 	fixationImage10: autoDraw = True
7.4111 	EXP 	text: autoDraw = True
8.3956 	EXP 	text_2: autoDraw = True
8.4123 	EXP 	text: autoDraw = False
9.3964 	EXP 	text_2: autoDraw = False
9.3964 	EXP 	text_3: autoDraw = True
10.3973 	EXP 	text_3: autoDraw = False
10.3996 	EXP 	Created sequence: sequential, trialTypes=1, nReps=1, seed=None
10.3997 	EXP 	New trial (rep=0, index=0): None
10.4306 	EXP 	fixation10: autoDraw = False
10.4306 	EXP 	fixationImage10: autoDraw = False
10.4306 	EXP 	fixation10: autoDraw = False
10.4306 	EXP 	fixationImage10: autoDraw = False
10.4306 	EXP 	text: autoDraw = False
10.4306 	EXP 	text_2: autoDraw = False
10.4306 	EXP 	text_3: autoDraw = False
10.4306 	EXP 	greenProc: size = array([1.6, 1.2])
10.4306 	EXP 	ProcTarget: size = array([0.75, 1.  ])
10.4306 	EXP 	ProcTarget: image = './stimuli/images/205.bmp'
10.4306 	EXP 	ProcPicture: size = array([0.75, 1.  ])
10.4306 	EXP 	ProcPicture: image = './stimuli/images/142.bmp'
10.4306 	EXP 	blackProc: autoDraw = True
10.4306 	EXP 	greenProc: autoDraw = True
10.4306 	EXP 	ProcTarget: autoDraw = True
10.4306 	EXP 	ProcPicture: autoDraw = True
13.9337 	EXP 	blackProc: autoDraw = False
13.9337 	EXP 	greenProc: autoDraw = False
13.9337 	EXP 	ProcTarget: autoDraw = False
13.9337 	EXP 	ProcPicture: autoDraw = False
13.9337 	EXP 	blackProc: autoDraw = False
13.9337 	EXP 	greenProc: autoDraw = False
13.9337 	EXP 	ProcTarget: autoDraw = False
13.9337 	EXP 	ProcPicture: autoDraw = False
13.9337 	EXP 	whiteWaitInterTrial: size = array([0.75, 1.  ])
13.9337 	EXP 	blackWaitInterTrial: autoDraw = True
13.9337 	EXP 	whiteWaitInterTrial: autoDraw = True
15.4208 	EXP 	Created sequence: sequential, trialTypes=1, nReps=20, seed=None
15.4212 	EXP 	New trial (rep=0, index=0): None
15.4518 	EXP 	blackWaitInterTrial: autoDraw = False
15.4518 	EXP 	whiteWaitInterTrial: autoDraw = False
15.4518 	EXP 	blackWaitInterTrial: autoDraw = False
15.4518 	EXP 	whiteWaitInterTrial: autoDraw = False
15.4518 	EXP 	TrialPicture: size = array([0.75, 1.  ])
15.4518 	EXP 	TrialPicture: image = './stimuli/images/142.bmp'
15.4518 	EXP 	blackTrial: autoDraw = True
15.4518 	EXP 	whiteTrial: autoDraw = True
15.4518 	EXP 	TrialPicture: autoDraw = True
15.4518 	EXP 	green_1: autoDraw = True
15.4518 	EXP 	red_1: autoDraw = True
15.8541 	EXP 	Sound sound_2 started
15.8571 	DATA 	Keypress: a
16.0063 	DATA 	Keypress: l
16.1231 	DATA 	Keypress: a
16.2736 	DATA 	Keypress: l
16.3407 	DATA 	Keypress: a
16.4526 	EXP 	blackTrial: autoDraw = False
16.4526 	EXP 	whiteTrial: autoDraw = False
16.4526 	EXP 	TrialPicture: autoDraw = False
16.4526 	EXP 	green_1: autoDraw = False
16.4526 	EXP 	red_1: autoDraw = False
16.4526 	EXP 	blackTrial: autoDraw = False
16.4526 	EXP 	whiteTrial: autoDraw = False
16.4526 	EXP 	TrialPicture: autoDraw = False
16.4526 	EXP 	green_1: autoDraw = False
16.4526 	EXP 	red_1: autoDraw = False
16.4526 	EXP 	whiteWaitInterTrial_2: size = array([0.75, 1.  ])
16.4526 	EXP 	blackWaitInterTrial_2: autoDraw = True
16.4526 	EXP 	whiteWaitInterTrial_2: autoDraw = True
16.4526 	EXP 	green_fb_1: autoDraw = True
16.4526 	EXP 	red_fb_1: autoDraw = True
18.2410 	EXP 	New trial (rep=1, index=0): None
18.2708 	EXP 	blackWaitInterTrial_2: autoDraw = False
18.2708 	EXP 	whiteWaitInterTrial_2: autoDraw = False
18.2708 	EXP 	green_fb_1: autoDraw = False
18.2708 	EXP 	red_fb_1: autoDraw = False
18.2708 	EXP 	blackWaitInterTrial_2: autoDraw = False
18.2708 	EXP 	whiteWaitInterTrial_2: autoDraw = False
18.2708 	EXP 	green_fb_1: autoDraw = False
18.2708 	EXP 	red_fb_1: autoDraw = False
18.2708 	EXP 	TrialPicture: size = array([0.75, 1.  ])
18.2708 	EXP 	TrialPicture: image = './stimuli/images/186.bmp'
18.2708 	EXP 	blackTrial: autoDraw = True
18.2708 	EXP 	whiteTrial: autoDraw = True
18.2708 	EXP 	TrialPicture: autoDraw = True
18.2708 	EXP 	green_1: autoDraw = True
18.2708 	EXP 	red_1: autoDraw = True
19.2738 	EXP 	blackTrial: autoDraw = False
19.2738 	EXP 	whiteTrial: autoDraw = False
19.2738 	EXP 	TrialPicture: autoDraw = False
19.2738 	EXP 	green_1: autoDraw = False
19.2738 	EXP 	red_1: autoDraw = False
19.2738 	EXP 	blackTrial: autoDraw = False
19.2738 	EXP 	whiteTrial: autoDraw = False
19.2738 	EXP 	TrialPicture: autoDraw = False
19.2738 	EXP 	green_1: autoDraw = False
19.2738 	EXP 	red_1: autoDraw = False
19.2738 	EXP 	whiteWaitInterTrial_2: size = array([0.75, 1.  ])
19.2738 	EXP 	blackWaitInterTrial_2: autoDraw = True
19.2738 	EXP 	whiteWaitInterTrial_2: autoDraw = True
19.2738 	EXP 	green_fb_1: autoDraw = True
19.2738 	EXP 	red_fb_1: autoDraw = True
21.0614 	EXP 	New trial (rep=2, index=0): None
21.0754 	EXP 	blackWaitInterTrial_2: autoDraw = False
21.0754 	EXP 	whiteWaitInterTrial_2: autoDraw = False
21.0754 	EXP 	green_fb_1: autoDraw = False
21.0754 	EXP 	red_fb_1: autoDraw = False
21.0754 	EXP 	blackWaitInterTrial_2: autoDraw = False
21.0754 	EXP 	whiteWaitInterTrial_2: autoDraw = False
21.0754 	EXP 	green_fb_1: autoDraw = False
21.0754 	EXP 	red_fb_1: autoDraw = False
21.0754 	EXP 	TrialPicture: size = array([0.75, 1.  ])
21.0754 	EXP 	TrialPicture: image = './stimuli/images/205.bmp'
21.0754 	EXP 	blackTrial: autoDraw = True
21.0754 	EXP 	whiteTrial: autoDraw = True
21.0754 	EXP 	TrialPicture: autoDraw = True
21.0754 	EXP 	green_1: autoDraw = True
21.0754 	EXP 	red_1: autoDraw = True
22.0928 	EXP 	blackTrial: autoDraw = False
22.0928 	EXP 	whiteTrial: autoDraw = False
22.0928 	EXP 	TrialPicture: autoDraw = False
22.0928 	EXP 	green_1: autoDraw = False
22.0928 	EXP 	red_1: autoDraw = False
22.0928 	EXP 	blackTrial: autoDraw = False
22.0928 	EXP 	whiteTrial: autoDraw = False
22.0928 	EXP 	TrialPicture: autoDraw = False
22.0928 	EXP 	green_1: autoDraw = False
22.0928 	EXP 	red_1: autoDraw = False
22.0928 	EXP 	whiteWaitInterTrial_2: size = array([0.75, 1.  ])
22.0928 	EXP 	blackWaitInterTrial_2: autoDraw = True
22.0928 	EXP 	whiteWaitInterTrial_2: autoDraw = True
22.0928 	EXP 	green_fb_1: autoDraw = True
22.0928 	EXP 	red_fb_1: autoDraw = True
23.7802 	EXP 	New trial (rep=3, index=0): None
23.8103 	EXP 	blackWaitInterTrial_2: autoDraw = False
23.8103 	EXP 	whiteWaitInterTrial_2: autoDraw = False
23.8103 	EXP 	green_fb_1: autoDraw = False
23.8103 	EXP 	red_fb_1: autoDraw = False
23.8103 	EXP 	blackWaitInterTrial_2: autoDraw = False
23.8103 	EXP 	whiteWaitInterTrial_2: autoDraw = False
23.8103 	EXP 	green_fb_1: autoDraw = False
23.8103 	EXP 	red_fb_1: autoDraw = False
23.8103 	EXP 	TrialPicture: size = array([0.75, 1.  ])
23.8103 	EXP 	TrialPicture: image = './stimuli/images/149.bmp'
23.8103 	EXP 	blackTrial: autoDraw = True
23.8103 	EXP 	whiteTrial: autoDraw = True
23.8103 	EXP 	TrialPicture: autoDraw = True
23.8103 	EXP 	green_1: autoDraw = True
23.8103 	EXP 	red_1: autoDraw = True
24.8113 	EXP 	blackTrial: autoDraw = False
24.8113 	EXP 	whiteTrial: autoDraw = False
24.8113 	EXP 	TrialPicture: autoDraw = False
24.8113 	EXP 	green_1: autoDraw = False
24.8113 	EXP 	red_1: autoDraw = False
24.8113 	EXP 	blackTrial: autoDraw = False
24.8113 	EXP 	whiteTrial: autoDraw = False
24.8113 	EXP 	TrialPicture: autoDraw = False
24.8113 	EXP 	green_1: autoDraw = False
24.8113 	EXP 	red_1: autoDraw = False
24.8113 	EXP 	whiteWaitInterTrial_2: size = array([0.75, 1.  ])
24.8113 	EXP 	blackWaitInterTrial_2: autoDraw = True
24.8113 	EXP 	whiteWaitInterTrial_2: autoDraw = True
24.8113 	EXP 	green_fb_1: autoDraw = True
24.8113 	EXP 	red_fb_1: autoDraw = True
26.3987 	EXP 	New trial (rep=4, index=0): None
26.4128 	EXP 	blackWaitInterTrial_2: autoDraw = False
26.4128 	EXP 	whiteWaitInterTrial_2: autoDraw = False
26.4128 	EXP 	green_fb_1: autoDraw = False
26.4128 	EXP 	red_fb_1: autoDraw = False
26.4128 	EXP 	blackWaitInterTrial_2: autoDraw = False
26.4128 	EXP 	whiteWaitInterTrial_2: autoDraw = False
26.4128 	EXP 	green_fb_1: autoDraw = False
26.4128 	EXP 	red_fb_1: autoDraw = False
26.4128 	EXP 	TrialPicture: size = array([0.75, 1.  ])
26.4128 	EXP 	TrialPicture: image = './stimuli/images/142.bmp'
26.4128 	EXP 	blackTrial: autoDraw = True
26.4128 	EXP 	whiteTrial: autoDraw = True
26.4128 	EXP 	TrialPicture: autoDraw = True
26.4128 	EXP 	green_1: autoDraw = True
26.4128 	EXP 	red_1: autoDraw = True
27.4141 	EXP 	blackTrial: autoDraw = False
27.4141 	EXP 	whiteTrial: autoDraw = False
27.4141 	EXP 	TrialPicture: autoDraw = False
27.4141 	EXP 	green_1: autoDraw = False
27.4141 	EXP 	red_1: autoDraw = False
27.4141 	EXP 	blackTrial: autoDraw = False
27.4141 	EXP 	whiteTrial: autoDraw = False
27.4141 	EXP 	TrialPicture: autoDraw = False
27.4141 	EXP 	green_1: autoDraw = False
27.4141 	EXP 	red_1: autoDraw = False
27.4141 	EXP 	whiteWaitInterTrial_2: size = array([0.75, 1.  ])
27.4141 	EXP 	blackWaitInterTrial_2: autoDraw = True
27.4141 	EXP 	whiteWaitInterTrial_2: autoDraw = True
27.4141 	EXP 	green_fb_1: autoDraw = True
27.4141 	EXP 	red_fb_1: autoDraw = True
29.0014 	EXP 	New trial (rep=5, index=0): None
29.0152 	EXP 	blackWaitInterTrial_2: autoDraw = False
29.0152 	EXP 	whiteWaitInterTrial_2: autoDraw = False
29.0152 	EXP 	green_fb_1: autoDraw = False
29.0152 	EXP 	red_fb_1: autoDraw = False
29.0152 	EXP 	blackWaitInterTrial_2: autoDraw = False
29.0152 	EXP 	whiteWaitInterTrial_2: autoDraw = False
29.0152 	EXP 	green_fb_1: autoDraw = False
29.0152 	EXP 	red_fb_1: autoDraw = False
29.0152 	EXP 	TrialPicture: size = array([0.75, 1.  ])
29.0152 	EXP 	TrialPicture: image = './stimuli/images/205.bmp'
29.0152 	EXP 	blackTrial: autoDraw = True
29.0152 	EXP 	whiteTrial: autoDraw = True
29.0152 	EXP 	TrialPicture: autoDraw = True
29.0152 	EXP 	green_1: autoDraw = True
29.0152 	EXP 	red_1: autoDraw = True
30.0160 	EXP 	blackTrial: autoDraw = False
30.0160 	EXP 	whiteTrial: autoDraw = False
30.0160 	EXP 	TrialPicture: autoDraw = False
30.0160 	EXP 	green_1: autoDraw = False
30.0160 	EXP 	red_1: autoDraw = False
30.0160 	EXP 	blackTrial: autoDraw = False
30.0160 	EXP 	whiteTrial: autoDraw = False
30.0160 	EXP 	TrialPicture: autoDraw = False
30.0160 	EXP 	green_1: autoDraw = False
30.0160 	EXP 	red_1: autoDraw = False
30.0160 	EXP 	whiteWaitInterTrial_2: size = array([0.75, 1.  ])
30.0160 	EXP 	blackWaitInterTrial_2: autoDraw = True
30.0160 	EXP 	whiteWaitInterTrial_2: autoDraw = True
30.0160 	EXP 	green_fb_1: autoDraw = True
30.0160 	EXP 	red_fb_1: autoDraw = True
31.8051 	EXP 	New trial (rep=6, index=0): None
31.8171 	EXP 	blackWaitInterTrial_2: autoDraw = False
31.8171 	EXP 	whiteWaitInterTrial_2: autoDraw = False
31.8171 	EXP 	green_fb_1: autoDraw = False
31.8171 	EXP 	red_fb_1: autoDraw = False
31.8171 	EXP 	blackWaitInterTrial_2: autoDraw = False
31.8171 	EXP 	whiteWaitInterTrial_2: autoDraw = False
31.8171 	EXP 	green_fb_1: autoDraw = False
31.8171 	EXP 	red_fb_1: autoDraw = False
31.8171 	EXP 	TrialPicture: size = array([0.75, 1.  ])
31.8171 	EXP 	TrialPicture: image = './stimuli/images/149.bmp'
31.8171 	EXP 	blackTrial: autoDraw = True
31.8171 	EXP 	whiteTrial: autoDraw = True
31.8171 	EXP 	TrialPicture: autoDraw = True
31.8171 	EXP 	green_1: autoDraw = True
31.8171 	EXP 	red_1: autoDraw = True
32.8184 	EXP 	blackTrial: autoDraw = False
32.8184 	EXP 	whiteTrial: autoDraw = False
32.8184 	EXP 	TrialPicture: autoDraw = False
32.8184 	EXP 	green_1: autoDraw = False
32.8184 	EXP 	red_1: autoDraw = False
32.8184 	EXP 	blackTrial: autoDraw = False
32.8184 	EXP 	whiteTrial: autoDraw = False
32.8184 	EXP 	TrialPicture: autoDraw = False
32.8184 	EXP 	green_1: autoDraw = False
32.8184 	EXP 	red_1: autoDraw = False
32.8184 	EXP 	whiteWaitInterTrial_2: size = array([0.75, 1.  ])
32.8184 	EXP 	blackWaitInterTrial_2: autoDraw = True
32.8184 	EXP 	whiteWaitInterTrial_2: autoDraw = True
32.8184 	EXP 	green_fb_1: autoDraw = True
32.8184 	EXP 	red_fb_1: autoDraw = True
34.4071 	EXP 	New trial (rep=7, index=0): None
34.4230 	EXP 	blackWaitInterTrial_2: autoDraw = False
34.4230 	EXP 	whiteWaitInterTrial_2: autoDraw = False
34.4230 	EXP 	green_fb_1: autoDraw = False
34.4230 	EXP 	red_fb_1: autoDraw = False
34.4230 	EXP 	blackWaitInterTrial_2: autoDraw = False
34.4230 	EXP 	whiteWaitInterTrial_2: autoDraw = False
34.4230 	EXP 	green_fb_1: autoDraw = False
34.4230 	EXP 	red_fb_1: autoDraw = False
34.4230 	EXP 	TrialPicture: size = array([0.75, 1.  ])
34.4230 	EXP 	TrialPicture: image = './stimuli/images/186.bmp'
34.4230 	EXP 	blackTrial: autoDraw = True
34.4230 	EXP 	whiteTrial: autoDraw = True
34.4230 	EXP 	TrialPicture: autoDraw = True
34.4230 	EXP 	green_1: autoDraw = True
34.4230 	EXP 	red_1: autoDraw = True
35.4379 	EXP 	blackTrial: autoDraw = False
35.4379 	EXP 	whiteTrial: autoDraw = False
35.4379 	EXP 	TrialPicture: autoDraw = False
35.4379 	EXP 	green_1: autoDraw = False
35.4379 	EXP 	red_1: autoDraw = False
35.4379 	EXP 	blackTrial: autoDraw = False
35.4379 	EXP 	whiteTrial: autoDraw = False
35.4379 	EXP 	TrialPicture: autoDraw = False
35.4379 	EXP 	green_1: autoDraw = False
35.4379 	EXP 	red_1: autoDraw = False
35.4379 	EXP 	whiteWaitInterTrial_2: size = array([0.75, 1.  ])
35.4379 	EXP 	blackWaitInterTrial_2: autoDraw = True
35.4379 	EXP 	whiteWaitInterTrial_2: autoDraw = True
35.4379 	EXP 	green_fb_1: autoDraw = True
35.4379 	EXP 	red_fb_1: autoDraw = True
37.1259 	EXP 	New trial (rep=8, index=0): None
37.1388 	EXP 	blackWaitInterTrial_2: autoDraw = False
37.1388 	EXP 	whiteWaitInterTrial_2: autoDraw = False
37.1388 	EXP 	green_fb_1: autoDraw = False
37.1388 	EXP 	red_fb_1: autoDraw = False
37.1388 	EXP 	blackWaitInterTrial_2: autoDraw = False
37.1388 	EXP 	whiteWaitInterTrial_2: autoDraw = False
37.1388 	EXP 	green_fb_1: autoDraw = False
37.1388 	EXP 	red_fb_1: autoDraw = False
37.1388 	EXP 	TrialPicture: size = array([0.75, 1.  ])
37.1388 	EXP 	TrialPicture: image = './stimuli/images/205.bmp'
37.1388 	EXP 	blackTrial: autoDraw = True
37.1388 	EXP 	whiteTrial: autoDraw = True
37.1388 	EXP 	TrialPicture: autoDraw = True
37.1388 	EXP 	green_1: autoDraw = True
37.1388 	EXP 	red_1: autoDraw = True
38.1403 	EXP 	blackTrial: autoDraw = False
38.1403 	EXP 	whiteTrial: autoDraw = False
38.1403 	EXP 	TrialPicture: autoDraw = False
38.1403 	EXP 	green_1: autoDraw = False
38.1403 	EXP 	red_1: autoDraw = False
38.1403 	EXP 	blackTrial: autoDraw = False
38.1403 	EXP 	whiteTrial: autoDraw = False
38.1403 	EXP 	TrialPicture: autoDraw = False
38.1403 	EXP 	green_1: autoDraw = False
38.1403 	EXP 	red_1: autoDraw = False
38.1403 	EXP 	whiteWaitInterTrial_2: size = array([0.75, 1.  ])
38.1403 	EXP 	blackWaitInterTrial_2: autoDraw = True
38.1403 	EXP 	whiteWaitInterTrial_2: autoDraw = True
38.1403 	EXP 	green_fb_1: autoDraw = True
38.1403 	EXP 	red_fb_1: autoDraw = True
39.9276 	EXP 	New trial (rep=9, index=0): None
39.9412 	EXP 	blackWaitInterTrial_2: autoDraw = False
39.9412 	EXP 	whiteWaitInterTrial_2: autoDraw = False
39.9412 	EXP 	green_fb_1: autoDraw = False
39.9412 	EXP 	red_fb_1: autoDraw = False
39.9412 	EXP 	blackWaitInterTrial_2: autoDraw = False
39.9412 	EXP 	whiteWaitInterTrial_2: autoDraw = False
39.9412 	EXP 	green_fb_1: autoDraw = False
39.9412 	EXP 	red_fb_1: autoDraw = False
39.9412 	EXP 	TrialPicture: size = array([0.75, 1.  ])
39.9412 	EXP 	TrialPicture: image = './stimuli/images/149.bmp'
39.9412 	EXP 	blackTrial: autoDraw = True
39.9412 	EXP 	whiteTrial: autoDraw = True
39.9412 	EXP 	TrialPicture: autoDraw = True
39.9412 	EXP 	green_1: autoDraw = True
39.9412 	EXP 	red_1: autoDraw = True
40.9422 	EXP 	blackTrial: autoDraw = False
40.9422 	EXP 	whiteTrial: autoDraw = False
40.9422 	EXP 	TrialPicture: autoDraw = False
40.9422 	EXP 	green_1: autoDraw = False
40.9422 	EXP 	red_1: autoDraw = False
40.9422 	EXP 	blackTrial: autoDraw = False
40.9422 	EXP 	whiteTrial: autoDraw = False
40.9422 	EXP 	TrialPicture: autoDraw = False
40.9422 	EXP 	green_1: autoDraw = False
40.9422 	EXP 	red_1: autoDraw = False
40.9422 	EXP 	whiteWaitInterTrial_2: size = array([0.75, 1.  ])
40.9422 	EXP 	blackWaitInterTrial_2: autoDraw = True
40.9422 	EXP 	whiteWaitInterTrial_2: autoDraw = True
40.9422 	EXP 	green_fb_1: autoDraw = True
40.9422 	EXP 	red_fb_1: autoDraw = True
42.5305 	EXP 	New trial (rep=10, index=0): None
42.5449 	EXP 	blackWaitInterTrial_2: autoDraw = False
42.5449 	EXP 	whiteWaitInterTrial_2: autoDraw = False
42.5449 	EXP 	green_fb_1: autoDraw = False
42.5449 	EXP 	red_fb_1: autoDraw = False
42.5449 	EXP 	blackWaitInterTrial_2: autoDraw = False
42.5449 	EXP 	whiteWaitInterTrial_2: autoDraw = False
42.5449 	EXP 	green_fb_1: autoDraw = False
42.5449 	EXP 	red_fb_1: autoDraw = False
42.5449 	EXP 	TrialPicture: size = array([0.75, 1.  ])
42.5449 	EXP 	TrialPicture: image = './stimuli/images/149.bmp'
42.5449 	EXP 	blackTrial: autoDraw = True
42.5449 	EXP 	whiteTrial: autoDraw = True
42.5449 	EXP 	TrialPicture: autoDraw = True
42.5449 	EXP 	green_1: autoDraw = True
42.5449 	EXP 	red_1: autoDraw = True
43.5610 	EXP 	blackTrial: autoDraw = False
43.5610 	EXP 	whiteTrial: autoDraw = False
43.5610 	EXP 	TrialPicture: autoDraw = False
43.5610 	EXP 	green_1: autoDraw = False
43.5610 	EXP 	red_1: autoDraw = False
43.5610 	EXP 	blackTrial: autoDraw = False
43.5610 	EXP 	whiteTrial: autoDraw = False
43.5610 	EXP 	TrialPicture: autoDraw = False
43.5610 	EXP 	green_1: autoDraw = False
43.5610 	EXP 	red_1: autoDraw = False
43.5610 	EXP 	whiteWaitInterTrial_2: size = array([0.75, 1.  ])
43.5610 	EXP 	blackWaitInterTrial_2: autoDraw = True
43.5610 	EXP 	whiteWaitInterTrial_2: autoDraw = True
43.5610 	EXP 	green_fb_1: autoDraw = True
43.5610 	EXP 	red_fb_1: autoDraw = True
45.2486 	EXP 	New trial (rep=11, index=0): None
45.2624 	EXP 	blackWaitInterTrial_2: autoDraw = False
45.2624 	EXP 	whiteWaitInterTrial_2: autoDraw = False
45.2624 	EXP 	green_fb_1: autoDraw = False
45.2624 	EXP 	red_fb_1: autoDraw = False
45.2624 	EXP 	blackWaitInterTrial_2: autoDraw = False
45.2624 	EXP 	whiteWaitInterTrial_2: autoDraw = False
45.2624 	EXP 	green_fb_1: autoDraw = False
45.2624 	EXP 	red_fb_1: autoDraw = False
45.2624 	EXP 	TrialPicture: size = array([0.75, 1.  ])
45.2624 	EXP 	TrialPicture: image = './stimuli/images/186.bmp'
45.2624 	EXP 	blackTrial: autoDraw = True
45.2624 	EXP 	whiteTrial: autoDraw = True
45.2624 	EXP 	TrialPicture: autoDraw = True
45.2624 	EXP 	green_1: autoDraw = True
45.2624 	EXP 	red_1: autoDraw = True
46.2638 	EXP 	blackTrial: autoDraw = False
46.2638 	EXP 	whiteTrial: autoDraw = False
46.2638 	EXP 	TrialPicture: autoDraw = False
46.2638 	EXP 	green_1: autoDraw = False
46.2638 	EXP 	red_1: autoDraw = False
46.2638 	EXP 	blackTrial: autoDraw = False
46.2638 	EXP 	whiteTrial: autoDraw = False
46.2638 	EXP 	TrialPicture: autoDraw = False
46.2638 	EXP 	green_1: autoDraw = False
46.2638 	EXP 	red_1: autoDraw = False
46.2638 	EXP 	whiteWaitInterTrial_2: size = array([0.75, 1.  ])
46.2638 	EXP 	blackWaitInterTrial_2: autoDraw = True
46.2638 	EXP 	whiteWaitInterTrial_2: autoDraw = True
46.2638 	EXP 	green_fb_1: autoDraw = True
46.2638 	EXP 	red_fb_1: autoDraw = True
47.9509 	EXP 	New trial (rep=12, index=0): None
47.9649 	EXP 	blackWaitInterTrial_2: autoDraw = False
47.9649 	EXP 	whiteWaitInterTrial_2: autoDraw = False
47.9649 	EXP 	green_fb_1: autoDraw = False
47.9649 	EXP 	red_fb_1: autoDraw = False
47.9649 	EXP 	blackWaitInterTrial_2: autoDraw = False
47.9649 	EXP 	whiteWaitInterTrial_2: autoDraw = False
47.9649 	EXP 	green_fb_1: autoDraw = False
47.9649 	EXP 	red_fb_1: autoDraw = False
47.9649 	EXP 	TrialPicture: size = array([0.75, 1.  ])
47.9649 	EXP 	TrialPicture: image = './stimuli/images/142.bmp'
47.9649 	EXP 	blackTrial: autoDraw = True
47.9649 	EXP 	whiteTrial: autoDraw = True
47.9649 	EXP 	TrialPicture: autoDraw = True
47.9649 	EXP 	green_1: autoDraw = True
47.9649 	EXP 	red_1: autoDraw = True
48.9663 	EXP 	blackTrial: autoDraw = False
48.9663 	EXP 	whiteTrial: autoDraw = False
48.9663 	EXP 	TrialPicture: autoDraw = False
48.9663 	EXP 	green_1: autoDraw = False
48.9663 	EXP 	red_1: autoDraw = False
48.9663 	EXP 	blackTrial: autoDraw = False
48.9663 	EXP 	whiteTrial: autoDraw = False
48.9663 	EXP 	TrialPicture: autoDraw = False
48.9663 	EXP 	green_1: autoDraw = False
48.9663 	EXP 	red_1: autoDraw = False
48.9663 	EXP 	whiteWaitInterTrial_2: size = array([0.75, 1.  ])
48.9663 	EXP 	blackWaitInterTrial_2: autoDraw = True
48.9663 	EXP 	whiteWaitInterTrial_2: autoDraw = True
48.9663 	EXP 	green_fb_1: autoDraw = True
48.9663 	EXP 	red_fb_1: autoDraw = True
50.5548 	EXP 	New trial (rep=13, index=0): None
50.5675 	EXP 	blackWaitInterTrial_2: autoDraw = False
50.5675 	EXP 	whiteWaitInterTrial_2: autoDraw = False
50.5675 	EXP 	green_fb_1: autoDraw = False
50.5675 	EXP 	red_fb_1: autoDraw = False
50.5675 	EXP 	blackWaitInterTrial_2: autoDraw = False
50.5675 	EXP 	whiteWaitInterTrial_2: autoDraw = False
50.5675 	EXP 	green_fb_1: autoDraw = False
50.5675 	EXP 	red_fb_1: autoDraw = False
50.5675 	EXP 	TrialPicture: size = array([0.75, 1.  ])
50.5675 	EXP 	TrialPicture: image = './stimuli/images/186.bmp'
50.5675 	EXP 	blackTrial: autoDraw = True
50.5675 	EXP 	whiteTrial: autoDraw = True
50.5675 	EXP 	TrialPicture: autoDraw = True
50.5675 	EXP 	green_1: autoDraw = True
50.5675 	EXP 	red_1: autoDraw = True
51.5681 	EXP 	blackTrial: autoDraw = False
51.5681 	EXP 	whiteTrial: autoDraw = False
51.5681 	EXP 	TrialPicture: autoDraw = False
51.5681 	EXP 	green_1: autoDraw = False
51.5681 	EXP 	red_1: autoDraw = False
51.5681 	EXP 	blackTrial: autoDraw = False
51.5681 	EXP 	whiteTrial: autoDraw = False
51.5681 	EXP 	TrialPicture: autoDraw = False
51.5681 	EXP 	green_1: autoDraw = False
51.5681 	EXP 	red_1: autoDraw = False
51.5681 	EXP 	whiteWaitInterTrial_2: size = array([0.75, 1.  ])
51.5681 	EXP 	blackWaitInterTrial_2: autoDraw = True
51.5681 	EXP 	whiteWaitInterTrial_2: autoDraw = True
51.5681 	EXP 	green_fb_1: autoDraw = True
51.5681 	EXP 	red_fb_1: autoDraw = True
53.3568 	EXP 	New trial (rep=14, index=0): None
53.3694 	EXP 	blackWaitInterTrial_2: autoDraw = False
53.3694 	EXP 	whiteWaitInterTrial_2: autoDraw = False
53.3694 	EXP 	green_fb_1: autoDraw = False
53.3694 	EXP 	red_fb_1: autoDraw = False
53.3694 	EXP 	blackWaitInterTrial_2: autoDraw = False
53.3694 	EXP 	whiteWaitInterTrial_2: autoDraw = False
53.3694 	EXP 	green_fb_1: autoDraw = False
53.3694 	EXP 	red_fb_1: autoDraw = False
53.3694 	EXP 	TrialPicture: size = array([0.75, 1.  ])
53.3694 	EXP 	TrialPicture: image = './stimuli/images/205.bmp'
53.3694 	EXP 	blackTrial: autoDraw = True
53.3694 	EXP 	whiteTrial: autoDraw = True
53.3694 	EXP 	TrialPicture: autoDraw = True
53.3694 	EXP 	green_1: autoDraw = True
53.3694 	EXP 	red_1: autoDraw = True
54.3711 	EXP 	blackTrial: autoDraw = False
54.3711 	EXP 	whiteTrial: autoDraw = False
54.3711 	EXP 	TrialPicture: autoDraw = False
54.3711 	EXP 	green_1: autoDraw = False
54.3711 	EXP 	red_1: autoDraw = False
54.3711 	EXP 	blackTrial: autoDraw = False
54.3711 	EXP 	whiteTrial: autoDraw = False
54.3711 	EXP 	TrialPicture: autoDraw = False
54.3711 	EXP 	green_1: autoDraw = False
54.3711 	EXP 	red_1: autoDraw = False
54.3711 	EXP 	whiteWaitInterTrial_2: size = array([0.75, 1.  ])
54.3711 	EXP 	blackWaitInterTrial_2: autoDraw = True
54.3711 	EXP 	whiteWaitInterTrial_2: autoDraw = True
54.3711 	EXP 	green_fb_1: autoDraw = True
54.3711 	EXP 	red_fb_1: autoDraw = True
55.9582 	EXP 	New trial (rep=15, index=0): None
55.9724 	EXP 	blackWaitInterTrial_2: autoDraw = False
55.9724 	EXP 	whiteWaitInterTrial_2: autoDraw = False
55.9724 	EXP 	green_fb_1: autoDraw = False
55.9724 	EXP 	red_fb_1: autoDraw = False
55.9724 	EXP 	blackWaitInterTrial_2: autoDraw = False
55.9724 	EXP 	whiteWaitInterTrial_2: autoDraw = False
55.9724 	EXP 	green_fb_1: autoDraw = False
55.9724 	EXP 	red_fb_1: autoDraw = False
55.9724 	EXP 	TrialPicture: size = array([0.75, 1.  ])
55.9724 	EXP 	TrialPicture: image = './stimuli/images/149.bmp'
55.9724 	EXP 	blackTrial: autoDraw = True
55.9724 	EXP 	whiteTrial: autoDraw = True
55.9724 	EXP 	TrialPicture: autoDraw = True
55.9724 	EXP 	green_1: autoDraw = True
55.9724 	EXP 	red_1: autoDraw = True
56.9734 	EXP 	blackTrial: autoDraw = False
56.9734 	EXP 	whiteTrial: autoDraw = False
56.9734 	EXP 	TrialPicture: autoDraw = False
56.9734 	EXP 	green_1: autoDraw = False
56.9734 	EXP 	red_1: autoDraw = False
56.9734 	EXP 	blackTrial: autoDraw = False
56.9734 	EXP 	whiteTrial: autoDraw = False
56.9734 	EXP 	TrialPicture: autoDraw = False
56.9734 	EXP 	green_1: autoDraw = False
56.9734 	EXP 	red_1: autoDraw = False
56.9734 	EXP 	whiteWaitInterTrial_2: size = array([0.75, 1.  ])
56.9734 	EXP 	blackWaitInterTrial_2: autoDraw = True
56.9734 	EXP 	whiteWaitInterTrial_2: autoDraw = True
56.9734 	EXP 	green_fb_1: autoDraw = True
56.9734 	EXP 	red_fb_1: autoDraw = True
58.6605 	EXP 	New trial (rep=16, index=0): None
58.6755 	EXP 	blackWaitInterTrial_2: autoDraw = False
58.6755 	EXP 	whiteWaitInterTrial_2: autoDraw = False
58.6755 	EXP 	green_fb_1: autoDraw = False
58.6755 	EXP 	red_fb_1: autoDraw = False
58.6755 	EXP 	blackWaitInterTrial_2: autoDraw = False
58.6755 	EXP 	whiteWaitInterTrial_2: autoDraw = False
58.6755 	EXP 	green_fb_1: autoDraw = False
58.6755 	EXP 	red_fb_1: autoDraw = False
58.6755 	EXP 	TrialPicture: size = array([0.75, 1.  ])
58.6755 	EXP 	TrialPicture: image = './stimuli/images/142.bmp'
58.6755 	EXP 	blackTrial: autoDraw = True
58.6755 	EXP 	whiteTrial: autoDraw = True
58.6755 	EXP 	TrialPicture: autoDraw = True
58.6755 	EXP 	green_1: autoDraw = True
58.6755 	EXP 	red_1: autoDraw = True
59.6924 	EXP 	blackTrial: autoDraw = False
59.6924 	EXP 	whiteTrial: autoDraw = False
59.6924 	EXP 	TrialPicture: autoDraw = False
59.6924 	EXP 	green_1: autoDraw = False
59.6924 	EXP 	red_1: autoDraw = False
59.6924 	EXP 	blackTrial: autoDraw = False
59.6924 	EXP 	whiteTrial: autoDraw = False
59.6924 	EXP 	TrialPicture: autoDraw = False
59.6924 	EXP 	green_1: autoDraw = False
59.6924 	EXP 	red_1: autoDraw = False
59.6924 	EXP 	whiteWaitInterTrial_2: size = array([0.75, 1.  ])
59.6924 	EXP 	blackWaitInterTrial_2: autoDraw = True
59.6924 	EXP 	whiteWaitInterTrial_2: autoDraw = True
59.6924 	EXP 	green_fb_1: autoDraw = True
59.6924 	EXP 	red_fb_1: autoDraw = True
61.4807 	EXP 	New trial (rep=17, index=0): None
61.4933 	EXP 	blackWaitInterTrial_2: autoDraw = False
61.4933 	EXP 	whiteWaitInterTrial_2: autoDraw = False
61.4933 	EXP 	green_fb_1: autoDraw = False
61.4933 	EXP 	red_fb_1: autoDraw = False
61.4933 	EXP 	blackWaitInterTrial_2: autoDraw = False
61.4933 	EXP 	whiteWaitInterTrial_2: autoDraw = False
61.4933 	EXP 	green_fb_1: autoDraw = False
61.4933 	EXP 	red_fb_1: autoDraw = False
61.4933 	EXP 	TrialPicture: size = array([0.75, 1.  ])
61.4933 	EXP 	TrialPicture: image = './stimuli/images/205.bmp'
61.4933 	EXP 	blackTrial: autoDraw = True
61.4933 	EXP 	whiteTrial: autoDraw = True
61.4933 	EXP 	TrialPicture: autoDraw = True
61.4933 	EXP 	green_1: autoDraw = True
61.4933 	EXP 	red_1: autoDraw = True
62.4945 	EXP 	blackTrial: autoDraw = False
62.4945 	EXP 	whiteTrial: autoDraw = False
62.4945 	EXP 	TrialPicture: autoDraw = False
62.4945 	EXP 	green_1: autoDraw = False
62.4945 	EXP 	red_1: autoDraw = False
62.4945 	EXP 	blackTrial: autoDraw = False
62.4945 	EXP 	whiteTrial: autoDraw = False
62.4945 	EXP 	TrialPicture: autoDraw = False
62.4945 	EXP 	green_1: autoDraw = False
62.4945 	EXP 	red_1: autoDraw = False
62.4945 	EXP 	whiteWaitInterTrial_2: size = array([0.75, 1.  ])
62.4945 	EXP 	blackWaitInterTrial_2: autoDraw = True
62.4945 	EXP 	whiteWaitInterTrial_2: autoDraw = True
62.4945 	EXP 	green_fb_1: autoDraw = True
62.4945 	EXP 	red_fb_1: autoDraw = True
64.0830 	EXP 	New trial (rep=18, index=0): None
64.0976 	EXP 	blackWaitInterTrial_2: autoDraw = False
64.0976 	EXP 	whiteWaitInterTrial_2: autoDraw = False
64.0976 	EXP 	green_fb_1: autoDraw = False
64.0976 	EXP 	red_fb_1: autoDraw = False
64.0976 	EXP 	blackWaitInterTrial_2: autoDraw = False
64.0976 	EXP 	whiteWaitInterTrial_2: autoDraw = False
64.0976 	EXP 	green_fb_1: autoDraw = False
64.0976 	EXP 	red_fb_1: autoDraw = False
64.0976 	EXP 	TrialPicture: size = array([0.75, 1.  ])
64.0976 	EXP 	TrialPicture: image = './stimuli/images/149.bmp'
64.0976 	EXP 	blackTrial: autoDraw = True
64.0976 	EXP 	whiteTrial: autoDraw = True
64.0976 	EXP 	TrialPicture: autoDraw = True
64.0976 	EXP 	green_1: autoDraw = True
64.0976 	EXP 	red_1: autoDraw = True
65.1133 	EXP 	blackTrial: autoDraw = False
65.1133 	EXP 	whiteTrial: autoDraw = False
65.1133 	EXP 	TrialPicture: autoDraw = False
65.1133 	EXP 	green_1: autoDraw = False
65.1133 	EXP 	red_1: autoDraw = False
65.1133 	EXP 	blackTrial: autoDraw = False
65.1133 	EXP 	whiteTrial: autoDraw = False
65.1133 	EXP 	TrialPicture: autoDraw = False
65.1133 	EXP 	green_1: autoDraw = False
65.1133 	EXP 	red_1: autoDraw = False
65.1133 	EXP 	whiteWaitInterTrial_2: size = array([0.75, 1.  ])
65.1133 	EXP 	blackWaitInterTrial_2: autoDraw = True
65.1133 	EXP 	whiteWaitInterTrial_2: autoDraw = True
65.1133 	EXP 	green_fb_1: autoDraw = True
65.1133 	EXP 	red_fb_1: autoDraw = True
66.8023 	EXP 	New trial (rep=19, index=0): None
66.8172 	EXP 	blackWaitInterTrial_2: autoDraw = False
66.8172 	EXP 	whiteWaitInterTrial_2: autoDraw = False
66.8172 	EXP 	green_fb_1: autoDraw = False
66.8172 	EXP 	red_fb_1: autoDraw = False
66.8172 	EXP 	blackWaitInterTrial_2: autoDraw = False
66.8172 	EXP 	whiteWaitInterTrial_2: autoDraw = False
66.8172 	EXP 	green_fb_1: autoDraw = False
66.8172 	EXP 	red_fb_1: autoDraw = False
66.8172 	EXP 	TrialPicture: size = array([0.75, 1.  ])
66.8172 	EXP 	TrialPicture: image = './stimuli/images/186.bmp'
66.8172 	EXP 	blackTrial: autoDraw = True
66.8172 	EXP 	whiteTrial: autoDraw = True
66.8172 	EXP 	TrialPicture: autoDraw = True
66.8172 	EXP 	green_1: autoDraw = True
66.8172 	EXP 	red_1: autoDraw = True
67.8168 	EXP 	blackTrial: autoDraw = False
67.8168 	EXP 	whiteTrial: autoDraw = False
67.8168 	EXP 	TrialPicture: autoDraw = False
67.8168 	EXP 	green_1: autoDraw = False
67.8168 	EXP 	red_1: autoDraw = False
67.8168 	EXP 	blackTrial: autoDraw = False
67.8168 	EXP 	whiteTrial: autoDraw = False
67.8168 	EXP 	TrialPicture: autoDraw = False
67.8168 	EXP 	green_1: autoDraw = False
67.8168 	EXP 	red_1: autoDraw = False
67.8168 	EXP 	whiteWaitInterTrial_2: size = array([0.75, 1.  ])
67.8168 	EXP 	blackWaitInterTrial_2: autoDraw = True
67.8168 	EXP 	whiteWaitInterTrial_2: autoDraw = True
67.8168 	EXP 	green_fb_1: autoDraw = True
67.8168 	EXP 	red_fb_1: autoDraw = True
69.5181 	EXP 	blackWaitInterTrial_2: autoDraw = False
69.5181 	EXP 	whiteWaitInterTrial_2: autoDraw = False
69.5181 	EXP 	green_fb_1: autoDraw = False
69.5181 	EXP 	red_fb_1: autoDraw = False
69.5181 	EXP 	blackWaitInterTrial_2: autoDraw = False
69.5181 	EXP 	whiteWaitInterTrial_2: autoDraw = False
69.5181 	EXP 	green_fb_1: autoDraw = False
69.5181 	EXP 	red_fb_1: autoDraw = False
69.5181 	EXP 	fixationImage: size = array([0.75, 1.  ])
69.5181 	EXP 	fixation: autoDraw = True
69.5181 	EXP 	fixationImage: autoDraw = True
71.5203 	EXP 	fixation: autoDraw = False
71.5203 	EXP 	fixationImage: autoDraw = False
71.5203 	EXP 	fixation: autoDraw = False
71.5203 	EXP 	fixationImage: autoDraw = False
71.5203 	EXP 	polygon_end: autoDraw = True
71.5203 	EXP 	end_text: autoDraw = True
73.5279 	WARNING 	Hamming was requested using the 'pygame' sound library but hamming is not supported there.
73.5281 	EXP 	Set sound_1 sound=./lib/sound/bird.wav
73.5282 	WARNING 	Hamming was requested using the 'pygame' sound library but hamming is not supported there.
73.5283 	EXP 	Set sound_2 sound=./lib/sound/bang.wav
73.5411 	EXP 	polygon_end: autoDraw = False
73.5411 	EXP 	end_text: autoDraw = False
73.5411 	EXP 	polygon_15: autoDraw = True
73.5411 	EXP 	descriptionText_15: autoDraw = True
75.6904 	EXP 	polygon_15: autoDraw = False
75.6904 	EXP 	descriptionText_15: autoDraw = False
75.6904 	EXP 	fixationImage10: size = array([0.75, 1.  ])
75.6904 	EXP 	fixation10: autoDraw = True
75.6904 	EXP 	fixationImage10: autoDraw = True
75.6904 	EXP 	text: autoDraw = True
76.6721 	EXP 	text_2: autoDraw = True
76.7078 	EXP 	text: autoDraw = False
77.6755 	EXP 	text_2: autoDraw = False
77.6755 	EXP 	text_3: autoDraw = True
78.6762 	EXP 	text_3: autoDraw = False
78.6781 	EXP 	Created sequence: sequential, trialTypes=1, nReps=1, seed=None
78.6783 	EXP 	New trial (rep=0, index=0): None
78.6965 	EXP 	fixation10: autoDraw = False
78.6965 	EXP 	fixationImage10: autoDraw = False
78.6965 	EXP 	fixation10: autoDraw = False
78.6965 	EXP 	fixationImage10: autoDraw = False
78.6965 	EXP 	text: autoDraw = False
78.6965 	EXP 	text_2: autoDraw = False
78.6965 	EXP 	text_3: autoDraw = False
78.6965 	EXP 	greenProc_2: size = array([1.6, 1.2])
78.6965 	EXP 	ProcTarget_2: size = array([0.75, 1.  ])
78.6965 	EXP 	ProcTarget_2: image = './stimuli/images/061.bmp'
78.6965 	EXP 	ProcPicture_2: size = array([0.75, 1.  ])
78.6965 	EXP 	ProcPicture_2: image = './stimuli/images/008.bmp'
78.6965 	EXP 	blackProc_2: autoDraw = True
78.6965 	EXP 	greenProc_2: autoDraw = True
78.6965 	EXP 	ProcTarget_2: autoDraw = True
78.6965 	EXP 	ProcPicture_2: autoDraw = True
82.1960 	EXP 	blackProc_2: autoDraw = False
82.1960 	EXP 	greenProc_2: autoDraw = False
82.1960 	EXP 	ProcTarget_2: autoDraw = False
82.1960 	EXP 	ProcPicture_2: autoDraw = False
82.1960 	EXP 	blackProc_2: autoDraw = False
82.1960 	EXP 	greenProc_2: autoDraw = False
82.1960 	EXP 	ProcTarget_2: autoDraw = False
82.1960 	EXP 	ProcPicture_2: autoDraw = False
82.1960 	EXP 	whiteWaitInterTrial_3: size = array([0.75, 1.  ])
82.1960 	EXP 	blackWaitInterTrial_3: autoDraw = True
82.1960 	EXP 	whiteWaitInterTrial_3: autoDraw = True
83.6834 	EXP 	Created sequence: sequential, trialTypes=1, nReps=20, seed=None
83.6835 	EXP 	New trial (rep=0, index=0): None
83.7012 	EXP 	blackWaitInterTrial_3: autoDraw = False
83.7012 	EXP 	whiteWaitInterTrial_3: autoDraw = False
83.7012 	EXP 	blackWaitInterTrial_3: autoDraw = False
83.7012 	EXP 	whiteWaitInterTrial_3: autoDraw = False
83.7012 	EXP 	TrialPicture_2: size = array([0.75, 1.  ])
83.7012 	EXP 	TrialPicture_2: image = './stimuli/images/152.bmp'
83.7012 	EXP 	blackTrial_2: autoDraw = True
83.7012 	EXP 	whiteTrial_2: autoDraw = True
83.7012 	EXP 	TrialPicture_2: autoDraw = True
83.7012 	EXP 	green_2: autoDraw = True
83.7012 	EXP 	red_2: autoDraw = True
84.7153 	EXP 	blackTrial_2: autoDraw = False
84.7153 	EXP 	whiteTrial_2: autoDraw = False
84.7153 	EXP 	TrialPicture_2: autoDraw = False
84.7153 	EXP 	green_2: autoDraw = False
84.7153 	EXP 	red_2: autoDraw = False
84.7153 	EXP 	blackTrial_2: autoDraw = False
84.7153 	EXP 	whiteTrial_2: autoDraw = False
84.7153 	EXP 	TrialPicture_2: autoDraw = False
84.7153 	EXP 	green_2: autoDraw = False
84.7153 	EXP 	red_2: autoDraw = False
84.7153 	EXP 	whiteWaitInterTrial_4: size = array([0.75, 1.  ])
84.7153 	EXP 	blackWaitInterTrial_4: autoDraw = True
84.7153 	EXP 	whiteWaitInterTrial_4: autoDraw = True
84.7153 	EXP 	green_fb_2: autoDraw = True
84.7153 	EXP 	red_fb_2: autoDraw = True
86.5034 	EXP 	New trial (rep=1, index=0): None
86.5176 	EXP 	blackWaitInterTrial_4: autoDraw = False
86.5176 	EXP 	whiteWaitInterTrial_4: autoDraw = False
86.5176 	EXP 	green_fb_2: autoDraw = False
86.5176 	EXP 	red_fb_2: autoDraw = False
86.5176 	EXP 	blackWaitInterTrial_4: autoDraw = False
86.5176 	EXP 	whiteWaitInterTrial_4: autoDraw = False
86.5176 	EXP 	green_fb_2: autoDraw = False
86.5176 	EXP 	red_fb_2: autoDraw = False
86.5176 	EXP 	TrialPicture_2: size = array([0.75, 1.  ])
86.5176 	EXP 	TrialPicture_2: image = './stimuli/images/061.bmp'
86.5176 	EXP 	blackTrial_2: autoDraw = True
86.5176 	EXP 	whiteTrial_2: autoDraw = True
86.5176 	EXP 	TrialPicture_2: autoDraw = True
86.5176 	EXP 	green_2: autoDraw = True
86.5176 	EXP 	red_2: autoDraw = True
87.5345 	EXP 	blackTrial_2: autoDraw = False
87.5345 	EXP 	whiteTrial_2: autoDraw = False
87.5345 	EXP 	TrialPicture_2: autoDraw = False
87.5345 	EXP 	green_2: autoDraw = False
87.5345 	EXP 	red_2: autoDraw = False
87.5345 	EXP 	blackTrial_2: autoDraw = False
87.5345 	EXP 	whiteTrial_2: autoDraw = False
87.5345 	EXP 	TrialPicture_2: autoDraw = False
87.5345 	EXP 	green_2: autoDraw = False
87.5345 	EXP 	red_2: autoDraw = False
87.5345 	EXP 	whiteWaitInterTrial_4: size = array([0.75, 1.  ])
87.5345 	EXP 	blackWaitInterTrial_4: autoDraw = True
87.5345 	EXP 	whiteWaitInterTrial_4: autoDraw = True
87.5345 	EXP 	green_fb_2: autoDraw = True
87.5345 	EXP 	red_fb_2: autoDraw = True
89.3216 	EXP 	New trial (rep=2, index=0): None
89.3365 	EXP 	blackWaitInterTrial_4: autoDraw = False
89.3365 	EXP 	whiteWaitInterTrial_4: autoDraw = False
89.3365 	EXP 	green_fb_2: autoDraw = False
89.3365 	EXP 	red_fb_2: autoDraw = False
89.3365 	EXP 	blackWaitInterTrial_4: autoDraw = False
89.3365 	EXP 	whiteWaitInterTrial_4: autoDraw = False
89.3365 	EXP 	green_fb_2: autoDraw = False
89.3365 	EXP 	red_fb_2: autoDraw = False
89.3365 	EXP 	TrialPicture_2: size = array([0.75, 1.  ])
89.3365 	EXP 	TrialPicture_2: image = './stimuli/images/008.bmp'
89.3365 	EXP 	blackTrial_2: autoDraw = True
89.3365 	EXP 	whiteTrial_2: autoDraw = True
89.3365 	EXP 	TrialPicture_2: autoDraw = True
89.3365 	EXP 	green_2: autoDraw = True
89.3365 	EXP 	red_2: autoDraw = True
90.3545 	EXP 	blackTrial_2: autoDraw = False
90.3545 	EXP 	whiteTrial_2: autoDraw = False
90.3545 	EXP 	TrialPicture_2: autoDraw = False
90.3545 	EXP 	green_2: autoDraw = False
90.3545 	EXP 	red_2: autoDraw = False
90.3545 	EXP 	blackTrial_2: autoDraw = False
90.3545 	EXP 	whiteTrial_2: autoDraw = False
90.3545 	EXP 	TrialPicture_2: autoDraw = False
90.3545 	EXP 	green_2: autoDraw = False
90.3545 	EXP 	red_2: autoDraw = False
90.3545 	EXP 	whiteWaitInterTrial_4: size = array([0.75, 1.  ])
90.3545 	EXP 	blackWaitInterTrial_4: autoDraw = True
90.3545 	EXP 	whiteWaitInterTrial_4: autoDraw = True
90.3545 	EXP 	green_fb_2: autoDraw = True
90.3545 	EXP 	red_fb_2: autoDraw = True
92.0406 	EXP 	New trial (rep=3, index=0): None
92.0714 	EXP 	blackWaitInterTrial_4: autoDraw = False
92.0714 	EXP 	whiteWaitInterTrial_4: autoDraw = False
92.0714 	EXP 	green_fb_2: autoDraw = False
92.0714 	EXP 	red_fb_2: autoDraw = False
92.0714 	EXP 	blackWaitInterTrial_4: autoDraw = False
92.0714 	EXP 	whiteWaitInterTrial_4: autoDraw = False
92.0714 	EXP 	green_fb_2: autoDraw = False
92.0714 	EXP 	red_fb_2: autoDraw = False
92.0714 	EXP 	TrialPicture_2: size = array([0.75, 1.  ])
92.0714 	EXP 	TrialPicture_2: image = './stimuli/images/086.bmp'
92.0714 	EXP 	blackTrial_2: autoDraw = True
92.0714 	EXP 	whiteTrial_2: autoDraw = True
92.0714 	EXP 	TrialPicture_2: autoDraw = True
92.0714 	EXP 	green_2: autoDraw = True
92.0714 	EXP 	red_2: autoDraw = True
93.0731 	EXP 	blackTrial_2: autoDraw = False
93.0731 	EXP 	whiteTrial_2: autoDraw = False
93.0731 	EXP 	TrialPicture_2: autoDraw = False
93.0731 	EXP 	green_2: autoDraw = False
93.0731 	EXP 	red_2: autoDraw = False
93.0731 	EXP 	blackTrial_2: autoDraw = False
93.0731 	EXP 	whiteTrial_2: autoDraw = False
93.0731 	EXP 	TrialPicture_2: autoDraw = False
93.0731 	EXP 	green_2: autoDraw = False
93.0731 	EXP 	red_2: autoDraw = False
93.0731 	EXP 	whiteWaitInterTrial_4: size = array([0.75, 1.  ])
93.0731 	EXP 	blackWaitInterTrial_4: autoDraw = True
93.0731 	EXP 	whiteWaitInterTrial_4: autoDraw = True
93.0731 	EXP 	green_fb_2: autoDraw = True
93.0731 	EXP 	red_fb_2: autoDraw = True
94.7603 	EXP 	New trial (rep=4, index=0): None
94.7747 	EXP 	blackWaitInterTrial_4: autoDraw = False
94.7747 	EXP 	whiteWaitInterTrial_4: autoDraw = False
94.7747 	EXP 	green_fb_2: autoDraw = False
94.7747 	EXP 	red_fb_2: autoDraw = False
94.7747 	EXP 	blackWaitInterTrial_4: autoDraw = False
94.7747 	EXP 	whiteWaitInterTrial_4: autoDraw = False
94.7747 	EXP 	green_fb_2: autoDraw = False
94.7747 	EXP 	red_fb_2: autoDraw = False
94.7747 	EXP 	TrialPicture_2: size = array([0.75, 1.  ])
94.7747 	EXP 	TrialPicture_2: image = './stimuli/images/152.bmp'
94.7747 	EXP 	blackTrial_2: autoDraw = True
94.7747 	EXP 	whiteTrial_2: autoDraw = True
94.7747 	EXP 	TrialPicture_2: autoDraw = True
94.7747 	EXP 	green_2: autoDraw = True
94.7747 	EXP 	red_2: autoDraw = True
95.7913 	EXP 	blackTrial_2: autoDraw = False
95.7913 	EXP 	whiteTrial_2: autoDraw = False
95.7913 	EXP 	TrialPicture_2: autoDraw = False
95.7913 	EXP 	green_2: autoDraw = False
95.7913 	EXP 	red_2: autoDraw = False
95.7913 	EXP 	blackTrial_2: autoDraw = False
95.7913 	EXP 	whiteTrial_2: autoDraw = False
95.7913 	EXP 	TrialPicture_2: autoDraw = False
95.7913 	EXP 	green_2: autoDraw = False
95.7913 	EXP 	red_2: autoDraw = False
95.7913 	EXP 	whiteWaitInterTrial_4: size = array([0.75, 1.  ])
95.7913 	EXP 	blackWaitInterTrial_4: autoDraw = True
95.7913 	EXP 	whiteWaitInterTrial_4: autoDraw = True
95.7913 	EXP 	green_fb_2: autoDraw = True
95.7913 	EXP 	red_fb_2: autoDraw = True
97.3797 	EXP 	New trial (rep=5, index=0): None
97.3950 	EXP 	blackWaitInterTrial_4: autoDraw = False
97.3950 	EXP 	whiteWaitInterTrial_4: autoDraw = False
97.3950 	EXP 	green_fb_2: autoDraw = False
97.3950 	EXP 	red_fb_2: autoDraw = False
97.3950 	EXP 	blackWaitInterTrial_4: autoDraw = False
97.3950 	EXP 	whiteWaitInterTrial_4: autoDraw = False
97.3950 	EXP 	green_fb_2: autoDraw = False
97.3950 	EXP 	red_fb_2: autoDraw = False
97.3950 	EXP 	TrialPicture_2: size = array([0.75, 1.  ])
97.3950 	EXP 	TrialPicture_2: image = './stimuli/images/061.bmp'
97.3950 	EXP 	blackTrial_2: autoDraw = True
97.3950 	EXP 	whiteTrial_2: autoDraw = True
97.3950 	EXP 	TrialPicture_2: autoDraw = True
97.3950 	EXP 	green_2: autoDraw = True
97.3950 	EXP 	red_2: autoDraw = True
98.4103 	EXP 	blackTrial_2: autoDraw = False
98.4103 	EXP 	whiteTrial_2: autoDraw = False
98.4103 	EXP 	TrialPicture_2: autoDraw = False
98.4103 	EXP 	green_2: autoDraw = False
98.4103 	EXP 	red_2: autoDraw = False
98.4103 	EXP 	blackTrial_2: autoDraw = False
98.4103 	EXP 	whiteTrial_2: autoDraw = False
98.4103 	EXP 	TrialPicture_2: autoDraw = False
98.4103 	EXP 	green_2: autoDraw = False
98.4103 	EXP 	red_2: autoDraw = False
98.4103 	EXP 	whiteWaitInterTrial_4: size = array([0.75, 1.  ])
98.4103 	EXP 	blackWaitInterTrial_4: autoDraw = True
98.4103 	EXP 	whiteWaitInterTrial_4: autoDraw = True
98.4103 	EXP 	green_fb_2: autoDraw = True
98.4103 	EXP 	red_fb_2: autoDraw = True
100.0977 	EXP 	New trial (rep=6, index=0): None
100.1118 	EXP 	blackWaitInterTrial_4: autoDraw = False
100.1118 	EXP 	whiteWaitInterTrial_4: autoDraw = False
100.1118 	EXP 	green_fb_2: autoDraw = False
100.1118 	EXP 	red_fb_2: autoDraw = False
100.1118 	EXP 	blackWaitInterTrial_4: autoDraw = False
100.1118 	EXP 	whiteWaitInterTrial_4: autoDraw = False
100.1118 	EXP 	green_fb_2: autoDraw = False
100.1118 	EXP 	red_fb_2: autoDraw = False
100.1118 	EXP 	TrialPicture_2: size = array([0.75, 1.  ])
100.1118 	EXP 	TrialPicture_2: image = './stimuli/images/008.bmp'
100.1118 	EXP 	blackTrial_2: autoDraw = True
100.1118 	EXP 	whiteTrial_2: autoDraw = True
100.1118 	EXP 	TrialPicture_2: autoDraw = True
100.1118 	EXP 	green_2: autoDraw = True
100.1118 	EXP 	red_2: autoDraw = True
101.1293 	EXP 	blackTrial_2: autoDraw = False
101.1293 	EXP 	whiteTrial_2: autoDraw = False
101.1293 	EXP 	TrialPicture_2: autoDraw = False
101.1293 	EXP 	green_2: autoDraw = False
101.1293 	EXP 	red_2: autoDraw = False
101.1293 	EXP 	blackTrial_2: autoDraw = False
101.1293 	EXP 	whiteTrial_2: autoDraw = False
101.1293 	EXP 	TrialPicture_2: autoDraw = False
101.1293 	EXP 	green_2: autoDraw = False
101.1293 	EXP 	red_2: autoDraw = False
101.1293 	EXP 	whiteWaitInterTrial_4: size = array([0.75, 1.  ])
101.1293 	EXP 	blackWaitInterTrial_4: autoDraw = True
101.1293 	EXP 	whiteWaitInterTrial_4: autoDraw = True
101.1293 	EXP 	green_fb_2: autoDraw = True
101.1293 	EXP 	red_fb_2: autoDraw = True
102.8176 	EXP 	New trial (rep=7, index=0): None
102.8328 	EXP 	blackWaitInterTrial_4: autoDraw = False
102.8328 	EXP 	whiteWaitInterTrial_4: autoDraw = False
102.8328 	EXP 	green_fb_2: autoDraw = False
102.8328 	EXP 	red_fb_2: autoDraw = False
102.8328 	EXP 	blackWaitInterTrial_4: autoDraw = False
102.8328 	EXP 	whiteWaitInterTrial_4: autoDraw = False
102.8328 	EXP 	green_fb_2: autoDraw = False
102.8328 	EXP 	red_fb_2: autoDraw = False
102.8328 	EXP 	TrialPicture_2: size = array([0.75, 1.  ])
102.8328 	EXP 	TrialPicture_2: image = './stimuli/images/086.bmp'
102.8328 	EXP 	blackTrial_2: autoDraw = True
102.8328 	EXP 	whiteTrial_2: autoDraw = True
102.8328 	EXP 	TrialPicture_2: autoDraw = True
102.8328 	EXP 	green_2: autoDraw = True
102.8328 	EXP 	red_2: autoDraw = True
103.8483 	EXP 	blackTrial_2: autoDraw = False
103.8483 	EXP 	whiteTrial_2: autoDraw = False
103.8483 	EXP 	TrialPicture_2: autoDraw = False
103.8483 	EXP 	green_2: autoDraw = False
103.8483 	EXP 	red_2: autoDraw = False
103.8483 	EXP 	blackTrial_2: autoDraw = False
103.8483 	EXP 	whiteTrial_2: autoDraw = False
103.8483 	EXP 	TrialPicture_2: autoDraw = False
103.8483 	EXP 	green_2: autoDraw = False
103.8483 	EXP 	red_2: autoDraw = False
103.8483 	EXP 	whiteWaitInterTrial_4: size = array([0.75, 1.  ])
103.8483 	EXP 	blackWaitInterTrial_4: autoDraw = True
103.8483 	EXP 	whiteWaitInterTrial_4: autoDraw = True
103.8483 	EXP 	green_fb_2: autoDraw = True
103.8483 	EXP 	red_fb_2: autoDraw = True
105.6370 	EXP 	New trial (rep=8, index=0): None
105.6520 	EXP 	blackWaitInterTrial_4: autoDraw = False
105.6520 	EXP 	whiteWaitInterTrial_4: autoDraw = False
105.6520 	EXP 	green_fb_2: autoDraw = False
105.6520 	EXP 	red_fb_2: autoDraw = False
105.6520 	EXP 	blackWaitInterTrial_4: autoDraw = False
105.6520 	EXP 	whiteWaitInterTrial_4: autoDraw = False
105.6520 	EXP 	green_fb_2: autoDraw = False
105.6520 	EXP 	red_fb_2: autoDraw = False
105.6520 	EXP 	TrialPicture_2: size = array([0.75, 1.  ])
105.6520 	EXP 	TrialPicture_2: image = './stimuli/images/061.bmp'
105.6520 	EXP 	blackTrial_2: autoDraw = True
105.6520 	EXP 	whiteTrial_2: autoDraw = True
105.6520 	EXP 	TrialPicture_2: autoDraw = True
105.6520 	EXP 	green_2: autoDraw = True
105.6520 	EXP 	red_2: autoDraw = True
106.6673 	EXP 	blackTrial_2: autoDraw = False
106.6673 	EXP 	whiteTrial_2: autoDraw = False
106.6673 	EXP 	TrialPicture_2: autoDraw = False
106.6673 	EXP 	green_2: autoDraw = False
106.6673 	EXP 	red_2: autoDraw = False
106.6673 	EXP 	blackTrial_2: autoDraw = False
106.6673 	EXP 	whiteTrial_2: autoDraw = False
106.6673 	EXP 	TrialPicture_2: autoDraw = False
106.6673 	EXP 	green_2: autoDraw = False
106.6673 	EXP 	red_2: autoDraw = False
106.6673 	EXP 	whiteWaitInterTrial_4: size = array([0.75, 1.  ])
106.6673 	EXP 	blackWaitInterTrial_4: autoDraw = True
106.6673 	EXP 	whiteWaitInterTrial_4: autoDraw = True
106.6673 	EXP 	green_fb_2: autoDraw = True
106.6673 	EXP 	red_fb_2: autoDraw = True
108.3552 	EXP 	New trial (rep=9, index=0): None
108.3700 	EXP 	blackWaitInterTrial_4: autoDraw = False
108.3700 	EXP 	whiteWaitInterTrial_4: autoDraw = False
108.3700 	EXP 	green_fb_2: autoDraw = False
108.3700 	EXP 	red_fb_2: autoDraw = False
108.3700 	EXP 	blackWaitInterTrial_4: autoDraw = False
108.3700 	EXP 	whiteWaitInterTrial_4: autoDraw = False
108.3700 	EXP 	green_fb_2: autoDraw = False
108.3700 	EXP 	red_fb_2: autoDraw = False
108.3700 	EXP 	TrialPicture_2: size = array([0.75, 1.  ])
108.3700 	EXP 	TrialPicture_2: image = './stimuli/images/152.bmp'
108.3700 	EXP 	blackTrial_2: autoDraw = True
108.3700 	EXP 	whiteTrial_2: autoDraw = True
108.3700 	EXP 	TrialPicture_2: autoDraw = True
108.3700 	EXP 	green_2: autoDraw = True
108.3700 	EXP 	red_2: autoDraw = True
109.3864 	EXP 	blackTrial_2: autoDraw = False
109.3864 	EXP 	whiteTrial_2: autoDraw = False
109.3864 	EXP 	TrialPicture_2: autoDraw = False
109.3864 	EXP 	green_2: autoDraw = False
109.3864 	EXP 	red_2: autoDraw = False
109.3864 	EXP 	blackTrial_2: autoDraw = False
109.3864 	EXP 	whiteTrial_2: autoDraw = False
109.3864 	EXP 	TrialPicture_2: autoDraw = False
109.3864 	EXP 	green_2: autoDraw = False
109.3864 	EXP 	red_2: autoDraw = False
109.3864 	EXP 	whiteWaitInterTrial_4: size = array([0.75, 1.  ])
109.3864 	EXP 	blackWaitInterTrial_4: autoDraw = True
109.3864 	EXP 	whiteWaitInterTrial_4: autoDraw = True
109.3864 	EXP 	green_fb_2: autoDraw = True
109.3864 	EXP 	red_fb_2: autoDraw = True
110.9738 	EXP 	New trial (rep=10, index=0): None
110.9887 	EXP 	blackWaitInterTrial_4: autoDraw = False
110.9887 	EXP 	whiteWaitInterTrial_4: autoDraw = False
110.9887 	EXP 	green_fb_2: autoDraw = False
110.9887 	EXP 	red_fb_2: autoDraw = False
110.9887 	EXP 	blackWaitInterTrial_4: autoDraw = False
110.9887 	EXP 	whiteWaitInterTrial_4: autoDraw = False
110.9887 	EXP 	green_fb_2: autoDraw = False
110.9887 	EXP 	red_fb_2: autoDraw = False
110.9887 	EXP 	TrialPicture_2: size = array([0.75, 1.  ])
110.9887 	EXP 	TrialPicture_2: image = './stimuli/images/152.bmp'
110.9887 	EXP 	blackTrial_2: autoDraw = True
110.9887 	EXP 	whiteTrial_2: autoDraw = True
110.9887 	EXP 	TrialPicture_2: autoDraw = True
110.9887 	EXP 	green_2: autoDraw = True
110.9887 	EXP 	red_2: autoDraw = True
112.0058 	EXP 	blackTrial_2: autoDraw = False
112.0058 	EXP 	whiteTrial_2: autoDraw = False
112.0058 	EXP 	TrialPicture_2: autoDraw = False
112.0058 	EXP 	green_2: autoDraw = False
112.0058 	EXP 	red_2: autoDraw = False
112.0058 	EXP 	blackTrial_2: autoDraw = False
112.0058 	EXP 	whiteTrial_2: autoDraw = False
112.0058 	EXP 	TrialPicture_2: autoDraw = False
112.0058 	EXP 	green_2: autoDraw = False
112.0058 	EXP 	red_2: autoDraw = False
112.0058 	EXP 	whiteWaitInterTrial_4: size = array([0.75, 1.  ])
112.0058 	EXP 	blackWaitInterTrial_4: autoDraw = True
112.0058 	EXP 	whiteWaitInterTrial_4: autoDraw = True
112.0058 	EXP 	green_fb_2: autoDraw = True
112.0058 	EXP 	red_fb_2: autoDraw = True
113.6930 	EXP 	New trial (rep=11, index=0): None
113.7075 	EXP 	blackWaitInterTrial_4: autoDraw = False
113.7075 	EXP 	whiteWaitInterTrial_4: autoDraw = False
113.7075 	EXP 	green_fb_2: autoDraw = False
113.7075 	EXP 	red_fb_2: autoDraw = False
113.7075 	EXP 	blackWaitInterTrial_4: autoDraw = False
113.7075 	EXP 	whiteWaitInterTrial_4: autoDraw = False
113.7075 	EXP 	green_fb_2: autoDraw = False
113.7075 	EXP 	red_fb_2: autoDraw = False
113.7075 	EXP 	TrialPicture_2: size = array([0.75, 1.  ])
113.7075 	EXP 	TrialPicture_2: image = './stimuli/images/086.bmp'
113.7075 	EXP 	blackTrial_2: autoDraw = True
113.7075 	EXP 	whiteTrial_2: autoDraw = True
113.7075 	EXP 	TrialPicture_2: autoDraw = True
113.7075 	EXP 	green_2: autoDraw = True
113.7075 	EXP 	red_2: autoDraw = True
114.7243 	EXP 	blackTrial_2: autoDraw = False
114.7243 	EXP 	whiteTrial_2: autoDraw = False
114.7243 	EXP 	TrialPicture_2: autoDraw = False
114.7243 	EXP 	green_2: autoDraw = False
114.7243 	EXP 	red_2: autoDraw = False
114.7243 	EXP 	blackTrial_2: autoDraw = False
114.7243 	EXP 	whiteTrial_2: autoDraw = False
114.7243 	EXP 	TrialPicture_2: autoDraw = False
114.7243 	EXP 	green_2: autoDraw = False
114.7243 	EXP 	red_2: autoDraw = False
114.7243 	EXP 	whiteWaitInterTrial_4: size = array([0.75, 1.  ])
114.7243 	EXP 	blackWaitInterTrial_4: autoDraw = True
114.7243 	EXP 	whiteWaitInterTrial_4: autoDraw = True
114.7243 	EXP 	green_fb_2: autoDraw = True
114.7243 	EXP 	red_fb_2: autoDraw = True
116.3122 	EXP 	New trial (rep=12, index=0): None
116.3266 	EXP 	blackWaitInterTrial_4: autoDraw = False
116.3266 	EXP 	whiteWaitInterTrial_4: autoDraw = False
116.3266 	EXP 	green_fb_2: autoDraw = False
116.3266 	EXP 	red_fb_2: autoDraw = False
116.3266 	EXP 	blackWaitInterTrial_4: autoDraw = False
116.3266 	EXP 	whiteWaitInterTrial_4: autoDraw = False
116.3266 	EXP 	green_fb_2: autoDraw = False
116.3266 	EXP 	red_fb_2: autoDraw = False
116.3266 	EXP 	TrialPicture_2: size = array([0.75, 1.  ])
116.3266 	EXP 	TrialPicture_2: image = './stimuli/images/152.bmp'
116.3266 	EXP 	blackTrial_2: autoDraw = True
116.3266 	EXP 	whiteTrial_2: autoDraw = True
116.3266 	EXP 	TrialPicture_2: autoDraw = True
116.3266 	EXP 	green_2: autoDraw = True
116.3266 	EXP 	red_2: autoDraw = True
117.3437 	EXP 	blackTrial_2: autoDraw = False
117.3437 	EXP 	whiteTrial_2: autoDraw = False
117.3437 	EXP 	TrialPicture_2: autoDraw = False
117.3437 	EXP 	green_2: autoDraw = False
117.3437 	EXP 	red_2: autoDraw = False
117.3437 	EXP 	blackTrial_2: autoDraw = False
117.3437 	EXP 	whiteTrial_2: autoDraw = False
117.3437 	EXP 	TrialPicture_2: autoDraw = False
117.3437 	EXP 	green_2: autoDraw = False
117.3437 	EXP 	red_2: autoDraw = False
117.3437 	EXP 	whiteWaitInterTrial_4: size = array([0.75, 1.  ])
117.3437 	EXP 	blackWaitInterTrial_4: autoDraw = True
117.3437 	EXP 	whiteWaitInterTrial_4: autoDraw = True
117.3437 	EXP 	green_fb_2: autoDraw = True
117.3437 	EXP 	red_fb_2: autoDraw = True
118.9320 	EXP 	New trial (rep=13, index=0): None
118.9472 	EXP 	blackWaitInterTrial_4: autoDraw = False
118.9472 	EXP 	whiteWaitInterTrial_4: autoDraw = False
118.9472 	EXP 	green_fb_2: autoDraw = False
118.9472 	EXP 	red_fb_2: autoDraw = False
118.9472 	EXP 	blackWaitInterTrial_4: autoDraw = False
118.9472 	EXP 	whiteWaitInterTrial_4: autoDraw = False
118.9472 	EXP 	green_fb_2: autoDraw = False
118.9472 	EXP 	red_fb_2: autoDraw = False
118.9472 	EXP 	TrialPicture_2: size = array([0.75, 1.  ])
118.9472 	EXP 	TrialPicture_2: image = './stimuli/images/061.bmp'
118.9472 	EXP 	blackTrial_2: autoDraw = True
118.9472 	EXP 	whiteTrial_2: autoDraw = True
118.9472 	EXP 	TrialPicture_2: autoDraw = True
118.9472 	EXP 	green_2: autoDraw = True
118.9472 	EXP 	red_2: autoDraw = True
119.9625 	EXP 	blackTrial_2: autoDraw = False
119.9625 	EXP 	whiteTrial_2: autoDraw = False
119.9625 	EXP 	TrialPicture_2: autoDraw = False
119.9625 	EXP 	green_2: autoDraw = False
119.9625 	EXP 	red_2: autoDraw = False
119.9625 	EXP 	blackTrial_2: autoDraw = False
119.9625 	EXP 	whiteTrial_2: autoDraw = False
119.9625 	EXP 	TrialPicture_2: autoDraw = False
119.9625 	EXP 	green_2: autoDraw = False
119.9625 	EXP 	red_2: autoDraw = False
119.9625 	EXP 	whiteWaitInterTrial_4: size = array([0.75, 1.  ])
119.9625 	EXP 	blackWaitInterTrial_4: autoDraw = True
119.9625 	EXP 	whiteWaitInterTrial_4: autoDraw = True
119.9625 	EXP 	green_fb_2: autoDraw = True
119.9625 	EXP 	red_fb_2: autoDraw = True
121.6502 	EXP 	New trial (rep=14, index=0): None
121.6649 	EXP 	blackWaitInterTrial_4: autoDraw = False
121.6649 	EXP 	whiteWaitInterTrial_4: autoDraw = False
121.6649 	EXP 	green_fb_2: autoDraw = False
121.6649 	EXP 	red_fb_2: autoDraw = False
121.6649 	EXP 	blackWaitInterTrial_4: autoDraw = False
121.6649 	EXP 	whiteWaitInterTrial_4: autoDraw = False
121.6649 	EXP 	green_fb_2: autoDraw = False
121.6649 	EXP 	red_fb_2: autoDraw = False
121.6649 	EXP 	TrialPicture_2: size = array([0.75, 1.  ])
121.6649 	EXP 	TrialPicture_2: image = './stimuli/images/008.bmp'
121.6649 	EXP 	blackTrial_2: autoDraw = True
121.6649 	EXP 	whiteTrial_2: autoDraw = True
121.6649 	EXP 	TrialPicture_2: autoDraw = True
121.6649 	EXP 	green_2: autoDraw = True
121.6649 	EXP 	red_2: autoDraw = True
122.6818 	EXP 	blackTrial_2: autoDraw = False
122.6818 	EXP 	whiteTrial_2: autoDraw = False
122.6818 	EXP 	TrialPicture_2: autoDraw = False
122.6818 	EXP 	green_2: autoDraw = False
122.6818 	EXP 	red_2: autoDraw = False
122.6818 	EXP 	blackTrial_2: autoDraw = False
122.6818 	EXP 	whiteTrial_2: autoDraw = False
122.6818 	EXP 	TrialPicture_2: autoDraw = False
122.6818 	EXP 	green_2: autoDraw = False
122.6818 	EXP 	red_2: autoDraw = False
122.6818 	EXP 	whiteWaitInterTrial_4: size = array([0.75, 1.  ])
122.6818 	EXP 	blackWaitInterTrial_4: autoDraw = True
122.6818 	EXP 	whiteWaitInterTrial_4: autoDraw = True
122.6818 	EXP 	green_fb_2: autoDraw = True
122.6818 	EXP 	red_fb_2: autoDraw = True
124.3685 	EXP 	New trial (rep=15, index=0): None
124.3826 	EXP 	blackWaitInterTrial_4: autoDraw = False
124.3826 	EXP 	whiteWaitInterTrial_4: autoDraw = False
124.3826 	EXP 	green_fb_2: autoDraw = False
124.3826 	EXP 	red_fb_2: autoDraw = False
124.3826 	EXP 	blackWaitInterTrial_4: autoDraw = False
124.3826 	EXP 	whiteWaitInterTrial_4: autoDraw = False
124.3826 	EXP 	green_fb_2: autoDraw = False
124.3826 	EXP 	red_fb_2: autoDraw = False
124.3826 	EXP 	TrialPicture_2: size = array([0.75, 1.  ])
124.3826 	EXP 	TrialPicture_2: image = './stimuli/images/086.bmp'
124.3826 	EXP 	blackTrial_2: autoDraw = True
124.3826 	EXP 	whiteTrial_2: autoDraw = True
124.3826 	EXP 	TrialPicture_2: autoDraw = True
124.3826 	EXP 	green_2: autoDraw = True
124.3826 	EXP 	red_2: autoDraw = True
125.4009 	EXP 	blackTrial_2: autoDraw = False
125.4009 	EXP 	whiteTrial_2: autoDraw = False
125.4009 	EXP 	TrialPicture_2: autoDraw = False
125.4009 	EXP 	green_2: autoDraw = False
125.4009 	EXP 	red_2: autoDraw = False
125.4009 	EXP 	blackTrial_2: autoDraw = False
125.4009 	EXP 	whiteTrial_2: autoDraw = False
125.4009 	EXP 	TrialPicture_2: autoDraw = False
125.4009 	EXP 	green_2: autoDraw = False
125.4009 	EXP 	red_2: autoDraw = False
125.4009 	EXP 	whiteWaitInterTrial_4: size = array([0.75, 1.  ])
125.4009 	EXP 	blackWaitInterTrial_4: autoDraw = True
125.4009 	EXP 	whiteWaitInterTrial_4: autoDraw = True
125.4009 	EXP 	green_fb_2: autoDraw = True
125.4009 	EXP 	red_fb_2: autoDraw = True
127.1887 	EXP 	New trial (rep=16, index=0): None
127.2034 	EXP 	blackWaitInterTrial_4: autoDraw = False
127.2034 	EXP 	whiteWaitInterTrial_4: autoDraw = False
127.2034 	EXP 	green_fb_2: autoDraw = False
127.2034 	EXP 	red_fb_2: autoDraw = False
127.2034 	EXP 	blackWaitInterTrial_4: autoDraw = False
127.2034 	EXP 	whiteWaitInterTrial_4: autoDraw = False
127.2034 	EXP 	green_fb_2: autoDraw = False
127.2034 	EXP 	red_fb_2: autoDraw = False
127.2034 	EXP 	TrialPicture_2: size = array([0.75, 1.  ])
127.2034 	EXP 	TrialPicture_2: image = './stimuli/images/152.bmp'
127.2034 	EXP 	blackTrial_2: autoDraw = True
127.2034 	EXP 	whiteTrial_2: autoDraw = True
127.2034 	EXP 	TrialPicture_2: autoDraw = True
127.2034 	EXP 	green_2: autoDraw = True
127.2034 	EXP 	red_2: autoDraw = True
128.2195 	EXP 	blackTrial_2: autoDraw = False
128.2195 	EXP 	whiteTrial_2: autoDraw = False
128.2195 	EXP 	TrialPicture_2: autoDraw = False
128.2195 	EXP 	green_2: autoDraw = False
128.2195 	EXP 	red_2: autoDraw = False
128.2195 	EXP 	blackTrial_2: autoDraw = False
128.2195 	EXP 	whiteTrial_2: autoDraw = False
128.2195 	EXP 	TrialPicture_2: autoDraw = False
128.2195 	EXP 	green_2: autoDraw = False
128.2195 	EXP 	red_2: autoDraw = False
128.2195 	EXP 	whiteWaitInterTrial_4: size = array([0.75, 1.  ])
128.2195 	EXP 	blackWaitInterTrial_4: autoDraw = True
128.2195 	EXP 	whiteWaitInterTrial_4: autoDraw = True
128.2195 	EXP 	green_fb_2: autoDraw = True
128.2195 	EXP 	red_fb_2: autoDraw = True
129.9076 	EXP 	New trial (rep=17, index=0): None
129.9230 	EXP 	blackWaitInterTrial_4: autoDraw = False
129.9230 	EXP 	whiteWaitInterTrial_4: autoDraw = False
129.9230 	EXP 	green_fb_2: autoDraw = False
129.9230 	EXP 	red_fb_2: autoDraw = False
129.9230 	EXP 	blackWaitInterTrial_4: autoDraw = False
129.9230 	EXP 	whiteWaitInterTrial_4: autoDraw = False
129.9230 	EXP 	green_fb_2: autoDraw = False
129.9230 	EXP 	red_fb_2: autoDraw = False
129.9230 	EXP 	TrialPicture_2: size = array([0.75, 1.  ])
129.9230 	EXP 	TrialPicture_2: image = './stimuli/images/061.bmp'
129.9230 	EXP 	blackTrial_2: autoDraw = True
129.9230 	EXP 	whiteTrial_2: autoDraw = True
129.9230 	EXP 	TrialPicture_2: autoDraw = True
129.9230 	EXP 	green_2: autoDraw = True
129.9230 	EXP 	red_2: autoDraw = True
130.9390 	EXP 	blackTrial_2: autoDraw = False
130.9390 	EXP 	whiteTrial_2: autoDraw = False
130.9390 	EXP 	TrialPicture_2: autoDraw = False
130.9390 	EXP 	green_2: autoDraw = False
130.9390 	EXP 	red_2: autoDraw = False
130.9390 	EXP 	blackTrial_2: autoDraw = False
130.9390 	EXP 	whiteTrial_2: autoDraw = False
130.9390 	EXP 	TrialPicture_2: autoDraw = False
130.9390 	EXP 	green_2: autoDraw = False
130.9390 	EXP 	red_2: autoDraw = False
130.9390 	EXP 	whiteWaitInterTrial_4: size = array([0.75, 1.  ])
130.9390 	EXP 	blackWaitInterTrial_4: autoDraw = True
130.9390 	EXP 	whiteWaitInterTrial_4: autoDraw = True
130.9390 	EXP 	green_fb_2: autoDraw = True
130.9390 	EXP 	red_fb_2: autoDraw = True
132.5264 	EXP 	New trial (rep=18, index=0): None
132.5406 	EXP 	blackWaitInterTrial_4: autoDraw = False
132.5406 	EXP 	whiteWaitInterTrial_4: autoDraw = False
132.5406 	EXP 	green_fb_2: autoDraw = False
132.5406 	EXP 	red_fb_2: autoDraw = False
132.5406 	EXP 	blackWaitInterTrial_4: autoDraw = False
132.5406 	EXP 	whiteWaitInterTrial_4: autoDraw = False
132.5406 	EXP 	green_fb_2: autoDraw = False
132.5406 	EXP 	red_fb_2: autoDraw = False
132.5406 	EXP 	TrialPicture_2: size = array([0.75, 1.  ])
132.5406 	EXP 	TrialPicture_2: image = './stimuli/images/008.bmp'
132.5406 	EXP 	blackTrial_2: autoDraw = True
132.5406 	EXP 	whiteTrial_2: autoDraw = True
132.5406 	EXP 	TrialPicture_2: autoDraw = True
132.5406 	EXP 	green_2: autoDraw = True
132.5406 	EXP 	red_2: autoDraw = True
133.5575 	EXP 	blackTrial_2: autoDraw = False
133.5575 	EXP 	whiteTrial_2: autoDraw = False
133.5575 	EXP 	TrialPicture_2: autoDraw = False
133.5575 	EXP 	green_2: autoDraw = False
133.5575 	EXP 	red_2: autoDraw = False
133.5575 	EXP 	blackTrial_2: autoDraw = False
133.5575 	EXP 	whiteTrial_2: autoDraw = False
133.5575 	EXP 	TrialPicture_2: autoDraw = False
133.5575 	EXP 	green_2: autoDraw = False
133.5575 	EXP 	red_2: autoDraw = False
133.5575 	EXP 	whiteWaitInterTrial_4: size = array([0.75, 1.  ])
133.5575 	EXP 	blackWaitInterTrial_4: autoDraw = True
133.5575 	EXP 	whiteWaitInterTrial_4: autoDraw = True
133.5575 	EXP 	green_fb_2: autoDraw = True
133.5575 	EXP 	red_fb_2: autoDraw = True
135.2454 	EXP 	New trial (rep=19, index=0): None
135.2610 	EXP 	blackWaitInterTrial_4: autoDraw = False
135.2610 	EXP 	whiteWaitInterTrial_4: autoDraw = False
135.2610 	EXP 	green_fb_2: autoDraw = False
135.2610 	EXP 	red_fb_2: autoDraw = False
135.2610 	EXP 	blackWaitInterTrial_4: autoDraw = False
135.2610 	EXP 	whiteWaitInterTrial_4: autoDraw = False
135.2610 	EXP 	green_fb_2: autoDraw = False
135.2610 	EXP 	red_fb_2: autoDraw = False
135.2610 	EXP 	TrialPicture_2: size = array([0.75, 1.  ])
135.2610 	EXP 	TrialPicture_2: image = './stimuli/images/086.bmp'
135.2610 	EXP 	blackTrial_2: autoDraw = True
135.2610 	EXP 	whiteTrial_2: autoDraw = True
135.2610 	EXP 	TrialPicture_2: autoDraw = True
135.2610 	EXP 	green_2: autoDraw = True
135.2610 	EXP 	red_2: autoDraw = True
136.2766 	EXP 	blackTrial_2: autoDraw = False
136.2766 	EXP 	whiteTrial_2: autoDraw = False
136.2766 	EXP 	TrialPicture_2: autoDraw = False
136.2766 	EXP 	green_2: autoDraw = False
136.2766 	EXP 	red_2: autoDraw = False
136.2766 	EXP 	blackTrial_2: autoDraw = False
136.2766 	EXP 	whiteTrial_2: autoDraw = False
136.2766 	EXP 	TrialPicture_2: autoDraw = False
136.2766 	EXP 	green_2: autoDraw = False
136.2766 	EXP 	red_2: autoDraw = False
136.2766 	EXP 	whiteWaitInterTrial_4: size = array([0.75, 1.  ])
136.2766 	EXP 	blackWaitInterTrial_4: autoDraw = True
136.2766 	EXP 	whiteWaitInterTrial_4: autoDraw = True
136.2766 	EXP 	green_fb_2: autoDraw = True
136.2766 	EXP 	red_fb_2: autoDraw = True
137.8780 	EXP 	blackWaitInterTrial_4: autoDraw = False
137.8780 	EXP 	whiteWaitInterTrial_4: autoDraw = False
137.8780 	EXP 	green_fb_2: autoDraw = False
137.8780 	EXP 	red_fb_2: autoDraw = False
137.8780 	EXP 	blackWaitInterTrial_4: autoDraw = False
137.8780 	EXP 	whiteWaitInterTrial_4: autoDraw = False
137.8780 	EXP 	green_fb_2: autoDraw = False
137.8780 	EXP 	red_fb_2: autoDraw = False
137.8780 	EXP 	fixationImage_2: size = array([0.75, 1.  ])
137.8780 	EXP 	fixation_2: autoDraw = True
137.8780 	EXP 	fixationImage_2: autoDraw = True
139.8798 	EXP 	fixation_2: autoDraw = False
139.8798 	EXP 	fixationImage_2: autoDraw = False
139.8798 	EXP 	fixation_2: autoDraw = False
139.8798 	EXP 	fixationImage_2: autoDraw = False
139.8798 	EXP 	polygon_end_2: autoDraw = True
139.8798 	EXP 	end_text_2: autoDraw = True
141.8812 	EXP 	polygon_end_2: autoDraw = False
141.8812 	EXP 	end_text_2: autoDraw = False
141.8812 	EXP 	polygon_end_2: autoDraw = False
141.8812 	EXP 	end_text_2: autoDraw = False
141.9134 	EXP 	window1: mouseVisible = True
