4.0129 	EXP 	Created window1 = Window(allowGUI=False, allowStencil=False, args=UNKNOWN, autoLog=True, bitsMode=UNKNOWN, blendMode='avg', color=array([0., 0., 0.]), colorSpace='rgb', fullscr=<method-wrapper '__getattribute__' of attributeSetter object at 0x0000021167E62748>, gamma=None, gammaErrorPolicy='raise', kwargs=UNKNOWN, lms=UNKNOWN, monitor=<psychopy.monitors.calibTools.Monitor object at 0x0000021167EA3630>, multiSample=False, name='window1', numSamples=2, pos=[0.0, 0.0], screen=1, size=array([1920, 1200]), stereo=False, units='norm', useFBO=True, useRetina=False, viewOri=0.0, viewPos=None, viewScale=None, waitBlanking=True, winType='pyglet')
4.0129 	EXP 	window1: recordFrameIntervals = False
4.1792 	EXP 	window1: recordFrameIntervals = True
4.3629 	EXP 	window1: recordFrameIntervals = False
4.5845 	EXP 	Created polygon_1 = Rect(__class__=<class 'psychopy.visual.rect.Rect'>, autoDraw=False, autoLog=True, closeShape=True, color=method-wrapper(...), colorSpace=None, contrast=1.0, depth=0.0, fillColor='black', fillColorSpace='named', fillRGB=array([0., 0., 0.]), interpolate=True, lineColor='black', lineColorSpace='named', lineRGB=array([0., 0., 0.]), lineWidth=1, name='polygon_1', opacity=1.0, ori=array(0.), pos=array([0., 0.]), size=array([1., 1.]), units='norm', vertices=ndarray(...), win=Window(...))
4.7405 	EXP 	Created descriptionText_1 = TextStim(__class__=<class 'psychopy.visual.text.TextStim'>, alignHoriz='center', alignVert='center', antialias=True, autoLog=True, bold=False, color='white', colorSpace='named', contrast=1.0, depth=-1.0, flipHoriz=False, flipVert=False, font='Arial', fontFiles=[], height=0.09, italic=False, languageStyle='LTR', name='descriptionText_1', opacity=1.0, ori=0, pos=array([0., 0.]), rgb=array([255., 255., 255.]), text=str(...), units='norm', win=Window(...), wrapWidth=1)
4.7412 	EXP 	Created fixation10 = Rect(__class__=<class 'psychopy.visual.rect.Rect'>, autoDraw=False, autoLog=True, closeShape=True, color=method-wrapper(...), colorSpace=None, contrast=1.0, depth=0.0, fillColor='black', fillColorSpace='named', fillRGB=array([0., 0., 0.]), interpolate=True, lineColor='black', lineColorSpace='named', lineRGB=array([0., 0., 0.]), lineWidth=1, name='fixation10', opacity=1.0, ori=array(0.), pos=array([0., 0.]), size=array([1., 1.]), units='norm', vertices=ndarray(...), win=Window(...))
4.7483 	EXP 	Created fixationImage10 = ImageStim(__class__=<class 'psychopy.visual.image.ImageStim'>, autoLog=True, color=array([1., 1., 1.]), colorSpace='rgb', contrast=1.0, depth=-1.0, flipHoriz=False, flipVert=False, image='./stimuli/images/fix.bmp', interpolate=True, mask=None, maskParams=None, name='fixationImage10', opacity=1.0, ori=0.0, pos=array([0., 0.]), size=array([1., 1.]), texRes=128, units='norm', win=Window(...))
4.7644 	EXP 	Created text = TextStim(__class__=<class 'psychopy.visual.text.TextStim'>, alignHoriz='center', alignVert='center', antialias=True, autoLog=True, bold=False, color='white', colorSpace='named', contrast=1.0, depth=-2.0, flipHoriz=False, flipVert=False, font='Arial', fontFiles=[], height=0.3, italic=False, languageStyle='LTR', name='text', opacity=1.0, ori=0, pos=array([ 0. , -0.7]), rgb=array([255., 255., 255.]), text='3 . . .', units='norm', win=Window(...), wrapWidth=1)
4.7770 	EXP 	Created text_2 = TextStim(__class__=<class 'psychopy.visual.text.TextStim'>, alignHoriz='center', alignVert='center', antialias=True, autoLog=True, bold=False, color='white', colorSpace='named', contrast=1.0, depth=-3.0, flipHoriz=False, flipVert=False, font='Arial', fontFiles=[], height=0.3, italic=False, languageStyle='LTR', name='text_2', opacity=1.0, ori=0, pos=array([ 0. , -0.7]), rgb=array([255., 255., 255.]), text='2 . .', units='norm', win=Window(...), wrapWidth=1)
4.7813 	EXP 	Created text_3 = TextStim(__class__=<class 'psychopy.visual.text.TextStim'>, alignHoriz='center', alignVert='center', antialias=True, autoLog=True, bold=False, color='white', colorSpace='named', contrast=1.0, depth=-4.0, flipHoriz=False, flipVert=False, font='Arial', fontFiles=[], height=0.3, italic=False, languageStyle='LTR', name='text_3', opacity=1.0, ori=0, pos=array([ 0. , -0.7]), rgb=array([255., 255., 255.]), text='1 .', units='norm', win=Window(...), wrapWidth=1)
4.7819 	EXP 	Created blackProc = Rect(__class__=<class 'psychopy.visual.rect.Rect'>, autoDraw=False, autoLog=True, closeShape=True, color=method-wrapper(...), colorSpace=None, contrast=1.0, depth=-1.0, fillColor='black', fillColorSpace='named', fillRGB=array([0., 0., 0.]), interpolate=True, lineColor='black', lineColorSpace='named', lineRGB=array([0., 0., 0.]), lineWidth=1, name='blackProc', opacity=1.0, ori=array(0.), pos=array([0., 0.]), size=array([1., 1.]), units='norm', vertices=ndarray(...), win=Window(...))
4.7825 	EXP 	Created greenProc = Rect(__class__=<class 'psychopy.visual.rect.Rect'>, autoDraw=False, autoLog=True, closeShape=True, color=method-wrapper(...), colorSpace=None, contrast=1.0, depth=-2.0, fillColor='green', fillColorSpace='named', fillRGB=array([  0., 128.,   0.]), interpolate=True, lineColor='green', lineColorSpace='named', lineRGB=array([  0., 128.,   0.]), lineWidth=1, name='greenProc', opacity=1.0, ori=array(0.), pos=array([0., 0.]), size=array([1., 1.]), units='norm', vertices=ndarray(...), win=Window(...))
4.7841 	EXP 	Created ProcTarget = ImageStim(__class__=<class 'psychopy.visual.image.ImageStim'>, autoLog=True, color=array([1., 1., 1.]), colorSpace='rgb', contrast=1.0, depth=-3.0, flipHoriz=False, flipVert=False, image='sin', interpolate=True, mask=None, maskParams=None, name='ProcTarget', opacity=1.0, ori=0.0, pos=array([-0.4,  0. ]), size=array([1., 1.]), texRes=128, units='norm', win=Window(...))
4.7856 	EXP 	Created ProcPicture = ImageStim(__class__=<class 'psychopy.visual.image.ImageStim'>, autoLog=True, color=array([1., 1., 1.]), colorSpace='rgb', contrast=1.0, depth=-4.0, flipHoriz=False, flipVert=False, image='sin', interpolate=True, mask=None, maskParams=None, name='ProcPicture', opacity=1.0, ori=0.0, pos=array([0.4, 0. ]), size=array([1., 1.]), texRes=128, units='norm', win=Window(...))
4.7862 	EXP 	Created blackWaitInterTrial = Rect(__class__=<class 'psychopy.visual.rect.Rect'>, autoDraw=False, autoLog=True, closeShape=True, color=method-wrapper(...), colorSpace=None, contrast=1.0, depth=0.0, fillColor='black', fillColorSpace='named', fillRGB=array([0., 0., 0.]), interpolate=True, lineColor='black', lineColorSpace='named', lineRGB=array([0., 0., 0.]), lineWidth=1, name='blackWaitInterTrial', opacity=1.0, ori=array(0.), pos=array([0., 0.]), size=array([1., 1.]), units='norm', vertices=ndarray(...), win=Window(...))
4.7914 	EXP 	Created whiteWaitInterTrial = ImageStim(__class__=<class 'psychopy.visual.image.ImageStim'>, autoLog=True, color=array([1., 1., 1.]), colorSpace='rgb', contrast=1.0, depth=-1.0, flipHoriz=False, flipVert=False, image='./stimuli/images/blank.bmp', interpolate=True, mask=None, maskParams=None, name='whiteWaitInterTrial', opacity=1.0, ori=0.0, pos=array([0., 0.]), size=array([1., 1.]), texRes=128, units='norm', win=Window(...))
4.7919 	EXP 	Created blackTrial = Rect(__class__=<class 'psychopy.visual.rect.Rect'>, autoDraw=False, autoLog=True, closeShape=True, color=method-wrapper(...), colorSpace=None, contrast=1.0, depth=-1.0, fillColor='black', fillColorSpace='named', fillRGB=array([0., 0., 0.]), interpolate=True, lineColor='black', lineColorSpace='named', lineRGB=array([0., 0., 0.]), lineWidth=1, name='blackTrial', opacity=1.0, ori=array(0.), pos=array([0., 0.]), size=array([1., 1.]), units='norm', vertices=ndarray(...), win=Window(...))
4.7926 	EXP 	Created whiteTrial = Rect(__class__=<class 'psychopy.visual.rect.Rect'>, autoDraw=False, autoLog=True, closeShape=True, color=method-wrapper(...), colorSpace=None, contrast=1.0, depth=-2.0, fillColor='white', fillColorSpace='named', fillRGB=array([255., 255., 255.]), interpolate=True, lineColor='white', lineColorSpace='named', lineRGB=array([255., 255., 255.]), lineWidth=1, name='whiteTrial', opacity=1.0, ori=array(0.), pos=array([0., 0.]), size=array([1., 1.]), units='norm', vertices=ndarray(...), win=Window(...))
4.7940 	EXP 	Created TrialPicture = ImageStim(__class__=<class 'psychopy.visual.image.ImageStim'>, autoLog=True, color=array([1., 1., 1.]), colorSpace='rgb', contrast=1.0, depth=-3.0, flipHoriz=False, flipVert=False, image='sin', interpolate=True, mask=None, maskParams=None, name='TrialPicture', opacity=1.0, ori=0.0, pos=array([0., 0.]), size=array([1., 1.]), texRes=128, units='norm', win=Window(...))
4.7950 	EXP 	Created green_1 = ShapeStim(__class__=<class 'psychopy.visual.shape.ShapeStim'>, autoDraw=False, autoLog=True, closeShape=True, contrast=1.0, depth=-6.0, fillColor='green', fillColorSpace='named', interpolate=True, lineColor='green', lineColorSpace='named', lineWidth=1, name='green_1', opacity=1.0, ori=array(0.), pos=array([0., 0.]), size=array([0.05, 0.05]), units='norm', vertices=ndarray(...), win=Window(...), windingRule=None)
4.7956 	EXP 	Created red_1 = Rect(__class__=<class 'psychopy.visual.rect.Rect'>, autoDraw=False, autoLog=True, closeShape=True, color=method-wrapper(...), colorSpace=None, contrast=1.0, depth=-7.0, fillColor='red', fillColorSpace='named', fillRGB=array([255.,   0.,   0.]), interpolate=True, lineColor='red', lineColorSpace='named', lineRGB=array([255.,   0.,   0.]), lineWidth=1, name='red_1', opacity=1.0, ori=array(0.), pos=array([0., 0.]), size=array([1., 1.]), units='norm', vertices=ndarray(...), win=Window(...))
4.7961 	EXP 	Created blackWaitInterTrial_2 = Rect(__class__=<class 'psychopy.visual.rect.Rect'>, autoDraw=False, autoLog=True, closeShape=True, color=method-wrapper(...), colorSpace=None, contrast=1.0, depth=-1.0, fillColor='black', fillColorSpace='named', fillRGB=array([0., 0., 0.]), interpolate=True, lineColor='black', lineColorSpace='named', lineRGB=array([0., 0., 0.]), lineWidth=1, name='blackWaitInterTrial_2', opacity=1.0, ori=array(0.), pos=array([0., 0.]), size=array([1., 1.]), units='norm', vertices=ndarray(...), win=Window(...))
4.8018 	EXP 	Created whiteWaitInterTrial_2 = ImageStim(__class__=<class 'psychopy.visual.image.ImageStim'>, autoLog=True, color=array([1., 1., 1.]), colorSpace='rgb', contrast=1.0, depth=-2.0, flipHoriz=False, flipVert=False, image='./stimuli/images/blank.bmp', interpolate=True, mask=None, maskParams=None, name='whiteWaitInterTrial_2', opacity=1.0, ori=0.0, pos=array([0., 0.]), size=array([1., 1.]), texRes=128, units='norm', win=Window(...))
4.8023 	EXP 	Created green_fb_1 = ShapeStim(__class__=<class 'psychopy.visual.shape.ShapeStim'>, autoDraw=False, autoLog=True, closeShape=True, contrast=1.0, depth=-3.0, fillColor='green', fillColorSpace='named', interpolate=True, lineColor='green', lineColorSpace='named', lineWidth=1, name='green_fb_1', opacity=1.0, ori=array(0.), pos=array([0., 0.]), size=array([1., 1.]), units='norm', vertices=ndarray(...), win=Window(...), windingRule=None)
4.8029 	EXP 	Created red_fb_1 = Rect(__class__=<class 'psychopy.visual.rect.Rect'>, autoDraw=False, autoLog=True, closeShape=True, color=method-wrapper(...), colorSpace=None, contrast=1.0, depth=-4.0, fillColor='red', fillColorSpace='named', fillRGB=array([255.,   0.,   0.]), interpolate=True, lineColor='red', lineColorSpace='named', lineRGB=array([255.,   0.,   0.]), lineWidth=1, name='red_fb_1', opacity=1.0, ori=array(0.), pos=array([0., 0.]), size=array([1., 1.]), units='norm', vertices=ndarray(...), win=Window(...))
4.8034 	EXP 	Created fixation = Rect(__class__=<class 'psychopy.visual.rect.Rect'>, autoDraw=False, autoLog=True, closeShape=True, color=method-wrapper(...), colorSpace=None, contrast=1.0, depth=0.0, fillColor='black', fillColorSpace='named', fillRGB=array([0., 0., 0.]), interpolate=True, lineColor='black', lineColorSpace='named', lineRGB=array([0., 0., 0.]), lineWidth=1, name='fixation', opacity=1.0, ori=array(0.), pos=array([0., 0.]), size=array([1., 1.]), units='norm', vertices=ndarray(...), win=Window(...))
4.8085 	EXP 	Created fixationImage = ImageStim(__class__=<class 'psychopy.visual.image.ImageStim'>, autoLog=True, color=array([1., 1., 1.]), colorSpace='rgb', contrast=1.0, depth=-1.0, flipHoriz=False, flipVert=False, image='./stimuli/images/fix.bmp', interpolate=True, mask=None, maskParams=None, name='fixationImage', opacity=1.0, ori=0.0, pos=array([0., 0.]), size=array([1., 1.]), texRes=128, units='norm', win=Window(...))
4.8090 	EXP 	Created polygon_end = Rect(__class__=<class 'psychopy.visual.rect.Rect'>, autoDraw=False, autoLog=True, closeShape=True, color=method-wrapper(...), colorSpace=None, contrast=1.0, depth=0.0, fillColor='black', fillColorSpace='named', fillRGB=array([0., 0., 0.]), interpolate=True, lineColor='black', lineColorSpace='named', lineRGB=array([0., 0., 0.]), lineWidth=1, name='polygon_end', opacity=1.0, ori=array(0.), pos=array([0., 0.]), size=array([1., 1.]), units='norm', vertices=ndarray(...), win=Window(...))
4.8260 	EXP 	Created end_text = TextStim(__class__=<class 'psychopy.visual.text.TextStim'>, alignHoriz='center', alignVert='center', antialias=True, autoLog=True, bold=False, color='white', colorSpace='named', contrast=1.0, depth=-1.0, flipHoriz=False, flipVert=False, font='Arial', fontFiles=[], height=0.1, italic=False, languageStyle='LTR', name='end_text', opacity=1.0, ori=0, pos=array([0., 0.]), rgb=array([255., 255., 255.]), text='That completes Round 1 of the task', units='norm', win=Window(...), wrapWidth=1)
4.8266 	EXP 	Created polygon_15 = Rect(__class__=<class 'psychopy.visual.rect.Rect'>, autoDraw=False, autoLog=True, closeShape=True, color=method-wrapper(...), colorSpace=None, contrast=1.0, depth=0.0, fillColor='black', fillColorSpace='named', fillRGB=array([0., 0., 0.]), interpolate=True, lineColor='black', lineColorSpace='named', lineRGB=array([0., 0., 0.]), lineWidth=1, name='polygon_15', opacity=1.0, ori=array(0.), pos=array([0., 0.]), size=array([1., 1.]), units='norm', vertices=ndarray(...), win=Window(...))
4.8654 	EXP 	Created descriptionText_15 = TextStim(__class__=<class 'psychopy.visual.text.TextStim'>, alignHoriz='center', alignVert='center', antialias=True, autoLog=True, bold=False, color='white', colorSpace='named', contrast=1.0, depth=-1.0, flipHoriz=False, flipVert=False, font='Arial', fontFiles=[], height=0.09, italic=False, languageStyle='LTR', name='descriptionText_15', opacity=1.0, ori=0, pos=array([0., 0.]), rgb=array([255., 255., 255.]), text=str(...), units='norm', win=Window(...), wrapWidth=1)
4.8661 	EXP 	Created fixation10 = Rect(__class__=<class 'psychopy.visual.rect.Rect'>, autoDraw=False, autoLog=True, closeShape=True, color=method-wrapper(...), colorSpace=None, contrast=1.0, depth=0.0, fillColor='black', fillColorSpace='named', fillRGB=array([0., 0., 0.]), interpolate=True, lineColor='black', lineColorSpace='named', lineRGB=array([0., 0., 0.]), lineWidth=1, name='fixation10', opacity=1.0, ori=array(0.), pos=array([0., 0.]), size=array([1., 1.]), units='norm', vertices=ndarray(...), win=Window(...))
4.8803 	EXP 	Created fixationImage10 = ImageStim(__class__=<class 'psychopy.visual.image.ImageStim'>, autoLog=True, color=array([1., 1., 1.]), colorSpace='rgb', contrast=1.0, depth=-1.0, flipHoriz=False, flipVert=False, image='./stimuli/images/fix.bmp', interpolate=True, mask=None, maskParams=None, name='fixationImage10', opacity=1.0, ori=0.0, pos=array([0., 0.]), size=array([1., 1.]), texRes=128, units='norm', win=Window(...))
4.8829 	EXP 	Created text = TextStim(__class__=<class 'psychopy.visual.text.TextStim'>, alignHoriz='center', alignVert='center', antialias=True, autoLog=True, bold=False, color='white', colorSpace='named', contrast=1.0, depth=-2.0, flipHoriz=False, flipVert=False, font='Arial', fontFiles=[], height=0.3, italic=False, languageStyle='LTR', name='text', opacity=1.0, ori=0, pos=array([ 0. , -0.7]), rgb=array([255., 255., 255.]), text='3 . . .', units='norm', win=Window(...), wrapWidth=1)
4.8853 	EXP 	Created text_2 = TextStim(__class__=<class 'psychopy.visual.text.TextStim'>, alignHoriz='center', alignVert='center', antialias=True, autoLog=True, bold=False, color='white', colorSpace='named', contrast=1.0, depth=-3.0, flipHoriz=False, flipVert=False, font='Arial', fontFiles=[], height=0.3, italic=False, languageStyle='LTR', name='text_2', opacity=1.0, ori=0, pos=array([ 0. , -0.7]), rgb=array([255., 255., 255.]), text='2 . .', units='norm', win=Window(...), wrapWidth=1)
4.8875 	EXP 	Created text_3 = TextStim(__class__=<class 'psychopy.visual.text.TextStim'>, alignHoriz='center', alignVert='center', antialias=True, autoLog=True, bold=False, color='white', colorSpace='named', contrast=1.0, depth=-4.0, flipHoriz=False, flipVert=False, font='Arial', fontFiles=[], height=0.3, italic=False, languageStyle='LTR', name='text_3', opacity=1.0, ori=0, pos=array([ 0. , -0.7]), rgb=array([255., 255., 255.]), text='1 .', units='norm', win=Window(...), wrapWidth=1)
4.8881 	EXP 	Created blackProc_2 = Rect(__class__=<class 'psychopy.visual.rect.Rect'>, autoDraw=False, autoLog=True, closeShape=True, color=method-wrapper(...), colorSpace=None, contrast=1.0, depth=-1.0, fillColor='black', fillColorSpace='named', fillRGB=array([0., 0., 0.]), interpolate=True, lineColor='black', lineColorSpace='named', lineRGB=array([0., 0., 0.]), lineWidth=1, name='blackProc_2', opacity=1.0, ori=array(0.), pos=array([0., 0.]), size=array([1., 1.]), units='norm', vertices=ndarray(...), win=Window(...))
4.8886 	EXP 	Created greenProc_2 = Rect(__class__=<class 'psychopy.visual.rect.Rect'>, autoDraw=False, autoLog=True, closeShape=True, color=method-wrapper(...), colorSpace=None, contrast=1.0, depth=-2.0, fillColor='green', fillColorSpace='named', fillRGB=array([  0., 128.,   0.]), interpolate=True, lineColor='green', lineColorSpace='named', lineRGB=array([  0., 128.,   0.]), lineWidth=1, name='greenProc_2', opacity=1.0, ori=array(0.), pos=array([0., 0.]), size=array([1., 1.]), units='norm', vertices=ndarray(...), win=Window(...))
4.8903 	EXP 	Created ProcTarget_2 = ImageStim(__class__=<class 'psychopy.visual.image.ImageStim'>, autoLog=True, color=array([1., 1., 1.]), colorSpace='rgb', contrast=1.0, depth=-3.0, flipHoriz=False, flipVert=False, image='sin', interpolate=True, mask=None, maskParams=None, name='ProcTarget_2', opacity=1.0, ori=0.0, pos=array([-0.4,  0. ]), size=array([1., 1.]), texRes=128, units='norm', win=Window(...))
4.8918 	EXP 	Created ProcPicture_2 = ImageStim(__class__=<class 'psychopy.visual.image.ImageStim'>, autoLog=True, color=array([1., 1., 1.]), colorSpace='rgb', contrast=1.0, depth=-4.0, flipHoriz=False, flipVert=False, image='sin', interpolate=True, mask=None, maskParams=None, name='ProcPicture_2', opacity=1.0, ori=0.0, pos=array([0.4, 0. ]), size=array([1., 1.]), texRes=128, units='norm', win=Window(...))
4.8923 	EXP 	Created blackWaitInterTrial_3 = Rect(__class__=<class 'psychopy.visual.rect.Rect'>, autoDraw=False, autoLog=True, closeShape=True, color=method-wrapper(...), colorSpace=None, contrast=1.0, depth=0.0, fillColor='black', fillColorSpace='named', fillRGB=array([0., 0., 0.]), interpolate=True, lineColor='black', lineColorSpace='named', lineRGB=array([0., 0., 0.]), lineWidth=1, name='blackWaitInterTrial_3', opacity=1.0, ori=array(0.), pos=array([0., 0.]), size=array([1., 1.]), units='norm', vertices=ndarray(...), win=Window(...))
4.8974 	EXP 	Created whiteWaitInterTrial_3 = ImageStim(__class__=<class 'psychopy.visual.image.ImageStim'>, autoLog=True, color=array([1., 1., 1.]), colorSpace='rgb', contrast=1.0, depth=-1.0, flipHoriz=False, flipVert=False, image='./stimuli/images/blank.bmp', interpolate=True, mask=None, maskParams=None, name='whiteWaitInterTrial_3', opacity=1.0, ori=0.0, pos=array([0., 0.]), size=array([1., 1.]), texRes=128, units='norm', win=Window(...))
4.8980 	EXP 	Created blackTrial_2 = Rect(__class__=<class 'psychopy.visual.rect.Rect'>, autoDraw=False, autoLog=True, closeShape=True, color=method-wrapper(...), colorSpace=None, contrast=1.0, depth=-1.0, fillColor='black', fillColorSpace='named', fillRGB=array([0., 0., 0.]), interpolate=True, lineColor='black', lineColorSpace='named', lineRGB=array([0., 0., 0.]), lineWidth=1, name='blackTrial_2', opacity=1.0, ori=array(0.), pos=array([0., 0.]), size=array([1., 1.]), units='norm', vertices=ndarray(...), win=Window(...))
4.8985 	EXP 	Created whiteTrial_2 = Rect(__class__=<class 'psychopy.visual.rect.Rect'>, autoDraw=False, autoLog=True, closeShape=True, color=method-wrapper(...), colorSpace=None, contrast=1.0, depth=-2.0, fillColor='white', fillColorSpace='named', fillRGB=array([255., 255., 255.]), interpolate=True, lineColor='white', lineColorSpace='named', lineRGB=array([255., 255., 255.]), lineWidth=1, name='whiteTrial_2', opacity=1.0, ori=array(0.), pos=array([0., 0.]), size=array([1., 1.]), units='norm', vertices=ndarray(...), win=Window(...))
4.9000 	EXP 	Created TrialPicture_2 = ImageStim(__class__=<class 'psychopy.visual.image.ImageStim'>, autoLog=True, color=array([1., 1., 1.]), colorSpace='rgb', contrast=1.0, depth=-3.0, flipHoriz=False, flipVert=False, image='sin', interpolate=True, mask=None, maskParams=None, name='TrialPicture_2', opacity=1.0, ori=0.0, pos=array([0., 0.]), size=array([1., 1.]), texRes=128, units='norm', win=Window(...))
4.9009 	EXP 	Created green_2 = ShapeStim(__class__=<class 'psychopy.visual.shape.ShapeStim'>, autoDraw=False, autoLog=True, closeShape=True, contrast=1.0, depth=-6.0, fillColor='green', fillColorSpace='named', interpolate=True, lineColor='green', lineColorSpace='named', lineWidth=1, name='green_2', opacity=1.0, ori=array(0.), pos=array([0., 0.]), size=array([0.05, 0.05]), units='norm', vertices=ndarray(...), win=Window(...), windingRule=None)
4.9015 	EXP 	Created red_2 = Rect(__class__=<class 'psychopy.visual.rect.Rect'>, autoDraw=False, autoLog=True, closeShape=True, color=method-wrapper(...), colorSpace=None, contrast=1.0, depth=-7.0, fillColor='red', fillColorSpace='named', fillRGB=array([255.,   0.,   0.]), interpolate=True, lineColor='red', lineColorSpace='named', lineRGB=array([255.,   0.,   0.]), lineWidth=1, name='red_2', opacity=1.0, ori=array(0.), pos=array([0., 0.]), size=array([1., 1.]), units='norm', vertices=ndarray(...), win=Window(...))
4.9020 	EXP 	Created blackWaitInterTrial_4 = Rect(__class__=<class 'psychopy.visual.rect.Rect'>, autoDraw=False, autoLog=True, closeShape=True, color=method-wrapper(...), colorSpace=None, contrast=1.0, depth=-1.0, fillColor='black', fillColorSpace='named', fillRGB=array([0., 0., 0.]), interpolate=True, lineColor='black', lineColorSpace='named', lineRGB=array([0., 0., 0.]), lineWidth=1, name='blackWaitInterTrial_4', opacity=1.0, ori=array(0.), pos=array([0., 0.]), size=array([1., 1.]), units='norm', vertices=ndarray(...), win=Window(...))
4.9082 	EXP 	Created whiteWaitInterTrial_4 = ImageStim(__class__=<class 'psychopy.visual.image.ImageStim'>, autoLog=True, color=array([1., 1., 1.]), colorSpace='rgb', contrast=1.0, depth=-2.0, flipHoriz=False, flipVert=False, image='./stimuli/images/blank.bmp', interpolate=True, mask=None, maskParams=None, name='whiteWaitInterTrial_4', opacity=1.0, ori=0.0, pos=array([0., 0.]), size=array([1., 1.]), texRes=128, units='norm', win=Window(...))
4.9088 	EXP 	Created green_fb_2 = ShapeStim(__class__=<class 'psychopy.visual.shape.ShapeStim'>, autoDraw=False, autoLog=True, closeShape=True, contrast=1.0, depth=-3.0, fillColor='green', fillColorSpace='named', interpolate=True, lineColor='green', lineColorSpace='named', lineWidth=1, name='green_fb_2', opacity=1.0, ori=array(0.), pos=array([0., 0.]), size=array([1., 1.]), units='norm', vertices=ndarray(...), win=Window(...), windingRule=None)
4.9094 	EXP 	Created red_fb_2 = Rect(__class__=<class 'psychopy.visual.rect.Rect'>, autoDraw=False, autoLog=True, closeShape=True, color=method-wrapper(...), colorSpace=None, contrast=1.0, depth=-4.0, fillColor='red', fillColorSpace='named', fillRGB=array([255.,   0.,   0.]), interpolate=True, lineColor='red', lineColorSpace='named', lineRGB=array([255.,   0.,   0.]), lineWidth=1, name='red_fb_2', opacity=1.0, ori=array(0.), pos=array([0., 0.]), size=array([1., 1.]), units='norm', vertices=ndarray(...), win=Window(...))
4.9100 	EXP 	Created fixation_2 = Rect(__class__=<class 'psychopy.visual.rect.Rect'>, autoDraw=False, autoLog=True, closeShape=True, color=method-wrapper(...), colorSpace=None, contrast=1.0, depth=0.0, fillColor='black', fillColorSpace='named', fillRGB=array([0., 0., 0.]), interpolate=True, lineColor='black', lineColorSpace='named', lineRGB=array([0., 0., 0.]), lineWidth=1, name='fixation_2', opacity=1.0, ori=array(0.), pos=array([0., 0.]), size=array([1., 1.]), units='norm', vertices=ndarray(...), win=Window(...))
4.9151 	EXP 	Created fixationImage_2 = ImageStim(__class__=<class 'psychopy.visual.image.ImageStim'>, autoLog=True, color=array([1., 1., 1.]), colorSpace='rgb', contrast=1.0, depth=-1.0, flipHoriz=False, flipVert=False, image='./stimuli/images/fix.bmp', interpolate=True, mask=None, maskParams=None, name='fixationImage_2', opacity=1.0, ori=0.0, pos=array([0., 0.]), size=array([1., 1.]), texRes=128, units='norm', win=Window(...))
4.9157 	EXP 	Created polygon_end_2 = Rect(__class__=<class 'psychopy.visual.rect.Rect'>, autoDraw=False, autoLog=True, closeShape=True, color=method-wrapper(...), colorSpace=None, contrast=1.0, depth=0.0, fillColor='black', fillColorSpace='named', fillRGB=array([0., 0., 0.]), interpolate=True, lineColor='black', lineColorSpace='named', lineRGB=array([0., 0., 0.]), lineWidth=1, name='polygon_end_2', opacity=1.0, ori=array(0.), pos=array([0., 0.]), size=array([1., 1.]), units='norm', vertices=ndarray(...), win=Window(...))
4.9270 	EXP 	Created end_text_2 = TextStim(__class__=<class 'psychopy.visual.text.TextStim'>, alignHoriz='center', alignVert='center', antialias=True, autoLog=True, bold=False, color='white', colorSpace='named', contrast=1.0, depth=-1.0, flipHoriz=False, flipVert=False, font='Arial', fontFiles=[], height=0.1, italic=False, languageStyle='LTR', name='end_text_2', opacity=1.0, ori=0, pos=array([0., 0.]), rgb=array([255., 255., 255.]), text='Thank you for your participation!', units='norm', win=Window(...), wrapWidth=1)
5.4346 	WARNING 	Hamming was requested using the 'pygame' sound library but hamming is not supported there.
5.4351 	EXP 	Set sound_1 sound=./lib/sound/bird.wav
5.4351 	WARNING 	Hamming was requested using the 'pygame' sound library but hamming is not supported there.
5.4354 	EXP 	Set sound_2 sound=./lib/sound/bang.wav
5.4803 	EXP 	polygon_1: autoDraw = True
5.4803 	EXP 	descriptionText_1: autoDraw = True
6.2371 	DATA 	Keypress: space
6.2643 	EXP 	polygon_1: autoDraw = False
6.2643 	EXP 	descriptionText_1: autoDraw = False
6.2643 	EXP 	fixationImage10: size = array([0.75, 1.  ])
6.2643 	EXP 	fixation10: autoDraw = True
6.2643 	EXP 	fixationImage10: autoDraw = True
6.2643 	EXP 	text: autoDraw = True
7.2485 	EXP 	text_2: autoDraw = True
7.2651 	EXP 	text: autoDraw = False
8.2496 	EXP 	text_2: autoDraw = False
8.2496 	EXP 	text_3: autoDraw = True
9.2503 	EXP 	text_3: autoDraw = False
9.2526 	EXP 	Created sequence: sequential, trialTypes=1, nReps=1, seed=None
9.2527 	EXP 	New trial (rep=0, index=0): None
9.2837 	EXP 	fixation10: autoDraw = False
9.2837 	EXP 	fixationImage10: autoDraw = False
9.2837 	EXP 	fixation10: autoDraw = False
9.2837 	EXP 	fixationImage10: autoDraw = False
9.2837 	EXP 	text: autoDraw = False
9.2837 	EXP 	text_2: autoDraw = False
9.2837 	EXP 	text_3: autoDraw = False
9.2837 	EXP 	greenProc: size = array([1.6, 1.2])
9.2837 	EXP 	ProcTarget: size = array([0.75, 1.  ])
9.2837 	EXP 	ProcTarget: image = './stimuli/images/205.bmp'
9.2837 	EXP 	ProcPicture: size = array([0.75, 1.  ])
9.2837 	EXP 	ProcPicture: image = './stimuli/images/142.bmp'
9.2837 	EXP 	blackProc: autoDraw = True
9.2837 	EXP 	greenProc: autoDraw = True
9.2837 	EXP 	ProcTarget: autoDraw = True
9.2837 	EXP 	ProcPicture: autoDraw = True
12.7868 	EXP 	blackProc: autoDraw = False
12.7868 	EXP 	greenProc: autoDraw = False
12.7868 	EXP 	ProcTarget: autoDraw = False
12.7868 	EXP 	ProcPicture: autoDraw = False
12.7868 	EXP 	blackProc: autoDraw = False
12.7868 	EXP 	greenProc: autoDraw = False
12.7868 	EXP 	ProcTarget: autoDraw = False
12.7868 	EXP 	ProcPicture: autoDraw = False
12.7868 	EXP 	whiteWaitInterTrial: size = array([0.75, 1.  ])
12.7868 	EXP 	blackWaitInterTrial: autoDraw = True
12.7868 	EXP 	whiteWaitInterTrial: autoDraw = True
14.2748 	EXP 	Created sequence: sequential, trialTypes=1, nReps=20, seed=None
14.2750 	EXP 	New trial (rep=0, index=0): None
14.3054 	EXP 	blackWaitInterTrial: autoDraw = False
14.3054 	EXP 	whiteWaitInterTrial: autoDraw = False
14.3054 	EXP 	blackWaitInterTrial: autoDraw = False
14.3054 	EXP 	whiteWaitInterTrial: autoDraw = False
14.3054 	EXP 	TrialPicture: size = array([0.75, 1.  ])
14.3054 	EXP 	TrialPicture: image = './stimuli/images/142.bmp'
14.3054 	EXP 	blackTrial: autoDraw = True
14.3054 	EXP 	whiteTrial: autoDraw = True
14.3054 	EXP 	TrialPicture: autoDraw = True
14.3054 	EXP 	green_1: autoDraw = True
14.3054 	EXP 	red_1: autoDraw = True
15.3057 	EXP 	blackTrial: autoDraw = False
15.3057 	EXP 	whiteTrial: autoDraw = False
15.3057 	EXP 	TrialPicture: autoDraw = False
15.3057 	EXP 	green_1: autoDraw = False
15.3057 	EXP 	red_1: autoDraw = False
15.3057 	EXP 	blackTrial: autoDraw = False
15.3057 	EXP 	whiteTrial: autoDraw = False
15.3057 	EXP 	TrialPicture: autoDraw = False
15.3057 	EXP 	green_1: autoDraw = False
15.3057 	EXP 	red_1: autoDraw = False
15.3057 	EXP 	whiteWaitInterTrial_2: size = array([0.75, 1.  ])
15.3057 	EXP 	blackWaitInterTrial_2: autoDraw = True
15.3057 	EXP 	whiteWaitInterTrial_2: autoDraw = True
15.3057 	EXP 	green_fb_1: autoDraw = True
15.3057 	EXP 	red_fb_1: autoDraw = True
17.0940 	EXP 	New trial (rep=1, index=0): None
17.1240 	EXP 	blackWaitInterTrial_2: autoDraw = False
17.1240 	EXP 	whiteWaitInterTrial_2: autoDraw = False
17.1240 	EXP 	green_fb_1: autoDraw = False
17.1240 	EXP 	red_fb_1: autoDraw = False
17.1240 	EXP 	blackWaitInterTrial_2: autoDraw = False
17.1240 	EXP 	whiteWaitInterTrial_2: autoDraw = False
17.1240 	EXP 	green_fb_1: autoDraw = False
17.1240 	EXP 	red_fb_1: autoDraw = False
17.1240 	EXP 	TrialPicture: size = array([0.75, 1.  ])
17.1240 	EXP 	TrialPicture: image = './stimuli/images/186.bmp'
17.1240 	EXP 	blackTrial: autoDraw = True
17.1240 	EXP 	whiteTrial: autoDraw = True
17.1240 	EXP 	TrialPicture: autoDraw = True
17.1240 	EXP 	green_1: autoDraw = True
17.1240 	EXP 	red_1: autoDraw = True
18.1248 	EXP 	blackTrial: autoDraw = False
18.1248 	EXP 	whiteTrial: autoDraw = False
18.1248 	EXP 	TrialPicture: autoDraw = False
18.1248 	EXP 	green_1: autoDraw = False
18.1248 	EXP 	red_1: autoDraw = False
18.1248 	EXP 	blackTrial: autoDraw = False
18.1248 	EXP 	whiteTrial: autoDraw = False
18.1248 	EXP 	TrialPicture: autoDraw = False
18.1248 	EXP 	green_1: autoDraw = False
18.1248 	EXP 	red_1: autoDraw = False
18.1248 	EXP 	whiteWaitInterTrial_2: size = array([0.75, 1.  ])
18.1248 	EXP 	blackWaitInterTrial_2: autoDraw = True
18.1248 	EXP 	whiteWaitInterTrial_2: autoDraw = True
18.1248 	EXP 	green_fb_1: autoDraw = True
18.1248 	EXP 	red_fb_1: autoDraw = True
19.9125 	EXP 	New trial (rep=2, index=0): None
19.9264 	EXP 	blackWaitInterTrial_2: autoDraw = False
19.9264 	EXP 	whiteWaitInterTrial_2: autoDraw = False
19.9264 	EXP 	green_fb_1: autoDraw = False
19.9264 	EXP 	red_fb_1: autoDraw = False
19.9264 	EXP 	blackWaitInterTrial_2: autoDraw = False
19.9264 	EXP 	whiteWaitInterTrial_2: autoDraw = False
19.9264 	EXP 	green_fb_1: autoDraw = False
19.9264 	EXP 	red_fb_1: autoDraw = False
19.9264 	EXP 	TrialPicture: size = array([0.75, 1.  ])
19.9264 	EXP 	TrialPicture: image = './stimuli/images/205.bmp'
19.9264 	EXP 	blackTrial: autoDraw = True
19.9264 	EXP 	whiteTrial: autoDraw = True
19.9264 	EXP 	TrialPicture: autoDraw = True
19.9264 	EXP 	green_1: autoDraw = True
19.9264 	EXP 	red_1: autoDraw = True
20.9273 	EXP 	blackTrial: autoDraw = False
20.9273 	EXP 	whiteTrial: autoDraw = False
20.9273 	EXP 	TrialPicture: autoDraw = False
20.9273 	EXP 	green_1: autoDraw = False
20.9273 	EXP 	red_1: autoDraw = False
20.9273 	EXP 	blackTrial: autoDraw = False
20.9273 	EXP 	whiteTrial: autoDraw = False
20.9273 	EXP 	TrialPicture: autoDraw = False
20.9273 	EXP 	green_1: autoDraw = False
20.9273 	EXP 	red_1: autoDraw = False
20.9273 	EXP 	whiteWaitInterTrial_2: size = array([0.75, 1.  ])
20.9273 	EXP 	blackWaitInterTrial_2: autoDraw = True
20.9273 	EXP 	whiteWaitInterTrial_2: autoDraw = True
20.9273 	EXP 	green_fb_1: autoDraw = True
20.9273 	EXP 	red_fb_1: autoDraw = True
22.6148 	EXP 	New trial (rep=3, index=0): None
22.6288 	EXP 	blackWaitInterTrial_2: autoDraw = False
22.6288 	EXP 	whiteWaitInterTrial_2: autoDraw = False
22.6288 	EXP 	green_fb_1: autoDraw = False
22.6288 	EXP 	red_fb_1: autoDraw = False
22.6288 	EXP 	blackWaitInterTrial_2: autoDraw = False
22.6288 	EXP 	whiteWaitInterTrial_2: autoDraw = False
22.6288 	EXP 	green_fb_1: autoDraw = False
22.6288 	EXP 	red_fb_1: autoDraw = False
22.6288 	EXP 	TrialPicture: size = array([0.75, 1.  ])
22.6288 	EXP 	TrialPicture: image = './stimuli/images/149.bmp'
22.6288 	EXP 	blackTrial: autoDraw = True
22.6288 	EXP 	whiteTrial: autoDraw = True
22.6288 	EXP 	TrialPicture: autoDraw = True
22.6288 	EXP 	green_1: autoDraw = True
22.6288 	EXP 	red_1: autoDraw = True
23.6296 	EXP 	blackTrial: autoDraw = False
23.6296 	EXP 	whiteTrial: autoDraw = False
23.6296 	EXP 	TrialPicture: autoDraw = False
23.6296 	EXP 	green_1: autoDraw = False
23.6296 	EXP 	red_1: autoDraw = False
23.6296 	EXP 	blackTrial: autoDraw = False
23.6296 	EXP 	whiteTrial: autoDraw = False
23.6296 	EXP 	TrialPicture: autoDraw = False
23.6296 	EXP 	green_1: autoDraw = False
23.6296 	EXP 	red_1: autoDraw = False
23.6296 	EXP 	whiteWaitInterTrial_2: size = array([0.75, 1.  ])
23.6296 	EXP 	blackWaitInterTrial_2: autoDraw = True
23.6296 	EXP 	whiteWaitInterTrial_2: autoDraw = True
23.6296 	EXP 	green_fb_1: autoDraw = True
23.6296 	EXP 	red_fb_1: autoDraw = True
25.2167 	EXP 	New trial (rep=4, index=0): None
25.2311 	EXP 	blackWaitInterTrial_2: autoDraw = False
25.2311 	EXP 	whiteWaitInterTrial_2: autoDraw = False
25.2311 	EXP 	green_fb_1: autoDraw = False
25.2311 	EXP 	red_fb_1: autoDraw = False
25.2311 	EXP 	blackWaitInterTrial_2: autoDraw = False
25.2311 	EXP 	whiteWaitInterTrial_2: autoDraw = False
25.2311 	EXP 	green_fb_1: autoDraw = False
25.2311 	EXP 	red_fb_1: autoDraw = False
25.2311 	EXP 	TrialPicture: size = array([0.75, 1.  ])
25.2311 	EXP 	TrialPicture: image = './stimuli/images/142.bmp'
25.2311 	EXP 	blackTrial: autoDraw = True
25.2311 	EXP 	whiteTrial: autoDraw = True
25.2311 	EXP 	TrialPicture: autoDraw = True
25.2311 	EXP 	green_1: autoDraw = True
25.2311 	EXP 	red_1: autoDraw = True
26.2320 	EXP 	blackTrial: autoDraw = False
26.2320 	EXP 	whiteTrial: autoDraw = False
26.2320 	EXP 	TrialPicture: autoDraw = False
26.2320 	EXP 	green_1: autoDraw = False
26.2320 	EXP 	red_1: autoDraw = False
26.2320 	EXP 	blackTrial: autoDraw = False
26.2320 	EXP 	whiteTrial: autoDraw = False
26.2320 	EXP 	TrialPicture: autoDraw = False
26.2320 	EXP 	green_1: autoDraw = False
26.2320 	EXP 	red_1: autoDraw = False
26.2320 	EXP 	whiteWaitInterTrial_2: size = array([0.75, 1.  ])
26.2320 	EXP 	blackWaitInterTrial_2: autoDraw = True
26.2320 	EXP 	whiteWaitInterTrial_2: autoDraw = True
26.2320 	EXP 	green_fb_1: autoDraw = True
26.2320 	EXP 	red_fb_1: autoDraw = True
27.8198 	EXP 	New trial (rep=5, index=0): None
27.8333 	EXP 	blackWaitInterTrial_2: autoDraw = False
27.8333 	EXP 	whiteWaitInterTrial_2: autoDraw = False
27.8333 	EXP 	green_fb_1: autoDraw = False
27.8333 	EXP 	red_fb_1: autoDraw = False
27.8333 	EXP 	blackWaitInterTrial_2: autoDraw = False
27.8333 	EXP 	whiteWaitInterTrial_2: autoDraw = False
27.8333 	EXP 	green_fb_1: autoDraw = False
27.8333 	EXP 	red_fb_1: autoDraw = False
27.8333 	EXP 	TrialPicture: size = array([0.75, 1.  ])
27.8333 	EXP 	TrialPicture: image = './stimuli/images/205.bmp'
27.8333 	EXP 	blackTrial: autoDraw = True
27.8333 	EXP 	whiteTrial: autoDraw = True
27.8333 	EXP 	TrialPicture: autoDraw = True
27.8333 	EXP 	green_1: autoDraw = True
27.8333 	EXP 	red_1: autoDraw = True
28.8342 	EXP 	blackTrial: autoDraw = False
28.8342 	EXP 	whiteTrial: autoDraw = False
28.8342 	EXP 	TrialPicture: autoDraw = False
28.8342 	EXP 	green_1: autoDraw = False
28.8342 	EXP 	red_1: autoDraw = False
28.8342 	EXP 	blackTrial: autoDraw = False
28.8342 	EXP 	whiteTrial: autoDraw = False
28.8342 	EXP 	TrialPicture: autoDraw = False
28.8342 	EXP 	green_1: autoDraw = False
28.8342 	EXP 	red_1: autoDraw = False
28.8342 	EXP 	whiteWaitInterTrial_2: size = array([0.75, 1.  ])
28.8342 	EXP 	blackWaitInterTrial_2: autoDraw = True
28.8342 	EXP 	whiteWaitInterTrial_2: autoDraw = True
28.8342 	EXP 	green_fb_1: autoDraw = True
28.8342 	EXP 	red_fb_1: autoDraw = True
30.6224 	EXP 	New trial (rep=6, index=0): None
30.6359 	EXP 	blackWaitInterTrial_2: autoDraw = False
30.6359 	EXP 	whiteWaitInterTrial_2: autoDraw = False
30.6359 	EXP 	green_fb_1: autoDraw = False
30.6359 	EXP 	red_fb_1: autoDraw = False
30.6359 	EXP 	blackWaitInterTrial_2: autoDraw = False
30.6359 	EXP 	whiteWaitInterTrial_2: autoDraw = False
30.6359 	EXP 	green_fb_1: autoDraw = False
30.6359 	EXP 	red_fb_1: autoDraw = False
30.6359 	EXP 	TrialPicture: size = array([0.75, 1.  ])
30.6359 	EXP 	TrialPicture: image = './stimuli/images/149.bmp'
30.6359 	EXP 	blackTrial: autoDraw = True
30.6359 	EXP 	whiteTrial: autoDraw = True
30.6359 	EXP 	TrialPicture: autoDraw = True
30.6359 	EXP 	green_1: autoDraw = True
30.6359 	EXP 	red_1: autoDraw = True
31.6367 	EXP 	blackTrial: autoDraw = False
31.6367 	EXP 	whiteTrial: autoDraw = False
31.6367 	EXP 	TrialPicture: autoDraw = False
31.6367 	EXP 	green_1: autoDraw = False
31.6367 	EXP 	red_1: autoDraw = False
31.6367 	EXP 	blackTrial: autoDraw = False
31.6367 	EXP 	whiteTrial: autoDraw = False
31.6367 	EXP 	TrialPicture: autoDraw = False
31.6367 	EXP 	green_1: autoDraw = False
31.6367 	EXP 	red_1: autoDraw = False
31.6367 	EXP 	whiteWaitInterTrial_2: size = array([0.75, 1.  ])
31.6367 	EXP 	blackWaitInterTrial_2: autoDraw = True
31.6367 	EXP 	whiteWaitInterTrial_2: autoDraw = True
31.6367 	EXP 	green_fb_1: autoDraw = True
31.6367 	EXP 	red_fb_1: autoDraw = True
33.2244 	EXP 	New trial (rep=7, index=0): None
33.2547 	EXP 	blackWaitInterTrial_2: autoDraw = False
33.2547 	EXP 	whiteWaitInterTrial_2: autoDraw = False
33.2547 	EXP 	green_fb_1: autoDraw = False
33.2547 	EXP 	red_fb_1: autoDraw = False
33.2547 	EXP 	blackWaitInterTrial_2: autoDraw = False
33.2547 	EXP 	whiteWaitInterTrial_2: autoDraw = False
33.2547 	EXP 	green_fb_1: autoDraw = False
33.2547 	EXP 	red_fb_1: autoDraw = False
33.2547 	EXP 	TrialPicture: size = array([0.75, 1.  ])
33.2547 	EXP 	TrialPicture: image = './stimuli/images/186.bmp'
33.2547 	EXP 	blackTrial: autoDraw = True
33.2547 	EXP 	whiteTrial: autoDraw = True
33.2547 	EXP 	TrialPicture: autoDraw = True
33.2547 	EXP 	green_1: autoDraw = True
33.2547 	EXP 	red_1: autoDraw = True
34.2556 	EXP 	blackTrial: autoDraw = False
34.2556 	EXP 	whiteTrial: autoDraw = False
34.2556 	EXP 	TrialPicture: autoDraw = False
34.2556 	EXP 	green_1: autoDraw = False
34.2556 	EXP 	red_1: autoDraw = False
34.2556 	EXP 	blackTrial: autoDraw = False
34.2556 	EXP 	whiteTrial: autoDraw = False
34.2556 	EXP 	TrialPicture: autoDraw = False
34.2556 	EXP 	green_1: autoDraw = False
34.2556 	EXP 	red_1: autoDraw = False
34.2556 	EXP 	whiteWaitInterTrial_2: size = array([0.75, 1.  ])
34.2556 	EXP 	blackWaitInterTrial_2: autoDraw = True
34.2556 	EXP 	whiteWaitInterTrial_2: autoDraw = True
34.2556 	EXP 	green_fb_1: autoDraw = True
34.2556 	EXP 	red_fb_1: autoDraw = True
35.9430 	EXP 	New trial (rep=8, index=0): None
35.9571 	EXP 	blackWaitInterTrial_2: autoDraw = False
35.9571 	EXP 	whiteWaitInterTrial_2: autoDraw = False
35.9571 	EXP 	green_fb_1: autoDraw = False
35.9571 	EXP 	red_fb_1: autoDraw = False
35.9571 	EXP 	blackWaitInterTrial_2: autoDraw = False
35.9571 	EXP 	whiteWaitInterTrial_2: autoDraw = False
35.9571 	EXP 	green_fb_1: autoDraw = False
35.9571 	EXP 	red_fb_1: autoDraw = False
35.9571 	EXP 	TrialPicture: size = array([0.75, 1.  ])
35.9571 	EXP 	TrialPicture: image = './stimuli/images/205.bmp'
35.9571 	EXP 	blackTrial: autoDraw = True
35.9571 	EXP 	whiteTrial: autoDraw = True
35.9571 	EXP 	TrialPicture: autoDraw = True
35.9571 	EXP 	green_1: autoDraw = True
35.9571 	EXP 	red_1: autoDraw = True
36.9580 	EXP 	blackTrial: autoDraw = False
36.9580 	EXP 	whiteTrial: autoDraw = False
36.9580 	EXP 	TrialPicture: autoDraw = False
36.9580 	EXP 	green_1: autoDraw = False
36.9580 	EXP 	red_1: autoDraw = False
36.9580 	EXP 	blackTrial: autoDraw = False
36.9580 	EXP 	whiteTrial: autoDraw = False
36.9580 	EXP 	TrialPicture: autoDraw = False
36.9580 	EXP 	green_1: autoDraw = False
36.9580 	EXP 	red_1: autoDraw = False
36.9580 	EXP 	whiteWaitInterTrial_2: size = array([0.75, 1.  ])
36.9580 	EXP 	blackWaitInterTrial_2: autoDraw = True
36.9580 	EXP 	whiteWaitInterTrial_2: autoDraw = True
36.9580 	EXP 	green_fb_1: autoDraw = True
36.9580 	EXP 	red_fb_1: autoDraw = True
38.7455 	EXP 	New trial (rep=9, index=0): None
38.7596 	EXP 	blackWaitInterTrial_2: autoDraw = False
38.7596 	EXP 	whiteWaitInterTrial_2: autoDraw = False
38.7596 	EXP 	green_fb_1: autoDraw = False
38.7596 	EXP 	red_fb_1: autoDraw = False
38.7596 	EXP 	blackWaitInterTrial_2: autoDraw = False
38.7596 	EXP 	whiteWaitInterTrial_2: autoDraw = False
38.7596 	EXP 	green_fb_1: autoDraw = False
38.7596 	EXP 	red_fb_1: autoDraw = False
38.7596 	EXP 	TrialPicture: size = array([0.75, 1.  ])
38.7596 	EXP 	TrialPicture: image = './stimuli/images/149.bmp'
38.7596 	EXP 	blackTrial: autoDraw = True
38.7596 	EXP 	whiteTrial: autoDraw = True
38.7596 	EXP 	TrialPicture: autoDraw = True
38.7596 	EXP 	green_1: autoDraw = True
38.7596 	EXP 	red_1: autoDraw = True
39.7605 	EXP 	blackTrial: autoDraw = False
39.7605 	EXP 	whiteTrial: autoDraw = False
39.7605 	EXP 	TrialPicture: autoDraw = False
39.7605 	EXP 	green_1: autoDraw = False
39.7605 	EXP 	red_1: autoDraw = False
39.7605 	EXP 	blackTrial: autoDraw = False
39.7605 	EXP 	whiteTrial: autoDraw = False
39.7605 	EXP 	TrialPicture: autoDraw = False
39.7605 	EXP 	green_1: autoDraw = False
39.7605 	EXP 	red_1: autoDraw = False
39.7605 	EXP 	whiteWaitInterTrial_2: size = array([0.75, 1.  ])
39.7605 	EXP 	blackWaitInterTrial_2: autoDraw = True
39.7605 	EXP 	whiteWaitInterTrial_2: autoDraw = True
39.7605 	EXP 	green_fb_1: autoDraw = True
39.7605 	EXP 	red_fb_1: autoDraw = True
41.3484 	EXP 	New trial (rep=10, index=0): None
41.3618 	EXP 	blackWaitInterTrial_2: autoDraw = False
41.3618 	EXP 	whiteWaitInterTrial_2: autoDraw = False
41.3618 	EXP 	green_fb_1: autoDraw = False
41.3618 	EXP 	red_fb_1: autoDraw = False
41.3618 	EXP 	blackWaitInterTrial_2: autoDraw = False
41.3618 	EXP 	whiteWaitInterTrial_2: autoDraw = False
41.3618 	EXP 	green_fb_1: autoDraw = False
41.3618 	EXP 	red_fb_1: autoDraw = False
41.3618 	EXP 	TrialPicture: size = array([0.75, 1.  ])
41.3618 	EXP 	TrialPicture: image = './stimuli/images/149.bmp'
41.3618 	EXP 	blackTrial: autoDraw = True
41.3618 	EXP 	whiteTrial: autoDraw = True
41.3618 	EXP 	TrialPicture: autoDraw = True
41.3618 	EXP 	green_1: autoDraw = True
41.3618 	EXP 	red_1: autoDraw = True
42.3627 	EXP 	blackTrial: autoDraw = False
42.3627 	EXP 	whiteTrial: autoDraw = False
42.3627 	EXP 	TrialPicture: autoDraw = False
42.3627 	EXP 	green_1: autoDraw = False
42.3627 	EXP 	red_1: autoDraw = False
42.3627 	EXP 	blackTrial: autoDraw = False
42.3627 	EXP 	whiteTrial: autoDraw = False
42.3627 	EXP 	TrialPicture: autoDraw = False
42.3627 	EXP 	green_1: autoDraw = False
42.3627 	EXP 	red_1: autoDraw = False
42.3627 	EXP 	whiteWaitInterTrial_2: size = array([0.75, 1.  ])
42.3627 	EXP 	blackWaitInterTrial_2: autoDraw = True
42.3627 	EXP 	whiteWaitInterTrial_2: autoDraw = True
42.3627 	EXP 	green_fb_1: autoDraw = True
42.3627 	EXP 	red_fb_1: autoDraw = True
43.0337 	DATA 	Keypress: l
43.9677 	DATA 	Keypress: a
44.0502 	EXP 	New trial (rep=11, index=0): None
44.0642 	EXP 	blackWaitInterTrial_2: autoDraw = False
44.0642 	EXP 	whiteWaitInterTrial_2: autoDraw = False
44.0642 	EXP 	green_fb_1: autoDraw = False
44.0642 	EXP 	red_fb_1: autoDraw = False
44.0642 	EXP 	blackWaitInterTrial_2: autoDraw = False
44.0642 	EXP 	whiteWaitInterTrial_2: autoDraw = False
44.0642 	EXP 	green_fb_1: autoDraw = False
44.0642 	EXP 	red_fb_1: autoDraw = False
44.0642 	EXP 	TrialPicture: size = array([0.75, 1.  ])
44.0642 	EXP 	TrialPicture: image = './stimuli/images/186.bmp'
44.0642 	EXP 	blackTrial: autoDraw = True
44.0642 	EXP 	whiteTrial: autoDraw = True
44.0642 	EXP 	TrialPicture: autoDraw = True
44.0642 	EXP 	green_1: autoDraw = True
44.0642 	EXP 	red_1: autoDraw = True
44.3162 	EXP 	Sound sound_1 started
44.3188 	DATA 	Keypress: a
45.0651 	EXP 	blackTrial: autoDraw = False
45.0651 	EXP 	whiteTrial: autoDraw = False
45.0651 	EXP 	TrialPicture: autoDraw = False
45.0651 	EXP 	green_1: autoDraw = False
45.0651 	EXP 	red_1: autoDraw = False
45.0651 	EXP 	blackTrial: autoDraw = False
45.0651 	EXP 	whiteTrial: autoDraw = False
45.0651 	EXP 	TrialPicture: autoDraw = False
45.0651 	EXP 	green_1: autoDraw = False
45.0651 	EXP 	red_1: autoDraw = False
45.0651 	EXP 	whiteWaitInterTrial_2: size = array([0.75, 1.  ])
45.0651 	EXP 	blackWaitInterTrial_2: autoDraw = True
45.0651 	EXP 	whiteWaitInterTrial_2: autoDraw = True
45.0651 	EXP 	green_fb_1: autoDraw = True
45.0651 	EXP 	red_fb_1: autoDraw = True
45.7363 	DATA 	Keypress: l
46.2694 	DATA 	Keypress: l
46.7530 	EXP 	New trial (rep=12, index=0): None
46.7666 	EXP 	blackWaitInterTrial_2: autoDraw = False
46.7666 	EXP 	whiteWaitInterTrial_2: autoDraw = False
46.7666 	EXP 	green_fb_1: autoDraw = False
46.7666 	EXP 	red_fb_1: autoDraw = False
46.7666 	EXP 	blackWaitInterTrial_2: autoDraw = False
46.7666 	EXP 	whiteWaitInterTrial_2: autoDraw = False
46.7666 	EXP 	green_fb_1: autoDraw = False
46.7666 	EXP 	red_fb_1: autoDraw = False
46.7666 	EXP 	TrialPicture: size = array([0.75, 1.  ])
46.7666 	EXP 	TrialPicture: image = './stimuli/images/142.bmp'
46.7666 	EXP 	blackTrial: autoDraw = True
46.7666 	EXP 	whiteTrial: autoDraw = True
46.7666 	EXP 	TrialPicture: autoDraw = True
46.7666 	EXP 	green_1: autoDraw = True
46.7666 	EXP 	red_1: autoDraw = True
46.9351 	EXP 	Sound sound_1 started
46.9379 	DATA 	Keypress: l
47.7674 	EXP 	blackTrial: autoDraw = False
47.7674 	EXP 	whiteTrial: autoDraw = False
47.7674 	EXP 	TrialPicture: autoDraw = False
47.7674 	EXP 	green_1: autoDraw = False
47.7674 	EXP 	red_1: autoDraw = False
47.7674 	EXP 	blackTrial: autoDraw = False
47.7674 	EXP 	whiteTrial: autoDraw = False
47.7674 	EXP 	TrialPicture: autoDraw = False
47.7674 	EXP 	green_1: autoDraw = False
47.7674 	EXP 	red_1: autoDraw = False
47.7674 	EXP 	whiteWaitInterTrial_2: size = array([0.75, 1.  ])
47.7674 	EXP 	blackWaitInterTrial_2: autoDraw = True
47.7674 	EXP 	whiteWaitInterTrial_2: autoDraw = True
47.7674 	EXP 	green_fb_1: autoDraw = True
47.7674 	EXP 	red_fb_1: autoDraw = True
49.2223 	DATA 	Keypress: a
49.3557 	EXP 	New trial (rep=13, index=0): None
49.3856 	EXP 	blackWaitInterTrial_2: autoDraw = False
49.3856 	EXP 	whiteWaitInterTrial_2: autoDraw = False
49.3856 	EXP 	green_fb_1: autoDraw = False
49.3856 	EXP 	red_fb_1: autoDraw = False
49.3856 	EXP 	blackWaitInterTrial_2: autoDraw = False
49.3856 	EXP 	whiteWaitInterTrial_2: autoDraw = False
49.3856 	EXP 	green_fb_1: autoDraw = False
49.3856 	EXP 	red_fb_1: autoDraw = False
49.3856 	EXP 	TrialPicture: size = array([0.75, 1.  ])
49.3856 	EXP 	TrialPicture: image = './stimuli/images/186.bmp'
49.3856 	EXP 	blackTrial: autoDraw = True
49.3856 	EXP 	whiteTrial: autoDraw = True
49.3856 	EXP 	TrialPicture: autoDraw = True
49.3856 	EXP 	green_1: autoDraw = True
49.3856 	EXP 	red_1: autoDraw = True
49.5543 	EXP 	Sound sound_1 started
49.5570 	DATA 	Keypress: a
49.8565 	DATA 	Keypress: a
50.3864 	EXP 	blackTrial: autoDraw = False
50.3864 	EXP 	whiteTrial: autoDraw = False
50.3864 	EXP 	TrialPicture: autoDraw = False
50.3864 	EXP 	green_1: autoDraw = False
50.3864 	EXP 	red_1: autoDraw = False
50.3864 	EXP 	blackTrial: autoDraw = False
50.3864 	EXP 	whiteTrial: autoDraw = False
50.3864 	EXP 	TrialPicture: autoDraw = False
50.3864 	EXP 	green_1: autoDraw = False
50.3864 	EXP 	red_1: autoDraw = False
50.3864 	EXP 	whiteWaitInterTrial_2: size = array([0.75, 1.  ])
50.3864 	EXP 	blackWaitInterTrial_2: autoDraw = True
50.3864 	EXP 	whiteWaitInterTrial_2: autoDraw = True
50.3864 	EXP 	green_fb_1: autoDraw = True
50.3864 	EXP 	red_fb_1: autoDraw = True
52.1737 	EXP 	New trial (rep=14, index=0): None
52.1880 	EXP 	blackWaitInterTrial_2: autoDraw = False
52.1880 	EXP 	whiteWaitInterTrial_2: autoDraw = False
52.1880 	EXP 	green_fb_1: autoDraw = False
52.1880 	EXP 	red_fb_1: autoDraw = False
52.1880 	EXP 	blackWaitInterTrial_2: autoDraw = False
52.1880 	EXP 	whiteWaitInterTrial_2: autoDraw = False
52.1880 	EXP 	green_fb_1: autoDraw = False
52.1880 	EXP 	red_fb_1: autoDraw = False
52.1880 	EXP 	TrialPicture: size = array([0.75, 1.  ])
52.1880 	EXP 	TrialPicture: image = './stimuli/images/205.bmp'
52.1880 	EXP 	blackTrial: autoDraw = True
52.1880 	EXP 	whiteTrial: autoDraw = True
52.1880 	EXP 	TrialPicture: autoDraw = True
52.1880 	EXP 	green_1: autoDraw = True
52.1880 	EXP 	red_1: autoDraw = True
52.8743 	EXP 	Sound sound_2 started
52.8769 	DATA 	Keypress: a
53.1888 	EXP 	blackTrial: autoDraw = False
53.1888 	EXP 	whiteTrial: autoDraw = False
53.1888 	EXP 	TrialPicture: autoDraw = False
53.1888 	EXP 	green_1: autoDraw = False
53.1888 	EXP 	red_1: autoDraw = False
53.1888 	EXP 	blackTrial: autoDraw = False
53.1888 	EXP 	whiteTrial: autoDraw = False
53.1888 	EXP 	TrialPicture: autoDraw = False
53.1888 	EXP 	green_1: autoDraw = False
53.1888 	EXP 	red_1: autoDraw = False
53.1888 	EXP 	whiteWaitInterTrial_2: size = array([0.75, 1.  ])
53.1888 	EXP 	blackWaitInterTrial_2: autoDraw = True
53.1888 	EXP 	whiteWaitInterTrial_2: autoDraw = True
53.1888 	EXP 	green_fb_1: autoDraw = True
53.1888 	EXP 	red_fb_1: autoDraw = True
54.7761 	EXP 	New trial (rep=15, index=0): None
54.7902 	EXP 	blackWaitInterTrial_2: autoDraw = False
54.7902 	EXP 	whiteWaitInterTrial_2: autoDraw = False
54.7902 	EXP 	green_fb_1: autoDraw = False
54.7902 	EXP 	red_fb_1: autoDraw = False
54.7902 	EXP 	blackWaitInterTrial_2: autoDraw = False
54.7902 	EXP 	whiteWaitInterTrial_2: autoDraw = False
54.7902 	EXP 	green_fb_1: autoDraw = False
54.7902 	EXP 	red_fb_1: autoDraw = False
54.7902 	EXP 	TrialPicture: size = array([0.75, 1.  ])
54.7902 	EXP 	TrialPicture: image = './stimuli/images/149.bmp'
54.7902 	EXP 	blackTrial: autoDraw = True
54.7902 	EXP 	whiteTrial: autoDraw = True
54.7902 	EXP 	TrialPicture: autoDraw = True
54.7902 	EXP 	green_1: autoDraw = True
54.7902 	EXP 	red_1: autoDraw = True
55.6926 	EXP 	Sound sound_1 started
55.6954 	DATA 	Keypress: a
55.7911 	EXP 	blackTrial: autoDraw = False
55.7911 	EXP 	whiteTrial: autoDraw = False
55.7911 	EXP 	TrialPicture: autoDraw = False
55.7911 	EXP 	green_1: autoDraw = False
55.7911 	EXP 	red_1: autoDraw = False
55.7911 	EXP 	blackTrial: autoDraw = False
55.7911 	EXP 	whiteTrial: autoDraw = False
55.7911 	EXP 	TrialPicture: autoDraw = False
55.7911 	EXP 	green_1: autoDraw = False
55.7911 	EXP 	red_1: autoDraw = False
55.7911 	EXP 	whiteWaitInterTrial_2: size = array([0.75, 1.  ])
55.7911 	EXP 	blackWaitInterTrial_2: autoDraw = True
55.7911 	EXP 	whiteWaitInterTrial_2: autoDraw = True
55.7911 	EXP 	green_fb_1: autoDraw = True
55.7911 	EXP 	red_fb_1: autoDraw = True
57.4787 	EXP 	New trial (rep=16, index=0): None
57.4926 	EXP 	blackWaitInterTrial_2: autoDraw = False
57.4926 	EXP 	whiteWaitInterTrial_2: autoDraw = False
57.4926 	EXP 	green_fb_1: autoDraw = False
57.4926 	EXP 	red_fb_1: autoDraw = False
57.4926 	EXP 	blackWaitInterTrial_2: autoDraw = False
57.4926 	EXP 	whiteWaitInterTrial_2: autoDraw = False
57.4926 	EXP 	green_fb_1: autoDraw = False
57.4926 	EXP 	red_fb_1: autoDraw = False
57.4926 	EXP 	TrialPicture: size = array([0.75, 1.  ])
57.4926 	EXP 	TrialPicture: image = './stimuli/images/142.bmp'
57.4926 	EXP 	blackTrial: autoDraw = True
57.4926 	EXP 	whiteTrial: autoDraw = True
57.4926 	EXP 	TrialPicture: autoDraw = True
57.4926 	EXP 	green_1: autoDraw = True
57.4926 	EXP 	red_1: autoDraw = True
58.4935 	EXP 	blackTrial: autoDraw = False
58.4935 	EXP 	whiteTrial: autoDraw = False
58.4935 	EXP 	TrialPicture: autoDraw = False
58.4935 	EXP 	green_1: autoDraw = False
58.4935 	EXP 	red_1: autoDraw = False
58.4935 	EXP 	blackTrial: autoDraw = False
58.4935 	EXP 	whiteTrial: autoDraw = False
58.4935 	EXP 	TrialPicture: autoDraw = False
58.4935 	EXP 	green_1: autoDraw = False
58.4935 	EXP 	red_1: autoDraw = False
58.4935 	EXP 	whiteWaitInterTrial_2: size = array([0.75, 1.  ])
58.4935 	EXP 	blackWaitInterTrial_2: autoDraw = True
58.4935 	EXP 	whiteWaitInterTrial_2: autoDraw = True
58.4935 	EXP 	green_fb_1: autoDraw = True
58.4935 	EXP 	red_fb_1: autoDraw = True
60.2811 	EXP 	New trial (rep=17, index=0): None
60.2950 	EXP 	blackWaitInterTrial_2: autoDraw = False
60.2950 	EXP 	whiteWaitInterTrial_2: autoDraw = False
60.2950 	EXP 	green_fb_1: autoDraw = False
60.2950 	EXP 	red_fb_1: autoDraw = False
60.2950 	EXP 	blackWaitInterTrial_2: autoDraw = False
60.2950 	EXP 	whiteWaitInterTrial_2: autoDraw = False
60.2950 	EXP 	green_fb_1: autoDraw = False
60.2950 	EXP 	red_fb_1: autoDraw = False
60.2950 	EXP 	TrialPicture: size = array([0.75, 1.  ])
60.2950 	EXP 	TrialPicture: image = './stimuli/images/205.bmp'
60.2950 	EXP 	blackTrial: autoDraw = True
60.2950 	EXP 	whiteTrial: autoDraw = True
60.2950 	EXP 	TrialPicture: autoDraw = True
60.2950 	EXP 	green_1: autoDraw = True
60.2950 	EXP 	red_1: autoDraw = True
61.2959 	EXP 	blackTrial: autoDraw = False
61.2959 	EXP 	whiteTrial: autoDraw = False
61.2959 	EXP 	TrialPicture: autoDraw = False
61.2959 	EXP 	green_1: autoDraw = False
61.2959 	EXP 	red_1: autoDraw = False
61.2959 	EXP 	blackTrial: autoDraw = False
61.2959 	EXP 	whiteTrial: autoDraw = False
61.2959 	EXP 	TrialPicture: autoDraw = False
61.2959 	EXP 	green_1: autoDraw = False
61.2959 	EXP 	red_1: autoDraw = False
61.2959 	EXP 	whiteWaitInterTrial_2: size = array([0.75, 1.  ])
61.2959 	EXP 	blackWaitInterTrial_2: autoDraw = True
61.2959 	EXP 	whiteWaitInterTrial_2: autoDraw = True
61.2959 	EXP 	green_fb_1: autoDraw = True
61.2959 	EXP 	red_fb_1: autoDraw = True
62.8833 	EXP 	New trial (rep=18, index=0): None
62.8974 	EXP 	blackWaitInterTrial_2: autoDraw = False
62.8974 	EXP 	whiteWaitInterTrial_2: autoDraw = False
62.8974 	EXP 	green_fb_1: autoDraw = False
62.8974 	EXP 	red_fb_1: autoDraw = False
62.8974 	EXP 	blackWaitInterTrial_2: autoDraw = False
62.8974 	EXP 	whiteWaitInterTrial_2: autoDraw = False
62.8974 	EXP 	green_fb_1: autoDraw = False
62.8974 	EXP 	red_fb_1: autoDraw = False
62.8974 	EXP 	TrialPicture: size = array([0.75, 1.  ])
62.8974 	EXP 	TrialPicture: image = './stimuli/images/149.bmp'
62.8974 	EXP 	blackTrial: autoDraw = True
62.8974 	EXP 	whiteTrial: autoDraw = True
62.8974 	EXP 	TrialPicture: autoDraw = True
62.8974 	EXP 	green_1: autoDraw = True
62.8974 	EXP 	red_1: autoDraw = True
63.8983 	EXP 	blackTrial: autoDraw = False
63.8983 	EXP 	whiteTrial: autoDraw = False
63.8983 	EXP 	TrialPicture: autoDraw = False
63.8983 	EXP 	green_1: autoDraw = False
63.8983 	EXP 	red_1: autoDraw = False
63.8983 	EXP 	blackTrial: autoDraw = False
63.8983 	EXP 	whiteTrial: autoDraw = False
63.8983 	EXP 	TrialPicture: autoDraw = False
63.8983 	EXP 	green_1: autoDraw = False
63.8983 	EXP 	red_1: autoDraw = False
63.8983 	EXP 	whiteWaitInterTrial_2: size = array([0.75, 1.  ])
63.8983 	EXP 	blackWaitInterTrial_2: autoDraw = True
63.8983 	EXP 	whiteWaitInterTrial_2: autoDraw = True
63.8983 	EXP 	green_fb_1: autoDraw = True
63.8983 	EXP 	red_fb_1: autoDraw = True
65.5852 	EXP 	New trial (rep=19, index=0): None
65.5997 	EXP 	blackWaitInterTrial_2: autoDraw = False
65.5997 	EXP 	whiteWaitInterTrial_2: autoDraw = False
65.5997 	EXP 	green_fb_1: autoDraw = False
65.5997 	EXP 	red_fb_1: autoDraw = False
65.5997 	EXP 	blackWaitInterTrial_2: autoDraw = False
65.5997 	EXP 	whiteWaitInterTrial_2: autoDraw = False
65.5997 	EXP 	green_fb_1: autoDraw = False
65.5997 	EXP 	red_fb_1: autoDraw = False
65.5997 	EXP 	TrialPicture: size = array([0.75, 1.  ])
65.5997 	EXP 	TrialPicture: image = './stimuli/images/186.bmp'
65.5997 	EXP 	blackTrial: autoDraw = True
65.5997 	EXP 	whiteTrial: autoDraw = True
65.5997 	EXP 	TrialPicture: autoDraw = True
65.5997 	EXP 	green_1: autoDraw = True
65.5997 	EXP 	red_1: autoDraw = True
66.6006 	EXP 	blackTrial: autoDraw = False
66.6006 	EXP 	whiteTrial: autoDraw = False
66.6006 	EXP 	TrialPicture: autoDraw = False
66.6006 	EXP 	green_1: autoDraw = False
66.6006 	EXP 	red_1: autoDraw = False
66.6006 	EXP 	blackTrial: autoDraw = False
66.6006 	EXP 	whiteTrial: autoDraw = False
66.6006 	EXP 	TrialPicture: autoDraw = False
66.6006 	EXP 	green_1: autoDraw = False
66.6006 	EXP 	red_1: autoDraw = False
66.6006 	EXP 	whiteWaitInterTrial_2: size = array([0.75, 1.  ])
66.6006 	EXP 	blackWaitInterTrial_2: autoDraw = True
66.6006 	EXP 	whiteWaitInterTrial_2: autoDraw = True
66.6006 	EXP 	green_fb_1: autoDraw = True
66.6006 	EXP 	red_fb_1: autoDraw = True
68.3020 	EXP 	blackWaitInterTrial_2: autoDraw = False
68.3020 	EXP 	whiteWaitInterTrial_2: autoDraw = False
68.3020 	EXP 	green_fb_1: autoDraw = False
68.3020 	EXP 	red_fb_1: autoDraw = False
68.3020 	EXP 	blackWaitInterTrial_2: autoDraw = False
68.3020 	EXP 	whiteWaitInterTrial_2: autoDraw = False
68.3020 	EXP 	green_fb_1: autoDraw = False
68.3020 	EXP 	red_fb_1: autoDraw = False
68.3020 	EXP 	fixationImage: size = array([0.75, 1.  ])
68.3020 	EXP 	fixation: autoDraw = True
68.3020 	EXP 	fixationImage: autoDraw = True
70.3038 	EXP 	fixation: autoDraw = False
70.3038 	EXP 	fixationImage: autoDraw = False
70.3038 	EXP 	fixation: autoDraw = False
70.3038 	EXP 	fixationImage: autoDraw = False
70.3038 	EXP 	polygon_end: autoDraw = True
70.3038 	EXP 	end_text: autoDraw = True
70.8240 	DATA 	Keypress: space
72.3099 	WARNING 	Hamming was requested using the 'pygame' sound library but hamming is not supported there.
72.3101 	EXP 	Set sound_1 sound=./lib/sound/bird.wav
72.3101 	WARNING 	Hamming was requested using the 'pygame' sound library but hamming is not supported there.
72.3103 	EXP 	Set sound_2 sound=./lib/sound/bang.wav
72.3390 	EXP 	polygon_end: autoDraw = False
72.3390 	EXP 	end_text: autoDraw = False
72.3390 	EXP 	polygon_15: autoDraw = True
72.3390 	EXP 	descriptionText_15: autoDraw = True
72.7135 	DATA 	Keypress: space
72.7226 	EXP 	polygon_15: autoDraw = False
72.7226 	EXP 	descriptionText_15: autoDraw = False
72.7226 	EXP 	fixationImage10: size = array([0.75, 1.  ])
72.7226 	EXP 	fixation10: autoDraw = True
72.7226 	EXP 	fixationImage10: autoDraw = True
72.7226 	EXP 	text: autoDraw = True
73.7068 	EXP 	text_2: autoDraw = True
73.7235 	EXP 	text: autoDraw = False
74.7077 	EXP 	text_2: autoDraw = False
74.7077 	EXP 	text_3: autoDraw = True
75.7086 	EXP 	text_3: autoDraw = False
75.7114 	EXP 	Created sequence: sequential, trialTypes=1, nReps=1, seed=None
75.7118 	EXP 	New trial (rep=0, index=0): None
75.7419 	EXP 	fixation10: autoDraw = False
75.7419 	EXP 	fixationImage10: autoDraw = False
75.7419 	EXP 	fixation10: autoDraw = False
75.7419 	EXP 	fixationImage10: autoDraw = False
75.7419 	EXP 	text: autoDraw = False
75.7419 	EXP 	text_2: autoDraw = False
75.7419 	EXP 	text_3: autoDraw = False
75.7419 	EXP 	greenProc_2: size = array([1.6, 1.2])
75.7419 	EXP 	ProcTarget_2: size = array([0.75, 1.  ])
75.7419 	EXP 	ProcTarget_2: image = './stimuli/images/061.bmp'
75.7419 	EXP 	ProcPicture_2: size = array([0.75, 1.  ])
75.7419 	EXP 	ProcPicture_2: image = './stimuli/images/008.bmp'
75.7419 	EXP 	blackProc_2: autoDraw = True
75.7419 	EXP 	greenProc_2: autoDraw = True
75.7419 	EXP 	ProcTarget_2: autoDraw = True
75.7419 	EXP 	ProcPicture_2: autoDraw = True
79.2450 	EXP 	blackProc_2: autoDraw = False
79.2450 	EXP 	greenProc_2: autoDraw = False
79.2450 	EXP 	ProcTarget_2: autoDraw = False
79.2450 	EXP 	ProcPicture_2: autoDraw = False
79.2450 	EXP 	blackProc_2: autoDraw = False
79.2450 	EXP 	greenProc_2: autoDraw = False
79.2450 	EXP 	ProcTarget_2: autoDraw = False
79.2450 	EXP 	ProcPicture_2: autoDraw = False
79.2450 	EXP 	whiteWaitInterTrial_3: size = array([0.75, 1.  ])
79.2450 	EXP 	blackWaitInterTrial_3: autoDraw = True
79.2450 	EXP 	whiteWaitInterTrial_3: autoDraw = True
80.7324 	EXP 	Created sequence: sequential, trialTypes=1, nReps=20, seed=None
80.7326 	EXP 	New trial (rep=0, index=0): None
80.7630 	EXP 	blackWaitInterTrial_3: autoDraw = False
80.7630 	EXP 	whiteWaitInterTrial_3: autoDraw = False
80.7630 	EXP 	blackWaitInterTrial_3: autoDraw = False
80.7630 	EXP 	whiteWaitInterTrial_3: autoDraw = False
80.7630 	EXP 	TrialPicture_2: size = array([0.75, 1.  ])
80.7630 	EXP 	TrialPicture_2: image = './stimuli/images/152.bmp'
80.7630 	EXP 	blackTrial_2: autoDraw = True
80.7630 	EXP 	whiteTrial_2: autoDraw = True
80.7630 	EXP 	TrialPicture_2: autoDraw = True
80.7630 	EXP 	green_2: autoDraw = True
80.7630 	EXP 	red_2: autoDraw = True
81.7639 	EXP 	blackTrial_2: autoDraw = False
81.7639 	EXP 	whiteTrial_2: autoDraw = False
81.7639 	EXP 	TrialPicture_2: autoDraw = False
81.7639 	EXP 	green_2: autoDraw = False
81.7639 	EXP 	red_2: autoDraw = False
81.7639 	EXP 	blackTrial_2: autoDraw = False
81.7639 	EXP 	whiteTrial_2: autoDraw = False
81.7639 	EXP 	TrialPicture_2: autoDraw = False
81.7639 	EXP 	green_2: autoDraw = False
81.7639 	EXP 	red_2: autoDraw = False
81.7639 	EXP 	whiteWaitInterTrial_4: size = array([0.75, 1.  ])
81.7639 	EXP 	blackWaitInterTrial_4: autoDraw = True
81.7639 	EXP 	whiteWaitInterTrial_4: autoDraw = True
81.7639 	EXP 	green_fb_2: autoDraw = True
81.7639 	EXP 	red_fb_2: autoDraw = True
83.5516 	EXP 	New trial (rep=1, index=0): None
83.5654 	EXP 	blackWaitInterTrial_4: autoDraw = False
83.5654 	EXP 	whiteWaitInterTrial_4: autoDraw = False
83.5654 	EXP 	green_fb_2: autoDraw = False
83.5654 	EXP 	red_fb_2: autoDraw = False
83.5654 	EXP 	blackWaitInterTrial_4: autoDraw = False
83.5654 	EXP 	whiteWaitInterTrial_4: autoDraw = False
83.5654 	EXP 	green_fb_2: autoDraw = False
83.5654 	EXP 	red_fb_2: autoDraw = False
83.5654 	EXP 	TrialPicture_2: size = array([0.75, 1.  ])
83.5654 	EXP 	TrialPicture_2: image = './stimuli/images/061.bmp'
83.5654 	EXP 	blackTrial_2: autoDraw = True
83.5654 	EXP 	whiteTrial_2: autoDraw = True
83.5654 	EXP 	TrialPicture_2: autoDraw = True
83.5654 	EXP 	green_2: autoDraw = True
83.5654 	EXP 	red_2: autoDraw = True
84.5663 	EXP 	blackTrial_2: autoDraw = False
84.5663 	EXP 	whiteTrial_2: autoDraw = False
84.5663 	EXP 	TrialPicture_2: autoDraw = False
84.5663 	EXP 	green_2: autoDraw = False
84.5663 	EXP 	red_2: autoDraw = False
84.5663 	EXP 	blackTrial_2: autoDraw = False
84.5663 	EXP 	whiteTrial_2: autoDraw = False
84.5663 	EXP 	TrialPicture_2: autoDraw = False
84.5663 	EXP 	green_2: autoDraw = False
84.5663 	EXP 	red_2: autoDraw = False
84.5663 	EXP 	whiteWaitInterTrial_4: size = array([0.75, 1.  ])
84.5663 	EXP 	blackWaitInterTrial_4: autoDraw = True
84.5663 	EXP 	whiteWaitInterTrial_4: autoDraw = True
84.5663 	EXP 	green_fb_2: autoDraw = True
84.5663 	EXP 	red_fb_2: autoDraw = True
86.3536 	EXP 	New trial (rep=2, index=0): None
86.3678 	EXP 	blackWaitInterTrial_4: autoDraw = False
86.3678 	EXP 	whiteWaitInterTrial_4: autoDraw = False
86.3678 	EXP 	green_fb_2: autoDraw = False
86.3678 	EXP 	red_fb_2: autoDraw = False
86.3678 	EXP 	blackWaitInterTrial_4: autoDraw = False
86.3678 	EXP 	whiteWaitInterTrial_4: autoDraw = False
86.3678 	EXP 	green_fb_2: autoDraw = False
86.3678 	EXP 	red_fb_2: autoDraw = False
86.3678 	EXP 	TrialPicture_2: size = array([0.75, 1.  ])
86.3678 	EXP 	TrialPicture_2: image = './stimuli/images/008.bmp'
86.3678 	EXP 	blackTrial_2: autoDraw = True
86.3678 	EXP 	whiteTrial_2: autoDraw = True
86.3678 	EXP 	TrialPicture_2: autoDraw = True
86.3678 	EXP 	green_2: autoDraw = True
86.3678 	EXP 	red_2: autoDraw = True
87.3688 	EXP 	blackTrial_2: autoDraw = False
87.3688 	EXP 	whiteTrial_2: autoDraw = False
87.3688 	EXP 	TrialPicture_2: autoDraw = False
87.3688 	EXP 	green_2: autoDraw = False
87.3688 	EXP 	red_2: autoDraw = False
87.3688 	EXP 	blackTrial_2: autoDraw = False
87.3688 	EXP 	whiteTrial_2: autoDraw = False
87.3688 	EXP 	TrialPicture_2: autoDraw = False
87.3688 	EXP 	green_2: autoDraw = False
87.3688 	EXP 	red_2: autoDraw = False
87.3688 	EXP 	whiteWaitInterTrial_4: size = array([0.75, 1.  ])
87.3688 	EXP 	blackWaitInterTrial_4: autoDraw = True
87.3688 	EXP 	whiteWaitInterTrial_4: autoDraw = True
87.3688 	EXP 	green_fb_2: autoDraw = True
87.3688 	EXP 	red_fb_2: autoDraw = True
89.0572 	EXP 	New trial (rep=3, index=0): None
89.0869 	EXP 	blackWaitInterTrial_4: autoDraw = False
89.0869 	EXP 	whiteWaitInterTrial_4: autoDraw = False
89.0869 	EXP 	green_fb_2: autoDraw = False
89.0869 	EXP 	red_fb_2: autoDraw = False
89.0869 	EXP 	blackWaitInterTrial_4: autoDraw = False
89.0869 	EXP 	whiteWaitInterTrial_4: autoDraw = False
89.0869 	EXP 	green_fb_2: autoDraw = False
89.0869 	EXP 	red_fb_2: autoDraw = False
89.0869 	EXP 	TrialPicture_2: size = array([0.75, 1.  ])
89.0869 	EXP 	TrialPicture_2: image = './stimuli/images/086.bmp'
89.0869 	EXP 	blackTrial_2: autoDraw = True
89.0869 	EXP 	whiteTrial_2: autoDraw = True
89.0869 	EXP 	TrialPicture_2: autoDraw = True
89.0869 	EXP 	green_2: autoDraw = True
89.0869 	EXP 	red_2: autoDraw = True
90.0878 	EXP 	blackTrial_2: autoDraw = False
90.0878 	EXP 	whiteTrial_2: autoDraw = False
90.0878 	EXP 	TrialPicture_2: autoDraw = False
90.0878 	EXP 	green_2: autoDraw = False
90.0878 	EXP 	red_2: autoDraw = False
90.0878 	EXP 	blackTrial_2: autoDraw = False
90.0878 	EXP 	whiteTrial_2: autoDraw = False
90.0878 	EXP 	TrialPicture_2: autoDraw = False
90.0878 	EXP 	green_2: autoDraw = False
90.0878 	EXP 	red_2: autoDraw = False
90.0878 	EXP 	whiteWaitInterTrial_4: size = array([0.75, 1.  ])
90.0878 	EXP 	blackWaitInterTrial_4: autoDraw = True
90.0878 	EXP 	whiteWaitInterTrial_4: autoDraw = True
90.0878 	EXP 	green_fb_2: autoDraw = True
90.0878 	EXP 	red_fb_2: autoDraw = True
91.7751 	EXP 	New trial (rep=4, index=0): None
91.7892 	EXP 	blackWaitInterTrial_4: autoDraw = False
91.7892 	EXP 	whiteWaitInterTrial_4: autoDraw = False
91.7892 	EXP 	green_fb_2: autoDraw = False
91.7892 	EXP 	red_fb_2: autoDraw = False
91.7892 	EXP 	blackWaitInterTrial_4: autoDraw = False
91.7892 	EXP 	whiteWaitInterTrial_4: autoDraw = False
91.7892 	EXP 	green_fb_2: autoDraw = False
91.7892 	EXP 	red_fb_2: autoDraw = False
91.7892 	EXP 	TrialPicture_2: size = array([0.75, 1.  ])
91.7892 	EXP 	TrialPicture_2: image = './stimuli/images/152.bmp'
91.7892 	EXP 	blackTrial_2: autoDraw = True
91.7892 	EXP 	whiteTrial_2: autoDraw = True
91.7892 	EXP 	TrialPicture_2: autoDraw = True
91.7892 	EXP 	green_2: autoDraw = True
91.7892 	EXP 	red_2: autoDraw = True
92.7901 	EXP 	blackTrial_2: autoDraw = False
92.7901 	EXP 	whiteTrial_2: autoDraw = False
92.7901 	EXP 	TrialPicture_2: autoDraw = False
92.7901 	EXP 	green_2: autoDraw = False
92.7901 	EXP 	red_2: autoDraw = False
92.7901 	EXP 	blackTrial_2: autoDraw = False
92.7901 	EXP 	whiteTrial_2: autoDraw = False
92.7901 	EXP 	TrialPicture_2: autoDraw = False
92.7901 	EXP 	green_2: autoDraw = False
92.7901 	EXP 	red_2: autoDraw = False
92.7901 	EXP 	whiteWaitInterTrial_4: size = array([0.75, 1.  ])
92.7901 	EXP 	blackWaitInterTrial_4: autoDraw = True
92.7901 	EXP 	whiteWaitInterTrial_4: autoDraw = True
92.7901 	EXP 	green_fb_2: autoDraw = True
92.7901 	EXP 	red_fb_2: autoDraw = True
94.3784 	EXP 	New trial (rep=5, index=0): None
94.3915 	EXP 	blackWaitInterTrial_4: autoDraw = False
94.3915 	EXP 	whiteWaitInterTrial_4: autoDraw = False
94.3915 	EXP 	green_fb_2: autoDraw = False
94.3915 	EXP 	red_fb_2: autoDraw = False
94.3915 	EXP 	blackWaitInterTrial_4: autoDraw = False
94.3915 	EXP 	whiteWaitInterTrial_4: autoDraw = False
94.3915 	EXP 	green_fb_2: autoDraw = False
94.3915 	EXP 	red_fb_2: autoDraw = False
94.3915 	EXP 	TrialPicture_2: size = array([0.75, 1.  ])
94.3915 	EXP 	TrialPicture_2: image = './stimuli/images/061.bmp'
94.3915 	EXP 	blackTrial_2: autoDraw = True
94.3915 	EXP 	whiteTrial_2: autoDraw = True
94.3915 	EXP 	TrialPicture_2: autoDraw = True
94.3915 	EXP 	green_2: autoDraw = True
94.3915 	EXP 	red_2: autoDraw = True
95.3924 	EXP 	blackTrial_2: autoDraw = False
95.3924 	EXP 	whiteTrial_2: autoDraw = False
95.3924 	EXP 	TrialPicture_2: autoDraw = False
95.3924 	EXP 	green_2: autoDraw = False
95.3924 	EXP 	red_2: autoDraw = False
95.3924 	EXP 	blackTrial_2: autoDraw = False
95.3924 	EXP 	whiteTrial_2: autoDraw = False
95.3924 	EXP 	TrialPicture_2: autoDraw = False
95.3924 	EXP 	green_2: autoDraw = False
95.3924 	EXP 	red_2: autoDraw = False
95.3924 	EXP 	whiteWaitInterTrial_4: size = array([0.75, 1.  ])
95.3924 	EXP 	blackWaitInterTrial_4: autoDraw = True
95.3924 	EXP 	whiteWaitInterTrial_4: autoDraw = True
95.3924 	EXP 	green_fb_2: autoDraw = True
95.3924 	EXP 	red_fb_2: autoDraw = True
97.0803 	EXP 	New trial (rep=6, index=0): None
97.0939 	EXP 	blackWaitInterTrial_4: autoDraw = False
97.0939 	EXP 	whiteWaitInterTrial_4: autoDraw = False
97.0939 	EXP 	green_fb_2: autoDraw = False
97.0939 	EXP 	red_fb_2: autoDraw = False
97.0939 	EXP 	blackWaitInterTrial_4: autoDraw = False
97.0939 	EXP 	whiteWaitInterTrial_4: autoDraw = False
97.0939 	EXP 	green_fb_2: autoDraw = False
97.0939 	EXP 	red_fb_2: autoDraw = False
97.0939 	EXP 	TrialPicture_2: size = array([0.75, 1.  ])
97.0939 	EXP 	TrialPicture_2: image = './stimuli/images/008.bmp'
97.0939 	EXP 	blackTrial_2: autoDraw = True
97.0939 	EXP 	whiteTrial_2: autoDraw = True
97.0939 	EXP 	TrialPicture_2: autoDraw = True
97.0939 	EXP 	green_2: autoDraw = True
97.0939 	EXP 	red_2: autoDraw = True
98.0948 	EXP 	blackTrial_2: autoDraw = False
98.0948 	EXP 	whiteTrial_2: autoDraw = False
98.0948 	EXP 	TrialPicture_2: autoDraw = False
98.0948 	EXP 	green_2: autoDraw = False
98.0948 	EXP 	red_2: autoDraw = False
98.0948 	EXP 	blackTrial_2: autoDraw = False
98.0948 	EXP 	whiteTrial_2: autoDraw = False
98.0948 	EXP 	TrialPicture_2: autoDraw = False
98.0948 	EXP 	green_2: autoDraw = False
98.0948 	EXP 	red_2: autoDraw = False
98.0948 	EXP 	whiteWaitInterTrial_4: size = array([0.75, 1.  ])
98.0948 	EXP 	blackWaitInterTrial_4: autoDraw = True
98.0948 	EXP 	whiteWaitInterTrial_4: autoDraw = True
98.0948 	EXP 	green_fb_2: autoDraw = True
98.0948 	EXP 	red_fb_2: autoDraw = True
99.7828 	EXP 	New trial (rep=7, index=0): None
99.7962 	EXP 	blackWaitInterTrial_4: autoDraw = False
99.7962 	EXP 	whiteWaitInterTrial_4: autoDraw = False
99.7962 	EXP 	green_fb_2: autoDraw = False
99.7962 	EXP 	red_fb_2: autoDraw = False
99.7962 	EXP 	blackWaitInterTrial_4: autoDraw = False
99.7962 	EXP 	whiteWaitInterTrial_4: autoDraw = False
99.7962 	EXP 	green_fb_2: autoDraw = False
99.7962 	EXP 	red_fb_2: autoDraw = False
99.7962 	EXP 	TrialPicture_2: size = array([0.75, 1.  ])
99.7962 	EXP 	TrialPicture_2: image = './stimuli/images/086.bmp'
99.7962 	EXP 	blackTrial_2: autoDraw = True
99.7962 	EXP 	whiteTrial_2: autoDraw = True
99.7962 	EXP 	TrialPicture_2: autoDraw = True
99.7962 	EXP 	green_2: autoDraw = True
99.7962 	EXP 	red_2: autoDraw = True
100.7972 	EXP 	blackTrial_2: autoDraw = False
100.7972 	EXP 	whiteTrial_2: autoDraw = False
100.7972 	EXP 	TrialPicture_2: autoDraw = False
100.7972 	EXP 	green_2: autoDraw = False
100.7972 	EXP 	red_2: autoDraw = False
100.7972 	EXP 	blackTrial_2: autoDraw = False
100.7972 	EXP 	whiteTrial_2: autoDraw = False
100.7972 	EXP 	TrialPicture_2: autoDraw = False
100.7972 	EXP 	green_2: autoDraw = False
100.7972 	EXP 	red_2: autoDraw = False
100.7972 	EXP 	whiteWaitInterTrial_4: size = array([0.75, 1.  ])
100.7972 	EXP 	blackWaitInterTrial_4: autoDraw = True
100.7972 	EXP 	whiteWaitInterTrial_4: autoDraw = True
100.7972 	EXP 	green_fb_2: autoDraw = True
100.7972 	EXP 	red_fb_2: autoDraw = True
102.5851 	EXP 	New trial (rep=8, index=0): None
102.5987 	EXP 	blackWaitInterTrial_4: autoDraw = False
102.5987 	EXP 	whiteWaitInterTrial_4: autoDraw = False
102.5987 	EXP 	green_fb_2: autoDraw = False
102.5987 	EXP 	red_fb_2: autoDraw = False
102.5987 	EXP 	blackWaitInterTrial_4: autoDraw = False
102.5987 	EXP 	whiteWaitInterTrial_4: autoDraw = False
102.5987 	EXP 	green_fb_2: autoDraw = False
102.5987 	EXP 	red_fb_2: autoDraw = False
102.5987 	EXP 	TrialPicture_2: size = array([0.75, 1.  ])
102.5987 	EXP 	TrialPicture_2: image = './stimuli/images/061.bmp'
102.5987 	EXP 	blackTrial_2: autoDraw = True
102.5987 	EXP 	whiteTrial_2: autoDraw = True
102.5987 	EXP 	TrialPicture_2: autoDraw = True
102.5987 	EXP 	green_2: autoDraw = True
102.5987 	EXP 	red_2: autoDraw = True
103.5996 	EXP 	blackTrial_2: autoDraw = False
103.5996 	EXP 	whiteTrial_2: autoDraw = False
103.5996 	EXP 	TrialPicture_2: autoDraw = False
103.5996 	EXP 	green_2: autoDraw = False
103.5996 	EXP 	red_2: autoDraw = False
103.5996 	EXP 	blackTrial_2: autoDraw = False
103.5996 	EXP 	whiteTrial_2: autoDraw = False
103.5996 	EXP 	TrialPicture_2: autoDraw = False
103.5996 	EXP 	green_2: autoDraw = False
103.5996 	EXP 	red_2: autoDraw = False
103.5996 	EXP 	whiteWaitInterTrial_4: size = array([0.75, 1.  ])
103.5996 	EXP 	blackWaitInterTrial_4: autoDraw = True
103.5996 	EXP 	whiteWaitInterTrial_4: autoDraw = True
103.5996 	EXP 	green_fb_2: autoDraw = True
103.5996 	EXP 	red_fb_2: autoDraw = True
105.2867 	EXP 	New trial (rep=9, index=0): None
105.3011 	EXP 	blackWaitInterTrial_4: autoDraw = False
105.3011 	EXP 	whiteWaitInterTrial_4: autoDraw = False
105.3011 	EXP 	green_fb_2: autoDraw = False
105.3011 	EXP 	red_fb_2: autoDraw = False
105.3011 	EXP 	blackWaitInterTrial_4: autoDraw = False
105.3011 	EXP 	whiteWaitInterTrial_4: autoDraw = False
105.3011 	EXP 	green_fb_2: autoDraw = False
105.3011 	EXP 	red_fb_2: autoDraw = False
105.3011 	EXP 	TrialPicture_2: size = array([0.75, 1.  ])
105.3011 	EXP 	TrialPicture_2: image = './stimuli/images/152.bmp'
105.3011 	EXP 	blackTrial_2: autoDraw = True
105.3011 	EXP 	whiteTrial_2: autoDraw = True
105.3011 	EXP 	TrialPicture_2: autoDraw = True
105.3011 	EXP 	green_2: autoDraw = True
105.3011 	EXP 	red_2: autoDraw = True
106.3020 	EXP 	blackTrial_2: autoDraw = False
106.3020 	EXP 	whiteTrial_2: autoDraw = False
106.3020 	EXP 	TrialPicture_2: autoDraw = False
106.3020 	EXP 	green_2: autoDraw = False
106.3020 	EXP 	red_2: autoDraw = False
106.3020 	EXP 	blackTrial_2: autoDraw = False
106.3020 	EXP 	whiteTrial_2: autoDraw = False
106.3020 	EXP 	TrialPicture_2: autoDraw = False
106.3020 	EXP 	green_2: autoDraw = False
106.3020 	EXP 	red_2: autoDraw = False
106.3020 	EXP 	whiteWaitInterTrial_4: size = array([0.75, 1.  ])
106.3020 	EXP 	blackWaitInterTrial_4: autoDraw = True
106.3020 	EXP 	whiteWaitInterTrial_4: autoDraw = True
106.3020 	EXP 	green_fb_2: autoDraw = True
106.3020 	EXP 	red_fb_2: autoDraw = True
107.8897 	EXP 	New trial (rep=10, index=0): None
107.9034 	EXP 	blackWaitInterTrial_4: autoDraw = False
107.9034 	EXP 	whiteWaitInterTrial_4: autoDraw = False
107.9034 	EXP 	green_fb_2: autoDraw = False
107.9034 	EXP 	red_fb_2: autoDraw = False
107.9034 	EXP 	blackWaitInterTrial_4: autoDraw = False
107.9034 	EXP 	whiteWaitInterTrial_4: autoDraw = False
107.9034 	EXP 	green_fb_2: autoDraw = False
107.9034 	EXP 	red_fb_2: autoDraw = False
107.9034 	EXP 	TrialPicture_2: size = array([0.75, 1.  ])
107.9034 	EXP 	TrialPicture_2: image = './stimuli/images/152.bmp'
107.9034 	EXP 	blackTrial_2: autoDraw = True
107.9034 	EXP 	whiteTrial_2: autoDraw = True
107.9034 	EXP 	TrialPicture_2: autoDraw = True
107.9034 	EXP 	green_2: autoDraw = True
107.9034 	EXP 	red_2: autoDraw = True
108.9042 	EXP 	blackTrial_2: autoDraw = False
108.9042 	EXP 	whiteTrial_2: autoDraw = False
108.9042 	EXP 	TrialPicture_2: autoDraw = False
108.9042 	EXP 	green_2: autoDraw = False
108.9042 	EXP 	red_2: autoDraw = False
108.9042 	EXP 	blackTrial_2: autoDraw = False
108.9042 	EXP 	whiteTrial_2: autoDraw = False
108.9042 	EXP 	TrialPicture_2: autoDraw = False
108.9042 	EXP 	green_2: autoDraw = False
108.9042 	EXP 	red_2: autoDraw = False
108.9042 	EXP 	whiteWaitInterTrial_4: size = array([0.75, 1.  ])
108.9042 	EXP 	blackWaitInterTrial_4: autoDraw = True
108.9042 	EXP 	whiteWaitInterTrial_4: autoDraw = True
108.9042 	EXP 	green_fb_2: autoDraw = True
108.9042 	EXP 	red_fb_2: autoDraw = True
110.5921 	EXP 	New trial (rep=11, index=0): None
110.6057 	EXP 	blackWaitInterTrial_4: autoDraw = False
110.6057 	EXP 	whiteWaitInterTrial_4: autoDraw = False
110.6057 	EXP 	green_fb_2: autoDraw = False
110.6057 	EXP 	red_fb_2: autoDraw = False
110.6057 	EXP 	blackWaitInterTrial_4: autoDraw = False
110.6057 	EXP 	whiteWaitInterTrial_4: autoDraw = False
110.6057 	EXP 	green_fb_2: autoDraw = False
110.6057 	EXP 	red_fb_2: autoDraw = False
110.6057 	EXP 	TrialPicture_2: size = array([0.75, 1.  ])
110.6057 	EXP 	TrialPicture_2: image = './stimuli/images/086.bmp'
110.6057 	EXP 	blackTrial_2: autoDraw = True
110.6057 	EXP 	whiteTrial_2: autoDraw = True
110.6057 	EXP 	TrialPicture_2: autoDraw = True
110.6057 	EXP 	green_2: autoDraw = True
110.6057 	EXP 	red_2: autoDraw = True
111.6066 	EXP 	blackTrial_2: autoDraw = False
111.6066 	EXP 	whiteTrial_2: autoDraw = False
111.6066 	EXP 	TrialPicture_2: autoDraw = False
111.6066 	EXP 	green_2: autoDraw = False
111.6066 	EXP 	red_2: autoDraw = False
111.6066 	EXP 	blackTrial_2: autoDraw = False
111.6066 	EXP 	whiteTrial_2: autoDraw = False
111.6066 	EXP 	TrialPicture_2: autoDraw = False
111.6066 	EXP 	green_2: autoDraw = False
111.6066 	EXP 	red_2: autoDraw = False
111.6066 	EXP 	whiteWaitInterTrial_4: size = array([0.75, 1.  ])
111.6066 	EXP 	blackWaitInterTrial_4: autoDraw = True
111.6066 	EXP 	whiteWaitInterTrial_4: autoDraw = True
111.6066 	EXP 	green_fb_2: autoDraw = True
111.6066 	EXP 	red_fb_2: autoDraw = True
113.1937 	EXP 	New trial (rep=12, index=0): None
113.2080 	EXP 	blackWaitInterTrial_4: autoDraw = False
113.2080 	EXP 	whiteWaitInterTrial_4: autoDraw = False
113.2080 	EXP 	green_fb_2: autoDraw = False
113.2080 	EXP 	red_fb_2: autoDraw = False
113.2080 	EXP 	blackWaitInterTrial_4: autoDraw = False
113.2080 	EXP 	whiteWaitInterTrial_4: autoDraw = False
113.2080 	EXP 	green_fb_2: autoDraw = False
113.2080 	EXP 	red_fb_2: autoDraw = False
113.2080 	EXP 	TrialPicture_2: size = array([0.75, 1.  ])
113.2080 	EXP 	TrialPicture_2: image = './stimuli/images/152.bmp'
113.2080 	EXP 	blackTrial_2: autoDraw = True
113.2080 	EXP 	whiteTrial_2: autoDraw = True
113.2080 	EXP 	TrialPicture_2: autoDraw = True
113.2080 	EXP 	green_2: autoDraw = True
113.2080 	EXP 	red_2: autoDraw = True
114.2089 	EXP 	blackTrial_2: autoDraw = False
114.2089 	EXP 	whiteTrial_2: autoDraw = False
114.2089 	EXP 	TrialPicture_2: autoDraw = False
114.2089 	EXP 	green_2: autoDraw = False
114.2089 	EXP 	red_2: autoDraw = False
114.2089 	EXP 	blackTrial_2: autoDraw = False
114.2089 	EXP 	whiteTrial_2: autoDraw = False
114.2089 	EXP 	TrialPicture_2: autoDraw = False
114.2089 	EXP 	green_2: autoDraw = False
114.2089 	EXP 	red_2: autoDraw = False
114.2089 	EXP 	whiteWaitInterTrial_4: size = array([0.75, 1.  ])
114.2089 	EXP 	blackWaitInterTrial_4: autoDraw = True
114.2089 	EXP 	whiteWaitInterTrial_4: autoDraw = True
114.2089 	EXP 	green_fb_2: autoDraw = True
114.2089 	EXP 	red_fb_2: autoDraw = True
115.7971 	EXP 	New trial (rep=13, index=0): None
115.8275 	EXP 	blackWaitInterTrial_4: autoDraw = False
115.8275 	EXP 	whiteWaitInterTrial_4: autoDraw = False
115.8275 	EXP 	green_fb_2: autoDraw = False
115.8275 	EXP 	red_fb_2: autoDraw = False
115.8275 	EXP 	blackWaitInterTrial_4: autoDraw = False
115.8275 	EXP 	whiteWaitInterTrial_4: autoDraw = False
115.8275 	EXP 	green_fb_2: autoDraw = False
115.8275 	EXP 	red_fb_2: autoDraw = False
115.8275 	EXP 	TrialPicture_2: size = array([0.75, 1.  ])
115.8275 	EXP 	TrialPicture_2: image = './stimuli/images/061.bmp'
115.8275 	EXP 	blackTrial_2: autoDraw = True
115.8275 	EXP 	whiteTrial_2: autoDraw = True
115.8275 	EXP 	TrialPicture_2: autoDraw = True
115.8275 	EXP 	green_2: autoDraw = True
115.8275 	EXP 	red_2: autoDraw = True
116.8278 	EXP 	blackTrial_2: autoDraw = False
116.8278 	EXP 	whiteTrial_2: autoDraw = False
116.8278 	EXP 	TrialPicture_2: autoDraw = False
116.8278 	EXP 	green_2: autoDraw = False
116.8278 	EXP 	red_2: autoDraw = False
116.8278 	EXP 	blackTrial_2: autoDraw = False
116.8278 	EXP 	whiteTrial_2: autoDraw = False
116.8278 	EXP 	TrialPicture_2: autoDraw = False
116.8278 	EXP 	green_2: autoDraw = False
116.8278 	EXP 	red_2: autoDraw = False
116.8278 	EXP 	whiteWaitInterTrial_4: size = array([0.75, 1.  ])
116.8278 	EXP 	blackWaitInterTrial_4: autoDraw = True
116.8278 	EXP 	whiteWaitInterTrial_4: autoDraw = True
116.8278 	EXP 	green_fb_2: autoDraw = True
116.8278 	EXP 	red_fb_2: autoDraw = True
118.5159 	EXP 	New trial (rep=14, index=0): None
118.5294 	EXP 	blackWaitInterTrial_4: autoDraw = False
118.5294 	EXP 	whiteWaitInterTrial_4: autoDraw = False
118.5294 	EXP 	green_fb_2: autoDraw = False
118.5294 	EXP 	red_fb_2: autoDraw = False
118.5294 	EXP 	blackWaitInterTrial_4: autoDraw = False
118.5294 	EXP 	whiteWaitInterTrial_4: autoDraw = False
118.5294 	EXP 	green_fb_2: autoDraw = False
118.5294 	EXP 	red_fb_2: autoDraw = False
118.5294 	EXP 	TrialPicture_2: size = array([0.75, 1.  ])
118.5294 	EXP 	TrialPicture_2: image = './stimuli/images/008.bmp'
118.5294 	EXP 	blackTrial_2: autoDraw = True
118.5294 	EXP 	whiteTrial_2: autoDraw = True
118.5294 	EXP 	TrialPicture_2: autoDraw = True
118.5294 	EXP 	green_2: autoDraw = True
118.5294 	EXP 	red_2: autoDraw = True
119.5302 	EXP 	blackTrial_2: autoDraw = False
119.5302 	EXP 	whiteTrial_2: autoDraw = False
119.5302 	EXP 	TrialPicture_2: autoDraw = False
119.5302 	EXP 	green_2: autoDraw = False
119.5302 	EXP 	red_2: autoDraw = False
119.5302 	EXP 	blackTrial_2: autoDraw = False
119.5302 	EXP 	whiteTrial_2: autoDraw = False
119.5302 	EXP 	TrialPicture_2: autoDraw = False
119.5302 	EXP 	green_2: autoDraw = False
119.5302 	EXP 	red_2: autoDraw = False
119.5302 	EXP 	whiteWaitInterTrial_4: size = array([0.75, 1.  ])
119.5302 	EXP 	blackWaitInterTrial_4: autoDraw = True
119.5302 	EXP 	whiteWaitInterTrial_4: autoDraw = True
119.5302 	EXP 	green_fb_2: autoDraw = True
119.5302 	EXP 	red_fb_2: autoDraw = True
121.2176 	EXP 	New trial (rep=15, index=0): None
121.2317 	EXP 	blackWaitInterTrial_4: autoDraw = False
121.2317 	EXP 	whiteWaitInterTrial_4: autoDraw = False
121.2317 	EXP 	green_fb_2: autoDraw = False
121.2317 	EXP 	red_fb_2: autoDraw = False
121.2317 	EXP 	blackWaitInterTrial_4: autoDraw = False
121.2317 	EXP 	whiteWaitInterTrial_4: autoDraw = False
121.2317 	EXP 	green_fb_2: autoDraw = False
121.2317 	EXP 	red_fb_2: autoDraw = False
121.2317 	EXP 	TrialPicture_2: size = array([0.75, 1.  ])
121.2317 	EXP 	TrialPicture_2: image = './stimuli/images/086.bmp'
121.2317 	EXP 	blackTrial_2: autoDraw = True
121.2317 	EXP 	whiteTrial_2: autoDraw = True
121.2317 	EXP 	TrialPicture_2: autoDraw = True
121.2317 	EXP 	green_2: autoDraw = True
121.2317 	EXP 	red_2: autoDraw = True
122.2325 	EXP 	blackTrial_2: autoDraw = False
122.2325 	EXP 	whiteTrial_2: autoDraw = False
122.2325 	EXP 	TrialPicture_2: autoDraw = False
122.2325 	EXP 	green_2: autoDraw = False
122.2325 	EXP 	red_2: autoDraw = False
122.2325 	EXP 	blackTrial_2: autoDraw = False
122.2325 	EXP 	whiteTrial_2: autoDraw = False
122.2325 	EXP 	TrialPicture_2: autoDraw = False
122.2325 	EXP 	green_2: autoDraw = False
122.2325 	EXP 	red_2: autoDraw = False
122.2325 	EXP 	whiteWaitInterTrial_4: size = array([0.75, 1.  ])
122.2325 	EXP 	blackWaitInterTrial_4: autoDraw = True
122.2325 	EXP 	whiteWaitInterTrial_4: autoDraw = True
122.2325 	EXP 	green_fb_2: autoDraw = True
122.2325 	EXP 	red_fb_2: autoDraw = True
124.0205 	EXP 	New trial (rep=16, index=0): None
124.0341 	EXP 	blackWaitInterTrial_4: autoDraw = False
124.0341 	EXP 	whiteWaitInterTrial_4: autoDraw = False
124.0341 	EXP 	green_fb_2: autoDraw = False
124.0341 	EXP 	red_fb_2: autoDraw = False
124.0341 	EXP 	blackWaitInterTrial_4: autoDraw = False
124.0341 	EXP 	whiteWaitInterTrial_4: autoDraw = False
124.0341 	EXP 	green_fb_2: autoDraw = False
124.0341 	EXP 	red_fb_2: autoDraw = False
124.0341 	EXP 	TrialPicture_2: size = array([0.75, 1.  ])
124.0341 	EXP 	TrialPicture_2: image = './stimuli/images/152.bmp'
124.0341 	EXP 	blackTrial_2: autoDraw = True
124.0341 	EXP 	whiteTrial_2: autoDraw = True
124.0341 	EXP 	TrialPicture_2: autoDraw = True
124.0341 	EXP 	green_2: autoDraw = True
124.0341 	EXP 	red_2: autoDraw = True
125.0350 	EXP 	blackTrial_2: autoDraw = False
125.0350 	EXP 	whiteTrial_2: autoDraw = False
125.0350 	EXP 	TrialPicture_2: autoDraw = False
125.0350 	EXP 	green_2: autoDraw = False
125.0350 	EXP 	red_2: autoDraw = False
125.0350 	EXP 	blackTrial_2: autoDraw = False
125.0350 	EXP 	whiteTrial_2: autoDraw = False
125.0350 	EXP 	TrialPicture_2: autoDraw = False
125.0350 	EXP 	green_2: autoDraw = False
125.0350 	EXP 	red_2: autoDraw = False
125.0350 	EXP 	whiteWaitInterTrial_4: size = array([0.75, 1.  ])
125.0350 	EXP 	blackWaitInterTrial_4: autoDraw = True
125.0350 	EXP 	whiteWaitInterTrial_4: autoDraw = True
125.0350 	EXP 	green_fb_2: autoDraw = True
125.0350 	EXP 	red_fb_2: autoDraw = True
126.7230 	EXP 	New trial (rep=17, index=0): None
126.7365 	EXP 	blackWaitInterTrial_4: autoDraw = False
126.7365 	EXP 	whiteWaitInterTrial_4: autoDraw = False
126.7365 	EXP 	green_fb_2: autoDraw = False
126.7365 	EXP 	red_fb_2: autoDraw = False
126.7365 	EXP 	blackWaitInterTrial_4: autoDraw = False
126.7365 	EXP 	whiteWaitInterTrial_4: autoDraw = False
126.7365 	EXP 	green_fb_2: autoDraw = False
126.7365 	EXP 	red_fb_2: autoDraw = False
126.7365 	EXP 	TrialPicture_2: size = array([0.75, 1.  ])
126.7365 	EXP 	TrialPicture_2: image = './stimuli/images/061.bmp'
126.7365 	EXP 	blackTrial_2: autoDraw = True
126.7365 	EXP 	whiteTrial_2: autoDraw = True
126.7365 	EXP 	TrialPicture_2: autoDraw = True
126.7365 	EXP 	green_2: autoDraw = True
126.7365 	EXP 	red_2: autoDraw = True
127.7373 	EXP 	blackTrial_2: autoDraw = False
127.7373 	EXP 	whiteTrial_2: autoDraw = False
127.7373 	EXP 	TrialPicture_2: autoDraw = False
127.7373 	EXP 	green_2: autoDraw = False
127.7373 	EXP 	red_2: autoDraw = False
127.7373 	EXP 	blackTrial_2: autoDraw = False
127.7373 	EXP 	whiteTrial_2: autoDraw = False
127.7373 	EXP 	TrialPicture_2: autoDraw = False
127.7373 	EXP 	green_2: autoDraw = False
127.7373 	EXP 	red_2: autoDraw = False
127.7373 	EXP 	whiteWaitInterTrial_4: size = array([0.75, 1.  ])
127.7373 	EXP 	blackWaitInterTrial_4: autoDraw = True
127.7373 	EXP 	whiteWaitInterTrial_4: autoDraw = True
127.7373 	EXP 	green_fb_2: autoDraw = True
127.7373 	EXP 	red_fb_2: autoDraw = True
129.3251 	EXP 	New trial (rep=18, index=0): None
129.3389 	EXP 	blackWaitInterTrial_4: autoDraw = False
129.3389 	EXP 	whiteWaitInterTrial_4: autoDraw = False
129.3389 	EXP 	green_fb_2: autoDraw = False
129.3389 	EXP 	red_fb_2: autoDraw = False
129.3389 	EXP 	blackWaitInterTrial_4: autoDraw = False
129.3389 	EXP 	whiteWaitInterTrial_4: autoDraw = False
129.3389 	EXP 	green_fb_2: autoDraw = False
129.3389 	EXP 	red_fb_2: autoDraw = False
129.3389 	EXP 	TrialPicture_2: size = array([0.75, 1.  ])
129.3389 	EXP 	TrialPicture_2: image = './stimuli/images/008.bmp'
129.3389 	EXP 	blackTrial_2: autoDraw = True
129.3389 	EXP 	whiteTrial_2: autoDraw = True
129.3389 	EXP 	TrialPicture_2: autoDraw = True
129.3389 	EXP 	green_2: autoDraw = True
129.3389 	EXP 	red_2: autoDraw = True
130.3397 	EXP 	blackTrial_2: autoDraw = False
130.3397 	EXP 	whiteTrial_2: autoDraw = False
130.3397 	EXP 	TrialPicture_2: autoDraw = False
130.3397 	EXP 	green_2: autoDraw = False
130.3397 	EXP 	red_2: autoDraw = False
130.3397 	EXP 	blackTrial_2: autoDraw = False
130.3397 	EXP 	whiteTrial_2: autoDraw = False
130.3397 	EXP 	TrialPicture_2: autoDraw = False
130.3397 	EXP 	green_2: autoDraw = False
130.3397 	EXP 	red_2: autoDraw = False
130.3397 	EXP 	whiteWaitInterTrial_4: size = array([0.75, 1.  ])
130.3397 	EXP 	blackWaitInterTrial_4: autoDraw = True
130.3397 	EXP 	whiteWaitInterTrial_4: autoDraw = True
130.3397 	EXP 	green_fb_2: autoDraw = True
130.3397 	EXP 	red_fb_2: autoDraw = True
132.0280 	EXP 	New trial (rep=19, index=0): None
132.0578 	EXP 	blackWaitInterTrial_4: autoDraw = False
132.0578 	EXP 	whiteWaitInterTrial_4: autoDraw = False
132.0578 	EXP 	green_fb_2: autoDraw = False
132.0578 	EXP 	red_fb_2: autoDraw = False
132.0578 	EXP 	blackWaitInterTrial_4: autoDraw = False
132.0578 	EXP 	whiteWaitInterTrial_4: autoDraw = False
132.0578 	EXP 	green_fb_2: autoDraw = False
132.0578 	EXP 	red_fb_2: autoDraw = False
132.0578 	EXP 	TrialPicture_2: size = array([0.75, 1.  ])
132.0578 	EXP 	TrialPicture_2: image = './stimuli/images/086.bmp'
132.0578 	EXP 	blackTrial_2: autoDraw = True
132.0578 	EXP 	whiteTrial_2: autoDraw = True
132.0578 	EXP 	TrialPicture_2: autoDraw = True
132.0578 	EXP 	green_2: autoDraw = True
132.0578 	EXP 	red_2: autoDraw = True
133.0587 	EXP 	blackTrial_2: autoDraw = False
133.0587 	EXP 	whiteTrial_2: autoDraw = False
133.0587 	EXP 	TrialPicture_2: autoDraw = False
133.0587 	EXP 	green_2: autoDraw = False
133.0587 	EXP 	red_2: autoDraw = False
133.0587 	EXP 	blackTrial_2: autoDraw = False
133.0587 	EXP 	whiteTrial_2: autoDraw = False
133.0587 	EXP 	TrialPicture_2: autoDraw = False
133.0587 	EXP 	green_2: autoDraw = False
133.0587 	EXP 	red_2: autoDraw = False
133.0587 	EXP 	whiteWaitInterTrial_4: size = array([0.75, 1.  ])
133.0587 	EXP 	blackWaitInterTrial_4: autoDraw = True
133.0587 	EXP 	whiteWaitInterTrial_4: autoDraw = True
133.0587 	EXP 	green_fb_2: autoDraw = True
133.0587 	EXP 	red_fb_2: autoDraw = True
134.6601 	EXP 	blackWaitInterTrial_4: autoDraw = False
134.6601 	EXP 	whiteWaitInterTrial_4: autoDraw = False
134.6601 	EXP 	green_fb_2: autoDraw = False
134.6601 	EXP 	red_fb_2: autoDraw = False
134.6601 	EXP 	blackWaitInterTrial_4: autoDraw = False
134.6601 	EXP 	whiteWaitInterTrial_4: autoDraw = False
134.6601 	EXP 	green_fb_2: autoDraw = False
134.6601 	EXP 	red_fb_2: autoDraw = False
134.6601 	EXP 	fixationImage_2: size = array([0.75, 1.  ])
134.6601 	EXP 	fixation_2: autoDraw = True
134.6601 	EXP 	fixationImage_2: autoDraw = True
136.6618 	EXP 	fixation_2: autoDraw = False
136.6618 	EXP 	fixationImage_2: autoDraw = False
136.6618 	EXP 	fixation_2: autoDraw = False
136.6618 	EXP 	fixationImage_2: autoDraw = False
136.6618 	EXP 	polygon_end_2: autoDraw = True
136.6618 	EXP 	end_text_2: autoDraw = True
138.6636 	EXP 	polygon_end_2: autoDraw = False
138.6636 	EXP 	end_text_2: autoDraw = False
138.8086 	EXP 	window1: mouseVisible = True
