3.9536 	EXP 	Created window1 = Window(allowGUI=False, allowStencil=False, args=UNKNOWN, autoLog=True, bitsMode=UNKNOWN, blendMode='avg', color=array([0., 0., 0.]), colorSpace='rgb', fullscr=<method-wrapper '__getattribute__' of attributeSetter object at 0x000002577FDE27B8>, gamma=None, gammaErrorPolicy='raise', kwargs=UNKNOWN, lms=UNKNOWN, monitor=<psychopy.monitors.calibTools.Monitor object at 0x000002577FE28748>, multiSample=False, name='window1', numSamples=2, pos=[0.0, 0.0], screen=1, size=array([1920, 1200]), stereo=False, units='norm', useFBO=True, useRetina=False, viewOri=0.0, viewPos=None, viewScale=None, waitBlanking=True, winType='pyglet')
3.9537 	EXP 	window1: recordFrameIntervals = False
4.1200 	EXP 	window1: recordFrameIntervals = True
4.3037 	EXP 	window1: recordFrameIntervals = False
4.5510 	EXP 	Created polygon_1 = Rect(__class__=<class 'psychopy.visual.rect.Rect'>, autoDraw=False, autoLog=True, closeShape=True, color=method-wrapper(...), colorSpace=None, contrast=1.0, depth=0.0, fillColor='black', fillColorSpace='named', fillRGB=array([0., 0., 0.]), interpolate=True, lineColor='black', lineColorSpace='named', lineRGB=array([0., 0., 0.]), lineWidth=1, name='polygon_1', opacity=1.0, ori=array(0.), pos=array([0., 0.]), size=array([1., 1.]), units='norm', vertices=ndarray(...), win=Window(...))
4.7057 	EXP 	Created descriptionText_1 = TextStim(__class__=<class 'psychopy.visual.text.TextStim'>, alignHoriz='center', alignVert='center', antialias=True, autoLog=True, bold=False, color='white', colorSpace='named', contrast=1.0, depth=-1.0, flipHoriz=False, flipVert=False, font='Arial', fontFiles=[], height=0.09, italic=False, languageStyle='LTR', name='descriptionText_1', opacity=1.0, ori=0, pos=array([0., 0.]), rgb=array([255., 255., 255.]), text=str(...), units='norm', win=Window(...), wrapWidth=1)
4.7066 	EXP 	Created fixation10 = Rect(__class__=<class 'psychopy.visual.rect.Rect'>, autoDraw=False, autoLog=True, closeShape=True, color=method-wrapper(...), colorSpace=None, contrast=1.0, depth=0.0, fillColor='black', fillColorSpace='named', fillRGB=array([0., 0., 0.]), interpolate=True, lineColor='black', lineColorSpace='named', lineRGB=array([0., 0., 0.]), lineWidth=1, name='fixation10', opacity=1.0, ori=array(0.), pos=array([0., 0.]), size=array([1., 1.]), units='norm', vertices=ndarray(...), win=Window(...))
4.7136 	EXP 	Created fixationImage10 = ImageStim(__class__=<class 'psychopy.visual.image.ImageStim'>, autoLog=True, color=array([1., 1., 1.]), colorSpace='rgb', contrast=1.0, depth=-1.0, flipHoriz=False, flipVert=False, image='./stimuli/images/fix.bmp', interpolate=True, mask=None, maskParams=None, name='fixationImage10', opacity=1.0, ori=0.0, pos=array([0., 0.]), size=array([1., 1.]), texRes=128, units='norm', win=Window(...))
4.7377 	EXP 	Created text = TextStim(__class__=<class 'psychopy.visual.text.TextStim'>, alignHoriz='center', alignVert='center', antialias=True, autoLog=True, bold=False, color='white', colorSpace='named', contrast=1.0, depth=-2.0, flipHoriz=False, flipVert=False, font='Arial', fontFiles=[], height=0.3, italic=False, languageStyle='LTR', name='text', opacity=1.0, ori=0, pos=array([ 0. , -0.7]), rgb=array([255., 255., 255.]), text='3 . . .', units='norm', win=Window(...), wrapWidth=1)
4.7515 	EXP 	Created text_2 = TextStim(__class__=<class 'psychopy.visual.text.TextStim'>, alignHoriz='center', alignVert='center', antialias=True, autoLog=True, bold=False, color='white', colorSpace='named', contrast=1.0, depth=-3.0, flipHoriz=False, flipVert=False, font='Arial', fontFiles=[], height=0.3, italic=False, languageStyle='LTR', name='text_2', opacity=1.0, ori=0, pos=array([ 0. , -0.7]), rgb=array([255., 255., 255.]), text='2 . .', units='norm', win=Window(...), wrapWidth=1)
4.7585 	EXP 	Created text_3 = TextStim(__class__=<class 'psychopy.visual.text.TextStim'>, alignHoriz='center', alignVert='center', antialias=True, autoLog=True, bold=False, color='white', colorSpace='named', contrast=1.0, depth=-4.0, flipHoriz=False, flipVert=False, font='Arial', fontFiles=[], height=0.3, italic=False, languageStyle='LTR', name='text_3', opacity=1.0, ori=0, pos=array([ 0. , -0.7]), rgb=array([255., 255., 255.]), text='1 .', units='norm', win=Window(...), wrapWidth=1)
4.7594 	EXP 	Created blackProc = Rect(__class__=<class 'psychopy.visual.rect.Rect'>, autoDraw=False, autoLog=True, closeShape=True, color=method-wrapper(...), colorSpace=None, contrast=1.0, depth=-1.0, fillColor='black', fillColorSpace='named', fillRGB=array([0., 0., 0.]), interpolate=True, lineColor='black', lineColorSpace='named', lineRGB=array([0., 0., 0.]), lineWidth=1, name='blackProc', opacity=1.0, ori=array(0.), pos=array([0., 0.]), size=array([1., 1.]), units='norm', vertices=ndarray(...), win=Window(...))
4.7602 	EXP 	Created greenProc = Rect(__class__=<class 'psychopy.visual.rect.Rect'>, autoDraw=False, autoLog=True, closeShape=True, color=method-wrapper(...), colorSpace=None, contrast=1.0, depth=-2.0, fillColor='green', fillColorSpace='named', fillRGB=array([  0., 128.,   0.]), interpolate=True, lineColor='green', lineColorSpace='named', lineRGB=array([  0., 128.,   0.]), lineWidth=1, name='greenProc', opacity=1.0, ori=array(0.), pos=array([0., 0.]), size=array([1., 1.]), units='norm', vertices=ndarray(...), win=Window(...))
4.7635 	EXP 	Created ProcTarget = ImageStim(__class__=<class 'psychopy.visual.image.ImageStim'>, autoLog=True, color=array([1., 1., 1.]), colorSpace='rgb', contrast=1.0, depth=-3.0, flipHoriz=False, flipVert=False, image='sin', interpolate=True, mask=None, maskParams=None, name='ProcTarget', opacity=1.0, ori=0.0, pos=array([-0.4,  0. ]), size=array([1., 1.]), texRes=128, units='norm', win=Window(...))
4.7676 	EXP 	Created ProcPicture = ImageStim(__class__=<class 'psychopy.visual.image.ImageStim'>, autoLog=True, color=array([1., 1., 1.]), colorSpace='rgb', contrast=1.0, depth=-4.0, flipHoriz=False, flipVert=False, image='sin', interpolate=True, mask=None, maskParams=None, name='ProcPicture', opacity=1.0, ori=0.0, pos=array([0.4, 0. ]), size=array([1., 1.]), texRes=128, units='norm', win=Window(...))
4.7693 	EXP 	Created blackWaitInterTrial = Rect(__class__=<class 'psychopy.visual.rect.Rect'>, autoDraw=False, autoLog=True, closeShape=True, color=method-wrapper(...), colorSpace=None, contrast=1.0, depth=0.0, fillColor='black', fillColorSpace='named', fillRGB=array([0., 0., 0.]), interpolate=True, lineColor='black', lineColorSpace='named', lineRGB=array([0., 0., 0.]), lineWidth=1, name='blackWaitInterTrial', opacity=1.0, ori=array(0.), pos=array([0., 0.]), size=array([1., 1.]), units='norm', vertices=ndarray(...), win=Window(...))
4.7826 	EXP 	Created whiteWaitInterTrial = ImageStim(__class__=<class 'psychopy.visual.image.ImageStim'>, autoLog=True, color=array([1., 1., 1.]), colorSpace='rgb', contrast=1.0, depth=-1.0, flipHoriz=False, flipVert=False, image='./stimuli/images/blank.bmp', interpolate=True, mask=None, maskParams=None, name='whiteWaitInterTrial', opacity=1.0, ori=0.0, pos=array([0., 0.]), size=array([1., 1.]), texRes=128, units='norm', win=Window(...))
4.7840 	EXP 	Created blackTrial = Rect(__class__=<class 'psychopy.visual.rect.Rect'>, autoDraw=False, autoLog=True, closeShape=True, color=method-wrapper(...), colorSpace=None, contrast=1.0, depth=-1.0, fillColor='black', fillColorSpace='named', fillRGB=array([0., 0., 0.]), interpolate=True, lineColor='black', lineColorSpace='named', lineRGB=array([0., 0., 0.]), lineWidth=1, name='blackTrial', opacity=1.0, ori=array(0.), pos=array([0., 0.]), size=array([1., 1.]), units='norm', vertices=ndarray(...), win=Window(...))
4.7855 	EXP 	Created whiteTrial = Rect(__class__=<class 'psychopy.visual.rect.Rect'>, autoDraw=False, autoLog=True, closeShape=True, color=method-wrapper(...), colorSpace=None, contrast=1.0, depth=-2.0, fillColor='white', fillColorSpace='named', fillRGB=array([255., 255., 255.]), interpolate=True, lineColor='white', lineColorSpace='named', lineRGB=array([255., 255., 255.]), lineWidth=1, name='whiteTrial', opacity=1.0, ori=array(0.), pos=array([0., 0.]), size=array([1., 1.]), units='norm', vertices=ndarray(...), win=Window(...))
4.7886 	EXP 	Created TrialPicture = ImageStim(__class__=<class 'psychopy.visual.image.ImageStim'>, autoLog=True, color=array([1., 1., 1.]), colorSpace='rgb', contrast=1.0, depth=-3.0, flipHoriz=False, flipVert=False, image='sin', interpolate=True, mask=None, maskParams=None, name='TrialPicture', opacity=1.0, ori=0.0, pos=array([0., 0.]), size=array([1., 1.]), texRes=128, units='norm', win=Window(...))
4.7899 	EXP 	Created green_1 = ShapeStim(__class__=<class 'psychopy.visual.shape.ShapeStim'>, autoDraw=False, autoLog=True, closeShape=True, contrast=1.0, depth=-6.0, fillColor='green', fillColorSpace='named', interpolate=True, lineColor='green', lineColorSpace='named', lineWidth=1, name='green_1', opacity=1.0, ori=array(0.), pos=array([0., 0.]), size=array([0.05, 0.05]), units='norm', vertices=ndarray(...), win=Window(...), windingRule=None)
4.7907 	EXP 	Created red_1 = Rect(__class__=<class 'psychopy.visual.rect.Rect'>, autoDraw=False, autoLog=True, closeShape=True, color=method-wrapper(...), colorSpace=None, contrast=1.0, depth=-7.0, fillColor='red', fillColorSpace='named', fillRGB=array([255.,   0.,   0.]), interpolate=True, lineColor='red', lineColorSpace='named', lineRGB=array([255.,   0.,   0.]), lineWidth=1, name='red_1', opacity=1.0, ori=array(0.), pos=array([0., 0.]), size=array([1., 1.]), units='norm', vertices=ndarray(...), win=Window(...))
4.7915 	EXP 	Created blackWaitInterTrial_2 = Rect(__class__=<class 'psychopy.visual.rect.Rect'>, autoDraw=False, autoLog=True, closeShape=True, color=method-wrapper(...), colorSpace=None, contrast=1.0, depth=-1.0, fillColor='black', fillColorSpace='named', fillRGB=array([0., 0., 0.]), interpolate=True, lineColor='black', lineColorSpace='named', lineRGB=array([0., 0., 0.]), lineWidth=1, name='blackWaitInterTrial_2', opacity=1.0, ori=array(0.), pos=array([0., 0.]), size=array([1., 1.]), units='norm', vertices=ndarray(...), win=Window(...))
4.7990 	EXP 	Created whiteWaitInterTrial_2 = ImageStim(__class__=<class 'psychopy.visual.image.ImageStim'>, autoLog=True, color=array([1., 1., 1.]), colorSpace='rgb', contrast=1.0, depth=-2.0, flipHoriz=False, flipVert=False, image='./stimuli/images/blank.bmp', interpolate=True, mask=None, maskParams=None, name='whiteWaitInterTrial_2', opacity=1.0, ori=0.0, pos=array([0., 0.]), size=array([1., 1.]), texRes=128, units='norm', win=Window(...))
4.7996 	EXP 	Created green_fb_1 = ShapeStim(__class__=<class 'psychopy.visual.shape.ShapeStim'>, autoDraw=False, autoLog=True, closeShape=True, contrast=1.0, depth=-3.0, fillColor='green', fillColorSpace='named', interpolate=True, lineColor='green', lineColorSpace='named', lineWidth=1, name='green_fb_1', opacity=1.0, ori=array(0.), pos=array([0., 0.]), size=array([1., 1.]), units='norm', vertices=ndarray(...), win=Window(...), windingRule=None)
4.8001 	EXP 	Created red_fb_1 = Rect(__class__=<class 'psychopy.visual.rect.Rect'>, autoDraw=False, autoLog=True, closeShape=True, color=method-wrapper(...), colorSpace=None, contrast=1.0, depth=-4.0, fillColor='red', fillColorSpace='named', fillRGB=array([255.,   0.,   0.]), interpolate=True, lineColor='red', lineColorSpace='named', lineRGB=array([255.,   0.,   0.]), lineWidth=1, name='red_fb_1', opacity=1.0, ori=array(0.), pos=array([0., 0.]), size=array([1., 1.]), units='norm', vertices=ndarray(...), win=Window(...))
4.8006 	EXP 	Created fixation = Rect(__class__=<class 'psychopy.visual.rect.Rect'>, autoDraw=False, autoLog=True, closeShape=True, color=method-wrapper(...), colorSpace=None, contrast=1.0, depth=0.0, fillColor='black', fillColorSpace='named', fillRGB=array([0., 0., 0.]), interpolate=True, lineColor='black', lineColorSpace='named', lineRGB=array([0., 0., 0.]), lineWidth=1, name='fixation', opacity=1.0, ori=array(0.), pos=array([0., 0.]), size=array([1., 1.]), units='norm', vertices=ndarray(...), win=Window(...))
4.8058 	EXP 	Created fixationImage = ImageStim(__class__=<class 'psychopy.visual.image.ImageStim'>, autoLog=True, color=array([1., 1., 1.]), colorSpace='rgb', contrast=1.0, depth=-1.0, flipHoriz=False, flipVert=False, image='./stimuli/images/fix.bmp', interpolate=True, mask=None, maskParams=None, name='fixationImage', opacity=1.0, ori=0.0, pos=array([0., 0.]), size=array([1., 1.]), texRes=128, units='norm', win=Window(...))
4.8064 	EXP 	Created polygon_end = Rect(__class__=<class 'psychopy.visual.rect.Rect'>, autoDraw=False, autoLog=True, closeShape=True, color=method-wrapper(...), colorSpace=None, contrast=1.0, depth=0.0, fillColor='black', fillColorSpace='named', fillRGB=array([0., 0., 0.]), interpolate=True, lineColor='black', lineColorSpace='named', lineRGB=array([0., 0., 0.]), lineWidth=1, name='polygon_end', opacity=1.0, ori=array(0.), pos=array([0., 0.]), size=array([1., 1.]), units='norm', vertices=ndarray(...), win=Window(...))
4.8318 	EXP 	Created end_text = TextStim(__class__=<class 'psychopy.visual.text.TextStim'>, alignHoriz='center', alignVert='center', antialias=True, autoLog=True, bold=False, color='white', colorSpace='named', contrast=1.0, depth=-1.0, flipHoriz=False, flipVert=False, font='Arial', fontFiles=[], height=0.1, italic=False, languageStyle='LTR', name='end_text', opacity=1.0, ori=0, pos=array([0., 0.]), rgb=array([255., 255., 255.]), text='That completes Round 1 of the task', units='norm', win=Window(...), wrapWidth=1)
4.8325 	EXP 	Created polygon_15 = Rect(__class__=<class 'psychopy.visual.rect.Rect'>, autoDraw=False, autoLog=True, closeShape=True, color=method-wrapper(...), colorSpace=None, contrast=1.0, depth=0.0, fillColor='black', fillColorSpace='named', fillRGB=array([0., 0., 0.]), interpolate=True, lineColor='black', lineColorSpace='named', lineRGB=array([0., 0., 0.]), lineWidth=1, name='polygon_15', opacity=1.0, ori=array(0.), pos=array([0., 0.]), size=array([1., 1.]), units='norm', vertices=ndarray(...), win=Window(...))
4.8730 	EXP 	Created descriptionText_15 = TextStim(__class__=<class 'psychopy.visual.text.TextStim'>, alignHoriz='center', alignVert='center', antialias=True, autoLog=True, bold=False, color='white', colorSpace='named', contrast=1.0, depth=-1.0, flipHoriz=False, flipVert=False, font='Arial', fontFiles=[], height=0.09, italic=False, languageStyle='LTR', name='descriptionText_15', opacity=1.0, ori=0, pos=array([0., 0.]), rgb=array([255., 255., 255.]), text=str(...), units='norm', win=Window(...), wrapWidth=1)
4.8737 	EXP 	Created fixation10 = Rect(__class__=<class 'psychopy.visual.rect.Rect'>, autoDraw=False, autoLog=True, closeShape=True, color=method-wrapper(...), colorSpace=None, contrast=1.0, depth=0.0, fillColor='black', fillColorSpace='named', fillRGB=array([0., 0., 0.]), interpolate=True, lineColor='black', lineColorSpace='named', lineRGB=array([0., 0., 0.]), lineWidth=1, name='fixation10', opacity=1.0, ori=array(0.), pos=array([0., 0.]), size=array([1., 1.]), units='norm', vertices=ndarray(...), win=Window(...))
4.8888 	EXP 	Created fixationImage10 = ImageStim(__class__=<class 'psychopy.visual.image.ImageStim'>, autoLog=True, color=array([1., 1., 1.]), colorSpace='rgb', contrast=1.0, depth=-1.0, flipHoriz=False, flipVert=False, image='./stimuli/images/fix.bmp', interpolate=True, mask=None, maskParams=None, name='fixationImage10', opacity=1.0, ori=0.0, pos=array([0., 0.]), size=array([1., 1.]), texRes=128, units='norm', win=Window(...))
4.8915 	EXP 	Created text = TextStim(__class__=<class 'psychopy.visual.text.TextStim'>, alignHoriz='center', alignVert='center', antialias=True, autoLog=True, bold=False, color='white', colorSpace='named', contrast=1.0, depth=-2.0, flipHoriz=False, flipVert=False, font='Arial', fontFiles=[], height=0.3, italic=False, languageStyle='LTR', name='text', opacity=1.0, ori=0, pos=array([ 0. , -0.7]), rgb=array([255., 255., 255.]), text='3 . . .', units='norm', win=Window(...), wrapWidth=1)
4.8940 	EXP 	Created text_2 = TextStim(__class__=<class 'psychopy.visual.text.TextStim'>, alignHoriz='center', alignVert='center', antialias=True, autoLog=True, bold=False, color='white', colorSpace='named', contrast=1.0, depth=-3.0, flipHoriz=False, flipVert=False, font='Arial', fontFiles=[], height=0.3, italic=False, languageStyle='LTR', name='text_2', opacity=1.0, ori=0, pos=array([ 0. , -0.7]), rgb=array([255., 255., 255.]), text='2 . .', units='norm', win=Window(...), wrapWidth=1)
4.8961 	EXP 	Created text_3 = TextStim(__class__=<class 'psychopy.visual.text.TextStim'>, alignHoriz='center', alignVert='center', antialias=True, autoLog=True, bold=False, color='white', colorSpace='named', contrast=1.0, depth=-4.0, flipHoriz=False, flipVert=False, font='Arial', fontFiles=[], height=0.3, italic=False, languageStyle='LTR', name='text_3', opacity=1.0, ori=0, pos=array([ 0. , -0.7]), rgb=array([255., 255., 255.]), text='1 .', units='norm', win=Window(...), wrapWidth=1)
4.8967 	EXP 	Created blackProc_2 = Rect(__class__=<class 'psychopy.visual.rect.Rect'>, autoDraw=False, autoLog=True, closeShape=True, color=method-wrapper(...), colorSpace=None, contrast=1.0, depth=-1.0, fillColor='black', fillColorSpace='named', fillRGB=array([0., 0., 0.]), interpolate=True, lineColor='black', lineColorSpace='named', lineRGB=array([0., 0., 0.]), lineWidth=1, name='blackProc_2', opacity=1.0, ori=array(0.), pos=array([0., 0.]), size=array([1., 1.]), units='norm', vertices=ndarray(...), win=Window(...))
4.8973 	EXP 	Created greenProc_2 = Rect(__class__=<class 'psychopy.visual.rect.Rect'>, autoDraw=False, autoLog=True, closeShape=True, color=method-wrapper(...), colorSpace=None, contrast=1.0, depth=-2.0, fillColor='green', fillColorSpace='named', fillRGB=array([  0., 128.,   0.]), interpolate=True, lineColor='green', lineColorSpace='named', lineRGB=array([  0., 128.,   0.]), lineWidth=1, name='greenProc_2', opacity=1.0, ori=array(0.), pos=array([0., 0.]), size=array([1., 1.]), units='norm', vertices=ndarray(...), win=Window(...))
4.8990 	EXP 	Created ProcTarget_2 = ImageStim(__class__=<class 'psychopy.visual.image.ImageStim'>, autoLog=True, color=array([1., 1., 1.]), colorSpace='rgb', contrast=1.0, depth=-3.0, flipHoriz=False, flipVert=False, image='sin', interpolate=True, mask=None, maskParams=None, name='ProcTarget_2', opacity=1.0, ori=0.0, pos=array([-0.4,  0. ]), size=array([1., 1.]), texRes=128, units='norm', win=Window(...))
4.9005 	EXP 	Created ProcPicture_2 = ImageStim(__class__=<class 'psychopy.visual.image.ImageStim'>, autoLog=True, color=array([1., 1., 1.]), colorSpace='rgb', contrast=1.0, depth=-4.0, flipHoriz=False, flipVert=False, image='sin', interpolate=True, mask=None, maskParams=None, name='ProcPicture_2', opacity=1.0, ori=0.0, pos=array([0.4, 0. ]), size=array([1., 1.]), texRes=128, units='norm', win=Window(...))
4.9010 	EXP 	Created blackWaitInterTrial_3 = Rect(__class__=<class 'psychopy.visual.rect.Rect'>, autoDraw=False, autoLog=True, closeShape=True, color=method-wrapper(...), colorSpace=None, contrast=1.0, depth=0.0, fillColor='black', fillColorSpace='named', fillRGB=array([0., 0., 0.]), interpolate=True, lineColor='black', lineColorSpace='named', lineRGB=array([0., 0., 0.]), lineWidth=1, name='blackWaitInterTrial_3', opacity=1.0, ori=array(0.), pos=array([0., 0.]), size=array([1., 1.]), units='norm', vertices=ndarray(...), win=Window(...))
4.9062 	EXP 	Created whiteWaitInterTrial_3 = ImageStim(__class__=<class 'psychopy.visual.image.ImageStim'>, autoLog=True, color=array([1., 1., 1.]), colorSpace='rgb', contrast=1.0, depth=-1.0, flipHoriz=False, flipVert=False, image='./stimuli/images/blank.bmp', interpolate=True, mask=None, maskParams=None, name='whiteWaitInterTrial_3', opacity=1.0, ori=0.0, pos=array([0., 0.]), size=array([1., 1.]), texRes=128, units='norm', win=Window(...))
4.9068 	EXP 	Created blackTrial_2 = Rect(__class__=<class 'psychopy.visual.rect.Rect'>, autoDraw=False, autoLog=True, closeShape=True, color=method-wrapper(...), colorSpace=None, contrast=1.0, depth=-1.0, fillColor='black', fillColorSpace='named', fillRGB=array([0., 0., 0.]), interpolate=True, lineColor='black', lineColorSpace='named', lineRGB=array([0., 0., 0.]), lineWidth=1, name='blackTrial_2', opacity=1.0, ori=array(0.), pos=array([0., 0.]), size=array([1., 1.]), units='norm', vertices=ndarray(...), win=Window(...))
4.9073 	EXP 	Created whiteTrial_2 = Rect(__class__=<class 'psychopy.visual.rect.Rect'>, autoDraw=False, autoLog=True, closeShape=True, color=method-wrapper(...), colorSpace=None, contrast=1.0, depth=-2.0, fillColor='white', fillColorSpace='named', fillRGB=array([255., 255., 255.]), interpolate=True, lineColor='white', lineColorSpace='named', lineRGB=array([255., 255., 255.]), lineWidth=1, name='whiteTrial_2', opacity=1.0, ori=array(0.), pos=array([0., 0.]), size=array([1., 1.]), units='norm', vertices=ndarray(...), win=Window(...))
4.9088 	EXP 	Created TrialPicture_2 = ImageStim(__class__=<class 'psychopy.visual.image.ImageStim'>, autoLog=True, color=array([1., 1., 1.]), colorSpace='rgb', contrast=1.0, depth=-3.0, flipHoriz=False, flipVert=False, image='sin', interpolate=True, mask=None, maskParams=None, name='TrialPicture_2', opacity=1.0, ori=0.0, pos=array([0., 0.]), size=array([1., 1.]), texRes=128, units='norm', win=Window(...))
4.9098 	EXP 	Created green_2 = ShapeStim(__class__=<class 'psychopy.visual.shape.ShapeStim'>, autoDraw=False, autoLog=True, closeShape=True, contrast=1.0, depth=-6.0, fillColor='green', fillColorSpace='named', interpolate=True, lineColor='green', lineColorSpace='named', lineWidth=1, name='green_2', opacity=1.0, ori=array(0.), pos=array([0., 0.]), size=array([0.05, 0.05]), units='norm', vertices=ndarray(...), win=Window(...), windingRule=None)
4.9104 	EXP 	Created red_2 = Rect(__class__=<class 'psychopy.visual.rect.Rect'>, autoDraw=False, autoLog=True, closeShape=True, color=method-wrapper(...), colorSpace=None, contrast=1.0, depth=-7.0, fillColor='red', fillColorSpace='named', fillRGB=array([255.,   0.,   0.]), interpolate=True, lineColor='red', lineColorSpace='named', lineRGB=array([255.,   0.,   0.]), lineWidth=1, name='red_2', opacity=1.0, ori=array(0.), pos=array([0., 0.]), size=array([1., 1.]), units='norm', vertices=ndarray(...), win=Window(...))
4.9109 	EXP 	Created blackWaitInterTrial_4 = Rect(__class__=<class 'psychopy.visual.rect.Rect'>, autoDraw=False, autoLog=True, closeShape=True, color=method-wrapper(...), colorSpace=None, contrast=1.0, depth=-1.0, fillColor='black', fillColorSpace='named', fillRGB=array([0., 0., 0.]), interpolate=True, lineColor='black', lineColorSpace='named', lineRGB=array([0., 0., 0.]), lineWidth=1, name='blackWaitInterTrial_4', opacity=1.0, ori=array(0.), pos=array([0., 0.]), size=array([1., 1.]), units='norm', vertices=ndarray(...), win=Window(...))
4.9167 	EXP 	Created whiteWaitInterTrial_4 = ImageStim(__class__=<class 'psychopy.visual.image.ImageStim'>, autoLog=True, color=array([1., 1., 1.]), colorSpace='rgb', contrast=1.0, depth=-2.0, flipHoriz=False, flipVert=False, image='./stimuli/images/blank.bmp', interpolate=True, mask=None, maskParams=None, name='whiteWaitInterTrial_4', opacity=1.0, ori=0.0, pos=array([0., 0.]), size=array([1., 1.]), texRes=128, units='norm', win=Window(...))
4.9172 	EXP 	Created green_fb_2 = ShapeStim(__class__=<class 'psychopy.visual.shape.ShapeStim'>, autoDraw=False, autoLog=True, closeShape=True, contrast=1.0, depth=-3.0, fillColor='green', fillColorSpace='named', interpolate=True, lineColor='green', lineColorSpace='named', lineWidth=1, name='green_fb_2', opacity=1.0, ori=array(0.), pos=array([0., 0.]), size=array([1., 1.]), units='norm', vertices=ndarray(...), win=Window(...), windingRule=None)
4.9178 	EXP 	Created red_fb_2 = Rect(__class__=<class 'psychopy.visual.rect.Rect'>, autoDraw=False, autoLog=True, closeShape=True, color=method-wrapper(...), colorSpace=None, contrast=1.0, depth=-4.0, fillColor='red', fillColorSpace='named', fillRGB=array([255.,   0.,   0.]), interpolate=True, lineColor='red', lineColorSpace='named', lineRGB=array([255.,   0.,   0.]), lineWidth=1, name='red_fb_2', opacity=1.0, ori=array(0.), pos=array([0., 0.]), size=array([1., 1.]), units='norm', vertices=ndarray(...), win=Window(...))
4.9183 	EXP 	Created fixation_2 = Rect(__class__=<class 'psychopy.visual.rect.Rect'>, autoDraw=False, autoLog=True, closeShape=True, color=method-wrapper(...), colorSpace=None, contrast=1.0, depth=0.0, fillColor='black', fillColorSpace='named', fillRGB=array([0., 0., 0.]), interpolate=True, lineColor='black', lineColorSpace='named', lineRGB=array([0., 0., 0.]), lineWidth=1, name='fixation_2', opacity=1.0, ori=array(0.), pos=array([0., 0.]), size=array([1., 1.]), units='norm', vertices=ndarray(...), win=Window(...))
4.9234 	EXP 	Created fixationImage_2 = ImageStim(__class__=<class 'psychopy.visual.image.ImageStim'>, autoLog=True, color=array([1., 1., 1.]), colorSpace='rgb', contrast=1.0, depth=-1.0, flipHoriz=False, flipVert=False, image='./stimuli/images/fix.bmp', interpolate=True, mask=None, maskParams=None, name='fixationImage_2', opacity=1.0, ori=0.0, pos=array([0., 0.]), size=array([1., 1.]), texRes=128, units='norm', win=Window(...))
4.9239 	EXP 	Created polygon_end_2 = Rect(__class__=<class 'psychopy.visual.rect.Rect'>, autoDraw=False, autoLog=True, closeShape=True, color=method-wrapper(...), colorSpace=None, contrast=1.0, depth=0.0, fillColor='black', fillColorSpace='named', fillRGB=array([0., 0., 0.]), interpolate=True, lineColor='black', lineColorSpace='named', lineRGB=array([0., 0., 0.]), lineWidth=1, name='polygon_end_2', opacity=1.0, ori=array(0.), pos=array([0., 0.]), size=array([1., 1.]), units='norm', vertices=ndarray(...), win=Window(...))
4.9339 	EXP 	Created end_text_2 = TextStim(__class__=<class 'psychopy.visual.text.TextStim'>, alignHoriz='center', alignVert='center', antialias=True, autoLog=True, bold=False, color='white', colorSpace='named', contrast=1.0, depth=-1.0, flipHoriz=False, flipVert=False, font='Arial', fontFiles=[], height=0.1, italic=False, languageStyle='LTR', name='end_text_2', opacity=1.0, ori=0, pos=array([0., 0.]), rgb=array([255., 255., 255.]), text='Thank you for your participation!', units='norm', win=Window(...), wrapWidth=1)
5.4389 	WARNING 	Hamming was requested using the 'pygame' sound library but hamming is not supported there.
5.4397 	EXP 	Set sound_1 sound=./lib/sound/bird.wav
5.4398 	WARNING 	Hamming was requested using the 'pygame' sound library but hamming is not supported there.
5.4402 	EXP 	Set sound_2 sound=./lib/sound/bang.wav
5.4878 	EXP 	polygon_1: autoDraw = True
5.4878 	EXP 	descriptionText_1: autoDraw = True
9.1328 	DATA 	Keypress: space
9.1413 	EXP 	polygon_1: autoDraw = False
9.1413 	EXP 	descriptionText_1: autoDraw = False
9.1413 	EXP 	fixationImage10: size = array([0.75, 1.  ])
9.1413 	EXP 	fixation10: autoDraw = True
9.1413 	EXP 	fixationImage10: autoDraw = True
9.1413 	EXP 	text: autoDraw = True
10.1253 	EXP 	text_2: autoDraw = True
10.1420 	EXP 	text: autoDraw = False
11.1262 	EXP 	text_2: autoDraw = False
11.1262 	EXP 	text_3: autoDraw = True
12.1271 	EXP 	text_3: autoDraw = False
12.1288 	EXP 	Created sequence: sequential, trialTypes=1, nReps=1, seed=None
12.1289 	EXP 	New trial (rep=0, index=0): None
12.1604 	EXP 	fixation10: autoDraw = False
12.1604 	EXP 	fixationImage10: autoDraw = False
12.1604 	EXP 	fixation10: autoDraw = False
12.1604 	EXP 	fixationImage10: autoDraw = False
12.1604 	EXP 	text: autoDraw = False
12.1604 	EXP 	text_2: autoDraw = False
12.1604 	EXP 	text_3: autoDraw = False
12.1604 	EXP 	greenProc: size = array([1.6, 1.2])
12.1604 	EXP 	ProcTarget: size = array([0.75, 1.  ])
12.1604 	EXP 	ProcTarget: image = './stimuli/images/205.bmp'
12.1604 	EXP 	ProcPicture: size = array([0.75, 1.  ])
12.1604 	EXP 	ProcPicture: image = './stimuli/images/142.bmp'
12.1604 	EXP 	blackProc: autoDraw = True
12.1604 	EXP 	greenProc: autoDraw = True
12.1604 	EXP 	ProcTarget: autoDraw = True
12.1604 	EXP 	ProcPicture: autoDraw = True
15.6635 	EXP 	blackProc: autoDraw = False
15.6635 	EXP 	greenProc: autoDraw = False
15.6635 	EXP 	ProcTarget: autoDraw = False
15.6635 	EXP 	ProcPicture: autoDraw = False
15.6635 	EXP 	blackProc: autoDraw = False
15.6635 	EXP 	greenProc: autoDraw = False
15.6635 	EXP 	ProcTarget: autoDraw = False
15.6635 	EXP 	ProcPicture: autoDraw = False
15.6635 	EXP 	whiteWaitInterTrial: size = array([0.75, 1.  ])
15.6635 	EXP 	blackWaitInterTrial: autoDraw = True
15.6635 	EXP 	whiteWaitInterTrial: autoDraw = True
17.1511 	EXP 	Created sequence: sequential, trialTypes=1, nReps=20, seed=None
17.1512 	EXP 	New trial (rep=0, index=0): None
17.1815 	EXP 	blackWaitInterTrial: autoDraw = False
17.1815 	EXP 	whiteWaitInterTrial: autoDraw = False
17.1815 	EXP 	blackWaitInterTrial: autoDraw = False
17.1815 	EXP 	whiteWaitInterTrial: autoDraw = False
17.1815 	EXP 	TrialPicture: size = array([0.75, 1.  ])
17.1815 	EXP 	TrialPicture: image = './stimuli/images/142.bmp'
17.1815 	EXP 	blackTrial: autoDraw = True
17.1815 	EXP 	whiteTrial: autoDraw = True
17.1815 	EXP 	TrialPicture: autoDraw = True
17.1815 	EXP 	green_1: autoDraw = True
17.1815 	EXP 	red_1: autoDraw = True
18.1824 	EXP 	blackTrial: autoDraw = False
18.1824 	EXP 	whiteTrial: autoDraw = False
18.1824 	EXP 	TrialPicture: autoDraw = False
18.1824 	EXP 	green_1: autoDraw = False
18.1824 	EXP 	red_1: autoDraw = False
18.1824 	EXP 	blackTrial: autoDraw = False
18.1824 	EXP 	whiteTrial: autoDraw = False
18.1824 	EXP 	TrialPicture: autoDraw = False
18.1824 	EXP 	green_1: autoDraw = False
18.1824 	EXP 	red_1: autoDraw = False
18.1824 	EXP 	whiteWaitInterTrial_2: size = array([0.75, 1.  ])
18.1824 	EXP 	blackWaitInterTrial_2: autoDraw = True
18.1824 	EXP 	whiteWaitInterTrial_2: autoDraw = True
18.1824 	EXP 	green_fb_1: autoDraw = True
18.1824 	EXP 	red_fb_1: autoDraw = True
19.9704 	EXP 	New trial (rep=1, index=0): None
19.9840 	EXP 	blackWaitInterTrial_2: autoDraw = False
19.9840 	EXP 	whiteWaitInterTrial_2: autoDraw = False
19.9840 	EXP 	green_fb_1: autoDraw = False
19.9840 	EXP 	red_fb_1: autoDraw = False
19.9840 	EXP 	blackWaitInterTrial_2: autoDraw = False
19.9840 	EXP 	whiteWaitInterTrial_2: autoDraw = False
19.9840 	EXP 	green_fb_1: autoDraw = False
19.9840 	EXP 	red_fb_1: autoDraw = False
19.9840 	EXP 	TrialPicture: size = array([0.75, 1.  ])
19.9840 	EXP 	TrialPicture: image = './stimuli/images/186.bmp'
19.9840 	EXP 	blackTrial: autoDraw = True
19.9840 	EXP 	whiteTrial: autoDraw = True
19.9840 	EXP 	TrialPicture: autoDraw = True
19.9840 	EXP 	green_1: autoDraw = True
19.9840 	EXP 	red_1: autoDraw = True
20.9848 	EXP 	blackTrial: autoDraw = False
20.9848 	EXP 	whiteTrial: autoDraw = False
20.9848 	EXP 	TrialPicture: autoDraw = False
20.9848 	EXP 	green_1: autoDraw = False
20.9848 	EXP 	red_1: autoDraw = False
20.9848 	EXP 	blackTrial: autoDraw = False
20.9848 	EXP 	whiteTrial: autoDraw = False
20.9848 	EXP 	TrialPicture: autoDraw = False
20.9848 	EXP 	green_1: autoDraw = False
20.9848 	EXP 	red_1: autoDraw = False
20.9848 	EXP 	whiteWaitInterTrial_2: size = array([0.75, 1.  ])
20.9848 	EXP 	blackWaitInterTrial_2: autoDraw = True
20.9848 	EXP 	whiteWaitInterTrial_2: autoDraw = True
20.9848 	EXP 	green_fb_1: autoDraw = True
20.9848 	EXP 	red_fb_1: autoDraw = True
22.7724 	EXP 	New trial (rep=2, index=0): None
22.7864 	EXP 	blackWaitInterTrial_2: autoDraw = False
22.7864 	EXP 	whiteWaitInterTrial_2: autoDraw = False
22.7864 	EXP 	green_fb_1: autoDraw = False
22.7864 	EXP 	red_fb_1: autoDraw = False
22.7864 	EXP 	blackWaitInterTrial_2: autoDraw = False
22.7864 	EXP 	whiteWaitInterTrial_2: autoDraw = False
22.7864 	EXP 	green_fb_1: autoDraw = False
22.7864 	EXP 	red_fb_1: autoDraw = False
22.7864 	EXP 	TrialPicture: size = array([0.75, 1.  ])
22.7864 	EXP 	TrialPicture: image = './stimuli/images/205.bmp'
22.7864 	EXP 	blackTrial: autoDraw = True
22.7864 	EXP 	whiteTrial: autoDraw = True
22.7864 	EXP 	TrialPicture: autoDraw = True
22.7864 	EXP 	green_1: autoDraw = True
22.7864 	EXP 	red_1: autoDraw = True
23.7873 	EXP 	blackTrial: autoDraw = False
23.7873 	EXP 	whiteTrial: autoDraw = False
23.7873 	EXP 	TrialPicture: autoDraw = False
23.7873 	EXP 	green_1: autoDraw = False
23.7873 	EXP 	red_1: autoDraw = False
23.7873 	EXP 	blackTrial: autoDraw = False
23.7873 	EXP 	whiteTrial: autoDraw = False
23.7873 	EXP 	TrialPicture: autoDraw = False
23.7873 	EXP 	green_1: autoDraw = False
23.7873 	EXP 	red_1: autoDraw = False
23.7873 	EXP 	whiteWaitInterTrial_2: size = array([0.75, 1.  ])
23.7873 	EXP 	blackWaitInterTrial_2: autoDraw = True
23.7873 	EXP 	whiteWaitInterTrial_2: autoDraw = True
23.7873 	EXP 	green_fb_1: autoDraw = True
23.7873 	EXP 	red_fb_1: autoDraw = True
25.4746 	EXP 	New trial (rep=3, index=0): None
25.4888 	EXP 	blackWaitInterTrial_2: autoDraw = False
25.4888 	EXP 	whiteWaitInterTrial_2: autoDraw = False
25.4888 	EXP 	green_fb_1: autoDraw = False
25.4888 	EXP 	red_fb_1: autoDraw = False
25.4888 	EXP 	blackWaitInterTrial_2: autoDraw = False
25.4888 	EXP 	whiteWaitInterTrial_2: autoDraw = False
25.4888 	EXP 	green_fb_1: autoDraw = False
25.4888 	EXP 	red_fb_1: autoDraw = False
25.4888 	EXP 	TrialPicture: size = array([0.75, 1.  ])
25.4888 	EXP 	TrialPicture: image = './stimuli/images/149.bmp'
25.4888 	EXP 	blackTrial: autoDraw = True
25.4888 	EXP 	whiteTrial: autoDraw = True
25.4888 	EXP 	TrialPicture: autoDraw = True
25.4888 	EXP 	green_1: autoDraw = True
25.4888 	EXP 	red_1: autoDraw = True
26.4897 	EXP 	blackTrial: autoDraw = False
26.4897 	EXP 	whiteTrial: autoDraw = False
26.4897 	EXP 	TrialPicture: autoDraw = False
26.4897 	EXP 	green_1: autoDraw = False
26.4897 	EXP 	red_1: autoDraw = False
26.4897 	EXP 	blackTrial: autoDraw = False
26.4897 	EXP 	whiteTrial: autoDraw = False
26.4897 	EXP 	TrialPicture: autoDraw = False
26.4897 	EXP 	green_1: autoDraw = False
26.4897 	EXP 	red_1: autoDraw = False
26.4897 	EXP 	whiteWaitInterTrial_2: size = array([0.75, 1.  ])
26.4897 	EXP 	blackWaitInterTrial_2: autoDraw = True
26.4897 	EXP 	whiteWaitInterTrial_2: autoDraw = True
26.4897 	EXP 	green_fb_1: autoDraw = True
26.4897 	EXP 	red_fb_1: autoDraw = True
28.0769 	EXP 	New trial (rep=4, index=0): None
28.0911 	EXP 	blackWaitInterTrial_2: autoDraw = False
28.0911 	EXP 	whiteWaitInterTrial_2: autoDraw = False
28.0911 	EXP 	green_fb_1: autoDraw = False
28.0911 	EXP 	red_fb_1: autoDraw = False
28.0911 	EXP 	blackWaitInterTrial_2: autoDraw = False
28.0911 	EXP 	whiteWaitInterTrial_2: autoDraw = False
28.0911 	EXP 	green_fb_1: autoDraw = False
28.0911 	EXP 	red_fb_1: autoDraw = False
28.0911 	EXP 	TrialPicture: size = array([0.75, 1.  ])
28.0911 	EXP 	TrialPicture: image = './stimuli/images/142.bmp'
28.0911 	EXP 	blackTrial: autoDraw = True
28.0911 	EXP 	whiteTrial: autoDraw = True
28.0911 	EXP 	TrialPicture: autoDraw = True
28.0911 	EXP 	green_1: autoDraw = True
28.0911 	EXP 	red_1: autoDraw = True
29.0919 	EXP 	blackTrial: autoDraw = False
29.0919 	EXP 	whiteTrial: autoDraw = False
29.0919 	EXP 	TrialPicture: autoDraw = False
29.0919 	EXP 	green_1: autoDraw = False
29.0919 	EXP 	red_1: autoDraw = False
29.0919 	EXP 	blackTrial: autoDraw = False
29.0919 	EXP 	whiteTrial: autoDraw = False
29.0919 	EXP 	TrialPicture: autoDraw = False
29.0919 	EXP 	green_1: autoDraw = False
29.0919 	EXP 	red_1: autoDraw = False
29.0919 	EXP 	whiteWaitInterTrial_2: size = array([0.75, 1.  ])
29.0919 	EXP 	blackWaitInterTrial_2: autoDraw = True
29.0919 	EXP 	whiteWaitInterTrial_2: autoDraw = True
29.0919 	EXP 	green_fb_1: autoDraw = True
29.0919 	EXP 	red_fb_1: autoDraw = True
30.6793 	EXP 	New trial (rep=5, index=0): None
30.6933 	EXP 	blackWaitInterTrial_2: autoDraw = False
30.6933 	EXP 	whiteWaitInterTrial_2: autoDraw = False
30.6933 	EXP 	green_fb_1: autoDraw = False
30.6933 	EXP 	red_fb_1: autoDraw = False
30.6933 	EXP 	blackWaitInterTrial_2: autoDraw = False
30.6933 	EXP 	whiteWaitInterTrial_2: autoDraw = False
30.6933 	EXP 	green_fb_1: autoDraw = False
30.6933 	EXP 	red_fb_1: autoDraw = False
30.6933 	EXP 	TrialPicture: size = array([0.75, 1.  ])
30.6933 	EXP 	TrialPicture: image = './stimuli/images/205.bmp'
30.6933 	EXP 	blackTrial: autoDraw = True
30.6933 	EXP 	whiteTrial: autoDraw = True
30.6933 	EXP 	TrialPicture: autoDraw = True
30.6933 	EXP 	green_1: autoDraw = True
30.6933 	EXP 	red_1: autoDraw = True
31.6942 	EXP 	blackTrial: autoDraw = False
31.6942 	EXP 	whiteTrial: autoDraw = False
31.6942 	EXP 	TrialPicture: autoDraw = False
31.6942 	EXP 	green_1: autoDraw = False
31.6942 	EXP 	red_1: autoDraw = False
31.6942 	EXP 	blackTrial: autoDraw = False
31.6942 	EXP 	whiteTrial: autoDraw = False
31.6942 	EXP 	TrialPicture: autoDraw = False
31.6942 	EXP 	green_1: autoDraw = False
31.6942 	EXP 	red_1: autoDraw = False
31.6942 	EXP 	whiteWaitInterTrial_2: size = array([0.75, 1.  ])
31.6942 	EXP 	blackWaitInterTrial_2: autoDraw = True
31.6942 	EXP 	whiteWaitInterTrial_2: autoDraw = True
31.6942 	EXP 	green_fb_1: autoDraw = True
31.6942 	EXP 	red_fb_1: autoDraw = True
33.4822 	EXP 	New trial (rep=6, index=0): None
33.4958 	EXP 	blackWaitInterTrial_2: autoDraw = False
33.4958 	EXP 	whiteWaitInterTrial_2: autoDraw = False
33.4958 	EXP 	green_fb_1: autoDraw = False
33.4958 	EXP 	red_fb_1: autoDraw = False
33.4958 	EXP 	blackWaitInterTrial_2: autoDraw = False
33.4958 	EXP 	whiteWaitInterTrial_2: autoDraw = False
33.4958 	EXP 	green_fb_1: autoDraw = False
33.4958 	EXP 	red_fb_1: autoDraw = False
33.4958 	EXP 	TrialPicture: size = array([0.75, 1.  ])
33.4958 	EXP 	TrialPicture: image = './stimuli/images/149.bmp'
33.4958 	EXP 	blackTrial: autoDraw = True
33.4958 	EXP 	whiteTrial: autoDraw = True
33.4958 	EXP 	TrialPicture: autoDraw = True
33.4958 	EXP 	green_1: autoDraw = True
33.4958 	EXP 	red_1: autoDraw = True
34.4966 	EXP 	blackTrial: autoDraw = False
34.4966 	EXP 	whiteTrial: autoDraw = False
34.4966 	EXP 	TrialPicture: autoDraw = False
34.4966 	EXP 	green_1: autoDraw = False
34.4966 	EXP 	red_1: autoDraw = False
34.4966 	EXP 	blackTrial: autoDraw = False
34.4966 	EXP 	whiteTrial: autoDraw = False
34.4966 	EXP 	TrialPicture: autoDraw = False
34.4966 	EXP 	green_1: autoDraw = False
34.4966 	EXP 	red_1: autoDraw = False
34.4966 	EXP 	whiteWaitInterTrial_2: size = array([0.75, 1.  ])
34.4966 	EXP 	blackWaitInterTrial_2: autoDraw = True
34.4966 	EXP 	whiteWaitInterTrial_2: autoDraw = True
34.4966 	EXP 	green_fb_1: autoDraw = True
34.4966 	EXP 	red_fb_1: autoDraw = True
36.0841 	EXP 	New trial (rep=7, index=0): None
36.0980 	EXP 	blackWaitInterTrial_2: autoDraw = False
36.0980 	EXP 	whiteWaitInterTrial_2: autoDraw = False
36.0980 	EXP 	green_fb_1: autoDraw = False
36.0980 	EXP 	red_fb_1: autoDraw = False
36.0980 	EXP 	blackWaitInterTrial_2: autoDraw = False
36.0980 	EXP 	whiteWaitInterTrial_2: autoDraw = False
36.0980 	EXP 	green_fb_1: autoDraw = False
36.0980 	EXP 	red_fb_1: autoDraw = False
36.0980 	EXP 	TrialPicture: size = array([0.75, 1.  ])
36.0980 	EXP 	TrialPicture: image = './stimuli/images/186.bmp'
36.0980 	EXP 	blackTrial: autoDraw = True
36.0980 	EXP 	whiteTrial: autoDraw = True
36.0980 	EXP 	TrialPicture: autoDraw = True
36.0980 	EXP 	green_1: autoDraw = True
36.0980 	EXP 	red_1: autoDraw = True
37.0989 	EXP 	blackTrial: autoDraw = False
37.0989 	EXP 	whiteTrial: autoDraw = False
37.0989 	EXP 	TrialPicture: autoDraw = False
37.0989 	EXP 	green_1: autoDraw = False
37.0989 	EXP 	red_1: autoDraw = False
37.0989 	EXP 	blackTrial: autoDraw = False
37.0989 	EXP 	whiteTrial: autoDraw = False
37.0989 	EXP 	TrialPicture: autoDraw = False
37.0989 	EXP 	green_1: autoDraw = False
37.0989 	EXP 	red_1: autoDraw = False
37.0989 	EXP 	whiteWaitInterTrial_2: size = array([0.75, 1.  ])
37.0989 	EXP 	blackWaitInterTrial_2: autoDraw = True
37.0989 	EXP 	whiteWaitInterTrial_2: autoDraw = True
37.0989 	EXP 	green_fb_1: autoDraw = True
37.0989 	EXP 	red_fb_1: autoDraw = True
38.7863 	EXP 	New trial (rep=8, index=0): None
38.8004 	EXP 	blackWaitInterTrial_2: autoDraw = False
38.8004 	EXP 	whiteWaitInterTrial_2: autoDraw = False
38.8004 	EXP 	green_fb_1: autoDraw = False
38.8004 	EXP 	red_fb_1: autoDraw = False
38.8004 	EXP 	blackWaitInterTrial_2: autoDraw = False
38.8004 	EXP 	whiteWaitInterTrial_2: autoDraw = False
38.8004 	EXP 	green_fb_1: autoDraw = False
38.8004 	EXP 	red_fb_1: autoDraw = False
38.8004 	EXP 	TrialPicture: size = array([0.75, 1.  ])
38.8004 	EXP 	TrialPicture: image = './stimuli/images/205.bmp'
38.8004 	EXP 	blackTrial: autoDraw = True
38.8004 	EXP 	whiteTrial: autoDraw = True
38.8004 	EXP 	TrialPicture: autoDraw = True
38.8004 	EXP 	green_1: autoDraw = True
38.8004 	EXP 	red_1: autoDraw = True
39.8013 	EXP 	blackTrial: autoDraw = False
39.8013 	EXP 	whiteTrial: autoDraw = False
39.8013 	EXP 	TrialPicture: autoDraw = False
39.8013 	EXP 	green_1: autoDraw = False
39.8013 	EXP 	red_1: autoDraw = False
39.8013 	EXP 	blackTrial: autoDraw = False
39.8013 	EXP 	whiteTrial: autoDraw = False
39.8013 	EXP 	TrialPicture: autoDraw = False
39.8013 	EXP 	green_1: autoDraw = False
39.8013 	EXP 	red_1: autoDraw = False
39.8013 	EXP 	whiteWaitInterTrial_2: size = array([0.75, 1.  ])
39.8013 	EXP 	blackWaitInterTrial_2: autoDraw = True
39.8013 	EXP 	whiteWaitInterTrial_2: autoDraw = True
39.8013 	EXP 	green_fb_1: autoDraw = True
39.8013 	EXP 	red_fb_1: autoDraw = True
41.5889 	EXP 	New trial (rep=9, index=0): None
41.6029 	EXP 	blackWaitInterTrial_2: autoDraw = False
41.6029 	EXP 	whiteWaitInterTrial_2: autoDraw = False
41.6029 	EXP 	green_fb_1: autoDraw = False
41.6029 	EXP 	red_fb_1: autoDraw = False
41.6029 	EXP 	blackWaitInterTrial_2: autoDraw = False
41.6029 	EXP 	whiteWaitInterTrial_2: autoDraw = False
41.6029 	EXP 	green_fb_1: autoDraw = False
41.6029 	EXP 	red_fb_1: autoDraw = False
41.6029 	EXP 	TrialPicture: size = array([0.75, 1.  ])
41.6029 	EXP 	TrialPicture: image = './stimuli/images/149.bmp'
41.6029 	EXP 	blackTrial: autoDraw = True
41.6029 	EXP 	whiteTrial: autoDraw = True
41.6029 	EXP 	TrialPicture: autoDraw = True
41.6029 	EXP 	green_1: autoDraw = True
41.6029 	EXP 	red_1: autoDraw = True
42.6037 	EXP 	blackTrial: autoDraw = False
42.6037 	EXP 	whiteTrial: autoDraw = False
42.6037 	EXP 	TrialPicture: autoDraw = False
42.6037 	EXP 	green_1: autoDraw = False
42.6037 	EXP 	red_1: autoDraw = False
42.6037 	EXP 	blackTrial: autoDraw = False
42.6037 	EXP 	whiteTrial: autoDraw = False
42.6037 	EXP 	TrialPicture: autoDraw = False
42.6037 	EXP 	green_1: autoDraw = False
42.6037 	EXP 	red_1: autoDraw = False
42.6037 	EXP 	whiteWaitInterTrial_2: size = array([0.75, 1.  ])
42.6037 	EXP 	blackWaitInterTrial_2: autoDraw = True
42.6037 	EXP 	whiteWaitInterTrial_2: autoDraw = True
42.6037 	EXP 	green_fb_1: autoDraw = True
42.6037 	EXP 	red_fb_1: autoDraw = True
44.1914 	EXP 	New trial (rep=10, index=0): None
44.2051 	EXP 	blackWaitInterTrial_2: autoDraw = False
44.2051 	EXP 	whiteWaitInterTrial_2: autoDraw = False
44.2051 	EXP 	green_fb_1: autoDraw = False
44.2051 	EXP 	red_fb_1: autoDraw = False
44.2051 	EXP 	blackWaitInterTrial_2: autoDraw = False
44.2051 	EXP 	whiteWaitInterTrial_2: autoDraw = False
44.2051 	EXP 	green_fb_1: autoDraw = False
44.2051 	EXP 	red_fb_1: autoDraw = False
44.2051 	EXP 	TrialPicture: size = array([0.75, 1.  ])
44.2051 	EXP 	TrialPicture: image = './stimuli/images/149.bmp'
44.2051 	EXP 	blackTrial: autoDraw = True
44.2051 	EXP 	whiteTrial: autoDraw = True
44.2051 	EXP 	TrialPicture: autoDraw = True
44.2051 	EXP 	green_1: autoDraw = True
44.2051 	EXP 	red_1: autoDraw = True
45.2060 	EXP 	blackTrial: autoDraw = False
45.2060 	EXP 	whiteTrial: autoDraw = False
45.2060 	EXP 	TrialPicture: autoDraw = False
45.2060 	EXP 	green_1: autoDraw = False
45.2060 	EXP 	red_1: autoDraw = False
45.2060 	EXP 	blackTrial: autoDraw = False
45.2060 	EXP 	whiteTrial: autoDraw = False
45.2060 	EXP 	TrialPicture: autoDraw = False
45.2060 	EXP 	green_1: autoDraw = False
45.2060 	EXP 	red_1: autoDraw = False
45.2060 	EXP 	whiteWaitInterTrial_2: size = array([0.75, 1.  ])
45.2060 	EXP 	blackWaitInterTrial_2: autoDraw = True
45.2060 	EXP 	whiteWaitInterTrial_2: autoDraw = True
45.2060 	EXP 	green_fb_1: autoDraw = True
45.2060 	EXP 	red_fb_1: autoDraw = True
46.8944 	EXP 	New trial (rep=11, index=0): None
46.9076 	EXP 	blackWaitInterTrial_2: autoDraw = False
46.9076 	EXP 	whiteWaitInterTrial_2: autoDraw = False
46.9076 	EXP 	green_fb_1: autoDraw = False
46.9076 	EXP 	red_fb_1: autoDraw = False
46.9076 	EXP 	blackWaitInterTrial_2: autoDraw = False
46.9076 	EXP 	whiteWaitInterTrial_2: autoDraw = False
46.9076 	EXP 	green_fb_1: autoDraw = False
46.9076 	EXP 	red_fb_1: autoDraw = False
46.9076 	EXP 	TrialPicture: size = array([0.75, 1.  ])
46.9076 	EXP 	TrialPicture: image = './stimuli/images/186.bmp'
46.9076 	EXP 	blackTrial: autoDraw = True
46.9076 	EXP 	whiteTrial: autoDraw = True
46.9076 	EXP 	TrialPicture: autoDraw = True
46.9076 	EXP 	green_1: autoDraw = True
46.9076 	EXP 	red_1: autoDraw = True
47.9084 	EXP 	blackTrial: autoDraw = False
47.9084 	EXP 	whiteTrial: autoDraw = False
47.9084 	EXP 	TrialPicture: autoDraw = False
47.9084 	EXP 	green_1: autoDraw = False
47.9084 	EXP 	red_1: autoDraw = False
47.9084 	EXP 	blackTrial: autoDraw = False
47.9084 	EXP 	whiteTrial: autoDraw = False
47.9084 	EXP 	TrialPicture: autoDraw = False
47.9084 	EXP 	green_1: autoDraw = False
47.9084 	EXP 	red_1: autoDraw = False
47.9084 	EXP 	whiteWaitInterTrial_2: size = array([0.75, 1.  ])
47.9084 	EXP 	blackWaitInterTrial_2: autoDraw = True
47.9084 	EXP 	whiteWaitInterTrial_2: autoDraw = True
47.9084 	EXP 	green_fb_1: autoDraw = True
47.9084 	EXP 	red_fb_1: autoDraw = True
49.5960 	EXP 	New trial (rep=12, index=0): None
49.6099 	EXP 	blackWaitInterTrial_2: autoDraw = False
49.6099 	EXP 	whiteWaitInterTrial_2: autoDraw = False
49.6099 	EXP 	green_fb_1: autoDraw = False
49.6099 	EXP 	red_fb_1: autoDraw = False
49.6099 	EXP 	blackWaitInterTrial_2: autoDraw = False
49.6099 	EXP 	whiteWaitInterTrial_2: autoDraw = False
49.6099 	EXP 	green_fb_1: autoDraw = False
49.6099 	EXP 	red_fb_1: autoDraw = False
49.6099 	EXP 	TrialPicture: size = array([0.75, 1.  ])
49.6099 	EXP 	TrialPicture: image = './stimuli/images/142.bmp'
49.6099 	EXP 	blackTrial: autoDraw = True
49.6099 	EXP 	whiteTrial: autoDraw = True
49.6099 	EXP 	TrialPicture: autoDraw = True
49.6099 	EXP 	green_1: autoDraw = True
49.6099 	EXP 	red_1: autoDraw = True
50.6108 	EXP 	blackTrial: autoDraw = False
50.6108 	EXP 	whiteTrial: autoDraw = False
50.6108 	EXP 	TrialPicture: autoDraw = False
50.6108 	EXP 	green_1: autoDraw = False
50.6108 	EXP 	red_1: autoDraw = False
50.6108 	EXP 	blackTrial: autoDraw = False
50.6108 	EXP 	whiteTrial: autoDraw = False
50.6108 	EXP 	TrialPicture: autoDraw = False
50.6108 	EXP 	green_1: autoDraw = False
50.6108 	EXP 	red_1: autoDraw = False
50.6108 	EXP 	whiteWaitInterTrial_2: size = array([0.75, 1.  ])
50.6108 	EXP 	blackWaitInterTrial_2: autoDraw = True
50.6108 	EXP 	whiteWaitInterTrial_2: autoDraw = True
50.6108 	EXP 	green_fb_1: autoDraw = True
50.6108 	EXP 	red_fb_1: autoDraw = True
52.1991 	EXP 	New trial (rep=13, index=0): None
52.2121 	EXP 	blackWaitInterTrial_2: autoDraw = False
52.2121 	EXP 	whiteWaitInterTrial_2: autoDraw = False
52.2121 	EXP 	green_fb_1: autoDraw = False
52.2121 	EXP 	red_fb_1: autoDraw = False
52.2121 	EXP 	blackWaitInterTrial_2: autoDraw = False
52.2121 	EXP 	whiteWaitInterTrial_2: autoDraw = False
52.2121 	EXP 	green_fb_1: autoDraw = False
52.2121 	EXP 	red_fb_1: autoDraw = False
52.2121 	EXP 	TrialPicture: size = array([0.75, 1.  ])
52.2121 	EXP 	TrialPicture: image = './stimuli/images/186.bmp'
52.2121 	EXP 	blackTrial: autoDraw = True
52.2121 	EXP 	whiteTrial: autoDraw = True
52.2121 	EXP 	TrialPicture: autoDraw = True
52.2121 	EXP 	green_1: autoDraw = True
52.2121 	EXP 	red_1: autoDraw = True
53.2130 	EXP 	blackTrial: autoDraw = False
53.2130 	EXP 	whiteTrial: autoDraw = False
53.2130 	EXP 	TrialPicture: autoDraw = False
53.2130 	EXP 	green_1: autoDraw = False
53.2130 	EXP 	red_1: autoDraw = False
53.2130 	EXP 	blackTrial: autoDraw = False
53.2130 	EXP 	whiteTrial: autoDraw = False
53.2130 	EXP 	TrialPicture: autoDraw = False
53.2130 	EXP 	green_1: autoDraw = False
53.2130 	EXP 	red_1: autoDraw = False
53.2130 	EXP 	whiteWaitInterTrial_2: size = array([0.75, 1.  ])
53.2130 	EXP 	blackWaitInterTrial_2: autoDraw = True
53.2130 	EXP 	whiteWaitInterTrial_2: autoDraw = True
53.2130 	EXP 	green_fb_1: autoDraw = True
53.2130 	EXP 	red_fb_1: autoDraw = True
55.0009 	EXP 	New trial (rep=14, index=0): None
55.0146 	EXP 	blackWaitInterTrial_2: autoDraw = False
55.0146 	EXP 	whiteWaitInterTrial_2: autoDraw = False
55.0146 	EXP 	green_fb_1: autoDraw = False
55.0146 	EXP 	red_fb_1: autoDraw = False
55.0146 	EXP 	blackWaitInterTrial_2: autoDraw = False
55.0146 	EXP 	whiteWaitInterTrial_2: autoDraw = False
55.0146 	EXP 	green_fb_1: autoDraw = False
55.0146 	EXP 	red_fb_1: autoDraw = False
55.0146 	EXP 	TrialPicture: size = array([0.75, 1.  ])
55.0146 	EXP 	TrialPicture: image = './stimuli/images/205.bmp'
55.0146 	EXP 	blackTrial: autoDraw = True
55.0146 	EXP 	whiteTrial: autoDraw = True
55.0146 	EXP 	TrialPicture: autoDraw = True
55.0146 	EXP 	green_1: autoDraw = True
55.0146 	EXP 	red_1: autoDraw = True
56.0155 	EXP 	blackTrial: autoDraw = False
56.0155 	EXP 	whiteTrial: autoDraw = False
56.0155 	EXP 	TrialPicture: autoDraw = False
56.0155 	EXP 	green_1: autoDraw = False
56.0155 	EXP 	red_1: autoDraw = False
56.0155 	EXP 	blackTrial: autoDraw = False
56.0155 	EXP 	whiteTrial: autoDraw = False
56.0155 	EXP 	TrialPicture: autoDraw = False
56.0155 	EXP 	green_1: autoDraw = False
56.0155 	EXP 	red_1: autoDraw = False
56.0155 	EXP 	whiteWaitInterTrial_2: size = array([0.75, 1.  ])
56.0155 	EXP 	blackWaitInterTrial_2: autoDraw = True
56.0155 	EXP 	whiteWaitInterTrial_2: autoDraw = True
56.0155 	EXP 	green_fb_1: autoDraw = True
56.0155 	EXP 	red_fb_1: autoDraw = True
57.6032 	EXP 	New trial (rep=15, index=0): None
57.6169 	EXP 	blackWaitInterTrial_2: autoDraw = False
57.6169 	EXP 	whiteWaitInterTrial_2: autoDraw = False
57.6169 	EXP 	green_fb_1: autoDraw = False
57.6169 	EXP 	red_fb_1: autoDraw = False
57.6169 	EXP 	blackWaitInterTrial_2: autoDraw = False
57.6169 	EXP 	whiteWaitInterTrial_2: autoDraw = False
57.6169 	EXP 	green_fb_1: autoDraw = False
57.6169 	EXP 	red_fb_1: autoDraw = False
57.6169 	EXP 	TrialPicture: size = array([0.75, 1.  ])
57.6169 	EXP 	TrialPicture: image = './stimuli/images/149.bmp'
57.6169 	EXP 	blackTrial: autoDraw = True
57.6169 	EXP 	whiteTrial: autoDraw = True
57.6169 	EXP 	TrialPicture: autoDraw = True
57.6169 	EXP 	green_1: autoDraw = True
57.6169 	EXP 	red_1: autoDraw = True
58.6178 	EXP 	blackTrial: autoDraw = False
58.6178 	EXP 	whiteTrial: autoDraw = False
58.6178 	EXP 	TrialPicture: autoDraw = False
58.6178 	EXP 	green_1: autoDraw = False
58.6178 	EXP 	red_1: autoDraw = False
58.6178 	EXP 	blackTrial: autoDraw = False
58.6178 	EXP 	whiteTrial: autoDraw = False
58.6178 	EXP 	TrialPicture: autoDraw = False
58.6178 	EXP 	green_1: autoDraw = False
58.6178 	EXP 	red_1: autoDraw = False
58.6178 	EXP 	whiteWaitInterTrial_2: size = array([0.75, 1.  ])
58.6178 	EXP 	blackWaitInterTrial_2: autoDraw = True
58.6178 	EXP 	whiteWaitInterTrial_2: autoDraw = True
58.6178 	EXP 	green_fb_1: autoDraw = True
58.6178 	EXP 	red_fb_1: autoDraw = True
60.3053 	EXP 	New trial (rep=16, index=0): None
60.3192 	EXP 	blackWaitInterTrial_2: autoDraw = False
60.3192 	EXP 	whiteWaitInterTrial_2: autoDraw = False
60.3192 	EXP 	green_fb_1: autoDraw = False
60.3192 	EXP 	red_fb_1: autoDraw = False
60.3192 	EXP 	blackWaitInterTrial_2: autoDraw = False
60.3192 	EXP 	whiteWaitInterTrial_2: autoDraw = False
60.3192 	EXP 	green_fb_1: autoDraw = False
60.3192 	EXP 	red_fb_1: autoDraw = False
60.3192 	EXP 	TrialPicture: size = array([0.75, 1.  ])
60.3192 	EXP 	TrialPicture: image = './stimuli/images/142.bmp'
60.3192 	EXP 	blackTrial: autoDraw = True
60.3192 	EXP 	whiteTrial: autoDraw = True
60.3192 	EXP 	TrialPicture: autoDraw = True
60.3192 	EXP 	green_1: autoDraw = True
60.3192 	EXP 	red_1: autoDraw = True
61.3201 	EXP 	blackTrial: autoDraw = False
61.3201 	EXP 	whiteTrial: autoDraw = False
61.3201 	EXP 	TrialPicture: autoDraw = False
61.3201 	EXP 	green_1: autoDraw = False
61.3201 	EXP 	red_1: autoDraw = False
61.3201 	EXP 	blackTrial: autoDraw = False
61.3201 	EXP 	whiteTrial: autoDraw = False
61.3201 	EXP 	TrialPicture: autoDraw = False
61.3201 	EXP 	green_1: autoDraw = False
61.3201 	EXP 	red_1: autoDraw = False
61.3201 	EXP 	whiteWaitInterTrial_2: size = array([0.75, 1.  ])
61.3201 	EXP 	blackWaitInterTrial_2: autoDraw = True
61.3201 	EXP 	whiteWaitInterTrial_2: autoDraw = True
61.3201 	EXP 	green_fb_1: autoDraw = True
61.3201 	EXP 	red_fb_1: autoDraw = True
63.1079 	EXP 	New trial (rep=17, index=0): None
63.1217 	EXP 	blackWaitInterTrial_2: autoDraw = False
63.1217 	EXP 	whiteWaitInterTrial_2: autoDraw = False
63.1217 	EXP 	green_fb_1: autoDraw = False
63.1217 	EXP 	red_fb_1: autoDraw = False
63.1217 	EXP 	blackWaitInterTrial_2: autoDraw = False
63.1217 	EXP 	whiteWaitInterTrial_2: autoDraw = False
63.1217 	EXP 	green_fb_1: autoDraw = False
63.1217 	EXP 	red_fb_1: autoDraw = False
63.1217 	EXP 	TrialPicture: size = array([0.75, 1.  ])
63.1217 	EXP 	TrialPicture: image = './stimuli/images/205.bmp'
63.1217 	EXP 	blackTrial: autoDraw = True
63.1217 	EXP 	whiteTrial: autoDraw = True
63.1217 	EXP 	TrialPicture: autoDraw = True
63.1217 	EXP 	green_1: autoDraw = True
63.1217 	EXP 	red_1: autoDraw = True
64.1225 	EXP 	blackTrial: autoDraw = False
64.1225 	EXP 	whiteTrial: autoDraw = False
64.1225 	EXP 	TrialPicture: autoDraw = False
64.1225 	EXP 	green_1: autoDraw = False
64.1225 	EXP 	red_1: autoDraw = False
64.1225 	EXP 	blackTrial: autoDraw = False
64.1225 	EXP 	whiteTrial: autoDraw = False
64.1225 	EXP 	TrialPicture: autoDraw = False
64.1225 	EXP 	green_1: autoDraw = False
64.1225 	EXP 	red_1: autoDraw = False
64.1225 	EXP 	whiteWaitInterTrial_2: size = array([0.75, 1.  ])
64.1225 	EXP 	blackWaitInterTrial_2: autoDraw = True
64.1225 	EXP 	whiteWaitInterTrial_2: autoDraw = True
64.1225 	EXP 	green_fb_1: autoDraw = True
64.1225 	EXP 	red_fb_1: autoDraw = True
65.7102 	EXP 	New trial (rep=18, index=0): None
65.7240 	EXP 	blackWaitInterTrial_2: autoDraw = False
65.7240 	EXP 	whiteWaitInterTrial_2: autoDraw = False
65.7240 	EXP 	green_fb_1: autoDraw = False
65.7240 	EXP 	red_fb_1: autoDraw = False
65.7240 	EXP 	blackWaitInterTrial_2: autoDraw = False
65.7240 	EXP 	whiteWaitInterTrial_2: autoDraw = False
65.7240 	EXP 	green_fb_1: autoDraw = False
65.7240 	EXP 	red_fb_1: autoDraw = False
65.7240 	EXP 	TrialPicture: size = array([0.75, 1.  ])
65.7240 	EXP 	TrialPicture: image = './stimuli/images/149.bmp'
65.7240 	EXP 	blackTrial: autoDraw = True
65.7240 	EXP 	whiteTrial: autoDraw = True
65.7240 	EXP 	TrialPicture: autoDraw = True
65.7240 	EXP 	green_1: autoDraw = True
65.7240 	EXP 	red_1: autoDraw = True
66.7248 	EXP 	blackTrial: autoDraw = False
66.7248 	EXP 	whiteTrial: autoDraw = False
66.7248 	EXP 	TrialPicture: autoDraw = False
66.7248 	EXP 	green_1: autoDraw = False
66.7248 	EXP 	red_1: autoDraw = False
66.7248 	EXP 	blackTrial: autoDraw = False
66.7248 	EXP 	whiteTrial: autoDraw = False
66.7248 	EXP 	TrialPicture: autoDraw = False
66.7248 	EXP 	green_1: autoDraw = False
66.7248 	EXP 	red_1: autoDraw = False
66.7248 	EXP 	whiteWaitInterTrial_2: size = array([0.75, 1.  ])
66.7248 	EXP 	blackWaitInterTrial_2: autoDraw = True
66.7248 	EXP 	whiteWaitInterTrial_2: autoDraw = True
66.7248 	EXP 	green_fb_1: autoDraw = True
66.7248 	EXP 	red_fb_1: autoDraw = True
68.4121 	EXP 	New trial (rep=19, index=0): None
68.4263 	EXP 	blackWaitInterTrial_2: autoDraw = False
68.4263 	EXP 	whiteWaitInterTrial_2: autoDraw = False
68.4263 	EXP 	green_fb_1: autoDraw = False
68.4263 	EXP 	red_fb_1: autoDraw = False
68.4263 	EXP 	blackWaitInterTrial_2: autoDraw = False
68.4263 	EXP 	whiteWaitInterTrial_2: autoDraw = False
68.4263 	EXP 	green_fb_1: autoDraw = False
68.4263 	EXP 	red_fb_1: autoDraw = False
68.4263 	EXP 	TrialPicture: size = array([0.75, 1.  ])
68.4263 	EXP 	TrialPicture: image = './stimuli/images/186.bmp'
68.4263 	EXP 	blackTrial: autoDraw = True
68.4263 	EXP 	whiteTrial: autoDraw = True
68.4263 	EXP 	TrialPicture: autoDraw = True
68.4263 	EXP 	green_1: autoDraw = True
68.4263 	EXP 	red_1: autoDraw = True
69.4272 	EXP 	blackTrial: autoDraw = False
69.4272 	EXP 	whiteTrial: autoDraw = False
69.4272 	EXP 	TrialPicture: autoDraw = False
69.4272 	EXP 	green_1: autoDraw = False
69.4272 	EXP 	red_1: autoDraw = False
69.4272 	EXP 	blackTrial: autoDraw = False
69.4272 	EXP 	whiteTrial: autoDraw = False
69.4272 	EXP 	TrialPicture: autoDraw = False
69.4272 	EXP 	green_1: autoDraw = False
69.4272 	EXP 	red_1: autoDraw = False
69.4272 	EXP 	whiteWaitInterTrial_2: size = array([0.75, 1.  ])
69.4272 	EXP 	blackWaitInterTrial_2: autoDraw = True
69.4272 	EXP 	whiteWaitInterTrial_2: autoDraw = True
69.4272 	EXP 	green_fb_1: autoDraw = True
69.4272 	EXP 	red_fb_1: autoDraw = True
71.1287 	EXP 	blackWaitInterTrial_2: autoDraw = False
71.1287 	EXP 	whiteWaitInterTrial_2: autoDraw = False
71.1287 	EXP 	green_fb_1: autoDraw = False
71.1287 	EXP 	red_fb_1: autoDraw = False
71.1287 	EXP 	blackWaitInterTrial_2: autoDraw = False
71.1287 	EXP 	whiteWaitInterTrial_2: autoDraw = False
71.1287 	EXP 	green_fb_1: autoDraw = False
71.1287 	EXP 	red_fb_1: autoDraw = False
71.1287 	EXP 	fixationImage: size = array([0.75, 1.  ])
71.1287 	EXP 	fixation: autoDraw = True
71.1287 	EXP 	fixationImage: autoDraw = True
73.1304 	EXP 	fixation: autoDraw = False
73.1304 	EXP 	fixationImage: autoDraw = False
73.1304 	EXP 	fixation: autoDraw = False
73.1304 	EXP 	fixationImage: autoDraw = False
73.1304 	EXP 	polygon_end: autoDraw = True
73.1304 	EXP 	end_text: autoDraw = True
75.1371 	WARNING 	Hamming was requested using the 'pygame' sound library but hamming is not supported there.
75.1374 	EXP 	Set sound_1 sound=./lib/sound/bird.wav
75.1374 	WARNING 	Hamming was requested using the 'pygame' sound library but hamming is not supported there.
75.1376 	EXP 	Set sound_2 sound=./lib/sound/bang.wav
75.1656 	EXP 	polygon_end: autoDraw = False
75.1656 	EXP 	end_text: autoDraw = False
75.1656 	EXP 	polygon_15: autoDraw = True
75.1656 	EXP 	descriptionText_15: autoDraw = True
76.0234 	DATA 	Keypress: space
76.0330 	EXP 	polygon_15: autoDraw = False
76.0330 	EXP 	descriptionText_15: autoDraw = False
76.0330 	EXP 	fixationImage10: size = array([0.75, 1.  ])
76.0330 	EXP 	fixation10: autoDraw = True
76.0330 	EXP 	fixationImage10: autoDraw = True
76.0330 	EXP 	text: autoDraw = True
77.0171 	EXP 	text_2: autoDraw = True
77.0338 	EXP 	text: autoDraw = False
78.0180 	EXP 	text_2: autoDraw = False
78.0180 	EXP 	text_3: autoDraw = True
79.0190 	EXP 	text_3: autoDraw = False
79.0208 	EXP 	Created sequence: sequential, trialTypes=1, nReps=1, seed=None
79.0210 	EXP 	New trial (rep=0, index=0): None
79.0523 	EXP 	fixation10: autoDraw = False
79.0523 	EXP 	fixationImage10: autoDraw = False
79.0523 	EXP 	fixation10: autoDraw = False
79.0523 	EXP 	fixationImage10: autoDraw = False
79.0523 	EXP 	text: autoDraw = False
79.0523 	EXP 	text_2: autoDraw = False
79.0523 	EXP 	text_3: autoDraw = False
79.0523 	EXP 	greenProc_2: size = array([1.6, 1.2])
79.0523 	EXP 	ProcTarget_2: size = array([0.75, 1.  ])
79.0523 	EXP 	ProcTarget_2: image = './stimuli/images/061.bmp'
79.0523 	EXP 	ProcPicture_2: size = array([0.75, 1.  ])
79.0523 	EXP 	ProcPicture_2: image = './stimuli/images/008.bmp'
79.0523 	EXP 	blackProc_2: autoDraw = True
79.0523 	EXP 	greenProc_2: autoDraw = True
79.0523 	EXP 	ProcTarget_2: autoDraw = True
79.0523 	EXP 	ProcPicture_2: autoDraw = True
82.5553 	EXP 	blackProc_2: autoDraw = False
82.5553 	EXP 	greenProc_2: autoDraw = False
82.5553 	EXP 	ProcTarget_2: autoDraw = False
82.5553 	EXP 	ProcPicture_2: autoDraw = False
82.5553 	EXP 	blackProc_2: autoDraw = False
82.5553 	EXP 	greenProc_2: autoDraw = False
82.5553 	EXP 	ProcTarget_2: autoDraw = False
82.5553 	EXP 	ProcPicture_2: autoDraw = False
82.5553 	EXP 	whiteWaitInterTrial_3: size = array([0.75, 1.  ])
82.5553 	EXP 	blackWaitInterTrial_3: autoDraw = True
82.5553 	EXP 	whiteWaitInterTrial_3: autoDraw = True
84.0424 	EXP 	Created sequence: sequential, trialTypes=1, nReps=20, seed=None
84.0426 	EXP 	New trial (rep=0, index=0): None
84.0733 	EXP 	blackWaitInterTrial_3: autoDraw = False
84.0733 	EXP 	whiteWaitInterTrial_3: autoDraw = False
84.0733 	EXP 	blackWaitInterTrial_3: autoDraw = False
84.0733 	EXP 	whiteWaitInterTrial_3: autoDraw = False
84.0733 	EXP 	TrialPicture_2: size = array([0.75, 1.  ])
84.0733 	EXP 	TrialPicture_2: image = './stimuli/images/152.bmp'
84.0733 	EXP 	blackTrial_2: autoDraw = True
84.0733 	EXP 	whiteTrial_2: autoDraw = True
84.0733 	EXP 	TrialPicture_2: autoDraw = True
84.0733 	EXP 	green_2: autoDraw = True
84.0733 	EXP 	red_2: autoDraw = True
85.0742 	EXP 	blackTrial_2: autoDraw = False
85.0742 	EXP 	whiteTrial_2: autoDraw = False
85.0742 	EXP 	TrialPicture_2: autoDraw = False
85.0742 	EXP 	green_2: autoDraw = False
85.0742 	EXP 	red_2: autoDraw = False
85.0742 	EXP 	blackTrial_2: autoDraw = False
85.0742 	EXP 	whiteTrial_2: autoDraw = False
85.0742 	EXP 	TrialPicture_2: autoDraw = False
85.0742 	EXP 	green_2: autoDraw = False
85.0742 	EXP 	red_2: autoDraw = False
85.0742 	EXP 	whiteWaitInterTrial_4: size = array([0.75, 1.  ])
85.0742 	EXP 	blackWaitInterTrial_4: autoDraw = True
85.0742 	EXP 	whiteWaitInterTrial_4: autoDraw = True
85.0742 	EXP 	green_fb_2: autoDraw = True
85.0742 	EXP 	red_fb_2: autoDraw = True
86.8620 	EXP 	New trial (rep=1, index=0): None
86.8758 	EXP 	blackWaitInterTrial_4: autoDraw = False
86.8758 	EXP 	whiteWaitInterTrial_4: autoDraw = False
86.8758 	EXP 	green_fb_2: autoDraw = False
86.8758 	EXP 	red_fb_2: autoDraw = False
86.8758 	EXP 	blackWaitInterTrial_4: autoDraw = False
86.8758 	EXP 	whiteWaitInterTrial_4: autoDraw = False
86.8758 	EXP 	green_fb_2: autoDraw = False
86.8758 	EXP 	red_fb_2: autoDraw = False
86.8758 	EXP 	TrialPicture_2: size = array([0.75, 1.  ])
86.8758 	EXP 	TrialPicture_2: image = './stimuli/images/061.bmp'
86.8758 	EXP 	blackTrial_2: autoDraw = True
86.8758 	EXP 	whiteTrial_2: autoDraw = True
86.8758 	EXP 	TrialPicture_2: autoDraw = True
86.8758 	EXP 	green_2: autoDraw = True
86.8758 	EXP 	red_2: autoDraw = True
87.8767 	EXP 	blackTrial_2: autoDraw = False
87.8767 	EXP 	whiteTrial_2: autoDraw = False
87.8767 	EXP 	TrialPicture_2: autoDraw = False
87.8767 	EXP 	green_2: autoDraw = False
87.8767 	EXP 	red_2: autoDraw = False
87.8767 	EXP 	blackTrial_2: autoDraw = False
87.8767 	EXP 	whiteTrial_2: autoDraw = False
87.8767 	EXP 	TrialPicture_2: autoDraw = False
87.8767 	EXP 	green_2: autoDraw = False
87.8767 	EXP 	red_2: autoDraw = False
87.8767 	EXP 	whiteWaitInterTrial_4: size = array([0.75, 1.  ])
87.8767 	EXP 	blackWaitInterTrial_4: autoDraw = True
87.8767 	EXP 	whiteWaitInterTrial_4: autoDraw = True
87.8767 	EXP 	green_fb_2: autoDraw = True
87.8767 	EXP 	red_fb_2: autoDraw = True
89.6646 	EXP 	New trial (rep=2, index=0): None
89.6782 	EXP 	blackWaitInterTrial_4: autoDraw = False
89.6782 	EXP 	whiteWaitInterTrial_4: autoDraw = False
89.6782 	EXP 	green_fb_2: autoDraw = False
89.6782 	EXP 	red_fb_2: autoDraw = False
89.6782 	EXP 	blackWaitInterTrial_4: autoDraw = False
89.6782 	EXP 	whiteWaitInterTrial_4: autoDraw = False
89.6782 	EXP 	green_fb_2: autoDraw = False
89.6782 	EXP 	red_fb_2: autoDraw = False
89.6782 	EXP 	TrialPicture_2: size = array([0.75, 1.  ])
89.6782 	EXP 	TrialPicture_2: image = './stimuli/images/008.bmp'
89.6782 	EXP 	blackTrial_2: autoDraw = True
89.6782 	EXP 	whiteTrial_2: autoDraw = True
89.6782 	EXP 	TrialPicture_2: autoDraw = True
89.6782 	EXP 	green_2: autoDraw = True
89.6782 	EXP 	red_2: autoDraw = True
90.6791 	EXP 	blackTrial_2: autoDraw = False
90.6791 	EXP 	whiteTrial_2: autoDraw = False
90.6791 	EXP 	TrialPicture_2: autoDraw = False
90.6791 	EXP 	green_2: autoDraw = False
90.6791 	EXP 	red_2: autoDraw = False
90.6791 	EXP 	blackTrial_2: autoDraw = False
90.6791 	EXP 	whiteTrial_2: autoDraw = False
90.6791 	EXP 	TrialPicture_2: autoDraw = False
90.6791 	EXP 	green_2: autoDraw = False
90.6791 	EXP 	red_2: autoDraw = False
90.6791 	EXP 	whiteWaitInterTrial_4: size = array([0.75, 1.  ])
90.6791 	EXP 	blackWaitInterTrial_4: autoDraw = True
90.6791 	EXP 	whiteWaitInterTrial_4: autoDraw = True
90.6791 	EXP 	green_fb_2: autoDraw = True
90.6791 	EXP 	red_fb_2: autoDraw = True
92.3666 	EXP 	New trial (rep=3, index=0): None
92.3806 	EXP 	blackWaitInterTrial_4: autoDraw = False
92.3806 	EXP 	whiteWaitInterTrial_4: autoDraw = False
92.3806 	EXP 	green_fb_2: autoDraw = False
92.3806 	EXP 	red_fb_2: autoDraw = False
92.3806 	EXP 	blackWaitInterTrial_4: autoDraw = False
92.3806 	EXP 	whiteWaitInterTrial_4: autoDraw = False
92.3806 	EXP 	green_fb_2: autoDraw = False
92.3806 	EXP 	red_fb_2: autoDraw = False
92.3806 	EXP 	TrialPicture_2: size = array([0.75, 1.  ])
92.3806 	EXP 	TrialPicture_2: image = './stimuli/images/086.bmp'
92.3806 	EXP 	blackTrial_2: autoDraw = True
92.3806 	EXP 	whiteTrial_2: autoDraw = True
92.3806 	EXP 	TrialPicture_2: autoDraw = True
92.3806 	EXP 	green_2: autoDraw = True
92.3806 	EXP 	red_2: autoDraw = True
93.3815 	EXP 	blackTrial_2: autoDraw = False
93.3815 	EXP 	whiteTrial_2: autoDraw = False
93.3815 	EXP 	TrialPicture_2: autoDraw = False
93.3815 	EXP 	green_2: autoDraw = False
93.3815 	EXP 	red_2: autoDraw = False
93.3815 	EXP 	blackTrial_2: autoDraw = False
93.3815 	EXP 	whiteTrial_2: autoDraw = False
93.3815 	EXP 	TrialPicture_2: autoDraw = False
93.3815 	EXP 	green_2: autoDraw = False
93.3815 	EXP 	red_2: autoDraw = False
93.3815 	EXP 	whiteWaitInterTrial_4: size = array([0.75, 1.  ])
93.3815 	EXP 	blackWaitInterTrial_4: autoDraw = True
93.3815 	EXP 	whiteWaitInterTrial_4: autoDraw = True
93.3815 	EXP 	green_fb_2: autoDraw = True
93.3815 	EXP 	red_fb_2: autoDraw = True
95.0692 	EXP 	New trial (rep=4, index=0): None
95.0830 	EXP 	blackWaitInterTrial_4: autoDraw = False
95.0830 	EXP 	whiteWaitInterTrial_4: autoDraw = False
95.0830 	EXP 	green_fb_2: autoDraw = False
95.0830 	EXP 	red_fb_2: autoDraw = False
95.0830 	EXP 	blackWaitInterTrial_4: autoDraw = False
95.0830 	EXP 	whiteWaitInterTrial_4: autoDraw = False
95.0830 	EXP 	green_fb_2: autoDraw = False
95.0830 	EXP 	red_fb_2: autoDraw = False
95.0830 	EXP 	TrialPicture_2: size = array([0.75, 1.  ])
95.0830 	EXP 	TrialPicture_2: image = './stimuli/images/152.bmp'
95.0830 	EXP 	blackTrial_2: autoDraw = True
95.0830 	EXP 	whiteTrial_2: autoDraw = True
95.0830 	EXP 	TrialPicture_2: autoDraw = True
95.0830 	EXP 	green_2: autoDraw = True
95.0830 	EXP 	red_2: autoDraw = True
96.0838 	EXP 	blackTrial_2: autoDraw = False
96.0838 	EXP 	whiteTrial_2: autoDraw = False
96.0838 	EXP 	TrialPicture_2: autoDraw = False
96.0838 	EXP 	green_2: autoDraw = False
96.0838 	EXP 	red_2: autoDraw = False
96.0838 	EXP 	blackTrial_2: autoDraw = False
96.0838 	EXP 	whiteTrial_2: autoDraw = False
96.0838 	EXP 	TrialPicture_2: autoDraw = False
96.0838 	EXP 	green_2: autoDraw = False
96.0838 	EXP 	red_2: autoDraw = False
96.0838 	EXP 	whiteWaitInterTrial_4: size = array([0.75, 1.  ])
96.0838 	EXP 	blackWaitInterTrial_4: autoDraw = True
96.0838 	EXP 	whiteWaitInterTrial_4: autoDraw = True
96.0838 	EXP 	green_fb_2: autoDraw = True
96.0838 	EXP 	red_fb_2: autoDraw = True
97.6711 	EXP 	New trial (rep=5, index=0): None
97.6852 	EXP 	blackWaitInterTrial_4: autoDraw = False
97.6852 	EXP 	whiteWaitInterTrial_4: autoDraw = False
97.6852 	EXP 	green_fb_2: autoDraw = False
97.6852 	EXP 	red_fb_2: autoDraw = False
97.6852 	EXP 	blackWaitInterTrial_4: autoDraw = False
97.6852 	EXP 	whiteWaitInterTrial_4: autoDraw = False
97.6852 	EXP 	green_fb_2: autoDraw = False
97.6852 	EXP 	red_fb_2: autoDraw = False
97.6852 	EXP 	TrialPicture_2: size = array([0.75, 1.  ])
97.6852 	EXP 	TrialPicture_2: image = './stimuli/images/061.bmp'
97.6852 	EXP 	blackTrial_2: autoDraw = True
97.6852 	EXP 	whiteTrial_2: autoDraw = True
97.6852 	EXP 	TrialPicture_2: autoDraw = True
97.6852 	EXP 	green_2: autoDraw = True
97.6852 	EXP 	red_2: autoDraw = True
98.6867 	EXP 	blackTrial_2: autoDraw = False
98.6867 	EXP 	whiteTrial_2: autoDraw = False
98.6867 	EXP 	TrialPicture_2: autoDraw = False
98.6867 	EXP 	green_2: autoDraw = False
98.6867 	EXP 	red_2: autoDraw = False
98.6867 	EXP 	blackTrial_2: autoDraw = False
98.6867 	EXP 	whiteTrial_2: autoDraw = False
98.6867 	EXP 	TrialPicture_2: autoDraw = False
98.6867 	EXP 	green_2: autoDraw = False
98.6867 	EXP 	red_2: autoDraw = False
98.6867 	EXP 	whiteWaitInterTrial_4: size = array([0.75, 1.  ])
98.6867 	EXP 	blackWaitInterTrial_4: autoDraw = True
98.6867 	EXP 	whiteWaitInterTrial_4: autoDraw = True
98.6867 	EXP 	green_fb_2: autoDraw = True
98.6867 	EXP 	red_fb_2: autoDraw = True
100.3739 	EXP 	New trial (rep=6, index=0): None
100.3876 	EXP 	blackWaitInterTrial_4: autoDraw = False
100.3876 	EXP 	whiteWaitInterTrial_4: autoDraw = False
100.3876 	EXP 	green_fb_2: autoDraw = False
100.3876 	EXP 	red_fb_2: autoDraw = False
100.3876 	EXP 	blackWaitInterTrial_4: autoDraw = False
100.3876 	EXP 	whiteWaitInterTrial_4: autoDraw = False
100.3876 	EXP 	green_fb_2: autoDraw = False
100.3876 	EXP 	red_fb_2: autoDraw = False
100.3876 	EXP 	TrialPicture_2: size = array([0.75, 1.  ])
100.3876 	EXP 	TrialPicture_2: image = './stimuli/images/008.bmp'
100.3876 	EXP 	blackTrial_2: autoDraw = True
100.3876 	EXP 	whiteTrial_2: autoDraw = True
100.3876 	EXP 	TrialPicture_2: autoDraw = True
100.3876 	EXP 	green_2: autoDraw = True
100.3876 	EXP 	red_2: autoDraw = True
101.3885 	EXP 	blackTrial_2: autoDraw = False
101.3885 	EXP 	whiteTrial_2: autoDraw = False
101.3885 	EXP 	TrialPicture_2: autoDraw = False
101.3885 	EXP 	green_2: autoDraw = False
101.3885 	EXP 	red_2: autoDraw = False
101.3885 	EXP 	blackTrial_2: autoDraw = False
101.3885 	EXP 	whiteTrial_2: autoDraw = False
101.3885 	EXP 	TrialPicture_2: autoDraw = False
101.3885 	EXP 	green_2: autoDraw = False
101.3885 	EXP 	red_2: autoDraw = False
101.3885 	EXP 	whiteWaitInterTrial_4: size = array([0.75, 1.  ])
101.3885 	EXP 	blackWaitInterTrial_4: autoDraw = True
101.3885 	EXP 	whiteWaitInterTrial_4: autoDraw = True
101.3885 	EXP 	green_fb_2: autoDraw = True
101.3885 	EXP 	red_fb_2: autoDraw = True
103.0757 	EXP 	New trial (rep=7, index=0): None
103.0900 	EXP 	blackWaitInterTrial_4: autoDraw = False
103.0900 	EXP 	whiteWaitInterTrial_4: autoDraw = False
103.0900 	EXP 	green_fb_2: autoDraw = False
103.0900 	EXP 	red_fb_2: autoDraw = False
103.0900 	EXP 	blackWaitInterTrial_4: autoDraw = False
103.0900 	EXP 	whiteWaitInterTrial_4: autoDraw = False
103.0900 	EXP 	green_fb_2: autoDraw = False
103.0900 	EXP 	red_fb_2: autoDraw = False
103.0900 	EXP 	TrialPicture_2: size = array([0.75, 1.  ])
103.0900 	EXP 	TrialPicture_2: image = './stimuli/images/086.bmp'
103.0900 	EXP 	blackTrial_2: autoDraw = True
103.0900 	EXP 	whiteTrial_2: autoDraw = True
103.0900 	EXP 	TrialPicture_2: autoDraw = True
103.0900 	EXP 	green_2: autoDraw = True
103.0900 	EXP 	red_2: autoDraw = True
104.0908 	EXP 	blackTrial_2: autoDraw = False
104.0908 	EXP 	whiteTrial_2: autoDraw = False
104.0908 	EXP 	TrialPicture_2: autoDraw = False
104.0908 	EXP 	green_2: autoDraw = False
104.0908 	EXP 	red_2: autoDraw = False
104.0908 	EXP 	blackTrial_2: autoDraw = False
104.0908 	EXP 	whiteTrial_2: autoDraw = False
104.0908 	EXP 	TrialPicture_2: autoDraw = False
104.0908 	EXP 	green_2: autoDraw = False
104.0908 	EXP 	red_2: autoDraw = False
104.0908 	EXP 	whiteWaitInterTrial_4: size = array([0.75, 1.  ])
104.0908 	EXP 	blackWaitInterTrial_4: autoDraw = True
104.0908 	EXP 	whiteWaitInterTrial_4: autoDraw = True
104.0908 	EXP 	green_fb_2: autoDraw = True
104.0908 	EXP 	red_fb_2: autoDraw = True
105.8784 	EXP 	New trial (rep=8, index=0): None
105.8924 	EXP 	blackWaitInterTrial_4: autoDraw = False
105.8924 	EXP 	whiteWaitInterTrial_4: autoDraw = False
105.8924 	EXP 	green_fb_2: autoDraw = False
105.8924 	EXP 	red_fb_2: autoDraw = False
105.8924 	EXP 	blackWaitInterTrial_4: autoDraw = False
105.8924 	EXP 	whiteWaitInterTrial_4: autoDraw = False
105.8924 	EXP 	green_fb_2: autoDraw = False
105.8924 	EXP 	red_fb_2: autoDraw = False
105.8924 	EXP 	TrialPicture_2: size = array([0.75, 1.  ])
105.8924 	EXP 	TrialPicture_2: image = './stimuli/images/061.bmp'
105.8924 	EXP 	blackTrial_2: autoDraw = True
105.8924 	EXP 	whiteTrial_2: autoDraw = True
105.8924 	EXP 	TrialPicture_2: autoDraw = True
105.8924 	EXP 	green_2: autoDraw = True
105.8924 	EXP 	red_2: autoDraw = True
106.5619 	EXP 	Sound sound_2 started
106.5645 	DATA 	Keypress: l
106.8933 	EXP 	blackTrial_2: autoDraw = False
106.8933 	EXP 	whiteTrial_2: autoDraw = False
106.8933 	EXP 	TrialPicture_2: autoDraw = False
106.8933 	EXP 	green_2: autoDraw = False
106.8933 	EXP 	red_2: autoDraw = False
106.8933 	EXP 	blackTrial_2: autoDraw = False
106.8933 	EXP 	whiteTrial_2: autoDraw = False
106.8933 	EXP 	TrialPicture_2: autoDraw = False
106.8933 	EXP 	green_2: autoDraw = False
106.8933 	EXP 	red_2: autoDraw = False
106.8933 	EXP 	whiteWaitInterTrial_4: size = array([0.75, 1.  ])
106.8933 	EXP 	blackWaitInterTrial_4: autoDraw = True
106.8933 	EXP 	whiteWaitInterTrial_4: autoDraw = True
106.8933 	EXP 	green_fb_2: autoDraw = True
106.8933 	EXP 	red_fb_2: autoDraw = True
108.5806 	EXP 	New trial (rep=9, index=0): None
108.5948 	EXP 	blackWaitInterTrial_4: autoDraw = False
108.5948 	EXP 	whiteWaitInterTrial_4: autoDraw = False
108.5948 	EXP 	green_fb_2: autoDraw = False
108.5948 	EXP 	red_fb_2: autoDraw = False
108.5948 	EXP 	blackWaitInterTrial_4: autoDraw = False
108.5948 	EXP 	whiteWaitInterTrial_4: autoDraw = False
108.5948 	EXP 	green_fb_2: autoDraw = False
108.5948 	EXP 	red_fb_2: autoDraw = False
108.5948 	EXP 	TrialPicture_2: size = array([0.75, 1.  ])
108.5948 	EXP 	TrialPicture_2: image = './stimuli/images/152.bmp'
108.5948 	EXP 	blackTrial_2: autoDraw = True
108.5948 	EXP 	whiteTrial_2: autoDraw = True
108.5948 	EXP 	TrialPicture_2: autoDraw = True
108.5948 	EXP 	green_2: autoDraw = True
108.5948 	EXP 	red_2: autoDraw = True
109.5957 	EXP 	blackTrial_2: autoDraw = False
109.5957 	EXP 	whiteTrial_2: autoDraw = False
109.5957 	EXP 	TrialPicture_2: autoDraw = False
109.5957 	EXP 	green_2: autoDraw = False
109.5957 	EXP 	red_2: autoDraw = False
109.5957 	EXP 	blackTrial_2: autoDraw = False
109.5957 	EXP 	whiteTrial_2: autoDraw = False
109.5957 	EXP 	TrialPicture_2: autoDraw = False
109.5957 	EXP 	green_2: autoDraw = False
109.5957 	EXP 	red_2: autoDraw = False
109.5957 	EXP 	whiteWaitInterTrial_4: size = array([0.75, 1.  ])
109.5957 	EXP 	blackWaitInterTrial_4: autoDraw = True
109.5957 	EXP 	whiteWaitInterTrial_4: autoDraw = True
109.5957 	EXP 	green_fb_2: autoDraw = True
109.5957 	EXP 	red_fb_2: autoDraw = True
111.1834 	EXP 	New trial (rep=10, index=0): None
111.1970 	EXP 	blackWaitInterTrial_4: autoDraw = False
111.1970 	EXP 	whiteWaitInterTrial_4: autoDraw = False
111.1970 	EXP 	green_fb_2: autoDraw = False
111.1970 	EXP 	red_fb_2: autoDraw = False
111.1970 	EXP 	blackWaitInterTrial_4: autoDraw = False
111.1970 	EXP 	whiteWaitInterTrial_4: autoDraw = False
111.1970 	EXP 	green_fb_2: autoDraw = False
111.1970 	EXP 	red_fb_2: autoDraw = False
111.1970 	EXP 	TrialPicture_2: size = array([0.75, 1.  ])
111.1970 	EXP 	TrialPicture_2: image = './stimuli/images/152.bmp'
111.1970 	EXP 	blackTrial_2: autoDraw = True
111.1970 	EXP 	whiteTrial_2: autoDraw = True
111.1970 	EXP 	TrialPicture_2: autoDraw = True
111.1970 	EXP 	green_2: autoDraw = True
111.1970 	EXP 	red_2: autoDraw = True
112.1979 	EXP 	blackTrial_2: autoDraw = False
112.1979 	EXP 	whiteTrial_2: autoDraw = False
112.1979 	EXP 	TrialPicture_2: autoDraw = False
112.1979 	EXP 	green_2: autoDraw = False
112.1979 	EXP 	red_2: autoDraw = False
112.1979 	EXP 	blackTrial_2: autoDraw = False
112.1979 	EXP 	whiteTrial_2: autoDraw = False
112.1979 	EXP 	TrialPicture_2: autoDraw = False
112.1979 	EXP 	green_2: autoDraw = False
112.1979 	EXP 	red_2: autoDraw = False
112.1979 	EXP 	whiteWaitInterTrial_4: size = array([0.75, 1.  ])
112.1979 	EXP 	blackWaitInterTrial_4: autoDraw = True
112.1979 	EXP 	whiteWaitInterTrial_4: autoDraw = True
112.1979 	EXP 	green_fb_2: autoDraw = True
112.1979 	EXP 	red_fb_2: autoDraw = True
113.8852 	EXP 	New trial (rep=11, index=0): None
113.8994 	EXP 	blackWaitInterTrial_4: autoDraw = False
113.8994 	EXP 	whiteWaitInterTrial_4: autoDraw = False
113.8994 	EXP 	green_fb_2: autoDraw = False
113.8994 	EXP 	red_fb_2: autoDraw = False
113.8994 	EXP 	blackWaitInterTrial_4: autoDraw = False
113.8994 	EXP 	whiteWaitInterTrial_4: autoDraw = False
113.8994 	EXP 	green_fb_2: autoDraw = False
113.8994 	EXP 	red_fb_2: autoDraw = False
113.8994 	EXP 	TrialPicture_2: size = array([0.75, 1.  ])
113.8994 	EXP 	TrialPicture_2: image = './stimuli/images/086.bmp'
113.8994 	EXP 	blackTrial_2: autoDraw = True
113.8994 	EXP 	whiteTrial_2: autoDraw = True
113.8994 	EXP 	TrialPicture_2: autoDraw = True
113.8994 	EXP 	green_2: autoDraw = True
113.8994 	EXP 	red_2: autoDraw = True
114.9003 	EXP 	blackTrial_2: autoDraw = False
114.9003 	EXP 	whiteTrial_2: autoDraw = False
114.9003 	EXP 	TrialPicture_2: autoDraw = False
114.9003 	EXP 	green_2: autoDraw = False
114.9003 	EXP 	red_2: autoDraw = False
114.9003 	EXP 	blackTrial_2: autoDraw = False
114.9003 	EXP 	whiteTrial_2: autoDraw = False
114.9003 	EXP 	TrialPicture_2: autoDraw = False
114.9003 	EXP 	green_2: autoDraw = False
114.9003 	EXP 	red_2: autoDraw = False
114.9003 	EXP 	whiteWaitInterTrial_4: size = array([0.75, 1.  ])
114.9003 	EXP 	blackWaitInterTrial_4: autoDraw = True
114.9003 	EXP 	whiteWaitInterTrial_4: autoDraw = True
114.9003 	EXP 	green_fb_2: autoDraw = True
114.9003 	EXP 	red_fb_2: autoDraw = True
116.4879 	EXP 	New trial (rep=12, index=0): None
116.5017 	EXP 	blackWaitInterTrial_4: autoDraw = False
116.5017 	EXP 	whiteWaitInterTrial_4: autoDraw = False
116.5017 	EXP 	green_fb_2: autoDraw = False
116.5017 	EXP 	red_fb_2: autoDraw = False
116.5017 	EXP 	blackWaitInterTrial_4: autoDraw = False
116.5017 	EXP 	whiteWaitInterTrial_4: autoDraw = False
116.5017 	EXP 	green_fb_2: autoDraw = False
116.5017 	EXP 	red_fb_2: autoDraw = False
116.5017 	EXP 	TrialPicture_2: size = array([0.75, 1.  ])
116.5017 	EXP 	TrialPicture_2: image = './stimuli/images/152.bmp'
116.5017 	EXP 	blackTrial_2: autoDraw = True
116.5017 	EXP 	whiteTrial_2: autoDraw = True
116.5017 	EXP 	TrialPicture_2: autoDraw = True
116.5017 	EXP 	green_2: autoDraw = True
116.5017 	EXP 	red_2: autoDraw = True
117.5026 	EXP 	blackTrial_2: autoDraw = False
117.5026 	EXP 	whiteTrial_2: autoDraw = False
117.5026 	EXP 	TrialPicture_2: autoDraw = False
117.5026 	EXP 	green_2: autoDraw = False
117.5026 	EXP 	red_2: autoDraw = False
117.5026 	EXP 	blackTrial_2: autoDraw = False
117.5026 	EXP 	whiteTrial_2: autoDraw = False
117.5026 	EXP 	TrialPicture_2: autoDraw = False
117.5026 	EXP 	green_2: autoDraw = False
117.5026 	EXP 	red_2: autoDraw = False
117.5026 	EXP 	whiteWaitInterTrial_4: size = array([0.75, 1.  ])
117.5026 	EXP 	blackWaitInterTrial_4: autoDraw = True
117.5026 	EXP 	whiteWaitInterTrial_4: autoDraw = True
117.5026 	EXP 	green_fb_2: autoDraw = True
117.5026 	EXP 	red_fb_2: autoDraw = True
119.0903 	EXP 	New trial (rep=13, index=0): None
119.1039 	EXP 	blackWaitInterTrial_4: autoDraw = False
119.1039 	EXP 	whiteWaitInterTrial_4: autoDraw = False
119.1039 	EXP 	green_fb_2: autoDraw = False
119.1039 	EXP 	red_fb_2: autoDraw = False
119.1039 	EXP 	blackWaitInterTrial_4: autoDraw = False
119.1039 	EXP 	whiteWaitInterTrial_4: autoDraw = False
119.1039 	EXP 	green_fb_2: autoDraw = False
119.1039 	EXP 	red_fb_2: autoDraw = False
119.1039 	EXP 	TrialPicture_2: size = array([0.75, 1.  ])
119.1039 	EXP 	TrialPicture_2: image = './stimuli/images/061.bmp'
119.1039 	EXP 	blackTrial_2: autoDraw = True
119.1039 	EXP 	whiteTrial_2: autoDraw = True
119.1039 	EXP 	TrialPicture_2: autoDraw = True
119.1039 	EXP 	green_2: autoDraw = True
119.1039 	EXP 	red_2: autoDraw = True
120.1048 	EXP 	blackTrial_2: autoDraw = False
120.1048 	EXP 	whiteTrial_2: autoDraw = False
120.1048 	EXP 	TrialPicture_2: autoDraw = False
120.1048 	EXP 	green_2: autoDraw = False
120.1048 	EXP 	red_2: autoDraw = False
120.1048 	EXP 	blackTrial_2: autoDraw = False
120.1048 	EXP 	whiteTrial_2: autoDraw = False
120.1048 	EXP 	TrialPicture_2: autoDraw = False
120.1048 	EXP 	green_2: autoDraw = False
120.1048 	EXP 	red_2: autoDraw = False
120.1048 	EXP 	whiteWaitInterTrial_4: size = array([0.75, 1.  ])
120.1048 	EXP 	blackWaitInterTrial_4: autoDraw = True
120.1048 	EXP 	whiteWaitInterTrial_4: autoDraw = True
120.1048 	EXP 	green_fb_2: autoDraw = True
120.1048 	EXP 	red_fb_2: autoDraw = True
121.7925 	EXP 	New trial (rep=14, index=0): None
121.8063 	EXP 	blackWaitInterTrial_4: autoDraw = False
121.8063 	EXP 	whiteWaitInterTrial_4: autoDraw = False
121.8063 	EXP 	green_fb_2: autoDraw = False
121.8063 	EXP 	red_fb_2: autoDraw = False
121.8063 	EXP 	blackWaitInterTrial_4: autoDraw = False
121.8063 	EXP 	whiteWaitInterTrial_4: autoDraw = False
121.8063 	EXP 	green_fb_2: autoDraw = False
121.8063 	EXP 	red_fb_2: autoDraw = False
121.8063 	EXP 	TrialPicture_2: size = array([0.75, 1.  ])
121.8063 	EXP 	TrialPicture_2: image = './stimuli/images/008.bmp'
121.8063 	EXP 	blackTrial_2: autoDraw = True
121.8063 	EXP 	whiteTrial_2: autoDraw = True
121.8063 	EXP 	TrialPicture_2: autoDraw = True
121.8063 	EXP 	green_2: autoDraw = True
121.8063 	EXP 	red_2: autoDraw = True
122.8072 	EXP 	blackTrial_2: autoDraw = False
122.8072 	EXP 	whiteTrial_2: autoDraw = False
122.8072 	EXP 	TrialPicture_2: autoDraw = False
122.8072 	EXP 	green_2: autoDraw = False
122.8072 	EXP 	red_2: autoDraw = False
122.8072 	EXP 	blackTrial_2: autoDraw = False
122.8072 	EXP 	whiteTrial_2: autoDraw = False
122.8072 	EXP 	TrialPicture_2: autoDraw = False
122.8072 	EXP 	green_2: autoDraw = False
122.8072 	EXP 	red_2: autoDraw = False
122.8072 	EXP 	whiteWaitInterTrial_4: size = array([0.75, 1.  ])
122.8072 	EXP 	blackWaitInterTrial_4: autoDraw = True
122.8072 	EXP 	whiteWaitInterTrial_4: autoDraw = True
122.8072 	EXP 	green_fb_2: autoDraw = True
122.8072 	EXP 	red_fb_2: autoDraw = True
124.4945 	EXP 	New trial (rep=15, index=0): None
124.5086 	EXP 	blackWaitInterTrial_4: autoDraw = False
124.5086 	EXP 	whiteWaitInterTrial_4: autoDraw = False
124.5086 	EXP 	green_fb_2: autoDraw = False
124.5086 	EXP 	red_fb_2: autoDraw = False
124.5086 	EXP 	blackWaitInterTrial_4: autoDraw = False
124.5086 	EXP 	whiteWaitInterTrial_4: autoDraw = False
124.5086 	EXP 	green_fb_2: autoDraw = False
124.5086 	EXP 	red_fb_2: autoDraw = False
124.5086 	EXP 	TrialPicture_2: size = array([0.75, 1.  ])
124.5086 	EXP 	TrialPicture_2: image = './stimuli/images/086.bmp'
124.5086 	EXP 	blackTrial_2: autoDraw = True
124.5086 	EXP 	whiteTrial_2: autoDraw = True
124.5086 	EXP 	TrialPicture_2: autoDraw = True
124.5086 	EXP 	green_2: autoDraw = True
124.5086 	EXP 	red_2: autoDraw = True
125.5096 	EXP 	blackTrial_2: autoDraw = False
125.5096 	EXP 	whiteTrial_2: autoDraw = False
125.5096 	EXP 	TrialPicture_2: autoDraw = False
125.5096 	EXP 	green_2: autoDraw = False
125.5096 	EXP 	red_2: autoDraw = False
125.5096 	EXP 	blackTrial_2: autoDraw = False
125.5096 	EXP 	whiteTrial_2: autoDraw = False
125.5096 	EXP 	TrialPicture_2: autoDraw = False
125.5096 	EXP 	green_2: autoDraw = False
125.5096 	EXP 	red_2: autoDraw = False
125.5096 	EXP 	whiteWaitInterTrial_4: size = array([0.75, 1.  ])
125.5096 	EXP 	blackWaitInterTrial_4: autoDraw = True
125.5096 	EXP 	whiteWaitInterTrial_4: autoDraw = True
125.5096 	EXP 	green_fb_2: autoDraw = True
125.5096 	EXP 	red_fb_2: autoDraw = True
127.2973 	EXP 	New trial (rep=16, index=0): None
127.3111 	EXP 	blackWaitInterTrial_4: autoDraw = False
127.3111 	EXP 	whiteWaitInterTrial_4: autoDraw = False
127.3111 	EXP 	green_fb_2: autoDraw = False
127.3111 	EXP 	red_fb_2: autoDraw = False
127.3111 	EXP 	blackWaitInterTrial_4: autoDraw = False
127.3111 	EXP 	whiteWaitInterTrial_4: autoDraw = False
127.3111 	EXP 	green_fb_2: autoDraw = False
127.3111 	EXP 	red_fb_2: autoDraw = False
127.3111 	EXP 	TrialPicture_2: size = array([0.75, 1.  ])
127.3111 	EXP 	TrialPicture_2: image = './stimuli/images/152.bmp'
127.3111 	EXP 	blackTrial_2: autoDraw = True
127.3111 	EXP 	whiteTrial_2: autoDraw = True
127.3111 	EXP 	TrialPicture_2: autoDraw = True
127.3111 	EXP 	green_2: autoDraw = True
127.3111 	EXP 	red_2: autoDraw = True
128.3120 	EXP 	blackTrial_2: autoDraw = False
128.3120 	EXP 	whiteTrial_2: autoDraw = False
128.3120 	EXP 	TrialPicture_2: autoDraw = False
128.3120 	EXP 	green_2: autoDraw = False
128.3120 	EXP 	red_2: autoDraw = False
128.3120 	EXP 	blackTrial_2: autoDraw = False
128.3120 	EXP 	whiteTrial_2: autoDraw = False
128.3120 	EXP 	TrialPicture_2: autoDraw = False
128.3120 	EXP 	green_2: autoDraw = False
128.3120 	EXP 	red_2: autoDraw = False
128.3120 	EXP 	whiteWaitInterTrial_4: size = array([0.75, 1.  ])
128.3120 	EXP 	blackWaitInterTrial_4: autoDraw = True
128.3120 	EXP 	whiteWaitInterTrial_4: autoDraw = True
128.3120 	EXP 	green_fb_2: autoDraw = True
128.3120 	EXP 	red_fb_2: autoDraw = True
130.0002 	EXP 	New trial (rep=17, index=0): None
130.0135 	EXP 	blackWaitInterTrial_4: autoDraw = False
130.0135 	EXP 	whiteWaitInterTrial_4: autoDraw = False
130.0135 	EXP 	green_fb_2: autoDraw = False
130.0135 	EXP 	red_fb_2: autoDraw = False
130.0135 	EXP 	blackWaitInterTrial_4: autoDraw = False
130.0135 	EXP 	whiteWaitInterTrial_4: autoDraw = False
130.0135 	EXP 	green_fb_2: autoDraw = False
130.0135 	EXP 	red_fb_2: autoDraw = False
130.0135 	EXP 	TrialPicture_2: size = array([0.75, 1.  ])
130.0135 	EXP 	TrialPicture_2: image = './stimuli/images/061.bmp'
130.0135 	EXP 	blackTrial_2: autoDraw = True
130.0135 	EXP 	whiteTrial_2: autoDraw = True
130.0135 	EXP 	TrialPicture_2: autoDraw = True
130.0135 	EXP 	green_2: autoDraw = True
130.0135 	EXP 	red_2: autoDraw = True
131.0144 	EXP 	blackTrial_2: autoDraw = False
131.0144 	EXP 	whiteTrial_2: autoDraw = False
131.0144 	EXP 	TrialPicture_2: autoDraw = False
131.0144 	EXP 	green_2: autoDraw = False
131.0144 	EXP 	red_2: autoDraw = False
131.0144 	EXP 	blackTrial_2: autoDraw = False
131.0144 	EXP 	whiteTrial_2: autoDraw = False
131.0144 	EXP 	TrialPicture_2: autoDraw = False
131.0144 	EXP 	green_2: autoDraw = False
131.0144 	EXP 	red_2: autoDraw = False
131.0144 	EXP 	whiteWaitInterTrial_4: size = array([0.75, 1.  ])
131.0144 	EXP 	blackWaitInterTrial_4: autoDraw = True
131.0144 	EXP 	whiteWaitInterTrial_4: autoDraw = True
131.0144 	EXP 	green_fb_2: autoDraw = True
131.0144 	EXP 	red_fb_2: autoDraw = True
132.6021 	EXP 	New trial (rep=18, index=0): None
132.6158 	EXP 	blackWaitInterTrial_4: autoDraw = False
132.6158 	EXP 	whiteWaitInterTrial_4: autoDraw = False
132.6158 	EXP 	green_fb_2: autoDraw = False
132.6158 	EXP 	red_fb_2: autoDraw = False
132.6158 	EXP 	blackWaitInterTrial_4: autoDraw = False
132.6158 	EXP 	whiteWaitInterTrial_4: autoDraw = False
132.6158 	EXP 	green_fb_2: autoDraw = False
132.6158 	EXP 	red_fb_2: autoDraw = False
132.6158 	EXP 	TrialPicture_2: size = array([0.75, 1.  ])
132.6158 	EXP 	TrialPicture_2: image = './stimuli/images/008.bmp'
132.6158 	EXP 	blackTrial_2: autoDraw = True
132.6158 	EXP 	whiteTrial_2: autoDraw = True
132.6158 	EXP 	TrialPicture_2: autoDraw = True
132.6158 	EXP 	green_2: autoDraw = True
132.6158 	EXP 	red_2: autoDraw = True
133.6166 	EXP 	blackTrial_2: autoDraw = False
133.6166 	EXP 	whiteTrial_2: autoDraw = False
133.6166 	EXP 	TrialPicture_2: autoDraw = False
133.6166 	EXP 	green_2: autoDraw = False
133.6166 	EXP 	red_2: autoDraw = False
133.6166 	EXP 	blackTrial_2: autoDraw = False
133.6166 	EXP 	whiteTrial_2: autoDraw = False
133.6166 	EXP 	TrialPicture_2: autoDraw = False
133.6166 	EXP 	green_2: autoDraw = False
133.6166 	EXP 	red_2: autoDraw = False
133.6166 	EXP 	whiteWaitInterTrial_4: size = array([0.75, 1.  ])
133.6166 	EXP 	blackWaitInterTrial_4: autoDraw = True
133.6166 	EXP 	whiteWaitInterTrial_4: autoDraw = True
133.6166 	EXP 	green_fb_2: autoDraw = True
133.6166 	EXP 	red_fb_2: autoDraw = True
135.3036 	EXP 	New trial (rep=19, index=0): None
135.3181 	EXP 	blackWaitInterTrial_4: autoDraw = False
135.3181 	EXP 	whiteWaitInterTrial_4: autoDraw = False
135.3181 	EXP 	green_fb_2: autoDraw = False
135.3181 	EXP 	red_fb_2: autoDraw = False
135.3181 	EXP 	blackWaitInterTrial_4: autoDraw = False
135.3181 	EXP 	whiteWaitInterTrial_4: autoDraw = False
135.3181 	EXP 	green_fb_2: autoDraw = False
135.3181 	EXP 	red_fb_2: autoDraw = False
135.3181 	EXP 	TrialPicture_2: size = array([0.75, 1.  ])
135.3181 	EXP 	TrialPicture_2: image = './stimuli/images/086.bmp'
135.3181 	EXP 	blackTrial_2: autoDraw = True
135.3181 	EXP 	whiteTrial_2: autoDraw = True
135.3181 	EXP 	TrialPicture_2: autoDraw = True
135.3181 	EXP 	green_2: autoDraw = True
135.3181 	EXP 	red_2: autoDraw = True
136.3190 	EXP 	blackTrial_2: autoDraw = False
136.3190 	EXP 	whiteTrial_2: autoDraw = False
136.3190 	EXP 	TrialPicture_2: autoDraw = False
136.3190 	EXP 	green_2: autoDraw = False
136.3190 	EXP 	red_2: autoDraw = False
136.3190 	EXP 	blackTrial_2: autoDraw = False
136.3190 	EXP 	whiteTrial_2: autoDraw = False
136.3190 	EXP 	TrialPicture_2: autoDraw = False
136.3190 	EXP 	green_2: autoDraw = False
136.3190 	EXP 	red_2: autoDraw = False
136.3190 	EXP 	whiteWaitInterTrial_4: size = array([0.75, 1.  ])
136.3190 	EXP 	blackWaitInterTrial_4: autoDraw = True
136.3190 	EXP 	whiteWaitInterTrial_4: autoDraw = True
136.3190 	EXP 	green_fb_2: autoDraw = True
136.3190 	EXP 	red_fb_2: autoDraw = True
137.9204 	EXP 	blackWaitInterTrial_4: autoDraw = False
137.9204 	EXP 	whiteWaitInterTrial_4: autoDraw = False
137.9204 	EXP 	green_fb_2: autoDraw = False
137.9204 	EXP 	red_fb_2: autoDraw = False
137.9204 	EXP 	blackWaitInterTrial_4: autoDraw = False
137.9204 	EXP 	whiteWaitInterTrial_4: autoDraw = False
137.9204 	EXP 	green_fb_2: autoDraw = False
137.9204 	EXP 	red_fb_2: autoDraw = False
137.9204 	EXP 	fixationImage_2: size = array([0.75, 1.  ])
137.9204 	EXP 	fixation_2: autoDraw = True
137.9204 	EXP 	fixationImage_2: autoDraw = True
139.9222 	EXP 	fixation_2: autoDraw = False
139.9222 	EXP 	fixationImage_2: autoDraw = False
139.9222 	EXP 	fixation_2: autoDraw = False
139.9222 	EXP 	fixationImage_2: autoDraw = False
139.9222 	EXP 	polygon_end_2: autoDraw = True
139.9222 	EXP 	end_text_2: autoDraw = True
141.9239 	EXP 	polygon_end_2: autoDraw = False
141.9239 	EXP 	end_text_2: autoDraw = False
142.0516 	EXP 	window1: mouseVisible = True
