3.8228 	EXP 	Created window1 = Window(allowGUI=False, allowStencil=False, args=UNKNOWN, autoLog=True, bitsMode=UNKNOWN, blendMode='avg', color=array([0., 0., 0.]), colorSpace='rgb', fullscr=<method-wrapper '__getattribute__' of attributeSetter object at 0x00000196459027B8>, gamma=None, gammaErrorPolicy='raise', kwargs=UNKNOWN, lms=UNKNOWN, monitor=<psychopy.monitors.calibTools.Monitor object at 0x00000196459336A0>, multiSample=False, name='window1', numSamples=2, pos=[0.0, 0.0], screen=1, size=array([1920, 1200]), stereo=False, units='norm', useFBO=True, useRetina=False, viewOri=0.0, viewPos=None, viewScale=None, waitBlanking=True, winType='pyglet')
3.8229 	EXP 	window1: recordFrameIntervals = False
3.9893 	EXP 	window1: recordFrameIntervals = True
4.1728 	EXP 	window1: recordFrameIntervals = False
4.3968 	EXP 	Created polygon_1 = Rect(__class__=<class 'psychopy.visual.rect.Rect'>, autoDraw=False, autoLog=True, closeShape=True, color=method-wrapper(...), colorSpace=None, contrast=1.0, depth=0.0, fillColor='black', fillColorSpace='named', fillRGB=array([0., 0., 0.]), interpolate=True, lineColor='black', lineColorSpace='named', lineRGB=array([0., 0., 0.]), lineWidth=1, name='polygon_1', opacity=1.0, ori=array(0.), pos=array([0., 0.]), size=array([1., 1.]), units='norm', vertices=ndarray(...), win=Window(...))
4.5634 	EXP 	Created descriptionText_1 = TextStim(__class__=<class 'psychopy.visual.text.TextStim'>, alignHoriz='center', alignVert='center', antialias=True, autoLog=True, bold=False, color='white', colorSpace='named', contrast=1.0, depth=-1.0, flipHoriz=False, flipVert=False, font='Arial', fontFiles=[], height=0.09, italic=False, languageStyle='LTR', name='descriptionText_1', opacity=1.0, ori=0, pos=array([0., 0.]), rgb=array([255., 255., 255.]), text=str(...), units='norm', win=Window(...), wrapWidth=1)
4.5641 	EXP 	Created fixation10 = Rect(__class__=<class 'psychopy.visual.rect.Rect'>, autoDraw=False, autoLog=True, closeShape=True, color=method-wrapper(...), colorSpace=None, contrast=1.0, depth=0.0, fillColor='black', fillColorSpace='named', fillRGB=array([0., 0., 0.]), interpolate=True, lineColor='black', lineColorSpace='named', lineRGB=array([0., 0., 0.]), lineWidth=1, name='fixation10', opacity=1.0, ori=array(0.), pos=array([0., 0.]), size=array([1., 1.]), units='norm', vertices=ndarray(...), win=Window(...))
4.5712 	EXP 	Created fixationImage10 = ImageStim(__class__=<class 'psychopy.visual.image.ImageStim'>, autoLog=True, color=array([1., 1., 1.]), colorSpace='rgb', contrast=1.0, depth=-1.0, flipHoriz=False, flipVert=False, image='./stimuli/images/fix.bmp', interpolate=True, mask=None, maskParams=None, name='fixationImage10', opacity=1.0, ori=0.0, pos=array([0., 0.]), size=array([1., 1.]), texRes=128, units='norm', win=Window(...))
4.5910 	EXP 	Created text = TextStim(__class__=<class 'psychopy.visual.text.TextStim'>, alignHoriz='center', alignVert='center', antialias=True, autoLog=True, bold=False, color='white', colorSpace='named', contrast=1.0, depth=-2.0, flipHoriz=False, flipVert=False, font='Arial', fontFiles=[], height=0.3, italic=False, languageStyle='LTR', name='text', opacity=1.0, ori=0, pos=array([ 0. , -0.7]), rgb=array([255., 255., 255.]), text='3 . . .', units='norm', win=Window(...), wrapWidth=1)
4.6015 	EXP 	Created text_2 = TextStim(__class__=<class 'psychopy.visual.text.TextStim'>, alignHoriz='center', alignVert='center', antialias=True, autoLog=True, bold=False, color='white', colorSpace='named', contrast=1.0, depth=-3.0, flipHoriz=False, flipVert=False, font='Arial', fontFiles=[], height=0.3, italic=False, languageStyle='LTR', name='text_2', opacity=1.0, ori=0, pos=array([ 0. , -0.7]), rgb=array([255., 255., 255.]), text='2 . .', units='norm', win=Window(...), wrapWidth=1)
4.6059 	EXP 	Created text_3 = TextStim(__class__=<class 'psychopy.visual.text.TextStim'>, alignHoriz='center', alignVert='center', antialias=True, autoLog=True, bold=False, color='white', colorSpace='named', contrast=1.0, depth=-4.0, flipHoriz=False, flipVert=False, font='Arial', fontFiles=[], height=0.3, italic=False, languageStyle='LTR', name='text_3', opacity=1.0, ori=0, pos=array([ 0. , -0.7]), rgb=array([255., 255., 255.]), text='1 .', units='norm', win=Window(...), wrapWidth=1)
4.6065 	EXP 	Created blackProc = Rect(__class__=<class 'psychopy.visual.rect.Rect'>, autoDraw=False, autoLog=True, closeShape=True, color=method-wrapper(...), colorSpace=None, contrast=1.0, depth=-1.0, fillColor='black', fillColorSpace='named', fillRGB=array([0., 0., 0.]), interpolate=True, lineColor='black', lineColorSpace='named', lineRGB=array([0., 0., 0.]), lineWidth=1, name='blackProc', opacity=1.0, ori=array(0.), pos=array([0., 0.]), size=array([1., 1.]), units='norm', vertices=ndarray(...), win=Window(...))
4.6071 	EXP 	Created greenProc = Rect(__class__=<class 'psychopy.visual.rect.Rect'>, autoDraw=False, autoLog=True, closeShape=True, color=method-wrapper(...), colorSpace=None, contrast=1.0, depth=-2.0, fillColor='green', fillColorSpace='named', fillRGB=array([  0., 128.,   0.]), interpolate=True, lineColor='green', lineColorSpace='named', lineRGB=array([  0., 128.,   0.]), lineWidth=1, name='greenProc', opacity=1.0, ori=array(0.), pos=array([0., 0.]), size=array([1., 1.]), units='norm', vertices=ndarray(...), win=Window(...))
4.6088 	EXP 	Created ProcTarget = ImageStim(__class__=<class 'psychopy.visual.image.ImageStim'>, autoLog=True, color=array([1., 1., 1.]), colorSpace='rgb', contrast=1.0, depth=-3.0, flipHoriz=False, flipVert=False, image='sin', interpolate=True, mask=None, maskParams=None, name='ProcTarget', opacity=1.0, ori=0.0, pos=array([-0.4,  0. ]), size=array([1., 1.]), texRes=128, units='norm', win=Window(...))
4.6103 	EXP 	Created ProcPicture = ImageStim(__class__=<class 'psychopy.visual.image.ImageStim'>, autoLog=True, color=array([1., 1., 1.]), colorSpace='rgb', contrast=1.0, depth=-4.0, flipHoriz=False, flipVert=False, image='sin', interpolate=True, mask=None, maskParams=None, name='ProcPicture', opacity=1.0, ori=0.0, pos=array([0.4, 0. ]), size=array([1., 1.]), texRes=128, units='norm', win=Window(...))
4.6108 	EXP 	Created blackWaitInterTrial = Rect(__class__=<class 'psychopy.visual.rect.Rect'>, autoDraw=False, autoLog=True, closeShape=True, color=method-wrapper(...), colorSpace=None, contrast=1.0, depth=0.0, fillColor='black', fillColorSpace='named', fillRGB=array([0., 0., 0.]), interpolate=True, lineColor='black', lineColorSpace='named', lineRGB=array([0., 0., 0.]), lineWidth=1, name='blackWaitInterTrial', opacity=1.0, ori=array(0.), pos=array([0., 0.]), size=array([1., 1.]), units='norm', vertices=ndarray(...), win=Window(...))
4.6167 	EXP 	Created whiteWaitInterTrial = ImageStim(__class__=<class 'psychopy.visual.image.ImageStim'>, autoLog=True, color=array([1., 1., 1.]), colorSpace='rgb', contrast=1.0, depth=-1.0, flipHoriz=False, flipVert=False, image='./stimuli/images/blank.bmp', interpolate=True, mask=None, maskParams=None, name='whiteWaitInterTrial', opacity=1.0, ori=0.0, pos=array([0., 0.]), size=array([1., 1.]), texRes=128, units='norm', win=Window(...))
4.6173 	EXP 	Created blackTrial = Rect(__class__=<class 'psychopy.visual.rect.Rect'>, autoDraw=False, autoLog=True, closeShape=True, color=method-wrapper(...), colorSpace=None, contrast=1.0, depth=-1.0, fillColor='black', fillColorSpace='named', fillRGB=array([0., 0., 0.]), interpolate=True, lineColor='black', lineColorSpace='named', lineRGB=array([0., 0., 0.]), lineWidth=1, name='blackTrial', opacity=1.0, ori=array(0.), pos=array([0., 0.]), size=array([1., 1.]), units='norm', vertices=ndarray(...), win=Window(...))
4.6180 	EXP 	Created whiteTrial = Rect(__class__=<class 'psychopy.visual.rect.Rect'>, autoDraw=False, autoLog=True, closeShape=True, color=method-wrapper(...), colorSpace=None, contrast=1.0, depth=-2.0, fillColor='white', fillColorSpace='named', fillRGB=array([255., 255., 255.]), interpolate=True, lineColor='white', lineColorSpace='named', lineRGB=array([255., 255., 255.]), lineWidth=1, name='whiteTrial', opacity=1.0, ori=array(0.), pos=array([0., 0.]), size=array([1., 1.]), units='norm', vertices=ndarray(...), win=Window(...))
4.6197 	EXP 	Created TrialPicture = ImageStim(__class__=<class 'psychopy.visual.image.ImageStim'>, autoLog=True, color=array([1., 1., 1.]), colorSpace='rgb', contrast=1.0, depth=-3.0, flipHoriz=False, flipVert=False, image='sin', interpolate=True, mask=None, maskParams=None, name='TrialPicture', opacity=1.0, ori=0.0, pos=array([0., 0.]), size=array([1., 1.]), texRes=128, units='norm', win=Window(...))
4.6206 	EXP 	Created green_1 = ShapeStim(__class__=<class 'psychopy.visual.shape.ShapeStim'>, autoDraw=False, autoLog=True, closeShape=True, contrast=1.0, depth=-6.0, fillColor='green', fillColorSpace='named', interpolate=True, lineColor='green', lineColorSpace='named', lineWidth=1, name='green_1', opacity=1.0, ori=array(0.), pos=array([0., 0.]), size=array([0.05, 0.05]), units='norm', vertices=ndarray(...), win=Window(...), windingRule=None)
4.6212 	EXP 	Created red_1 = Rect(__class__=<class 'psychopy.visual.rect.Rect'>, autoDraw=False, autoLog=True, closeShape=True, color=method-wrapper(...), colorSpace=None, contrast=1.0, depth=-7.0, fillColor='red', fillColorSpace='named', fillRGB=array([255.,   0.,   0.]), interpolate=True, lineColor='red', lineColorSpace='named', lineRGB=array([255.,   0.,   0.]), lineWidth=1, name='red_1', opacity=1.0, ori=array(0.), pos=array([0., 0.]), size=array([1., 1.]), units='norm', vertices=ndarray(...), win=Window(...))
4.6217 	EXP 	Created blackWaitInterTrial_2 = Rect(__class__=<class 'psychopy.visual.rect.Rect'>, autoDraw=False, autoLog=True, closeShape=True, color=method-wrapper(...), colorSpace=None, contrast=1.0, depth=-1.0, fillColor='black', fillColorSpace='named', fillRGB=array([0., 0., 0.]), interpolate=True, lineColor='black', lineColorSpace='named', lineRGB=array([0., 0., 0.]), lineWidth=1, name='blackWaitInterTrial_2', opacity=1.0, ori=array(0.), pos=array([0., 0.]), size=array([1., 1.]), units='norm', vertices=ndarray(...), win=Window(...))
4.6276 	EXP 	Created whiteWaitInterTrial_2 = ImageStim(__class__=<class 'psychopy.visual.image.ImageStim'>, autoLog=True, color=array([1., 1., 1.]), colorSpace='rgb', contrast=1.0, depth=-2.0, flipHoriz=False, flipVert=False, image='./stimuli/images/blank.bmp', interpolate=True, mask=None, maskParams=None, name='whiteWaitInterTrial_2', opacity=1.0, ori=0.0, pos=array([0., 0.]), size=array([1., 1.]), texRes=128, units='norm', win=Window(...))
4.6282 	EXP 	Created green_fb_1 = ShapeStim(__class__=<class 'psychopy.visual.shape.ShapeStim'>, autoDraw=False, autoLog=True, closeShape=True, contrast=1.0, depth=-3.0, fillColor='green', fillColorSpace='named', interpolate=True, lineColor='green', lineColorSpace='named', lineWidth=1, name='green_fb_1', opacity=1.0, ori=array(0.), pos=array([0., 0.]), size=array([1., 1.]), units='norm', vertices=ndarray(...), win=Window(...), windingRule=None)
4.6288 	EXP 	Created red_fb_1 = Rect(__class__=<class 'psychopy.visual.rect.Rect'>, autoDraw=False, autoLog=True, closeShape=True, color=method-wrapper(...), colorSpace=None, contrast=1.0, depth=-4.0, fillColor='red', fillColorSpace='named', fillRGB=array([255.,   0.,   0.]), interpolate=True, lineColor='red', lineColorSpace='named', lineRGB=array([255.,   0.,   0.]), lineWidth=1, name='red_fb_1', opacity=1.0, ori=array(0.), pos=array([0., 0.]), size=array([1., 1.]), units='norm', vertices=ndarray(...), win=Window(...))
4.6293 	EXP 	Created fixation = Rect(__class__=<class 'psychopy.visual.rect.Rect'>, autoDraw=False, autoLog=True, closeShape=True, color=method-wrapper(...), colorSpace=None, contrast=1.0, depth=0.0, fillColor='black', fillColorSpace='named', fillRGB=array([0., 0., 0.]), interpolate=True, lineColor='black', lineColorSpace='named', lineRGB=array([0., 0., 0.]), lineWidth=1, name='fixation', opacity=1.0, ori=array(0.), pos=array([0., 0.]), size=array([1., 1.]), units='norm', vertices=ndarray(...), win=Window(...))
4.6348 	EXP 	Created fixationImage = ImageStim(__class__=<class 'psychopy.visual.image.ImageStim'>, autoLog=True, color=array([1., 1., 1.]), colorSpace='rgb', contrast=1.0, depth=-1.0, flipHoriz=False, flipVert=False, image='./stimuli/images/fix.bmp', interpolate=True, mask=None, maskParams=None, name='fixationImage', opacity=1.0, ori=0.0, pos=array([0., 0.]), size=array([1., 1.]), texRes=128, units='norm', win=Window(...))
4.6353 	EXP 	Created polygon_end = Rect(__class__=<class 'psychopy.visual.rect.Rect'>, autoDraw=False, autoLog=True, closeShape=True, color=method-wrapper(...), colorSpace=None, contrast=1.0, depth=0.0, fillColor='black', fillColorSpace='named', fillRGB=array([0., 0., 0.]), interpolate=True, lineColor='black', lineColorSpace='named', lineRGB=array([0., 0., 0.]), lineWidth=1, name='polygon_end', opacity=1.0, ori=array(0.), pos=array([0., 0.]), size=array([1., 1.]), units='norm', vertices=ndarray(...), win=Window(...))
4.6530 	EXP 	Created end_text = TextStim(__class__=<class 'psychopy.visual.text.TextStim'>, alignHoriz='center', alignVert='center', antialias=True, autoLog=True, bold=False, color='white', colorSpace='named', contrast=1.0, depth=-1.0, flipHoriz=False, flipVert=False, font='Arial', fontFiles=[], height=0.1, italic=False, languageStyle='LTR', name='end_text', opacity=1.0, ori=0, pos=array([0., 0.]), rgb=array([255., 255., 255.]), text='That completes Round 1 of the task', units='norm', win=Window(...), wrapWidth=1)
4.6536 	EXP 	Created polygon_15 = Rect(__class__=<class 'psychopy.visual.rect.Rect'>, autoDraw=False, autoLog=True, closeShape=True, color=method-wrapper(...), colorSpace=None, contrast=1.0, depth=0.0, fillColor='black', fillColorSpace='named', fillRGB=array([0., 0., 0.]), interpolate=True, lineColor='black', lineColorSpace='named', lineRGB=array([0., 0., 0.]), lineWidth=1, name='polygon_15', opacity=1.0, ori=array(0.), pos=array([0., 0.]), size=array([1., 1.]), units='norm', vertices=ndarray(...), win=Window(...))
4.6923 	EXP 	Created descriptionText_15 = TextStim(__class__=<class 'psychopy.visual.text.TextStim'>, alignHoriz='center', alignVert='center', antialias=True, autoLog=True, bold=False, color='white', colorSpace='named', contrast=1.0, depth=-1.0, flipHoriz=False, flipVert=False, font='Arial', fontFiles=[], height=0.09, italic=False, languageStyle='LTR', name='descriptionText_15', opacity=1.0, ori=0, pos=array([0., 0.]), rgb=array([255., 255., 255.]), text=str(...), units='norm', win=Window(...), wrapWidth=1)
4.6929 	EXP 	Created fixation10 = Rect(__class__=<class 'psychopy.visual.rect.Rect'>, autoDraw=False, autoLog=True, closeShape=True, color=method-wrapper(...), colorSpace=None, contrast=1.0, depth=0.0, fillColor='black', fillColorSpace='named', fillRGB=array([0., 0., 0.]), interpolate=True, lineColor='black', lineColorSpace='named', lineRGB=array([0., 0., 0.]), lineWidth=1, name='fixation10', opacity=1.0, ori=array(0.), pos=array([0., 0.]), size=array([1., 1.]), units='norm', vertices=ndarray(...), win=Window(...))
4.7104 	EXP 	Created fixationImage10 = ImageStim(__class__=<class 'psychopy.visual.image.ImageStim'>, autoLog=True, color=array([1., 1., 1.]), colorSpace='rgb', contrast=1.0, depth=-1.0, flipHoriz=False, flipVert=False, image='./stimuli/images/fix.bmp', interpolate=True, mask=None, maskParams=None, name='fixationImage10', opacity=1.0, ori=0.0, pos=array([0., 0.]), size=array([1., 1.]), texRes=128, units='norm', win=Window(...))
4.7144 	EXP 	Created text = TextStim(__class__=<class 'psychopy.visual.text.TextStim'>, alignHoriz='center', alignVert='center', antialias=True, autoLog=True, bold=False, color='white', colorSpace='named', contrast=1.0, depth=-2.0, flipHoriz=False, flipVert=False, font='Arial', fontFiles=[], height=0.3, italic=False, languageStyle='LTR', name='text', opacity=1.0, ori=0, pos=array([ 0. , -0.7]), rgb=array([255., 255., 255.]), text='3 . . .', units='norm', win=Window(...), wrapWidth=1)
4.7184 	EXP 	Created text_2 = TextStim(__class__=<class 'psychopy.visual.text.TextStim'>, alignHoriz='center', alignVert='center', antialias=True, autoLog=True, bold=False, color='white', colorSpace='named', contrast=1.0, depth=-3.0, flipHoriz=False, flipVert=False, font='Arial', fontFiles=[], height=0.3, italic=False, languageStyle='LTR', name='text_2', opacity=1.0, ori=0, pos=array([ 0. , -0.7]), rgb=array([255., 255., 255.]), text='2 . .', units='norm', win=Window(...), wrapWidth=1)
4.7214 	EXP 	Created text_3 = TextStim(__class__=<class 'psychopy.visual.text.TextStim'>, alignHoriz='center', alignVert='center', antialias=True, autoLog=True, bold=False, color='white', colorSpace='named', contrast=1.0, depth=-4.0, flipHoriz=False, flipVert=False, font='Arial', fontFiles=[], height=0.3, italic=False, languageStyle='LTR', name='text_3', opacity=1.0, ori=0, pos=array([ 0. , -0.7]), rgb=array([255., 255., 255.]), text='1 .', units='norm', win=Window(...), wrapWidth=1)
4.7220 	EXP 	Created blackProc_2 = Rect(__class__=<class 'psychopy.visual.rect.Rect'>, autoDraw=False, autoLog=True, closeShape=True, color=method-wrapper(...), colorSpace=None, contrast=1.0, depth=-1.0, fillColor='black', fillColorSpace='named', fillRGB=array([0., 0., 0.]), interpolate=True, lineColor='black', lineColorSpace='named', lineRGB=array([0., 0., 0.]), lineWidth=1, name='blackProc_2', opacity=1.0, ori=array(0.), pos=array([0., 0.]), size=array([1., 1.]), units='norm', vertices=ndarray(...), win=Window(...))
4.7225 	EXP 	Created greenProc_2 = Rect(__class__=<class 'psychopy.visual.rect.Rect'>, autoDraw=False, autoLog=True, closeShape=True, color=method-wrapper(...), colorSpace=None, contrast=1.0, depth=-2.0, fillColor='green', fillColorSpace='named', fillRGB=array([  0., 128.,   0.]), interpolate=True, lineColor='green', lineColorSpace='named', lineRGB=array([  0., 128.,   0.]), lineWidth=1, name='greenProc_2', opacity=1.0, ori=array(0.), pos=array([0., 0.]), size=array([1., 1.]), units='norm', vertices=ndarray(...), win=Window(...))
4.7247 	EXP 	Created ProcTarget_2 = ImageStim(__class__=<class 'psychopy.visual.image.ImageStim'>, autoLog=True, color=array([1., 1., 1.]), colorSpace='rgb', contrast=1.0, depth=-3.0, flipHoriz=False, flipVert=False, image='sin', interpolate=True, mask=None, maskParams=None, name='ProcTarget_2', opacity=1.0, ori=0.0, pos=array([-0.4,  0. ]), size=array([1., 1.]), texRes=128, units='norm', win=Window(...))
4.7263 	EXP 	Created ProcPicture_2 = ImageStim(__class__=<class 'psychopy.visual.image.ImageStim'>, autoLog=True, color=array([1., 1., 1.]), colorSpace='rgb', contrast=1.0, depth=-4.0, flipHoriz=False, flipVert=False, image='sin', interpolate=True, mask=None, maskParams=None, name='ProcPicture_2', opacity=1.0, ori=0.0, pos=array([0.4, 0. ]), size=array([1., 1.]), texRes=128, units='norm', win=Window(...))
4.7269 	EXP 	Created blackWaitInterTrial_3 = Rect(__class__=<class 'psychopy.visual.rect.Rect'>, autoDraw=False, autoLog=True, closeShape=True, color=method-wrapper(...), colorSpace=None, contrast=1.0, depth=0.0, fillColor='black', fillColorSpace='named', fillRGB=array([0., 0., 0.]), interpolate=True, lineColor='black', lineColorSpace='named', lineRGB=array([0., 0., 0.]), lineWidth=1, name='blackWaitInterTrial_3', opacity=1.0, ori=array(0.), pos=array([0., 0.]), size=array([1., 1.]), units='norm', vertices=ndarray(...), win=Window(...))
4.7322 	EXP 	Created whiteWaitInterTrial_3 = ImageStim(__class__=<class 'psychopy.visual.image.ImageStim'>, autoLog=True, color=array([1., 1., 1.]), colorSpace='rgb', contrast=1.0, depth=-1.0, flipHoriz=False, flipVert=False, image='./stimuli/images/blank.bmp', interpolate=True, mask=None, maskParams=None, name='whiteWaitInterTrial_3', opacity=1.0, ori=0.0, pos=array([0., 0.]), size=array([1., 1.]), texRes=128, units='norm', win=Window(...))
4.7327 	EXP 	Created blackTrial_2 = Rect(__class__=<class 'psychopy.visual.rect.Rect'>, autoDraw=False, autoLog=True, closeShape=True, color=method-wrapper(...), colorSpace=None, contrast=1.0, depth=-1.0, fillColor='black', fillColorSpace='named', fillRGB=array([0., 0., 0.]), interpolate=True, lineColor='black', lineColorSpace='named', lineRGB=array([0., 0., 0.]), lineWidth=1, name='blackTrial_2', opacity=1.0, ori=array(0.), pos=array([0., 0.]), size=array([1., 1.]), units='norm', vertices=ndarray(...), win=Window(...))
4.7333 	EXP 	Created whiteTrial_2 = Rect(__class__=<class 'psychopy.visual.rect.Rect'>, autoDraw=False, autoLog=True, closeShape=True, color=method-wrapper(...), colorSpace=None, contrast=1.0, depth=-2.0, fillColor='white', fillColorSpace='named', fillRGB=array([255., 255., 255.]), interpolate=True, lineColor='white', lineColorSpace='named', lineRGB=array([255., 255., 255.]), lineWidth=1, name='whiteTrial_2', opacity=1.0, ori=array(0.), pos=array([0., 0.]), size=array([1., 1.]), units='norm', vertices=ndarray(...), win=Window(...))
4.7348 	EXP 	Created TrialPicture_2 = ImageStim(__class__=<class 'psychopy.visual.image.ImageStim'>, autoLog=True, color=array([1., 1., 1.]), colorSpace='rgb', contrast=1.0, depth=-3.0, flipHoriz=False, flipVert=False, image='sin', interpolate=True, mask=None, maskParams=None, name='TrialPicture_2', opacity=1.0, ori=0.0, pos=array([0., 0.]), size=array([1., 1.]), texRes=128, units='norm', win=Window(...))
4.7358 	EXP 	Created green_2 = ShapeStim(__class__=<class 'psychopy.visual.shape.ShapeStim'>, autoDraw=False, autoLog=True, closeShape=True, contrast=1.0, depth=-6.0, fillColor='green', fillColorSpace='named', interpolate=True, lineColor='green', lineColorSpace='named', lineWidth=1, name='green_2', opacity=1.0, ori=array(0.), pos=array([0., 0.]), size=array([0.05, 0.05]), units='norm', vertices=ndarray(...), win=Window(...), windingRule=None)
4.7364 	EXP 	Created red_2 = Rect(__class__=<class 'psychopy.visual.rect.Rect'>, autoDraw=False, autoLog=True, closeShape=True, color=method-wrapper(...), colorSpace=None, contrast=1.0, depth=-7.0, fillColor='red', fillColorSpace='named', fillRGB=array([255.,   0.,   0.]), interpolate=True, lineColor='red', lineColorSpace='named', lineRGB=array([255.,   0.,   0.]), lineWidth=1, name='red_2', opacity=1.0, ori=array(0.), pos=array([0., 0.]), size=array([1., 1.]), units='norm', vertices=ndarray(...), win=Window(...))
4.7369 	EXP 	Created blackWaitInterTrial_4 = Rect(__class__=<class 'psychopy.visual.rect.Rect'>, autoDraw=False, autoLog=True, closeShape=True, color=method-wrapper(...), colorSpace=None, contrast=1.0, depth=-1.0, fillColor='black', fillColorSpace='named', fillRGB=array([0., 0., 0.]), interpolate=True, lineColor='black', lineColorSpace='named', lineRGB=array([0., 0., 0.]), lineWidth=1, name='blackWaitInterTrial_4', opacity=1.0, ori=array(0.), pos=array([0., 0.]), size=array([1., 1.]), units='norm', vertices=ndarray(...), win=Window(...))
4.7430 	EXP 	Created whiteWaitInterTrial_4 = ImageStim(__class__=<class 'psychopy.visual.image.ImageStim'>, autoLog=True, color=array([1., 1., 1.]), colorSpace='rgb', contrast=1.0, depth=-2.0, flipHoriz=False, flipVert=False, image='./stimuli/images/blank.bmp', interpolate=True, mask=None, maskParams=None, name='whiteWaitInterTrial_4', opacity=1.0, ori=0.0, pos=array([0., 0.]), size=array([1., 1.]), texRes=128, units='norm', win=Window(...))
4.7435 	EXP 	Created green_fb_2 = ShapeStim(__class__=<class 'psychopy.visual.shape.ShapeStim'>, autoDraw=False, autoLog=True, closeShape=True, contrast=1.0, depth=-3.0, fillColor='green', fillColorSpace='named', interpolate=True, lineColor='green', lineColorSpace='named', lineWidth=1, name='green_fb_2', opacity=1.0, ori=array(0.), pos=array([0., 0.]), size=array([1., 1.]), units='norm', vertices=ndarray(...), win=Window(...), windingRule=None)
4.7441 	EXP 	Created red_fb_2 = Rect(__class__=<class 'psychopy.visual.rect.Rect'>, autoDraw=False, autoLog=True, closeShape=True, color=method-wrapper(...), colorSpace=None, contrast=1.0, depth=-4.0, fillColor='red', fillColorSpace='named', fillRGB=array([255.,   0.,   0.]), interpolate=True, lineColor='red', lineColorSpace='named', lineRGB=array([255.,   0.,   0.]), lineWidth=1, name='red_fb_2', opacity=1.0, ori=array(0.), pos=array([0., 0.]), size=array([1., 1.]), units='norm', vertices=ndarray(...), win=Window(...))
4.7446 	EXP 	Created fixation_2 = Rect(__class__=<class 'psychopy.visual.rect.Rect'>, autoDraw=False, autoLog=True, closeShape=True, color=method-wrapper(...), colorSpace=None, contrast=1.0, depth=0.0, fillColor='black', fillColorSpace='named', fillRGB=array([0., 0., 0.]), interpolate=True, lineColor='black', lineColorSpace='named', lineRGB=array([0., 0., 0.]), lineWidth=1, name='fixation_2', opacity=1.0, ori=array(0.), pos=array([0., 0.]), size=array([1., 1.]), units='norm', vertices=ndarray(...), win=Window(...))
4.7499 	EXP 	Created fixationImage_2 = ImageStim(__class__=<class 'psychopy.visual.image.ImageStim'>, autoLog=True, color=array([1., 1., 1.]), colorSpace='rgb', contrast=1.0, depth=-1.0, flipHoriz=False, flipVert=False, image='./stimuli/images/fix.bmp', interpolate=True, mask=None, maskParams=None, name='fixationImage_2', opacity=1.0, ori=0.0, pos=array([0., 0.]), size=array([1., 1.]), texRes=128, units='norm', win=Window(...))
4.7504 	EXP 	Created polygon_end_2 = Rect(__class__=<class 'psychopy.visual.rect.Rect'>, autoDraw=False, autoLog=True, closeShape=True, color=method-wrapper(...), colorSpace=None, contrast=1.0, depth=0.0, fillColor='black', fillColorSpace='named', fillRGB=array([0., 0., 0.]), interpolate=True, lineColor='black', lineColorSpace='named', lineRGB=array([0., 0., 0.]), lineWidth=1, name='polygon_end_2', opacity=1.0, ori=array(0.), pos=array([0., 0.]), size=array([1., 1.]), units='norm', vertices=ndarray(...), win=Window(...))
4.7584 	EXP 	Created end_text_2 = TextStim(__class__=<class 'psychopy.visual.text.TextStim'>, alignHoriz='center', alignVert='center', antialias=True, autoLog=True, bold=False, color='white', colorSpace='named', contrast=1.0, depth=-1.0, flipHoriz=False, flipVert=False, font='Arial', fontFiles=[], height=0.1, italic=False, languageStyle='LTR', name='end_text_2', opacity=1.0, ori=0, pos=array([0., 0.]), rgb=array([255., 255., 255.]), text='Thank you for your participation!', units='norm', win=Window(...), wrapWidth=1)
5.2223 	WARNING 	Hamming was requested using the 'pygame' sound library but hamming is not supported there.
5.2236 	EXP 	Set sound_1 sound=./lib/sound/bird.wav
5.2237 	WARNING 	Hamming was requested using the 'pygame' sound library but hamming is not supported there.
5.2244 	EXP 	Set sound_2 sound=./lib/sound/bang.wav
5.2735 	EXP 	polygon_1: autoDraw = True
5.2735 	EXP 	descriptionText_1: autoDraw = True
7.9845 	DATA 	Keypress: space
7.9928 	EXP 	polygon_1: autoDraw = False
7.9928 	EXP 	descriptionText_1: autoDraw = False
7.9928 	EXP 	fixationImage10: size = array([0.75, 1.  ])
7.9928 	EXP 	fixation10: autoDraw = True
7.9928 	EXP 	fixationImage10: autoDraw = True
7.9928 	EXP 	text: autoDraw = True
8.9770 	EXP 	text_2: autoDraw = True
8.9935 	EXP 	text: autoDraw = False
9.9778 	EXP 	text_2: autoDraw = False
9.9778 	EXP 	text_3: autoDraw = True
10.9786 	EXP 	text_3: autoDraw = False
10.9808 	EXP 	Created sequence: sequential, trialTypes=1, nReps=1, seed=None
10.9810 	EXP 	New trial (rep=0, index=0): None
11.0120 	EXP 	fixation10: autoDraw = False
11.0120 	EXP 	fixationImage10: autoDraw = False
11.0120 	EXP 	fixation10: autoDraw = False
11.0120 	EXP 	fixationImage10: autoDraw = False
11.0120 	EXP 	text: autoDraw = False
11.0120 	EXP 	text_2: autoDraw = False
11.0120 	EXP 	text_3: autoDraw = False
11.0120 	EXP 	greenProc: size = array([1.6, 1.2])
11.0120 	EXP 	ProcTarget: size = array([0.75, 1.  ])
11.0120 	EXP 	ProcTarget: image = './stimuli/images/205.bmp'
11.0120 	EXP 	ProcPicture: size = array([0.75, 1.  ])
11.0120 	EXP 	ProcPicture: image = './stimuli/images/142.bmp'
11.0120 	EXP 	blackProc: autoDraw = True
11.0120 	EXP 	greenProc: autoDraw = True
11.0120 	EXP 	ProcTarget: autoDraw = True
11.0120 	EXP 	ProcPicture: autoDraw = True
14.5152 	EXP 	blackProc: autoDraw = False
14.5152 	EXP 	greenProc: autoDraw = False
14.5152 	EXP 	ProcTarget: autoDraw = False
14.5152 	EXP 	ProcPicture: autoDraw = False
14.5152 	EXP 	blackProc: autoDraw = False
14.5152 	EXP 	greenProc: autoDraw = False
14.5152 	EXP 	ProcTarget: autoDraw = False
14.5152 	EXP 	ProcPicture: autoDraw = False
14.5152 	EXP 	whiteWaitInterTrial: size = array([0.75, 1.  ])
14.5152 	EXP 	blackWaitInterTrial: autoDraw = True
14.5152 	EXP 	whiteWaitInterTrial: autoDraw = True
16.0026 	EXP 	Created sequence: sequential, trialTypes=1, nReps=20, seed=None
16.0028 	EXP 	New trial (rep=0, index=0): None
16.0331 	EXP 	blackWaitInterTrial: autoDraw = False
16.0331 	EXP 	whiteWaitInterTrial: autoDraw = False
16.0331 	EXP 	blackWaitInterTrial: autoDraw = False
16.0331 	EXP 	whiteWaitInterTrial: autoDraw = False
16.0331 	EXP 	TrialPicture: size = array([0.75, 1.  ])
16.0331 	EXP 	TrialPicture: image = './stimuli/images/142.bmp'
16.0331 	EXP 	blackTrial: autoDraw = True
16.0331 	EXP 	whiteTrial: autoDraw = True
16.0331 	EXP 	TrialPicture: autoDraw = True
16.0331 	EXP 	green_1: autoDraw = True
16.0331 	EXP 	red_1: autoDraw = True
17.0339 	EXP 	blackTrial: autoDraw = False
17.0339 	EXP 	whiteTrial: autoDraw = False
17.0339 	EXP 	TrialPicture: autoDraw = False
17.0339 	EXP 	green_1: autoDraw = False
17.0339 	EXP 	red_1: autoDraw = False
17.0339 	EXP 	blackTrial: autoDraw = False
17.0339 	EXP 	whiteTrial: autoDraw = False
17.0339 	EXP 	TrialPicture: autoDraw = False
17.0339 	EXP 	green_1: autoDraw = False
17.0339 	EXP 	red_1: autoDraw = False
17.0339 	EXP 	whiteWaitInterTrial_2: size = array([0.75, 1.  ])
17.0339 	EXP 	blackWaitInterTrial_2: autoDraw = True
17.0339 	EXP 	whiteWaitInterTrial_2: autoDraw = True
17.0339 	EXP 	green_fb_1: autoDraw = True
17.0339 	EXP 	red_fb_1: autoDraw = True
18.8225 	EXP 	New trial (rep=1, index=0): None
18.8522 	EXP 	blackWaitInterTrial_2: autoDraw = False
18.8522 	EXP 	whiteWaitInterTrial_2: autoDraw = False
18.8522 	EXP 	green_fb_1: autoDraw = False
18.8522 	EXP 	red_fb_1: autoDraw = False
18.8522 	EXP 	blackWaitInterTrial_2: autoDraw = False
18.8522 	EXP 	whiteWaitInterTrial_2: autoDraw = False
18.8522 	EXP 	green_fb_1: autoDraw = False
18.8522 	EXP 	red_fb_1: autoDraw = False
18.8522 	EXP 	TrialPicture: size = array([0.75, 1.  ])
18.8522 	EXP 	TrialPicture: image = './stimuli/images/186.bmp'
18.8522 	EXP 	blackTrial: autoDraw = True
18.8522 	EXP 	whiteTrial: autoDraw = True
18.8522 	EXP 	TrialPicture: autoDraw = True
18.8522 	EXP 	green_1: autoDraw = True
18.8522 	EXP 	red_1: autoDraw = True
19.8531 	EXP 	blackTrial: autoDraw = False
19.8531 	EXP 	whiteTrial: autoDraw = False
19.8531 	EXP 	TrialPicture: autoDraw = False
19.8531 	EXP 	green_1: autoDraw = False
19.8531 	EXP 	red_1: autoDraw = False
19.8531 	EXP 	blackTrial: autoDraw = False
19.8531 	EXP 	whiteTrial: autoDraw = False
19.8531 	EXP 	TrialPicture: autoDraw = False
19.8531 	EXP 	green_1: autoDraw = False
19.8531 	EXP 	red_1: autoDraw = False
19.8531 	EXP 	whiteWaitInterTrial_2: size = array([0.75, 1.  ])
19.8531 	EXP 	blackWaitInterTrial_2: autoDraw = True
19.8531 	EXP 	whiteWaitInterTrial_2: autoDraw = True
19.8531 	EXP 	green_fb_1: autoDraw = True
19.8531 	EXP 	red_fb_1: autoDraw = True
21.6407 	EXP 	New trial (rep=2, index=0): None
21.6546 	EXP 	blackWaitInterTrial_2: autoDraw = False
21.6546 	EXP 	whiteWaitInterTrial_2: autoDraw = False
21.6546 	EXP 	green_fb_1: autoDraw = False
21.6546 	EXP 	red_fb_1: autoDraw = False
21.6546 	EXP 	blackWaitInterTrial_2: autoDraw = False
21.6546 	EXP 	whiteWaitInterTrial_2: autoDraw = False
21.6546 	EXP 	green_fb_1: autoDraw = False
21.6546 	EXP 	red_fb_1: autoDraw = False
21.6546 	EXP 	TrialPicture: size = array([0.75, 1.  ])
21.6546 	EXP 	TrialPicture: image = './stimuli/images/205.bmp'
21.6546 	EXP 	blackTrial: autoDraw = True
21.6546 	EXP 	whiteTrial: autoDraw = True
21.6546 	EXP 	TrialPicture: autoDraw = True
21.6546 	EXP 	green_1: autoDraw = True
21.6546 	EXP 	red_1: autoDraw = True
22.6556 	EXP 	blackTrial: autoDraw = False
22.6556 	EXP 	whiteTrial: autoDraw = False
22.6556 	EXP 	TrialPicture: autoDraw = False
22.6556 	EXP 	green_1: autoDraw = False
22.6556 	EXP 	red_1: autoDraw = False
22.6556 	EXP 	blackTrial: autoDraw = False
22.6556 	EXP 	whiteTrial: autoDraw = False
22.6556 	EXP 	TrialPicture: autoDraw = False
22.6556 	EXP 	green_1: autoDraw = False
22.6556 	EXP 	red_1: autoDraw = False
22.6556 	EXP 	whiteWaitInterTrial_2: size = array([0.75, 1.  ])
22.6556 	EXP 	blackWaitInterTrial_2: autoDraw = True
22.6556 	EXP 	whiteWaitInterTrial_2: autoDraw = True
22.6556 	EXP 	green_fb_1: autoDraw = True
22.6556 	EXP 	red_fb_1: autoDraw = True
24.3427 	EXP 	New trial (rep=3, index=0): None
24.3570 	EXP 	blackWaitInterTrial_2: autoDraw = False
24.3570 	EXP 	whiteWaitInterTrial_2: autoDraw = False
24.3570 	EXP 	green_fb_1: autoDraw = False
24.3570 	EXP 	red_fb_1: autoDraw = False
24.3570 	EXP 	blackWaitInterTrial_2: autoDraw = False
24.3570 	EXP 	whiteWaitInterTrial_2: autoDraw = False
24.3570 	EXP 	green_fb_1: autoDraw = False
24.3570 	EXP 	red_fb_1: autoDraw = False
24.3570 	EXP 	TrialPicture: size = array([0.75, 1.  ])
24.3570 	EXP 	TrialPicture: image = './stimuli/images/149.bmp'
24.3570 	EXP 	blackTrial: autoDraw = True
24.3570 	EXP 	whiteTrial: autoDraw = True
24.3570 	EXP 	TrialPicture: autoDraw = True
24.3570 	EXP 	green_1: autoDraw = True
24.3570 	EXP 	red_1: autoDraw = True
25.3579 	EXP 	blackTrial: autoDraw = False
25.3579 	EXP 	whiteTrial: autoDraw = False
25.3579 	EXP 	TrialPicture: autoDraw = False
25.3579 	EXP 	green_1: autoDraw = False
25.3579 	EXP 	red_1: autoDraw = False
25.3579 	EXP 	blackTrial: autoDraw = False
25.3579 	EXP 	whiteTrial: autoDraw = False
25.3579 	EXP 	TrialPicture: autoDraw = False
25.3579 	EXP 	green_1: autoDraw = False
25.3579 	EXP 	red_1: autoDraw = False
25.3579 	EXP 	whiteWaitInterTrial_2: size = array([0.75, 1.  ])
25.3579 	EXP 	blackWaitInterTrial_2: autoDraw = True
25.3579 	EXP 	whiteWaitInterTrial_2: autoDraw = True
25.3579 	EXP 	green_fb_1: autoDraw = True
25.3579 	EXP 	red_fb_1: autoDraw = True
26.9450 	EXP 	New trial (rep=4, index=0): None
26.9593 	EXP 	blackWaitInterTrial_2: autoDraw = False
26.9593 	EXP 	whiteWaitInterTrial_2: autoDraw = False
26.9593 	EXP 	green_fb_1: autoDraw = False
26.9593 	EXP 	red_fb_1: autoDraw = False
26.9593 	EXP 	blackWaitInterTrial_2: autoDraw = False
26.9593 	EXP 	whiteWaitInterTrial_2: autoDraw = False
26.9593 	EXP 	green_fb_1: autoDraw = False
26.9593 	EXP 	red_fb_1: autoDraw = False
26.9593 	EXP 	TrialPicture: size = array([0.75, 1.  ])
26.9593 	EXP 	TrialPicture: image = './stimuli/images/142.bmp'
26.9593 	EXP 	blackTrial: autoDraw = True
26.9593 	EXP 	whiteTrial: autoDraw = True
26.9593 	EXP 	TrialPicture: autoDraw = True
26.9593 	EXP 	green_1: autoDraw = True
26.9593 	EXP 	red_1: autoDraw = True
27.9602 	EXP 	blackTrial: autoDraw = False
27.9602 	EXP 	whiteTrial: autoDraw = False
27.9602 	EXP 	TrialPicture: autoDraw = False
27.9602 	EXP 	green_1: autoDraw = False
27.9602 	EXP 	red_1: autoDraw = False
27.9602 	EXP 	blackTrial: autoDraw = False
27.9602 	EXP 	whiteTrial: autoDraw = False
27.9602 	EXP 	TrialPicture: autoDraw = False
27.9602 	EXP 	green_1: autoDraw = False
27.9602 	EXP 	red_1: autoDraw = False
27.9602 	EXP 	whiteWaitInterTrial_2: size = array([0.75, 1.  ])
27.9602 	EXP 	blackWaitInterTrial_2: autoDraw = True
27.9602 	EXP 	whiteWaitInterTrial_2: autoDraw = True
27.9602 	EXP 	green_fb_1: autoDraw = True
27.9602 	EXP 	red_fb_1: autoDraw = True
29.5471 	EXP 	New trial (rep=5, index=0): None
29.5616 	EXP 	blackWaitInterTrial_2: autoDraw = False
29.5616 	EXP 	whiteWaitInterTrial_2: autoDraw = False
29.5616 	EXP 	green_fb_1: autoDraw = False
29.5616 	EXP 	red_fb_1: autoDraw = False
29.5616 	EXP 	blackWaitInterTrial_2: autoDraw = False
29.5616 	EXP 	whiteWaitInterTrial_2: autoDraw = False
29.5616 	EXP 	green_fb_1: autoDraw = False
29.5616 	EXP 	red_fb_1: autoDraw = False
29.5616 	EXP 	TrialPicture: size = array([0.75, 1.  ])
29.5616 	EXP 	TrialPicture: image = './stimuli/images/205.bmp'
29.5616 	EXP 	blackTrial: autoDraw = True
29.5616 	EXP 	whiteTrial: autoDraw = True
29.5616 	EXP 	TrialPicture: autoDraw = True
29.5616 	EXP 	green_1: autoDraw = True
29.5616 	EXP 	red_1: autoDraw = True
30.5624 	EXP 	blackTrial: autoDraw = False
30.5624 	EXP 	whiteTrial: autoDraw = False
30.5624 	EXP 	TrialPicture: autoDraw = False
30.5624 	EXP 	green_1: autoDraw = False
30.5624 	EXP 	red_1: autoDraw = False
30.5624 	EXP 	blackTrial: autoDraw = False
30.5624 	EXP 	whiteTrial: autoDraw = False
30.5624 	EXP 	TrialPicture: autoDraw = False
30.5624 	EXP 	green_1: autoDraw = False
30.5624 	EXP 	red_1: autoDraw = False
30.5624 	EXP 	whiteWaitInterTrial_2: size = array([0.75, 1.  ])
30.5624 	EXP 	blackWaitInterTrial_2: autoDraw = True
30.5624 	EXP 	whiteWaitInterTrial_2: autoDraw = True
30.5624 	EXP 	green_fb_1: autoDraw = True
30.5624 	EXP 	red_fb_1: autoDraw = True
32.3504 	EXP 	New trial (rep=6, index=0): None
32.3640 	EXP 	blackWaitInterTrial_2: autoDraw = False
32.3640 	EXP 	whiteWaitInterTrial_2: autoDraw = False
32.3640 	EXP 	green_fb_1: autoDraw = False
32.3640 	EXP 	red_fb_1: autoDraw = False
32.3640 	EXP 	blackWaitInterTrial_2: autoDraw = False
32.3640 	EXP 	whiteWaitInterTrial_2: autoDraw = False
32.3640 	EXP 	green_fb_1: autoDraw = False
32.3640 	EXP 	red_fb_1: autoDraw = False
32.3640 	EXP 	TrialPicture: size = array([0.75, 1.  ])
32.3640 	EXP 	TrialPicture: image = './stimuli/images/149.bmp'
32.3640 	EXP 	blackTrial: autoDraw = True
32.3640 	EXP 	whiteTrial: autoDraw = True
32.3640 	EXP 	TrialPicture: autoDraw = True
32.3640 	EXP 	green_1: autoDraw = True
32.3640 	EXP 	red_1: autoDraw = True
33.3649 	EXP 	blackTrial: autoDraw = False
33.3649 	EXP 	whiteTrial: autoDraw = False
33.3649 	EXP 	TrialPicture: autoDraw = False
33.3649 	EXP 	green_1: autoDraw = False
33.3649 	EXP 	red_1: autoDraw = False
33.3649 	EXP 	blackTrial: autoDraw = False
33.3649 	EXP 	whiteTrial: autoDraw = False
33.3649 	EXP 	TrialPicture: autoDraw = False
33.3649 	EXP 	green_1: autoDraw = False
33.3649 	EXP 	red_1: autoDraw = False
33.3649 	EXP 	whiteWaitInterTrial_2: size = array([0.75, 1.  ])
33.3649 	EXP 	blackWaitInterTrial_2: autoDraw = True
33.3649 	EXP 	whiteWaitInterTrial_2: autoDraw = True
33.3649 	EXP 	green_fb_1: autoDraw = True
33.3649 	EXP 	red_fb_1: autoDraw = True
34.9528 	EXP 	New trial (rep=7, index=0): None
34.9663 	EXP 	blackWaitInterTrial_2: autoDraw = False
34.9663 	EXP 	whiteWaitInterTrial_2: autoDraw = False
34.9663 	EXP 	green_fb_1: autoDraw = False
34.9663 	EXP 	red_fb_1: autoDraw = False
34.9663 	EXP 	blackWaitInterTrial_2: autoDraw = False
34.9663 	EXP 	whiteWaitInterTrial_2: autoDraw = False
34.9663 	EXP 	green_fb_1: autoDraw = False
34.9663 	EXP 	red_fb_1: autoDraw = False
34.9663 	EXP 	TrialPicture: size = array([0.75, 1.  ])
34.9663 	EXP 	TrialPicture: image = './stimuli/images/186.bmp'
34.9663 	EXP 	blackTrial: autoDraw = True
34.9663 	EXP 	whiteTrial: autoDraw = True
34.9663 	EXP 	TrialPicture: autoDraw = True
34.9663 	EXP 	green_1: autoDraw = True
34.9663 	EXP 	red_1: autoDraw = True
35.9672 	EXP 	blackTrial: autoDraw = False
35.9672 	EXP 	whiteTrial: autoDraw = False
35.9672 	EXP 	TrialPicture: autoDraw = False
35.9672 	EXP 	green_1: autoDraw = False
35.9672 	EXP 	red_1: autoDraw = False
35.9672 	EXP 	blackTrial: autoDraw = False
35.9672 	EXP 	whiteTrial: autoDraw = False
35.9672 	EXP 	TrialPicture: autoDraw = False
35.9672 	EXP 	green_1: autoDraw = False
35.9672 	EXP 	red_1: autoDraw = False
35.9672 	EXP 	whiteWaitInterTrial_2: size = array([0.75, 1.  ])
35.9672 	EXP 	blackWaitInterTrial_2: autoDraw = True
35.9672 	EXP 	whiteWaitInterTrial_2: autoDraw = True
35.9672 	EXP 	green_fb_1: autoDraw = True
35.9672 	EXP 	red_fb_1: autoDraw = True
37.6542 	EXP 	New trial (rep=8, index=0): None
37.6687 	EXP 	blackWaitInterTrial_2: autoDraw = False
37.6687 	EXP 	whiteWaitInterTrial_2: autoDraw = False
37.6687 	EXP 	green_fb_1: autoDraw = False
37.6687 	EXP 	red_fb_1: autoDraw = False
37.6687 	EXP 	blackWaitInterTrial_2: autoDraw = False
37.6687 	EXP 	whiteWaitInterTrial_2: autoDraw = False
37.6687 	EXP 	green_fb_1: autoDraw = False
37.6687 	EXP 	red_fb_1: autoDraw = False
37.6687 	EXP 	TrialPicture: size = array([0.75, 1.  ])
37.6687 	EXP 	TrialPicture: image = './stimuli/images/205.bmp'
37.6687 	EXP 	blackTrial: autoDraw = True
37.6687 	EXP 	whiteTrial: autoDraw = True
37.6687 	EXP 	TrialPicture: autoDraw = True
37.6687 	EXP 	green_1: autoDraw = True
37.6687 	EXP 	red_1: autoDraw = True
38.6695 	EXP 	blackTrial: autoDraw = False
38.6695 	EXP 	whiteTrial: autoDraw = False
38.6695 	EXP 	TrialPicture: autoDraw = False
38.6695 	EXP 	green_1: autoDraw = False
38.6695 	EXP 	red_1: autoDraw = False
38.6695 	EXP 	blackTrial: autoDraw = False
38.6695 	EXP 	whiteTrial: autoDraw = False
38.6695 	EXP 	TrialPicture: autoDraw = False
38.6695 	EXP 	green_1: autoDraw = False
38.6695 	EXP 	red_1: autoDraw = False
38.6695 	EXP 	whiteWaitInterTrial_2: size = array([0.75, 1.  ])
38.6695 	EXP 	blackWaitInterTrial_2: autoDraw = True
38.6695 	EXP 	whiteWaitInterTrial_2: autoDraw = True
38.6695 	EXP 	green_fb_1: autoDraw = True
38.6695 	EXP 	red_fb_1: autoDraw = True
40.4577 	EXP 	New trial (rep=9, index=0): None
40.4711 	EXP 	blackWaitInterTrial_2: autoDraw = False
40.4711 	EXP 	whiteWaitInterTrial_2: autoDraw = False
40.4711 	EXP 	green_fb_1: autoDraw = False
40.4711 	EXP 	red_fb_1: autoDraw = False
40.4711 	EXP 	blackWaitInterTrial_2: autoDraw = False
40.4711 	EXP 	whiteWaitInterTrial_2: autoDraw = False
40.4711 	EXP 	green_fb_1: autoDraw = False
40.4711 	EXP 	red_fb_1: autoDraw = False
40.4711 	EXP 	TrialPicture: size = array([0.75, 1.  ])
40.4711 	EXP 	TrialPicture: image = './stimuli/images/149.bmp'
40.4711 	EXP 	blackTrial: autoDraw = True
40.4711 	EXP 	whiteTrial: autoDraw = True
40.4711 	EXP 	TrialPicture: autoDraw = True
40.4711 	EXP 	green_1: autoDraw = True
40.4711 	EXP 	red_1: autoDraw = True
41.4720 	EXP 	blackTrial: autoDraw = False
41.4720 	EXP 	whiteTrial: autoDraw = False
41.4720 	EXP 	TrialPicture: autoDraw = False
41.4720 	EXP 	green_1: autoDraw = False
41.4720 	EXP 	red_1: autoDraw = False
41.4720 	EXP 	blackTrial: autoDraw = False
41.4720 	EXP 	whiteTrial: autoDraw = False
41.4720 	EXP 	TrialPicture: autoDraw = False
41.4720 	EXP 	green_1: autoDraw = False
41.4720 	EXP 	red_1: autoDraw = False
41.4720 	EXP 	whiteWaitInterTrial_2: size = array([0.75, 1.  ])
41.4720 	EXP 	blackWaitInterTrial_2: autoDraw = True
41.4720 	EXP 	whiteWaitInterTrial_2: autoDraw = True
41.4720 	EXP 	green_fb_1: autoDraw = True
41.4720 	EXP 	red_fb_1: autoDraw = True
43.0599 	EXP 	New trial (rep=10, index=0): None
43.0901 	EXP 	blackWaitInterTrial_2: autoDraw = False
43.0901 	EXP 	whiteWaitInterTrial_2: autoDraw = False
43.0901 	EXP 	green_fb_1: autoDraw = False
43.0901 	EXP 	red_fb_1: autoDraw = False
43.0901 	EXP 	blackWaitInterTrial_2: autoDraw = False
43.0901 	EXP 	whiteWaitInterTrial_2: autoDraw = False
43.0901 	EXP 	green_fb_1: autoDraw = False
43.0901 	EXP 	red_fb_1: autoDraw = False
43.0901 	EXP 	TrialPicture: size = array([0.75, 1.  ])
43.0901 	EXP 	TrialPicture: image = './stimuli/images/149.bmp'
43.0901 	EXP 	blackTrial: autoDraw = True
43.0901 	EXP 	whiteTrial: autoDraw = True
43.0901 	EXP 	TrialPicture: autoDraw = True
43.0901 	EXP 	green_1: autoDraw = True
43.0901 	EXP 	red_1: autoDraw = True
44.0910 	EXP 	blackTrial: autoDraw = False
44.0910 	EXP 	whiteTrial: autoDraw = False
44.0910 	EXP 	TrialPicture: autoDraw = False
44.0910 	EXP 	green_1: autoDraw = False
44.0910 	EXP 	red_1: autoDraw = False
44.0910 	EXP 	blackTrial: autoDraw = False
44.0910 	EXP 	whiteTrial: autoDraw = False
44.0910 	EXP 	TrialPicture: autoDraw = False
44.0910 	EXP 	green_1: autoDraw = False
44.0910 	EXP 	red_1: autoDraw = False
44.0910 	EXP 	whiteWaitInterTrial_2: size = array([0.75, 1.  ])
44.0910 	EXP 	blackWaitInterTrial_2: autoDraw = True
44.0910 	EXP 	whiteWaitInterTrial_2: autoDraw = True
44.0910 	EXP 	green_fb_1: autoDraw = True
44.0910 	EXP 	red_fb_1: autoDraw = True
45.7794 	EXP 	New trial (rep=11, index=0): None
45.7924 	EXP 	blackWaitInterTrial_2: autoDraw = False
45.7924 	EXP 	whiteWaitInterTrial_2: autoDraw = False
45.7924 	EXP 	green_fb_1: autoDraw = False
45.7924 	EXP 	red_fb_1: autoDraw = False
45.7924 	EXP 	blackWaitInterTrial_2: autoDraw = False
45.7924 	EXP 	whiteWaitInterTrial_2: autoDraw = False
45.7924 	EXP 	green_fb_1: autoDraw = False
45.7924 	EXP 	red_fb_1: autoDraw = False
45.7924 	EXP 	TrialPicture: size = array([0.75, 1.  ])
45.7924 	EXP 	TrialPicture: image = './stimuli/images/186.bmp'
45.7924 	EXP 	blackTrial: autoDraw = True
45.7924 	EXP 	whiteTrial: autoDraw = True
45.7924 	EXP 	TrialPicture: autoDraw = True
45.7924 	EXP 	green_1: autoDraw = True
45.7924 	EXP 	red_1: autoDraw = True
46.7933 	EXP 	blackTrial: autoDraw = False
46.7933 	EXP 	whiteTrial: autoDraw = False
46.7933 	EXP 	TrialPicture: autoDraw = False
46.7933 	EXP 	green_1: autoDraw = False
46.7933 	EXP 	red_1: autoDraw = False
46.7933 	EXP 	blackTrial: autoDraw = False
46.7933 	EXP 	whiteTrial: autoDraw = False
46.7933 	EXP 	TrialPicture: autoDraw = False
46.7933 	EXP 	green_1: autoDraw = False
46.7933 	EXP 	red_1: autoDraw = False
46.7933 	EXP 	whiteWaitInterTrial_2: size = array([0.75, 1.  ])
46.7933 	EXP 	blackWaitInterTrial_2: autoDraw = True
46.7933 	EXP 	whiteWaitInterTrial_2: autoDraw = True
46.7933 	EXP 	green_fb_1: autoDraw = True
46.7933 	EXP 	red_fb_1: autoDraw = True
48.4809 	EXP 	New trial (rep=12, index=0): None
48.4948 	EXP 	blackWaitInterTrial_2: autoDraw = False
48.4948 	EXP 	whiteWaitInterTrial_2: autoDraw = False
48.4948 	EXP 	green_fb_1: autoDraw = False
48.4948 	EXP 	red_fb_1: autoDraw = False
48.4948 	EXP 	blackWaitInterTrial_2: autoDraw = False
48.4948 	EXP 	whiteWaitInterTrial_2: autoDraw = False
48.4948 	EXP 	green_fb_1: autoDraw = False
48.4948 	EXP 	red_fb_1: autoDraw = False
48.4948 	EXP 	TrialPicture: size = array([0.75, 1.  ])
48.4948 	EXP 	TrialPicture: image = './stimuli/images/142.bmp'
48.4948 	EXP 	blackTrial: autoDraw = True
48.4948 	EXP 	whiteTrial: autoDraw = True
48.4948 	EXP 	TrialPicture: autoDraw = True
48.4948 	EXP 	green_1: autoDraw = True
48.4948 	EXP 	red_1: autoDraw = True
49.4957 	EXP 	blackTrial: autoDraw = False
49.4957 	EXP 	whiteTrial: autoDraw = False
49.4957 	EXP 	TrialPicture: autoDraw = False
49.4957 	EXP 	green_1: autoDraw = False
49.4957 	EXP 	red_1: autoDraw = False
49.4957 	EXP 	blackTrial: autoDraw = False
49.4957 	EXP 	whiteTrial: autoDraw = False
49.4957 	EXP 	TrialPicture: autoDraw = False
49.4957 	EXP 	green_1: autoDraw = False
49.4957 	EXP 	red_1: autoDraw = False
49.4957 	EXP 	whiteWaitInterTrial_2: size = array([0.75, 1.  ])
49.4957 	EXP 	blackWaitInterTrial_2: autoDraw = True
49.4957 	EXP 	whiteWaitInterTrial_2: autoDraw = True
49.4957 	EXP 	green_fb_1: autoDraw = True
49.4957 	EXP 	red_fb_1: autoDraw = True
51.0833 	EXP 	New trial (rep=13, index=0): None
51.0971 	EXP 	blackWaitInterTrial_2: autoDraw = False
51.0971 	EXP 	whiteWaitInterTrial_2: autoDraw = False
51.0971 	EXP 	green_fb_1: autoDraw = False
51.0971 	EXP 	red_fb_1: autoDraw = False
51.0971 	EXP 	blackWaitInterTrial_2: autoDraw = False
51.0971 	EXP 	whiteWaitInterTrial_2: autoDraw = False
51.0971 	EXP 	green_fb_1: autoDraw = False
51.0971 	EXP 	red_fb_1: autoDraw = False
51.0971 	EXP 	TrialPicture: size = array([0.75, 1.  ])
51.0971 	EXP 	TrialPicture: image = './stimuli/images/186.bmp'
51.0971 	EXP 	blackTrial: autoDraw = True
51.0971 	EXP 	whiteTrial: autoDraw = True
51.0971 	EXP 	TrialPicture: autoDraw = True
51.0971 	EXP 	green_1: autoDraw = True
51.0971 	EXP 	red_1: autoDraw = True
52.0979 	EXP 	blackTrial: autoDraw = False
52.0979 	EXP 	whiteTrial: autoDraw = False
52.0979 	EXP 	TrialPicture: autoDraw = False
52.0979 	EXP 	green_1: autoDraw = False
52.0979 	EXP 	red_1: autoDraw = False
52.0979 	EXP 	blackTrial: autoDraw = False
52.0979 	EXP 	whiteTrial: autoDraw = False
52.0979 	EXP 	TrialPicture: autoDraw = False
52.0979 	EXP 	green_1: autoDraw = False
52.0979 	EXP 	red_1: autoDraw = False
52.0979 	EXP 	whiteWaitInterTrial_2: size = array([0.75, 1.  ])
52.0979 	EXP 	blackWaitInterTrial_2: autoDraw = True
52.0979 	EXP 	whiteWaitInterTrial_2: autoDraw = True
52.0979 	EXP 	green_fb_1: autoDraw = True
52.0979 	EXP 	red_fb_1: autoDraw = True
53.8857 	EXP 	New trial (rep=14, index=0): None
53.8995 	EXP 	blackWaitInterTrial_2: autoDraw = False
53.8995 	EXP 	whiteWaitInterTrial_2: autoDraw = False
53.8995 	EXP 	green_fb_1: autoDraw = False
53.8995 	EXP 	red_fb_1: autoDraw = False
53.8995 	EXP 	blackWaitInterTrial_2: autoDraw = False
53.8995 	EXP 	whiteWaitInterTrial_2: autoDraw = False
53.8995 	EXP 	green_fb_1: autoDraw = False
53.8995 	EXP 	red_fb_1: autoDraw = False
53.8995 	EXP 	TrialPicture: size = array([0.75, 1.  ])
53.8995 	EXP 	TrialPicture: image = './stimuli/images/205.bmp'
53.8995 	EXP 	blackTrial: autoDraw = True
53.8995 	EXP 	whiteTrial: autoDraw = True
53.8995 	EXP 	TrialPicture: autoDraw = True
53.8995 	EXP 	green_1: autoDraw = True
53.8995 	EXP 	red_1: autoDraw = True
54.9004 	EXP 	blackTrial: autoDraw = False
54.9004 	EXP 	whiteTrial: autoDraw = False
54.9004 	EXP 	TrialPicture: autoDraw = False
54.9004 	EXP 	green_1: autoDraw = False
54.9004 	EXP 	red_1: autoDraw = False
54.9004 	EXP 	blackTrial: autoDraw = False
54.9004 	EXP 	whiteTrial: autoDraw = False
54.9004 	EXP 	TrialPicture: autoDraw = False
54.9004 	EXP 	green_1: autoDraw = False
54.9004 	EXP 	red_1: autoDraw = False
54.9004 	EXP 	whiteWaitInterTrial_2: size = array([0.75, 1.  ])
54.9004 	EXP 	blackWaitInterTrial_2: autoDraw = True
54.9004 	EXP 	whiteWaitInterTrial_2: autoDraw = True
54.9004 	EXP 	green_fb_1: autoDraw = True
54.9004 	EXP 	red_fb_1: autoDraw = True
56.4889 	EXP 	New trial (rep=15, index=0): None
56.5185 	EXP 	blackWaitInterTrial_2: autoDraw = False
56.5185 	EXP 	whiteWaitInterTrial_2: autoDraw = False
56.5185 	EXP 	green_fb_1: autoDraw = False
56.5185 	EXP 	red_fb_1: autoDraw = False
56.5185 	EXP 	blackWaitInterTrial_2: autoDraw = False
56.5185 	EXP 	whiteWaitInterTrial_2: autoDraw = False
56.5185 	EXP 	green_fb_1: autoDraw = False
56.5185 	EXP 	red_fb_1: autoDraw = False
56.5185 	EXP 	TrialPicture: size = array([0.75, 1.  ])
56.5185 	EXP 	TrialPicture: image = './stimuli/images/149.bmp'
56.5185 	EXP 	blackTrial: autoDraw = True
56.5185 	EXP 	whiteTrial: autoDraw = True
56.5185 	EXP 	TrialPicture: autoDraw = True
56.5185 	EXP 	green_1: autoDraw = True
56.5185 	EXP 	red_1: autoDraw = True
57.5193 	EXP 	blackTrial: autoDraw = False
57.5193 	EXP 	whiteTrial: autoDraw = False
57.5193 	EXP 	TrialPicture: autoDraw = False
57.5193 	EXP 	green_1: autoDraw = False
57.5193 	EXP 	red_1: autoDraw = False
57.5193 	EXP 	blackTrial: autoDraw = False
57.5193 	EXP 	whiteTrial: autoDraw = False
57.5193 	EXP 	TrialPicture: autoDraw = False
57.5193 	EXP 	green_1: autoDraw = False
57.5193 	EXP 	red_1: autoDraw = False
57.5193 	EXP 	whiteWaitInterTrial_2: size = array([0.75, 1.  ])
57.5193 	EXP 	blackWaitInterTrial_2: autoDraw = True
57.5193 	EXP 	whiteWaitInterTrial_2: autoDraw = True
57.5193 	EXP 	green_fb_1: autoDraw = True
57.5193 	EXP 	red_fb_1: autoDraw = True
59.2078 	EXP 	New trial (rep=16, index=0): None
59.2375 	EXP 	blackWaitInterTrial_2: autoDraw = False
59.2375 	EXP 	whiteWaitInterTrial_2: autoDraw = False
59.2375 	EXP 	green_fb_1: autoDraw = False
59.2375 	EXP 	red_fb_1: autoDraw = False
59.2375 	EXP 	blackWaitInterTrial_2: autoDraw = False
59.2375 	EXP 	whiteWaitInterTrial_2: autoDraw = False
59.2375 	EXP 	green_fb_1: autoDraw = False
59.2375 	EXP 	red_fb_1: autoDraw = False
59.2375 	EXP 	TrialPicture: size = array([0.75, 1.  ])
59.2375 	EXP 	TrialPicture: image = './stimuli/images/142.bmp'
59.2375 	EXP 	blackTrial: autoDraw = True
59.2375 	EXP 	whiteTrial: autoDraw = True
59.2375 	EXP 	TrialPicture: autoDraw = True
59.2375 	EXP 	green_1: autoDraw = True
59.2375 	EXP 	red_1: autoDraw = True
60.2384 	EXP 	blackTrial: autoDraw = False
60.2384 	EXP 	whiteTrial: autoDraw = False
60.2384 	EXP 	TrialPicture: autoDraw = False
60.2384 	EXP 	green_1: autoDraw = False
60.2384 	EXP 	red_1: autoDraw = False
60.2384 	EXP 	blackTrial: autoDraw = False
60.2384 	EXP 	whiteTrial: autoDraw = False
60.2384 	EXP 	TrialPicture: autoDraw = False
60.2384 	EXP 	green_1: autoDraw = False
60.2384 	EXP 	red_1: autoDraw = False
60.2384 	EXP 	whiteWaitInterTrial_2: size = array([0.75, 1.  ])
60.2384 	EXP 	blackWaitInterTrial_2: autoDraw = True
60.2384 	EXP 	whiteWaitInterTrial_2: autoDraw = True
60.2384 	EXP 	green_fb_1: autoDraw = True
60.2384 	EXP 	red_fb_1: autoDraw = True
62.0271 	EXP 	New trial (rep=17, index=0): None
62.0566 	EXP 	blackWaitInterTrial_2: autoDraw = False
62.0566 	EXP 	whiteWaitInterTrial_2: autoDraw = False
62.0566 	EXP 	green_fb_1: autoDraw = False
62.0566 	EXP 	red_fb_1: autoDraw = False
62.0566 	EXP 	blackWaitInterTrial_2: autoDraw = False
62.0566 	EXP 	whiteWaitInterTrial_2: autoDraw = False
62.0566 	EXP 	green_fb_1: autoDraw = False
62.0566 	EXP 	red_fb_1: autoDraw = False
62.0566 	EXP 	TrialPicture: size = array([0.75, 1.  ])
62.0566 	EXP 	TrialPicture: image = './stimuli/images/205.bmp'
62.0566 	EXP 	blackTrial: autoDraw = True
62.0566 	EXP 	whiteTrial: autoDraw = True
62.0566 	EXP 	TrialPicture: autoDraw = True
62.0566 	EXP 	green_1: autoDraw = True
62.0566 	EXP 	red_1: autoDraw = True
63.0574 	EXP 	blackTrial: autoDraw = False
63.0574 	EXP 	whiteTrial: autoDraw = False
63.0574 	EXP 	TrialPicture: autoDraw = False
63.0574 	EXP 	green_1: autoDraw = False
63.0574 	EXP 	red_1: autoDraw = False
63.0574 	EXP 	blackTrial: autoDraw = False
63.0574 	EXP 	whiteTrial: autoDraw = False
63.0574 	EXP 	TrialPicture: autoDraw = False
63.0574 	EXP 	green_1: autoDraw = False
63.0574 	EXP 	red_1: autoDraw = False
63.0574 	EXP 	whiteWaitInterTrial_2: size = array([0.75, 1.  ])
63.0574 	EXP 	blackWaitInterTrial_2: autoDraw = True
63.0574 	EXP 	whiteWaitInterTrial_2: autoDraw = True
63.0574 	EXP 	green_fb_1: autoDraw = True
63.0574 	EXP 	red_fb_1: autoDraw = True
64.6452 	EXP 	New trial (rep=18, index=0): None
64.6589 	EXP 	blackWaitInterTrial_2: autoDraw = False
64.6589 	EXP 	whiteWaitInterTrial_2: autoDraw = False
64.6589 	EXP 	green_fb_1: autoDraw = False
64.6589 	EXP 	red_fb_1: autoDraw = False
64.6589 	EXP 	blackWaitInterTrial_2: autoDraw = False
64.6589 	EXP 	whiteWaitInterTrial_2: autoDraw = False
64.6589 	EXP 	green_fb_1: autoDraw = False
64.6589 	EXP 	red_fb_1: autoDraw = False
64.6589 	EXP 	TrialPicture: size = array([0.75, 1.  ])
64.6589 	EXP 	TrialPicture: image = './stimuli/images/149.bmp'
64.6589 	EXP 	blackTrial: autoDraw = True
64.6589 	EXP 	whiteTrial: autoDraw = True
64.6589 	EXP 	TrialPicture: autoDraw = True
64.6589 	EXP 	green_1: autoDraw = True
64.6589 	EXP 	red_1: autoDraw = True
65.6598 	EXP 	blackTrial: autoDraw = False
65.6598 	EXP 	whiteTrial: autoDraw = False
65.6598 	EXP 	TrialPicture: autoDraw = False
65.6598 	EXP 	green_1: autoDraw = False
65.6598 	EXP 	red_1: autoDraw = False
65.6598 	EXP 	blackTrial: autoDraw = False
65.6598 	EXP 	whiteTrial: autoDraw = False
65.6598 	EXP 	TrialPicture: autoDraw = False
65.6598 	EXP 	green_1: autoDraw = False
65.6598 	EXP 	red_1: autoDraw = False
65.6598 	EXP 	whiteWaitInterTrial_2: size = array([0.75, 1.  ])
65.6598 	EXP 	blackWaitInterTrial_2: autoDraw = True
65.6598 	EXP 	whiteWaitInterTrial_2: autoDraw = True
65.6598 	EXP 	green_fb_1: autoDraw = True
65.6598 	EXP 	red_fb_1: autoDraw = True
67.3477 	EXP 	New trial (rep=19, index=0): None
67.3613 	EXP 	blackWaitInterTrial_2: autoDraw = False
67.3613 	EXP 	whiteWaitInterTrial_2: autoDraw = False
67.3613 	EXP 	green_fb_1: autoDraw = False
67.3613 	EXP 	red_fb_1: autoDraw = False
67.3613 	EXP 	blackWaitInterTrial_2: autoDraw = False
67.3613 	EXP 	whiteWaitInterTrial_2: autoDraw = False
67.3613 	EXP 	green_fb_1: autoDraw = False
67.3613 	EXP 	red_fb_1: autoDraw = False
67.3613 	EXP 	TrialPicture: size = array([0.75, 1.  ])
67.3613 	EXP 	TrialPicture: image = './stimuli/images/186.bmp'
67.3613 	EXP 	blackTrial: autoDraw = True
67.3613 	EXP 	whiteTrial: autoDraw = True
67.3613 	EXP 	TrialPicture: autoDraw = True
67.3613 	EXP 	green_1: autoDraw = True
67.3613 	EXP 	red_1: autoDraw = True
67.3964 	EXP 	Sound sound_2 started
67.3994 	DATA 	Keypress: l
67.6993 	DATA 	Keypress: l
68.3621 	EXP 	blackTrial: autoDraw = False
68.3621 	EXP 	whiteTrial: autoDraw = False
68.3621 	EXP 	TrialPicture: autoDraw = False
68.3621 	EXP 	green_1: autoDraw = False
68.3621 	EXP 	red_1: autoDraw = False
68.3621 	EXP 	blackTrial: autoDraw = False
68.3621 	EXP 	whiteTrial: autoDraw = False
68.3621 	EXP 	TrialPicture: autoDraw = False
68.3621 	EXP 	green_1: autoDraw = False
68.3621 	EXP 	red_1: autoDraw = False
68.3621 	EXP 	whiteWaitInterTrial_2: size = array([0.75, 1.  ])
68.3621 	EXP 	blackWaitInterTrial_2: autoDraw = True
68.3621 	EXP 	whiteWaitInterTrial_2: autoDraw = True
68.3621 	EXP 	green_fb_1: autoDraw = True
68.3621 	EXP 	red_fb_1: autoDraw = True
70.0636 	EXP 	blackWaitInterTrial_2: autoDraw = False
70.0636 	EXP 	whiteWaitInterTrial_2: autoDraw = False
70.0636 	EXP 	green_fb_1: autoDraw = False
70.0636 	EXP 	red_fb_1: autoDraw = False
70.0636 	EXP 	blackWaitInterTrial_2: autoDraw = False
70.0636 	EXP 	whiteWaitInterTrial_2: autoDraw = False
70.0636 	EXP 	green_fb_1: autoDraw = False
70.0636 	EXP 	red_fb_1: autoDraw = False
70.0636 	EXP 	fixationImage: size = array([0.75, 1.  ])
70.0636 	EXP 	fixation: autoDraw = True
70.0636 	EXP 	fixationImage: autoDraw = True
72.0654 	EXP 	fixation: autoDraw = False
72.0654 	EXP 	fixationImage: autoDraw = False
72.0654 	EXP 	fixation: autoDraw = False
72.0654 	EXP 	fixationImage: autoDraw = False
72.0654 	EXP 	polygon_end: autoDraw = True
72.0654 	EXP 	end_text: autoDraw = True
74.0725 	WARNING 	Hamming was requested using the 'pygame' sound library but hamming is not supported there.
74.0728 	EXP 	Set sound_1 sound=./lib/sound/bird.wav
74.0728 	WARNING 	Hamming was requested using the 'pygame' sound library but hamming is not supported there.
74.0729 	EXP 	Set sound_2 sound=./lib/sound/bang.wav
74.1005 	EXP 	polygon_end: autoDraw = False
74.1005 	EXP 	end_text: autoDraw = False
74.1005 	EXP 	polygon_15: autoDraw = True
74.1005 	EXP 	descriptionText_15: autoDraw = True
74.5579 	DATA 	Keypress: space
74.5675 	EXP 	polygon_15: autoDraw = False
74.5675 	EXP 	descriptionText_15: autoDraw = False
74.5675 	EXP 	fixationImage10: size = array([0.75, 1.  ])
74.5675 	EXP 	fixation10: autoDraw = True
74.5675 	EXP 	fixationImage10: autoDraw = True
74.5675 	EXP 	text: autoDraw = True
75.5517 	EXP 	text_2: autoDraw = True
75.5684 	EXP 	text: autoDraw = False
76.5527 	EXP 	text_2: autoDraw = False
76.5527 	EXP 	text_3: autoDraw = True
77.5535 	EXP 	text_3: autoDraw = False
77.5558 	EXP 	Created sequence: sequential, trialTypes=1, nReps=1, seed=None
77.5560 	EXP 	New trial (rep=0, index=0): None
77.5869 	EXP 	fixation10: autoDraw = False
77.5869 	EXP 	fixationImage10: autoDraw = False
77.5869 	EXP 	fixation10: autoDraw = False
77.5869 	EXP 	fixationImage10: autoDraw = False
77.5869 	EXP 	text: autoDraw = False
77.5869 	EXP 	text_2: autoDraw = False
77.5869 	EXP 	text_3: autoDraw = False
77.5869 	EXP 	greenProc_2: size = array([1.6, 1.2])
77.5869 	EXP 	ProcTarget_2: size = array([0.75, 1.  ])
77.5869 	EXP 	ProcTarget_2: image = './stimuli/images/061.bmp'
77.5869 	EXP 	ProcPicture_2: size = array([0.75, 1.  ])
77.5869 	EXP 	ProcPicture_2: image = './stimuli/images/008.bmp'
77.5869 	EXP 	blackProc_2: autoDraw = True
77.5869 	EXP 	greenProc_2: autoDraw = True
77.5869 	EXP 	ProcTarget_2: autoDraw = True
77.5869 	EXP 	ProcPicture_2: autoDraw = True
81.0899 	EXP 	blackProc_2: autoDraw = False
81.0899 	EXP 	greenProc_2: autoDraw = False
81.0899 	EXP 	ProcTarget_2: autoDraw = False
81.0899 	EXP 	ProcPicture_2: autoDraw = False
81.0899 	EXP 	blackProc_2: autoDraw = False
81.0899 	EXP 	greenProc_2: autoDraw = False
81.0899 	EXP 	ProcTarget_2: autoDraw = False
81.0899 	EXP 	ProcPicture_2: autoDraw = False
81.0899 	EXP 	whiteWaitInterTrial_3: size = array([0.75, 1.  ])
81.0899 	EXP 	blackWaitInterTrial_3: autoDraw = True
81.0899 	EXP 	whiteWaitInterTrial_3: autoDraw = True
82.5773 	EXP 	Created sequence: sequential, trialTypes=1, nReps=20, seed=None
82.5774 	EXP 	New trial (rep=0, index=0): None
82.6079 	EXP 	blackWaitInterTrial_3: autoDraw = False
82.6079 	EXP 	whiteWaitInterTrial_3: autoDraw = False
82.6079 	EXP 	blackWaitInterTrial_3: autoDraw = False
82.6079 	EXP 	whiteWaitInterTrial_3: autoDraw = False
82.6079 	EXP 	TrialPicture_2: size = array([0.75, 1.  ])
82.6079 	EXP 	TrialPicture_2: image = './stimuli/images/152.bmp'
82.6079 	EXP 	blackTrial_2: autoDraw = True
82.6079 	EXP 	whiteTrial_2: autoDraw = True
82.6079 	EXP 	TrialPicture_2: autoDraw = True
82.6079 	EXP 	green_2: autoDraw = True
82.6079 	EXP 	red_2: autoDraw = True
83.6088 	EXP 	blackTrial_2: autoDraw = False
83.6088 	EXP 	whiteTrial_2: autoDraw = False
83.6088 	EXP 	TrialPicture_2: autoDraw = False
83.6088 	EXP 	green_2: autoDraw = False
83.6088 	EXP 	red_2: autoDraw = False
83.6088 	EXP 	blackTrial_2: autoDraw = False
83.6088 	EXP 	whiteTrial_2: autoDraw = False
83.6088 	EXP 	TrialPicture_2: autoDraw = False
83.6088 	EXP 	green_2: autoDraw = False
83.6088 	EXP 	red_2: autoDraw = False
83.6088 	EXP 	whiteWaitInterTrial_4: size = array([0.75, 1.  ])
83.6088 	EXP 	blackWaitInterTrial_4: autoDraw = True
83.6088 	EXP 	whiteWaitInterTrial_4: autoDraw = True
83.6088 	EXP 	green_fb_2: autoDraw = True
83.6088 	EXP 	red_fb_2: autoDraw = True
85.3971 	EXP 	New trial (rep=1, index=0): None
85.4103 	EXP 	blackWaitInterTrial_4: autoDraw = False
85.4103 	EXP 	whiteWaitInterTrial_4: autoDraw = False
85.4103 	EXP 	green_fb_2: autoDraw = False
85.4103 	EXP 	red_fb_2: autoDraw = False
85.4103 	EXP 	blackWaitInterTrial_4: autoDraw = False
85.4103 	EXP 	whiteWaitInterTrial_4: autoDraw = False
85.4103 	EXP 	green_fb_2: autoDraw = False
85.4103 	EXP 	red_fb_2: autoDraw = False
85.4103 	EXP 	TrialPicture_2: size = array([0.75, 1.  ])
85.4103 	EXP 	TrialPicture_2: image = './stimuli/images/061.bmp'
85.4103 	EXP 	blackTrial_2: autoDraw = True
85.4103 	EXP 	whiteTrial_2: autoDraw = True
85.4103 	EXP 	TrialPicture_2: autoDraw = True
85.4103 	EXP 	green_2: autoDraw = True
85.4103 	EXP 	red_2: autoDraw = True
86.4112 	EXP 	blackTrial_2: autoDraw = False
86.4112 	EXP 	whiteTrial_2: autoDraw = False
86.4112 	EXP 	TrialPicture_2: autoDraw = False
86.4112 	EXP 	green_2: autoDraw = False
86.4112 	EXP 	red_2: autoDraw = False
86.4112 	EXP 	blackTrial_2: autoDraw = False
86.4112 	EXP 	whiteTrial_2: autoDraw = False
86.4112 	EXP 	TrialPicture_2: autoDraw = False
86.4112 	EXP 	green_2: autoDraw = False
86.4112 	EXP 	red_2: autoDraw = False
86.4112 	EXP 	whiteWaitInterTrial_4: size = array([0.75, 1.  ])
86.4112 	EXP 	blackWaitInterTrial_4: autoDraw = True
86.4112 	EXP 	whiteWaitInterTrial_4: autoDraw = True
86.4112 	EXP 	green_fb_2: autoDraw = True
86.4112 	EXP 	red_fb_2: autoDraw = True
88.1993 	EXP 	New trial (rep=2, index=0): None
88.2295 	EXP 	blackWaitInterTrial_4: autoDraw = False
88.2295 	EXP 	whiteWaitInterTrial_4: autoDraw = False
88.2295 	EXP 	green_fb_2: autoDraw = False
88.2295 	EXP 	red_fb_2: autoDraw = False
88.2295 	EXP 	blackWaitInterTrial_4: autoDraw = False
88.2295 	EXP 	whiteWaitInterTrial_4: autoDraw = False
88.2295 	EXP 	green_fb_2: autoDraw = False
88.2295 	EXP 	red_fb_2: autoDraw = False
88.2295 	EXP 	TrialPicture_2: size = array([0.75, 1.  ])
88.2295 	EXP 	TrialPicture_2: image = './stimuli/images/008.bmp'
88.2295 	EXP 	blackTrial_2: autoDraw = True
88.2295 	EXP 	whiteTrial_2: autoDraw = True
88.2295 	EXP 	TrialPicture_2: autoDraw = True
88.2295 	EXP 	green_2: autoDraw = True
88.2295 	EXP 	red_2: autoDraw = True
89.2303 	EXP 	blackTrial_2: autoDraw = False
89.2303 	EXP 	whiteTrial_2: autoDraw = False
89.2303 	EXP 	TrialPicture_2: autoDraw = False
89.2303 	EXP 	green_2: autoDraw = False
89.2303 	EXP 	red_2: autoDraw = False
89.2303 	EXP 	blackTrial_2: autoDraw = False
89.2303 	EXP 	whiteTrial_2: autoDraw = False
89.2303 	EXP 	TrialPicture_2: autoDraw = False
89.2303 	EXP 	green_2: autoDraw = False
89.2303 	EXP 	red_2: autoDraw = False
89.2303 	EXP 	whiteWaitInterTrial_4: size = array([0.75, 1.  ])
89.2303 	EXP 	blackWaitInterTrial_4: autoDraw = True
89.2303 	EXP 	whiteWaitInterTrial_4: autoDraw = True
89.2303 	EXP 	green_fb_2: autoDraw = True
89.2303 	EXP 	red_fb_2: autoDraw = True
90.9200 	EXP 	New trial (rep=3, index=0): None
90.9485 	EXP 	blackWaitInterTrial_4: autoDraw = False
90.9485 	EXP 	whiteWaitInterTrial_4: autoDraw = False
90.9485 	EXP 	green_fb_2: autoDraw = False
90.9485 	EXP 	red_fb_2: autoDraw = False
90.9485 	EXP 	blackWaitInterTrial_4: autoDraw = False
90.9485 	EXP 	whiteWaitInterTrial_4: autoDraw = False
90.9485 	EXP 	green_fb_2: autoDraw = False
90.9485 	EXP 	red_fb_2: autoDraw = False
90.9485 	EXP 	TrialPicture_2: size = array([0.75, 1.  ])
90.9485 	EXP 	TrialPicture_2: image = './stimuli/images/086.bmp'
90.9485 	EXP 	blackTrial_2: autoDraw = True
90.9485 	EXP 	whiteTrial_2: autoDraw = True
90.9485 	EXP 	TrialPicture_2: autoDraw = True
90.9485 	EXP 	green_2: autoDraw = True
90.9485 	EXP 	red_2: autoDraw = True
91.9494 	EXP 	blackTrial_2: autoDraw = False
91.9494 	EXP 	whiteTrial_2: autoDraw = False
91.9494 	EXP 	TrialPicture_2: autoDraw = False
91.9494 	EXP 	green_2: autoDraw = False
91.9494 	EXP 	red_2: autoDraw = False
91.9494 	EXP 	blackTrial_2: autoDraw = False
91.9494 	EXP 	whiteTrial_2: autoDraw = False
91.9494 	EXP 	TrialPicture_2: autoDraw = False
91.9494 	EXP 	green_2: autoDraw = False
91.9494 	EXP 	red_2: autoDraw = False
91.9494 	EXP 	whiteWaitInterTrial_4: size = array([0.75, 1.  ])
91.9494 	EXP 	blackWaitInterTrial_4: autoDraw = True
91.9494 	EXP 	whiteWaitInterTrial_4: autoDraw = True
91.9494 	EXP 	green_fb_2: autoDraw = True
91.9494 	EXP 	red_fb_2: autoDraw = True
93.6374 	EXP 	New trial (rep=4, index=0): None
93.6509 	EXP 	blackWaitInterTrial_4: autoDraw = False
93.6509 	EXP 	whiteWaitInterTrial_4: autoDraw = False
93.6509 	EXP 	green_fb_2: autoDraw = False
93.6509 	EXP 	red_fb_2: autoDraw = False
93.6509 	EXP 	blackWaitInterTrial_4: autoDraw = False
93.6509 	EXP 	whiteWaitInterTrial_4: autoDraw = False
93.6509 	EXP 	green_fb_2: autoDraw = False
93.6509 	EXP 	red_fb_2: autoDraw = False
93.6509 	EXP 	TrialPicture_2: size = array([0.75, 1.  ])
93.6509 	EXP 	TrialPicture_2: image = './stimuli/images/152.bmp'
93.6509 	EXP 	blackTrial_2: autoDraw = True
93.6509 	EXP 	whiteTrial_2: autoDraw = True
93.6509 	EXP 	TrialPicture_2: autoDraw = True
93.6509 	EXP 	green_2: autoDraw = True
93.6509 	EXP 	red_2: autoDraw = True
94.6517 	EXP 	blackTrial_2: autoDraw = False
94.6517 	EXP 	whiteTrial_2: autoDraw = False
94.6517 	EXP 	TrialPicture_2: autoDraw = False
94.6517 	EXP 	green_2: autoDraw = False
94.6517 	EXP 	red_2: autoDraw = False
94.6517 	EXP 	blackTrial_2: autoDraw = False
94.6517 	EXP 	whiteTrial_2: autoDraw = False
94.6517 	EXP 	TrialPicture_2: autoDraw = False
94.6517 	EXP 	green_2: autoDraw = False
94.6517 	EXP 	red_2: autoDraw = False
94.6517 	EXP 	whiteWaitInterTrial_4: size = array([0.75, 1.  ])
94.6517 	EXP 	blackWaitInterTrial_4: autoDraw = True
94.6517 	EXP 	whiteWaitInterTrial_4: autoDraw = True
94.6517 	EXP 	green_fb_2: autoDraw = True
94.6517 	EXP 	red_fb_2: autoDraw = True
96.2393 	EXP 	New trial (rep=5, index=0): None
96.2699 	EXP 	blackWaitInterTrial_4: autoDraw = False
96.2699 	EXP 	whiteWaitInterTrial_4: autoDraw = False
96.2699 	EXP 	green_fb_2: autoDraw = False
96.2699 	EXP 	red_fb_2: autoDraw = False
96.2699 	EXP 	blackWaitInterTrial_4: autoDraw = False
96.2699 	EXP 	whiteWaitInterTrial_4: autoDraw = False
96.2699 	EXP 	green_fb_2: autoDraw = False
96.2699 	EXP 	red_fb_2: autoDraw = False
96.2699 	EXP 	TrialPicture_2: size = array([0.75, 1.  ])
96.2699 	EXP 	TrialPicture_2: image = './stimuli/images/061.bmp'
96.2699 	EXP 	blackTrial_2: autoDraw = True
96.2699 	EXP 	whiteTrial_2: autoDraw = True
96.2699 	EXP 	TrialPicture_2: autoDraw = True
96.2699 	EXP 	green_2: autoDraw = True
96.2699 	EXP 	red_2: autoDraw = True
97.2707 	EXP 	blackTrial_2: autoDraw = False
97.2707 	EXP 	whiteTrial_2: autoDraw = False
97.2707 	EXP 	TrialPicture_2: autoDraw = False
97.2707 	EXP 	green_2: autoDraw = False
97.2707 	EXP 	red_2: autoDraw = False
97.2707 	EXP 	blackTrial_2: autoDraw = False
97.2707 	EXP 	whiteTrial_2: autoDraw = False
97.2707 	EXP 	TrialPicture_2: autoDraw = False
97.2707 	EXP 	green_2: autoDraw = False
97.2707 	EXP 	red_2: autoDraw = False
97.2707 	EXP 	whiteWaitInterTrial_4: size = array([0.75, 1.  ])
97.2707 	EXP 	blackWaitInterTrial_4: autoDraw = True
97.2707 	EXP 	whiteWaitInterTrial_4: autoDraw = True
97.2707 	EXP 	green_fb_2: autoDraw = True
97.2707 	EXP 	red_fb_2: autoDraw = True
98.9592 	EXP 	New trial (rep=6, index=0): None
98.9889 	EXP 	blackWaitInterTrial_4: autoDraw = False
98.9889 	EXP 	whiteWaitInterTrial_4: autoDraw = False
98.9889 	EXP 	green_fb_2: autoDraw = False
98.9889 	EXP 	red_fb_2: autoDraw = False
98.9889 	EXP 	blackWaitInterTrial_4: autoDraw = False
98.9889 	EXP 	whiteWaitInterTrial_4: autoDraw = False
98.9889 	EXP 	green_fb_2: autoDraw = False
98.9889 	EXP 	red_fb_2: autoDraw = False
98.9889 	EXP 	TrialPicture_2: size = array([0.75, 1.  ])
98.9889 	EXP 	TrialPicture_2: image = './stimuli/images/008.bmp'
98.9889 	EXP 	blackTrial_2: autoDraw = True
98.9889 	EXP 	whiteTrial_2: autoDraw = True
98.9889 	EXP 	TrialPicture_2: autoDraw = True
98.9889 	EXP 	green_2: autoDraw = True
98.9889 	EXP 	red_2: autoDraw = True
99.9897 	EXP 	blackTrial_2: autoDraw = False
99.9897 	EXP 	whiteTrial_2: autoDraw = False
99.9897 	EXP 	TrialPicture_2: autoDraw = False
99.9897 	EXP 	green_2: autoDraw = False
99.9897 	EXP 	red_2: autoDraw = False
99.9897 	EXP 	blackTrial_2: autoDraw = False
99.9897 	EXP 	whiteTrial_2: autoDraw = False
99.9897 	EXP 	TrialPicture_2: autoDraw = False
99.9897 	EXP 	green_2: autoDraw = False
99.9897 	EXP 	red_2: autoDraw = False
99.9897 	EXP 	whiteWaitInterTrial_4: size = array([0.75, 1.  ])
99.9897 	EXP 	blackWaitInterTrial_4: autoDraw = True
99.9897 	EXP 	whiteWaitInterTrial_4: autoDraw = True
99.9897 	EXP 	green_fb_2: autoDraw = True
99.9897 	EXP 	red_fb_2: autoDraw = True
101.6776 	EXP 	New trial (rep=7, index=0): None
101.6912 	EXP 	blackWaitInterTrial_4: autoDraw = False
101.6912 	EXP 	whiteWaitInterTrial_4: autoDraw = False
101.6912 	EXP 	green_fb_2: autoDraw = False
101.6912 	EXP 	red_fb_2: autoDraw = False
101.6912 	EXP 	blackWaitInterTrial_4: autoDraw = False
101.6912 	EXP 	whiteWaitInterTrial_4: autoDraw = False
101.6912 	EXP 	green_fb_2: autoDraw = False
101.6912 	EXP 	red_fb_2: autoDraw = False
101.6912 	EXP 	TrialPicture_2: size = array([0.75, 1.  ])
101.6912 	EXP 	TrialPicture_2: image = './stimuli/images/086.bmp'
101.6912 	EXP 	blackTrial_2: autoDraw = True
101.6912 	EXP 	whiteTrial_2: autoDraw = True
101.6912 	EXP 	TrialPicture_2: autoDraw = True
101.6912 	EXP 	green_2: autoDraw = True
101.6912 	EXP 	red_2: autoDraw = True
102.6921 	EXP 	blackTrial_2: autoDraw = False
102.6921 	EXP 	whiteTrial_2: autoDraw = False
102.6921 	EXP 	TrialPicture_2: autoDraw = False
102.6921 	EXP 	green_2: autoDraw = False
102.6921 	EXP 	red_2: autoDraw = False
102.6921 	EXP 	blackTrial_2: autoDraw = False
102.6921 	EXP 	whiteTrial_2: autoDraw = False
102.6921 	EXP 	TrialPicture_2: autoDraw = False
102.6921 	EXP 	green_2: autoDraw = False
102.6921 	EXP 	red_2: autoDraw = False
102.6921 	EXP 	whiteWaitInterTrial_4: size = array([0.75, 1.  ])
102.6921 	EXP 	blackWaitInterTrial_4: autoDraw = True
102.6921 	EXP 	whiteWaitInterTrial_4: autoDraw = True
102.6921 	EXP 	green_fb_2: autoDraw = True
102.6921 	EXP 	red_fb_2: autoDraw = True
104.4802 	EXP 	New trial (rep=8, index=0): None
104.4937 	EXP 	blackWaitInterTrial_4: autoDraw = False
104.4937 	EXP 	whiteWaitInterTrial_4: autoDraw = False
104.4937 	EXP 	green_fb_2: autoDraw = False
104.4937 	EXP 	red_fb_2: autoDraw = False
104.4937 	EXP 	blackWaitInterTrial_4: autoDraw = False
104.4937 	EXP 	whiteWaitInterTrial_4: autoDraw = False
104.4937 	EXP 	green_fb_2: autoDraw = False
104.4937 	EXP 	red_fb_2: autoDraw = False
104.4937 	EXP 	TrialPicture_2: size = array([0.75, 1.  ])
104.4937 	EXP 	TrialPicture_2: image = './stimuli/images/061.bmp'
104.4937 	EXP 	blackTrial_2: autoDraw = True
104.4937 	EXP 	whiteTrial_2: autoDraw = True
104.4937 	EXP 	TrialPicture_2: autoDraw = True
104.4937 	EXP 	green_2: autoDraw = True
104.4937 	EXP 	red_2: autoDraw = True
105.4946 	EXP 	blackTrial_2: autoDraw = False
105.4946 	EXP 	whiteTrial_2: autoDraw = False
105.4946 	EXP 	TrialPicture_2: autoDraw = False
105.4946 	EXP 	green_2: autoDraw = False
105.4946 	EXP 	red_2: autoDraw = False
105.4946 	EXP 	blackTrial_2: autoDraw = False
105.4946 	EXP 	whiteTrial_2: autoDraw = False
105.4946 	EXP 	TrialPicture_2: autoDraw = False
105.4946 	EXP 	green_2: autoDraw = False
105.4946 	EXP 	red_2: autoDraw = False
105.4946 	EXP 	whiteWaitInterTrial_4: size = array([0.75, 1.  ])
105.4946 	EXP 	blackWaitInterTrial_4: autoDraw = True
105.4946 	EXP 	whiteWaitInterTrial_4: autoDraw = True
105.4946 	EXP 	green_fb_2: autoDraw = True
105.4946 	EXP 	red_fb_2: autoDraw = True
107.1817 	EXP 	New trial (rep=9, index=0): None
107.1960 	EXP 	blackWaitInterTrial_4: autoDraw = False
107.1960 	EXP 	whiteWaitInterTrial_4: autoDraw = False
107.1960 	EXP 	green_fb_2: autoDraw = False
107.1960 	EXP 	red_fb_2: autoDraw = False
107.1960 	EXP 	blackWaitInterTrial_4: autoDraw = False
107.1960 	EXP 	whiteWaitInterTrial_4: autoDraw = False
107.1960 	EXP 	green_fb_2: autoDraw = False
107.1960 	EXP 	red_fb_2: autoDraw = False
107.1960 	EXP 	TrialPicture_2: size = array([0.75, 1.  ])
107.1960 	EXP 	TrialPicture_2: image = './stimuli/images/152.bmp'
107.1960 	EXP 	blackTrial_2: autoDraw = True
107.1960 	EXP 	whiteTrial_2: autoDraw = True
107.1960 	EXP 	TrialPicture_2: autoDraw = True
107.1960 	EXP 	green_2: autoDraw = True
107.1960 	EXP 	red_2: autoDraw = True
108.1969 	EXP 	blackTrial_2: autoDraw = False
108.1969 	EXP 	whiteTrial_2: autoDraw = False
108.1969 	EXP 	TrialPicture_2: autoDraw = False
108.1969 	EXP 	green_2: autoDraw = False
108.1969 	EXP 	red_2: autoDraw = False
108.1969 	EXP 	blackTrial_2: autoDraw = False
108.1969 	EXP 	whiteTrial_2: autoDraw = False
108.1969 	EXP 	TrialPicture_2: autoDraw = False
108.1969 	EXP 	green_2: autoDraw = False
108.1969 	EXP 	red_2: autoDraw = False
108.1969 	EXP 	whiteWaitInterTrial_4: size = array([0.75, 1.  ])
108.1969 	EXP 	blackWaitInterTrial_4: autoDraw = True
108.1969 	EXP 	whiteWaitInterTrial_4: autoDraw = True
108.1969 	EXP 	green_fb_2: autoDraw = True
108.1969 	EXP 	red_fb_2: autoDraw = True
109.7847 	EXP 	New trial (rep=10, index=0): None
109.7983 	EXP 	blackWaitInterTrial_4: autoDraw = False
109.7983 	EXP 	whiteWaitInterTrial_4: autoDraw = False
109.7983 	EXP 	green_fb_2: autoDraw = False
109.7983 	EXP 	red_fb_2: autoDraw = False
109.7983 	EXP 	blackWaitInterTrial_4: autoDraw = False
109.7983 	EXP 	whiteWaitInterTrial_4: autoDraw = False
109.7983 	EXP 	green_fb_2: autoDraw = False
109.7983 	EXP 	red_fb_2: autoDraw = False
109.7983 	EXP 	TrialPicture_2: size = array([0.75, 1.  ])
109.7983 	EXP 	TrialPicture_2: image = './stimuli/images/152.bmp'
109.7983 	EXP 	blackTrial_2: autoDraw = True
109.7983 	EXP 	whiteTrial_2: autoDraw = True
109.7983 	EXP 	TrialPicture_2: autoDraw = True
109.7983 	EXP 	green_2: autoDraw = True
109.7983 	EXP 	red_2: autoDraw = True
110.7992 	EXP 	blackTrial_2: autoDraw = False
110.7992 	EXP 	whiteTrial_2: autoDraw = False
110.7992 	EXP 	TrialPicture_2: autoDraw = False
110.7992 	EXP 	green_2: autoDraw = False
110.7992 	EXP 	red_2: autoDraw = False
110.7992 	EXP 	blackTrial_2: autoDraw = False
110.7992 	EXP 	whiteTrial_2: autoDraw = False
110.7992 	EXP 	TrialPicture_2: autoDraw = False
110.7992 	EXP 	green_2: autoDraw = False
110.7992 	EXP 	red_2: autoDraw = False
110.7992 	EXP 	whiteWaitInterTrial_4: size = array([0.75, 1.  ])
110.7992 	EXP 	blackWaitInterTrial_4: autoDraw = True
110.7992 	EXP 	whiteWaitInterTrial_4: autoDraw = True
110.7992 	EXP 	green_fb_2: autoDraw = True
110.7992 	EXP 	red_fb_2: autoDraw = True
112.4870 	EXP 	New trial (rep=11, index=0): None
112.5006 	EXP 	blackWaitInterTrial_4: autoDraw = False
112.5006 	EXP 	whiteWaitInterTrial_4: autoDraw = False
112.5006 	EXP 	green_fb_2: autoDraw = False
112.5006 	EXP 	red_fb_2: autoDraw = False
112.5006 	EXP 	blackWaitInterTrial_4: autoDraw = False
112.5006 	EXP 	whiteWaitInterTrial_4: autoDraw = False
112.5006 	EXP 	green_fb_2: autoDraw = False
112.5006 	EXP 	red_fb_2: autoDraw = False
112.5006 	EXP 	TrialPicture_2: size = array([0.75, 1.  ])
112.5006 	EXP 	TrialPicture_2: image = './stimuli/images/086.bmp'
112.5006 	EXP 	blackTrial_2: autoDraw = True
112.5006 	EXP 	whiteTrial_2: autoDraw = True
112.5006 	EXP 	TrialPicture_2: autoDraw = True
112.5006 	EXP 	green_2: autoDraw = True
112.5006 	EXP 	red_2: autoDraw = True
113.5015 	EXP 	blackTrial_2: autoDraw = False
113.5015 	EXP 	whiteTrial_2: autoDraw = False
113.5015 	EXP 	TrialPicture_2: autoDraw = False
113.5015 	EXP 	green_2: autoDraw = False
113.5015 	EXP 	red_2: autoDraw = False
113.5015 	EXP 	blackTrial_2: autoDraw = False
113.5015 	EXP 	whiteTrial_2: autoDraw = False
113.5015 	EXP 	TrialPicture_2: autoDraw = False
113.5015 	EXP 	green_2: autoDraw = False
113.5015 	EXP 	red_2: autoDraw = False
113.5015 	EXP 	whiteWaitInterTrial_4: size = array([0.75, 1.  ])
113.5015 	EXP 	blackWaitInterTrial_4: autoDraw = True
113.5015 	EXP 	whiteWaitInterTrial_4: autoDraw = True
113.5015 	EXP 	green_fb_2: autoDraw = True
113.5015 	EXP 	red_fb_2: autoDraw = True
115.0898 	EXP 	New trial (rep=12, index=0): None
115.1030 	EXP 	blackWaitInterTrial_4: autoDraw = False
115.1030 	EXP 	whiteWaitInterTrial_4: autoDraw = False
115.1030 	EXP 	green_fb_2: autoDraw = False
115.1030 	EXP 	red_fb_2: autoDraw = False
115.1030 	EXP 	blackWaitInterTrial_4: autoDraw = False
115.1030 	EXP 	whiteWaitInterTrial_4: autoDraw = False
115.1030 	EXP 	green_fb_2: autoDraw = False
115.1030 	EXP 	red_fb_2: autoDraw = False
115.1030 	EXP 	TrialPicture_2: size = array([0.75, 1.  ])
115.1030 	EXP 	TrialPicture_2: image = './stimuli/images/152.bmp'
115.1030 	EXP 	blackTrial_2: autoDraw = True
115.1030 	EXP 	whiteTrial_2: autoDraw = True
115.1030 	EXP 	TrialPicture_2: autoDraw = True
115.1030 	EXP 	green_2: autoDraw = True
115.1030 	EXP 	red_2: autoDraw = True
116.1038 	EXP 	blackTrial_2: autoDraw = False
116.1038 	EXP 	whiteTrial_2: autoDraw = False
116.1038 	EXP 	TrialPicture_2: autoDraw = False
116.1038 	EXP 	green_2: autoDraw = False
116.1038 	EXP 	red_2: autoDraw = False
116.1038 	EXP 	blackTrial_2: autoDraw = False
116.1038 	EXP 	whiteTrial_2: autoDraw = False
116.1038 	EXP 	TrialPicture_2: autoDraw = False
116.1038 	EXP 	green_2: autoDraw = False
116.1038 	EXP 	red_2: autoDraw = False
116.1038 	EXP 	whiteWaitInterTrial_4: size = array([0.75, 1.  ])
116.1038 	EXP 	blackWaitInterTrial_4: autoDraw = True
116.1038 	EXP 	whiteWaitInterTrial_4: autoDraw = True
116.1038 	EXP 	green_fb_2: autoDraw = True
116.1038 	EXP 	red_fb_2: autoDraw = True
117.6908 	EXP 	New trial (rep=13, index=0): None
117.7052 	EXP 	blackWaitInterTrial_4: autoDraw = False
117.7052 	EXP 	whiteWaitInterTrial_4: autoDraw = False
117.7052 	EXP 	green_fb_2: autoDraw = False
117.7052 	EXP 	red_fb_2: autoDraw = False
117.7052 	EXP 	blackWaitInterTrial_4: autoDraw = False
117.7052 	EXP 	whiteWaitInterTrial_4: autoDraw = False
117.7052 	EXP 	green_fb_2: autoDraw = False
117.7052 	EXP 	red_fb_2: autoDraw = False
117.7052 	EXP 	TrialPicture_2: size = array([0.75, 1.  ])
117.7052 	EXP 	TrialPicture_2: image = './stimuli/images/061.bmp'
117.7052 	EXP 	blackTrial_2: autoDraw = True
117.7052 	EXP 	whiteTrial_2: autoDraw = True
117.7052 	EXP 	TrialPicture_2: autoDraw = True
117.7052 	EXP 	green_2: autoDraw = True
117.7052 	EXP 	red_2: autoDraw = True
118.7061 	EXP 	blackTrial_2: autoDraw = False
118.7061 	EXP 	whiteTrial_2: autoDraw = False
118.7061 	EXP 	TrialPicture_2: autoDraw = False
118.7061 	EXP 	green_2: autoDraw = False
118.7061 	EXP 	red_2: autoDraw = False
118.7061 	EXP 	blackTrial_2: autoDraw = False
118.7061 	EXP 	whiteTrial_2: autoDraw = False
118.7061 	EXP 	TrialPicture_2: autoDraw = False
118.7061 	EXP 	green_2: autoDraw = False
118.7061 	EXP 	red_2: autoDraw = False
118.7061 	EXP 	whiteWaitInterTrial_4: size = array([0.75, 1.  ])
118.7061 	EXP 	blackWaitInterTrial_4: autoDraw = True
118.7061 	EXP 	whiteWaitInterTrial_4: autoDraw = True
118.7061 	EXP 	green_fb_2: autoDraw = True
118.7061 	EXP 	red_fb_2: autoDraw = True
120.3939 	EXP 	New trial (rep=14, index=0): None
120.4076 	EXP 	blackWaitInterTrial_4: autoDraw = False
120.4076 	EXP 	whiteWaitInterTrial_4: autoDraw = False
120.4076 	EXP 	green_fb_2: autoDraw = False
120.4076 	EXP 	red_fb_2: autoDraw = False
120.4076 	EXP 	blackWaitInterTrial_4: autoDraw = False
120.4076 	EXP 	whiteWaitInterTrial_4: autoDraw = False
120.4076 	EXP 	green_fb_2: autoDraw = False
120.4076 	EXP 	red_fb_2: autoDraw = False
120.4076 	EXP 	TrialPicture_2: size = array([0.75, 1.  ])
120.4076 	EXP 	TrialPicture_2: image = './stimuli/images/008.bmp'
120.4076 	EXP 	blackTrial_2: autoDraw = True
120.4076 	EXP 	whiteTrial_2: autoDraw = True
120.4076 	EXP 	TrialPicture_2: autoDraw = True
120.4076 	EXP 	green_2: autoDraw = True
120.4076 	EXP 	red_2: autoDraw = True
121.4085 	EXP 	blackTrial_2: autoDraw = False
121.4085 	EXP 	whiteTrial_2: autoDraw = False
121.4085 	EXP 	TrialPicture_2: autoDraw = False
121.4085 	EXP 	green_2: autoDraw = False
121.4085 	EXP 	red_2: autoDraw = False
121.4085 	EXP 	blackTrial_2: autoDraw = False
121.4085 	EXP 	whiteTrial_2: autoDraw = False
121.4085 	EXP 	TrialPicture_2: autoDraw = False
121.4085 	EXP 	green_2: autoDraw = False
121.4085 	EXP 	red_2: autoDraw = False
121.4085 	EXP 	whiteWaitInterTrial_4: size = array([0.75, 1.  ])
121.4085 	EXP 	blackWaitInterTrial_4: autoDraw = True
121.4085 	EXP 	whiteWaitInterTrial_4: autoDraw = True
121.4085 	EXP 	green_fb_2: autoDraw = True
121.4085 	EXP 	red_fb_2: autoDraw = True
123.0967 	EXP 	New trial (rep=15, index=0): None
123.1099 	EXP 	blackWaitInterTrial_4: autoDraw = False
123.1099 	EXP 	whiteWaitInterTrial_4: autoDraw = False
123.1099 	EXP 	green_fb_2: autoDraw = False
123.1099 	EXP 	red_fb_2: autoDraw = False
123.1099 	EXP 	blackWaitInterTrial_4: autoDraw = False
123.1099 	EXP 	whiteWaitInterTrial_4: autoDraw = False
123.1099 	EXP 	green_fb_2: autoDraw = False
123.1099 	EXP 	red_fb_2: autoDraw = False
123.1099 	EXP 	TrialPicture_2: size = array([0.75, 1.  ])
123.1099 	EXP 	TrialPicture_2: image = './stimuli/images/086.bmp'
123.1099 	EXP 	blackTrial_2: autoDraw = True
123.1099 	EXP 	whiteTrial_2: autoDraw = True
123.1099 	EXP 	TrialPicture_2: autoDraw = True
123.1099 	EXP 	green_2: autoDraw = True
123.1099 	EXP 	red_2: autoDraw = True
124.1108 	EXP 	blackTrial_2: autoDraw = False
124.1108 	EXP 	whiteTrial_2: autoDraw = False
124.1108 	EXP 	TrialPicture_2: autoDraw = False
124.1108 	EXP 	green_2: autoDraw = False
124.1108 	EXP 	red_2: autoDraw = False
124.1108 	EXP 	blackTrial_2: autoDraw = False
124.1108 	EXP 	whiteTrial_2: autoDraw = False
124.1108 	EXP 	TrialPicture_2: autoDraw = False
124.1108 	EXP 	green_2: autoDraw = False
124.1108 	EXP 	red_2: autoDraw = False
124.1108 	EXP 	whiteWaitInterTrial_4: size = array([0.75, 1.  ])
124.1108 	EXP 	blackWaitInterTrial_4: autoDraw = True
124.1108 	EXP 	whiteWaitInterTrial_4: autoDraw = True
124.1108 	EXP 	green_fb_2: autoDraw = True
124.1108 	EXP 	red_fb_2: autoDraw = True
125.8992 	EXP 	New trial (rep=16, index=0): None
125.9291 	EXP 	blackWaitInterTrial_4: autoDraw = False
125.9291 	EXP 	whiteWaitInterTrial_4: autoDraw = False
125.9291 	EXP 	green_fb_2: autoDraw = False
125.9291 	EXP 	red_fb_2: autoDraw = False
125.9291 	EXP 	blackWaitInterTrial_4: autoDraw = False
125.9291 	EXP 	whiteWaitInterTrial_4: autoDraw = False
125.9291 	EXP 	green_fb_2: autoDraw = False
125.9291 	EXP 	red_fb_2: autoDraw = False
125.9291 	EXP 	TrialPicture_2: size = array([0.75, 1.  ])
125.9291 	EXP 	TrialPicture_2: image = './stimuli/images/152.bmp'
125.9291 	EXP 	blackTrial_2: autoDraw = True
125.9291 	EXP 	whiteTrial_2: autoDraw = True
125.9291 	EXP 	TrialPicture_2: autoDraw = True
125.9291 	EXP 	green_2: autoDraw = True
125.9291 	EXP 	red_2: autoDraw = True
126.9300 	EXP 	blackTrial_2: autoDraw = False
126.9300 	EXP 	whiteTrial_2: autoDraw = False
126.9300 	EXP 	TrialPicture_2: autoDraw = False
126.9300 	EXP 	green_2: autoDraw = False
126.9300 	EXP 	red_2: autoDraw = False
126.9300 	EXP 	blackTrial_2: autoDraw = False
126.9300 	EXP 	whiteTrial_2: autoDraw = False
126.9300 	EXP 	TrialPicture_2: autoDraw = False
126.9300 	EXP 	green_2: autoDraw = False
126.9300 	EXP 	red_2: autoDraw = False
126.9300 	EXP 	whiteWaitInterTrial_4: size = array([0.75, 1.  ])
126.9300 	EXP 	blackWaitInterTrial_4: autoDraw = True
126.9300 	EXP 	whiteWaitInterTrial_4: autoDraw = True
126.9300 	EXP 	green_fb_2: autoDraw = True
126.9300 	EXP 	red_fb_2: autoDraw = True
128.6176 	EXP 	New trial (rep=17, index=0): None
128.6314 	EXP 	blackWaitInterTrial_4: autoDraw = False
128.6314 	EXP 	whiteWaitInterTrial_4: autoDraw = False
128.6314 	EXP 	green_fb_2: autoDraw = False
128.6314 	EXP 	red_fb_2: autoDraw = False
128.6314 	EXP 	blackWaitInterTrial_4: autoDraw = False
128.6314 	EXP 	whiteWaitInterTrial_4: autoDraw = False
128.6314 	EXP 	green_fb_2: autoDraw = False
128.6314 	EXP 	red_fb_2: autoDraw = False
128.6314 	EXP 	TrialPicture_2: size = array([0.75, 1.  ])
128.6314 	EXP 	TrialPicture_2: image = './stimuli/images/061.bmp'
128.6314 	EXP 	blackTrial_2: autoDraw = True
128.6314 	EXP 	whiteTrial_2: autoDraw = True
128.6314 	EXP 	TrialPicture_2: autoDraw = True
128.6314 	EXP 	green_2: autoDraw = True
128.6314 	EXP 	red_2: autoDraw = True
129.6324 	EXP 	blackTrial_2: autoDraw = False
129.6324 	EXP 	whiteTrial_2: autoDraw = False
129.6324 	EXP 	TrialPicture_2: autoDraw = False
129.6324 	EXP 	green_2: autoDraw = False
129.6324 	EXP 	red_2: autoDraw = False
129.6324 	EXP 	blackTrial_2: autoDraw = False
129.6324 	EXP 	whiteTrial_2: autoDraw = False
129.6324 	EXP 	TrialPicture_2: autoDraw = False
129.6324 	EXP 	green_2: autoDraw = False
129.6324 	EXP 	red_2: autoDraw = False
129.6324 	EXP 	whiteWaitInterTrial_4: size = array([0.75, 1.  ])
129.6324 	EXP 	blackWaitInterTrial_4: autoDraw = True
129.6324 	EXP 	whiteWaitInterTrial_4: autoDraw = True
129.6324 	EXP 	green_fb_2: autoDraw = True
129.6324 	EXP 	red_fb_2: autoDraw = True
131.2206 	EXP 	New trial (rep=18, index=0): None
131.2504 	EXP 	blackWaitInterTrial_4: autoDraw = False
131.2504 	EXP 	whiteWaitInterTrial_4: autoDraw = False
131.2504 	EXP 	green_fb_2: autoDraw = False
131.2504 	EXP 	red_fb_2: autoDraw = False
131.2504 	EXP 	blackWaitInterTrial_4: autoDraw = False
131.2504 	EXP 	whiteWaitInterTrial_4: autoDraw = False
131.2504 	EXP 	green_fb_2: autoDraw = False
131.2504 	EXP 	red_fb_2: autoDraw = False
131.2504 	EXP 	TrialPicture_2: size = array([0.75, 1.  ])
131.2504 	EXP 	TrialPicture_2: image = './stimuli/images/008.bmp'
131.2504 	EXP 	blackTrial_2: autoDraw = True
131.2504 	EXP 	whiteTrial_2: autoDraw = True
131.2504 	EXP 	TrialPicture_2: autoDraw = True
131.2504 	EXP 	green_2: autoDraw = True
131.2504 	EXP 	red_2: autoDraw = True
132.2513 	EXP 	blackTrial_2: autoDraw = False
132.2513 	EXP 	whiteTrial_2: autoDraw = False
132.2513 	EXP 	TrialPicture_2: autoDraw = False
132.2513 	EXP 	green_2: autoDraw = False
132.2513 	EXP 	red_2: autoDraw = False
132.2513 	EXP 	blackTrial_2: autoDraw = False
132.2513 	EXP 	whiteTrial_2: autoDraw = False
132.2513 	EXP 	TrialPicture_2: autoDraw = False
132.2513 	EXP 	green_2: autoDraw = False
132.2513 	EXP 	red_2: autoDraw = False
132.2513 	EXP 	whiteWaitInterTrial_4: size = array([0.75, 1.  ])
132.2513 	EXP 	blackWaitInterTrial_4: autoDraw = True
132.2513 	EXP 	whiteWaitInterTrial_4: autoDraw = True
132.2513 	EXP 	green_fb_2: autoDraw = True
132.2513 	EXP 	red_fb_2: autoDraw = True
133.9398 	EXP 	New trial (rep=19, index=0): None
133.9695 	EXP 	blackWaitInterTrial_4: autoDraw = False
133.9695 	EXP 	whiteWaitInterTrial_4: autoDraw = False
133.9695 	EXP 	green_fb_2: autoDraw = False
133.9695 	EXP 	red_fb_2: autoDraw = False
133.9695 	EXP 	blackWaitInterTrial_4: autoDraw = False
133.9695 	EXP 	whiteWaitInterTrial_4: autoDraw = False
133.9695 	EXP 	green_fb_2: autoDraw = False
133.9695 	EXP 	red_fb_2: autoDraw = False
133.9695 	EXP 	TrialPicture_2: size = array([0.75, 1.  ])
133.9695 	EXP 	TrialPicture_2: image = './stimuli/images/086.bmp'
133.9695 	EXP 	blackTrial_2: autoDraw = True
133.9695 	EXP 	whiteTrial_2: autoDraw = True
133.9695 	EXP 	TrialPicture_2: autoDraw = True
133.9695 	EXP 	green_2: autoDraw = True
133.9695 	EXP 	red_2: autoDraw = True
134.9703 	EXP 	blackTrial_2: autoDraw = False
134.9703 	EXP 	whiteTrial_2: autoDraw = False
134.9703 	EXP 	TrialPicture_2: autoDraw = False
134.9703 	EXP 	green_2: autoDraw = False
134.9703 	EXP 	red_2: autoDraw = False
134.9703 	EXP 	blackTrial_2: autoDraw = False
134.9703 	EXP 	whiteTrial_2: autoDraw = False
134.9703 	EXP 	TrialPicture_2: autoDraw = False
134.9703 	EXP 	green_2: autoDraw = False
134.9703 	EXP 	red_2: autoDraw = False
134.9703 	EXP 	whiteWaitInterTrial_4: size = array([0.75, 1.  ])
134.9703 	EXP 	blackWaitInterTrial_4: autoDraw = True
134.9703 	EXP 	whiteWaitInterTrial_4: autoDraw = True
134.9703 	EXP 	green_fb_2: autoDraw = True
134.9703 	EXP 	red_fb_2: autoDraw = True
136.5717 	EXP 	blackWaitInterTrial_4: autoDraw = False
136.5717 	EXP 	whiteWaitInterTrial_4: autoDraw = False
136.5717 	EXP 	green_fb_2: autoDraw = False
136.5717 	EXP 	red_fb_2: autoDraw = False
136.5717 	EXP 	blackWaitInterTrial_4: autoDraw = False
136.5717 	EXP 	whiteWaitInterTrial_4: autoDraw = False
136.5717 	EXP 	green_fb_2: autoDraw = False
136.5717 	EXP 	red_fb_2: autoDraw = False
136.5717 	EXP 	fixationImage_2: size = array([0.75, 1.  ])
136.5717 	EXP 	fixation_2: autoDraw = True
136.5717 	EXP 	fixationImage_2: autoDraw = True
138.5735 	EXP 	fixation_2: autoDraw = False
138.5735 	EXP 	fixationImage_2: autoDraw = False
138.5735 	EXP 	fixation_2: autoDraw = False
138.5735 	EXP 	fixationImage_2: autoDraw = False
138.5735 	EXP 	polygon_end_2: autoDraw = True
138.5735 	EXP 	end_text_2: autoDraw = True
140.5785 	EXP 	polygon_end_2: autoDraw = False
140.5785 	EXP 	end_text_2: autoDraw = False
140.6323 	EXP 	window1: mouseVisible = True
