4.0090 	EXP 	Created window1 = Window(allowGUI=False, allowStencil=False, args=UNKNOWN, autoLog=True, bitsMode=UNKNOWN, blendMode='avg', color=array([0., 0., 0.]), colorSpace='rgb', fullscr=<method-wrapper '__getattribute__' of attributeSetter object at 0x000001E0B9CD2710>, gamma=None, gammaErrorPolicy='raise', kwargs=UNKNOWN, lms=UNKNOWN, monitor=<psychopy.monitors.calibTools.Monitor object at 0x000001E0B9D115F8>, multiSample=False, name='window1', numSamples=2, pos=[0.0, 0.0], screen=1, size=array([1920, 1200]), stereo=False, units='norm', useFBO=True, useRetina=False, viewOri=0.0, viewPos=None, viewScale=None, waitBlanking=True, winType='pyglet')
4.0091 	EXP 	window1: recordFrameIntervals = False
4.1746 	EXP 	window1: recordFrameIntervals = True
4.3579 	EXP 	window1: recordFrameIntervals = False
4.6188 	EXP 	Created polygon_1 = Rect(__class__=<class 'psychopy.visual.rect.Rect'>, autoDraw=False, autoLog=True, closeShape=True, color=method-wrapper(...), colorSpace=None, contrast=1.0, depth=0.0, fillColor='black', fillColorSpace='named', fillRGB=array([0., 0., 0.]), interpolate=True, lineColor='black', lineColorSpace='named', lineRGB=array([0., 0., 0.]), lineWidth=1, name='polygon_1', opacity=1.0, ori=array(0.), pos=array([0., 0.]), size=array([1., 1.]), units='norm', vertices=ndarray(...), win=Window(...))
4.7706 	EXP 	Created descriptionText_1 = TextStim(__class__=<class 'psychopy.visual.text.TextStim'>, alignHoriz='center', alignVert='center', antialias=True, autoLog=True, bold=False, color='white', colorSpace='named', contrast=1.0, depth=-1.0, flipHoriz=False, flipVert=False, font='Arial', fontFiles=[], height=0.09, italic=False, languageStyle='LTR', name='descriptionText_1', opacity=1.0, ori=0, pos=array([0., 0.]), rgb=array([255., 255., 255.]), text=str(...), units='norm', win=Window(...), wrapWidth=1)
4.7712 	EXP 	Created fixation10 = Rect(__class__=<class 'psychopy.visual.rect.Rect'>, autoDraw=False, autoLog=True, closeShape=True, color=method-wrapper(...), colorSpace=None, contrast=1.0, depth=0.0, fillColor='black', fillColorSpace='named', fillRGB=array([0., 0., 0.]), interpolate=True, lineColor='black', lineColorSpace='named', lineRGB=array([0., 0., 0.]), lineWidth=1, name='fixation10', opacity=1.0, ori=array(0.), pos=array([0., 0.]), size=array([1., 1.]), units='norm', vertices=ndarray(...), win=Window(...))
4.7789 	EXP 	Created fixationImage10 = ImageStim(__class__=<class 'psychopy.visual.image.ImageStim'>, autoLog=True, color=array([1., 1., 1.]), colorSpace='rgb', contrast=1.0, depth=-1.0, flipHoriz=False, flipVert=False, image='./stimuli/images/fix.bmp', interpolate=True, mask=None, maskParams=None, name='fixationImage10', opacity=1.0, ori=0.0, pos=array([0., 0.]), size=array([1., 1.]), texRes=128, units='norm', win=Window(...))
4.8145 	EXP 	Created text = TextStim(__class__=<class 'psychopy.visual.text.TextStim'>, alignHoriz='center', alignVert='center', antialias=True, autoLog=True, bold=False, color='white', colorSpace='named', contrast=1.0, depth=-2.0, flipHoriz=False, flipVert=False, font='Arial', fontFiles=[], height=0.3, italic=False, languageStyle='LTR', name='text', opacity=1.0, ori=0, pos=array([ 0. , -0.7]), rgb=array([255., 255., 255.]), text='3 . . .', units='norm', win=Window(...), wrapWidth=1)
4.8337 	EXP 	Created text_2 = TextStim(__class__=<class 'psychopy.visual.text.TextStim'>, alignHoriz='center', alignVert='center', antialias=True, autoLog=True, bold=False, color='white', colorSpace='named', contrast=1.0, depth=-3.0, flipHoriz=False, flipVert=False, font='Arial', fontFiles=[], height=0.3, italic=False, languageStyle='LTR', name='text_2', opacity=1.0, ori=0, pos=array([ 0. , -0.7]), rgb=array([255., 255., 255.]), text='2 . .', units='norm', win=Window(...), wrapWidth=1)
4.8382 	EXP 	Created text_3 = TextStim(__class__=<class 'psychopy.visual.text.TextStim'>, alignHoriz='center', alignVert='center', antialias=True, autoLog=True, bold=False, color='white', colorSpace='named', contrast=1.0, depth=-4.0, flipHoriz=False, flipVert=False, font='Arial', fontFiles=[], height=0.3, italic=False, languageStyle='LTR', name='text_3', opacity=1.0, ori=0, pos=array([ 0. , -0.7]), rgb=array([255., 255., 255.]), text='1 .', units='norm', win=Window(...), wrapWidth=1)
4.8388 	EXP 	Created blackProc = Rect(__class__=<class 'psychopy.visual.rect.Rect'>, autoDraw=False, autoLog=True, closeShape=True, color=method-wrapper(...), colorSpace=None, contrast=1.0, depth=-1.0, fillColor='black', fillColorSpace='named', fillRGB=array([0., 0., 0.]), interpolate=True, lineColor='black', lineColorSpace='named', lineRGB=array([0., 0., 0.]), lineWidth=1, name='blackProc', opacity=1.0, ori=array(0.), pos=array([0., 0.]), size=array([1., 1.]), units='norm', vertices=ndarray(...), win=Window(...))
4.8394 	EXP 	Created greenProc = Rect(__class__=<class 'psychopy.visual.rect.Rect'>, autoDraw=False, autoLog=True, closeShape=True, color=method-wrapper(...), colorSpace=None, contrast=1.0, depth=-2.0, fillColor='green', fillColorSpace='named', fillRGB=array([  0., 128.,   0.]), interpolate=True, lineColor='green', lineColorSpace='named', lineRGB=array([  0., 128.,   0.]), lineWidth=1, name='greenProc', opacity=1.0, ori=array(0.), pos=array([0., 0.]), size=array([1., 1.]), units='norm', vertices=ndarray(...), win=Window(...))
4.8412 	EXP 	Created ProcTarget = ImageStim(__class__=<class 'psychopy.visual.image.ImageStim'>, autoLog=True, color=array([1., 1., 1.]), colorSpace='rgb', contrast=1.0, depth=-3.0, flipHoriz=False, flipVert=False, image='sin', interpolate=True, mask=None, maskParams=None, name='ProcTarget', opacity=1.0, ori=0.0, pos=array([-0.4,  0. ]), size=array([1., 1.]), texRes=128, units='norm', win=Window(...))
4.8428 	EXP 	Created ProcPicture = ImageStim(__class__=<class 'psychopy.visual.image.ImageStim'>, autoLog=True, color=array([1., 1., 1.]), colorSpace='rgb', contrast=1.0, depth=-4.0, flipHoriz=False, flipVert=False, image='sin', interpolate=True, mask=None, maskParams=None, name='ProcPicture', opacity=1.0, ori=0.0, pos=array([0.4, 0. ]), size=array([1., 1.]), texRes=128, units='norm', win=Window(...))
4.8434 	EXP 	Created blackWaitInterTrial = Rect(__class__=<class 'psychopy.visual.rect.Rect'>, autoDraw=False, autoLog=True, closeShape=True, color=method-wrapper(...), colorSpace=None, contrast=1.0, depth=0.0, fillColor='black', fillColorSpace='named', fillRGB=array([0., 0., 0.]), interpolate=True, lineColor='black', lineColorSpace='named', lineRGB=array([0., 0., 0.]), lineWidth=1, name='blackWaitInterTrial', opacity=1.0, ori=array(0.), pos=array([0., 0.]), size=array([1., 1.]), units='norm', vertices=ndarray(...), win=Window(...))
4.8486 	EXP 	Created whiteWaitInterTrial = ImageStim(__class__=<class 'psychopy.visual.image.ImageStim'>, autoLog=True, color=array([1., 1., 1.]), colorSpace='rgb', contrast=1.0, depth=-1.0, flipHoriz=False, flipVert=False, image='./stimuli/images/blank.bmp', interpolate=True, mask=None, maskParams=None, name='whiteWaitInterTrial', opacity=1.0, ori=0.0, pos=array([0., 0.]), size=array([1., 1.]), texRes=128, units='norm', win=Window(...))
4.8492 	EXP 	Created blackTrial = Rect(__class__=<class 'psychopy.visual.rect.Rect'>, autoDraw=False, autoLog=True, closeShape=True, color=method-wrapper(...), colorSpace=None, contrast=1.0, depth=-1.0, fillColor='black', fillColorSpace='named', fillRGB=array([0., 0., 0.]), interpolate=True, lineColor='black', lineColorSpace='named', lineRGB=array([0., 0., 0.]), lineWidth=1, name='blackTrial', opacity=1.0, ori=array(0.), pos=array([0., 0.]), size=array([1., 1.]), units='norm', vertices=ndarray(...), win=Window(...))
4.8498 	EXP 	Created whiteTrial = Rect(__class__=<class 'psychopy.visual.rect.Rect'>, autoDraw=False, autoLog=True, closeShape=True, color=method-wrapper(...), colorSpace=None, contrast=1.0, depth=-2.0, fillColor='white', fillColorSpace='named', fillRGB=array([255., 255., 255.]), interpolate=True, lineColor='white', lineColorSpace='named', lineRGB=array([255., 255., 255.]), lineWidth=1, name='whiteTrial', opacity=1.0, ori=array(0.), pos=array([0., 0.]), size=array([1., 1.]), units='norm', vertices=ndarray(...), win=Window(...))
4.8513 	EXP 	Created TrialPicture = ImageStim(__class__=<class 'psychopy.visual.image.ImageStim'>, autoLog=True, color=array([1., 1., 1.]), colorSpace='rgb', contrast=1.0, depth=-3.0, flipHoriz=False, flipVert=False, image='sin', interpolate=True, mask=None, maskParams=None, name='TrialPicture', opacity=1.0, ori=0.0, pos=array([0., 0.]), size=array([1., 1.]), texRes=128, units='norm', win=Window(...))
4.8522 	EXP 	Created green_1 = ShapeStim(__class__=<class 'psychopy.visual.shape.ShapeStim'>, autoDraw=False, autoLog=True, closeShape=True, contrast=1.0, depth=-6.0, fillColor='green', fillColorSpace='named', interpolate=True, lineColor='green', lineColorSpace='named', lineWidth=1, name='green_1', opacity=1.0, ori=array(0.), pos=array([0., 0.]), size=array([0.05, 0.05]), units='norm', vertices=ndarray(...), win=Window(...), windingRule=None)
4.8528 	EXP 	Created red_1 = Rect(__class__=<class 'psychopy.visual.rect.Rect'>, autoDraw=False, autoLog=True, closeShape=True, color=method-wrapper(...), colorSpace=None, contrast=1.0, depth=-7.0, fillColor='red', fillColorSpace='named', fillRGB=array([255.,   0.,   0.]), interpolate=True, lineColor='red', lineColorSpace='named', lineRGB=array([255.,   0.,   0.]), lineWidth=1, name='red_1', opacity=1.0, ori=array(0.), pos=array([0., 0.]), size=array([1., 1.]), units='norm', vertices=ndarray(...), win=Window(...))
4.8533 	EXP 	Created blackWaitInterTrial_2 = Rect(__class__=<class 'psychopy.visual.rect.Rect'>, autoDraw=False, autoLog=True, closeShape=True, color=method-wrapper(...), colorSpace=None, contrast=1.0, depth=-1.0, fillColor='black', fillColorSpace='named', fillRGB=array([0., 0., 0.]), interpolate=True, lineColor='black', lineColorSpace='named', lineRGB=array([0., 0., 0.]), lineWidth=1, name='blackWaitInterTrial_2', opacity=1.0, ori=array(0.), pos=array([0., 0.]), size=array([1., 1.]), units='norm', vertices=ndarray(...), win=Window(...))
4.8594 	EXP 	Created whiteWaitInterTrial_2 = ImageStim(__class__=<class 'psychopy.visual.image.ImageStim'>, autoLog=True, color=array([1., 1., 1.]), colorSpace='rgb', contrast=1.0, depth=-2.0, flipHoriz=False, flipVert=False, image='./stimuli/images/blank.bmp', interpolate=True, mask=None, maskParams=None, name='whiteWaitInterTrial_2', opacity=1.0, ori=0.0, pos=array([0., 0.]), size=array([1., 1.]), texRes=128, units='norm', win=Window(...))
4.8599 	EXP 	Created green_fb_1 = ShapeStim(__class__=<class 'psychopy.visual.shape.ShapeStim'>, autoDraw=False, autoLog=True, closeShape=True, contrast=1.0, depth=-3.0, fillColor='green', fillColorSpace='named', interpolate=True, lineColor='green', lineColorSpace='named', lineWidth=1, name='green_fb_1', opacity=1.0, ori=array(0.), pos=array([0., 0.]), size=array([1., 1.]), units='norm', vertices=ndarray(...), win=Window(...), windingRule=None)
4.8605 	EXP 	Created red_fb_1 = Rect(__class__=<class 'psychopy.visual.rect.Rect'>, autoDraw=False, autoLog=True, closeShape=True, color=method-wrapper(...), colorSpace=None, contrast=1.0, depth=-4.0, fillColor='red', fillColorSpace='named', fillRGB=array([255.,   0.,   0.]), interpolate=True, lineColor='red', lineColorSpace='named', lineRGB=array([255.,   0.,   0.]), lineWidth=1, name='red_fb_1', opacity=1.0, ori=array(0.), pos=array([0., 0.]), size=array([1., 1.]), units='norm', vertices=ndarray(...), win=Window(...))
4.8610 	EXP 	Created fixation = Rect(__class__=<class 'psychopy.visual.rect.Rect'>, autoDraw=False, autoLog=True, closeShape=True, color=method-wrapper(...), colorSpace=None, contrast=1.0, depth=0.0, fillColor='black', fillColorSpace='named', fillRGB=array([0., 0., 0.]), interpolate=True, lineColor='black', lineColorSpace='named', lineRGB=array([0., 0., 0.]), lineWidth=1, name='fixation', opacity=1.0, ori=array(0.), pos=array([0., 0.]), size=array([1., 1.]), units='norm', vertices=ndarray(...), win=Window(...))
4.8662 	EXP 	Created fixationImage = ImageStim(__class__=<class 'psychopy.visual.image.ImageStim'>, autoLog=True, color=array([1., 1., 1.]), colorSpace='rgb', contrast=1.0, depth=-1.0, flipHoriz=False, flipVert=False, image='./stimuli/images/fix.bmp', interpolate=True, mask=None, maskParams=None, name='fixationImage', opacity=1.0, ori=0.0, pos=array([0., 0.]), size=array([1., 1.]), texRes=128, units='norm', win=Window(...))
4.8668 	EXP 	Created polygon_end = Rect(__class__=<class 'psychopy.visual.rect.Rect'>, autoDraw=False, autoLog=True, closeShape=True, color=method-wrapper(...), colorSpace=None, contrast=1.0, depth=0.0, fillColor='black', fillColorSpace='named', fillRGB=array([0., 0., 0.]), interpolate=True, lineColor='black', lineColorSpace='named', lineRGB=array([0., 0., 0.]), lineWidth=1, name='polygon_end', opacity=1.0, ori=array(0.), pos=array([0., 0.]), size=array([1., 1.]), units='norm', vertices=ndarray(...), win=Window(...))
4.9071 	EXP 	Created end_text = TextStim(__class__=<class 'psychopy.visual.text.TextStim'>, alignHoriz='center', alignVert='center', antialias=True, autoLog=True, bold=False, color='white', colorSpace='named', contrast=1.0, depth=-1.0, flipHoriz=False, flipVert=False, font='Arial', fontFiles=[], height=0.1, italic=False, languageStyle='LTR', name='end_text', opacity=1.0, ori=0, pos=array([0., 0.]), rgb=array([255., 255., 255.]), text='That completes Round 1 of the task', units='norm', win=Window(...), wrapWidth=1)
4.9077 	EXP 	Created polygon_15 = Rect(__class__=<class 'psychopy.visual.rect.Rect'>, autoDraw=False, autoLog=True, closeShape=True, color=method-wrapper(...), colorSpace=None, contrast=1.0, depth=0.0, fillColor='black', fillColorSpace='named', fillRGB=array([0., 0., 0.]), interpolate=True, lineColor='black', lineColorSpace='named', lineRGB=array([0., 0., 0.]), lineWidth=1, name='polygon_15', opacity=1.0, ori=array(0.), pos=array([0., 0.]), size=array([1., 1.]), units='norm', vertices=ndarray(...), win=Window(...))
4.9570 	EXP 	Created descriptionText_15 = TextStim(__class__=<class 'psychopy.visual.text.TextStim'>, alignHoriz='center', alignVert='center', antialias=True, autoLog=True, bold=False, color='white', colorSpace='named', contrast=1.0, depth=-1.0, flipHoriz=False, flipVert=False, font='Arial', fontFiles=[], height=0.09, italic=False, languageStyle='LTR', name='descriptionText_15', opacity=1.0, ori=0, pos=array([0., 0.]), rgb=array([255., 255., 255.]), text=str(...), units='norm', win=Window(...), wrapWidth=1)
4.9577 	EXP 	Created fixation10 = Rect(__class__=<class 'psychopy.visual.rect.Rect'>, autoDraw=False, autoLog=True, closeShape=True, color=method-wrapper(...), colorSpace=None, contrast=1.0, depth=0.0, fillColor='black', fillColorSpace='named', fillRGB=array([0., 0., 0.]), interpolate=True, lineColor='black', lineColorSpace='named', lineRGB=array([0., 0., 0.]), lineWidth=1, name='fixation10', opacity=1.0, ori=array(0.), pos=array([0., 0.]), size=array([1., 1.]), units='norm', vertices=ndarray(...), win=Window(...))
4.9722 	EXP 	Created fixationImage10 = ImageStim(__class__=<class 'psychopy.visual.image.ImageStim'>, autoLog=True, color=array([1., 1., 1.]), colorSpace='rgb', contrast=1.0, depth=-1.0, flipHoriz=False, flipVert=False, image='./stimuli/images/fix.bmp', interpolate=True, mask=None, maskParams=None, name='fixationImage10', opacity=1.0, ori=0.0, pos=array([0., 0.]), size=array([1., 1.]), texRes=128, units='norm', win=Window(...))
4.9748 	EXP 	Created text = TextStim(__class__=<class 'psychopy.visual.text.TextStim'>, alignHoriz='center', alignVert='center', antialias=True, autoLog=True, bold=False, color='white', colorSpace='named', contrast=1.0, depth=-2.0, flipHoriz=False, flipVert=False, font='Arial', fontFiles=[], height=0.3, italic=False, languageStyle='LTR', name='text', opacity=1.0, ori=0, pos=array([ 0. , -0.7]), rgb=array([255., 255., 255.]), text='3 . . .', units='norm', win=Window(...), wrapWidth=1)
4.9773 	EXP 	Created text_2 = TextStim(__class__=<class 'psychopy.visual.text.TextStim'>, alignHoriz='center', alignVert='center', antialias=True, autoLog=True, bold=False, color='white', colorSpace='named', contrast=1.0, depth=-3.0, flipHoriz=False, flipVert=False, font='Arial', fontFiles=[], height=0.3, italic=False, languageStyle='LTR', name='text_2', opacity=1.0, ori=0, pos=array([ 0. , -0.7]), rgb=array([255., 255., 255.]), text='2 . .', units='norm', win=Window(...), wrapWidth=1)
4.9795 	EXP 	Created text_3 = TextStim(__class__=<class 'psychopy.visual.text.TextStim'>, alignHoriz='center', alignVert='center', antialias=True, autoLog=True, bold=False, color='white', colorSpace='named', contrast=1.0, depth=-4.0, flipHoriz=False, flipVert=False, font='Arial', fontFiles=[], height=0.3, italic=False, languageStyle='LTR', name='text_3', opacity=1.0, ori=0, pos=array([ 0. , -0.7]), rgb=array([255., 255., 255.]), text='1 .', units='norm', win=Window(...), wrapWidth=1)
4.9801 	EXP 	Created blackProc_2 = Rect(__class__=<class 'psychopy.visual.rect.Rect'>, autoDraw=False, autoLog=True, closeShape=True, color=method-wrapper(...), colorSpace=None, contrast=1.0, depth=-1.0, fillColor='black', fillColorSpace='named', fillRGB=array([0., 0., 0.]), interpolate=True, lineColor='black', lineColorSpace='named', lineRGB=array([0., 0., 0.]), lineWidth=1, name='blackProc_2', opacity=1.0, ori=array(0.), pos=array([0., 0.]), size=array([1., 1.]), units='norm', vertices=ndarray(...), win=Window(...))
4.9806 	EXP 	Created greenProc_2 = Rect(__class__=<class 'psychopy.visual.rect.Rect'>, autoDraw=False, autoLog=True, closeShape=True, color=method-wrapper(...), colorSpace=None, contrast=1.0, depth=-2.0, fillColor='green', fillColorSpace='named', fillRGB=array([  0., 128.,   0.]), interpolate=True, lineColor='green', lineColorSpace='named', lineRGB=array([  0., 128.,   0.]), lineWidth=1, name='greenProc_2', opacity=1.0, ori=array(0.), pos=array([0., 0.]), size=array([1., 1.]), units='norm', vertices=ndarray(...), win=Window(...))
4.9823 	EXP 	Created ProcTarget_2 = ImageStim(__class__=<class 'psychopy.visual.image.ImageStim'>, autoLog=True, color=array([1., 1., 1.]), colorSpace='rgb', contrast=1.0, depth=-3.0, flipHoriz=False, flipVert=False, image='sin', interpolate=True, mask=None, maskParams=None, name='ProcTarget_2', opacity=1.0, ori=0.0, pos=array([-0.4,  0. ]), size=array([1., 1.]), texRes=128, units='norm', win=Window(...))
4.9838 	EXP 	Created ProcPicture_2 = ImageStim(__class__=<class 'psychopy.visual.image.ImageStim'>, autoLog=True, color=array([1., 1., 1.]), colorSpace='rgb', contrast=1.0, depth=-4.0, flipHoriz=False, flipVert=False, image='sin', interpolate=True, mask=None, maskParams=None, name='ProcPicture_2', opacity=1.0, ori=0.0, pos=array([0.4, 0. ]), size=array([1., 1.]), texRes=128, units='norm', win=Window(...))
4.9844 	EXP 	Created blackWaitInterTrial_3 = Rect(__class__=<class 'psychopy.visual.rect.Rect'>, autoDraw=False, autoLog=True, closeShape=True, color=method-wrapper(...), colorSpace=None, contrast=1.0, depth=0.0, fillColor='black', fillColorSpace='named', fillRGB=array([0., 0., 0.]), interpolate=True, lineColor='black', lineColorSpace='named', lineRGB=array([0., 0., 0.]), lineWidth=1, name='blackWaitInterTrial_3', opacity=1.0, ori=array(0.), pos=array([0., 0.]), size=array([1., 1.]), units='norm', vertices=ndarray(...), win=Window(...))
4.9896 	EXP 	Created whiteWaitInterTrial_3 = ImageStim(__class__=<class 'psychopy.visual.image.ImageStim'>, autoLog=True, color=array([1., 1., 1.]), colorSpace='rgb', contrast=1.0, depth=-1.0, flipHoriz=False, flipVert=False, image='./stimuli/images/blank.bmp', interpolate=True, mask=None, maskParams=None, name='whiteWaitInterTrial_3', opacity=1.0, ori=0.0, pos=array([0., 0.]), size=array([1., 1.]), texRes=128, units='norm', win=Window(...))
4.9902 	EXP 	Created blackTrial_2 = Rect(__class__=<class 'psychopy.visual.rect.Rect'>, autoDraw=False, autoLog=True, closeShape=True, color=method-wrapper(...), colorSpace=None, contrast=1.0, depth=-1.0, fillColor='black', fillColorSpace='named', fillRGB=array([0., 0., 0.]), interpolate=True, lineColor='black', lineColorSpace='named', lineRGB=array([0., 0., 0.]), lineWidth=1, name='blackTrial_2', opacity=1.0, ori=array(0.), pos=array([0., 0.]), size=array([1., 1.]), units='norm', vertices=ndarray(...), win=Window(...))
4.9907 	EXP 	Created whiteTrial_2 = Rect(__class__=<class 'psychopy.visual.rect.Rect'>, autoDraw=False, autoLog=True, closeShape=True, color=method-wrapper(...), colorSpace=None, contrast=1.0, depth=-2.0, fillColor='white', fillColorSpace='named', fillRGB=array([255., 255., 255.]), interpolate=True, lineColor='white', lineColorSpace='named', lineRGB=array([255., 255., 255.]), lineWidth=1, name='whiteTrial_2', opacity=1.0, ori=array(0.), pos=array([0., 0.]), size=array([1., 1.]), units='norm', vertices=ndarray(...), win=Window(...))
4.9922 	EXP 	Created TrialPicture_2 = ImageStim(__class__=<class 'psychopy.visual.image.ImageStim'>, autoLog=True, color=array([1., 1., 1.]), colorSpace='rgb', contrast=1.0, depth=-3.0, flipHoriz=False, flipVert=False, image='sin', interpolate=True, mask=None, maskParams=None, name='TrialPicture_2', opacity=1.0, ori=0.0, pos=array([0., 0.]), size=array([1., 1.]), texRes=128, units='norm', win=Window(...))
4.9932 	EXP 	Created green_2 = ShapeStim(__class__=<class 'psychopy.visual.shape.ShapeStim'>, autoDraw=False, autoLog=True, closeShape=True, contrast=1.0, depth=-6.0, fillColor='green', fillColorSpace='named', interpolate=True, lineColor='green', lineColorSpace='named', lineWidth=1, name='green_2', opacity=1.0, ori=array(0.), pos=array([0., 0.]), size=array([0.05, 0.05]), units='norm', vertices=ndarray(...), win=Window(...), windingRule=None)
4.9938 	EXP 	Created red_2 = Rect(__class__=<class 'psychopy.visual.rect.Rect'>, autoDraw=False, autoLog=True, closeShape=True, color=method-wrapper(...), colorSpace=None, contrast=1.0, depth=-7.0, fillColor='red', fillColorSpace='named', fillRGB=array([255.,   0.,   0.]), interpolate=True, lineColor='red', lineColorSpace='named', lineRGB=array([255.,   0.,   0.]), lineWidth=1, name='red_2', opacity=1.0, ori=array(0.), pos=array([0., 0.]), size=array([1., 1.]), units='norm', vertices=ndarray(...), win=Window(...))
4.9943 	EXP 	Created blackWaitInterTrial_4 = Rect(__class__=<class 'psychopy.visual.rect.Rect'>, autoDraw=False, autoLog=True, closeShape=True, color=method-wrapper(...), colorSpace=None, contrast=1.0, depth=-1.0, fillColor='black', fillColorSpace='named', fillRGB=array([0., 0., 0.]), interpolate=True, lineColor='black', lineColorSpace='named', lineRGB=array([0., 0., 0.]), lineWidth=1, name='blackWaitInterTrial_4', opacity=1.0, ori=array(0.), pos=array([0., 0.]), size=array([1., 1.]), units='norm', vertices=ndarray(...), win=Window(...))
5.0037 	EXP 	Created whiteWaitInterTrial_4 = ImageStim(__class__=<class 'psychopy.visual.image.ImageStim'>, autoLog=True, color=array([1., 1., 1.]), colorSpace='rgb', contrast=1.0, depth=-2.0, flipHoriz=False, flipVert=False, image='./stimuli/images/blank.bmp', interpolate=True, mask=None, maskParams=None, name='whiteWaitInterTrial_4', opacity=1.0, ori=0.0, pos=array([0., 0.]), size=array([1., 1.]), texRes=128, units='norm', win=Window(...))
5.0043 	EXP 	Created green_fb_2 = ShapeStim(__class__=<class 'psychopy.visual.shape.ShapeStim'>, autoDraw=False, autoLog=True, closeShape=True, contrast=1.0, depth=-3.0, fillColor='green', fillColorSpace='named', interpolate=True, lineColor='green', lineColorSpace='named', lineWidth=1, name='green_fb_2', opacity=1.0, ori=array(0.), pos=array([0., 0.]), size=array([1., 1.]), units='norm', vertices=ndarray(...), win=Window(...), windingRule=None)
5.0049 	EXP 	Created red_fb_2 = Rect(__class__=<class 'psychopy.visual.rect.Rect'>, autoDraw=False, autoLog=True, closeShape=True, color=method-wrapper(...), colorSpace=None, contrast=1.0, depth=-4.0, fillColor='red', fillColorSpace='named', fillRGB=array([255.,   0.,   0.]), interpolate=True, lineColor='red', lineColorSpace='named', lineRGB=array([255.,   0.,   0.]), lineWidth=1, name='red_fb_2', opacity=1.0, ori=array(0.), pos=array([0., 0.]), size=array([1., 1.]), units='norm', vertices=ndarray(...), win=Window(...))
5.0054 	EXP 	Created fixation_2 = Rect(__class__=<class 'psychopy.visual.rect.Rect'>, autoDraw=False, autoLog=True, closeShape=True, color=method-wrapper(...), colorSpace=None, contrast=1.0, depth=0.0, fillColor='black', fillColorSpace='named', fillRGB=array([0., 0., 0.]), interpolate=True, lineColor='black', lineColorSpace='named', lineRGB=array([0., 0., 0.]), lineWidth=1, name='fixation_2', opacity=1.0, ori=array(0.), pos=array([0., 0.]), size=array([1., 1.]), units='norm', vertices=ndarray(...), win=Window(...))
5.0108 	EXP 	Created fixationImage_2 = ImageStim(__class__=<class 'psychopy.visual.image.ImageStim'>, autoLog=True, color=array([1., 1., 1.]), colorSpace='rgb', contrast=1.0, depth=-1.0, flipHoriz=False, flipVert=False, image='./stimuli/images/fix.bmp', interpolate=True, mask=None, maskParams=None, name='fixationImage_2', opacity=1.0, ori=0.0, pos=array([0., 0.]), size=array([1., 1.]), texRes=128, units='norm', win=Window(...))
5.0113 	EXP 	Created polygon_end_2 = Rect(__class__=<class 'psychopy.visual.rect.Rect'>, autoDraw=False, autoLog=True, closeShape=True, color=method-wrapper(...), colorSpace=None, contrast=1.0, depth=0.0, fillColor='black', fillColorSpace='named', fillRGB=array([0., 0., 0.]), interpolate=True, lineColor='black', lineColorSpace='named', lineRGB=array([0., 0., 0.]), lineWidth=1, name='polygon_end_2', opacity=1.0, ori=array(0.), pos=array([0., 0.]), size=array([1., 1.]), units='norm', vertices=ndarray(...), win=Window(...))
5.0271 	EXP 	Created end_text_2 = TextStim(__class__=<class 'psychopy.visual.text.TextStim'>, alignHoriz='center', alignVert='center', antialias=True, autoLog=True, bold=False, color='white', colorSpace='named', contrast=1.0, depth=-1.0, flipHoriz=False, flipVert=False, font='Arial', fontFiles=[], height=0.1, italic=False, languageStyle='LTR', name='end_text_2', opacity=1.0, ori=0, pos=array([0., 0.]), rgb=array([255., 255., 255.]), text='Thank you for your participation!', units='norm', win=Window(...), wrapWidth=1)
5.5196 	WARNING 	Hamming was requested using the 'pygame' sound library but hamming is not supported there.
5.5202 	EXP 	Set sound_1 sound=./lib/sound/bird.wav
5.5202 	WARNING 	Hamming was requested using the 'pygame' sound library but hamming is not supported there.
5.5206 	EXP 	Set sound_2 sound=./lib/sound/bang.wav
5.5621 	EXP 	polygon_1: autoDraw = True
5.5621 	EXP 	descriptionText_1: autoDraw = True
7.2100 	EXP 	polygon_1: autoDraw = False
7.2100 	EXP 	descriptionText_1: autoDraw = False
7.2100 	EXP 	fixationImage10: size = array([0.75, 1.  ])
7.2100 	EXP 	fixation10: autoDraw = True
7.2100 	EXP 	fixationImage10: autoDraw = True
7.2100 	EXP 	text: autoDraw = True
8.1929 	EXP 	text_2: autoDraw = True
8.2112 	EXP 	text: autoDraw = False
9.1953 	EXP 	text_2: autoDraw = False
9.1953 	EXP 	text_3: autoDraw = True
10.1965 	EXP 	text_3: autoDraw = False
10.1990 	EXP 	Created sequence: sequential, trialTypes=1, nReps=1, seed=None
10.1993 	EXP 	New trial (rep=0, index=0): None
10.2206 	EXP 	fixation10: autoDraw = False
10.2206 	EXP 	fixationImage10: autoDraw = False
10.2206 	EXP 	fixation10: autoDraw = False
10.2206 	EXP 	fixationImage10: autoDraw = False
10.2206 	EXP 	text: autoDraw = False
10.2206 	EXP 	text_2: autoDraw = False
10.2206 	EXP 	text_3: autoDraw = False
10.2206 	EXP 	greenProc: size = array([1.6, 1.2])
10.2206 	EXP 	ProcTarget: size = array([0.75, 1.  ])
10.2206 	EXP 	ProcTarget: image = './stimuli/images/205.bmp'
10.2206 	EXP 	ProcPicture: size = array([0.75, 1.  ])
10.2206 	EXP 	ProcPicture: image = './stimuli/images/142.bmp'
10.2206 	EXP 	blackProc: autoDraw = True
10.2206 	EXP 	greenProc: autoDraw = True
10.2206 	EXP 	ProcTarget: autoDraw = True
10.2206 	EXP 	ProcPicture: autoDraw = True
13.7341 	EXP 	blackProc: autoDraw = False
13.7341 	EXP 	greenProc: autoDraw = False
13.7341 	EXP 	ProcTarget: autoDraw = False
13.7341 	EXP 	ProcPicture: autoDraw = False
13.7341 	EXP 	blackProc: autoDraw = False
13.7341 	EXP 	greenProc: autoDraw = False
13.7341 	EXP 	ProcTarget: autoDraw = False
13.7341 	EXP 	ProcPicture: autoDraw = False
13.7341 	EXP 	whiteWaitInterTrial: size = array([0.75, 1.  ])
13.7341 	EXP 	blackWaitInterTrial: autoDraw = True
13.7341 	EXP 	whiteWaitInterTrial: autoDraw = True
15.2209 	EXP 	Created sequence: sequential, trialTypes=1, nReps=20, seed=None
15.2212 	EXP 	New trial (rep=0, index=0): None
15.2433 	EXP 	blackWaitInterTrial: autoDraw = False
15.2433 	EXP 	whiteWaitInterTrial: autoDraw = False
15.2433 	EXP 	blackWaitInterTrial: autoDraw = False
15.2433 	EXP 	whiteWaitInterTrial: autoDraw = False
15.2433 	EXP 	TrialPicture: size = array([0.75, 1.  ])
15.2433 	EXP 	TrialPicture: image = './stimuli/images/142.bmp'
15.2433 	EXP 	blackTrial: autoDraw = True
15.2433 	EXP 	whiteTrial: autoDraw = True
15.2433 	EXP 	TrialPicture: autoDraw = True
15.2433 	EXP 	green_1: autoDraw = True
15.2433 	EXP 	red_1: autoDraw = True
16.2522 	EXP 	blackTrial: autoDraw = False
16.2522 	EXP 	whiteTrial: autoDraw = False
16.2522 	EXP 	TrialPicture: autoDraw = False
16.2522 	EXP 	green_1: autoDraw = False
16.2522 	EXP 	red_1: autoDraw = False
16.2522 	EXP 	blackTrial: autoDraw = False
16.2522 	EXP 	whiteTrial: autoDraw = False
16.2522 	EXP 	TrialPicture: autoDraw = False
16.2522 	EXP 	green_1: autoDraw = False
16.2522 	EXP 	red_1: autoDraw = False
16.2522 	EXP 	whiteWaitInterTrial_2: size = array([0.75, 1.  ])
16.2522 	EXP 	blackWaitInterTrial_2: autoDraw = True
16.2522 	EXP 	whiteWaitInterTrial_2: autoDraw = True
16.2522 	EXP 	green_fb_1: autoDraw = True
16.2522 	EXP 	red_fb_1: autoDraw = True
18.0406 	EXP 	New trial (rep=1, index=0): None
18.0556 	EXP 	blackWaitInterTrial_2: autoDraw = False
18.0556 	EXP 	whiteWaitInterTrial_2: autoDraw = False
18.0556 	EXP 	green_fb_1: autoDraw = False
18.0556 	EXP 	red_fb_1: autoDraw = False
18.0556 	EXP 	blackWaitInterTrial_2: autoDraw = False
18.0556 	EXP 	whiteWaitInterTrial_2: autoDraw = False
18.0556 	EXP 	green_fb_1: autoDraw = False
18.0556 	EXP 	red_fb_1: autoDraw = False
18.0556 	EXP 	TrialPicture: size = array([0.75, 1.  ])
18.0556 	EXP 	TrialPicture: image = './stimuli/images/186.bmp'
18.0556 	EXP 	blackTrial: autoDraw = True
18.0556 	EXP 	whiteTrial: autoDraw = True
18.0556 	EXP 	TrialPicture: autoDraw = True
18.0556 	EXP 	green_1: autoDraw = True
18.0556 	EXP 	red_1: autoDraw = True
18.5211 	EXP 	Sound sound_2 started
19.0714 	EXP 	blackTrial: autoDraw = False
19.0714 	EXP 	whiteTrial: autoDraw = False
19.0714 	EXP 	TrialPicture: autoDraw = False
19.0714 	EXP 	green_1: autoDraw = False
19.0714 	EXP 	red_1: autoDraw = False
19.0714 	EXP 	blackTrial: autoDraw = False
19.0714 	EXP 	whiteTrial: autoDraw = False
19.0714 	EXP 	TrialPicture: autoDraw = False
19.0714 	EXP 	green_1: autoDraw = False
19.0714 	EXP 	red_1: autoDraw = False
19.0714 	EXP 	whiteWaitInterTrial_2: size = array([0.75, 1.  ])
19.0714 	EXP 	blackWaitInterTrial_2: autoDraw = True
19.0714 	EXP 	whiteWaitInterTrial_2: autoDraw = True
19.0714 	EXP 	green_fb_1: autoDraw = True
19.0714 	EXP 	red_fb_1: autoDraw = True
20.8601 	EXP 	New trial (rep=2, index=0): None
20.8900 	EXP 	blackWaitInterTrial_2: autoDraw = False
20.8900 	EXP 	whiteWaitInterTrial_2: autoDraw = False
20.8900 	EXP 	green_fb_1: autoDraw = False
20.8900 	EXP 	red_fb_1: autoDraw = False
20.8900 	EXP 	blackWaitInterTrial_2: autoDraw = False
20.8900 	EXP 	whiteWaitInterTrial_2: autoDraw = False
20.8900 	EXP 	green_fb_1: autoDraw = False
20.8900 	EXP 	red_fb_1: autoDraw = False
20.8900 	EXP 	TrialPicture: size = array([0.75, 1.  ])
20.8900 	EXP 	TrialPicture: image = './stimuli/images/205.bmp'
20.8900 	EXP 	blackTrial: autoDraw = True
20.8900 	EXP 	whiteTrial: autoDraw = True
20.8900 	EXP 	TrialPicture: autoDraw = True
20.8900 	EXP 	green_1: autoDraw = True
20.8900 	EXP 	red_1: autoDraw = True
21.3901 	EXP 	Sound sound_2 started
21.9073 	EXP 	blackTrial: autoDraw = False
21.9073 	EXP 	whiteTrial: autoDraw = False
21.9073 	EXP 	TrialPicture: autoDraw = False
21.9073 	EXP 	green_1: autoDraw = False
21.9073 	EXP 	red_1: autoDraw = False
21.9073 	EXP 	blackTrial: autoDraw = False
21.9073 	EXP 	whiteTrial: autoDraw = False
21.9073 	EXP 	TrialPicture: autoDraw = False
21.9073 	EXP 	green_1: autoDraw = False
21.9073 	EXP 	red_1: autoDraw = False
21.9073 	EXP 	whiteWaitInterTrial_2: size = array([0.75, 1.  ])
21.9073 	EXP 	blackWaitInterTrial_2: autoDraw = True
21.9073 	EXP 	whiteWaitInterTrial_2: autoDraw = True
21.9073 	EXP 	green_fb_1: autoDraw = True
21.9073 	EXP 	red_fb_1: autoDraw = True
23.5948 	EXP 	New trial (rep=3, index=0): None
23.6108 	EXP 	blackWaitInterTrial_2: autoDraw = False
23.6108 	EXP 	whiteWaitInterTrial_2: autoDraw = False
23.6108 	EXP 	green_fb_1: autoDraw = False
23.6108 	EXP 	red_fb_1: autoDraw = False
23.6108 	EXP 	blackWaitInterTrial_2: autoDraw = False
23.6108 	EXP 	whiteWaitInterTrial_2: autoDraw = False
23.6108 	EXP 	green_fb_1: autoDraw = False
23.6108 	EXP 	red_fb_1: autoDraw = False
23.6108 	EXP 	TrialPicture: size = array([0.75, 1.  ])
23.6108 	EXP 	TrialPicture: image = './stimuli/images/149.bmp'
23.6108 	EXP 	blackTrial: autoDraw = True
23.6108 	EXP 	whiteTrial: autoDraw = True
23.6108 	EXP 	TrialPicture: autoDraw = True
23.6108 	EXP 	green_1: autoDraw = True
23.6108 	EXP 	red_1: autoDraw = True
24.6255 	EXP 	blackTrial: autoDraw = False
24.6255 	EXP 	whiteTrial: autoDraw = False
24.6255 	EXP 	TrialPicture: autoDraw = False
24.6255 	EXP 	green_1: autoDraw = False
24.6255 	EXP 	red_1: autoDraw = False
24.6255 	EXP 	blackTrial: autoDraw = False
24.6255 	EXP 	whiteTrial: autoDraw = False
24.6255 	EXP 	TrialPicture: autoDraw = False
24.6255 	EXP 	green_1: autoDraw = False
24.6255 	EXP 	red_1: autoDraw = False
24.6255 	EXP 	whiteWaitInterTrial_2: size = array([0.75, 1.  ])
24.6255 	EXP 	blackWaitInterTrial_2: autoDraw = True
24.6255 	EXP 	whiteWaitInterTrial_2: autoDraw = True
24.6255 	EXP 	green_fb_1: autoDraw = True
24.6255 	EXP 	red_fb_1: autoDraw = True
26.2137 	EXP 	New trial (rep=4, index=0): None
26.2290 	EXP 	blackWaitInterTrial_2: autoDraw = False
26.2290 	EXP 	whiteWaitInterTrial_2: autoDraw = False
26.2290 	EXP 	green_fb_1: autoDraw = False
26.2290 	EXP 	red_fb_1: autoDraw = False
26.2290 	EXP 	blackWaitInterTrial_2: autoDraw = False
26.2290 	EXP 	whiteWaitInterTrial_2: autoDraw = False
26.2290 	EXP 	green_fb_1: autoDraw = False
26.2290 	EXP 	red_fb_1: autoDraw = False
26.2290 	EXP 	TrialPicture: size = array([0.75, 1.  ])
26.2290 	EXP 	TrialPicture: image = './stimuli/images/142.bmp'
26.2290 	EXP 	blackTrial: autoDraw = True
26.2290 	EXP 	whiteTrial: autoDraw = True
26.2290 	EXP 	TrialPicture: autoDraw = True
26.2290 	EXP 	green_1: autoDraw = True
26.2290 	EXP 	red_1: autoDraw = True
27.2436 	EXP 	blackTrial: autoDraw = False
27.2436 	EXP 	whiteTrial: autoDraw = False
27.2436 	EXP 	TrialPicture: autoDraw = False
27.2436 	EXP 	green_1: autoDraw = False
27.2436 	EXP 	red_1: autoDraw = False
27.2436 	EXP 	blackTrial: autoDraw = False
27.2436 	EXP 	whiteTrial: autoDraw = False
27.2436 	EXP 	TrialPicture: autoDraw = False
27.2436 	EXP 	green_1: autoDraw = False
27.2436 	EXP 	red_1: autoDraw = False
27.2436 	EXP 	whiteWaitInterTrial_2: size = array([0.75, 1.  ])
27.2436 	EXP 	blackWaitInterTrial_2: autoDraw = True
27.2436 	EXP 	whiteWaitInterTrial_2: autoDraw = True
27.2436 	EXP 	green_fb_1: autoDraw = True
27.2436 	EXP 	red_fb_1: autoDraw = True
28.8312 	EXP 	New trial (rep=5, index=0): None
28.8451 	EXP 	blackWaitInterTrial_2: autoDraw = False
28.8451 	EXP 	whiteWaitInterTrial_2: autoDraw = False
28.8451 	EXP 	green_fb_1: autoDraw = False
28.8451 	EXP 	red_fb_1: autoDraw = False
28.8451 	EXP 	blackWaitInterTrial_2: autoDraw = False
28.8451 	EXP 	whiteWaitInterTrial_2: autoDraw = False
28.8451 	EXP 	green_fb_1: autoDraw = False
28.8451 	EXP 	red_fb_1: autoDraw = False
28.8451 	EXP 	TrialPicture: size = array([0.75, 1.  ])
28.8451 	EXP 	TrialPicture: image = './stimuli/images/205.bmp'
28.8451 	EXP 	blackTrial: autoDraw = True
28.8451 	EXP 	whiteTrial: autoDraw = True
28.8451 	EXP 	TrialPicture: autoDraw = True
28.8451 	EXP 	green_1: autoDraw = True
28.8451 	EXP 	red_1: autoDraw = True
29.8468 	EXP 	blackTrial: autoDraw = False
29.8468 	EXP 	whiteTrial: autoDraw = False
29.8468 	EXP 	TrialPicture: autoDraw = False
29.8468 	EXP 	green_1: autoDraw = False
29.8468 	EXP 	red_1: autoDraw = False
29.8468 	EXP 	blackTrial: autoDraw = False
29.8468 	EXP 	whiteTrial: autoDraw = False
29.8468 	EXP 	TrialPicture: autoDraw = False
29.8468 	EXP 	green_1: autoDraw = False
29.8468 	EXP 	red_1: autoDraw = False
29.8468 	EXP 	whiteWaitInterTrial_2: size = array([0.75, 1.  ])
29.8468 	EXP 	blackWaitInterTrial_2: autoDraw = True
29.8468 	EXP 	whiteWaitInterTrial_2: autoDraw = True
29.8468 	EXP 	green_fb_1: autoDraw = True
29.8468 	EXP 	red_fb_1: autoDraw = True
31.6443 	EXP 	New trial (rep=6, index=0): None
31.6582 	EXP 	blackWaitInterTrial_2: autoDraw = False
31.6582 	EXP 	whiteWaitInterTrial_2: autoDraw = False
31.6582 	EXP 	green_fb_1: autoDraw = False
31.6582 	EXP 	red_fb_1: autoDraw = False
31.6582 	EXP 	blackWaitInterTrial_2: autoDraw = False
31.6582 	EXP 	whiteWaitInterTrial_2: autoDraw = False
31.6582 	EXP 	green_fb_1: autoDraw = False
31.6582 	EXP 	red_fb_1: autoDraw = False
31.6582 	EXP 	TrialPicture: size = array([0.75, 1.  ])
31.6582 	EXP 	TrialPicture: image = './stimuli/images/149.bmp'
31.6582 	EXP 	blackTrial: autoDraw = True
31.6582 	EXP 	whiteTrial: autoDraw = True
31.6582 	EXP 	TrialPicture: autoDraw = True
31.6582 	EXP 	green_1: autoDraw = True
31.6582 	EXP 	red_1: autoDraw = True
32.6650 	EXP 	blackTrial: autoDraw = False
32.6650 	EXP 	whiteTrial: autoDraw = False
32.6650 	EXP 	TrialPicture: autoDraw = False
32.6650 	EXP 	green_1: autoDraw = False
32.6650 	EXP 	red_1: autoDraw = False
32.6650 	EXP 	blackTrial: autoDraw = False
32.6650 	EXP 	whiteTrial: autoDraw = False
32.6650 	EXP 	TrialPicture: autoDraw = False
32.6650 	EXP 	green_1: autoDraw = False
32.6650 	EXP 	red_1: autoDraw = False
32.6650 	EXP 	whiteWaitInterTrial_2: size = array([0.75, 1.  ])
32.6650 	EXP 	blackWaitInterTrial_2: autoDraw = True
32.6650 	EXP 	whiteWaitInterTrial_2: autoDraw = True
32.6650 	EXP 	green_fb_1: autoDraw = True
32.6650 	EXP 	red_fb_1: autoDraw = True
34.2536 	EXP 	New trial (rep=7, index=0): None
34.2665 	EXP 	blackWaitInterTrial_2: autoDraw = False
34.2665 	EXP 	whiteWaitInterTrial_2: autoDraw = False
34.2665 	EXP 	green_fb_1: autoDraw = False
34.2665 	EXP 	red_fb_1: autoDraw = False
34.2665 	EXP 	blackWaitInterTrial_2: autoDraw = False
34.2665 	EXP 	whiteWaitInterTrial_2: autoDraw = False
34.2665 	EXP 	green_fb_1: autoDraw = False
34.2665 	EXP 	red_fb_1: autoDraw = False
34.2665 	EXP 	TrialPicture: size = array([0.75, 1.  ])
34.2665 	EXP 	TrialPicture: image = './stimuli/images/186.bmp'
34.2665 	EXP 	blackTrial: autoDraw = True
34.2665 	EXP 	whiteTrial: autoDraw = True
34.2665 	EXP 	TrialPicture: autoDraw = True
34.2665 	EXP 	green_1: autoDraw = True
34.2665 	EXP 	red_1: autoDraw = True
35.2682 	EXP 	blackTrial: autoDraw = False
35.2682 	EXP 	whiteTrial: autoDraw = False
35.2682 	EXP 	TrialPicture: autoDraw = False
35.2682 	EXP 	green_1: autoDraw = False
35.2682 	EXP 	red_1: autoDraw = False
35.2682 	EXP 	blackTrial: autoDraw = False
35.2682 	EXP 	whiteTrial: autoDraw = False
35.2682 	EXP 	TrialPicture: autoDraw = False
35.2682 	EXP 	green_1: autoDraw = False
35.2682 	EXP 	red_1: autoDraw = False
35.2682 	EXP 	whiteWaitInterTrial_2: size = array([0.75, 1.  ])
35.2682 	EXP 	blackWaitInterTrial_2: autoDraw = True
35.2682 	EXP 	whiteWaitInterTrial_2: autoDraw = True
35.2682 	EXP 	green_fb_1: autoDraw = True
35.2682 	EXP 	red_fb_1: autoDraw = True
36.9567 	EXP 	New trial (rep=8, index=0): None
36.9719 	EXP 	blackWaitInterTrial_2: autoDraw = False
36.9719 	EXP 	whiteWaitInterTrial_2: autoDraw = False
36.9719 	EXP 	green_fb_1: autoDraw = False
36.9719 	EXP 	red_fb_1: autoDraw = False
36.9719 	EXP 	blackWaitInterTrial_2: autoDraw = False
36.9719 	EXP 	whiteWaitInterTrial_2: autoDraw = False
36.9719 	EXP 	green_fb_1: autoDraw = False
36.9719 	EXP 	red_fb_1: autoDraw = False
36.9719 	EXP 	TrialPicture: size = array([0.75, 1.  ])
36.9719 	EXP 	TrialPicture: image = './stimuli/images/205.bmp'
36.9719 	EXP 	blackTrial: autoDraw = True
36.9719 	EXP 	whiteTrial: autoDraw = True
36.9719 	EXP 	TrialPicture: autoDraw = True
36.9719 	EXP 	green_1: autoDraw = True
36.9719 	EXP 	red_1: autoDraw = True
37.9866 	EXP 	blackTrial: autoDraw = False
37.9866 	EXP 	whiteTrial: autoDraw = False
37.9866 	EXP 	TrialPicture: autoDraw = False
37.9866 	EXP 	green_1: autoDraw = False
37.9866 	EXP 	red_1: autoDraw = False
37.9866 	EXP 	blackTrial: autoDraw = False
37.9866 	EXP 	whiteTrial: autoDraw = False
37.9866 	EXP 	TrialPicture: autoDraw = False
37.9866 	EXP 	green_1: autoDraw = False
37.9866 	EXP 	red_1: autoDraw = False
37.9866 	EXP 	whiteWaitInterTrial_2: size = array([0.75, 1.  ])
37.9866 	EXP 	blackWaitInterTrial_2: autoDraw = True
37.9866 	EXP 	whiteWaitInterTrial_2: autoDraw = True
37.9866 	EXP 	green_fb_1: autoDraw = True
37.9866 	EXP 	red_fb_1: autoDraw = True
39.7773 	EXP 	New trial (rep=9, index=0): None
39.7929 	EXP 	blackWaitInterTrial_2: autoDraw = False
39.7929 	EXP 	whiteWaitInterTrial_2: autoDraw = False
39.7929 	EXP 	green_fb_1: autoDraw = False
39.7929 	EXP 	red_fb_1: autoDraw = False
39.7929 	EXP 	blackWaitInterTrial_2: autoDraw = False
39.7929 	EXP 	whiteWaitInterTrial_2: autoDraw = False
39.7929 	EXP 	green_fb_1: autoDraw = False
39.7929 	EXP 	red_fb_1: autoDraw = False
39.7929 	EXP 	TrialPicture: size = array([0.75, 1.  ])
39.7929 	EXP 	TrialPicture: image = './stimuli/images/149.bmp'
39.7929 	EXP 	blackTrial: autoDraw = True
39.7929 	EXP 	whiteTrial: autoDraw = True
39.7929 	EXP 	TrialPicture: autoDraw = True
39.7929 	EXP 	green_1: autoDraw = True
39.7929 	EXP 	red_1: autoDraw = True
40.8064 	EXP 	blackTrial: autoDraw = False
40.8064 	EXP 	whiteTrial: autoDraw = False
40.8064 	EXP 	TrialPicture: autoDraw = False
40.8064 	EXP 	green_1: autoDraw = False
40.8064 	EXP 	red_1: autoDraw = False
40.8064 	EXP 	blackTrial: autoDraw = False
40.8064 	EXP 	whiteTrial: autoDraw = False
40.8064 	EXP 	TrialPicture: autoDraw = False
40.8064 	EXP 	green_1: autoDraw = False
40.8064 	EXP 	red_1: autoDraw = False
40.8064 	EXP 	whiteWaitInterTrial_2: size = array([0.75, 1.  ])
40.8064 	EXP 	blackWaitInterTrial_2: autoDraw = True
40.8064 	EXP 	whiteWaitInterTrial_2: autoDraw = True
40.8064 	EXP 	green_fb_1: autoDraw = True
40.8064 	EXP 	red_fb_1: autoDraw = True
42.3934 	EXP 	New trial (rep=10, index=0): None
42.4077 	EXP 	blackWaitInterTrial_2: autoDraw = False
42.4077 	EXP 	whiteWaitInterTrial_2: autoDraw = False
42.4077 	EXP 	green_fb_1: autoDraw = False
42.4077 	EXP 	red_fb_1: autoDraw = False
42.4077 	EXP 	blackWaitInterTrial_2: autoDraw = False
42.4077 	EXP 	whiteWaitInterTrial_2: autoDraw = False
42.4077 	EXP 	green_fb_1: autoDraw = False
42.4077 	EXP 	red_fb_1: autoDraw = False
42.4077 	EXP 	TrialPicture: size = array([0.75, 1.  ])
42.4077 	EXP 	TrialPicture: image = './stimuli/images/149.bmp'
42.4077 	EXP 	blackTrial: autoDraw = True
42.4077 	EXP 	whiteTrial: autoDraw = True
42.4077 	EXP 	TrialPicture: autoDraw = True
42.4077 	EXP 	green_1: autoDraw = True
42.4077 	EXP 	red_1: autoDraw = True
43.4084 	EXP 	blackTrial: autoDraw = False
43.4084 	EXP 	whiteTrial: autoDraw = False
43.4084 	EXP 	TrialPicture: autoDraw = False
43.4084 	EXP 	green_1: autoDraw = False
43.4084 	EXP 	red_1: autoDraw = False
43.4084 	EXP 	blackTrial: autoDraw = False
43.4084 	EXP 	whiteTrial: autoDraw = False
43.4084 	EXP 	TrialPicture: autoDraw = False
43.4084 	EXP 	green_1: autoDraw = False
43.4084 	EXP 	red_1: autoDraw = False
43.4084 	EXP 	whiteWaitInterTrial_2: size = array([0.75, 1.  ])
43.4084 	EXP 	blackWaitInterTrial_2: autoDraw = True
43.4084 	EXP 	whiteWaitInterTrial_2: autoDraw = True
43.4084 	EXP 	green_fb_1: autoDraw = True
43.4084 	EXP 	red_fb_1: autoDraw = True
45.0960 	EXP 	New trial (rep=11, index=0): None
45.1098 	EXP 	blackWaitInterTrial_2: autoDraw = False
45.1098 	EXP 	whiteWaitInterTrial_2: autoDraw = False
45.1098 	EXP 	green_fb_1: autoDraw = False
45.1098 	EXP 	red_fb_1: autoDraw = False
45.1098 	EXP 	blackWaitInterTrial_2: autoDraw = False
45.1098 	EXP 	whiteWaitInterTrial_2: autoDraw = False
45.1098 	EXP 	green_fb_1: autoDraw = False
45.1098 	EXP 	red_fb_1: autoDraw = False
45.1098 	EXP 	TrialPicture: size = array([0.75, 1.  ])
45.1098 	EXP 	TrialPicture: image = './stimuli/images/186.bmp'
45.1098 	EXP 	blackTrial: autoDraw = True
45.1098 	EXP 	whiteTrial: autoDraw = True
45.1098 	EXP 	TrialPicture: autoDraw = True
45.1098 	EXP 	green_1: autoDraw = True
45.1098 	EXP 	red_1: autoDraw = True
46.1107 	EXP 	blackTrial: autoDraw = False
46.1107 	EXP 	whiteTrial: autoDraw = False
46.1107 	EXP 	TrialPicture: autoDraw = False
46.1107 	EXP 	green_1: autoDraw = False
46.1107 	EXP 	red_1: autoDraw = False
46.1107 	EXP 	blackTrial: autoDraw = False
46.1107 	EXP 	whiteTrial: autoDraw = False
46.1107 	EXP 	TrialPicture: autoDraw = False
46.1107 	EXP 	green_1: autoDraw = False
46.1107 	EXP 	red_1: autoDraw = False
46.1107 	EXP 	whiteWaitInterTrial_2: size = array([0.75, 1.  ])
46.1107 	EXP 	blackWaitInterTrial_2: autoDraw = True
46.1107 	EXP 	whiteWaitInterTrial_2: autoDraw = True
46.1107 	EXP 	green_fb_1: autoDraw = True
46.1107 	EXP 	red_fb_1: autoDraw = True
47.7992 	EXP 	New trial (rep=12, index=0): None
47.8115 	EXP 	blackWaitInterTrial_2: autoDraw = False
47.8115 	EXP 	whiteWaitInterTrial_2: autoDraw = False
47.8115 	EXP 	green_fb_1: autoDraw = False
47.8115 	EXP 	red_fb_1: autoDraw = False
47.8115 	EXP 	blackWaitInterTrial_2: autoDraw = False
47.8115 	EXP 	whiteWaitInterTrial_2: autoDraw = False
47.8115 	EXP 	green_fb_1: autoDraw = False
47.8115 	EXP 	red_fb_1: autoDraw = False
47.8115 	EXP 	TrialPicture: size = array([0.75, 1.  ])
47.8115 	EXP 	TrialPicture: image = './stimuli/images/142.bmp'
47.8115 	EXP 	blackTrial: autoDraw = True
47.8115 	EXP 	whiteTrial: autoDraw = True
47.8115 	EXP 	TrialPicture: autoDraw = True
47.8115 	EXP 	green_1: autoDraw = True
47.8115 	EXP 	red_1: autoDraw = True
48.8130 	EXP 	blackTrial: autoDraw = False
48.8130 	EXP 	whiteTrial: autoDraw = False
48.8130 	EXP 	TrialPicture: autoDraw = False
48.8130 	EXP 	green_1: autoDraw = False
48.8130 	EXP 	red_1: autoDraw = False
48.8130 	EXP 	blackTrial: autoDraw = False
48.8130 	EXP 	whiteTrial: autoDraw = False
48.8130 	EXP 	TrialPicture: autoDraw = False
48.8130 	EXP 	green_1: autoDraw = False
48.8130 	EXP 	red_1: autoDraw = False
48.8130 	EXP 	whiteWaitInterTrial_2: size = array([0.75, 1.  ])
48.8130 	EXP 	blackWaitInterTrial_2: autoDraw = True
48.8130 	EXP 	whiteWaitInterTrial_2: autoDraw = True
48.8130 	EXP 	green_fb_1: autoDraw = True
48.8130 	EXP 	red_fb_1: autoDraw = True
50.4010 	EXP 	New trial (rep=13, index=0): None
50.4143 	EXP 	blackWaitInterTrial_2: autoDraw = False
50.4143 	EXP 	whiteWaitInterTrial_2: autoDraw = False
50.4143 	EXP 	green_fb_1: autoDraw = False
50.4143 	EXP 	red_fb_1: autoDraw = False
50.4143 	EXP 	blackWaitInterTrial_2: autoDraw = False
50.4143 	EXP 	whiteWaitInterTrial_2: autoDraw = False
50.4143 	EXP 	green_fb_1: autoDraw = False
50.4143 	EXP 	red_fb_1: autoDraw = False
50.4143 	EXP 	TrialPicture: size = array([0.75, 1.  ])
50.4143 	EXP 	TrialPicture: image = './stimuli/images/186.bmp'
50.4143 	EXP 	blackTrial: autoDraw = True
50.4143 	EXP 	whiteTrial: autoDraw = True
50.4143 	EXP 	TrialPicture: autoDraw = True
50.4143 	EXP 	green_1: autoDraw = True
50.4143 	EXP 	red_1: autoDraw = True
51.4156 	EXP 	blackTrial: autoDraw = False
51.4156 	EXP 	whiteTrial: autoDraw = False
51.4156 	EXP 	TrialPicture: autoDraw = False
51.4156 	EXP 	green_1: autoDraw = False
51.4156 	EXP 	red_1: autoDraw = False
51.4156 	EXP 	blackTrial: autoDraw = False
51.4156 	EXP 	whiteTrial: autoDraw = False
51.4156 	EXP 	TrialPicture: autoDraw = False
51.4156 	EXP 	green_1: autoDraw = False
51.4156 	EXP 	red_1: autoDraw = False
51.4156 	EXP 	whiteWaitInterTrial_2: size = array([0.75, 1.  ])
51.4156 	EXP 	blackWaitInterTrial_2: autoDraw = True
51.4156 	EXP 	whiteWaitInterTrial_2: autoDraw = True
51.4156 	EXP 	green_fb_1: autoDraw = True
51.4156 	EXP 	red_fb_1: autoDraw = True
53.2041 	EXP 	New trial (rep=14, index=0): None
53.2171 	EXP 	blackWaitInterTrial_2: autoDraw = False
53.2171 	EXP 	whiteWaitInterTrial_2: autoDraw = False
53.2171 	EXP 	green_fb_1: autoDraw = False
53.2171 	EXP 	red_fb_1: autoDraw = False
53.2171 	EXP 	blackWaitInterTrial_2: autoDraw = False
53.2171 	EXP 	whiteWaitInterTrial_2: autoDraw = False
53.2171 	EXP 	green_fb_1: autoDraw = False
53.2171 	EXP 	red_fb_1: autoDraw = False
53.2171 	EXP 	TrialPicture: size = array([0.75, 1.  ])
53.2171 	EXP 	TrialPicture: image = './stimuli/images/205.bmp'
53.2171 	EXP 	blackTrial: autoDraw = True
53.2171 	EXP 	whiteTrial: autoDraw = True
53.2171 	EXP 	TrialPicture: autoDraw = True
53.2171 	EXP 	green_1: autoDraw = True
53.2171 	EXP 	red_1: autoDraw = True
54.2356 	EXP 	blackTrial: autoDraw = False
54.2356 	EXP 	whiteTrial: autoDraw = False
54.2356 	EXP 	TrialPicture: autoDraw = False
54.2356 	EXP 	green_1: autoDraw = False
54.2356 	EXP 	red_1: autoDraw = False
54.2356 	EXP 	blackTrial: autoDraw = False
54.2356 	EXP 	whiteTrial: autoDraw = False
54.2356 	EXP 	TrialPicture: autoDraw = False
54.2356 	EXP 	green_1: autoDraw = False
54.2356 	EXP 	red_1: autoDraw = False
54.2356 	EXP 	whiteWaitInterTrial_2: size = array([0.75, 1.  ])
54.2356 	EXP 	blackWaitInterTrial_2: autoDraw = True
54.2356 	EXP 	whiteWaitInterTrial_2: autoDraw = True
54.2356 	EXP 	green_fb_1: autoDraw = True
54.2356 	EXP 	red_fb_1: autoDraw = True
55.8218 	EXP 	New trial (rep=15, index=0): None
55.8350 	EXP 	blackWaitInterTrial_2: autoDraw = False
55.8350 	EXP 	whiteWaitInterTrial_2: autoDraw = False
55.8350 	EXP 	green_fb_1: autoDraw = False
55.8350 	EXP 	red_fb_1: autoDraw = False
55.8350 	EXP 	blackWaitInterTrial_2: autoDraw = False
55.8350 	EXP 	whiteWaitInterTrial_2: autoDraw = False
55.8350 	EXP 	green_fb_1: autoDraw = False
55.8350 	EXP 	red_fb_1: autoDraw = False
55.8350 	EXP 	TrialPicture: size = array([0.75, 1.  ])
55.8350 	EXP 	TrialPicture: image = './stimuli/images/149.bmp'
55.8350 	EXP 	blackTrial: autoDraw = True
55.8350 	EXP 	whiteTrial: autoDraw = True
55.8350 	EXP 	TrialPicture: autoDraw = True
55.8350 	EXP 	green_1: autoDraw = True
55.8350 	EXP 	red_1: autoDraw = True
56.7541 	EXP 	Sound sound_2 started
56.8359 	EXP 	blackTrial: autoDraw = False
56.8359 	EXP 	whiteTrial: autoDraw = False
56.8359 	EXP 	TrialPicture: autoDraw = False
56.8359 	EXP 	green_1: autoDraw = False
56.8359 	EXP 	red_1: autoDraw = False
56.8359 	EXP 	blackTrial: autoDraw = False
56.8359 	EXP 	whiteTrial: autoDraw = False
56.8359 	EXP 	TrialPicture: autoDraw = False
56.8359 	EXP 	green_1: autoDraw = False
56.8359 	EXP 	red_1: autoDraw = False
56.8359 	EXP 	whiteWaitInterTrial_2: size = array([0.75, 1.  ])
56.8359 	EXP 	blackWaitInterTrial_2: autoDraw = True
56.8359 	EXP 	whiteWaitInterTrial_2: autoDraw = True
56.8359 	EXP 	green_fb_1: autoDraw = True
56.8359 	EXP 	red_fb_1: autoDraw = True
58.5251 	EXP 	New trial (rep=16, index=0): None
58.5382 	EXP 	blackWaitInterTrial_2: autoDraw = False
58.5382 	EXP 	whiteWaitInterTrial_2: autoDraw = False
58.5382 	EXP 	green_fb_1: autoDraw = False
58.5382 	EXP 	red_fb_1: autoDraw = False
58.5382 	EXP 	blackWaitInterTrial_2: autoDraw = False
58.5382 	EXP 	whiteWaitInterTrial_2: autoDraw = False
58.5382 	EXP 	green_fb_1: autoDraw = False
58.5382 	EXP 	red_fb_1: autoDraw = False
58.5382 	EXP 	TrialPicture: size = array([0.75, 1.  ])
58.5382 	EXP 	TrialPicture: image = './stimuli/images/142.bmp'
58.5382 	EXP 	blackTrial: autoDraw = True
58.5382 	EXP 	whiteTrial: autoDraw = True
58.5382 	EXP 	TrialPicture: autoDraw = True
58.5382 	EXP 	green_1: autoDraw = True
58.5382 	EXP 	red_1: autoDraw = True
58.7059 	EXP 	Sound sound_2 started
59.5394 	EXP 	blackTrial: autoDraw = False
59.5394 	EXP 	whiteTrial: autoDraw = False
59.5394 	EXP 	TrialPicture: autoDraw = False
59.5394 	EXP 	green_1: autoDraw = False
59.5394 	EXP 	red_1: autoDraw = False
59.5394 	EXP 	blackTrial: autoDraw = False
59.5394 	EXP 	whiteTrial: autoDraw = False
59.5394 	EXP 	TrialPicture: autoDraw = False
59.5394 	EXP 	green_1: autoDraw = False
59.5394 	EXP 	red_1: autoDraw = False
59.5394 	EXP 	whiteWaitInterTrial_2: size = array([0.75, 1.  ])
59.5394 	EXP 	blackWaitInterTrial_2: autoDraw = True
59.5394 	EXP 	whiteWaitInterTrial_2: autoDraw = True
59.5394 	EXP 	green_fb_1: autoDraw = True
59.5394 	EXP 	red_fb_1: autoDraw = True
61.3296 	EXP 	New trial (rep=17, index=0): None
61.3369 	EXP 	Sound sound_2 started
61.3445 	EXP 	blackWaitInterTrial_2: autoDraw = False
61.3445 	EXP 	whiteWaitInterTrial_2: autoDraw = False
61.3445 	EXP 	green_fb_1: autoDraw = False
61.3445 	EXP 	red_fb_1: autoDraw = False
61.3445 	EXP 	blackWaitInterTrial_2: autoDraw = False
61.3445 	EXP 	whiteWaitInterTrial_2: autoDraw = False
61.3445 	EXP 	green_fb_1: autoDraw = False
61.3445 	EXP 	red_fb_1: autoDraw = False
61.3445 	EXP 	TrialPicture: size = array([0.75, 1.  ])
61.3445 	EXP 	TrialPicture: image = './stimuli/images/205.bmp'
61.3445 	EXP 	blackTrial: autoDraw = True
61.3445 	EXP 	whiteTrial: autoDraw = True
61.3445 	EXP 	TrialPicture: autoDraw = True
61.3445 	EXP 	green_1: autoDraw = True
61.3445 	EXP 	red_1: autoDraw = True
62.3433 	EXP 	blackTrial: autoDraw = False
62.3433 	EXP 	whiteTrial: autoDraw = False
62.3433 	EXP 	TrialPicture: autoDraw = False
62.3433 	EXP 	green_1: autoDraw = False
62.3433 	EXP 	red_1: autoDraw = False
62.3433 	EXP 	blackTrial: autoDraw = False
62.3433 	EXP 	whiteTrial: autoDraw = False
62.3433 	EXP 	TrialPicture: autoDraw = False
62.3433 	EXP 	green_1: autoDraw = False
62.3433 	EXP 	red_1: autoDraw = False
62.3433 	EXP 	whiteWaitInterTrial_2: size = array([0.75, 1.  ])
62.3433 	EXP 	blackWaitInterTrial_2: autoDraw = True
62.3433 	EXP 	whiteWaitInterTrial_2: autoDraw = True
62.3433 	EXP 	green_fb_1: autoDraw = True
62.3433 	EXP 	red_fb_1: autoDraw = True
63.9318 	EXP 	New trial (rep=18, index=0): None
63.9462 	EXP 	blackWaitInterTrial_2: autoDraw = False
63.9462 	EXP 	whiteWaitInterTrial_2: autoDraw = False
63.9462 	EXP 	green_fb_1: autoDraw = False
63.9462 	EXP 	red_fb_1: autoDraw = False
63.9462 	EXP 	blackWaitInterTrial_2: autoDraw = False
63.9462 	EXP 	whiteWaitInterTrial_2: autoDraw = False
63.9462 	EXP 	green_fb_1: autoDraw = False
63.9462 	EXP 	red_fb_1: autoDraw = False
63.9462 	EXP 	TrialPicture: size = array([0.75, 1.  ])
63.9462 	EXP 	TrialPicture: image = './stimuli/images/149.bmp'
63.9462 	EXP 	blackTrial: autoDraw = True
63.9462 	EXP 	whiteTrial: autoDraw = True
63.9462 	EXP 	TrialPicture: autoDraw = True
63.9462 	EXP 	green_1: autoDraw = True
63.9462 	EXP 	red_1: autoDraw = True
64.0308 	EXP 	Sound sound_2 started
64.9455 	EXP 	blackTrial: autoDraw = False
64.9455 	EXP 	whiteTrial: autoDraw = False
64.9455 	EXP 	TrialPicture: autoDraw = False
64.9455 	EXP 	green_1: autoDraw = False
64.9455 	EXP 	red_1: autoDraw = False
64.9455 	EXP 	blackTrial: autoDraw = False
64.9455 	EXP 	whiteTrial: autoDraw = False
64.9455 	EXP 	TrialPicture: autoDraw = False
64.9455 	EXP 	green_1: autoDraw = False
64.9455 	EXP 	red_1: autoDraw = False
64.9455 	EXP 	whiteWaitInterTrial_2: size = array([0.75, 1.  ])
64.9455 	EXP 	blackWaitInterTrial_2: autoDraw = True
64.9455 	EXP 	whiteWaitInterTrial_2: autoDraw = True
64.9455 	EXP 	green_fb_1: autoDraw = True
64.9455 	EXP 	red_fb_1: autoDraw = True
66.6346 	EXP 	New trial (rep=19, index=0): None
66.6478 	EXP 	blackWaitInterTrial_2: autoDraw = False
66.6478 	EXP 	whiteWaitInterTrial_2: autoDraw = False
66.6478 	EXP 	green_fb_1: autoDraw = False
66.6478 	EXP 	red_fb_1: autoDraw = False
66.6478 	EXP 	blackWaitInterTrial_2: autoDraw = False
66.6478 	EXP 	whiteWaitInterTrial_2: autoDraw = False
66.6478 	EXP 	green_fb_1: autoDraw = False
66.6478 	EXP 	red_fb_1: autoDraw = False
66.6478 	EXP 	TrialPicture: size = array([0.75, 1.  ])
66.6478 	EXP 	TrialPicture: image = './stimuli/images/186.bmp'
66.6478 	EXP 	blackTrial: autoDraw = True
66.6478 	EXP 	whiteTrial: autoDraw = True
66.6478 	EXP 	TrialPicture: autoDraw = True
66.6478 	EXP 	green_1: autoDraw = True
66.6478 	EXP 	red_1: autoDraw = True
66.9497 	EXP 	Sound sound_2 started
67.6484 	EXP 	blackTrial: autoDraw = False
67.6484 	EXP 	whiteTrial: autoDraw = False
67.6484 	EXP 	TrialPicture: autoDraw = False
67.6484 	EXP 	green_1: autoDraw = False
67.6484 	EXP 	red_1: autoDraw = False
67.6484 	EXP 	blackTrial: autoDraw = False
67.6484 	EXP 	whiteTrial: autoDraw = False
67.6484 	EXP 	TrialPicture: autoDraw = False
67.6484 	EXP 	green_1: autoDraw = False
67.6484 	EXP 	red_1: autoDraw = False
67.6484 	EXP 	whiteWaitInterTrial_2: size = array([0.75, 1.  ])
67.6484 	EXP 	blackWaitInterTrial_2: autoDraw = True
67.6484 	EXP 	whiteWaitInterTrial_2: autoDraw = True
67.6484 	EXP 	green_fb_1: autoDraw = True
67.6484 	EXP 	red_fb_1: autoDraw = True
69.3480 	EXP 	blackWaitInterTrial_2: autoDraw = False
69.3480 	EXP 	whiteWaitInterTrial_2: autoDraw = False
69.3480 	EXP 	green_fb_1: autoDraw = False
69.3480 	EXP 	red_fb_1: autoDraw = False
69.3480 	EXP 	blackWaitInterTrial_2: autoDraw = False
69.3480 	EXP 	whiteWaitInterTrial_2: autoDraw = False
69.3480 	EXP 	green_fb_1: autoDraw = False
69.3480 	EXP 	red_fb_1: autoDraw = False
69.3480 	EXP 	fixationImage: size = array([0.75, 1.  ])
69.3480 	EXP 	fixation: autoDraw = True
69.3480 	EXP 	fixationImage: autoDraw = True
71.3497 	EXP 	fixation: autoDraw = False
71.3497 	EXP 	fixationImage: autoDraw = False
71.3497 	EXP 	fixation: autoDraw = False
71.3497 	EXP 	fixationImage: autoDraw = False
71.3497 	EXP 	polygon_end: autoDraw = True
71.3497 	EXP 	end_text: autoDraw = True
73.3692 	WARNING 	Hamming was requested using the 'pygame' sound library but hamming is not supported there.
73.3699 	EXP 	Set sound_1 sound=./lib/sound/bird.wav
73.3699 	WARNING 	Hamming was requested using the 'pygame' sound library but hamming is not supported there.
73.3704 	EXP 	Set sound_2 sound=./lib/sound/bang.wav
73.3848 	EXP 	polygon_end: autoDraw = False
73.3848 	EXP 	end_text: autoDraw = False
73.3848 	EXP 	polygon_end: autoDraw = False
73.3848 	EXP 	end_text: autoDraw = False
73.3848 	EXP 	polygon_15: autoDraw = True
73.3848 	EXP 	descriptionText_15: autoDraw = True
75.4378 	EXP 	polygon_15: autoDraw = False
75.4378 	EXP 	descriptionText_15: autoDraw = False
75.4378 	EXP 	fixationImage10: size = array([0.75, 1.  ])
75.4378 	EXP 	fixation10: autoDraw = True
75.4378 	EXP 	fixationImage10: autoDraw = True
75.4378 	EXP 	text: autoDraw = True
76.4222 	EXP 	text_2: autoDraw = True
76.4387 	EXP 	text: autoDraw = False
77.4247 	EXP 	text_2: autoDraw = False
77.4247 	EXP 	text_3: autoDraw = True
78.4254 	EXP 	text_3: autoDraw = False
78.4262 	EXP 	Created sequence: sequential, trialTypes=1, nReps=1, seed=None
78.4265 	EXP 	New trial (rep=0, index=0): None
78.4487 	EXP 	fixation10: autoDraw = False
78.4487 	EXP 	fixationImage10: autoDraw = False
78.4487 	EXP 	text: autoDraw = False
78.4487 	EXP 	text_2: autoDraw = False
78.4487 	EXP 	text_3: autoDraw = False
78.4487 	EXP 	greenProc_2: size = array([1.6, 1.2])
78.4487 	EXP 	ProcTarget_2: size = array([0.75, 1.  ])
78.4487 	EXP 	ProcTarget_2: image = './stimuli/images/061.bmp'
78.4487 	EXP 	ProcPicture_2: size = array([0.75, 1.  ])
78.4487 	EXP 	ProcPicture_2: image = './stimuli/images/008.bmp'
78.4487 	EXP 	blackProc_2: autoDraw = True
78.4487 	EXP 	greenProc_2: autoDraw = True
78.4487 	EXP 	ProcTarget_2: autoDraw = True
78.4487 	EXP 	ProcPicture_2: autoDraw = True
81.9600 	EXP 	blackProc_2: autoDraw = False
81.9600 	EXP 	greenProc_2: autoDraw = False
81.9600 	EXP 	ProcTarget_2: autoDraw = False
81.9600 	EXP 	ProcPicture_2: autoDraw = False
81.9600 	EXP 	blackProc_2: autoDraw = False
81.9600 	EXP 	greenProc_2: autoDraw = False
81.9600 	EXP 	ProcTarget_2: autoDraw = False
81.9600 	EXP 	ProcPicture_2: autoDraw = False
81.9600 	EXP 	whiteWaitInterTrial_3: size = array([0.75, 1.  ])
81.9600 	EXP 	blackWaitInterTrial_3: autoDraw = True
81.9600 	EXP 	whiteWaitInterTrial_3: autoDraw = True
83.4475 	EXP 	Created sequence: sequential, trialTypes=1, nReps=20, seed=None
83.4478 	EXP 	New trial (rep=0, index=0): None
83.4643 	EXP 	blackWaitInterTrial_3: autoDraw = False
83.4643 	EXP 	whiteWaitInterTrial_3: autoDraw = False
83.4643 	EXP 	blackWaitInterTrial_3: autoDraw = False
83.4643 	EXP 	whiteWaitInterTrial_3: autoDraw = False
83.4643 	EXP 	TrialPicture_2: size = array([0.75, 1.  ])
83.4643 	EXP 	TrialPicture_2: image = './stimuli/images/152.bmp'
83.4643 	EXP 	blackTrial_2: autoDraw = True
83.4643 	EXP 	whiteTrial_2: autoDraw = True
83.4643 	EXP 	TrialPicture_2: autoDraw = True
83.4643 	EXP 	green_2: autoDraw = True
83.4643 	EXP 	red_2: autoDraw = True
84.4791 	EXP 	blackTrial_2: autoDraw = False
84.4791 	EXP 	whiteTrial_2: autoDraw = False
84.4791 	EXP 	TrialPicture_2: autoDraw = False
84.4791 	EXP 	green_2: autoDraw = False
84.4791 	EXP 	red_2: autoDraw = False
84.4791 	EXP 	blackTrial_2: autoDraw = False
84.4791 	EXP 	whiteTrial_2: autoDraw = False
84.4791 	EXP 	TrialPicture_2: autoDraw = False
84.4791 	EXP 	green_2: autoDraw = False
84.4791 	EXP 	red_2: autoDraw = False
84.4791 	EXP 	whiteWaitInterTrial_4: size = array([0.75, 1.  ])
84.4791 	EXP 	blackWaitInterTrial_4: autoDraw = True
84.4791 	EXP 	whiteWaitInterTrial_4: autoDraw = True
84.4791 	EXP 	green_fb_2: autoDraw = True
84.4791 	EXP 	red_fb_2: autoDraw = True
86.2678 	EXP 	New trial (rep=1, index=0): None
86.2807 	EXP 	blackWaitInterTrial_4: autoDraw = False
86.2807 	EXP 	whiteWaitInterTrial_4: autoDraw = False
86.2807 	EXP 	green_fb_2: autoDraw = False
86.2807 	EXP 	red_fb_2: autoDraw = False
86.2807 	EXP 	blackWaitInterTrial_4: autoDraw = False
86.2807 	EXP 	whiteWaitInterTrial_4: autoDraw = False
86.2807 	EXP 	green_fb_2: autoDraw = False
86.2807 	EXP 	red_fb_2: autoDraw = False
86.2807 	EXP 	TrialPicture_2: size = array([0.75, 1.  ])
86.2807 	EXP 	TrialPicture_2: image = './stimuli/images/061.bmp'
86.2807 	EXP 	blackTrial_2: autoDraw = True
86.2807 	EXP 	whiteTrial_2: autoDraw = True
86.2807 	EXP 	TrialPicture_2: autoDraw = True
86.2807 	EXP 	green_2: autoDraw = True
86.2807 	EXP 	red_2: autoDraw = True
87.2817 	EXP 	blackTrial_2: autoDraw = False
87.2817 	EXP 	whiteTrial_2: autoDraw = False
87.2817 	EXP 	TrialPicture_2: autoDraw = False
87.2817 	EXP 	green_2: autoDraw = False
87.2817 	EXP 	red_2: autoDraw = False
87.2817 	EXP 	blackTrial_2: autoDraw = False
87.2817 	EXP 	whiteTrial_2: autoDraw = False
87.2817 	EXP 	TrialPicture_2: autoDraw = False
87.2817 	EXP 	green_2: autoDraw = False
87.2817 	EXP 	red_2: autoDraw = False
87.2817 	EXP 	whiteWaitInterTrial_4: size = array([0.75, 1.  ])
87.2817 	EXP 	blackWaitInterTrial_4: autoDraw = True
87.2817 	EXP 	whiteWaitInterTrial_4: autoDraw = True
87.2817 	EXP 	green_fb_2: autoDraw = True
87.2817 	EXP 	red_fb_2: autoDraw = True
89.0683 	EXP 	New trial (rep=2, index=0): None
89.0808 	EXP 	blackWaitInterTrial_4: autoDraw = False
89.0808 	EXP 	whiteWaitInterTrial_4: autoDraw = False
89.0808 	EXP 	green_fb_2: autoDraw = False
89.0808 	EXP 	red_fb_2: autoDraw = False
89.0808 	EXP 	blackWaitInterTrial_4: autoDraw = False
89.0808 	EXP 	whiteWaitInterTrial_4: autoDraw = False
89.0808 	EXP 	green_fb_2: autoDraw = False
89.0808 	EXP 	red_fb_2: autoDraw = False
89.0808 	EXP 	TrialPicture_2: size = array([0.75, 1.  ])
89.0808 	EXP 	TrialPicture_2: image = './stimuli/images/008.bmp'
89.0808 	EXP 	blackTrial_2: autoDraw = True
89.0808 	EXP 	whiteTrial_2: autoDraw = True
89.0808 	EXP 	TrialPicture_2: autoDraw = True
89.0808 	EXP 	green_2: autoDraw = True
89.0808 	EXP 	red_2: autoDraw = True
90.0842 	EXP 	blackTrial_2: autoDraw = False
90.0842 	EXP 	whiteTrial_2: autoDraw = False
90.0842 	EXP 	TrialPicture_2: autoDraw = False
90.0842 	EXP 	green_2: autoDraw = False
90.0842 	EXP 	red_2: autoDraw = False
90.0842 	EXP 	blackTrial_2: autoDraw = False
90.0842 	EXP 	whiteTrial_2: autoDraw = False
90.0842 	EXP 	TrialPicture_2: autoDraw = False
90.0842 	EXP 	green_2: autoDraw = False
90.0842 	EXP 	red_2: autoDraw = False
90.0842 	EXP 	whiteWaitInterTrial_4: size = array([0.75, 1.  ])
90.0842 	EXP 	blackWaitInterTrial_4: autoDraw = True
90.0842 	EXP 	whiteWaitInterTrial_4: autoDraw = True
90.0842 	EXP 	green_fb_2: autoDraw = True
90.0842 	EXP 	red_fb_2: autoDraw = True
91.7706 	EXP 	New trial (rep=3, index=0): None
91.7833 	EXP 	blackWaitInterTrial_4: autoDraw = False
91.7833 	EXP 	whiteWaitInterTrial_4: autoDraw = False
91.7833 	EXP 	green_fb_2: autoDraw = False
91.7833 	EXP 	red_fb_2: autoDraw = False
91.7833 	EXP 	blackWaitInterTrial_4: autoDraw = False
91.7833 	EXP 	whiteWaitInterTrial_4: autoDraw = False
91.7833 	EXP 	green_fb_2: autoDraw = False
91.7833 	EXP 	red_fb_2: autoDraw = False
91.7833 	EXP 	TrialPicture_2: size = array([0.75, 1.  ])
91.7833 	EXP 	TrialPicture_2: image = './stimuli/images/086.bmp'
91.7833 	EXP 	blackTrial_2: autoDraw = True
91.7833 	EXP 	whiteTrial_2: autoDraw = True
91.7833 	EXP 	TrialPicture_2: autoDraw = True
91.7833 	EXP 	green_2: autoDraw = True
91.7833 	EXP 	red_2: autoDraw = True
92.7852 	EXP 	blackTrial_2: autoDraw = False
92.7852 	EXP 	whiteTrial_2: autoDraw = False
92.7852 	EXP 	TrialPicture_2: autoDraw = False
92.7852 	EXP 	green_2: autoDraw = False
92.7852 	EXP 	red_2: autoDraw = False
92.7852 	EXP 	blackTrial_2: autoDraw = False
92.7852 	EXP 	whiteTrial_2: autoDraw = False
92.7852 	EXP 	TrialPicture_2: autoDraw = False
92.7852 	EXP 	green_2: autoDraw = False
92.7852 	EXP 	red_2: autoDraw = False
92.7852 	EXP 	whiteWaitInterTrial_4: size = array([0.75, 1.  ])
92.7852 	EXP 	blackWaitInterTrial_4: autoDraw = True
92.7852 	EXP 	whiteWaitInterTrial_4: autoDraw = True
92.7852 	EXP 	green_fb_2: autoDraw = True
92.7852 	EXP 	red_fb_2: autoDraw = True
94.4742 	EXP 	New trial (rep=4, index=0): None
94.4877 	EXP 	blackWaitInterTrial_4: autoDraw = False
94.4877 	EXP 	whiteWaitInterTrial_4: autoDraw = False
94.4877 	EXP 	green_fb_2: autoDraw = False
94.4877 	EXP 	red_fb_2: autoDraw = False
94.4877 	EXP 	blackWaitInterTrial_4: autoDraw = False
94.4877 	EXP 	whiteWaitInterTrial_4: autoDraw = False
94.4877 	EXP 	green_fb_2: autoDraw = False
94.4877 	EXP 	red_fb_2: autoDraw = False
94.4877 	EXP 	TrialPicture_2: size = array([0.75, 1.  ])
94.4877 	EXP 	TrialPicture_2: image = './stimuli/images/152.bmp'
94.4877 	EXP 	blackTrial_2: autoDraw = True
94.4877 	EXP 	whiteTrial_2: autoDraw = True
94.4877 	EXP 	TrialPicture_2: autoDraw = True
94.4877 	EXP 	green_2: autoDraw = True
94.4877 	EXP 	red_2: autoDraw = True
95.4888 	EXP 	blackTrial_2: autoDraw = False
95.4888 	EXP 	whiteTrial_2: autoDraw = False
95.4888 	EXP 	TrialPicture_2: autoDraw = False
95.4888 	EXP 	green_2: autoDraw = False
95.4888 	EXP 	red_2: autoDraw = False
95.4888 	EXP 	blackTrial_2: autoDraw = False
95.4888 	EXP 	whiteTrial_2: autoDraw = False
95.4888 	EXP 	TrialPicture_2: autoDraw = False
95.4888 	EXP 	green_2: autoDraw = False
95.4888 	EXP 	red_2: autoDraw = False
95.4888 	EXP 	whiteWaitInterTrial_4: size = array([0.75, 1.  ])
95.4888 	EXP 	blackWaitInterTrial_4: autoDraw = True
95.4888 	EXP 	whiteWaitInterTrial_4: autoDraw = True
95.4888 	EXP 	green_fb_2: autoDraw = True
95.4888 	EXP 	red_fb_2: autoDraw = True
97.0778 	EXP 	New trial (rep=5, index=0): None
97.0923 	EXP 	blackWaitInterTrial_4: autoDraw = False
97.0923 	EXP 	whiteWaitInterTrial_4: autoDraw = False
97.0923 	EXP 	green_fb_2: autoDraw = False
97.0923 	EXP 	red_fb_2: autoDraw = False
97.0923 	EXP 	blackWaitInterTrial_4: autoDraw = False
97.0923 	EXP 	whiteWaitInterTrial_4: autoDraw = False
97.0923 	EXP 	green_fb_2: autoDraw = False
97.0923 	EXP 	red_fb_2: autoDraw = False
97.0923 	EXP 	TrialPicture_2: size = array([0.75, 1.  ])
97.0923 	EXP 	TrialPicture_2: image = './stimuli/images/061.bmp'
97.0923 	EXP 	blackTrial_2: autoDraw = True
97.0923 	EXP 	whiteTrial_2: autoDraw = True
97.0923 	EXP 	TrialPicture_2: autoDraw = True
97.0923 	EXP 	green_2: autoDraw = True
97.0923 	EXP 	red_2: autoDraw = True
98.1064 	EXP 	blackTrial_2: autoDraw = False
98.1064 	EXP 	whiteTrial_2: autoDraw = False
98.1064 	EXP 	TrialPicture_2: autoDraw = False
98.1064 	EXP 	green_2: autoDraw = False
98.1064 	EXP 	red_2: autoDraw = False
98.1064 	EXP 	blackTrial_2: autoDraw = False
98.1064 	EXP 	whiteTrial_2: autoDraw = False
98.1064 	EXP 	TrialPicture_2: autoDraw = False
98.1064 	EXP 	green_2: autoDraw = False
98.1064 	EXP 	red_2: autoDraw = False
98.1064 	EXP 	whiteWaitInterTrial_4: size = array([0.75, 1.  ])
98.1064 	EXP 	blackWaitInterTrial_4: autoDraw = True
98.1064 	EXP 	whiteWaitInterTrial_4: autoDraw = True
98.1064 	EXP 	green_fb_2: autoDraw = True
98.1064 	EXP 	red_fb_2: autoDraw = True
99.7958 	EXP 	New trial (rep=6, index=0): None
99.8101 	EXP 	blackWaitInterTrial_4: autoDraw = False
99.8101 	EXP 	whiteWaitInterTrial_4: autoDraw = False
99.8101 	EXP 	green_fb_2: autoDraw = False
99.8101 	EXP 	red_fb_2: autoDraw = False
99.8101 	EXP 	blackWaitInterTrial_4: autoDraw = False
99.8101 	EXP 	whiteWaitInterTrial_4: autoDraw = False
99.8101 	EXP 	green_fb_2: autoDraw = False
99.8101 	EXP 	red_fb_2: autoDraw = False
99.8101 	EXP 	TrialPicture_2: size = array([0.75, 1.  ])
99.8101 	EXP 	TrialPicture_2: image = './stimuli/images/008.bmp'
99.8101 	EXP 	blackTrial_2: autoDraw = True
99.8101 	EXP 	whiteTrial_2: autoDraw = True
99.8101 	EXP 	TrialPicture_2: autoDraw = True
99.8101 	EXP 	green_2: autoDraw = True
99.8101 	EXP 	red_2: autoDraw = True
100.8104 	EXP 	blackTrial_2: autoDraw = False
100.8104 	EXP 	whiteTrial_2: autoDraw = False
100.8104 	EXP 	TrialPicture_2: autoDraw = False
100.8104 	EXP 	green_2: autoDraw = False
100.8104 	EXP 	red_2: autoDraw = False
100.8104 	EXP 	blackTrial_2: autoDraw = False
100.8104 	EXP 	whiteTrial_2: autoDraw = False
100.8104 	EXP 	TrialPicture_2: autoDraw = False
100.8104 	EXP 	green_2: autoDraw = False
100.8104 	EXP 	red_2: autoDraw = False
100.8104 	EXP 	whiteWaitInterTrial_4: size = array([0.75, 1.  ])
100.8104 	EXP 	blackWaitInterTrial_4: autoDraw = True
100.8104 	EXP 	whiteWaitInterTrial_4: autoDraw = True
100.8104 	EXP 	green_fb_2: autoDraw = True
100.8104 	EXP 	red_fb_2: autoDraw = True
102.4960 	EXP 	New trial (rep=7, index=0): None
102.5105 	EXP 	blackWaitInterTrial_4: autoDraw = False
102.5105 	EXP 	whiteWaitInterTrial_4: autoDraw = False
102.5105 	EXP 	green_fb_2: autoDraw = False
102.5105 	EXP 	red_fb_2: autoDraw = False
102.5105 	EXP 	blackWaitInterTrial_4: autoDraw = False
102.5105 	EXP 	whiteWaitInterTrial_4: autoDraw = False
102.5105 	EXP 	green_fb_2: autoDraw = False
102.5105 	EXP 	red_fb_2: autoDraw = False
102.5105 	EXP 	TrialPicture_2: size = array([0.75, 1.  ])
102.5105 	EXP 	TrialPicture_2: image = './stimuli/images/086.bmp'
102.5105 	EXP 	blackTrial_2: autoDraw = True
102.5105 	EXP 	whiteTrial_2: autoDraw = True
102.5105 	EXP 	TrialPicture_2: autoDraw = True
102.5105 	EXP 	green_2: autoDraw = True
102.5105 	EXP 	red_2: autoDraw = True
103.5128 	EXP 	blackTrial_2: autoDraw = False
103.5128 	EXP 	whiteTrial_2: autoDraw = False
103.5128 	EXP 	TrialPicture_2: autoDraw = False
103.5128 	EXP 	green_2: autoDraw = False
103.5128 	EXP 	red_2: autoDraw = False
103.5128 	EXP 	blackTrial_2: autoDraw = False
103.5128 	EXP 	whiteTrial_2: autoDraw = False
103.5128 	EXP 	TrialPicture_2: autoDraw = False
103.5128 	EXP 	green_2: autoDraw = False
103.5128 	EXP 	red_2: autoDraw = False
103.5128 	EXP 	whiteWaitInterTrial_4: size = array([0.75, 1.  ])
103.5128 	EXP 	blackWaitInterTrial_4: autoDraw = True
103.5128 	EXP 	whiteWaitInterTrial_4: autoDraw = True
103.5128 	EXP 	green_fb_2: autoDraw = True
103.5128 	EXP 	red_fb_2: autoDraw = True
105.3012 	EXP 	New trial (rep=8, index=0): None
105.3156 	EXP 	blackWaitInterTrial_4: autoDraw = False
105.3156 	EXP 	whiteWaitInterTrial_4: autoDraw = False
105.3156 	EXP 	green_fb_2: autoDraw = False
105.3156 	EXP 	red_fb_2: autoDraw = False
105.3156 	EXP 	blackWaitInterTrial_4: autoDraw = False
105.3156 	EXP 	whiteWaitInterTrial_4: autoDraw = False
105.3156 	EXP 	green_fb_2: autoDraw = False
105.3156 	EXP 	red_fb_2: autoDraw = False
105.3156 	EXP 	TrialPicture_2: size = array([0.75, 1.  ])
105.3156 	EXP 	TrialPicture_2: image = './stimuli/images/061.bmp'
105.3156 	EXP 	blackTrial_2: autoDraw = True
105.3156 	EXP 	whiteTrial_2: autoDraw = True
105.3156 	EXP 	TrialPicture_2: autoDraw = True
105.3156 	EXP 	green_2: autoDraw = True
105.3156 	EXP 	red_2: autoDraw = True
106.3150 	EXP 	blackTrial_2: autoDraw = False
106.3150 	EXP 	whiteTrial_2: autoDraw = False
106.3150 	EXP 	TrialPicture_2: autoDraw = False
106.3150 	EXP 	green_2: autoDraw = False
106.3150 	EXP 	red_2: autoDraw = False
106.3150 	EXP 	blackTrial_2: autoDraw = False
106.3150 	EXP 	whiteTrial_2: autoDraw = False
106.3150 	EXP 	TrialPicture_2: autoDraw = False
106.3150 	EXP 	green_2: autoDraw = False
106.3150 	EXP 	red_2: autoDraw = False
106.3150 	EXP 	whiteWaitInterTrial_4: size = array([0.75, 1.  ])
106.3150 	EXP 	blackWaitInterTrial_4: autoDraw = True
106.3150 	EXP 	whiteWaitInterTrial_4: autoDraw = True
106.3150 	EXP 	green_fb_2: autoDraw = True
106.3150 	EXP 	red_fb_2: autoDraw = True
108.0033 	EXP 	New trial (rep=9, index=0): None
108.0171 	EXP 	blackWaitInterTrial_4: autoDraw = False
108.0171 	EXP 	whiteWaitInterTrial_4: autoDraw = False
108.0171 	EXP 	green_fb_2: autoDraw = False
108.0171 	EXP 	red_fb_2: autoDraw = False
108.0171 	EXP 	blackWaitInterTrial_4: autoDraw = False
108.0171 	EXP 	whiteWaitInterTrial_4: autoDraw = False
108.0171 	EXP 	green_fb_2: autoDraw = False
108.0171 	EXP 	red_fb_2: autoDraw = False
108.0171 	EXP 	TrialPicture_2: size = array([0.75, 1.  ])
108.0171 	EXP 	TrialPicture_2: image = './stimuli/images/152.bmp'
108.0171 	EXP 	blackTrial_2: autoDraw = True
108.0171 	EXP 	whiteTrial_2: autoDraw = True
108.0171 	EXP 	TrialPicture_2: autoDraw = True
108.0171 	EXP 	green_2: autoDraw = True
108.0171 	EXP 	red_2: autoDraw = True
109.0175 	EXP 	blackTrial_2: autoDraw = False
109.0175 	EXP 	whiteTrial_2: autoDraw = False
109.0175 	EXP 	TrialPicture_2: autoDraw = False
109.0175 	EXP 	green_2: autoDraw = False
109.0175 	EXP 	red_2: autoDraw = False
109.0175 	EXP 	blackTrial_2: autoDraw = False
109.0175 	EXP 	whiteTrial_2: autoDraw = False
109.0175 	EXP 	TrialPicture_2: autoDraw = False
109.0175 	EXP 	green_2: autoDraw = False
109.0175 	EXP 	red_2: autoDraw = False
109.0175 	EXP 	whiteWaitInterTrial_4: size = array([0.75, 1.  ])
109.0175 	EXP 	blackWaitInterTrial_4: autoDraw = True
109.0175 	EXP 	whiteWaitInterTrial_4: autoDraw = True
109.0175 	EXP 	green_fb_2: autoDraw = True
109.0175 	EXP 	red_fb_2: autoDraw = True
110.6051 	EXP 	New trial (rep=10, index=0): None
110.6183 	EXP 	blackWaitInterTrial_4: autoDraw = False
110.6183 	EXP 	whiteWaitInterTrial_4: autoDraw = False
110.6183 	EXP 	green_fb_2: autoDraw = False
110.6183 	EXP 	red_fb_2: autoDraw = False
110.6183 	EXP 	blackWaitInterTrial_4: autoDraw = False
110.6183 	EXP 	whiteWaitInterTrial_4: autoDraw = False
110.6183 	EXP 	green_fb_2: autoDraw = False
110.6183 	EXP 	red_fb_2: autoDraw = False
110.6183 	EXP 	TrialPicture_2: size = array([0.75, 1.  ])
110.6183 	EXP 	TrialPicture_2: image = './stimuli/images/152.bmp'
110.6183 	EXP 	blackTrial_2: autoDraw = True
110.6183 	EXP 	whiteTrial_2: autoDraw = True
110.6183 	EXP 	TrialPicture_2: autoDraw = True
110.6183 	EXP 	green_2: autoDraw = True
110.6183 	EXP 	red_2: autoDraw = True
111.6198 	EXP 	blackTrial_2: autoDraw = False
111.6198 	EXP 	whiteTrial_2: autoDraw = False
111.6198 	EXP 	TrialPicture_2: autoDraw = False
111.6198 	EXP 	green_2: autoDraw = False
111.6198 	EXP 	red_2: autoDraw = False
111.6198 	EXP 	blackTrial_2: autoDraw = False
111.6198 	EXP 	whiteTrial_2: autoDraw = False
111.6198 	EXP 	TrialPicture_2: autoDraw = False
111.6198 	EXP 	green_2: autoDraw = False
111.6198 	EXP 	red_2: autoDraw = False
111.6198 	EXP 	whiteWaitInterTrial_4: size = array([0.75, 1.  ])
111.6198 	EXP 	blackWaitInterTrial_4: autoDraw = True
111.6198 	EXP 	whiteWaitInterTrial_4: autoDraw = True
111.6198 	EXP 	green_fb_2: autoDraw = True
111.6198 	EXP 	red_fb_2: autoDraw = True
113.3081 	EXP 	New trial (rep=11, index=0): None
113.3219 	EXP 	blackWaitInterTrial_4: autoDraw = False
113.3219 	EXP 	whiteWaitInterTrial_4: autoDraw = False
113.3219 	EXP 	green_fb_2: autoDraw = False
113.3219 	EXP 	red_fb_2: autoDraw = False
113.3219 	EXP 	blackWaitInterTrial_4: autoDraw = False
113.3219 	EXP 	whiteWaitInterTrial_4: autoDraw = False
113.3219 	EXP 	green_fb_2: autoDraw = False
113.3219 	EXP 	red_fb_2: autoDraw = False
113.3219 	EXP 	TrialPicture_2: size = array([0.75, 1.  ])
113.3219 	EXP 	TrialPicture_2: image = './stimuli/images/086.bmp'
113.3219 	EXP 	blackTrial_2: autoDraw = True
113.3219 	EXP 	whiteTrial_2: autoDraw = True
113.3219 	EXP 	TrialPicture_2: autoDraw = True
113.3219 	EXP 	green_2: autoDraw = True
113.3219 	EXP 	red_2: autoDraw = True
114.3225 	EXP 	blackTrial_2: autoDraw = False
114.3225 	EXP 	whiteTrial_2: autoDraw = False
114.3225 	EXP 	TrialPicture_2: autoDraw = False
114.3225 	EXP 	green_2: autoDraw = False
114.3225 	EXP 	red_2: autoDraw = False
114.3225 	EXP 	blackTrial_2: autoDraw = False
114.3225 	EXP 	whiteTrial_2: autoDraw = False
114.3225 	EXP 	TrialPicture_2: autoDraw = False
114.3225 	EXP 	green_2: autoDraw = False
114.3225 	EXP 	red_2: autoDraw = False
114.3225 	EXP 	whiteWaitInterTrial_4: size = array([0.75, 1.  ])
114.3225 	EXP 	blackWaitInterTrial_4: autoDraw = True
114.3225 	EXP 	whiteWaitInterTrial_4: autoDraw = True
114.3225 	EXP 	green_fb_2: autoDraw = True
114.3225 	EXP 	red_fb_2: autoDraw = True
115.9096 	EXP 	New trial (rep=12, index=0): None
115.9231 	EXP 	blackWaitInterTrial_4: autoDraw = False
115.9231 	EXP 	whiteWaitInterTrial_4: autoDraw = False
115.9231 	EXP 	green_fb_2: autoDraw = False
115.9231 	EXP 	red_fb_2: autoDraw = False
115.9231 	EXP 	blackWaitInterTrial_4: autoDraw = False
115.9231 	EXP 	whiteWaitInterTrial_4: autoDraw = False
115.9231 	EXP 	green_fb_2: autoDraw = False
115.9231 	EXP 	red_fb_2: autoDraw = False
115.9231 	EXP 	TrialPicture_2: size = array([0.75, 1.  ])
115.9231 	EXP 	TrialPicture_2: image = './stimuli/images/152.bmp'
115.9231 	EXP 	blackTrial_2: autoDraw = True
115.9231 	EXP 	whiteTrial_2: autoDraw = True
115.9231 	EXP 	TrialPicture_2: autoDraw = True
115.9231 	EXP 	green_2: autoDraw = True
115.9231 	EXP 	red_2: autoDraw = True
116.9244 	EXP 	blackTrial_2: autoDraw = False
116.9244 	EXP 	whiteTrial_2: autoDraw = False
116.9244 	EXP 	TrialPicture_2: autoDraw = False
116.9244 	EXP 	green_2: autoDraw = False
116.9244 	EXP 	red_2: autoDraw = False
116.9244 	EXP 	blackTrial_2: autoDraw = False
116.9244 	EXP 	whiteTrial_2: autoDraw = False
116.9244 	EXP 	TrialPicture_2: autoDraw = False
116.9244 	EXP 	green_2: autoDraw = False
116.9244 	EXP 	red_2: autoDraw = False
116.9244 	EXP 	whiteWaitInterTrial_4: size = array([0.75, 1.  ])
116.9244 	EXP 	blackWaitInterTrial_4: autoDraw = True
116.9244 	EXP 	whiteWaitInterTrial_4: autoDraw = True
116.9244 	EXP 	green_fb_2: autoDraw = True
116.9244 	EXP 	red_fb_2: autoDraw = True
118.5125 	EXP 	New trial (rep=13, index=0): None
118.5261 	EXP 	blackWaitInterTrial_4: autoDraw = False
118.5261 	EXP 	whiteWaitInterTrial_4: autoDraw = False
118.5261 	EXP 	green_fb_2: autoDraw = False
118.5261 	EXP 	red_fb_2: autoDraw = False
118.5261 	EXP 	blackWaitInterTrial_4: autoDraw = False
118.5261 	EXP 	whiteWaitInterTrial_4: autoDraw = False
118.5261 	EXP 	green_fb_2: autoDraw = False
118.5261 	EXP 	red_fb_2: autoDraw = False
118.5261 	EXP 	TrialPicture_2: size = array([0.75, 1.  ])
118.5261 	EXP 	TrialPicture_2: image = './stimuli/images/061.bmp'
118.5261 	EXP 	blackTrial_2: autoDraw = True
118.5261 	EXP 	whiteTrial_2: autoDraw = True
118.5261 	EXP 	TrialPicture_2: autoDraw = True
118.5261 	EXP 	green_2: autoDraw = True
118.5261 	EXP 	red_2: autoDraw = True
119.5271 	EXP 	blackTrial_2: autoDraw = False
119.5271 	EXP 	whiteTrial_2: autoDraw = False
119.5271 	EXP 	TrialPicture_2: autoDraw = False
119.5271 	EXP 	green_2: autoDraw = False
119.5271 	EXP 	red_2: autoDraw = False
119.5271 	EXP 	blackTrial_2: autoDraw = False
119.5271 	EXP 	whiteTrial_2: autoDraw = False
119.5271 	EXP 	TrialPicture_2: autoDraw = False
119.5271 	EXP 	green_2: autoDraw = False
119.5271 	EXP 	red_2: autoDraw = False
119.5271 	EXP 	whiteWaitInterTrial_4: size = array([0.75, 1.  ])
119.5271 	EXP 	blackWaitInterTrial_4: autoDraw = True
119.5271 	EXP 	whiteWaitInterTrial_4: autoDraw = True
119.5271 	EXP 	green_fb_2: autoDraw = True
119.5271 	EXP 	red_fb_2: autoDraw = True
121.2152 	EXP 	New trial (rep=14, index=0): None
121.2288 	EXP 	blackWaitInterTrial_4: autoDraw = False
121.2288 	EXP 	whiteWaitInterTrial_4: autoDraw = False
121.2288 	EXP 	green_fb_2: autoDraw = False
121.2288 	EXP 	red_fb_2: autoDraw = False
121.2288 	EXP 	blackWaitInterTrial_4: autoDraw = False
121.2288 	EXP 	whiteWaitInterTrial_4: autoDraw = False
121.2288 	EXP 	green_fb_2: autoDraw = False
121.2288 	EXP 	red_fb_2: autoDraw = False
121.2288 	EXP 	TrialPicture_2: size = array([0.75, 1.  ])
121.2288 	EXP 	TrialPicture_2: image = './stimuli/images/008.bmp'
121.2288 	EXP 	blackTrial_2: autoDraw = True
121.2288 	EXP 	whiteTrial_2: autoDraw = True
121.2288 	EXP 	TrialPicture_2: autoDraw = True
121.2288 	EXP 	green_2: autoDraw = True
121.2288 	EXP 	red_2: autoDraw = True
122.2293 	EXP 	blackTrial_2: autoDraw = False
122.2293 	EXP 	whiteTrial_2: autoDraw = False
122.2293 	EXP 	TrialPicture_2: autoDraw = False
122.2293 	EXP 	green_2: autoDraw = False
122.2293 	EXP 	red_2: autoDraw = False
122.2293 	EXP 	blackTrial_2: autoDraw = False
122.2293 	EXP 	whiteTrial_2: autoDraw = False
122.2293 	EXP 	TrialPicture_2: autoDraw = False
122.2293 	EXP 	green_2: autoDraw = False
122.2293 	EXP 	red_2: autoDraw = False
122.2293 	EXP 	whiteWaitInterTrial_4: size = array([0.75, 1.  ])
122.2293 	EXP 	blackWaitInterTrial_4: autoDraw = True
122.2293 	EXP 	whiteWaitInterTrial_4: autoDraw = True
122.2293 	EXP 	green_fb_2: autoDraw = True
122.2293 	EXP 	red_fb_2: autoDraw = True
123.9172 	EXP 	New trial (rep=15, index=0): None
123.9307 	EXP 	blackWaitInterTrial_4: autoDraw = False
123.9307 	EXP 	whiteWaitInterTrial_4: autoDraw = False
123.9307 	EXP 	green_fb_2: autoDraw = False
123.9307 	EXP 	red_fb_2: autoDraw = False
123.9307 	EXP 	blackWaitInterTrial_4: autoDraw = False
123.9307 	EXP 	whiteWaitInterTrial_4: autoDraw = False
123.9307 	EXP 	green_fb_2: autoDraw = False
123.9307 	EXP 	red_fb_2: autoDraw = False
123.9307 	EXP 	TrialPicture_2: size = array([0.75, 1.  ])
123.9307 	EXP 	TrialPicture_2: image = './stimuli/images/086.bmp'
123.9307 	EXP 	blackTrial_2: autoDraw = True
123.9307 	EXP 	whiteTrial_2: autoDraw = True
123.9307 	EXP 	TrialPicture_2: autoDraw = True
123.9307 	EXP 	green_2: autoDraw = True
123.9307 	EXP 	red_2: autoDraw = True
124.9339 	EXP 	blackTrial_2: autoDraw = False
124.9339 	EXP 	whiteTrial_2: autoDraw = False
124.9339 	EXP 	TrialPicture_2: autoDraw = False
124.9339 	EXP 	green_2: autoDraw = False
124.9339 	EXP 	red_2: autoDraw = False
124.9339 	EXP 	blackTrial_2: autoDraw = False
124.9339 	EXP 	whiteTrial_2: autoDraw = False
124.9339 	EXP 	TrialPicture_2: autoDraw = False
124.9339 	EXP 	green_2: autoDraw = False
124.9339 	EXP 	red_2: autoDraw = False
124.9339 	EXP 	whiteWaitInterTrial_4: size = array([0.75, 1.  ])
124.9339 	EXP 	blackWaitInterTrial_4: autoDraw = True
124.9339 	EXP 	whiteWaitInterTrial_4: autoDraw = True
124.9339 	EXP 	green_fb_2: autoDraw = True
124.9339 	EXP 	red_fb_2: autoDraw = True
126.7217 	EXP 	New trial (rep=16, index=0): None
126.7367 	EXP 	blackWaitInterTrial_4: autoDraw = False
126.7367 	EXP 	whiteWaitInterTrial_4: autoDraw = False
126.7367 	EXP 	green_fb_2: autoDraw = False
126.7367 	EXP 	red_fb_2: autoDraw = False
126.7367 	EXP 	blackWaitInterTrial_4: autoDraw = False
126.7367 	EXP 	whiteWaitInterTrial_4: autoDraw = False
126.7367 	EXP 	green_fb_2: autoDraw = False
126.7367 	EXP 	red_fb_2: autoDraw = False
126.7367 	EXP 	TrialPicture_2: size = array([0.75, 1.  ])
126.7367 	EXP 	TrialPicture_2: image = './stimuli/images/152.bmp'
126.7367 	EXP 	blackTrial_2: autoDraw = True
126.7367 	EXP 	whiteTrial_2: autoDraw = True
126.7367 	EXP 	TrialPicture_2: autoDraw = True
126.7367 	EXP 	green_2: autoDraw = True
126.7367 	EXP 	red_2: autoDraw = True
127.7508 	EXP 	blackTrial_2: autoDraw = False
127.7508 	EXP 	whiteTrial_2: autoDraw = False
127.7508 	EXP 	TrialPicture_2: autoDraw = False
127.7508 	EXP 	green_2: autoDraw = False
127.7508 	EXP 	red_2: autoDraw = False
127.7508 	EXP 	blackTrial_2: autoDraw = False
127.7508 	EXP 	whiteTrial_2: autoDraw = False
127.7508 	EXP 	TrialPicture_2: autoDraw = False
127.7508 	EXP 	green_2: autoDraw = False
127.7508 	EXP 	red_2: autoDraw = False
127.7508 	EXP 	whiteWaitInterTrial_4: size = array([0.75, 1.  ])
127.7508 	EXP 	blackWaitInterTrial_4: autoDraw = True
127.7508 	EXP 	whiteWaitInterTrial_4: autoDraw = True
127.7508 	EXP 	green_fb_2: autoDraw = True
127.7508 	EXP 	red_fb_2: autoDraw = True
129.4392 	EXP 	New trial (rep=17, index=0): None
129.4528 	EXP 	blackWaitInterTrial_4: autoDraw = False
129.4528 	EXP 	whiteWaitInterTrial_4: autoDraw = False
129.4528 	EXP 	green_fb_2: autoDraw = False
129.4528 	EXP 	red_fb_2: autoDraw = False
129.4528 	EXP 	blackWaitInterTrial_4: autoDraw = False
129.4528 	EXP 	whiteWaitInterTrial_4: autoDraw = False
129.4528 	EXP 	green_fb_2: autoDraw = False
129.4528 	EXP 	red_fb_2: autoDraw = False
129.4528 	EXP 	TrialPicture_2: size = array([0.75, 1.  ])
129.4528 	EXP 	TrialPicture_2: image = './stimuli/images/061.bmp'
129.4528 	EXP 	blackTrial_2: autoDraw = True
129.4528 	EXP 	whiteTrial_2: autoDraw = True
129.4528 	EXP 	TrialPicture_2: autoDraw = True
129.4528 	EXP 	green_2: autoDraw = True
129.4528 	EXP 	red_2: autoDraw = True
130.4700 	EXP 	blackTrial_2: autoDraw = False
130.4700 	EXP 	whiteTrial_2: autoDraw = False
130.4700 	EXP 	TrialPicture_2: autoDraw = False
130.4700 	EXP 	green_2: autoDraw = False
130.4700 	EXP 	red_2: autoDraw = False
130.4700 	EXP 	blackTrial_2: autoDraw = False
130.4700 	EXP 	whiteTrial_2: autoDraw = False
130.4700 	EXP 	TrialPicture_2: autoDraw = False
130.4700 	EXP 	green_2: autoDraw = False
130.4700 	EXP 	red_2: autoDraw = False
130.4700 	EXP 	whiteWaitInterTrial_4: size = array([0.75, 1.  ])
130.4700 	EXP 	blackWaitInterTrial_4: autoDraw = True
130.4700 	EXP 	whiteWaitInterTrial_4: autoDraw = True
130.4700 	EXP 	green_fb_2: autoDraw = True
130.4700 	EXP 	red_fb_2: autoDraw = True
132.0604 	EXP 	New trial (rep=18, index=0): None
132.0731 	EXP 	blackWaitInterTrial_4: autoDraw = False
132.0731 	EXP 	whiteWaitInterTrial_4: autoDraw = False
132.0731 	EXP 	green_fb_2: autoDraw = False
132.0731 	EXP 	red_fb_2: autoDraw = False
132.0731 	EXP 	blackWaitInterTrial_4: autoDraw = False
132.0731 	EXP 	whiteWaitInterTrial_4: autoDraw = False
132.0731 	EXP 	green_fb_2: autoDraw = False
132.0731 	EXP 	red_fb_2: autoDraw = False
132.0731 	EXP 	TrialPicture_2: size = array([0.75, 1.  ])
132.0731 	EXP 	TrialPicture_2: image = './stimuli/images/008.bmp'
132.0731 	EXP 	blackTrial_2: autoDraw = True
132.0731 	EXP 	whiteTrial_2: autoDraw = True
132.0731 	EXP 	TrialPicture_2: autoDraw = True
132.0731 	EXP 	green_2: autoDraw = True
132.0731 	EXP 	red_2: autoDraw = True
133.0869 	EXP 	blackTrial_2: autoDraw = False
133.0869 	EXP 	whiteTrial_2: autoDraw = False
133.0869 	EXP 	TrialPicture_2: autoDraw = False
133.0869 	EXP 	green_2: autoDraw = False
133.0869 	EXP 	red_2: autoDraw = False
133.0869 	EXP 	blackTrial_2: autoDraw = False
133.0869 	EXP 	whiteTrial_2: autoDraw = False
133.0869 	EXP 	TrialPicture_2: autoDraw = False
133.0869 	EXP 	green_2: autoDraw = False
133.0869 	EXP 	red_2: autoDraw = False
133.0869 	EXP 	whiteWaitInterTrial_4: size = array([0.75, 1.  ])
133.0869 	EXP 	blackWaitInterTrial_4: autoDraw = True
133.0869 	EXP 	whiteWaitInterTrial_4: autoDraw = True
133.0869 	EXP 	green_fb_2: autoDraw = True
133.0869 	EXP 	red_fb_2: autoDraw = True
134.7787 	EXP 	New trial (rep=19, index=0): None
134.7926 	EXP 	blackWaitInterTrial_4: autoDraw = False
134.7926 	EXP 	whiteWaitInterTrial_4: autoDraw = False
134.7926 	EXP 	green_fb_2: autoDraw = False
134.7926 	EXP 	red_fb_2: autoDraw = False
134.7926 	EXP 	blackWaitInterTrial_4: autoDraw = False
134.7926 	EXP 	whiteWaitInterTrial_4: autoDraw = False
134.7926 	EXP 	green_fb_2: autoDraw = False
134.7926 	EXP 	red_fb_2: autoDraw = False
134.7926 	EXP 	TrialPicture_2: size = array([0.75, 1.  ])
134.7926 	EXP 	TrialPicture_2: image = './stimuli/images/086.bmp'
134.7926 	EXP 	blackTrial_2: autoDraw = True
134.7926 	EXP 	whiteTrial_2: autoDraw = True
134.7926 	EXP 	TrialPicture_2: autoDraw = True
134.7926 	EXP 	green_2: autoDraw = True
134.7926 	EXP 	red_2: autoDraw = True
135.8077 	EXP 	blackTrial_2: autoDraw = False
135.8077 	EXP 	whiteTrial_2: autoDraw = False
135.8077 	EXP 	TrialPicture_2: autoDraw = False
135.8077 	EXP 	green_2: autoDraw = False
135.8077 	EXP 	red_2: autoDraw = False
135.8077 	EXP 	blackTrial_2: autoDraw = False
135.8077 	EXP 	whiteTrial_2: autoDraw = False
135.8077 	EXP 	TrialPicture_2: autoDraw = False
135.8077 	EXP 	green_2: autoDraw = False
135.8077 	EXP 	red_2: autoDraw = False
135.8077 	EXP 	whiteWaitInterTrial_4: size = array([0.75, 1.  ])
135.8077 	EXP 	blackWaitInterTrial_4: autoDraw = True
135.8077 	EXP 	whiteWaitInterTrial_4: autoDraw = True
135.8077 	EXP 	green_fb_2: autoDraw = True
135.8077 	EXP 	red_fb_2: autoDraw = True
137.4092 	EXP 	blackWaitInterTrial_4: autoDraw = False
137.4092 	EXP 	whiteWaitInterTrial_4: autoDraw = False
137.4092 	EXP 	green_fb_2: autoDraw = False
137.4092 	EXP 	red_fb_2: autoDraw = False
137.4092 	EXP 	blackWaitInterTrial_4: autoDraw = False
137.4092 	EXP 	whiteWaitInterTrial_4: autoDraw = False
137.4092 	EXP 	green_fb_2: autoDraw = False
137.4092 	EXP 	red_fb_2: autoDraw = False
137.4092 	EXP 	fixationImage_2: size = array([0.75, 1.  ])
137.4092 	EXP 	fixation_2: autoDraw = True
137.4092 	EXP 	fixationImage_2: autoDraw = True
139.4115 	EXP 	fixation_2: autoDraw = False
139.4115 	EXP 	fixationImage_2: autoDraw = False
139.4115 	EXP 	fixation_2: autoDraw = False
139.4115 	EXP 	fixationImage_2: autoDraw = False
139.4115 	EXP 	polygon_end_2: autoDraw = True
139.4115 	EXP 	end_text_2: autoDraw = True
141.4128 	EXP 	polygon_end_2: autoDraw = False
141.4128 	EXP 	end_text_2: autoDraw = False
141.4466 	EXP 	window1: mouseVisible = True
