3.7377 	EXP 	Created window1 = Window(allowGUI=False, allowStencil=False, args=UNKNOWN, autoLog=True, bitsMode=UNKNOWN, blendMode='avg', color=array([0., 0., 0.]), colorSpace='rgb', fullscr=<method-wrapper '__getattribute__' of attributeSetter object at 0x0000016ACE1427B8>, gamma=None, gammaErrorPolicy='raise', kwargs=UNKNOWN, lms=UNKNOWN, monitor=<psychopy.monitors.calibTools.Monitor object at 0x0000016ACE17F6A0>, multiSample=False, name='window1', numSamples=2, pos=[0.0, 0.0], screen=1, size=array([1920, 1200]), stereo=False, units='norm', useFBO=True, useRetina=False, viewOri=0.0, viewPos=None, viewScale=None, waitBlanking=True, winType='pyglet')
3.7378 	EXP 	window1: recordFrameIntervals = False
3.9040 	EXP 	window1: recordFrameIntervals = True
4.0877 	EXP 	window1: recordFrameIntervals = False
4.3006 	EXP 	Created polygon_1 = Rect(__class__=<class 'psychopy.visual.rect.Rect'>, autoDraw=False, autoLog=True, closeShape=True, color=method-wrapper(...), colorSpace=None, contrast=1.0, depth=0.0, fillColor='black', fillColorSpace='named', fillRGB=array([0., 0., 0.]), interpolate=True, lineColor='black', lineColorSpace='named', lineRGB=array([0., 0., 0.]), lineWidth=1, name='polygon_1', opacity=1.0, ori=array(0.), pos=array([0., 0.]), size=array([1., 1.]), units='norm', vertices=ndarray(...), win=Window(...))
4.4614 	EXP 	Created descriptionText_1 = TextStim(__class__=<class 'psychopy.visual.text.TextStim'>, alignHoriz='center', alignVert='center', antialias=True, autoLog=True, bold=False, color='white', colorSpace='named', contrast=1.0, depth=-1.0, flipHoriz=False, flipVert=False, font='Arial', fontFiles=[], height=0.09, italic=False, languageStyle='LTR', name='descriptionText_1', opacity=1.0, ori=0, pos=array([0., 0.]), rgb=array([255., 255., 255.]), text=str(...), units='norm', win=Window(...), wrapWidth=1)
4.4621 	EXP 	Created fixation10 = Rect(__class__=<class 'psychopy.visual.rect.Rect'>, autoDraw=False, autoLog=True, closeShape=True, color=method-wrapper(...), colorSpace=None, contrast=1.0, depth=0.0, fillColor='black', fillColorSpace='named', fillRGB=array([0., 0., 0.]), interpolate=True, lineColor='black', lineColorSpace='named', lineRGB=array([0., 0., 0.]), lineWidth=1, name='fixation10', opacity=1.0, ori=array(0.), pos=array([0., 0.]), size=array([1., 1.]), units='norm', vertices=ndarray(...), win=Window(...))
4.4699 	EXP 	Created fixationImage10 = ImageStim(__class__=<class 'psychopy.visual.image.ImageStim'>, autoLog=True, color=array([1., 1., 1.]), colorSpace='rgb', contrast=1.0, depth=-1.0, flipHoriz=False, flipVert=False, image='./stimuli/images/fix.bmp', interpolate=True, mask=None, maskParams=None, name='fixationImage10', opacity=1.0, ori=0.0, pos=array([0., 0.]), size=array([1., 1.]), texRes=128, units='norm', win=Window(...))
4.4862 	EXP 	Created text = TextStim(__class__=<class 'psychopy.visual.text.TextStim'>, alignHoriz='center', alignVert='center', antialias=True, autoLog=True, bold=False, color='white', colorSpace='named', contrast=1.0, depth=-2.0, flipHoriz=False, flipVert=False, font='Arial', fontFiles=[], height=0.3, italic=False, languageStyle='LTR', name='text', opacity=1.0, ori=0, pos=array([ 0. , -0.7]), rgb=array([255., 255., 255.]), text='3 . . .', units='norm', win=Window(...), wrapWidth=1)
4.4965 	EXP 	Created text_2 = TextStim(__class__=<class 'psychopy.visual.text.TextStim'>, alignHoriz='center', alignVert='center', antialias=True, autoLog=True, bold=False, color='white', colorSpace='named', contrast=1.0, depth=-3.0, flipHoriz=False, flipVert=False, font='Arial', fontFiles=[], height=0.3, italic=False, languageStyle='LTR', name='text_2', opacity=1.0, ori=0, pos=array([ 0. , -0.7]), rgb=array([255., 255., 255.]), text='2 . .', units='norm', win=Window(...), wrapWidth=1)
4.5009 	EXP 	Created text_3 = TextStim(__class__=<class 'psychopy.visual.text.TextStim'>, alignHoriz='center', alignVert='center', antialias=True, autoLog=True, bold=False, color='white', colorSpace='named', contrast=1.0, depth=-4.0, flipHoriz=False, flipVert=False, font='Arial', fontFiles=[], height=0.3, italic=False, languageStyle='LTR', name='text_3', opacity=1.0, ori=0, pos=array([ 0. , -0.7]), rgb=array([255., 255., 255.]), text='1 .', units='norm', win=Window(...), wrapWidth=1)
4.5015 	EXP 	Created blackProc = Rect(__class__=<class 'psychopy.visual.rect.Rect'>, autoDraw=False, autoLog=True, closeShape=True, color=method-wrapper(...), colorSpace=None, contrast=1.0, depth=-1.0, fillColor='black', fillColorSpace='named', fillRGB=array([0., 0., 0.]), interpolate=True, lineColor='black', lineColorSpace='named', lineRGB=array([0., 0., 0.]), lineWidth=1, name='blackProc', opacity=1.0, ori=array(0.), pos=array([0., 0.]), size=array([1., 1.]), units='norm', vertices=ndarray(...), win=Window(...))
4.5021 	EXP 	Created greenProc = Rect(__class__=<class 'psychopy.visual.rect.Rect'>, autoDraw=False, autoLog=True, closeShape=True, color=method-wrapper(...), colorSpace=None, contrast=1.0, depth=-2.0, fillColor='green', fillColorSpace='named', fillRGB=array([  0., 128.,   0.]), interpolate=True, lineColor='green', lineColorSpace='named', lineRGB=array([  0., 128.,   0.]), lineWidth=1, name='greenProc', opacity=1.0, ori=array(0.), pos=array([0., 0.]), size=array([1., 1.]), units='norm', vertices=ndarray(...), win=Window(...))
4.5038 	EXP 	Created ProcTarget = ImageStim(__class__=<class 'psychopy.visual.image.ImageStim'>, autoLog=True, color=array([1., 1., 1.]), colorSpace='rgb', contrast=1.0, depth=-3.0, flipHoriz=False, flipVert=False, image='sin', interpolate=True, mask=None, maskParams=None, name='ProcTarget', opacity=1.0, ori=0.0, pos=array([-0.4,  0. ]), size=array([1., 1.]), texRes=128, units='norm', win=Window(...))
4.5054 	EXP 	Created ProcPicture = ImageStim(__class__=<class 'psychopy.visual.image.ImageStim'>, autoLog=True, color=array([1., 1., 1.]), colorSpace='rgb', contrast=1.0, depth=-4.0, flipHoriz=False, flipVert=False, image='sin', interpolate=True, mask=None, maskParams=None, name='ProcPicture', opacity=1.0, ori=0.0, pos=array([0.4, 0. ]), size=array([1., 1.]), texRes=128, units='norm', win=Window(...))
4.5059 	EXP 	Created blackWaitInterTrial = Rect(__class__=<class 'psychopy.visual.rect.Rect'>, autoDraw=False, autoLog=True, closeShape=True, color=method-wrapper(...), colorSpace=None, contrast=1.0, depth=0.0, fillColor='black', fillColorSpace='named', fillRGB=array([0., 0., 0.]), interpolate=True, lineColor='black', lineColorSpace='named', lineRGB=array([0., 0., 0.]), lineWidth=1, name='blackWaitInterTrial', opacity=1.0, ori=array(0.), pos=array([0., 0.]), size=array([1., 1.]), units='norm', vertices=ndarray(...), win=Window(...))
4.5110 	EXP 	Created whiteWaitInterTrial = ImageStim(__class__=<class 'psychopy.visual.image.ImageStim'>, autoLog=True, color=array([1., 1., 1.]), colorSpace='rgb', contrast=1.0, depth=-1.0, flipHoriz=False, flipVert=False, image='./stimuli/images/blank.bmp', interpolate=True, mask=None, maskParams=None, name='whiteWaitInterTrial', opacity=1.0, ori=0.0, pos=array([0., 0.]), size=array([1., 1.]), texRes=128, units='norm', win=Window(...))
4.5116 	EXP 	Created blackTrial = Rect(__class__=<class 'psychopy.visual.rect.Rect'>, autoDraw=False, autoLog=True, closeShape=True, color=method-wrapper(...), colorSpace=None, contrast=1.0, depth=-1.0, fillColor='black', fillColorSpace='named', fillRGB=array([0., 0., 0.]), interpolate=True, lineColor='black', lineColorSpace='named', lineRGB=array([0., 0., 0.]), lineWidth=1, name='blackTrial', opacity=1.0, ori=array(0.), pos=array([0., 0.]), size=array([1., 1.]), units='norm', vertices=ndarray(...), win=Window(...))
4.5122 	EXP 	Created whiteTrial = Rect(__class__=<class 'psychopy.visual.rect.Rect'>, autoDraw=False, autoLog=True, closeShape=True, color=method-wrapper(...), colorSpace=None, contrast=1.0, depth=-2.0, fillColor='white', fillColorSpace='named', fillRGB=array([255., 255., 255.]), interpolate=True, lineColor='white', lineColorSpace='named', lineRGB=array([255., 255., 255.]), lineWidth=1, name='whiteTrial', opacity=1.0, ori=array(0.), pos=array([0., 0.]), size=array([1., 1.]), units='norm', vertices=ndarray(...), win=Window(...))
4.5137 	EXP 	Created TrialPicture = ImageStim(__class__=<class 'psychopy.visual.image.ImageStim'>, autoLog=True, color=array([1., 1., 1.]), colorSpace='rgb', contrast=1.0, depth=-3.0, flipHoriz=False, flipVert=False, image='sin', interpolate=True, mask=None, maskParams=None, name='TrialPicture', opacity=1.0, ori=0.0, pos=array([0., 0.]), size=array([1., 1.]), texRes=128, units='norm', win=Window(...))
4.5146 	EXP 	Created green_1 = ShapeStim(__class__=<class 'psychopy.visual.shape.ShapeStim'>, autoDraw=False, autoLog=True, closeShape=True, contrast=1.0, depth=-6.0, fillColor='green', fillColorSpace='named', interpolate=True, lineColor='green', lineColorSpace='named', lineWidth=1, name='green_1', opacity=1.0, ori=array(0.), pos=array([0., 0.]), size=array([0.05, 0.05]), units='norm', vertices=ndarray(...), win=Window(...), windingRule=None)
4.5152 	EXP 	Created red_1 = Rect(__class__=<class 'psychopy.visual.rect.Rect'>, autoDraw=False, autoLog=True, closeShape=True, color=method-wrapper(...), colorSpace=None, contrast=1.0, depth=-7.0, fillColor='red', fillColorSpace='named', fillRGB=array([255.,   0.,   0.]), interpolate=True, lineColor='red', lineColorSpace='named', lineRGB=array([255.,   0.,   0.]), lineWidth=1, name='red_1', opacity=1.0, ori=array(0.), pos=array([0., 0.]), size=array([1., 1.]), units='norm', vertices=ndarray(...), win=Window(...))
4.5157 	EXP 	Created blackWaitInterTrial_2 = Rect(__class__=<class 'psychopy.visual.rect.Rect'>, autoDraw=False, autoLog=True, closeShape=True, color=method-wrapper(...), colorSpace=None, contrast=1.0, depth=-1.0, fillColor='black', fillColorSpace='named', fillRGB=array([0., 0., 0.]), interpolate=True, lineColor='black', lineColorSpace='named', lineRGB=array([0., 0., 0.]), lineWidth=1, name='blackWaitInterTrial_2', opacity=1.0, ori=array(0.), pos=array([0., 0.]), size=array([1., 1.]), units='norm', vertices=ndarray(...), win=Window(...))
4.5217 	EXP 	Created whiteWaitInterTrial_2 = ImageStim(__class__=<class 'psychopy.visual.image.ImageStim'>, autoLog=True, color=array([1., 1., 1.]), colorSpace='rgb', contrast=1.0, depth=-2.0, flipHoriz=False, flipVert=False, image='./stimuli/images/blank.bmp', interpolate=True, mask=None, maskParams=None, name='whiteWaitInterTrial_2', opacity=1.0, ori=0.0, pos=array([0., 0.]), size=array([1., 1.]), texRes=128, units='norm', win=Window(...))
4.5222 	EXP 	Created green_fb_1 = ShapeStim(__class__=<class 'psychopy.visual.shape.ShapeStim'>, autoDraw=False, autoLog=True, closeShape=True, contrast=1.0, depth=-3.0, fillColor='green', fillColorSpace='named', interpolate=True, lineColor='green', lineColorSpace='named', lineWidth=1, name='green_fb_1', opacity=1.0, ori=array(0.), pos=array([0., 0.]), size=array([1., 1.]), units='norm', vertices=ndarray(...), win=Window(...), windingRule=None)
4.5228 	EXP 	Created red_fb_1 = Rect(__class__=<class 'psychopy.visual.rect.Rect'>, autoDraw=False, autoLog=True, closeShape=True, color=method-wrapper(...), colorSpace=None, contrast=1.0, depth=-4.0, fillColor='red', fillColorSpace='named', fillRGB=array([255.,   0.,   0.]), interpolate=True, lineColor='red', lineColorSpace='named', lineRGB=array([255.,   0.,   0.]), lineWidth=1, name='red_fb_1', opacity=1.0, ori=array(0.), pos=array([0., 0.]), size=array([1., 1.]), units='norm', vertices=ndarray(...), win=Window(...))
4.5233 	EXP 	Created fixation = Rect(__class__=<class 'psychopy.visual.rect.Rect'>, autoDraw=False, autoLog=True, closeShape=True, color=method-wrapper(...), colorSpace=None, contrast=1.0, depth=0.0, fillColor='black', fillColorSpace='named', fillRGB=array([0., 0., 0.]), interpolate=True, lineColor='black', lineColorSpace='named', lineRGB=array([0., 0., 0.]), lineWidth=1, name='fixation', opacity=1.0, ori=array(0.), pos=array([0., 0.]), size=array([1., 1.]), units='norm', vertices=ndarray(...), win=Window(...))
4.5284 	EXP 	Created fixationImage = ImageStim(__class__=<class 'psychopy.visual.image.ImageStim'>, autoLog=True, color=array([1., 1., 1.]), colorSpace='rgb', contrast=1.0, depth=-1.0, flipHoriz=False, flipVert=False, image='./stimuli/images/fix.bmp', interpolate=True, mask=None, maskParams=None, name='fixationImage', opacity=1.0, ori=0.0, pos=array([0., 0.]), size=array([1., 1.]), texRes=128, units='norm', win=Window(...))
4.5290 	EXP 	Created polygon_end = Rect(__class__=<class 'psychopy.visual.rect.Rect'>, autoDraw=False, autoLog=True, closeShape=True, color=method-wrapper(...), colorSpace=None, contrast=1.0, depth=0.0, fillColor='black', fillColorSpace='named', fillRGB=array([0., 0., 0.]), interpolate=True, lineColor='black', lineColorSpace='named', lineRGB=array([0., 0., 0.]), lineWidth=1, name='polygon_end', opacity=1.0, ori=array(0.), pos=array([0., 0.]), size=array([1., 1.]), units='norm', vertices=ndarray(...), win=Window(...))
4.5462 	EXP 	Created end_text = TextStim(__class__=<class 'psychopy.visual.text.TextStim'>, alignHoriz='center', alignVert='center', antialias=True, autoLog=True, bold=False, color='white', colorSpace='named', contrast=1.0, depth=-1.0, flipHoriz=False, flipVert=False, font='Arial', fontFiles=[], height=0.1, italic=False, languageStyle='LTR', name='end_text', opacity=1.0, ori=0, pos=array([0., 0.]), rgb=array([255., 255., 255.]), text='That completes Round 1 of the task', units='norm', win=Window(...), wrapWidth=1)
4.5468 	EXP 	Created polygon_15 = Rect(__class__=<class 'psychopy.visual.rect.Rect'>, autoDraw=False, autoLog=True, closeShape=True, color=method-wrapper(...), colorSpace=None, contrast=1.0, depth=0.0, fillColor='black', fillColorSpace='named', fillRGB=array([0., 0., 0.]), interpolate=True, lineColor='black', lineColorSpace='named', lineRGB=array([0., 0., 0.]), lineWidth=1, name='polygon_15', opacity=1.0, ori=array(0.), pos=array([0., 0.]), size=array([1., 1.]), units='norm', vertices=ndarray(...), win=Window(...))
4.5856 	EXP 	Created descriptionText_15 = TextStim(__class__=<class 'psychopy.visual.text.TextStim'>, alignHoriz='center', alignVert='center', antialias=True, autoLog=True, bold=False, color='white', colorSpace='named', contrast=1.0, depth=-1.0, flipHoriz=False, flipVert=False, font='Arial', fontFiles=[], height=0.09, italic=False, languageStyle='LTR', name='descriptionText_15', opacity=1.0, ori=0, pos=array([0., 0.]), rgb=array([255., 255., 255.]), text=str(...), units='norm', win=Window(...), wrapWidth=1)
4.5863 	EXP 	Created fixation10 = Rect(__class__=<class 'psychopy.visual.rect.Rect'>, autoDraw=False, autoLog=True, closeShape=True, color=method-wrapper(...), colorSpace=None, contrast=1.0, depth=0.0, fillColor='black', fillColorSpace='named', fillRGB=array([0., 0., 0.]), interpolate=True, lineColor='black', lineColorSpace='named', lineRGB=array([0., 0., 0.]), lineWidth=1, name='fixation10', opacity=1.0, ori=array(0.), pos=array([0., 0.]), size=array([1., 1.]), units='norm', vertices=ndarray(...), win=Window(...))
4.6037 	EXP 	Created fixationImage10 = ImageStim(__class__=<class 'psychopy.visual.image.ImageStim'>, autoLog=True, color=array([1., 1., 1.]), colorSpace='rgb', contrast=1.0, depth=-1.0, flipHoriz=False, flipVert=False, image='./stimuli/images/fix.bmp', interpolate=True, mask=None, maskParams=None, name='fixationImage10', opacity=1.0, ori=0.0, pos=array([0., 0.]), size=array([1., 1.]), texRes=128, units='norm', win=Window(...))
4.6063 	EXP 	Created text = TextStim(__class__=<class 'psychopy.visual.text.TextStim'>, alignHoriz='center', alignVert='center', antialias=True, autoLog=True, bold=False, color='white', colorSpace='named', contrast=1.0, depth=-2.0, flipHoriz=False, flipVert=False, font='Arial', fontFiles=[], height=0.3, italic=False, languageStyle='LTR', name='text', opacity=1.0, ori=0, pos=array([ 0. , -0.7]), rgb=array([255., 255., 255.]), text='3 . . .', units='norm', win=Window(...), wrapWidth=1)
4.6088 	EXP 	Created text_2 = TextStim(__class__=<class 'psychopy.visual.text.TextStim'>, alignHoriz='center', alignVert='center', antialias=True, autoLog=True, bold=False, color='white', colorSpace='named', contrast=1.0, depth=-3.0, flipHoriz=False, flipVert=False, font='Arial', fontFiles=[], height=0.3, italic=False, languageStyle='LTR', name='text_2', opacity=1.0, ori=0, pos=array([ 0. , -0.7]), rgb=array([255., 255., 255.]), text='2 . .', units='norm', win=Window(...), wrapWidth=1)
4.6109 	EXP 	Created text_3 = TextStim(__class__=<class 'psychopy.visual.text.TextStim'>, alignHoriz='center', alignVert='center', antialias=True, autoLog=True, bold=False, color='white', colorSpace='named', contrast=1.0, depth=-4.0, flipHoriz=False, flipVert=False, font='Arial', fontFiles=[], height=0.3, italic=False, languageStyle='LTR', name='text_3', opacity=1.0, ori=0, pos=array([ 0. , -0.7]), rgb=array([255., 255., 255.]), text='1 .', units='norm', win=Window(...), wrapWidth=1)
4.6115 	EXP 	Created blackProc_2 = Rect(__class__=<class 'psychopy.visual.rect.Rect'>, autoDraw=False, autoLog=True, closeShape=True, color=method-wrapper(...), colorSpace=None, contrast=1.0, depth=-1.0, fillColor='black', fillColorSpace='named', fillRGB=array([0., 0., 0.]), interpolate=True, lineColor='black', lineColorSpace='named', lineRGB=array([0., 0., 0.]), lineWidth=1, name='blackProc_2', opacity=1.0, ori=array(0.), pos=array([0., 0.]), size=array([1., 1.]), units='norm', vertices=ndarray(...), win=Window(...))
4.6120 	EXP 	Created greenProc_2 = Rect(__class__=<class 'psychopy.visual.rect.Rect'>, autoDraw=False, autoLog=True, closeShape=True, color=method-wrapper(...), colorSpace=None, contrast=1.0, depth=-2.0, fillColor='green', fillColorSpace='named', fillRGB=array([  0., 128.,   0.]), interpolate=True, lineColor='green', lineColorSpace='named', lineRGB=array([  0., 128.,   0.]), lineWidth=1, name='greenProc_2', opacity=1.0, ori=array(0.), pos=array([0., 0.]), size=array([1., 1.]), units='norm', vertices=ndarray(...), win=Window(...))
4.6137 	EXP 	Created ProcTarget_2 = ImageStim(__class__=<class 'psychopy.visual.image.ImageStim'>, autoLog=True, color=array([1., 1., 1.]), colorSpace='rgb', contrast=1.0, depth=-3.0, flipHoriz=False, flipVert=False, image='sin', interpolate=True, mask=None, maskParams=None, name='ProcTarget_2', opacity=1.0, ori=0.0, pos=array([-0.4,  0. ]), size=array([1., 1.]), texRes=128, units='norm', win=Window(...))
4.6152 	EXP 	Created ProcPicture_2 = ImageStim(__class__=<class 'psychopy.visual.image.ImageStim'>, autoLog=True, color=array([1., 1., 1.]), colorSpace='rgb', contrast=1.0, depth=-4.0, flipHoriz=False, flipVert=False, image='sin', interpolate=True, mask=None, maskParams=None, name='ProcPicture_2', opacity=1.0, ori=0.0, pos=array([0.4, 0. ]), size=array([1., 1.]), texRes=128, units='norm', win=Window(...))
4.6158 	EXP 	Created blackWaitInterTrial_3 = Rect(__class__=<class 'psychopy.visual.rect.Rect'>, autoDraw=False, autoLog=True, closeShape=True, color=method-wrapper(...), colorSpace=None, contrast=1.0, depth=0.0, fillColor='black', fillColorSpace='named', fillRGB=array([0., 0., 0.]), interpolate=True, lineColor='black', lineColorSpace='named', lineRGB=array([0., 0., 0.]), lineWidth=1, name='blackWaitInterTrial_3', opacity=1.0, ori=array(0.), pos=array([0., 0.]), size=array([1., 1.]), units='norm', vertices=ndarray(...), win=Window(...))
4.6210 	EXP 	Created whiteWaitInterTrial_3 = ImageStim(__class__=<class 'psychopy.visual.image.ImageStim'>, autoLog=True, color=array([1., 1., 1.]), colorSpace='rgb', contrast=1.0, depth=-1.0, flipHoriz=False, flipVert=False, image='./stimuli/images/blank.bmp', interpolate=True, mask=None, maskParams=None, name='whiteWaitInterTrial_3', opacity=1.0, ori=0.0, pos=array([0., 0.]), size=array([1., 1.]), texRes=128, units='norm', win=Window(...))
4.6215 	EXP 	Created blackTrial_2 = Rect(__class__=<class 'psychopy.visual.rect.Rect'>, autoDraw=False, autoLog=True, closeShape=True, color=method-wrapper(...), colorSpace=None, contrast=1.0, depth=-1.0, fillColor='black', fillColorSpace='named', fillRGB=array([0., 0., 0.]), interpolate=True, lineColor='black', lineColorSpace='named', lineRGB=array([0., 0., 0.]), lineWidth=1, name='blackTrial_2', opacity=1.0, ori=array(0.), pos=array([0., 0.]), size=array([1., 1.]), units='norm', vertices=ndarray(...), win=Window(...))
4.6221 	EXP 	Created whiteTrial_2 = Rect(__class__=<class 'psychopy.visual.rect.Rect'>, autoDraw=False, autoLog=True, closeShape=True, color=method-wrapper(...), colorSpace=None, contrast=1.0, depth=-2.0, fillColor='white', fillColorSpace='named', fillRGB=array([255., 255., 255.]), interpolate=True, lineColor='white', lineColorSpace='named', lineRGB=array([255., 255., 255.]), lineWidth=1, name='whiteTrial_2', opacity=1.0, ori=array(0.), pos=array([0., 0.]), size=array([1., 1.]), units='norm', vertices=ndarray(...), win=Window(...))
4.6235 	EXP 	Created TrialPicture_2 = ImageStim(__class__=<class 'psychopy.visual.image.ImageStim'>, autoLog=True, color=array([1., 1., 1.]), colorSpace='rgb', contrast=1.0, depth=-3.0, flipHoriz=False, flipVert=False, image='sin', interpolate=True, mask=None, maskParams=None, name='TrialPicture_2', opacity=1.0, ori=0.0, pos=array([0., 0.]), size=array([1., 1.]), texRes=128, units='norm', win=Window(...))
4.6245 	EXP 	Created green_2 = ShapeStim(__class__=<class 'psychopy.visual.shape.ShapeStim'>, autoDraw=False, autoLog=True, closeShape=True, contrast=1.0, depth=-6.0, fillColor='green', fillColorSpace='named', interpolate=True, lineColor='green', lineColorSpace='named', lineWidth=1, name='green_2', opacity=1.0, ori=array(0.), pos=array([0., 0.]), size=array([0.05, 0.05]), units='norm', vertices=ndarray(...), win=Window(...), windingRule=None)
4.6250 	EXP 	Created red_2 = Rect(__class__=<class 'psychopy.visual.rect.Rect'>, autoDraw=False, autoLog=True, closeShape=True, color=method-wrapper(...), colorSpace=None, contrast=1.0, depth=-7.0, fillColor='red', fillColorSpace='named', fillRGB=array([255.,   0.,   0.]), interpolate=True, lineColor='red', lineColorSpace='named', lineRGB=array([255.,   0.,   0.]), lineWidth=1, name='red_2', opacity=1.0, ori=array(0.), pos=array([0., 0.]), size=array([1., 1.]), units='norm', vertices=ndarray(...), win=Window(...))
4.6255 	EXP 	Created blackWaitInterTrial_4 = Rect(__class__=<class 'psychopy.visual.rect.Rect'>, autoDraw=False, autoLog=True, closeShape=True, color=method-wrapper(...), colorSpace=None, contrast=1.0, depth=-1.0, fillColor='black', fillColorSpace='named', fillRGB=array([0., 0., 0.]), interpolate=True, lineColor='black', lineColorSpace='named', lineRGB=array([0., 0., 0.]), lineWidth=1, name='blackWaitInterTrial_4', opacity=1.0, ori=array(0.), pos=array([0., 0.]), size=array([1., 1.]), units='norm', vertices=ndarray(...), win=Window(...))
4.6312 	EXP 	Created whiteWaitInterTrial_4 = ImageStim(__class__=<class 'psychopy.visual.image.ImageStim'>, autoLog=True, color=array([1., 1., 1.]), colorSpace='rgb', contrast=1.0, depth=-2.0, flipHoriz=False, flipVert=False, image='./stimuli/images/blank.bmp', interpolate=True, mask=None, maskParams=None, name='whiteWaitInterTrial_4', opacity=1.0, ori=0.0, pos=array([0., 0.]), size=array([1., 1.]), texRes=128, units='norm', win=Window(...))
4.6318 	EXP 	Created green_fb_2 = ShapeStim(__class__=<class 'psychopy.visual.shape.ShapeStim'>, autoDraw=False, autoLog=True, closeShape=True, contrast=1.0, depth=-3.0, fillColor='green', fillColorSpace='named', interpolate=True, lineColor='green', lineColorSpace='named', lineWidth=1, name='green_fb_2', opacity=1.0, ori=array(0.), pos=array([0., 0.]), size=array([1., 1.]), units='norm', vertices=ndarray(...), win=Window(...), windingRule=None)
4.6323 	EXP 	Created red_fb_2 = Rect(__class__=<class 'psychopy.visual.rect.Rect'>, autoDraw=False, autoLog=True, closeShape=True, color=method-wrapper(...), colorSpace=None, contrast=1.0, depth=-4.0, fillColor='red', fillColorSpace='named', fillRGB=array([255.,   0.,   0.]), interpolate=True, lineColor='red', lineColorSpace='named', lineRGB=array([255.,   0.,   0.]), lineWidth=1, name='red_fb_2', opacity=1.0, ori=array(0.), pos=array([0., 0.]), size=array([1., 1.]), units='norm', vertices=ndarray(...), win=Window(...))
4.6329 	EXP 	Created fixation_2 = Rect(__class__=<class 'psychopy.visual.rect.Rect'>, autoDraw=False, autoLog=True, closeShape=True, color=method-wrapper(...), colorSpace=None, contrast=1.0, depth=0.0, fillColor='black', fillColorSpace='named', fillRGB=array([0., 0., 0.]), interpolate=True, lineColor='black', lineColorSpace='named', lineRGB=array([0., 0., 0.]), lineWidth=1, name='fixation_2', opacity=1.0, ori=array(0.), pos=array([0., 0.]), size=array([1., 1.]), units='norm', vertices=ndarray(...), win=Window(...))
4.6381 	EXP 	Created fixationImage_2 = ImageStim(__class__=<class 'psychopy.visual.image.ImageStim'>, autoLog=True, color=array([1., 1., 1.]), colorSpace='rgb', contrast=1.0, depth=-1.0, flipHoriz=False, flipVert=False, image='./stimuli/images/fix.bmp', interpolate=True, mask=None, maskParams=None, name='fixationImage_2', opacity=1.0, ori=0.0, pos=array([0., 0.]), size=array([1., 1.]), texRes=128, units='norm', win=Window(...))
4.6387 	EXP 	Created polygon_end_2 = Rect(__class__=<class 'psychopy.visual.rect.Rect'>, autoDraw=False, autoLog=True, closeShape=True, color=method-wrapper(...), colorSpace=None, contrast=1.0, depth=0.0, fillColor='black', fillColorSpace='named', fillRGB=array([0., 0., 0.]), interpolate=True, lineColor='black', lineColorSpace='named', lineRGB=array([0., 0., 0.]), lineWidth=1, name='polygon_end_2', opacity=1.0, ori=array(0.), pos=array([0., 0.]), size=array([1., 1.]), units='norm', vertices=ndarray(...), win=Window(...))
4.6462 	EXP 	Created end_text_2 = TextStim(__class__=<class 'psychopy.visual.text.TextStim'>, alignHoriz='center', alignVert='center', antialias=True, autoLog=True, bold=False, color='white', colorSpace='named', contrast=1.0, depth=-1.0, flipHoriz=False, flipVert=False, font='Arial', fontFiles=[], height=0.1, italic=False, languageStyle='LTR', name='end_text_2', opacity=1.0, ori=0, pos=array([0., 0.]), rgb=array([255., 255., 255.]), text='Thank you for your participation!', units='norm', win=Window(...), wrapWidth=1)
5.1119 	WARNING 	Hamming was requested using the 'pygame' sound library but hamming is not supported there.
5.1123 	EXP 	Set sound_1 sound=./lib/sound/bird.wav
5.1123 	WARNING 	Hamming was requested using the 'pygame' sound library but hamming is not supported there.
5.1125 	EXP 	Set sound_2 sound=./lib/sound/bang.wav
5.1550 	EXP 	polygon_1: autoDraw = True
5.1550 	EXP 	descriptionText_1: autoDraw = True
5.7270 	DATA 	Keypress: space
5.7556 	EXP 	polygon_1: autoDraw = False
5.7556 	EXP 	descriptionText_1: autoDraw = False
5.7556 	EXP 	fixationImage10: size = array([0.75, 1.  ])
5.7556 	EXP 	fixation10: autoDraw = True
5.7556 	EXP 	fixationImage10: autoDraw = True
5.7556 	EXP 	text: autoDraw = True
6.7398 	EXP 	text_2: autoDraw = True
6.7564 	EXP 	text: autoDraw = False
7.7407 	EXP 	text_2: autoDraw = False
7.7407 	EXP 	text_3: autoDraw = True
8.1949 	DATA 	Mouse: wheel shift=(0,1), pos=(95,817)
8.7420 	EXP 	text_3: autoDraw = False
8.7439 	EXP 	Created sequence: sequential, trialTypes=1, nReps=1, seed=None
8.7441 	EXP 	New trial (rep=0, index=0): None
8.7750 	EXP 	fixation10: autoDraw = False
8.7750 	EXP 	fixationImage10: autoDraw = False
8.7750 	EXP 	fixation10: autoDraw = False
8.7750 	EXP 	fixationImage10: autoDraw = False
8.7750 	EXP 	text: autoDraw = False
8.7750 	EXP 	text_2: autoDraw = False
8.7750 	EXP 	text_3: autoDraw = False
8.7750 	EXP 	greenProc: size = array([1.6, 1.2])
8.7750 	EXP 	ProcTarget: size = array([0.75, 1.  ])
8.7750 	EXP 	ProcTarget: image = './stimuli/images/205.bmp'
8.7750 	EXP 	ProcPicture: size = array([0.75, 1.  ])
8.7750 	EXP 	ProcPicture: image = './stimuli/images/142.bmp'
8.7750 	EXP 	blackProc: autoDraw = True
8.7750 	EXP 	greenProc: autoDraw = True
8.7750 	EXP 	ProcTarget: autoDraw = True
8.7750 	EXP 	ProcPicture: autoDraw = True
12.2781 	EXP 	blackProc: autoDraw = False
12.2781 	EXP 	greenProc: autoDraw = False
12.2781 	EXP 	ProcTarget: autoDraw = False
12.2781 	EXP 	ProcPicture: autoDraw = False
12.2781 	EXP 	blackProc: autoDraw = False
12.2781 	EXP 	greenProc: autoDraw = False
12.2781 	EXP 	ProcTarget: autoDraw = False
12.2781 	EXP 	ProcPicture: autoDraw = False
12.2781 	EXP 	whiteWaitInterTrial: size = array([0.75, 1.  ])
12.2781 	EXP 	blackWaitInterTrial: autoDraw = True
12.2781 	EXP 	whiteWaitInterTrial: autoDraw = True
13.7654 	EXP 	Created sequence: sequential, trialTypes=1, nReps=20, seed=None
13.7657 	EXP 	New trial (rep=0, index=0): None
13.7961 	EXP 	blackWaitInterTrial: autoDraw = False
13.7961 	EXP 	whiteWaitInterTrial: autoDraw = False
13.7961 	EXP 	blackWaitInterTrial: autoDraw = False
13.7961 	EXP 	whiteWaitInterTrial: autoDraw = False
13.7961 	EXP 	TrialPicture: size = array([0.75, 1.  ])
13.7961 	EXP 	TrialPicture: image = './stimuli/images/142.bmp'
13.7961 	EXP 	blackTrial: autoDraw = True
13.7961 	EXP 	whiteTrial: autoDraw = True
13.7961 	EXP 	TrialPicture: autoDraw = True
13.7961 	EXP 	green_1: autoDraw = True
13.7961 	EXP 	red_1: autoDraw = True
14.7970 	EXP 	blackTrial: autoDraw = False
14.7970 	EXP 	whiteTrial: autoDraw = False
14.7970 	EXP 	TrialPicture: autoDraw = False
14.7970 	EXP 	green_1: autoDraw = False
14.7970 	EXP 	red_1: autoDraw = False
14.7970 	EXP 	blackTrial: autoDraw = False
14.7970 	EXP 	whiteTrial: autoDraw = False
14.7970 	EXP 	TrialPicture: autoDraw = False
14.7970 	EXP 	green_1: autoDraw = False
14.7970 	EXP 	red_1: autoDraw = False
14.7970 	EXP 	whiteWaitInterTrial_2: size = array([0.75, 1.  ])
14.7970 	EXP 	blackWaitInterTrial_2: autoDraw = True
14.7970 	EXP 	whiteWaitInterTrial_2: autoDraw = True
14.7970 	EXP 	green_fb_1: autoDraw = True
14.7970 	EXP 	red_fb_1: autoDraw = True
16.5855 	EXP 	New trial (rep=1, index=0): None
16.6153 	EXP 	blackWaitInterTrial_2: autoDraw = False
16.6153 	EXP 	whiteWaitInterTrial_2: autoDraw = False
16.6153 	EXP 	green_fb_1: autoDraw = False
16.6153 	EXP 	red_fb_1: autoDraw = False
16.6153 	EXP 	blackWaitInterTrial_2: autoDraw = False
16.6153 	EXP 	whiteWaitInterTrial_2: autoDraw = False
16.6153 	EXP 	green_fb_1: autoDraw = False
16.6153 	EXP 	red_fb_1: autoDraw = False
16.6153 	EXP 	TrialPicture: size = array([0.75, 1.  ])
16.6153 	EXP 	TrialPicture: image = './stimuli/images/186.bmp'
16.6153 	EXP 	blackTrial: autoDraw = True
16.6153 	EXP 	whiteTrial: autoDraw = True
16.6153 	EXP 	TrialPicture: autoDraw = True
16.6153 	EXP 	green_1: autoDraw = True
16.6153 	EXP 	red_1: autoDraw = True
17.6161 	EXP 	blackTrial: autoDraw = False
17.6161 	EXP 	whiteTrial: autoDraw = False
17.6161 	EXP 	TrialPicture: autoDraw = False
17.6161 	EXP 	green_1: autoDraw = False
17.6161 	EXP 	red_1: autoDraw = False
17.6161 	EXP 	blackTrial: autoDraw = False
17.6161 	EXP 	whiteTrial: autoDraw = False
17.6161 	EXP 	TrialPicture: autoDraw = False
17.6161 	EXP 	green_1: autoDraw = False
17.6161 	EXP 	red_1: autoDraw = False
17.6161 	EXP 	whiteWaitInterTrial_2: size = array([0.75, 1.  ])
17.6161 	EXP 	blackWaitInterTrial_2: autoDraw = True
17.6161 	EXP 	whiteWaitInterTrial_2: autoDraw = True
17.6161 	EXP 	green_fb_1: autoDraw = True
17.6161 	EXP 	red_fb_1: autoDraw = True
19.4057 	EXP 	New trial (rep=2, index=0): None
19.4344 	EXP 	blackWaitInterTrial_2: autoDraw = False
19.4344 	EXP 	whiteWaitInterTrial_2: autoDraw = False
19.4344 	EXP 	green_fb_1: autoDraw = False
19.4344 	EXP 	red_fb_1: autoDraw = False
19.4344 	EXP 	blackWaitInterTrial_2: autoDraw = False
19.4344 	EXP 	whiteWaitInterTrial_2: autoDraw = False
19.4344 	EXP 	green_fb_1: autoDraw = False
19.4344 	EXP 	red_fb_1: autoDraw = False
19.4344 	EXP 	TrialPicture: size = array([0.75, 1.  ])
19.4344 	EXP 	TrialPicture: image = './stimuli/images/205.bmp'
19.4344 	EXP 	blackTrial: autoDraw = True
19.4344 	EXP 	whiteTrial: autoDraw = True
19.4344 	EXP 	TrialPicture: autoDraw = True
19.4344 	EXP 	green_1: autoDraw = True
19.4344 	EXP 	red_1: autoDraw = True
20.4353 	EXP 	blackTrial: autoDraw = False
20.4353 	EXP 	whiteTrial: autoDraw = False
20.4353 	EXP 	TrialPicture: autoDraw = False
20.4353 	EXP 	green_1: autoDraw = False
20.4353 	EXP 	red_1: autoDraw = False
20.4353 	EXP 	blackTrial: autoDraw = False
20.4353 	EXP 	whiteTrial: autoDraw = False
20.4353 	EXP 	TrialPicture: autoDraw = False
20.4353 	EXP 	green_1: autoDraw = False
20.4353 	EXP 	red_1: autoDraw = False
20.4353 	EXP 	whiteWaitInterTrial_2: size = array([0.75, 1.  ])
20.4353 	EXP 	blackWaitInterTrial_2: autoDraw = True
20.4353 	EXP 	whiteWaitInterTrial_2: autoDraw = True
20.4353 	EXP 	green_fb_1: autoDraw = True
20.4353 	EXP 	red_fb_1: autoDraw = True
22.1227 	EXP 	New trial (rep=3, index=0): None
22.1367 	EXP 	blackWaitInterTrial_2: autoDraw = False
22.1367 	EXP 	whiteWaitInterTrial_2: autoDraw = False
22.1367 	EXP 	green_fb_1: autoDraw = False
22.1367 	EXP 	red_fb_1: autoDraw = False
22.1367 	EXP 	blackWaitInterTrial_2: autoDraw = False
22.1367 	EXP 	whiteWaitInterTrial_2: autoDraw = False
22.1367 	EXP 	green_fb_1: autoDraw = False
22.1367 	EXP 	red_fb_1: autoDraw = False
22.1367 	EXP 	TrialPicture: size = array([0.75, 1.  ])
22.1367 	EXP 	TrialPicture: image = './stimuli/images/149.bmp'
22.1367 	EXP 	blackTrial: autoDraw = True
22.1367 	EXP 	whiteTrial: autoDraw = True
22.1367 	EXP 	TrialPicture: autoDraw = True
22.1367 	EXP 	green_1: autoDraw = True
22.1367 	EXP 	red_1: autoDraw = True
23.1376 	EXP 	blackTrial: autoDraw = False
23.1376 	EXP 	whiteTrial: autoDraw = False
23.1376 	EXP 	TrialPicture: autoDraw = False
23.1376 	EXP 	green_1: autoDraw = False
23.1376 	EXP 	red_1: autoDraw = False
23.1376 	EXP 	blackTrial: autoDraw = False
23.1376 	EXP 	whiteTrial: autoDraw = False
23.1376 	EXP 	TrialPicture: autoDraw = False
23.1376 	EXP 	green_1: autoDraw = False
23.1376 	EXP 	red_1: autoDraw = False
23.1376 	EXP 	whiteWaitInterTrial_2: size = array([0.75, 1.  ])
23.1376 	EXP 	blackWaitInterTrial_2: autoDraw = True
23.1376 	EXP 	whiteWaitInterTrial_2: autoDraw = True
23.1376 	EXP 	green_fb_1: autoDraw = True
23.1376 	EXP 	red_fb_1: autoDraw = True
24.7247 	EXP 	New trial (rep=4, index=0): None
24.7390 	EXP 	blackWaitInterTrial_2: autoDraw = False
24.7390 	EXP 	whiteWaitInterTrial_2: autoDraw = False
24.7390 	EXP 	green_fb_1: autoDraw = False
24.7390 	EXP 	red_fb_1: autoDraw = False
24.7390 	EXP 	blackWaitInterTrial_2: autoDraw = False
24.7390 	EXP 	whiteWaitInterTrial_2: autoDraw = False
24.7390 	EXP 	green_fb_1: autoDraw = False
24.7390 	EXP 	red_fb_1: autoDraw = False
24.7390 	EXP 	TrialPicture: size = array([0.75, 1.  ])
24.7390 	EXP 	TrialPicture: image = './stimuli/images/142.bmp'
24.7390 	EXP 	blackTrial: autoDraw = True
24.7390 	EXP 	whiteTrial: autoDraw = True
24.7390 	EXP 	TrialPicture: autoDraw = True
24.7390 	EXP 	green_1: autoDraw = True
24.7390 	EXP 	red_1: autoDraw = True
25.7398 	EXP 	blackTrial: autoDraw = False
25.7398 	EXP 	whiteTrial: autoDraw = False
25.7398 	EXP 	TrialPicture: autoDraw = False
25.7398 	EXP 	green_1: autoDraw = False
25.7398 	EXP 	red_1: autoDraw = False
25.7398 	EXP 	blackTrial: autoDraw = False
25.7398 	EXP 	whiteTrial: autoDraw = False
25.7398 	EXP 	TrialPicture: autoDraw = False
25.7398 	EXP 	green_1: autoDraw = False
25.7398 	EXP 	red_1: autoDraw = False
25.7398 	EXP 	whiteWaitInterTrial_2: size = array([0.75, 1.  ])
25.7398 	EXP 	blackWaitInterTrial_2: autoDraw = True
25.7398 	EXP 	whiteWaitInterTrial_2: autoDraw = True
25.7398 	EXP 	green_fb_1: autoDraw = True
25.7398 	EXP 	red_fb_1: autoDraw = True
27.3281 	EXP 	New trial (rep=5, index=0): None
27.3580 	EXP 	blackWaitInterTrial_2: autoDraw = False
27.3580 	EXP 	whiteWaitInterTrial_2: autoDraw = False
27.3580 	EXP 	green_fb_1: autoDraw = False
27.3580 	EXP 	red_fb_1: autoDraw = False
27.3580 	EXP 	blackWaitInterTrial_2: autoDraw = False
27.3580 	EXP 	whiteWaitInterTrial_2: autoDraw = False
27.3580 	EXP 	green_fb_1: autoDraw = False
27.3580 	EXP 	red_fb_1: autoDraw = False
27.3580 	EXP 	TrialPicture: size = array([0.75, 1.  ])
27.3580 	EXP 	TrialPicture: image = './stimuli/images/205.bmp'
27.3580 	EXP 	blackTrial: autoDraw = True
27.3580 	EXP 	whiteTrial: autoDraw = True
27.3580 	EXP 	TrialPicture: autoDraw = True
27.3580 	EXP 	green_1: autoDraw = True
27.3580 	EXP 	red_1: autoDraw = True
28.3588 	EXP 	blackTrial: autoDraw = False
28.3588 	EXP 	whiteTrial: autoDraw = False
28.3588 	EXP 	TrialPicture: autoDraw = False
28.3588 	EXP 	green_1: autoDraw = False
28.3588 	EXP 	red_1: autoDraw = False
28.3588 	EXP 	blackTrial: autoDraw = False
28.3588 	EXP 	whiteTrial: autoDraw = False
28.3588 	EXP 	TrialPicture: autoDraw = False
28.3588 	EXP 	green_1: autoDraw = False
28.3588 	EXP 	red_1: autoDraw = False
28.3588 	EXP 	whiteWaitInterTrial_2: size = array([0.75, 1.  ])
28.3588 	EXP 	blackWaitInterTrial_2: autoDraw = True
28.3588 	EXP 	whiteWaitInterTrial_2: autoDraw = True
28.3588 	EXP 	green_fb_1: autoDraw = True
28.3588 	EXP 	red_fb_1: autoDraw = True
30.1462 	EXP 	New trial (rep=6, index=0): None
30.1604 	EXP 	blackWaitInterTrial_2: autoDraw = False
30.1604 	EXP 	whiteWaitInterTrial_2: autoDraw = False
30.1604 	EXP 	green_fb_1: autoDraw = False
30.1604 	EXP 	red_fb_1: autoDraw = False
30.1604 	EXP 	blackWaitInterTrial_2: autoDraw = False
30.1604 	EXP 	whiteWaitInterTrial_2: autoDraw = False
30.1604 	EXP 	green_fb_1: autoDraw = False
30.1604 	EXP 	red_fb_1: autoDraw = False
30.1604 	EXP 	TrialPicture: size = array([0.75, 1.  ])
30.1604 	EXP 	TrialPicture: image = './stimuli/images/149.bmp'
30.1604 	EXP 	blackTrial: autoDraw = True
30.1604 	EXP 	whiteTrial: autoDraw = True
30.1604 	EXP 	TrialPicture: autoDraw = True
30.1604 	EXP 	green_1: autoDraw = True
30.1604 	EXP 	red_1: autoDraw = True
31.1613 	EXP 	blackTrial: autoDraw = False
31.1613 	EXP 	whiteTrial: autoDraw = False
31.1613 	EXP 	TrialPicture: autoDraw = False
31.1613 	EXP 	green_1: autoDraw = False
31.1613 	EXP 	red_1: autoDraw = False
31.1613 	EXP 	blackTrial: autoDraw = False
31.1613 	EXP 	whiteTrial: autoDraw = False
31.1613 	EXP 	TrialPicture: autoDraw = False
31.1613 	EXP 	green_1: autoDraw = False
31.1613 	EXP 	red_1: autoDraw = False
31.1613 	EXP 	whiteWaitInterTrial_2: size = array([0.75, 1.  ])
31.1613 	EXP 	blackWaitInterTrial_2: autoDraw = True
31.1613 	EXP 	whiteWaitInterTrial_2: autoDraw = True
31.1613 	EXP 	green_fb_1: autoDraw = True
31.1613 	EXP 	red_fb_1: autoDraw = True
32.7496 	EXP 	New trial (rep=7, index=0): None
32.7627 	EXP 	blackWaitInterTrial_2: autoDraw = False
32.7627 	EXP 	whiteWaitInterTrial_2: autoDraw = False
32.7627 	EXP 	green_fb_1: autoDraw = False
32.7627 	EXP 	red_fb_1: autoDraw = False
32.7627 	EXP 	blackWaitInterTrial_2: autoDraw = False
32.7627 	EXP 	whiteWaitInterTrial_2: autoDraw = False
32.7627 	EXP 	green_fb_1: autoDraw = False
32.7627 	EXP 	red_fb_1: autoDraw = False
32.7627 	EXP 	TrialPicture: size = array([0.75, 1.  ])
32.7627 	EXP 	TrialPicture: image = './stimuli/images/186.bmp'
32.7627 	EXP 	blackTrial: autoDraw = True
32.7627 	EXP 	whiteTrial: autoDraw = True
32.7627 	EXP 	TrialPicture: autoDraw = True
32.7627 	EXP 	green_1: autoDraw = True
32.7627 	EXP 	red_1: autoDraw = True
33.7636 	EXP 	blackTrial: autoDraw = False
33.7636 	EXP 	whiteTrial: autoDraw = False
33.7636 	EXP 	TrialPicture: autoDraw = False
33.7636 	EXP 	green_1: autoDraw = False
33.7636 	EXP 	red_1: autoDraw = False
33.7636 	EXP 	blackTrial: autoDraw = False
33.7636 	EXP 	whiteTrial: autoDraw = False
33.7636 	EXP 	TrialPicture: autoDraw = False
33.7636 	EXP 	green_1: autoDraw = False
33.7636 	EXP 	red_1: autoDraw = False
33.7636 	EXP 	whiteWaitInterTrial_2: size = array([0.75, 1.  ])
33.7636 	EXP 	blackWaitInterTrial_2: autoDraw = True
33.7636 	EXP 	whiteWaitInterTrial_2: autoDraw = True
33.7636 	EXP 	green_fb_1: autoDraw = True
33.7636 	EXP 	red_fb_1: autoDraw = True
35.4521 	EXP 	New trial (rep=8, index=0): None
35.4818 	EXP 	blackWaitInterTrial_2: autoDraw = False
35.4818 	EXP 	whiteWaitInterTrial_2: autoDraw = False
35.4818 	EXP 	green_fb_1: autoDraw = False
35.4818 	EXP 	red_fb_1: autoDraw = False
35.4818 	EXP 	blackWaitInterTrial_2: autoDraw = False
35.4818 	EXP 	whiteWaitInterTrial_2: autoDraw = False
35.4818 	EXP 	green_fb_1: autoDraw = False
35.4818 	EXP 	red_fb_1: autoDraw = False
35.4818 	EXP 	TrialPicture: size = array([0.75, 1.  ])
35.4818 	EXP 	TrialPicture: image = './stimuli/images/205.bmp'
35.4818 	EXP 	blackTrial: autoDraw = True
35.4818 	EXP 	whiteTrial: autoDraw = True
35.4818 	EXP 	TrialPicture: autoDraw = True
35.4818 	EXP 	green_1: autoDraw = True
35.4818 	EXP 	red_1: autoDraw = True
36.4826 	EXP 	blackTrial: autoDraw = False
36.4826 	EXP 	whiteTrial: autoDraw = False
36.4826 	EXP 	TrialPicture: autoDraw = False
36.4826 	EXP 	green_1: autoDraw = False
36.4826 	EXP 	red_1: autoDraw = False
36.4826 	EXP 	blackTrial: autoDraw = False
36.4826 	EXP 	whiteTrial: autoDraw = False
36.4826 	EXP 	TrialPicture: autoDraw = False
36.4826 	EXP 	green_1: autoDraw = False
36.4826 	EXP 	red_1: autoDraw = False
36.4826 	EXP 	whiteWaitInterTrial_2: size = array([0.75, 1.  ])
36.4826 	EXP 	blackWaitInterTrial_2: autoDraw = True
36.4826 	EXP 	whiteWaitInterTrial_2: autoDraw = True
36.4826 	EXP 	green_fb_1: autoDraw = True
36.4826 	EXP 	red_fb_1: autoDraw = True
38.2706 	EXP 	New trial (rep=9, index=0): None
38.2841 	EXP 	blackWaitInterTrial_2: autoDraw = False
38.2841 	EXP 	whiteWaitInterTrial_2: autoDraw = False
38.2841 	EXP 	green_fb_1: autoDraw = False
38.2841 	EXP 	red_fb_1: autoDraw = False
38.2841 	EXP 	blackWaitInterTrial_2: autoDraw = False
38.2841 	EXP 	whiteWaitInterTrial_2: autoDraw = False
38.2841 	EXP 	green_fb_1: autoDraw = False
38.2841 	EXP 	red_fb_1: autoDraw = False
38.2841 	EXP 	TrialPicture: size = array([0.75, 1.  ])
38.2841 	EXP 	TrialPicture: image = './stimuli/images/149.bmp'
38.2841 	EXP 	blackTrial: autoDraw = True
38.2841 	EXP 	whiteTrial: autoDraw = True
38.2841 	EXP 	TrialPicture: autoDraw = True
38.2841 	EXP 	green_1: autoDraw = True
38.2841 	EXP 	red_1: autoDraw = True
39.2850 	EXP 	blackTrial: autoDraw = False
39.2850 	EXP 	whiteTrial: autoDraw = False
39.2850 	EXP 	TrialPicture: autoDraw = False
39.2850 	EXP 	green_1: autoDraw = False
39.2850 	EXP 	red_1: autoDraw = False
39.2850 	EXP 	blackTrial: autoDraw = False
39.2850 	EXP 	whiteTrial: autoDraw = False
39.2850 	EXP 	TrialPicture: autoDraw = False
39.2850 	EXP 	green_1: autoDraw = False
39.2850 	EXP 	red_1: autoDraw = False
39.2850 	EXP 	whiteWaitInterTrial_2: size = array([0.75, 1.  ])
39.2850 	EXP 	blackWaitInterTrial_2: autoDraw = True
39.2850 	EXP 	whiteWaitInterTrial_2: autoDraw = True
39.2850 	EXP 	green_fb_1: autoDraw = True
39.2850 	EXP 	red_fb_1: autoDraw = True
40.8733 	EXP 	New trial (rep=10, index=0): None
40.9031 	EXP 	blackWaitInterTrial_2: autoDraw = False
40.9031 	EXP 	whiteWaitInterTrial_2: autoDraw = False
40.9031 	EXP 	green_fb_1: autoDraw = False
40.9031 	EXP 	red_fb_1: autoDraw = False
40.9031 	EXP 	blackWaitInterTrial_2: autoDraw = False
40.9031 	EXP 	whiteWaitInterTrial_2: autoDraw = False
40.9031 	EXP 	green_fb_1: autoDraw = False
40.9031 	EXP 	red_fb_1: autoDraw = False
40.9031 	EXP 	TrialPicture: size = array([0.75, 1.  ])
40.9031 	EXP 	TrialPicture: image = './stimuli/images/149.bmp'
40.9031 	EXP 	blackTrial: autoDraw = True
40.9031 	EXP 	whiteTrial: autoDraw = True
40.9031 	EXP 	TrialPicture: autoDraw = True
40.9031 	EXP 	green_1: autoDraw = True
40.9031 	EXP 	red_1: autoDraw = True
41.9040 	EXP 	blackTrial: autoDraw = False
41.9040 	EXP 	whiteTrial: autoDraw = False
41.9040 	EXP 	TrialPicture: autoDraw = False
41.9040 	EXP 	green_1: autoDraw = False
41.9040 	EXP 	red_1: autoDraw = False
41.9040 	EXP 	blackTrial: autoDraw = False
41.9040 	EXP 	whiteTrial: autoDraw = False
41.9040 	EXP 	TrialPicture: autoDraw = False
41.9040 	EXP 	green_1: autoDraw = False
41.9040 	EXP 	red_1: autoDraw = False
41.9040 	EXP 	whiteWaitInterTrial_2: size = array([0.75, 1.  ])
41.9040 	EXP 	blackWaitInterTrial_2: autoDraw = True
41.9040 	EXP 	whiteWaitInterTrial_2: autoDraw = True
41.9040 	EXP 	green_fb_1: autoDraw = True
41.9040 	EXP 	red_fb_1: autoDraw = True
43.5912 	EXP 	New trial (rep=11, index=0): None
43.6055 	EXP 	blackWaitInterTrial_2: autoDraw = False
43.6055 	EXP 	whiteWaitInterTrial_2: autoDraw = False
43.6055 	EXP 	green_fb_1: autoDraw = False
43.6055 	EXP 	red_fb_1: autoDraw = False
43.6055 	EXP 	blackWaitInterTrial_2: autoDraw = False
43.6055 	EXP 	whiteWaitInterTrial_2: autoDraw = False
43.6055 	EXP 	green_fb_1: autoDraw = False
43.6055 	EXP 	red_fb_1: autoDraw = False
43.6055 	EXP 	TrialPicture: size = array([0.75, 1.  ])
43.6055 	EXP 	TrialPicture: image = './stimuli/images/186.bmp'
43.6055 	EXP 	blackTrial: autoDraw = True
43.6055 	EXP 	whiteTrial: autoDraw = True
43.6055 	EXP 	TrialPicture: autoDraw = True
43.6055 	EXP 	green_1: autoDraw = True
43.6055 	EXP 	red_1: autoDraw = True
44.6064 	EXP 	blackTrial: autoDraw = False
44.6064 	EXP 	whiteTrial: autoDraw = False
44.6064 	EXP 	TrialPicture: autoDraw = False
44.6064 	EXP 	green_1: autoDraw = False
44.6064 	EXP 	red_1: autoDraw = False
44.6064 	EXP 	blackTrial: autoDraw = False
44.6064 	EXP 	whiteTrial: autoDraw = False
44.6064 	EXP 	TrialPicture: autoDraw = False
44.6064 	EXP 	green_1: autoDraw = False
44.6064 	EXP 	red_1: autoDraw = False
44.6064 	EXP 	whiteWaitInterTrial_2: size = array([0.75, 1.  ])
44.6064 	EXP 	blackWaitInterTrial_2: autoDraw = True
44.6064 	EXP 	whiteWaitInterTrial_2: autoDraw = True
44.6064 	EXP 	green_fb_1: autoDraw = True
44.6064 	EXP 	red_fb_1: autoDraw = True
46.2945 	EXP 	New trial (rep=12, index=0): None
46.3078 	EXP 	blackWaitInterTrial_2: autoDraw = False
46.3078 	EXP 	whiteWaitInterTrial_2: autoDraw = False
46.3078 	EXP 	green_fb_1: autoDraw = False
46.3078 	EXP 	red_fb_1: autoDraw = False
46.3078 	EXP 	blackWaitInterTrial_2: autoDraw = False
46.3078 	EXP 	whiteWaitInterTrial_2: autoDraw = False
46.3078 	EXP 	green_fb_1: autoDraw = False
46.3078 	EXP 	red_fb_1: autoDraw = False
46.3078 	EXP 	TrialPicture: size = array([0.75, 1.  ])
46.3078 	EXP 	TrialPicture: image = './stimuli/images/142.bmp'
46.3078 	EXP 	blackTrial: autoDraw = True
46.3078 	EXP 	whiteTrial: autoDraw = True
46.3078 	EXP 	TrialPicture: autoDraw = True
46.3078 	EXP 	green_1: autoDraw = True
46.3078 	EXP 	red_1: autoDraw = True
47.3087 	EXP 	blackTrial: autoDraw = False
47.3087 	EXP 	whiteTrial: autoDraw = False
47.3087 	EXP 	TrialPicture: autoDraw = False
47.3087 	EXP 	green_1: autoDraw = False
47.3087 	EXP 	red_1: autoDraw = False
47.3087 	EXP 	blackTrial: autoDraw = False
47.3087 	EXP 	whiteTrial: autoDraw = False
47.3087 	EXP 	TrialPicture: autoDraw = False
47.3087 	EXP 	green_1: autoDraw = False
47.3087 	EXP 	red_1: autoDraw = False
47.3087 	EXP 	whiteWaitInterTrial_2: size = array([0.75, 1.  ])
47.3087 	EXP 	blackWaitInterTrial_2: autoDraw = True
47.3087 	EXP 	whiteWaitInterTrial_2: autoDraw = True
47.3087 	EXP 	green_fb_1: autoDraw = True
47.3087 	EXP 	red_fb_1: autoDraw = True
48.8960 	EXP 	New trial (rep=13, index=0): None
48.9101 	EXP 	blackWaitInterTrial_2: autoDraw = False
48.9101 	EXP 	whiteWaitInterTrial_2: autoDraw = False
48.9101 	EXP 	green_fb_1: autoDraw = False
48.9101 	EXP 	red_fb_1: autoDraw = False
48.9101 	EXP 	blackWaitInterTrial_2: autoDraw = False
48.9101 	EXP 	whiteWaitInterTrial_2: autoDraw = False
48.9101 	EXP 	green_fb_1: autoDraw = False
48.9101 	EXP 	red_fb_1: autoDraw = False
48.9101 	EXP 	TrialPicture: size = array([0.75, 1.  ])
48.9101 	EXP 	TrialPicture: image = './stimuli/images/186.bmp'
48.9101 	EXP 	blackTrial: autoDraw = True
48.9101 	EXP 	whiteTrial: autoDraw = True
48.9101 	EXP 	TrialPicture: autoDraw = True
48.9101 	EXP 	green_1: autoDraw = True
48.9101 	EXP 	red_1: autoDraw = True
49.9109 	EXP 	blackTrial: autoDraw = False
49.9109 	EXP 	whiteTrial: autoDraw = False
49.9109 	EXP 	TrialPicture: autoDraw = False
49.9109 	EXP 	green_1: autoDraw = False
49.9109 	EXP 	red_1: autoDraw = False
49.9109 	EXP 	blackTrial: autoDraw = False
49.9109 	EXP 	whiteTrial: autoDraw = False
49.9109 	EXP 	TrialPicture: autoDraw = False
49.9109 	EXP 	green_1: autoDraw = False
49.9109 	EXP 	red_1: autoDraw = False
49.9109 	EXP 	whiteWaitInterTrial_2: size = array([0.75, 1.  ])
49.9109 	EXP 	blackWaitInterTrial_2: autoDraw = True
49.9109 	EXP 	whiteWaitInterTrial_2: autoDraw = True
49.9109 	EXP 	green_fb_1: autoDraw = True
49.9109 	EXP 	red_fb_1: autoDraw = True
51.6984 	EXP 	New trial (rep=14, index=0): None
51.7125 	EXP 	blackWaitInterTrial_2: autoDraw = False
51.7125 	EXP 	whiteWaitInterTrial_2: autoDraw = False
51.7125 	EXP 	green_fb_1: autoDraw = False
51.7125 	EXP 	red_fb_1: autoDraw = False
51.7125 	EXP 	blackWaitInterTrial_2: autoDraw = False
51.7125 	EXP 	whiteWaitInterTrial_2: autoDraw = False
51.7125 	EXP 	green_fb_1: autoDraw = False
51.7125 	EXP 	red_fb_1: autoDraw = False
51.7125 	EXP 	TrialPicture: size = array([0.75, 1.  ])
51.7125 	EXP 	TrialPicture: image = './stimuli/images/205.bmp'
51.7125 	EXP 	blackTrial: autoDraw = True
51.7125 	EXP 	whiteTrial: autoDraw = True
51.7125 	EXP 	TrialPicture: autoDraw = True
51.7125 	EXP 	green_1: autoDraw = True
51.7125 	EXP 	red_1: autoDraw = True
52.7134 	EXP 	blackTrial: autoDraw = False
52.7134 	EXP 	whiteTrial: autoDraw = False
52.7134 	EXP 	TrialPicture: autoDraw = False
52.7134 	EXP 	green_1: autoDraw = False
52.7134 	EXP 	red_1: autoDraw = False
52.7134 	EXP 	blackTrial: autoDraw = False
52.7134 	EXP 	whiteTrial: autoDraw = False
52.7134 	EXP 	TrialPicture: autoDraw = False
52.7134 	EXP 	green_1: autoDraw = False
52.7134 	EXP 	red_1: autoDraw = False
52.7134 	EXP 	whiteWaitInterTrial_2: size = array([0.75, 1.  ])
52.7134 	EXP 	blackWaitInterTrial_2: autoDraw = True
52.7134 	EXP 	whiteWaitInterTrial_2: autoDraw = True
52.7134 	EXP 	green_fb_1: autoDraw = True
52.7134 	EXP 	red_fb_1: autoDraw = True
54.3010 	EXP 	New trial (rep=15, index=0): None
54.3148 	EXP 	blackWaitInterTrial_2: autoDraw = False
54.3148 	EXP 	whiteWaitInterTrial_2: autoDraw = False
54.3148 	EXP 	green_fb_1: autoDraw = False
54.3148 	EXP 	red_fb_1: autoDraw = False
54.3148 	EXP 	blackWaitInterTrial_2: autoDraw = False
54.3148 	EXP 	whiteWaitInterTrial_2: autoDraw = False
54.3148 	EXP 	green_fb_1: autoDraw = False
54.3148 	EXP 	red_fb_1: autoDraw = False
54.3148 	EXP 	TrialPicture: size = array([0.75, 1.  ])
54.3148 	EXP 	TrialPicture: image = './stimuli/images/149.bmp'
54.3148 	EXP 	blackTrial: autoDraw = True
54.3148 	EXP 	whiteTrial: autoDraw = True
54.3148 	EXP 	TrialPicture: autoDraw = True
54.3148 	EXP 	green_1: autoDraw = True
54.3148 	EXP 	red_1: autoDraw = True
55.3157 	EXP 	blackTrial: autoDraw = False
55.3157 	EXP 	whiteTrial: autoDraw = False
55.3157 	EXP 	TrialPicture: autoDraw = False
55.3157 	EXP 	green_1: autoDraw = False
55.3157 	EXP 	red_1: autoDraw = False
55.3157 	EXP 	blackTrial: autoDraw = False
55.3157 	EXP 	whiteTrial: autoDraw = False
55.3157 	EXP 	TrialPicture: autoDraw = False
55.3157 	EXP 	green_1: autoDraw = False
55.3157 	EXP 	red_1: autoDraw = False
55.3157 	EXP 	whiteWaitInterTrial_2: size = array([0.75, 1.  ])
55.3157 	EXP 	blackWaitInterTrial_2: autoDraw = True
55.3157 	EXP 	whiteWaitInterTrial_2: autoDraw = True
55.3157 	EXP 	green_fb_1: autoDraw = True
55.3157 	EXP 	red_fb_1: autoDraw = True
57.0037 	EXP 	New trial (rep=16, index=0): None
57.0172 	EXP 	blackWaitInterTrial_2: autoDraw = False
57.0172 	EXP 	whiteWaitInterTrial_2: autoDraw = False
57.0172 	EXP 	green_fb_1: autoDraw = False
57.0172 	EXP 	red_fb_1: autoDraw = False
57.0172 	EXP 	blackWaitInterTrial_2: autoDraw = False
57.0172 	EXP 	whiteWaitInterTrial_2: autoDraw = False
57.0172 	EXP 	green_fb_1: autoDraw = False
57.0172 	EXP 	red_fb_1: autoDraw = False
57.0172 	EXP 	TrialPicture: size = array([0.75, 1.  ])
57.0172 	EXP 	TrialPicture: image = './stimuli/images/142.bmp'
57.0172 	EXP 	blackTrial: autoDraw = True
57.0172 	EXP 	whiteTrial: autoDraw = True
57.0172 	EXP 	TrialPicture: autoDraw = True
57.0172 	EXP 	green_1: autoDraw = True
57.0172 	EXP 	red_1: autoDraw = True
58.0181 	EXP 	blackTrial: autoDraw = False
58.0181 	EXP 	whiteTrial: autoDraw = False
58.0181 	EXP 	TrialPicture: autoDraw = False
58.0181 	EXP 	green_1: autoDraw = False
58.0181 	EXP 	red_1: autoDraw = False
58.0181 	EXP 	blackTrial: autoDraw = False
58.0181 	EXP 	whiteTrial: autoDraw = False
58.0181 	EXP 	TrialPicture: autoDraw = False
58.0181 	EXP 	green_1: autoDraw = False
58.0181 	EXP 	red_1: autoDraw = False
58.0181 	EXP 	whiteWaitInterTrial_2: size = array([0.75, 1.  ])
58.0181 	EXP 	blackWaitInterTrial_2: autoDraw = True
58.0181 	EXP 	whiteWaitInterTrial_2: autoDraw = True
58.0181 	EXP 	green_fb_1: autoDraw = True
58.0181 	EXP 	red_fb_1: autoDraw = True
59.8061 	EXP 	New trial (rep=17, index=0): None
59.8364 	EXP 	blackWaitInterTrial_2: autoDraw = False
59.8364 	EXP 	whiteWaitInterTrial_2: autoDraw = False
59.8364 	EXP 	green_fb_1: autoDraw = False
59.8364 	EXP 	red_fb_1: autoDraw = False
59.8364 	EXP 	blackWaitInterTrial_2: autoDraw = False
59.8364 	EXP 	whiteWaitInterTrial_2: autoDraw = False
59.8364 	EXP 	green_fb_1: autoDraw = False
59.8364 	EXP 	red_fb_1: autoDraw = False
59.8364 	EXP 	TrialPicture: size = array([0.75, 1.  ])
59.8364 	EXP 	TrialPicture: image = './stimuli/images/205.bmp'
59.8364 	EXP 	blackTrial: autoDraw = True
59.8364 	EXP 	whiteTrial: autoDraw = True
59.8364 	EXP 	TrialPicture: autoDraw = True
59.8364 	EXP 	green_1: autoDraw = True
59.8364 	EXP 	red_1: autoDraw = True
60.8372 	EXP 	blackTrial: autoDraw = False
60.8372 	EXP 	whiteTrial: autoDraw = False
60.8372 	EXP 	TrialPicture: autoDraw = False
60.8372 	EXP 	green_1: autoDraw = False
60.8372 	EXP 	red_1: autoDraw = False
60.8372 	EXP 	blackTrial: autoDraw = False
60.8372 	EXP 	whiteTrial: autoDraw = False
60.8372 	EXP 	TrialPicture: autoDraw = False
60.8372 	EXP 	green_1: autoDraw = False
60.8372 	EXP 	red_1: autoDraw = False
60.8372 	EXP 	whiteWaitInterTrial_2: size = array([0.75, 1.  ])
60.8372 	EXP 	blackWaitInterTrial_2: autoDraw = True
60.8372 	EXP 	whiteWaitInterTrial_2: autoDraw = True
60.8372 	EXP 	green_fb_1: autoDraw = True
60.8372 	EXP 	red_fb_1: autoDraw = True
62.4265 	EXP 	New trial (rep=18, index=0): None
62.4553 	EXP 	blackWaitInterTrial_2: autoDraw = False
62.4553 	EXP 	whiteWaitInterTrial_2: autoDraw = False
62.4553 	EXP 	green_fb_1: autoDraw = False
62.4553 	EXP 	red_fb_1: autoDraw = False
62.4553 	EXP 	blackWaitInterTrial_2: autoDraw = False
62.4553 	EXP 	whiteWaitInterTrial_2: autoDraw = False
62.4553 	EXP 	green_fb_1: autoDraw = False
62.4553 	EXP 	red_fb_1: autoDraw = False
62.4553 	EXP 	TrialPicture: size = array([0.75, 1.  ])
62.4553 	EXP 	TrialPicture: image = './stimuli/images/149.bmp'
62.4553 	EXP 	blackTrial: autoDraw = True
62.4553 	EXP 	whiteTrial: autoDraw = True
62.4553 	EXP 	TrialPicture: autoDraw = True
62.4553 	EXP 	green_1: autoDraw = True
62.4553 	EXP 	red_1: autoDraw = True
63.4561 	EXP 	blackTrial: autoDraw = False
63.4561 	EXP 	whiteTrial: autoDraw = False
63.4561 	EXP 	TrialPicture: autoDraw = False
63.4561 	EXP 	green_1: autoDraw = False
63.4561 	EXP 	red_1: autoDraw = False
63.4561 	EXP 	blackTrial: autoDraw = False
63.4561 	EXP 	whiteTrial: autoDraw = False
63.4561 	EXP 	TrialPicture: autoDraw = False
63.4561 	EXP 	green_1: autoDraw = False
63.4561 	EXP 	red_1: autoDraw = False
63.4561 	EXP 	whiteWaitInterTrial_2: size = array([0.75, 1.  ])
63.4561 	EXP 	blackWaitInterTrial_2: autoDraw = True
63.4561 	EXP 	whiteWaitInterTrial_2: autoDraw = True
63.4561 	EXP 	green_fb_1: autoDraw = True
63.4561 	EXP 	red_fb_1: autoDraw = True
65.1440 	EXP 	New trial (rep=19, index=0): None
65.1576 	EXP 	blackWaitInterTrial_2: autoDraw = False
65.1576 	EXP 	whiteWaitInterTrial_2: autoDraw = False
65.1576 	EXP 	green_fb_1: autoDraw = False
65.1576 	EXP 	red_fb_1: autoDraw = False
65.1576 	EXP 	blackWaitInterTrial_2: autoDraw = False
65.1576 	EXP 	whiteWaitInterTrial_2: autoDraw = False
65.1576 	EXP 	green_fb_1: autoDraw = False
65.1576 	EXP 	red_fb_1: autoDraw = False
65.1576 	EXP 	TrialPicture: size = array([0.75, 1.  ])
65.1576 	EXP 	TrialPicture: image = './stimuli/images/186.bmp'
65.1576 	EXP 	blackTrial: autoDraw = True
65.1576 	EXP 	whiteTrial: autoDraw = True
65.1576 	EXP 	TrialPicture: autoDraw = True
65.1576 	EXP 	green_1: autoDraw = True
65.1576 	EXP 	red_1: autoDraw = True
66.1585 	EXP 	blackTrial: autoDraw = False
66.1585 	EXP 	whiteTrial: autoDraw = False
66.1585 	EXP 	TrialPicture: autoDraw = False
66.1585 	EXP 	green_1: autoDraw = False
66.1585 	EXP 	red_1: autoDraw = False
66.1585 	EXP 	blackTrial: autoDraw = False
66.1585 	EXP 	whiteTrial: autoDraw = False
66.1585 	EXP 	TrialPicture: autoDraw = False
66.1585 	EXP 	green_1: autoDraw = False
66.1585 	EXP 	red_1: autoDraw = False
66.1585 	EXP 	whiteWaitInterTrial_2: size = array([0.75, 1.  ])
66.1585 	EXP 	blackWaitInterTrial_2: autoDraw = True
66.1585 	EXP 	whiteWaitInterTrial_2: autoDraw = True
66.1585 	EXP 	green_fb_1: autoDraw = True
66.1585 	EXP 	red_fb_1: autoDraw = True
67.8600 	EXP 	blackWaitInterTrial_2: autoDraw = False
67.8600 	EXP 	whiteWaitInterTrial_2: autoDraw = False
67.8600 	EXP 	green_fb_1: autoDraw = False
67.8600 	EXP 	red_fb_1: autoDraw = False
67.8600 	EXP 	blackWaitInterTrial_2: autoDraw = False
67.8600 	EXP 	whiteWaitInterTrial_2: autoDraw = False
67.8600 	EXP 	green_fb_1: autoDraw = False
67.8600 	EXP 	red_fb_1: autoDraw = False
67.8600 	EXP 	fixationImage: size = array([0.75, 1.  ])
67.8600 	EXP 	fixation: autoDraw = True
67.8600 	EXP 	fixationImage: autoDraw = True
69.8617 	EXP 	fixation: autoDraw = False
69.8617 	EXP 	fixationImage: autoDraw = False
69.8617 	EXP 	fixation: autoDraw = False
69.8617 	EXP 	fixationImage: autoDraw = False
69.8617 	EXP 	polygon_end: autoDraw = True
69.8617 	EXP 	end_text: autoDraw = True
71.8693 	WARNING 	Hamming was requested using the 'pygame' sound library but hamming is not supported there.
71.8696 	EXP 	Set sound_1 sound=./lib/sound/bird.wav
71.8696 	WARNING 	Hamming was requested using the 'pygame' sound library but hamming is not supported there.
71.8697 	EXP 	Set sound_2 sound=./lib/sound/bang.wav
71.8969 	EXP 	polygon_end: autoDraw = False
71.8969 	EXP 	end_text: autoDraw = False
71.8969 	EXP 	polygon_15: autoDraw = True
71.8969 	EXP 	descriptionText_15: autoDraw = True
83.4475 	DATA 	Keypress: space
83.4569 	EXP 	polygon_15: autoDraw = False
83.4569 	EXP 	descriptionText_15: autoDraw = False
83.4569 	EXP 	fixationImage10: size = array([0.75, 1.  ])
83.4569 	EXP 	fixation10: autoDraw = True
83.4569 	EXP 	fixationImage10: autoDraw = True
83.4569 	EXP 	text: autoDraw = True
84.4411 	EXP 	text_2: autoDraw = True
84.4578 	EXP 	text: autoDraw = False
85.4420 	EXP 	text_2: autoDraw = False
85.4420 	EXP 	text_3: autoDraw = True
86.4429 	EXP 	text_3: autoDraw = False
86.4447 	EXP 	Created sequence: sequential, trialTypes=1, nReps=1, seed=None
86.4449 	EXP 	New trial (rep=0, index=0): None
86.4762 	EXP 	fixation10: autoDraw = False
86.4762 	EXP 	fixationImage10: autoDraw = False
86.4762 	EXP 	fixation10: autoDraw = False
86.4762 	EXP 	fixationImage10: autoDraw = False
86.4762 	EXP 	text: autoDraw = False
86.4762 	EXP 	text_2: autoDraw = False
86.4762 	EXP 	text_3: autoDraw = False
86.4762 	EXP 	greenProc_2: size = array([1.6, 1.2])
86.4762 	EXP 	ProcTarget_2: size = array([0.75, 1.  ])
86.4762 	EXP 	ProcTarget_2: image = './stimuli/images/061.bmp'
86.4762 	EXP 	ProcPicture_2: size = array([0.75, 1.  ])
86.4762 	EXP 	ProcPicture_2: image = './stimuli/images/008.bmp'
86.4762 	EXP 	blackProc_2: autoDraw = True
86.4762 	EXP 	greenProc_2: autoDraw = True
86.4762 	EXP 	ProcTarget_2: autoDraw = True
86.4762 	EXP 	ProcPicture_2: autoDraw = True
89.9793 	EXP 	blackProc_2: autoDraw = False
89.9793 	EXP 	greenProc_2: autoDraw = False
89.9793 	EXP 	ProcTarget_2: autoDraw = False
89.9793 	EXP 	ProcPicture_2: autoDraw = False
89.9793 	EXP 	blackProc_2: autoDraw = False
89.9793 	EXP 	greenProc_2: autoDraw = False
89.9793 	EXP 	ProcTarget_2: autoDraw = False
89.9793 	EXP 	ProcPicture_2: autoDraw = False
89.9793 	EXP 	whiteWaitInterTrial_3: size = array([0.75, 1.  ])
89.9793 	EXP 	blackWaitInterTrial_3: autoDraw = True
89.9793 	EXP 	whiteWaitInterTrial_3: autoDraw = True
91.4669 	EXP 	Created sequence: sequential, trialTypes=1, nReps=20, seed=None
91.4672 	EXP 	New trial (rep=0, index=0): None
91.4973 	EXP 	blackWaitInterTrial_3: autoDraw = False
91.4973 	EXP 	whiteWaitInterTrial_3: autoDraw = False
91.4973 	EXP 	blackWaitInterTrial_3: autoDraw = False
91.4973 	EXP 	whiteWaitInterTrial_3: autoDraw = False
91.4973 	EXP 	TrialPicture_2: size = array([0.75, 1.  ])
91.4973 	EXP 	TrialPicture_2: image = './stimuli/images/152.bmp'
91.4973 	EXP 	blackTrial_2: autoDraw = True
91.4973 	EXP 	whiteTrial_2: autoDraw = True
91.4973 	EXP 	TrialPicture_2: autoDraw = True
91.4973 	EXP 	green_2: autoDraw = True
91.4973 	EXP 	red_2: autoDraw = True
92.4981 	EXP 	blackTrial_2: autoDraw = False
92.4981 	EXP 	whiteTrial_2: autoDraw = False
92.4981 	EXP 	TrialPicture_2: autoDraw = False
92.4981 	EXP 	green_2: autoDraw = False
92.4981 	EXP 	red_2: autoDraw = False
92.4981 	EXP 	blackTrial_2: autoDraw = False
92.4981 	EXP 	whiteTrial_2: autoDraw = False
92.4981 	EXP 	TrialPicture_2: autoDraw = False
92.4981 	EXP 	green_2: autoDraw = False
92.4981 	EXP 	red_2: autoDraw = False
92.4981 	EXP 	whiteWaitInterTrial_4: size = array([0.75, 1.  ])
92.4981 	EXP 	blackWaitInterTrial_4: autoDraw = True
92.4981 	EXP 	whiteWaitInterTrial_4: autoDraw = True
92.4981 	EXP 	green_fb_2: autoDraw = True
92.4981 	EXP 	red_fb_2: autoDraw = True
94.2865 	EXP 	New trial (rep=1, index=0): None
94.2997 	EXP 	blackWaitInterTrial_4: autoDraw = False
94.2997 	EXP 	whiteWaitInterTrial_4: autoDraw = False
94.2997 	EXP 	green_fb_2: autoDraw = False
94.2997 	EXP 	red_fb_2: autoDraw = False
94.2997 	EXP 	blackWaitInterTrial_4: autoDraw = False
94.2997 	EXP 	whiteWaitInterTrial_4: autoDraw = False
94.2997 	EXP 	green_fb_2: autoDraw = False
94.2997 	EXP 	red_fb_2: autoDraw = False
94.2997 	EXP 	TrialPicture_2: size = array([0.75, 1.  ])
94.2997 	EXP 	TrialPicture_2: image = './stimuli/images/061.bmp'
94.2997 	EXP 	blackTrial_2: autoDraw = True
94.2997 	EXP 	whiteTrial_2: autoDraw = True
94.2997 	EXP 	TrialPicture_2: autoDraw = True
94.2997 	EXP 	green_2: autoDraw = True
94.2997 	EXP 	red_2: autoDraw = True
95.3006 	EXP 	blackTrial_2: autoDraw = False
95.3006 	EXP 	whiteTrial_2: autoDraw = False
95.3006 	EXP 	TrialPicture_2: autoDraw = False
95.3006 	EXP 	green_2: autoDraw = False
95.3006 	EXP 	red_2: autoDraw = False
95.3006 	EXP 	blackTrial_2: autoDraw = False
95.3006 	EXP 	whiteTrial_2: autoDraw = False
95.3006 	EXP 	TrialPicture_2: autoDraw = False
95.3006 	EXP 	green_2: autoDraw = False
95.3006 	EXP 	red_2: autoDraw = False
95.3006 	EXP 	whiteWaitInterTrial_4: size = array([0.75, 1.  ])
95.3006 	EXP 	blackWaitInterTrial_4: autoDraw = True
95.3006 	EXP 	whiteWaitInterTrial_4: autoDraw = True
95.3006 	EXP 	green_fb_2: autoDraw = True
95.3006 	EXP 	red_fb_2: autoDraw = True
97.0887 	EXP 	New trial (rep=2, index=0): None
97.1022 	EXP 	blackWaitInterTrial_4: autoDraw = False
97.1022 	EXP 	whiteWaitInterTrial_4: autoDraw = False
97.1022 	EXP 	green_fb_2: autoDraw = False
97.1022 	EXP 	red_fb_2: autoDraw = False
97.1022 	EXP 	blackWaitInterTrial_4: autoDraw = False
97.1022 	EXP 	whiteWaitInterTrial_4: autoDraw = False
97.1022 	EXP 	green_fb_2: autoDraw = False
97.1022 	EXP 	red_fb_2: autoDraw = False
97.1022 	EXP 	TrialPicture_2: size = array([0.75, 1.  ])
97.1022 	EXP 	TrialPicture_2: image = './stimuli/images/008.bmp'
97.1022 	EXP 	blackTrial_2: autoDraw = True
97.1022 	EXP 	whiteTrial_2: autoDraw = True
97.1022 	EXP 	TrialPicture_2: autoDraw = True
97.1022 	EXP 	green_2: autoDraw = True
97.1022 	EXP 	red_2: autoDraw = True
98.1030 	EXP 	blackTrial_2: autoDraw = False
98.1030 	EXP 	whiteTrial_2: autoDraw = False
98.1030 	EXP 	TrialPicture_2: autoDraw = False
98.1030 	EXP 	green_2: autoDraw = False
98.1030 	EXP 	red_2: autoDraw = False
98.1030 	EXP 	blackTrial_2: autoDraw = False
98.1030 	EXP 	whiteTrial_2: autoDraw = False
98.1030 	EXP 	TrialPicture_2: autoDraw = False
98.1030 	EXP 	green_2: autoDraw = False
98.1030 	EXP 	red_2: autoDraw = False
98.1030 	EXP 	whiteWaitInterTrial_4: size = array([0.75, 1.  ])
98.1030 	EXP 	blackWaitInterTrial_4: autoDraw = True
98.1030 	EXP 	whiteWaitInterTrial_4: autoDraw = True
98.1030 	EXP 	green_fb_2: autoDraw = True
98.1030 	EXP 	red_fb_2: autoDraw = True
99.7911 	EXP 	New trial (rep=3, index=0): None
99.8217 	EXP 	blackWaitInterTrial_4: autoDraw = False
99.8217 	EXP 	whiteWaitInterTrial_4: autoDraw = False
99.8217 	EXP 	green_fb_2: autoDraw = False
99.8217 	EXP 	red_fb_2: autoDraw = False
99.8217 	EXP 	blackWaitInterTrial_4: autoDraw = False
99.8217 	EXP 	whiteWaitInterTrial_4: autoDraw = False
99.8217 	EXP 	green_fb_2: autoDraw = False
99.8217 	EXP 	red_fb_2: autoDraw = False
99.8217 	EXP 	TrialPicture_2: size = array([0.75, 1.  ])
99.8217 	EXP 	TrialPicture_2: image = './stimuli/images/086.bmp'
99.8217 	EXP 	blackTrial_2: autoDraw = True
99.8217 	EXP 	whiteTrial_2: autoDraw = True
99.8217 	EXP 	TrialPicture_2: autoDraw = True
99.8217 	EXP 	green_2: autoDraw = True
99.8217 	EXP 	red_2: autoDraw = True
100.8221 	EXP 	blackTrial_2: autoDraw = False
100.8221 	EXP 	whiteTrial_2: autoDraw = False
100.8221 	EXP 	TrialPicture_2: autoDraw = False
100.8221 	EXP 	green_2: autoDraw = False
100.8221 	EXP 	red_2: autoDraw = False
100.8221 	EXP 	blackTrial_2: autoDraw = False
100.8221 	EXP 	whiteTrial_2: autoDraw = False
100.8221 	EXP 	TrialPicture_2: autoDraw = False
100.8221 	EXP 	green_2: autoDraw = False
100.8221 	EXP 	red_2: autoDraw = False
100.8221 	EXP 	whiteWaitInterTrial_4: size = array([0.75, 1.  ])
100.8221 	EXP 	blackWaitInterTrial_4: autoDraw = True
100.8221 	EXP 	whiteWaitInterTrial_4: autoDraw = True
100.8221 	EXP 	green_fb_2: autoDraw = True
100.8221 	EXP 	red_fb_2: autoDraw = True
102.5102 	EXP 	New trial (rep=4, index=0): None
102.5402 	EXP 	blackWaitInterTrial_4: autoDraw = False
102.5402 	EXP 	whiteWaitInterTrial_4: autoDraw = False
102.5402 	EXP 	green_fb_2: autoDraw = False
102.5402 	EXP 	red_fb_2: autoDraw = False
102.5402 	EXP 	blackWaitInterTrial_4: autoDraw = False
102.5402 	EXP 	whiteWaitInterTrial_4: autoDraw = False
102.5402 	EXP 	green_fb_2: autoDraw = False
102.5402 	EXP 	red_fb_2: autoDraw = False
102.5402 	EXP 	TrialPicture_2: size = array([0.75, 1.  ])
102.5402 	EXP 	TrialPicture_2: image = './stimuli/images/152.bmp'
102.5402 	EXP 	blackTrial_2: autoDraw = True
102.5402 	EXP 	whiteTrial_2: autoDraw = True
102.5402 	EXP 	TrialPicture_2: autoDraw = True
102.5402 	EXP 	green_2: autoDraw = True
102.5402 	EXP 	red_2: autoDraw = True
103.5411 	EXP 	blackTrial_2: autoDraw = False
103.5411 	EXP 	whiteTrial_2: autoDraw = False
103.5411 	EXP 	TrialPicture_2: autoDraw = False
103.5411 	EXP 	green_2: autoDraw = False
103.5411 	EXP 	red_2: autoDraw = False
103.5411 	EXP 	blackTrial_2: autoDraw = False
103.5411 	EXP 	whiteTrial_2: autoDraw = False
103.5411 	EXP 	TrialPicture_2: autoDraw = False
103.5411 	EXP 	green_2: autoDraw = False
103.5411 	EXP 	red_2: autoDraw = False
103.5411 	EXP 	whiteWaitInterTrial_4: size = array([0.75, 1.  ])
103.5411 	EXP 	blackWaitInterTrial_4: autoDraw = True
103.5411 	EXP 	whiteWaitInterTrial_4: autoDraw = True
103.5411 	EXP 	green_fb_2: autoDraw = True
103.5411 	EXP 	red_fb_2: autoDraw = True
105.1287 	EXP 	New trial (rep=5, index=0): None
105.1426 	EXP 	blackWaitInterTrial_4: autoDraw = False
105.1426 	EXP 	whiteWaitInterTrial_4: autoDraw = False
105.1426 	EXP 	green_fb_2: autoDraw = False
105.1426 	EXP 	red_fb_2: autoDraw = False
105.1426 	EXP 	blackWaitInterTrial_4: autoDraw = False
105.1426 	EXP 	whiteWaitInterTrial_4: autoDraw = False
105.1426 	EXP 	green_fb_2: autoDraw = False
105.1426 	EXP 	red_fb_2: autoDraw = False
105.1426 	EXP 	TrialPicture_2: size = array([0.75, 1.  ])
105.1426 	EXP 	TrialPicture_2: image = './stimuli/images/061.bmp'
105.1426 	EXP 	blackTrial_2: autoDraw = True
105.1426 	EXP 	whiteTrial_2: autoDraw = True
105.1426 	EXP 	TrialPicture_2: autoDraw = True
105.1426 	EXP 	green_2: autoDraw = True
105.1426 	EXP 	red_2: autoDraw = True
106.1434 	EXP 	blackTrial_2: autoDraw = False
106.1434 	EXP 	whiteTrial_2: autoDraw = False
106.1434 	EXP 	TrialPicture_2: autoDraw = False
106.1434 	EXP 	green_2: autoDraw = False
106.1434 	EXP 	red_2: autoDraw = False
106.1434 	EXP 	blackTrial_2: autoDraw = False
106.1434 	EXP 	whiteTrial_2: autoDraw = False
106.1434 	EXP 	TrialPicture_2: autoDraw = False
106.1434 	EXP 	green_2: autoDraw = False
106.1434 	EXP 	red_2: autoDraw = False
106.1434 	EXP 	whiteWaitInterTrial_4: size = array([0.75, 1.  ])
106.1434 	EXP 	blackWaitInterTrial_4: autoDraw = True
106.1434 	EXP 	whiteWaitInterTrial_4: autoDraw = True
106.1434 	EXP 	green_fb_2: autoDraw = True
106.1434 	EXP 	red_fb_2: autoDraw = True
107.8313 	EXP 	New trial (rep=6, index=0): None
107.8615 	EXP 	blackWaitInterTrial_4: autoDraw = False
107.8615 	EXP 	whiteWaitInterTrial_4: autoDraw = False
107.8615 	EXP 	green_fb_2: autoDraw = False
107.8615 	EXP 	red_fb_2: autoDraw = False
107.8615 	EXP 	blackWaitInterTrial_4: autoDraw = False
107.8615 	EXP 	whiteWaitInterTrial_4: autoDraw = False
107.8615 	EXP 	green_fb_2: autoDraw = False
107.8615 	EXP 	red_fb_2: autoDraw = False
107.8615 	EXP 	TrialPicture_2: size = array([0.75, 1.  ])
107.8615 	EXP 	TrialPicture_2: image = './stimuli/images/008.bmp'
107.8615 	EXP 	blackTrial_2: autoDraw = True
107.8615 	EXP 	whiteTrial_2: autoDraw = True
107.8615 	EXP 	TrialPicture_2: autoDraw = True
107.8615 	EXP 	green_2: autoDraw = True
107.8615 	EXP 	red_2: autoDraw = True
108.8624 	EXP 	blackTrial_2: autoDraw = False
108.8624 	EXP 	whiteTrial_2: autoDraw = False
108.8624 	EXP 	TrialPicture_2: autoDraw = False
108.8624 	EXP 	green_2: autoDraw = False
108.8624 	EXP 	red_2: autoDraw = False
108.8624 	EXP 	blackTrial_2: autoDraw = False
108.8624 	EXP 	whiteTrial_2: autoDraw = False
108.8624 	EXP 	TrialPicture_2: autoDraw = False
108.8624 	EXP 	green_2: autoDraw = False
108.8624 	EXP 	red_2: autoDraw = False
108.8624 	EXP 	whiteWaitInterTrial_4: size = array([0.75, 1.  ])
108.8624 	EXP 	blackWaitInterTrial_4: autoDraw = True
108.8624 	EXP 	whiteWaitInterTrial_4: autoDraw = True
108.8624 	EXP 	green_fb_2: autoDraw = True
108.8624 	EXP 	red_fb_2: autoDraw = True
110.5505 	EXP 	New trial (rep=7, index=0): None
110.5807 	EXP 	blackWaitInterTrial_4: autoDraw = False
110.5807 	EXP 	whiteWaitInterTrial_4: autoDraw = False
110.5807 	EXP 	green_fb_2: autoDraw = False
110.5807 	EXP 	red_fb_2: autoDraw = False
110.5807 	EXP 	blackWaitInterTrial_4: autoDraw = False
110.5807 	EXP 	whiteWaitInterTrial_4: autoDraw = False
110.5807 	EXP 	green_fb_2: autoDraw = False
110.5807 	EXP 	red_fb_2: autoDraw = False
110.5807 	EXP 	TrialPicture_2: size = array([0.75, 1.  ])
110.5807 	EXP 	TrialPicture_2: image = './stimuli/images/086.bmp'
110.5807 	EXP 	blackTrial_2: autoDraw = True
110.5807 	EXP 	whiteTrial_2: autoDraw = True
110.5807 	EXP 	TrialPicture_2: autoDraw = True
110.5807 	EXP 	green_2: autoDraw = True
110.5807 	EXP 	red_2: autoDraw = True
111.5815 	EXP 	blackTrial_2: autoDraw = False
111.5815 	EXP 	whiteTrial_2: autoDraw = False
111.5815 	EXP 	TrialPicture_2: autoDraw = False
111.5815 	EXP 	green_2: autoDraw = False
111.5815 	EXP 	red_2: autoDraw = False
111.5815 	EXP 	blackTrial_2: autoDraw = False
111.5815 	EXP 	whiteTrial_2: autoDraw = False
111.5815 	EXP 	TrialPicture_2: autoDraw = False
111.5815 	EXP 	green_2: autoDraw = False
111.5815 	EXP 	red_2: autoDraw = False
111.5815 	EXP 	whiteWaitInterTrial_4: size = array([0.75, 1.  ])
111.5815 	EXP 	blackWaitInterTrial_4: autoDraw = True
111.5815 	EXP 	whiteWaitInterTrial_4: autoDraw = True
111.5815 	EXP 	green_fb_2: autoDraw = True
111.5815 	EXP 	red_fb_2: autoDraw = True
113.3692 	EXP 	New trial (rep=8, index=0): None
113.3830 	EXP 	blackWaitInterTrial_4: autoDraw = False
113.3830 	EXP 	whiteWaitInterTrial_4: autoDraw = False
113.3830 	EXP 	green_fb_2: autoDraw = False
113.3830 	EXP 	red_fb_2: autoDraw = False
113.3830 	EXP 	blackWaitInterTrial_4: autoDraw = False
113.3830 	EXP 	whiteWaitInterTrial_4: autoDraw = False
113.3830 	EXP 	green_fb_2: autoDraw = False
113.3830 	EXP 	red_fb_2: autoDraw = False
113.3830 	EXP 	TrialPicture_2: size = array([0.75, 1.  ])
113.3830 	EXP 	TrialPicture_2: image = './stimuli/images/061.bmp'
113.3830 	EXP 	blackTrial_2: autoDraw = True
113.3830 	EXP 	whiteTrial_2: autoDraw = True
113.3830 	EXP 	TrialPicture_2: autoDraw = True
113.3830 	EXP 	green_2: autoDraw = True
113.3830 	EXP 	red_2: autoDraw = True
114.3839 	EXP 	blackTrial_2: autoDraw = False
114.3839 	EXP 	whiteTrial_2: autoDraw = False
114.3839 	EXP 	TrialPicture_2: autoDraw = False
114.3839 	EXP 	green_2: autoDraw = False
114.3839 	EXP 	red_2: autoDraw = False
114.3839 	EXP 	blackTrial_2: autoDraw = False
114.3839 	EXP 	whiteTrial_2: autoDraw = False
114.3839 	EXP 	TrialPicture_2: autoDraw = False
114.3839 	EXP 	green_2: autoDraw = False
114.3839 	EXP 	red_2: autoDraw = False
114.3839 	EXP 	whiteWaitInterTrial_4: size = array([0.75, 1.  ])
114.3839 	EXP 	blackWaitInterTrial_4: autoDraw = True
114.3839 	EXP 	whiteWaitInterTrial_4: autoDraw = True
114.3839 	EXP 	green_fb_2: autoDraw = True
114.3839 	EXP 	red_fb_2: autoDraw = True
116.0719 	EXP 	New trial (rep=9, index=0): None
116.0854 	EXP 	blackWaitInterTrial_4: autoDraw = False
116.0854 	EXP 	whiteWaitInterTrial_4: autoDraw = False
116.0854 	EXP 	green_fb_2: autoDraw = False
116.0854 	EXP 	red_fb_2: autoDraw = False
116.0854 	EXP 	blackWaitInterTrial_4: autoDraw = False
116.0854 	EXP 	whiteWaitInterTrial_4: autoDraw = False
116.0854 	EXP 	green_fb_2: autoDraw = False
116.0854 	EXP 	red_fb_2: autoDraw = False
116.0854 	EXP 	TrialPicture_2: size = array([0.75, 1.  ])
116.0854 	EXP 	TrialPicture_2: image = './stimuli/images/152.bmp'
116.0854 	EXP 	blackTrial_2: autoDraw = True
116.0854 	EXP 	whiteTrial_2: autoDraw = True
116.0854 	EXP 	TrialPicture_2: autoDraw = True
116.0854 	EXP 	green_2: autoDraw = True
116.0854 	EXP 	red_2: autoDraw = True
117.0863 	EXP 	blackTrial_2: autoDraw = False
117.0863 	EXP 	whiteTrial_2: autoDraw = False
117.0863 	EXP 	TrialPicture_2: autoDraw = False
117.0863 	EXP 	green_2: autoDraw = False
117.0863 	EXP 	red_2: autoDraw = False
117.0863 	EXP 	blackTrial_2: autoDraw = False
117.0863 	EXP 	whiteTrial_2: autoDraw = False
117.0863 	EXP 	TrialPicture_2: autoDraw = False
117.0863 	EXP 	green_2: autoDraw = False
117.0863 	EXP 	red_2: autoDraw = False
117.0863 	EXP 	whiteWaitInterTrial_4: size = array([0.75, 1.  ])
117.0863 	EXP 	blackWaitInterTrial_4: autoDraw = True
117.0863 	EXP 	whiteWaitInterTrial_4: autoDraw = True
117.0863 	EXP 	green_fb_2: autoDraw = True
117.0863 	EXP 	red_fb_2: autoDraw = True
118.6748 	EXP 	New trial (rep=10, index=0): None
118.6877 	EXP 	blackWaitInterTrial_4: autoDraw = False
118.6877 	EXP 	whiteWaitInterTrial_4: autoDraw = False
118.6877 	EXP 	green_fb_2: autoDraw = False
118.6877 	EXP 	red_fb_2: autoDraw = False
118.6877 	EXP 	blackWaitInterTrial_4: autoDraw = False
118.6877 	EXP 	whiteWaitInterTrial_4: autoDraw = False
118.6877 	EXP 	green_fb_2: autoDraw = False
118.6877 	EXP 	red_fb_2: autoDraw = False
118.6877 	EXP 	TrialPicture_2: size = array([0.75, 1.  ])
118.6877 	EXP 	TrialPicture_2: image = './stimuli/images/152.bmp'
118.6877 	EXP 	blackTrial_2: autoDraw = True
118.6877 	EXP 	whiteTrial_2: autoDraw = True
118.6877 	EXP 	TrialPicture_2: autoDraw = True
118.6877 	EXP 	green_2: autoDraw = True
118.6877 	EXP 	red_2: autoDraw = True
119.6885 	EXP 	blackTrial_2: autoDraw = False
119.6885 	EXP 	whiteTrial_2: autoDraw = False
119.6885 	EXP 	TrialPicture_2: autoDraw = False
119.6885 	EXP 	green_2: autoDraw = False
119.6885 	EXP 	red_2: autoDraw = False
119.6885 	EXP 	blackTrial_2: autoDraw = False
119.6885 	EXP 	whiteTrial_2: autoDraw = False
119.6885 	EXP 	TrialPicture_2: autoDraw = False
119.6885 	EXP 	green_2: autoDraw = False
119.6885 	EXP 	red_2: autoDraw = False
119.6885 	EXP 	whiteWaitInterTrial_4: size = array([0.75, 1.  ])
119.6885 	EXP 	blackWaitInterTrial_4: autoDraw = True
119.6885 	EXP 	whiteWaitInterTrial_4: autoDraw = True
119.6885 	EXP 	green_fb_2: autoDraw = True
119.6885 	EXP 	red_fb_2: autoDraw = True
121.3765 	EXP 	New trial (rep=11, index=0): None
121.3900 	EXP 	blackWaitInterTrial_4: autoDraw = False
121.3900 	EXP 	whiteWaitInterTrial_4: autoDraw = False
121.3900 	EXP 	green_fb_2: autoDraw = False
121.3900 	EXP 	red_fb_2: autoDraw = False
121.3900 	EXP 	blackWaitInterTrial_4: autoDraw = False
121.3900 	EXP 	whiteWaitInterTrial_4: autoDraw = False
121.3900 	EXP 	green_fb_2: autoDraw = False
121.3900 	EXP 	red_fb_2: autoDraw = False
121.3900 	EXP 	TrialPicture_2: size = array([0.75, 1.  ])
121.3900 	EXP 	TrialPicture_2: image = './stimuli/images/086.bmp'
121.3900 	EXP 	blackTrial_2: autoDraw = True
121.3900 	EXP 	whiteTrial_2: autoDraw = True
121.3900 	EXP 	TrialPicture_2: autoDraw = True
121.3900 	EXP 	green_2: autoDraw = True
121.3900 	EXP 	red_2: autoDraw = True
122.3910 	EXP 	blackTrial_2: autoDraw = False
122.3910 	EXP 	whiteTrial_2: autoDraw = False
122.3910 	EXP 	TrialPicture_2: autoDraw = False
122.3910 	EXP 	green_2: autoDraw = False
122.3910 	EXP 	red_2: autoDraw = False
122.3910 	EXP 	blackTrial_2: autoDraw = False
122.3910 	EXP 	whiteTrial_2: autoDraw = False
122.3910 	EXP 	TrialPicture_2: autoDraw = False
122.3910 	EXP 	green_2: autoDraw = False
122.3910 	EXP 	red_2: autoDraw = False
122.3910 	EXP 	whiteWaitInterTrial_4: size = array([0.75, 1.  ])
122.3910 	EXP 	blackWaitInterTrial_4: autoDraw = True
122.3910 	EXP 	whiteWaitInterTrial_4: autoDraw = True
122.3910 	EXP 	green_fb_2: autoDraw = True
122.3910 	EXP 	red_fb_2: autoDraw = True
123.9792 	EXP 	New trial (rep=12, index=0): None
124.0090 	EXP 	blackWaitInterTrial_4: autoDraw = False
124.0090 	EXP 	whiteWaitInterTrial_4: autoDraw = False
124.0090 	EXP 	green_fb_2: autoDraw = False
124.0090 	EXP 	red_fb_2: autoDraw = False
124.0090 	EXP 	blackWaitInterTrial_4: autoDraw = False
124.0090 	EXP 	whiteWaitInterTrial_4: autoDraw = False
124.0090 	EXP 	green_fb_2: autoDraw = False
124.0090 	EXP 	red_fb_2: autoDraw = False
124.0090 	EXP 	TrialPicture_2: size = array([0.75, 1.  ])
124.0090 	EXP 	TrialPicture_2: image = './stimuli/images/152.bmp'
124.0090 	EXP 	blackTrial_2: autoDraw = True
124.0090 	EXP 	whiteTrial_2: autoDraw = True
124.0090 	EXP 	TrialPicture_2: autoDraw = True
124.0090 	EXP 	green_2: autoDraw = True
124.0090 	EXP 	red_2: autoDraw = True
125.0099 	EXP 	blackTrial_2: autoDraw = False
125.0099 	EXP 	whiteTrial_2: autoDraw = False
125.0099 	EXP 	TrialPicture_2: autoDraw = False
125.0099 	EXP 	green_2: autoDraw = False
125.0099 	EXP 	red_2: autoDraw = False
125.0099 	EXP 	blackTrial_2: autoDraw = False
125.0099 	EXP 	whiteTrial_2: autoDraw = False
125.0099 	EXP 	TrialPicture_2: autoDraw = False
125.0099 	EXP 	green_2: autoDraw = False
125.0099 	EXP 	red_2: autoDraw = False
125.0099 	EXP 	whiteWaitInterTrial_4: size = array([0.75, 1.  ])
125.0099 	EXP 	blackWaitInterTrial_4: autoDraw = True
125.0099 	EXP 	whiteWaitInterTrial_4: autoDraw = True
125.0099 	EXP 	green_fb_2: autoDraw = True
125.0099 	EXP 	red_fb_2: autoDraw = True
126.5981 	EXP 	New trial (rep=13, index=0): None
126.6113 	EXP 	blackWaitInterTrial_4: autoDraw = False
126.6113 	EXP 	whiteWaitInterTrial_4: autoDraw = False
126.6113 	EXP 	green_fb_2: autoDraw = False
126.6113 	EXP 	red_fb_2: autoDraw = False
126.6113 	EXP 	blackWaitInterTrial_4: autoDraw = False
126.6113 	EXP 	whiteWaitInterTrial_4: autoDraw = False
126.6113 	EXP 	green_fb_2: autoDraw = False
126.6113 	EXP 	red_fb_2: autoDraw = False
126.6113 	EXP 	TrialPicture_2: size = array([0.75, 1.  ])
126.6113 	EXP 	TrialPicture_2: image = './stimuli/images/061.bmp'
126.6113 	EXP 	blackTrial_2: autoDraw = True
126.6113 	EXP 	whiteTrial_2: autoDraw = True
126.6113 	EXP 	TrialPicture_2: autoDraw = True
126.6113 	EXP 	green_2: autoDraw = True
126.6113 	EXP 	red_2: autoDraw = True
127.6121 	EXP 	blackTrial_2: autoDraw = False
127.6121 	EXP 	whiteTrial_2: autoDraw = False
127.6121 	EXP 	TrialPicture_2: autoDraw = False
127.6121 	EXP 	green_2: autoDraw = False
127.6121 	EXP 	red_2: autoDraw = False
127.6121 	EXP 	blackTrial_2: autoDraw = False
127.6121 	EXP 	whiteTrial_2: autoDraw = False
127.6121 	EXP 	TrialPicture_2: autoDraw = False
127.6121 	EXP 	green_2: autoDraw = False
127.6121 	EXP 	red_2: autoDraw = False
127.6121 	EXP 	whiteWaitInterTrial_4: size = array([0.75, 1.  ])
127.6121 	EXP 	blackWaitInterTrial_4: autoDraw = True
127.6121 	EXP 	whiteWaitInterTrial_4: autoDraw = True
127.6121 	EXP 	green_fb_2: autoDraw = True
127.6121 	EXP 	red_fb_2: autoDraw = True
129.3000 	EXP 	New trial (rep=14, index=0): None
129.3137 	EXP 	blackWaitInterTrial_4: autoDraw = False
129.3137 	EXP 	whiteWaitInterTrial_4: autoDraw = False
129.3137 	EXP 	green_fb_2: autoDraw = False
129.3137 	EXP 	red_fb_2: autoDraw = False
129.3137 	EXP 	blackWaitInterTrial_4: autoDraw = False
129.3137 	EXP 	whiteWaitInterTrial_4: autoDraw = False
129.3137 	EXP 	green_fb_2: autoDraw = False
129.3137 	EXP 	red_fb_2: autoDraw = False
129.3137 	EXP 	TrialPicture_2: size = array([0.75, 1.  ])
129.3137 	EXP 	TrialPicture_2: image = './stimuli/images/008.bmp'
129.3137 	EXP 	blackTrial_2: autoDraw = True
129.3137 	EXP 	whiteTrial_2: autoDraw = True
129.3137 	EXP 	TrialPicture_2: autoDraw = True
129.3137 	EXP 	green_2: autoDraw = True
129.3137 	EXP 	red_2: autoDraw = True
130.3145 	EXP 	blackTrial_2: autoDraw = False
130.3145 	EXP 	whiteTrial_2: autoDraw = False
130.3145 	EXP 	TrialPicture_2: autoDraw = False
130.3145 	EXP 	green_2: autoDraw = False
130.3145 	EXP 	red_2: autoDraw = False
130.3145 	EXP 	blackTrial_2: autoDraw = False
130.3145 	EXP 	whiteTrial_2: autoDraw = False
130.3145 	EXP 	TrialPicture_2: autoDraw = False
130.3145 	EXP 	green_2: autoDraw = False
130.3145 	EXP 	red_2: autoDraw = False
130.3145 	EXP 	whiteWaitInterTrial_4: size = array([0.75, 1.  ])
130.3145 	EXP 	blackWaitInterTrial_4: autoDraw = True
130.3145 	EXP 	whiteWaitInterTrial_4: autoDraw = True
130.3145 	EXP 	green_fb_2: autoDraw = True
130.3145 	EXP 	red_fb_2: autoDraw = True
132.0028 	EXP 	New trial (rep=15, index=0): None
132.0327 	EXP 	blackWaitInterTrial_4: autoDraw = False
132.0327 	EXP 	whiteWaitInterTrial_4: autoDraw = False
132.0327 	EXP 	green_fb_2: autoDraw = False
132.0327 	EXP 	red_fb_2: autoDraw = False
132.0327 	EXP 	blackWaitInterTrial_4: autoDraw = False
132.0327 	EXP 	whiteWaitInterTrial_4: autoDraw = False
132.0327 	EXP 	green_fb_2: autoDraw = False
132.0327 	EXP 	red_fb_2: autoDraw = False
132.0327 	EXP 	TrialPicture_2: size = array([0.75, 1.  ])
132.0327 	EXP 	TrialPicture_2: image = './stimuli/images/086.bmp'
132.0327 	EXP 	blackTrial_2: autoDraw = True
132.0327 	EXP 	whiteTrial_2: autoDraw = True
132.0327 	EXP 	TrialPicture_2: autoDraw = True
132.0327 	EXP 	green_2: autoDraw = True
132.0327 	EXP 	red_2: autoDraw = True
133.0335 	EXP 	blackTrial_2: autoDraw = False
133.0335 	EXP 	whiteTrial_2: autoDraw = False
133.0335 	EXP 	TrialPicture_2: autoDraw = False
133.0335 	EXP 	green_2: autoDraw = False
133.0335 	EXP 	red_2: autoDraw = False
133.0335 	EXP 	blackTrial_2: autoDraw = False
133.0335 	EXP 	whiteTrial_2: autoDraw = False
133.0335 	EXP 	TrialPicture_2: autoDraw = False
133.0335 	EXP 	green_2: autoDraw = False
133.0335 	EXP 	red_2: autoDraw = False
133.0335 	EXP 	whiteWaitInterTrial_4: size = array([0.75, 1.  ])
133.0335 	EXP 	blackWaitInterTrial_4: autoDraw = True
133.0335 	EXP 	whiteWaitInterTrial_4: autoDraw = True
133.0335 	EXP 	green_fb_2: autoDraw = True
133.0335 	EXP 	red_fb_2: autoDraw = True
134.8214 	EXP 	New trial (rep=16, index=0): None
134.8356 	EXP 	blackWaitInterTrial_4: autoDraw = False
134.8356 	EXP 	whiteWaitInterTrial_4: autoDraw = False
134.8356 	EXP 	green_fb_2: autoDraw = False
134.8356 	EXP 	red_fb_2: autoDraw = False
134.8356 	EXP 	blackWaitInterTrial_4: autoDraw = False
134.8356 	EXP 	whiteWaitInterTrial_4: autoDraw = False
134.8356 	EXP 	green_fb_2: autoDraw = False
134.8356 	EXP 	red_fb_2: autoDraw = False
134.8356 	EXP 	TrialPicture_2: size = array([0.75, 1.  ])
134.8356 	EXP 	TrialPicture_2: image = './stimuli/images/152.bmp'
134.8356 	EXP 	blackTrial_2: autoDraw = True
134.8356 	EXP 	whiteTrial_2: autoDraw = True
134.8356 	EXP 	TrialPicture_2: autoDraw = True
134.8356 	EXP 	green_2: autoDraw = True
134.8356 	EXP 	red_2: autoDraw = True
135.8371 	EXP 	blackTrial_2: autoDraw = False
135.8371 	EXP 	whiteTrial_2: autoDraw = False
135.8371 	EXP 	TrialPicture_2: autoDraw = False
135.8371 	EXP 	green_2: autoDraw = False
135.8371 	EXP 	red_2: autoDraw = False
135.8371 	EXP 	blackTrial_2: autoDraw = False
135.8371 	EXP 	whiteTrial_2: autoDraw = False
135.8371 	EXP 	TrialPicture_2: autoDraw = False
135.8371 	EXP 	green_2: autoDraw = False
135.8371 	EXP 	red_2: autoDraw = False
135.8371 	EXP 	whiteWaitInterTrial_4: size = array([0.75, 1.  ])
135.8371 	EXP 	blackWaitInterTrial_4: autoDraw = True
135.8371 	EXP 	whiteWaitInterTrial_4: autoDraw = True
135.8371 	EXP 	green_fb_2: autoDraw = True
135.8371 	EXP 	red_fb_2: autoDraw = True
137.5239 	EXP 	New trial (rep=17, index=0): None
137.5375 	EXP 	blackWaitInterTrial_4: autoDraw = False
137.5375 	EXP 	whiteWaitInterTrial_4: autoDraw = False
137.5375 	EXP 	green_fb_2: autoDraw = False
137.5375 	EXP 	red_fb_2: autoDraw = False
137.5375 	EXP 	blackWaitInterTrial_4: autoDraw = False
137.5375 	EXP 	whiteWaitInterTrial_4: autoDraw = False
137.5375 	EXP 	green_fb_2: autoDraw = False
137.5375 	EXP 	red_fb_2: autoDraw = False
137.5375 	EXP 	TrialPicture_2: size = array([0.75, 1.  ])
137.5375 	EXP 	TrialPicture_2: image = './stimuli/images/061.bmp'
137.5375 	EXP 	blackTrial_2: autoDraw = True
137.5375 	EXP 	whiteTrial_2: autoDraw = True
137.5375 	EXP 	TrialPicture_2: autoDraw = True
137.5375 	EXP 	green_2: autoDraw = True
137.5375 	EXP 	red_2: autoDraw = True
138.5383 	EXP 	blackTrial_2: autoDraw = False
138.5383 	EXP 	whiteTrial_2: autoDraw = False
138.5383 	EXP 	TrialPicture_2: autoDraw = False
138.5383 	EXP 	green_2: autoDraw = False
138.5383 	EXP 	red_2: autoDraw = False
138.5383 	EXP 	blackTrial_2: autoDraw = False
138.5383 	EXP 	whiteTrial_2: autoDraw = False
138.5383 	EXP 	TrialPicture_2: autoDraw = False
138.5383 	EXP 	green_2: autoDraw = False
138.5383 	EXP 	red_2: autoDraw = False
138.5383 	EXP 	whiteWaitInterTrial_4: size = array([0.75, 1.  ])
138.5383 	EXP 	blackWaitInterTrial_4: autoDraw = True
138.5383 	EXP 	whiteWaitInterTrial_4: autoDraw = True
138.5383 	EXP 	green_fb_2: autoDraw = True
138.5383 	EXP 	red_fb_2: autoDraw = True
140.1260 	EXP 	New trial (rep=18, index=0): None
140.1398 	EXP 	blackWaitInterTrial_4: autoDraw = False
140.1398 	EXP 	whiteWaitInterTrial_4: autoDraw = False
140.1398 	EXP 	green_fb_2: autoDraw = False
140.1398 	EXP 	red_fb_2: autoDraw = False
140.1398 	EXP 	blackWaitInterTrial_4: autoDraw = False
140.1398 	EXP 	whiteWaitInterTrial_4: autoDraw = False
140.1398 	EXP 	green_fb_2: autoDraw = False
140.1398 	EXP 	red_fb_2: autoDraw = False
140.1398 	EXP 	TrialPicture_2: size = array([0.75, 1.  ])
140.1398 	EXP 	TrialPicture_2: image = './stimuli/images/008.bmp'
140.1398 	EXP 	blackTrial_2: autoDraw = True
140.1398 	EXP 	whiteTrial_2: autoDraw = True
140.1398 	EXP 	TrialPicture_2: autoDraw = True
140.1398 	EXP 	green_2: autoDraw = True
140.1398 	EXP 	red_2: autoDraw = True
141.1406 	EXP 	blackTrial_2: autoDraw = False
141.1406 	EXP 	whiteTrial_2: autoDraw = False
141.1406 	EXP 	TrialPicture_2: autoDraw = False
141.1406 	EXP 	green_2: autoDraw = False
141.1406 	EXP 	red_2: autoDraw = False
141.1406 	EXP 	blackTrial_2: autoDraw = False
141.1406 	EXP 	whiteTrial_2: autoDraw = False
141.1406 	EXP 	TrialPicture_2: autoDraw = False
141.1406 	EXP 	green_2: autoDraw = False
141.1406 	EXP 	red_2: autoDraw = False
141.1406 	EXP 	whiteWaitInterTrial_4: size = array([0.75, 1.  ])
141.1406 	EXP 	blackWaitInterTrial_4: autoDraw = True
141.1406 	EXP 	whiteWaitInterTrial_4: autoDraw = True
141.1406 	EXP 	green_fb_2: autoDraw = True
141.1406 	EXP 	red_fb_2: autoDraw = True
142.8291 	EXP 	New trial (rep=19, index=0): None
142.8594 	EXP 	blackWaitInterTrial_4: autoDraw = False
142.8594 	EXP 	whiteWaitInterTrial_4: autoDraw = False
142.8594 	EXP 	green_fb_2: autoDraw = False
142.8594 	EXP 	red_fb_2: autoDraw = False
142.8594 	EXP 	blackWaitInterTrial_4: autoDraw = False
142.8594 	EXP 	whiteWaitInterTrial_4: autoDraw = False
142.8594 	EXP 	green_fb_2: autoDraw = False
142.8594 	EXP 	red_fb_2: autoDraw = False
142.8594 	EXP 	TrialPicture_2: size = array([0.75, 1.  ])
142.8594 	EXP 	TrialPicture_2: image = './stimuli/images/086.bmp'
142.8594 	EXP 	blackTrial_2: autoDraw = True
142.8594 	EXP 	whiteTrial_2: autoDraw = True
142.8594 	EXP 	TrialPicture_2: autoDraw = True
142.8594 	EXP 	green_2: autoDraw = True
142.8594 	EXP 	red_2: autoDraw = True
143.8598 	EXP 	blackTrial_2: autoDraw = False
143.8598 	EXP 	whiteTrial_2: autoDraw = False
143.8598 	EXP 	TrialPicture_2: autoDraw = False
143.8598 	EXP 	green_2: autoDraw = False
143.8598 	EXP 	red_2: autoDraw = False
143.8598 	EXP 	blackTrial_2: autoDraw = False
143.8598 	EXP 	whiteTrial_2: autoDraw = False
143.8598 	EXP 	TrialPicture_2: autoDraw = False
143.8598 	EXP 	green_2: autoDraw = False
143.8598 	EXP 	red_2: autoDraw = False
143.8598 	EXP 	whiteWaitInterTrial_4: size = array([0.75, 1.  ])
143.8598 	EXP 	blackWaitInterTrial_4: autoDraw = True
143.8598 	EXP 	whiteWaitInterTrial_4: autoDraw = True
143.8598 	EXP 	green_fb_2: autoDraw = True
143.8598 	EXP 	red_fb_2: autoDraw = True
145.4611 	EXP 	blackWaitInterTrial_4: autoDraw = False
145.4611 	EXP 	whiteWaitInterTrial_4: autoDraw = False
145.4611 	EXP 	green_fb_2: autoDraw = False
145.4611 	EXP 	red_fb_2: autoDraw = False
145.4611 	EXP 	blackWaitInterTrial_4: autoDraw = False
145.4611 	EXP 	whiteWaitInterTrial_4: autoDraw = False
145.4611 	EXP 	green_fb_2: autoDraw = False
145.4611 	EXP 	red_fb_2: autoDraw = False
145.4611 	EXP 	fixationImage_2: size = array([0.75, 1.  ])
145.4611 	EXP 	fixation_2: autoDraw = True
145.4611 	EXP 	fixationImage_2: autoDraw = True
147.4629 	EXP 	fixation_2: autoDraw = False
147.4629 	EXP 	fixationImage_2: autoDraw = False
147.4629 	EXP 	fixation_2: autoDraw = False
147.4629 	EXP 	fixationImage_2: autoDraw = False
147.4629 	EXP 	polygon_end_2: autoDraw = True
147.4629 	EXP 	end_text_2: autoDraw = True
149.4646 	EXP 	polygon_end_2: autoDraw = False
149.4646 	EXP 	end_text_2: autoDraw = False
149.6296 	EXP 	window1: mouseVisible = True
