3.7702 	EXP 	Created window1 = Window(allowGUI=False, allowStencil=False, args=UNKNOWN, autoLog=True, bitsMode=UNKNOWN, blendMode='avg', color=array([0., 0., 0.]), colorSpace='rgb', fullscr=<method-wrapper '__getattribute__' of attributeSetter object at 0x000002682EAF2780>, gamma=None, gammaErrorPolicy='raise', kwargs=UNKNOWN, lms=UNKNOWN, monitor=<psychopy.monitors.calibTools.Monitor object at 0x000002682EB33668>, multiSample=False, name='window1', numSamples=2, pos=[0.0, 0.0], screen=1, size=array([1920, 1200]), stereo=False, units='norm', useFBO=True, useRetina=False, viewOri=0.0, viewPos=None, viewScale=None, waitBlanking=True, winType='pyglet')
3.7702 	EXP 	window1: recordFrameIntervals = False
3.9366 	EXP 	window1: recordFrameIntervals = True
4.1202 	EXP 	window1: recordFrameIntervals = False
4.3276 	EXP 	Created polygon_1 = Rect(__class__=<class 'psychopy.visual.rect.Rect'>, autoDraw=False, autoLog=True, closeShape=True, color=method-wrapper(...), colorSpace=None, contrast=1.0, depth=0.0, fillColor='black', fillColorSpace='named', fillRGB=array([0., 0., 0.]), interpolate=True, lineColor='black', lineColorSpace='named', lineRGB=array([0., 0., 0.]), lineWidth=1, name='polygon_1', opacity=1.0, ori=array(0.), pos=array([0., 0.]), size=array([1., 1.]), units='norm', vertices=ndarray(...), win=Window(...))
4.4902 	EXP 	Created descriptionText_1 = TextStim(__class__=<class 'psychopy.visual.text.TextStim'>, alignHoriz='center', alignVert='center', antialias=True, autoLog=True, bold=False, color='white', colorSpace='named', contrast=1.0, depth=-1.0, flipHoriz=False, flipVert=False, font='Arial', fontFiles=[], height=0.09, italic=False, languageStyle='LTR', name='descriptionText_1', opacity=1.0, ori=0, pos=array([0., 0.]), rgb=array([255., 255., 255.]), text=str(...), units='norm', win=Window(...), wrapWidth=1)
4.4908 	EXP 	Created fixation10 = Rect(__class__=<class 'psychopy.visual.rect.Rect'>, autoDraw=False, autoLog=True, closeShape=True, color=method-wrapper(...), colorSpace=None, contrast=1.0, depth=0.0, fillColor='black', fillColorSpace='named', fillRGB=array([0., 0., 0.]), interpolate=True, lineColor='black', lineColorSpace='named', lineRGB=array([0., 0., 0.]), lineWidth=1, name='fixation10', opacity=1.0, ori=array(0.), pos=array([0., 0.]), size=array([1., 1.]), units='norm', vertices=ndarray(...), win=Window(...))
4.4981 	EXP 	Created fixationImage10 = ImageStim(__class__=<class 'psychopy.visual.image.ImageStim'>, autoLog=True, color=array([1., 1., 1.]), colorSpace='rgb', contrast=1.0, depth=-1.0, flipHoriz=False, flipVert=False, image='./stimuli/images/fix.bmp', interpolate=True, mask=None, maskParams=None, name='fixationImage10', opacity=1.0, ori=0.0, pos=array([0., 0.]), size=array([1., 1.]), texRes=128, units='norm', win=Window(...))
4.5146 	EXP 	Created text = TextStim(__class__=<class 'psychopy.visual.text.TextStim'>, alignHoriz='center', alignVert='center', antialias=True, autoLog=True, bold=False, color='white', colorSpace='named', contrast=1.0, depth=-2.0, flipHoriz=False, flipVert=False, font='Arial', fontFiles=[], height=0.3, italic=False, languageStyle='LTR', name='text', opacity=1.0, ori=0, pos=array([ 0. , -0.7]), rgb=array([255., 255., 255.]), text='3 . . .', units='norm', win=Window(...), wrapWidth=1)
4.5253 	EXP 	Created text_2 = TextStim(__class__=<class 'psychopy.visual.text.TextStim'>, alignHoriz='center', alignVert='center', antialias=True, autoLog=True, bold=False, color='white', colorSpace='named', contrast=1.0, depth=-3.0, flipHoriz=False, flipVert=False, font='Arial', fontFiles=[], height=0.3, italic=False, languageStyle='LTR', name='text_2', opacity=1.0, ori=0, pos=array([ 0. , -0.7]), rgb=array([255., 255., 255.]), text='2 . .', units='norm', win=Window(...), wrapWidth=1)
4.5298 	EXP 	Created text_3 = TextStim(__class__=<class 'psychopy.visual.text.TextStim'>, alignHoriz='center', alignVert='center', antialias=True, autoLog=True, bold=False, color='white', colorSpace='named', contrast=1.0, depth=-4.0, flipHoriz=False, flipVert=False, font='Arial', fontFiles=[], height=0.3, italic=False, languageStyle='LTR', name='text_3', opacity=1.0, ori=0, pos=array([ 0. , -0.7]), rgb=array([255., 255., 255.]), text='1 .', units='norm', win=Window(...), wrapWidth=1)
4.5304 	EXP 	Created blackProc = Rect(__class__=<class 'psychopy.visual.rect.Rect'>, autoDraw=False, autoLog=True, closeShape=True, color=method-wrapper(...), colorSpace=None, contrast=1.0, depth=-1.0, fillColor='black', fillColorSpace='named', fillRGB=array([0., 0., 0.]), interpolate=True, lineColor='black', lineColorSpace='named', lineRGB=array([0., 0., 0.]), lineWidth=1, name='blackProc', opacity=1.0, ori=array(0.), pos=array([0., 0.]), size=array([1., 1.]), units='norm', vertices=ndarray(...), win=Window(...))
4.5310 	EXP 	Created greenProc = Rect(__class__=<class 'psychopy.visual.rect.Rect'>, autoDraw=False, autoLog=True, closeShape=True, color=method-wrapper(...), colorSpace=None, contrast=1.0, depth=-2.0, fillColor='green', fillColorSpace='named', fillRGB=array([  0., 128.,   0.]), interpolate=True, lineColor='green', lineColorSpace='named', lineRGB=array([  0., 128.,   0.]), lineWidth=1, name='greenProc', opacity=1.0, ori=array(0.), pos=array([0., 0.]), size=array([1., 1.]), units='norm', vertices=ndarray(...), win=Window(...))
4.5328 	EXP 	Created ProcTarget = ImageStim(__class__=<class 'psychopy.visual.image.ImageStim'>, autoLog=True, color=array([1., 1., 1.]), colorSpace='rgb', contrast=1.0, depth=-3.0, flipHoriz=False, flipVert=False, image='sin', interpolate=True, mask=None, maskParams=None, name='ProcTarget', opacity=1.0, ori=0.0, pos=array([-0.4,  0. ]), size=array([1., 1.]), texRes=128, units='norm', win=Window(...))
4.5343 	EXP 	Created ProcPicture = ImageStim(__class__=<class 'psychopy.visual.image.ImageStim'>, autoLog=True, color=array([1., 1., 1.]), colorSpace='rgb', contrast=1.0, depth=-4.0, flipHoriz=False, flipVert=False, image='sin', interpolate=True, mask=None, maskParams=None, name='ProcPicture', opacity=1.0, ori=0.0, pos=array([0.4, 0. ]), size=array([1., 1.]), texRes=128, units='norm', win=Window(...))
4.5348 	EXP 	Created blackWaitInterTrial = Rect(__class__=<class 'psychopy.visual.rect.Rect'>, autoDraw=False, autoLog=True, closeShape=True, color=method-wrapper(...), colorSpace=None, contrast=1.0, depth=0.0, fillColor='black', fillColorSpace='named', fillRGB=array([0., 0., 0.]), interpolate=True, lineColor='black', lineColorSpace='named', lineRGB=array([0., 0., 0.]), lineWidth=1, name='blackWaitInterTrial', opacity=1.0, ori=array(0.), pos=array([0., 0.]), size=array([1., 1.]), units='norm', vertices=ndarray(...), win=Window(...))
4.5400 	EXP 	Created whiteWaitInterTrial = ImageStim(__class__=<class 'psychopy.visual.image.ImageStim'>, autoLog=True, color=array([1., 1., 1.]), colorSpace='rgb', contrast=1.0, depth=-1.0, flipHoriz=False, flipVert=False, image='./stimuli/images/blank.bmp', interpolate=True, mask=None, maskParams=None, name='whiteWaitInterTrial', opacity=1.0, ori=0.0, pos=array([0., 0.]), size=array([1., 1.]), texRes=128, units='norm', win=Window(...))
4.5405 	EXP 	Created blackTrial = Rect(__class__=<class 'psychopy.visual.rect.Rect'>, autoDraw=False, autoLog=True, closeShape=True, color=method-wrapper(...), colorSpace=None, contrast=1.0, depth=-1.0, fillColor='black', fillColorSpace='named', fillRGB=array([0., 0., 0.]), interpolate=True, lineColor='black', lineColorSpace='named', lineRGB=array([0., 0., 0.]), lineWidth=1, name='blackTrial', opacity=1.0, ori=array(0.), pos=array([0., 0.]), size=array([1., 1.]), units='norm', vertices=ndarray(...), win=Window(...))
4.5412 	EXP 	Created whiteTrial = Rect(__class__=<class 'psychopy.visual.rect.Rect'>, autoDraw=False, autoLog=True, closeShape=True, color=method-wrapper(...), colorSpace=None, contrast=1.0, depth=-2.0, fillColor='white', fillColorSpace='named', fillRGB=array([255., 255., 255.]), interpolate=True, lineColor='white', lineColorSpace='named', lineRGB=array([255., 255., 255.]), lineWidth=1, name='whiteTrial', opacity=1.0, ori=array(0.), pos=array([0., 0.]), size=array([1., 1.]), units='norm', vertices=ndarray(...), win=Window(...))
4.5427 	EXP 	Created TrialPicture = ImageStim(__class__=<class 'psychopy.visual.image.ImageStim'>, autoLog=True, color=array([1., 1., 1.]), colorSpace='rgb', contrast=1.0, depth=-3.0, flipHoriz=False, flipVert=False, image='sin', interpolate=True, mask=None, maskParams=None, name='TrialPicture', opacity=1.0, ori=0.0, pos=array([0., 0.]), size=array([1., 1.]), texRes=128, units='norm', win=Window(...))
4.5436 	EXP 	Created green_1 = ShapeStim(__class__=<class 'psychopy.visual.shape.ShapeStim'>, autoDraw=False, autoLog=True, closeShape=True, contrast=1.0, depth=-6.0, fillColor='green', fillColorSpace='named', interpolate=True, lineColor='green', lineColorSpace='named', lineWidth=1, name='green_1', opacity=1.0, ori=array(0.), pos=array([0., 0.]), size=array([0.05, 0.05]), units='norm', vertices=ndarray(...), win=Window(...), windingRule=None)
4.5442 	EXP 	Created red_1 = Rect(__class__=<class 'psychopy.visual.rect.Rect'>, autoDraw=False, autoLog=True, closeShape=True, color=method-wrapper(...), colorSpace=None, contrast=1.0, depth=-7.0, fillColor='red', fillColorSpace='named', fillRGB=array([255.,   0.,   0.]), interpolate=True, lineColor='red', lineColorSpace='named', lineRGB=array([255.,   0.,   0.]), lineWidth=1, name='red_1', opacity=1.0, ori=array(0.), pos=array([0., 0.]), size=array([1., 1.]), units='norm', vertices=ndarray(...), win=Window(...))
4.5447 	EXP 	Created blackWaitInterTrial_2 = Rect(__class__=<class 'psychopy.visual.rect.Rect'>, autoDraw=False, autoLog=True, closeShape=True, color=method-wrapper(...), colorSpace=None, contrast=1.0, depth=-1.0, fillColor='black', fillColorSpace='named', fillRGB=array([0., 0., 0.]), interpolate=True, lineColor='black', lineColorSpace='named', lineRGB=array([0., 0., 0.]), lineWidth=1, name='blackWaitInterTrial_2', opacity=1.0, ori=array(0.), pos=array([0., 0.]), size=array([1., 1.]), units='norm', vertices=ndarray(...), win=Window(...))
4.5509 	EXP 	Created whiteWaitInterTrial_2 = ImageStim(__class__=<class 'psychopy.visual.image.ImageStim'>, autoLog=True, color=array([1., 1., 1.]), colorSpace='rgb', contrast=1.0, depth=-2.0, flipHoriz=False, flipVert=False, image='./stimuli/images/blank.bmp', interpolate=True, mask=None, maskParams=None, name='whiteWaitInterTrial_2', opacity=1.0, ori=0.0, pos=array([0., 0.]), size=array([1., 1.]), texRes=128, units='norm', win=Window(...))
4.5514 	EXP 	Created green_fb_1 = ShapeStim(__class__=<class 'psychopy.visual.shape.ShapeStim'>, autoDraw=False, autoLog=True, closeShape=True, contrast=1.0, depth=-3.0, fillColor='green', fillColorSpace='named', interpolate=True, lineColor='green', lineColorSpace='named', lineWidth=1, name='green_fb_1', opacity=1.0, ori=array(0.), pos=array([0., 0.]), size=array([1., 1.]), units='norm', vertices=ndarray(...), win=Window(...), windingRule=None)
4.5520 	EXP 	Created red_fb_1 = Rect(__class__=<class 'psychopy.visual.rect.Rect'>, autoDraw=False, autoLog=True, closeShape=True, color=method-wrapper(...), colorSpace=None, contrast=1.0, depth=-4.0, fillColor='red', fillColorSpace='named', fillRGB=array([255.,   0.,   0.]), interpolate=True, lineColor='red', lineColorSpace='named', lineRGB=array([255.,   0.,   0.]), lineWidth=1, name='red_fb_1', opacity=1.0, ori=array(0.), pos=array([0., 0.]), size=array([1., 1.]), units='norm', vertices=ndarray(...), win=Window(...))
4.5525 	EXP 	Created fixation = Rect(__class__=<class 'psychopy.visual.rect.Rect'>, autoDraw=False, autoLog=True, closeShape=True, color=method-wrapper(...), colorSpace=None, contrast=1.0, depth=0.0, fillColor='black', fillColorSpace='named', fillRGB=array([0., 0., 0.]), interpolate=True, lineColor='black', lineColorSpace='named', lineRGB=array([0., 0., 0.]), lineWidth=1, name='fixation', opacity=1.0, ori=array(0.), pos=array([0., 0.]), size=array([1., 1.]), units='norm', vertices=ndarray(...), win=Window(...))
4.5577 	EXP 	Created fixationImage = ImageStim(__class__=<class 'psychopy.visual.image.ImageStim'>, autoLog=True, color=array([1., 1., 1.]), colorSpace='rgb', contrast=1.0, depth=-1.0, flipHoriz=False, flipVert=False, image='./stimuli/images/fix.bmp', interpolate=True, mask=None, maskParams=None, name='fixationImage', opacity=1.0, ori=0.0, pos=array([0., 0.]), size=array([1., 1.]), texRes=128, units='norm', win=Window(...))
4.5582 	EXP 	Created polygon_end = Rect(__class__=<class 'psychopy.visual.rect.Rect'>, autoDraw=False, autoLog=True, closeShape=True, color=method-wrapper(...), colorSpace=None, contrast=1.0, depth=0.0, fillColor='black', fillColorSpace='named', fillRGB=array([0., 0., 0.]), interpolate=True, lineColor='black', lineColorSpace='named', lineRGB=array([0., 0., 0.]), lineWidth=1, name='polygon_end', opacity=1.0, ori=array(0.), pos=array([0., 0.]), size=array([1., 1.]), units='norm', vertices=ndarray(...), win=Window(...))
4.5754 	EXP 	Created end_text = TextStim(__class__=<class 'psychopy.visual.text.TextStim'>, alignHoriz='center', alignVert='center', antialias=True, autoLog=True, bold=False, color='white', colorSpace='named', contrast=1.0, depth=-1.0, flipHoriz=False, flipVert=False, font='Arial', fontFiles=[], height=0.1, italic=False, languageStyle='LTR', name='end_text', opacity=1.0, ori=0, pos=array([0., 0.]), rgb=array([255., 255., 255.]), text='That completes Round 1 of the task', units='norm', win=Window(...), wrapWidth=1)
4.5760 	EXP 	Created polygon_15 = Rect(__class__=<class 'psychopy.visual.rect.Rect'>, autoDraw=False, autoLog=True, closeShape=True, color=method-wrapper(...), colorSpace=None, contrast=1.0, depth=0.0, fillColor='black', fillColorSpace='named', fillRGB=array([0., 0., 0.]), interpolate=True, lineColor='black', lineColorSpace='named', lineRGB=array([0., 0., 0.]), lineWidth=1, name='polygon_15', opacity=1.0, ori=array(0.), pos=array([0., 0.]), size=array([1., 1.]), units='norm', vertices=ndarray(...), win=Window(...))
4.6142 	EXP 	Created descriptionText_15 = TextStim(__class__=<class 'psychopy.visual.text.TextStim'>, alignHoriz='center', alignVert='center', antialias=True, autoLog=True, bold=False, color='white', colorSpace='named', contrast=1.0, depth=-1.0, flipHoriz=False, flipVert=False, font='Arial', fontFiles=[], height=0.09, italic=False, languageStyle='LTR', name='descriptionText_15', opacity=1.0, ori=0, pos=array([0., 0.]), rgb=array([255., 255., 255.]), text=str(...), units='norm', win=Window(...), wrapWidth=1)
4.6149 	EXP 	Created fixation10 = Rect(__class__=<class 'psychopy.visual.rect.Rect'>, autoDraw=False, autoLog=True, closeShape=True, color=method-wrapper(...), colorSpace=None, contrast=1.0, depth=0.0, fillColor='black', fillColorSpace='named', fillRGB=array([0., 0., 0.]), interpolate=True, lineColor='black', lineColorSpace='named', lineRGB=array([0., 0., 0.]), lineWidth=1, name='fixation10', opacity=1.0, ori=array(0.), pos=array([0., 0.]), size=array([1., 1.]), units='norm', vertices=ndarray(...), win=Window(...))
4.6292 	EXP 	Created fixationImage10 = ImageStim(__class__=<class 'psychopy.visual.image.ImageStim'>, autoLog=True, color=array([1., 1., 1.]), colorSpace='rgb', contrast=1.0, depth=-1.0, flipHoriz=False, flipVert=False, image='./stimuli/images/fix.bmp', interpolate=True, mask=None, maskParams=None, name='fixationImage10', opacity=1.0, ori=0.0, pos=array([0., 0.]), size=array([1., 1.]), texRes=128, units='norm', win=Window(...))
4.6318 	EXP 	Created text = TextStim(__class__=<class 'psychopy.visual.text.TextStim'>, alignHoriz='center', alignVert='center', antialias=True, autoLog=True, bold=False, color='white', colorSpace='named', contrast=1.0, depth=-2.0, flipHoriz=False, flipVert=False, font='Arial', fontFiles=[], height=0.3, italic=False, languageStyle='LTR', name='text', opacity=1.0, ori=0, pos=array([ 0. , -0.7]), rgb=array([255., 255., 255.]), text='3 . . .', units='norm', win=Window(...), wrapWidth=1)
4.6342 	EXP 	Created text_2 = TextStim(__class__=<class 'psychopy.visual.text.TextStim'>, alignHoriz='center', alignVert='center', antialias=True, autoLog=True, bold=False, color='white', colorSpace='named', contrast=1.0, depth=-3.0, flipHoriz=False, flipVert=False, font='Arial', fontFiles=[], height=0.3, italic=False, languageStyle='LTR', name='text_2', opacity=1.0, ori=0, pos=array([ 0. , -0.7]), rgb=array([255., 255., 255.]), text='2 . .', units='norm', win=Window(...), wrapWidth=1)
4.6364 	EXP 	Created text_3 = TextStim(__class__=<class 'psychopy.visual.text.TextStim'>, alignHoriz='center', alignVert='center', antialias=True, autoLog=True, bold=False, color='white', colorSpace='named', contrast=1.0, depth=-4.0, flipHoriz=False, flipVert=False, font='Arial', fontFiles=[], height=0.3, italic=False, languageStyle='LTR', name='text_3', opacity=1.0, ori=0, pos=array([ 0. , -0.7]), rgb=array([255., 255., 255.]), text='1 .', units='norm', win=Window(...), wrapWidth=1)
4.6370 	EXP 	Created blackProc_2 = Rect(__class__=<class 'psychopy.visual.rect.Rect'>, autoDraw=False, autoLog=True, closeShape=True, color=method-wrapper(...), colorSpace=None, contrast=1.0, depth=-1.0, fillColor='black', fillColorSpace='named', fillRGB=array([0., 0., 0.]), interpolate=True, lineColor='black', lineColorSpace='named', lineRGB=array([0., 0., 0.]), lineWidth=1, name='blackProc_2', opacity=1.0, ori=array(0.), pos=array([0., 0.]), size=array([1., 1.]), units='norm', vertices=ndarray(...), win=Window(...))
4.6375 	EXP 	Created greenProc_2 = Rect(__class__=<class 'psychopy.visual.rect.Rect'>, autoDraw=False, autoLog=True, closeShape=True, color=method-wrapper(...), colorSpace=None, contrast=1.0, depth=-2.0, fillColor='green', fillColorSpace='named', fillRGB=array([  0., 128.,   0.]), interpolate=True, lineColor='green', lineColorSpace='named', lineRGB=array([  0., 128.,   0.]), lineWidth=1, name='greenProc_2', opacity=1.0, ori=array(0.), pos=array([0., 0.]), size=array([1., 1.]), units='norm', vertices=ndarray(...), win=Window(...))
4.6391 	EXP 	Created ProcTarget_2 = ImageStim(__class__=<class 'psychopy.visual.image.ImageStim'>, autoLog=True, color=array([1., 1., 1.]), colorSpace='rgb', contrast=1.0, depth=-3.0, flipHoriz=False, flipVert=False, image='sin', interpolate=True, mask=None, maskParams=None, name='ProcTarget_2', opacity=1.0, ori=0.0, pos=array([-0.4,  0. ]), size=array([1., 1.]), texRes=128, units='norm', win=Window(...))
4.6406 	EXP 	Created ProcPicture_2 = ImageStim(__class__=<class 'psychopy.visual.image.ImageStim'>, autoLog=True, color=array([1., 1., 1.]), colorSpace='rgb', contrast=1.0, depth=-4.0, flipHoriz=False, flipVert=False, image='sin', interpolate=True, mask=None, maskParams=None, name='ProcPicture_2', opacity=1.0, ori=0.0, pos=array([0.4, 0. ]), size=array([1., 1.]), texRes=128, units='norm', win=Window(...))
4.6411 	EXP 	Created blackWaitInterTrial_3 = Rect(__class__=<class 'psychopy.visual.rect.Rect'>, autoDraw=False, autoLog=True, closeShape=True, color=method-wrapper(...), colorSpace=None, contrast=1.0, depth=0.0, fillColor='black', fillColorSpace='named', fillRGB=array([0., 0., 0.]), interpolate=True, lineColor='black', lineColorSpace='named', lineRGB=array([0., 0., 0.]), lineWidth=1, name='blackWaitInterTrial_3', opacity=1.0, ori=array(0.), pos=array([0., 0.]), size=array([1., 1.]), units='norm', vertices=ndarray(...), win=Window(...))
4.6463 	EXP 	Created whiteWaitInterTrial_3 = ImageStim(__class__=<class 'psychopy.visual.image.ImageStim'>, autoLog=True, color=array([1., 1., 1.]), colorSpace='rgb', contrast=1.0, depth=-1.0, flipHoriz=False, flipVert=False, image='./stimuli/images/blank.bmp', interpolate=True, mask=None, maskParams=None, name='whiteWaitInterTrial_3', opacity=1.0, ori=0.0, pos=array([0., 0.]), size=array([1., 1.]), texRes=128, units='norm', win=Window(...))
4.6469 	EXP 	Created blackTrial_2 = Rect(__class__=<class 'psychopy.visual.rect.Rect'>, autoDraw=False, autoLog=True, closeShape=True, color=method-wrapper(...), colorSpace=None, contrast=1.0, depth=-1.0, fillColor='black', fillColorSpace='named', fillRGB=array([0., 0., 0.]), interpolate=True, lineColor='black', lineColorSpace='named', lineRGB=array([0., 0., 0.]), lineWidth=1, name='blackTrial_2', opacity=1.0, ori=array(0.), pos=array([0., 0.]), size=array([1., 1.]), units='norm', vertices=ndarray(...), win=Window(...))
4.6474 	EXP 	Created whiteTrial_2 = Rect(__class__=<class 'psychopy.visual.rect.Rect'>, autoDraw=False, autoLog=True, closeShape=True, color=method-wrapper(...), colorSpace=None, contrast=1.0, depth=-2.0, fillColor='white', fillColorSpace='named', fillRGB=array([255., 255., 255.]), interpolate=True, lineColor='white', lineColorSpace='named', lineRGB=array([255., 255., 255.]), lineWidth=1, name='whiteTrial_2', opacity=1.0, ori=array(0.), pos=array([0., 0.]), size=array([1., 1.]), units='norm', vertices=ndarray(...), win=Window(...))
4.6489 	EXP 	Created TrialPicture_2 = ImageStim(__class__=<class 'psychopy.visual.image.ImageStim'>, autoLog=True, color=array([1., 1., 1.]), colorSpace='rgb', contrast=1.0, depth=-3.0, flipHoriz=False, flipVert=False, image='sin', interpolate=True, mask=None, maskParams=None, name='TrialPicture_2', opacity=1.0, ori=0.0, pos=array([0., 0.]), size=array([1., 1.]), texRes=128, units='norm', win=Window(...))
4.6499 	EXP 	Created green_2 = ShapeStim(__class__=<class 'psychopy.visual.shape.ShapeStim'>, autoDraw=False, autoLog=True, closeShape=True, contrast=1.0, depth=-6.0, fillColor='green', fillColorSpace='named', interpolate=True, lineColor='green', lineColorSpace='named', lineWidth=1, name='green_2', opacity=1.0, ori=array(0.), pos=array([0., 0.]), size=array([0.05, 0.05]), units='norm', vertices=ndarray(...), win=Window(...), windingRule=None)
4.6504 	EXP 	Created red_2 = Rect(__class__=<class 'psychopy.visual.rect.Rect'>, autoDraw=False, autoLog=True, closeShape=True, color=method-wrapper(...), colorSpace=None, contrast=1.0, depth=-7.0, fillColor='red', fillColorSpace='named', fillRGB=array([255.,   0.,   0.]), interpolate=True, lineColor='red', lineColorSpace='named', lineRGB=array([255.,   0.,   0.]), lineWidth=1, name='red_2', opacity=1.0, ori=array(0.), pos=array([0., 0.]), size=array([1., 1.]), units='norm', vertices=ndarray(...), win=Window(...))
4.6509 	EXP 	Created blackWaitInterTrial_4 = Rect(__class__=<class 'psychopy.visual.rect.Rect'>, autoDraw=False, autoLog=True, closeShape=True, color=method-wrapper(...), colorSpace=None, contrast=1.0, depth=-1.0, fillColor='black', fillColorSpace='named', fillRGB=array([0., 0., 0.]), interpolate=True, lineColor='black', lineColorSpace='named', lineRGB=array([0., 0., 0.]), lineWidth=1, name='blackWaitInterTrial_4', opacity=1.0, ori=array(0.), pos=array([0., 0.]), size=array([1., 1.]), units='norm', vertices=ndarray(...), win=Window(...))
4.6574 	EXP 	Created whiteWaitInterTrial_4 = ImageStim(__class__=<class 'psychopy.visual.image.ImageStim'>, autoLog=True, color=array([1., 1., 1.]), colorSpace='rgb', contrast=1.0, depth=-2.0, flipHoriz=False, flipVert=False, image='./stimuli/images/blank.bmp', interpolate=True, mask=None, maskParams=None, name='whiteWaitInterTrial_4', opacity=1.0, ori=0.0, pos=array([0., 0.]), size=array([1., 1.]), texRes=128, units='norm', win=Window(...))
4.6580 	EXP 	Created green_fb_2 = ShapeStim(__class__=<class 'psychopy.visual.shape.ShapeStim'>, autoDraw=False, autoLog=True, closeShape=True, contrast=1.0, depth=-3.0, fillColor='green', fillColorSpace='named', interpolate=True, lineColor='green', lineColorSpace='named', lineWidth=1, name='green_fb_2', opacity=1.0, ori=array(0.), pos=array([0., 0.]), size=array([1., 1.]), units='norm', vertices=ndarray(...), win=Window(...), windingRule=None)
4.6586 	EXP 	Created red_fb_2 = Rect(__class__=<class 'psychopy.visual.rect.Rect'>, autoDraw=False, autoLog=True, closeShape=True, color=method-wrapper(...), colorSpace=None, contrast=1.0, depth=-4.0, fillColor='red', fillColorSpace='named', fillRGB=array([255.,   0.,   0.]), interpolate=True, lineColor='red', lineColorSpace='named', lineRGB=array([255.,   0.,   0.]), lineWidth=1, name='red_fb_2', opacity=1.0, ori=array(0.), pos=array([0., 0.]), size=array([1., 1.]), units='norm', vertices=ndarray(...), win=Window(...))
4.6591 	EXP 	Created fixation_2 = Rect(__class__=<class 'psychopy.visual.rect.Rect'>, autoDraw=False, autoLog=True, closeShape=True, color=method-wrapper(...), colorSpace=None, contrast=1.0, depth=0.0, fillColor='black', fillColorSpace='named', fillRGB=array([0., 0., 0.]), interpolate=True, lineColor='black', lineColorSpace='named', lineRGB=array([0., 0., 0.]), lineWidth=1, name='fixation_2', opacity=1.0, ori=array(0.), pos=array([0., 0.]), size=array([1., 1.]), units='norm', vertices=ndarray(...), win=Window(...))
4.6644 	EXP 	Created fixationImage_2 = ImageStim(__class__=<class 'psychopy.visual.image.ImageStim'>, autoLog=True, color=array([1., 1., 1.]), colorSpace='rgb', contrast=1.0, depth=-1.0, flipHoriz=False, flipVert=False, image='./stimuli/images/fix.bmp', interpolate=True, mask=None, maskParams=None, name='fixationImage_2', opacity=1.0, ori=0.0, pos=array([0., 0.]), size=array([1., 1.]), texRes=128, units='norm', win=Window(...))
4.6650 	EXP 	Created polygon_end_2 = Rect(__class__=<class 'psychopy.visual.rect.Rect'>, autoDraw=False, autoLog=True, closeShape=True, color=method-wrapper(...), colorSpace=None, contrast=1.0, depth=0.0, fillColor='black', fillColorSpace='named', fillRGB=array([0., 0., 0.]), interpolate=True, lineColor='black', lineColorSpace='named', lineRGB=array([0., 0., 0.]), lineWidth=1, name='polygon_end_2', opacity=1.0, ori=array(0.), pos=array([0., 0.]), size=array([1., 1.]), units='norm', vertices=ndarray(...), win=Window(...))
4.6725 	EXP 	Created end_text_2 = TextStim(__class__=<class 'psychopy.visual.text.TextStim'>, alignHoriz='center', alignVert='center', antialias=True, autoLog=True, bold=False, color='white', colorSpace='named', contrast=1.0, depth=-1.0, flipHoriz=False, flipVert=False, font='Arial', fontFiles=[], height=0.1, italic=False, languageStyle='LTR', name='end_text_2', opacity=1.0, ori=0, pos=array([0., 0.]), rgb=array([255., 255., 255.]), text='Thank you for your participation!', units='norm', win=Window(...), wrapWidth=1)
5.1701 	WARNING 	Hamming was requested using the 'pygame' sound library but hamming is not supported there.
5.1710 	EXP 	Set sound_1 sound=./lib/sound/bird.wav
5.1710 	WARNING 	Hamming was requested using the 'pygame' sound library but hamming is not supported there.
5.1715 	EXP 	Set sound_2 sound=./lib/sound/bang.wav
5.2210 	EXP 	polygon_1: autoDraw = True
5.2210 	EXP 	descriptionText_1: autoDraw = True
7.5817 	DATA 	Keypress: space
7.5898 	EXP 	polygon_1: autoDraw = False
7.5898 	EXP 	descriptionText_1: autoDraw = False
7.5898 	EXP 	fixationImage10: size = array([0.75, 1.  ])
7.5898 	EXP 	fixation10: autoDraw = True
7.5898 	EXP 	fixationImage10: autoDraw = True
7.5898 	EXP 	text: autoDraw = True
8.5741 	EXP 	text_2: autoDraw = True
8.5908 	EXP 	text: autoDraw = False
9.5748 	EXP 	text_2: autoDraw = False
9.5748 	EXP 	text_3: autoDraw = True
10.5758 	EXP 	text_3: autoDraw = False
10.5784 	EXP 	Created sequence: sequential, trialTypes=1, nReps=1, seed=None
10.5786 	EXP 	New trial (rep=0, index=0): None
10.6091 	EXP 	fixation10: autoDraw = False
10.6091 	EXP 	fixationImage10: autoDraw = False
10.6091 	EXP 	fixation10: autoDraw = False
10.6091 	EXP 	fixationImage10: autoDraw = False
10.6091 	EXP 	text: autoDraw = False
10.6091 	EXP 	text_2: autoDraw = False
10.6091 	EXP 	text_3: autoDraw = False
10.6091 	EXP 	greenProc: size = array([1.6, 1.2])
10.6091 	EXP 	ProcTarget: size = array([0.75, 1.  ])
10.6091 	EXP 	ProcTarget: image = './stimuli/images/205.bmp'
10.6091 	EXP 	ProcPicture: size = array([0.75, 1.  ])
10.6091 	EXP 	ProcPicture: image = './stimuli/images/142.bmp'
10.6091 	EXP 	blackProc: autoDraw = True
10.6091 	EXP 	greenProc: autoDraw = True
10.6091 	EXP 	ProcTarget: autoDraw = True
10.6091 	EXP 	ProcPicture: autoDraw = True
14.1128 	EXP 	blackProc: autoDraw = False
14.1128 	EXP 	greenProc: autoDraw = False
14.1128 	EXP 	ProcTarget: autoDraw = False
14.1128 	EXP 	ProcPicture: autoDraw = False
14.1128 	EXP 	blackProc: autoDraw = False
14.1128 	EXP 	greenProc: autoDraw = False
14.1128 	EXP 	ProcTarget: autoDraw = False
14.1128 	EXP 	ProcPicture: autoDraw = False
14.1128 	EXP 	whiteWaitInterTrial: size = array([0.75, 1.  ])
14.1128 	EXP 	blackWaitInterTrial: autoDraw = True
14.1128 	EXP 	whiteWaitInterTrial: autoDraw = True
15.5993 	EXP 	Created sequence: sequential, trialTypes=1, nReps=20, seed=None
15.5995 	EXP 	New trial (rep=0, index=0): None
15.6302 	EXP 	blackWaitInterTrial: autoDraw = False
15.6302 	EXP 	whiteWaitInterTrial: autoDraw = False
15.6302 	EXP 	blackWaitInterTrial: autoDraw = False
15.6302 	EXP 	whiteWaitInterTrial: autoDraw = False
15.6302 	EXP 	TrialPicture: size = array([0.75, 1.  ])
15.6302 	EXP 	TrialPicture: image = './stimuli/images/142.bmp'
15.6302 	EXP 	blackTrial: autoDraw = True
15.6302 	EXP 	whiteTrial: autoDraw = True
15.6302 	EXP 	TrialPicture: autoDraw = True
15.6302 	EXP 	green_1: autoDraw = True
15.6302 	EXP 	red_1: autoDraw = True
16.6311 	EXP 	blackTrial: autoDraw = False
16.6311 	EXP 	whiteTrial: autoDraw = False
16.6311 	EXP 	TrialPicture: autoDraw = False
16.6311 	EXP 	green_1: autoDraw = False
16.6311 	EXP 	red_1: autoDraw = False
16.6311 	EXP 	blackTrial: autoDraw = False
16.6311 	EXP 	whiteTrial: autoDraw = False
16.6311 	EXP 	TrialPicture: autoDraw = False
16.6311 	EXP 	green_1: autoDraw = False
16.6311 	EXP 	red_1: autoDraw = False
16.6311 	EXP 	whiteWaitInterTrial_2: size = array([0.75, 1.  ])
16.6311 	EXP 	blackWaitInterTrial_2: autoDraw = True
16.6311 	EXP 	whiteWaitInterTrial_2: autoDraw = True
16.6311 	EXP 	green_fb_1: autoDraw = True
16.6311 	EXP 	red_fb_1: autoDraw = True
18.0853 	DATA 	Keypress: a
18.4200 	EXP 	New trial (rep=1, index=0): None
18.4494 	EXP 	blackWaitInterTrial_2: autoDraw = False
18.4494 	EXP 	whiteWaitInterTrial_2: autoDraw = False
18.4494 	EXP 	green_fb_1: autoDraw = False
18.4494 	EXP 	red_fb_1: autoDraw = False
18.4494 	EXP 	blackWaitInterTrial_2: autoDraw = False
18.4494 	EXP 	whiteWaitInterTrial_2: autoDraw = False
18.4494 	EXP 	green_fb_1: autoDraw = False
18.4494 	EXP 	red_fb_1: autoDraw = False
18.4494 	EXP 	TrialPicture: size = array([0.75, 1.  ])
18.4494 	EXP 	TrialPicture: image = './stimuli/images/186.bmp'
18.4494 	EXP 	blackTrial: autoDraw = True
18.4494 	EXP 	whiteTrial: autoDraw = True
18.4494 	EXP 	TrialPicture: autoDraw = True
18.4494 	EXP 	green_1: autoDraw = True
18.4494 	EXP 	red_1: autoDraw = True
18.4513 	EXP 	Sound sound_1 started
18.4548 	DATA 	Keypress: a
18.7041 	DATA 	Keypress: a
19.4502 	EXP 	blackTrial: autoDraw = False
19.4502 	EXP 	whiteTrial: autoDraw = False
19.4502 	EXP 	TrialPicture: autoDraw = False
19.4502 	EXP 	green_1: autoDraw = False
19.4502 	EXP 	red_1: autoDraw = False
19.4502 	EXP 	blackTrial: autoDraw = False
19.4502 	EXP 	whiteTrial: autoDraw = False
19.4502 	EXP 	TrialPicture: autoDraw = False
19.4502 	EXP 	green_1: autoDraw = False
19.4502 	EXP 	red_1: autoDraw = False
19.4502 	EXP 	whiteWaitInterTrial_2: size = array([0.75, 1.  ])
19.4502 	EXP 	blackWaitInterTrial_2: autoDraw = True
19.4502 	EXP 	whiteWaitInterTrial_2: autoDraw = True
19.4502 	EXP 	green_fb_1: autoDraw = True
19.4502 	EXP 	red_fb_1: autoDraw = True
21.2388 	EXP 	New trial (rep=2, index=0): None
21.2685 	EXP 	blackWaitInterTrial_2: autoDraw = False
21.2685 	EXP 	whiteWaitInterTrial_2: autoDraw = False
21.2685 	EXP 	green_fb_1: autoDraw = False
21.2685 	EXP 	red_fb_1: autoDraw = False
21.2685 	EXP 	blackWaitInterTrial_2: autoDraw = False
21.2685 	EXP 	whiteWaitInterTrial_2: autoDraw = False
21.2685 	EXP 	green_fb_1: autoDraw = False
21.2685 	EXP 	red_fb_1: autoDraw = False
21.2685 	EXP 	TrialPicture: size = array([0.75, 1.  ])
21.2685 	EXP 	TrialPicture: image = './stimuli/images/205.bmp'
21.2685 	EXP 	blackTrial: autoDraw = True
21.2685 	EXP 	whiteTrial: autoDraw = True
21.2685 	EXP 	TrialPicture: autoDraw = True
21.2685 	EXP 	green_1: autoDraw = True
21.2685 	EXP 	red_1: autoDraw = True
22.2693 	EXP 	blackTrial: autoDraw = False
22.2693 	EXP 	whiteTrial: autoDraw = False
22.2693 	EXP 	TrialPicture: autoDraw = False
22.2693 	EXP 	green_1: autoDraw = False
22.2693 	EXP 	red_1: autoDraw = False
22.2693 	EXP 	blackTrial: autoDraw = False
22.2693 	EXP 	whiteTrial: autoDraw = False
22.2693 	EXP 	TrialPicture: autoDraw = False
22.2693 	EXP 	green_1: autoDraw = False
22.2693 	EXP 	red_1: autoDraw = False
22.2693 	EXP 	whiteWaitInterTrial_2: size = array([0.75, 1.  ])
22.2693 	EXP 	blackWaitInterTrial_2: autoDraw = True
22.2693 	EXP 	whiteWaitInterTrial_2: autoDraw = True
22.2693 	EXP 	green_fb_1: autoDraw = True
22.2693 	EXP 	red_fb_1: autoDraw = True
23.9570 	EXP 	New trial (rep=3, index=0): None
23.9875 	EXP 	blackWaitInterTrial_2: autoDraw = False
23.9875 	EXP 	whiteWaitInterTrial_2: autoDraw = False
23.9875 	EXP 	green_fb_1: autoDraw = False
23.9875 	EXP 	red_fb_1: autoDraw = False
23.9875 	EXP 	blackWaitInterTrial_2: autoDraw = False
23.9875 	EXP 	whiteWaitInterTrial_2: autoDraw = False
23.9875 	EXP 	green_fb_1: autoDraw = False
23.9875 	EXP 	red_fb_1: autoDraw = False
23.9875 	EXP 	TrialPicture: size = array([0.75, 1.  ])
23.9875 	EXP 	TrialPicture: image = './stimuli/images/149.bmp'
23.9875 	EXP 	blackTrial: autoDraw = True
23.9875 	EXP 	whiteTrial: autoDraw = True
23.9875 	EXP 	TrialPicture: autoDraw = True
23.9875 	EXP 	green_1: autoDraw = True
23.9875 	EXP 	red_1: autoDraw = True
24.9884 	EXP 	blackTrial: autoDraw = False
24.9884 	EXP 	whiteTrial: autoDraw = False
24.9884 	EXP 	TrialPicture: autoDraw = False
24.9884 	EXP 	green_1: autoDraw = False
24.9884 	EXP 	red_1: autoDraw = False
24.9884 	EXP 	blackTrial: autoDraw = False
24.9884 	EXP 	whiteTrial: autoDraw = False
24.9884 	EXP 	TrialPicture: autoDraw = False
24.9884 	EXP 	green_1: autoDraw = False
24.9884 	EXP 	red_1: autoDraw = False
24.9884 	EXP 	whiteWaitInterTrial_2: size = array([0.75, 1.  ])
24.9884 	EXP 	blackWaitInterTrial_2: autoDraw = True
24.9884 	EXP 	whiteWaitInterTrial_2: autoDraw = True
24.9884 	EXP 	green_fb_1: autoDraw = True
24.9884 	EXP 	red_fb_1: autoDraw = True
26.5762 	EXP 	New trial (rep=4, index=0): None
26.5898 	EXP 	blackWaitInterTrial_2: autoDraw = False
26.5898 	EXP 	whiteWaitInterTrial_2: autoDraw = False
26.5898 	EXP 	green_fb_1: autoDraw = False
26.5898 	EXP 	red_fb_1: autoDraw = False
26.5898 	EXP 	blackWaitInterTrial_2: autoDraw = False
26.5898 	EXP 	whiteWaitInterTrial_2: autoDraw = False
26.5898 	EXP 	green_fb_1: autoDraw = False
26.5898 	EXP 	red_fb_1: autoDraw = False
26.5898 	EXP 	TrialPicture: size = array([0.75, 1.  ])
26.5898 	EXP 	TrialPicture: image = './stimuli/images/142.bmp'
26.5898 	EXP 	blackTrial: autoDraw = True
26.5898 	EXP 	whiteTrial: autoDraw = True
26.5898 	EXP 	TrialPicture: autoDraw = True
26.5898 	EXP 	green_1: autoDraw = True
26.5898 	EXP 	red_1: autoDraw = True
27.5906 	EXP 	blackTrial: autoDraw = False
27.5906 	EXP 	whiteTrial: autoDraw = False
27.5906 	EXP 	TrialPicture: autoDraw = False
27.5906 	EXP 	green_1: autoDraw = False
27.5906 	EXP 	red_1: autoDraw = False
27.5906 	EXP 	blackTrial: autoDraw = False
27.5906 	EXP 	whiteTrial: autoDraw = False
27.5906 	EXP 	TrialPicture: autoDraw = False
27.5906 	EXP 	green_1: autoDraw = False
27.5906 	EXP 	red_1: autoDraw = False
27.5906 	EXP 	whiteWaitInterTrial_2: size = array([0.75, 1.  ])
27.5906 	EXP 	blackWaitInterTrial_2: autoDraw = True
27.5906 	EXP 	whiteWaitInterTrial_2: autoDraw = True
27.5906 	EXP 	green_fb_1: autoDraw = True
27.5906 	EXP 	red_fb_1: autoDraw = True
29.1785 	EXP 	New trial (rep=5, index=0): None
29.1920 	EXP 	blackWaitInterTrial_2: autoDraw = False
29.1920 	EXP 	whiteWaitInterTrial_2: autoDraw = False
29.1920 	EXP 	green_fb_1: autoDraw = False
29.1920 	EXP 	red_fb_1: autoDraw = False
29.1920 	EXP 	blackWaitInterTrial_2: autoDraw = False
29.1920 	EXP 	whiteWaitInterTrial_2: autoDraw = False
29.1920 	EXP 	green_fb_1: autoDraw = False
29.1920 	EXP 	red_fb_1: autoDraw = False
29.1920 	EXP 	TrialPicture: size = array([0.75, 1.  ])
29.1920 	EXP 	TrialPicture: image = './stimuli/images/205.bmp'
29.1920 	EXP 	blackTrial: autoDraw = True
29.1920 	EXP 	whiteTrial: autoDraw = True
29.1920 	EXP 	TrialPicture: autoDraw = True
29.1920 	EXP 	green_1: autoDraw = True
29.1920 	EXP 	red_1: autoDraw = True
30.1929 	EXP 	blackTrial: autoDraw = False
30.1929 	EXP 	whiteTrial: autoDraw = False
30.1929 	EXP 	TrialPicture: autoDraw = False
30.1929 	EXP 	green_1: autoDraw = False
30.1929 	EXP 	red_1: autoDraw = False
30.1929 	EXP 	blackTrial: autoDraw = False
30.1929 	EXP 	whiteTrial: autoDraw = False
30.1929 	EXP 	TrialPicture: autoDraw = False
30.1929 	EXP 	green_1: autoDraw = False
30.1929 	EXP 	red_1: autoDraw = False
30.1929 	EXP 	whiteWaitInterTrial_2: size = array([0.75, 1.  ])
30.1929 	EXP 	blackWaitInterTrial_2: autoDraw = True
30.1929 	EXP 	whiteWaitInterTrial_2: autoDraw = True
30.1929 	EXP 	green_fb_1: autoDraw = True
30.1929 	EXP 	red_fb_1: autoDraw = True
31.9809 	EXP 	New trial (rep=6, index=0): None
31.9945 	EXP 	blackWaitInterTrial_2: autoDraw = False
31.9945 	EXP 	whiteWaitInterTrial_2: autoDraw = False
31.9945 	EXP 	green_fb_1: autoDraw = False
31.9945 	EXP 	red_fb_1: autoDraw = False
31.9945 	EXP 	blackWaitInterTrial_2: autoDraw = False
31.9945 	EXP 	whiteWaitInterTrial_2: autoDraw = False
31.9945 	EXP 	green_fb_1: autoDraw = False
31.9945 	EXP 	red_fb_1: autoDraw = False
31.9945 	EXP 	TrialPicture: size = array([0.75, 1.  ])
31.9945 	EXP 	TrialPicture: image = './stimuli/images/149.bmp'
31.9945 	EXP 	blackTrial: autoDraw = True
31.9945 	EXP 	whiteTrial: autoDraw = True
31.9945 	EXP 	TrialPicture: autoDraw = True
31.9945 	EXP 	green_1: autoDraw = True
31.9945 	EXP 	red_1: autoDraw = True
32.9954 	EXP 	blackTrial: autoDraw = False
32.9954 	EXP 	whiteTrial: autoDraw = False
32.9954 	EXP 	TrialPicture: autoDraw = False
32.9954 	EXP 	green_1: autoDraw = False
32.9954 	EXP 	red_1: autoDraw = False
32.9954 	EXP 	blackTrial: autoDraw = False
32.9954 	EXP 	whiteTrial: autoDraw = False
32.9954 	EXP 	TrialPicture: autoDraw = False
32.9954 	EXP 	green_1: autoDraw = False
32.9954 	EXP 	red_1: autoDraw = False
32.9954 	EXP 	whiteWaitInterTrial_2: size = array([0.75, 1.  ])
32.9954 	EXP 	blackWaitInterTrial_2: autoDraw = True
32.9954 	EXP 	whiteWaitInterTrial_2: autoDraw = True
32.9954 	EXP 	green_fb_1: autoDraw = True
32.9954 	EXP 	red_fb_1: autoDraw = True
34.5836 	EXP 	New trial (rep=7, index=0): None
34.5968 	EXP 	blackWaitInterTrial_2: autoDraw = False
34.5968 	EXP 	whiteWaitInterTrial_2: autoDraw = False
34.5968 	EXP 	green_fb_1: autoDraw = False
34.5968 	EXP 	red_fb_1: autoDraw = False
34.5968 	EXP 	blackWaitInterTrial_2: autoDraw = False
34.5968 	EXP 	whiteWaitInterTrial_2: autoDraw = False
34.5968 	EXP 	green_fb_1: autoDraw = False
34.5968 	EXP 	red_fb_1: autoDraw = False
34.5968 	EXP 	TrialPicture: size = array([0.75, 1.  ])
34.5968 	EXP 	TrialPicture: image = './stimuli/images/186.bmp'
34.5968 	EXP 	blackTrial: autoDraw = True
34.5968 	EXP 	whiteTrial: autoDraw = True
34.5968 	EXP 	TrialPicture: autoDraw = True
34.5968 	EXP 	green_1: autoDraw = True
34.5968 	EXP 	red_1: autoDraw = True
35.5977 	EXP 	blackTrial: autoDraw = False
35.5977 	EXP 	whiteTrial: autoDraw = False
35.5977 	EXP 	TrialPicture: autoDraw = False
35.5977 	EXP 	green_1: autoDraw = False
35.5977 	EXP 	red_1: autoDraw = False
35.5977 	EXP 	blackTrial: autoDraw = False
35.5977 	EXP 	whiteTrial: autoDraw = False
35.5977 	EXP 	TrialPicture: autoDraw = False
35.5977 	EXP 	green_1: autoDraw = False
35.5977 	EXP 	red_1: autoDraw = False
35.5977 	EXP 	whiteWaitInterTrial_2: size = array([0.75, 1.  ])
35.5977 	EXP 	blackWaitInterTrial_2: autoDraw = True
35.5977 	EXP 	whiteWaitInterTrial_2: autoDraw = True
35.5977 	EXP 	green_fb_1: autoDraw = True
35.5977 	EXP 	red_fb_1: autoDraw = True
37.2847 	EXP 	New trial (rep=8, index=0): None
37.2991 	EXP 	blackWaitInterTrial_2: autoDraw = False
37.2991 	EXP 	whiteWaitInterTrial_2: autoDraw = False
37.2991 	EXP 	green_fb_1: autoDraw = False
37.2991 	EXP 	red_fb_1: autoDraw = False
37.2991 	EXP 	blackWaitInterTrial_2: autoDraw = False
37.2991 	EXP 	whiteWaitInterTrial_2: autoDraw = False
37.2991 	EXP 	green_fb_1: autoDraw = False
37.2991 	EXP 	red_fb_1: autoDraw = False
37.2991 	EXP 	TrialPicture: size = array([0.75, 1.  ])
37.2991 	EXP 	TrialPicture: image = './stimuli/images/205.bmp'
37.2991 	EXP 	blackTrial: autoDraw = True
37.2991 	EXP 	whiteTrial: autoDraw = True
37.2991 	EXP 	TrialPicture: autoDraw = True
37.2991 	EXP 	green_1: autoDraw = True
37.2991 	EXP 	red_1: autoDraw = True
38.3000 	EXP 	blackTrial: autoDraw = False
38.3000 	EXP 	whiteTrial: autoDraw = False
38.3000 	EXP 	TrialPicture: autoDraw = False
38.3000 	EXP 	green_1: autoDraw = False
38.3000 	EXP 	red_1: autoDraw = False
38.3000 	EXP 	blackTrial: autoDraw = False
38.3000 	EXP 	whiteTrial: autoDraw = False
38.3000 	EXP 	TrialPicture: autoDraw = False
38.3000 	EXP 	green_1: autoDraw = False
38.3000 	EXP 	red_1: autoDraw = False
38.3000 	EXP 	whiteWaitInterTrial_2: size = array([0.75, 1.  ])
38.3000 	EXP 	blackWaitInterTrial_2: autoDraw = True
38.3000 	EXP 	whiteWaitInterTrial_2: autoDraw = True
38.3000 	EXP 	green_fb_1: autoDraw = True
38.3000 	EXP 	red_fb_1: autoDraw = True
40.0880 	EXP 	New trial (rep=9, index=0): None
40.1016 	EXP 	blackWaitInterTrial_2: autoDraw = False
40.1016 	EXP 	whiteWaitInterTrial_2: autoDraw = False
40.1016 	EXP 	green_fb_1: autoDraw = False
40.1016 	EXP 	red_fb_1: autoDraw = False
40.1016 	EXP 	blackWaitInterTrial_2: autoDraw = False
40.1016 	EXP 	whiteWaitInterTrial_2: autoDraw = False
40.1016 	EXP 	green_fb_1: autoDraw = False
40.1016 	EXP 	red_fb_1: autoDraw = False
40.1016 	EXP 	TrialPicture: size = array([0.75, 1.  ])
40.1016 	EXP 	TrialPicture: image = './stimuli/images/149.bmp'
40.1016 	EXP 	blackTrial: autoDraw = True
40.1016 	EXP 	whiteTrial: autoDraw = True
40.1016 	EXP 	TrialPicture: autoDraw = True
40.1016 	EXP 	green_1: autoDraw = True
40.1016 	EXP 	red_1: autoDraw = True
41.1024 	EXP 	blackTrial: autoDraw = False
41.1024 	EXP 	whiteTrial: autoDraw = False
41.1024 	EXP 	TrialPicture: autoDraw = False
41.1024 	EXP 	green_1: autoDraw = False
41.1024 	EXP 	red_1: autoDraw = False
41.1024 	EXP 	blackTrial: autoDraw = False
41.1024 	EXP 	whiteTrial: autoDraw = False
41.1024 	EXP 	TrialPicture: autoDraw = False
41.1024 	EXP 	green_1: autoDraw = False
41.1024 	EXP 	red_1: autoDraw = False
41.1024 	EXP 	whiteWaitInterTrial_2: size = array([0.75, 1.  ])
41.1024 	EXP 	blackWaitInterTrial_2: autoDraw = True
41.1024 	EXP 	whiteWaitInterTrial_2: autoDraw = True
41.1024 	EXP 	green_fb_1: autoDraw = True
41.1024 	EXP 	red_fb_1: autoDraw = True
42.6898 	EXP 	New trial (rep=10, index=0): None
42.7038 	EXP 	blackWaitInterTrial_2: autoDraw = False
42.7038 	EXP 	whiteWaitInterTrial_2: autoDraw = False
42.7038 	EXP 	green_fb_1: autoDraw = False
42.7038 	EXP 	red_fb_1: autoDraw = False
42.7038 	EXP 	blackWaitInterTrial_2: autoDraw = False
42.7038 	EXP 	whiteWaitInterTrial_2: autoDraw = False
42.7038 	EXP 	green_fb_1: autoDraw = False
42.7038 	EXP 	red_fb_1: autoDraw = False
42.7038 	EXP 	TrialPicture: size = array([0.75, 1.  ])
42.7038 	EXP 	TrialPicture: image = './stimuli/images/149.bmp'
42.7038 	EXP 	blackTrial: autoDraw = True
42.7038 	EXP 	whiteTrial: autoDraw = True
42.7038 	EXP 	TrialPicture: autoDraw = True
42.7038 	EXP 	green_1: autoDraw = True
42.7038 	EXP 	red_1: autoDraw = True
43.7047 	EXP 	blackTrial: autoDraw = False
43.7047 	EXP 	whiteTrial: autoDraw = False
43.7047 	EXP 	TrialPicture: autoDraw = False
43.7047 	EXP 	green_1: autoDraw = False
43.7047 	EXP 	red_1: autoDraw = False
43.7047 	EXP 	blackTrial: autoDraw = False
43.7047 	EXP 	whiteTrial: autoDraw = False
43.7047 	EXP 	TrialPicture: autoDraw = False
43.7047 	EXP 	green_1: autoDraw = False
43.7047 	EXP 	red_1: autoDraw = False
43.7047 	EXP 	whiteWaitInterTrial_2: size = array([0.75, 1.  ])
43.7047 	EXP 	blackWaitInterTrial_2: autoDraw = True
43.7047 	EXP 	whiteWaitInterTrial_2: autoDraw = True
43.7047 	EXP 	green_fb_1: autoDraw = True
43.7047 	EXP 	red_fb_1: autoDraw = True
45.3926 	EXP 	New trial (rep=11, index=0): None
45.4062 	EXP 	blackWaitInterTrial_2: autoDraw = False
45.4062 	EXP 	whiteWaitInterTrial_2: autoDraw = False
45.4062 	EXP 	green_fb_1: autoDraw = False
45.4062 	EXP 	red_fb_1: autoDraw = False
45.4062 	EXP 	blackWaitInterTrial_2: autoDraw = False
45.4062 	EXP 	whiteWaitInterTrial_2: autoDraw = False
45.4062 	EXP 	green_fb_1: autoDraw = False
45.4062 	EXP 	red_fb_1: autoDraw = False
45.4062 	EXP 	TrialPicture: size = array([0.75, 1.  ])
45.4062 	EXP 	TrialPicture: image = './stimuli/images/186.bmp'
45.4062 	EXP 	blackTrial: autoDraw = True
45.4062 	EXP 	whiteTrial: autoDraw = True
45.4062 	EXP 	TrialPicture: autoDraw = True
45.4062 	EXP 	green_1: autoDraw = True
45.4062 	EXP 	red_1: autoDraw = True
46.4071 	EXP 	blackTrial: autoDraw = False
46.4071 	EXP 	whiteTrial: autoDraw = False
46.4071 	EXP 	TrialPicture: autoDraw = False
46.4071 	EXP 	green_1: autoDraw = False
46.4071 	EXP 	red_1: autoDraw = False
46.4071 	EXP 	blackTrial: autoDraw = False
46.4071 	EXP 	whiteTrial: autoDraw = False
46.4071 	EXP 	TrialPicture: autoDraw = False
46.4071 	EXP 	green_1: autoDraw = False
46.4071 	EXP 	red_1: autoDraw = False
46.4071 	EXP 	whiteWaitInterTrial_2: size = array([0.75, 1.  ])
46.4071 	EXP 	blackWaitInterTrial_2: autoDraw = True
46.4071 	EXP 	whiteWaitInterTrial_2: autoDraw = True
46.4071 	EXP 	green_fb_1: autoDraw = True
46.4071 	EXP 	red_fb_1: autoDraw = True
48.0943 	EXP 	New trial (rep=12, index=0): None
48.1086 	EXP 	blackWaitInterTrial_2: autoDraw = False
48.1086 	EXP 	whiteWaitInterTrial_2: autoDraw = False
48.1086 	EXP 	green_fb_1: autoDraw = False
48.1086 	EXP 	red_fb_1: autoDraw = False
48.1086 	EXP 	blackWaitInterTrial_2: autoDraw = False
48.1086 	EXP 	whiteWaitInterTrial_2: autoDraw = False
48.1086 	EXP 	green_fb_1: autoDraw = False
48.1086 	EXP 	red_fb_1: autoDraw = False
48.1086 	EXP 	TrialPicture: size = array([0.75, 1.  ])
48.1086 	EXP 	TrialPicture: image = './stimuli/images/142.bmp'
48.1086 	EXP 	blackTrial: autoDraw = True
48.1086 	EXP 	whiteTrial: autoDraw = True
48.1086 	EXP 	TrialPicture: autoDraw = True
48.1086 	EXP 	green_1: autoDraw = True
48.1086 	EXP 	red_1: autoDraw = True
49.1094 	EXP 	blackTrial: autoDraw = False
49.1094 	EXP 	whiteTrial: autoDraw = False
49.1094 	EXP 	TrialPicture: autoDraw = False
49.1094 	EXP 	green_1: autoDraw = False
49.1094 	EXP 	red_1: autoDraw = False
49.1094 	EXP 	blackTrial: autoDraw = False
49.1094 	EXP 	whiteTrial: autoDraw = False
49.1094 	EXP 	TrialPicture: autoDraw = False
49.1094 	EXP 	green_1: autoDraw = False
49.1094 	EXP 	red_1: autoDraw = False
49.1094 	EXP 	whiteWaitInterTrial_2: size = array([0.75, 1.  ])
49.1094 	EXP 	blackWaitInterTrial_2: autoDraw = True
49.1094 	EXP 	whiteWaitInterTrial_2: autoDraw = True
49.1094 	EXP 	green_fb_1: autoDraw = True
49.1094 	EXP 	red_fb_1: autoDraw = True
50.6972 	EXP 	New trial (rep=13, index=0): None
50.7108 	EXP 	blackWaitInterTrial_2: autoDraw = False
50.7108 	EXP 	whiteWaitInterTrial_2: autoDraw = False
50.7108 	EXP 	green_fb_1: autoDraw = False
50.7108 	EXP 	red_fb_1: autoDraw = False
50.7108 	EXP 	blackWaitInterTrial_2: autoDraw = False
50.7108 	EXP 	whiteWaitInterTrial_2: autoDraw = False
50.7108 	EXP 	green_fb_1: autoDraw = False
50.7108 	EXP 	red_fb_1: autoDraw = False
50.7108 	EXP 	TrialPicture: size = array([0.75, 1.  ])
50.7108 	EXP 	TrialPicture: image = './stimuli/images/186.bmp'
50.7108 	EXP 	blackTrial: autoDraw = True
50.7108 	EXP 	whiteTrial: autoDraw = True
50.7108 	EXP 	TrialPicture: autoDraw = True
50.7108 	EXP 	green_1: autoDraw = True
50.7108 	EXP 	red_1: autoDraw = True
51.7117 	EXP 	blackTrial: autoDraw = False
51.7117 	EXP 	whiteTrial: autoDraw = False
51.7117 	EXP 	TrialPicture: autoDraw = False
51.7117 	EXP 	green_1: autoDraw = False
51.7117 	EXP 	red_1: autoDraw = False
51.7117 	EXP 	blackTrial: autoDraw = False
51.7117 	EXP 	whiteTrial: autoDraw = False
51.7117 	EXP 	TrialPicture: autoDraw = False
51.7117 	EXP 	green_1: autoDraw = False
51.7117 	EXP 	red_1: autoDraw = False
51.7117 	EXP 	whiteWaitInterTrial_2: size = array([0.75, 1.  ])
51.7117 	EXP 	blackWaitInterTrial_2: autoDraw = True
51.7117 	EXP 	whiteWaitInterTrial_2: autoDraw = True
51.7117 	EXP 	green_fb_1: autoDraw = True
51.7117 	EXP 	red_fb_1: autoDraw = True
53.4992 	EXP 	New trial (rep=14, index=0): None
53.5133 	EXP 	blackWaitInterTrial_2: autoDraw = False
53.5133 	EXP 	whiteWaitInterTrial_2: autoDraw = False
53.5133 	EXP 	green_fb_1: autoDraw = False
53.5133 	EXP 	red_fb_1: autoDraw = False
53.5133 	EXP 	blackWaitInterTrial_2: autoDraw = False
53.5133 	EXP 	whiteWaitInterTrial_2: autoDraw = False
53.5133 	EXP 	green_fb_1: autoDraw = False
53.5133 	EXP 	red_fb_1: autoDraw = False
53.5133 	EXP 	TrialPicture: size = array([0.75, 1.  ])
53.5133 	EXP 	TrialPicture: image = './stimuli/images/205.bmp'
53.5133 	EXP 	blackTrial: autoDraw = True
53.5133 	EXP 	whiteTrial: autoDraw = True
53.5133 	EXP 	TrialPicture: autoDraw = True
53.5133 	EXP 	green_1: autoDraw = True
53.5133 	EXP 	red_1: autoDraw = True
54.5141 	EXP 	blackTrial: autoDraw = False
54.5141 	EXP 	whiteTrial: autoDraw = False
54.5141 	EXP 	TrialPicture: autoDraw = False
54.5141 	EXP 	green_1: autoDraw = False
54.5141 	EXP 	red_1: autoDraw = False
54.5141 	EXP 	blackTrial: autoDraw = False
54.5141 	EXP 	whiteTrial: autoDraw = False
54.5141 	EXP 	TrialPicture: autoDraw = False
54.5141 	EXP 	green_1: autoDraw = False
54.5141 	EXP 	red_1: autoDraw = False
54.5141 	EXP 	whiteWaitInterTrial_2: size = array([0.75, 1.  ])
54.5141 	EXP 	blackWaitInterTrial_2: autoDraw = True
54.5141 	EXP 	whiteWaitInterTrial_2: autoDraw = True
54.5141 	EXP 	green_fb_1: autoDraw = True
54.5141 	EXP 	red_fb_1: autoDraw = True
56.1029 	EXP 	New trial (rep=15, index=0): None
56.1323 	EXP 	blackWaitInterTrial_2: autoDraw = False
56.1323 	EXP 	whiteWaitInterTrial_2: autoDraw = False
56.1323 	EXP 	green_fb_1: autoDraw = False
56.1323 	EXP 	red_fb_1: autoDraw = False
56.1323 	EXP 	blackWaitInterTrial_2: autoDraw = False
56.1323 	EXP 	whiteWaitInterTrial_2: autoDraw = False
56.1323 	EXP 	green_fb_1: autoDraw = False
56.1323 	EXP 	red_fb_1: autoDraw = False
56.1323 	EXP 	TrialPicture: size = array([0.75, 1.  ])
56.1323 	EXP 	TrialPicture: image = './stimuli/images/149.bmp'
56.1323 	EXP 	blackTrial: autoDraw = True
56.1323 	EXP 	whiteTrial: autoDraw = True
56.1323 	EXP 	TrialPicture: autoDraw = True
56.1323 	EXP 	green_1: autoDraw = True
56.1323 	EXP 	red_1: autoDraw = True
57.1331 	EXP 	blackTrial: autoDraw = False
57.1331 	EXP 	whiteTrial: autoDraw = False
57.1331 	EXP 	TrialPicture: autoDraw = False
57.1331 	EXP 	green_1: autoDraw = False
57.1331 	EXP 	red_1: autoDraw = False
57.1331 	EXP 	blackTrial: autoDraw = False
57.1331 	EXP 	whiteTrial: autoDraw = False
57.1331 	EXP 	TrialPicture: autoDraw = False
57.1331 	EXP 	green_1: autoDraw = False
57.1331 	EXP 	red_1: autoDraw = False
57.1331 	EXP 	whiteWaitInterTrial_2: size = array([0.75, 1.  ])
57.1331 	EXP 	blackWaitInterTrial_2: autoDraw = True
57.1331 	EXP 	whiteWaitInterTrial_2: autoDraw = True
57.1331 	EXP 	green_fb_1: autoDraw = True
57.1331 	EXP 	red_fb_1: autoDraw = True
58.8205 	EXP 	New trial (rep=16, index=0): None
58.8346 	EXP 	blackWaitInterTrial_2: autoDraw = False
58.8346 	EXP 	whiteWaitInterTrial_2: autoDraw = False
58.8346 	EXP 	green_fb_1: autoDraw = False
58.8346 	EXP 	red_fb_1: autoDraw = False
58.8346 	EXP 	blackWaitInterTrial_2: autoDraw = False
58.8346 	EXP 	whiteWaitInterTrial_2: autoDraw = False
58.8346 	EXP 	green_fb_1: autoDraw = False
58.8346 	EXP 	red_fb_1: autoDraw = False
58.8346 	EXP 	TrialPicture: size = array([0.75, 1.  ])
58.8346 	EXP 	TrialPicture: image = './stimuli/images/142.bmp'
58.8346 	EXP 	blackTrial: autoDraw = True
58.8346 	EXP 	whiteTrial: autoDraw = True
58.8346 	EXP 	TrialPicture: autoDraw = True
58.8346 	EXP 	green_1: autoDraw = True
58.8346 	EXP 	red_1: autoDraw = True
59.8355 	EXP 	blackTrial: autoDraw = False
59.8355 	EXP 	whiteTrial: autoDraw = False
59.8355 	EXP 	TrialPicture: autoDraw = False
59.8355 	EXP 	green_1: autoDraw = False
59.8355 	EXP 	red_1: autoDraw = False
59.8355 	EXP 	blackTrial: autoDraw = False
59.8355 	EXP 	whiteTrial: autoDraw = False
59.8355 	EXP 	TrialPicture: autoDraw = False
59.8355 	EXP 	green_1: autoDraw = False
59.8355 	EXP 	red_1: autoDraw = False
59.8355 	EXP 	whiteWaitInterTrial_2: size = array([0.75, 1.  ])
59.8355 	EXP 	blackWaitInterTrial_2: autoDraw = True
59.8355 	EXP 	whiteWaitInterTrial_2: autoDraw = True
59.8355 	EXP 	green_fb_1: autoDraw = True
59.8355 	EXP 	red_fb_1: autoDraw = True
61.6231 	EXP 	New trial (rep=17, index=0): None
61.6370 	EXP 	blackWaitInterTrial_2: autoDraw = False
61.6370 	EXP 	whiteWaitInterTrial_2: autoDraw = False
61.6370 	EXP 	green_fb_1: autoDraw = False
61.6370 	EXP 	red_fb_1: autoDraw = False
61.6370 	EXP 	blackWaitInterTrial_2: autoDraw = False
61.6370 	EXP 	whiteWaitInterTrial_2: autoDraw = False
61.6370 	EXP 	green_fb_1: autoDraw = False
61.6370 	EXP 	red_fb_1: autoDraw = False
61.6370 	EXP 	TrialPicture: size = array([0.75, 1.  ])
61.6370 	EXP 	TrialPicture: image = './stimuli/images/205.bmp'
61.6370 	EXP 	blackTrial: autoDraw = True
61.6370 	EXP 	whiteTrial: autoDraw = True
61.6370 	EXP 	TrialPicture: autoDraw = True
61.6370 	EXP 	green_1: autoDraw = True
61.6370 	EXP 	red_1: autoDraw = True
62.6379 	EXP 	blackTrial: autoDraw = False
62.6379 	EXP 	whiteTrial: autoDraw = False
62.6379 	EXP 	TrialPicture: autoDraw = False
62.6379 	EXP 	green_1: autoDraw = False
62.6379 	EXP 	red_1: autoDraw = False
62.6379 	EXP 	blackTrial: autoDraw = False
62.6379 	EXP 	whiteTrial: autoDraw = False
62.6379 	EXP 	TrialPicture: autoDraw = False
62.6379 	EXP 	green_1: autoDraw = False
62.6379 	EXP 	red_1: autoDraw = False
62.6379 	EXP 	whiteWaitInterTrial_2: size = array([0.75, 1.  ])
62.6379 	EXP 	blackWaitInterTrial_2: autoDraw = True
62.6379 	EXP 	whiteWaitInterTrial_2: autoDraw = True
62.6379 	EXP 	green_fb_1: autoDraw = True
62.6379 	EXP 	red_fb_1: autoDraw = True
64.2251 	EXP 	New trial (rep=18, index=0): None
64.2393 	EXP 	blackWaitInterTrial_2: autoDraw = False
64.2393 	EXP 	whiteWaitInterTrial_2: autoDraw = False
64.2393 	EXP 	green_fb_1: autoDraw = False
64.2393 	EXP 	red_fb_1: autoDraw = False
64.2393 	EXP 	blackWaitInterTrial_2: autoDraw = False
64.2393 	EXP 	whiteWaitInterTrial_2: autoDraw = False
64.2393 	EXP 	green_fb_1: autoDraw = False
64.2393 	EXP 	red_fb_1: autoDraw = False
64.2393 	EXP 	TrialPicture: size = array([0.75, 1.  ])
64.2393 	EXP 	TrialPicture: image = './stimuli/images/149.bmp'
64.2393 	EXP 	blackTrial: autoDraw = True
64.2393 	EXP 	whiteTrial: autoDraw = True
64.2393 	EXP 	TrialPicture: autoDraw = True
64.2393 	EXP 	green_1: autoDraw = True
64.2393 	EXP 	red_1: autoDraw = True
65.2402 	EXP 	blackTrial: autoDraw = False
65.2402 	EXP 	whiteTrial: autoDraw = False
65.2402 	EXP 	TrialPicture: autoDraw = False
65.2402 	EXP 	green_1: autoDraw = False
65.2402 	EXP 	red_1: autoDraw = False
65.2402 	EXP 	blackTrial: autoDraw = False
65.2402 	EXP 	whiteTrial: autoDraw = False
65.2402 	EXP 	TrialPicture: autoDraw = False
65.2402 	EXP 	green_1: autoDraw = False
65.2402 	EXP 	red_1: autoDraw = False
65.2402 	EXP 	whiteWaitInterTrial_2: size = array([0.75, 1.  ])
65.2402 	EXP 	blackWaitInterTrial_2: autoDraw = True
65.2402 	EXP 	whiteWaitInterTrial_2: autoDraw = True
65.2402 	EXP 	green_fb_1: autoDraw = True
65.2402 	EXP 	red_fb_1: autoDraw = True
66.9274 	EXP 	New trial (rep=19, index=0): None
66.9417 	EXP 	blackWaitInterTrial_2: autoDraw = False
66.9417 	EXP 	whiteWaitInterTrial_2: autoDraw = False
66.9417 	EXP 	green_fb_1: autoDraw = False
66.9417 	EXP 	red_fb_1: autoDraw = False
66.9417 	EXP 	blackWaitInterTrial_2: autoDraw = False
66.9417 	EXP 	whiteWaitInterTrial_2: autoDraw = False
66.9417 	EXP 	green_fb_1: autoDraw = False
66.9417 	EXP 	red_fb_1: autoDraw = False
66.9417 	EXP 	TrialPicture: size = array([0.75, 1.  ])
66.9417 	EXP 	TrialPicture: image = './stimuli/images/186.bmp'
66.9417 	EXP 	blackTrial: autoDraw = True
66.9417 	EXP 	whiteTrial: autoDraw = True
66.9417 	EXP 	TrialPicture: autoDraw = True
66.9417 	EXP 	green_1: autoDraw = True
66.9417 	EXP 	red_1: autoDraw = True
67.9426 	EXP 	blackTrial: autoDraw = False
67.9426 	EXP 	whiteTrial: autoDraw = False
67.9426 	EXP 	TrialPicture: autoDraw = False
67.9426 	EXP 	green_1: autoDraw = False
67.9426 	EXP 	red_1: autoDraw = False
67.9426 	EXP 	blackTrial: autoDraw = False
67.9426 	EXP 	whiteTrial: autoDraw = False
67.9426 	EXP 	TrialPicture: autoDraw = False
67.9426 	EXP 	green_1: autoDraw = False
67.9426 	EXP 	red_1: autoDraw = False
67.9426 	EXP 	whiteWaitInterTrial_2: size = array([0.75, 1.  ])
67.9426 	EXP 	blackWaitInterTrial_2: autoDraw = True
67.9426 	EXP 	whiteWaitInterTrial_2: autoDraw = True
67.9426 	EXP 	green_fb_1: autoDraw = True
67.9426 	EXP 	red_fb_1: autoDraw = True
69.6442 	EXP 	blackWaitInterTrial_2: autoDraw = False
69.6442 	EXP 	whiteWaitInterTrial_2: autoDraw = False
69.6442 	EXP 	green_fb_1: autoDraw = False
69.6442 	EXP 	red_fb_1: autoDraw = False
69.6442 	EXP 	blackWaitInterTrial_2: autoDraw = False
69.6442 	EXP 	whiteWaitInterTrial_2: autoDraw = False
69.6442 	EXP 	green_fb_1: autoDraw = False
69.6442 	EXP 	red_fb_1: autoDraw = False
69.6442 	EXP 	fixationImage: size = array([0.75, 1.  ])
69.6442 	EXP 	fixation: autoDraw = True
69.6442 	EXP 	fixationImage: autoDraw = True
71.6458 	EXP 	fixation: autoDraw = False
71.6458 	EXP 	fixationImage: autoDraw = False
71.6458 	EXP 	fixation: autoDraw = False
71.6458 	EXP 	fixationImage: autoDraw = False
71.6458 	EXP 	polygon_end: autoDraw = True
71.6458 	EXP 	end_text: autoDraw = True
73.6522 	WARNING 	Hamming was requested using the 'pygame' sound library but hamming is not supported there.
73.6524 	EXP 	Set sound_1 sound=./lib/sound/bird.wav
73.6525 	WARNING 	Hamming was requested using the 'pygame' sound library but hamming is not supported there.
73.6526 	EXP 	Set sound_2 sound=./lib/sound/bang.wav
73.6809 	EXP 	polygon_end: autoDraw = False
73.6809 	EXP 	end_text: autoDraw = False
73.6809 	EXP 	polygon_15: autoDraw = True
73.6809 	EXP 	descriptionText_15: autoDraw = True
305.5075 	DATA 	Keypress: space
305.5165 	EXP 	polygon_15: autoDraw = False
305.5165 	EXP 	descriptionText_15: autoDraw = False
305.5165 	EXP 	fixationImage10: size = array([0.75, 1.  ])
305.5165 	EXP 	fixation10: autoDraw = True
305.5165 	EXP 	fixationImage10: autoDraw = True
305.5165 	EXP 	text: autoDraw = True
306.5007 	EXP 	text_2: autoDraw = True
306.5174 	EXP 	text: autoDraw = False
307.5016 	EXP 	text_2: autoDraw = False
307.5016 	EXP 	text_3: autoDraw = True
308.5025 	EXP 	text_3: autoDraw = False
308.5046 	EXP 	Created sequence: sequential, trialTypes=1, nReps=1, seed=None
308.5047 	EXP 	New trial (rep=0, index=0): None
308.5359 	EXP 	fixation10: autoDraw = False
308.5359 	EXP 	fixationImage10: autoDraw = False
308.5359 	EXP 	fixation10: autoDraw = False
308.5359 	EXP 	fixationImage10: autoDraw = False
308.5359 	EXP 	text: autoDraw = False
308.5359 	EXP 	text_2: autoDraw = False
308.5359 	EXP 	text_3: autoDraw = False
308.5359 	EXP 	greenProc_2: size = array([1.6, 1.2])
308.5359 	EXP 	ProcTarget_2: size = array([0.75, 1.  ])
308.5359 	EXP 	ProcTarget_2: image = './stimuli/images/061.bmp'
308.5359 	EXP 	ProcPicture_2: size = array([0.75, 1.  ])
308.5359 	EXP 	ProcPicture_2: image = './stimuli/images/008.bmp'
308.5359 	EXP 	blackProc_2: autoDraw = True
308.5359 	EXP 	greenProc_2: autoDraw = True
308.5359 	EXP 	ProcTarget_2: autoDraw = True
308.5359 	EXP 	ProcPicture_2: autoDraw = True
312.0389 	EXP 	blackProc_2: autoDraw = False
312.0389 	EXP 	greenProc_2: autoDraw = False
312.0389 	EXP 	ProcTarget_2: autoDraw = False
312.0389 	EXP 	ProcPicture_2: autoDraw = False
312.0389 	EXP 	blackProc_2: autoDraw = False
312.0389 	EXP 	greenProc_2: autoDraw = False
312.0389 	EXP 	ProcTarget_2: autoDraw = False
312.0389 	EXP 	ProcPicture_2: autoDraw = False
312.0389 	EXP 	whiteWaitInterTrial_3: size = array([0.75, 1.  ])
312.0389 	EXP 	blackWaitInterTrial_3: autoDraw = True
312.0389 	EXP 	whiteWaitInterTrial_3: autoDraw = True
313.5262 	EXP 	Created sequence: sequential, trialTypes=1, nReps=20, seed=None
313.5264 	EXP 	New trial (rep=0, index=0): None
313.5569 	EXP 	blackWaitInterTrial_3: autoDraw = False
313.5569 	EXP 	whiteWaitInterTrial_3: autoDraw = False
313.5569 	EXP 	blackWaitInterTrial_3: autoDraw = False
313.5569 	EXP 	whiteWaitInterTrial_3: autoDraw = False
313.5569 	EXP 	TrialPicture_2: size = array([0.75, 1.  ])
313.5569 	EXP 	TrialPicture_2: image = './stimuli/images/152.bmp'
313.5569 	EXP 	blackTrial_2: autoDraw = True
313.5569 	EXP 	whiteTrial_2: autoDraw = True
313.5569 	EXP 	TrialPicture_2: autoDraw = True
313.5569 	EXP 	green_2: autoDraw = True
313.5569 	EXP 	red_2: autoDraw = True
314.5578 	EXP 	blackTrial_2: autoDraw = False
314.5578 	EXP 	whiteTrial_2: autoDraw = False
314.5578 	EXP 	TrialPicture_2: autoDraw = False
314.5578 	EXP 	green_2: autoDraw = False
314.5578 	EXP 	red_2: autoDraw = False
314.5578 	EXP 	blackTrial_2: autoDraw = False
314.5578 	EXP 	whiteTrial_2: autoDraw = False
314.5578 	EXP 	TrialPicture_2: autoDraw = False
314.5578 	EXP 	green_2: autoDraw = False
314.5578 	EXP 	red_2: autoDraw = False
314.5578 	EXP 	whiteWaitInterTrial_4: size = array([0.75, 1.  ])
314.5578 	EXP 	blackWaitInterTrial_4: autoDraw = True
314.5578 	EXP 	whiteWaitInterTrial_4: autoDraw = True
314.5578 	EXP 	green_fb_2: autoDraw = True
314.5578 	EXP 	red_fb_2: autoDraw = True
316.3460 	EXP 	New trial (rep=1, index=0): None
316.3593 	EXP 	blackWaitInterTrial_4: autoDraw = False
316.3593 	EXP 	whiteWaitInterTrial_4: autoDraw = False
316.3593 	EXP 	green_fb_2: autoDraw = False
316.3593 	EXP 	red_fb_2: autoDraw = False
316.3593 	EXP 	blackWaitInterTrial_4: autoDraw = False
316.3593 	EXP 	whiteWaitInterTrial_4: autoDraw = False
316.3593 	EXP 	green_fb_2: autoDraw = False
316.3593 	EXP 	red_fb_2: autoDraw = False
316.3593 	EXP 	TrialPicture_2: size = array([0.75, 1.  ])
316.3593 	EXP 	TrialPicture_2: image = './stimuli/images/061.bmp'
316.3593 	EXP 	blackTrial_2: autoDraw = True
316.3593 	EXP 	whiteTrial_2: autoDraw = True
316.3593 	EXP 	TrialPicture_2: autoDraw = True
316.3593 	EXP 	green_2: autoDraw = True
316.3593 	EXP 	red_2: autoDraw = True
317.3602 	EXP 	blackTrial_2: autoDraw = False
317.3602 	EXP 	whiteTrial_2: autoDraw = False
317.3602 	EXP 	TrialPicture_2: autoDraw = False
317.3602 	EXP 	green_2: autoDraw = False
317.3602 	EXP 	red_2: autoDraw = False
317.3602 	EXP 	blackTrial_2: autoDraw = False
317.3602 	EXP 	whiteTrial_2: autoDraw = False
317.3602 	EXP 	TrialPicture_2: autoDraw = False
317.3602 	EXP 	green_2: autoDraw = False
317.3602 	EXP 	red_2: autoDraw = False
317.3602 	EXP 	whiteWaitInterTrial_4: size = array([0.75, 1.  ])
317.3602 	EXP 	blackWaitInterTrial_4: autoDraw = True
317.3602 	EXP 	whiteWaitInterTrial_4: autoDraw = True
317.3602 	EXP 	green_fb_2: autoDraw = True
317.3602 	EXP 	red_fb_2: autoDraw = True
319.1489 	EXP 	New trial (rep=2, index=0): None
319.1785 	EXP 	blackWaitInterTrial_4: autoDraw = False
319.1785 	EXP 	whiteWaitInterTrial_4: autoDraw = False
319.1785 	EXP 	green_fb_2: autoDraw = False
319.1785 	EXP 	red_fb_2: autoDraw = False
319.1785 	EXP 	blackWaitInterTrial_4: autoDraw = False
319.1785 	EXP 	whiteWaitInterTrial_4: autoDraw = False
319.1785 	EXP 	green_fb_2: autoDraw = False
319.1785 	EXP 	red_fb_2: autoDraw = False
319.1785 	EXP 	TrialPicture_2: size = array([0.75, 1.  ])
319.1785 	EXP 	TrialPicture_2: image = './stimuli/images/008.bmp'
319.1785 	EXP 	blackTrial_2: autoDraw = True
319.1785 	EXP 	whiteTrial_2: autoDraw = True
319.1785 	EXP 	TrialPicture_2: autoDraw = True
319.1785 	EXP 	green_2: autoDraw = True
319.1785 	EXP 	red_2: autoDraw = True
320.1793 	EXP 	blackTrial_2: autoDraw = False
320.1793 	EXP 	whiteTrial_2: autoDraw = False
320.1793 	EXP 	TrialPicture_2: autoDraw = False
320.1793 	EXP 	green_2: autoDraw = False
320.1793 	EXP 	red_2: autoDraw = False
320.1793 	EXP 	blackTrial_2: autoDraw = False
320.1793 	EXP 	whiteTrial_2: autoDraw = False
320.1793 	EXP 	TrialPicture_2: autoDraw = False
320.1793 	EXP 	green_2: autoDraw = False
320.1793 	EXP 	red_2: autoDraw = False
320.1793 	EXP 	whiteWaitInterTrial_4: size = array([0.75, 1.  ])
320.1793 	EXP 	blackWaitInterTrial_4: autoDraw = True
320.1793 	EXP 	whiteWaitInterTrial_4: autoDraw = True
320.1793 	EXP 	green_fb_2: autoDraw = True
320.1793 	EXP 	red_fb_2: autoDraw = True
321.8665 	EXP 	New trial (rep=3, index=0): None
321.8808 	EXP 	blackWaitInterTrial_4: autoDraw = False
321.8808 	EXP 	whiteWaitInterTrial_4: autoDraw = False
321.8808 	EXP 	green_fb_2: autoDraw = False
321.8808 	EXP 	red_fb_2: autoDraw = False
321.8808 	EXP 	blackWaitInterTrial_4: autoDraw = False
321.8808 	EXP 	whiteWaitInterTrial_4: autoDraw = False
321.8808 	EXP 	green_fb_2: autoDraw = False
321.8808 	EXP 	red_fb_2: autoDraw = False
321.8808 	EXP 	TrialPicture_2: size = array([0.75, 1.  ])
321.8808 	EXP 	TrialPicture_2: image = './stimuli/images/086.bmp'
321.8808 	EXP 	blackTrial_2: autoDraw = True
321.8808 	EXP 	whiteTrial_2: autoDraw = True
321.8808 	EXP 	TrialPicture_2: autoDraw = True
321.8808 	EXP 	green_2: autoDraw = True
321.8808 	EXP 	red_2: autoDraw = True
322.8817 	EXP 	blackTrial_2: autoDraw = False
322.8817 	EXP 	whiteTrial_2: autoDraw = False
322.8817 	EXP 	TrialPicture_2: autoDraw = False
322.8817 	EXP 	green_2: autoDraw = False
322.8817 	EXP 	red_2: autoDraw = False
322.8817 	EXP 	blackTrial_2: autoDraw = False
322.8817 	EXP 	whiteTrial_2: autoDraw = False
322.8817 	EXP 	TrialPicture_2: autoDraw = False
322.8817 	EXP 	green_2: autoDraw = False
322.8817 	EXP 	red_2: autoDraw = False
322.8817 	EXP 	whiteWaitInterTrial_4: size = array([0.75, 1.  ])
322.8817 	EXP 	blackWaitInterTrial_4: autoDraw = True
322.8817 	EXP 	whiteWaitInterTrial_4: autoDraw = True
322.8817 	EXP 	green_fb_2: autoDraw = True
322.8817 	EXP 	red_fb_2: autoDraw = True
324.5691 	EXP 	New trial (rep=4, index=0): None
324.5831 	EXP 	blackWaitInterTrial_4: autoDraw = False
324.5831 	EXP 	whiteWaitInterTrial_4: autoDraw = False
324.5831 	EXP 	green_fb_2: autoDraw = False
324.5831 	EXP 	red_fb_2: autoDraw = False
324.5831 	EXP 	blackWaitInterTrial_4: autoDraw = False
324.5831 	EXP 	whiteWaitInterTrial_4: autoDraw = False
324.5831 	EXP 	green_fb_2: autoDraw = False
324.5831 	EXP 	red_fb_2: autoDraw = False
324.5831 	EXP 	TrialPicture_2: size = array([0.75, 1.  ])
324.5831 	EXP 	TrialPicture_2: image = './stimuli/images/152.bmp'
324.5831 	EXP 	blackTrial_2: autoDraw = True
324.5831 	EXP 	whiteTrial_2: autoDraw = True
324.5831 	EXP 	TrialPicture_2: autoDraw = True
324.5831 	EXP 	green_2: autoDraw = True
324.5831 	EXP 	red_2: autoDraw = True
325.5840 	EXP 	blackTrial_2: autoDraw = False
325.5840 	EXP 	whiteTrial_2: autoDraw = False
325.5840 	EXP 	TrialPicture_2: autoDraw = False
325.5840 	EXP 	green_2: autoDraw = False
325.5840 	EXP 	red_2: autoDraw = False
325.5840 	EXP 	blackTrial_2: autoDraw = False
325.5840 	EXP 	whiteTrial_2: autoDraw = False
325.5840 	EXP 	TrialPicture_2: autoDraw = False
325.5840 	EXP 	green_2: autoDraw = False
325.5840 	EXP 	red_2: autoDraw = False
325.5840 	EXP 	whiteWaitInterTrial_4: size = array([0.75, 1.  ])
325.5840 	EXP 	blackWaitInterTrial_4: autoDraw = True
325.5840 	EXP 	whiteWaitInterTrial_4: autoDraw = True
325.5840 	EXP 	green_fb_2: autoDraw = True
325.5840 	EXP 	red_fb_2: autoDraw = True
327.1715 	EXP 	New trial (rep=5, index=0): None
327.1854 	EXP 	blackWaitInterTrial_4: autoDraw = False
327.1854 	EXP 	whiteWaitInterTrial_4: autoDraw = False
327.1854 	EXP 	green_fb_2: autoDraw = False
327.1854 	EXP 	red_fb_2: autoDraw = False
327.1854 	EXP 	blackWaitInterTrial_4: autoDraw = False
327.1854 	EXP 	whiteWaitInterTrial_4: autoDraw = False
327.1854 	EXP 	green_fb_2: autoDraw = False
327.1854 	EXP 	red_fb_2: autoDraw = False
327.1854 	EXP 	TrialPicture_2: size = array([0.75, 1.  ])
327.1854 	EXP 	TrialPicture_2: image = './stimuli/images/061.bmp'
327.1854 	EXP 	blackTrial_2: autoDraw = True
327.1854 	EXP 	whiteTrial_2: autoDraw = True
327.1854 	EXP 	TrialPicture_2: autoDraw = True
327.1854 	EXP 	green_2: autoDraw = True
327.1854 	EXP 	red_2: autoDraw = True
328.1863 	EXP 	blackTrial_2: autoDraw = False
328.1863 	EXP 	whiteTrial_2: autoDraw = False
328.1863 	EXP 	TrialPicture_2: autoDraw = False
328.1863 	EXP 	green_2: autoDraw = False
328.1863 	EXP 	red_2: autoDraw = False
328.1863 	EXP 	blackTrial_2: autoDraw = False
328.1863 	EXP 	whiteTrial_2: autoDraw = False
328.1863 	EXP 	TrialPicture_2: autoDraw = False
328.1863 	EXP 	green_2: autoDraw = False
328.1863 	EXP 	red_2: autoDraw = False
328.1863 	EXP 	whiteWaitInterTrial_4: size = array([0.75, 1.  ])
328.1863 	EXP 	blackWaitInterTrial_4: autoDraw = True
328.1863 	EXP 	whiteWaitInterTrial_4: autoDraw = True
328.1863 	EXP 	green_fb_2: autoDraw = True
328.1863 	EXP 	red_fb_2: autoDraw = True
329.8734 	EXP 	New trial (rep=6, index=0): None
329.8878 	EXP 	blackWaitInterTrial_4: autoDraw = False
329.8878 	EXP 	whiteWaitInterTrial_4: autoDraw = False
329.8878 	EXP 	green_fb_2: autoDraw = False
329.8878 	EXP 	red_fb_2: autoDraw = False
329.8878 	EXP 	blackWaitInterTrial_4: autoDraw = False
329.8878 	EXP 	whiteWaitInterTrial_4: autoDraw = False
329.8878 	EXP 	green_fb_2: autoDraw = False
329.8878 	EXP 	red_fb_2: autoDraw = False
329.8878 	EXP 	TrialPicture_2: size = array([0.75, 1.  ])
329.8878 	EXP 	TrialPicture_2: image = './stimuli/images/008.bmp'
329.8878 	EXP 	blackTrial_2: autoDraw = True
329.8878 	EXP 	whiteTrial_2: autoDraw = True
329.8878 	EXP 	TrialPicture_2: autoDraw = True
329.8878 	EXP 	green_2: autoDraw = True
329.8878 	EXP 	red_2: autoDraw = True
330.8886 	EXP 	blackTrial_2: autoDraw = False
330.8886 	EXP 	whiteTrial_2: autoDraw = False
330.8886 	EXP 	TrialPicture_2: autoDraw = False
330.8886 	EXP 	green_2: autoDraw = False
330.8886 	EXP 	red_2: autoDraw = False
330.8886 	EXP 	blackTrial_2: autoDraw = False
330.8886 	EXP 	whiteTrial_2: autoDraw = False
330.8886 	EXP 	TrialPicture_2: autoDraw = False
330.8886 	EXP 	green_2: autoDraw = False
330.8886 	EXP 	red_2: autoDraw = False
330.8886 	EXP 	whiteWaitInterTrial_4: size = array([0.75, 1.  ])
330.8886 	EXP 	blackWaitInterTrial_4: autoDraw = True
330.8886 	EXP 	whiteWaitInterTrial_4: autoDraw = True
330.8886 	EXP 	green_fb_2: autoDraw = True
330.8886 	EXP 	red_fb_2: autoDraw = True
332.5761 	EXP 	New trial (rep=7, index=0): None
332.5901 	EXP 	blackWaitInterTrial_4: autoDraw = False
332.5901 	EXP 	whiteWaitInterTrial_4: autoDraw = False
332.5901 	EXP 	green_fb_2: autoDraw = False
332.5901 	EXP 	red_fb_2: autoDraw = False
332.5901 	EXP 	blackWaitInterTrial_4: autoDraw = False
332.5901 	EXP 	whiteWaitInterTrial_4: autoDraw = False
332.5901 	EXP 	green_fb_2: autoDraw = False
332.5901 	EXP 	red_fb_2: autoDraw = False
332.5901 	EXP 	TrialPicture_2: size = array([0.75, 1.  ])
332.5901 	EXP 	TrialPicture_2: image = './stimuli/images/086.bmp'
332.5901 	EXP 	blackTrial_2: autoDraw = True
332.5901 	EXP 	whiteTrial_2: autoDraw = True
332.5901 	EXP 	TrialPicture_2: autoDraw = True
332.5901 	EXP 	green_2: autoDraw = True
332.5901 	EXP 	red_2: autoDraw = True
333.5910 	EXP 	blackTrial_2: autoDraw = False
333.5910 	EXP 	whiteTrial_2: autoDraw = False
333.5910 	EXP 	TrialPicture_2: autoDraw = False
333.5910 	EXP 	green_2: autoDraw = False
333.5910 	EXP 	red_2: autoDraw = False
333.5910 	EXP 	blackTrial_2: autoDraw = False
333.5910 	EXP 	whiteTrial_2: autoDraw = False
333.5910 	EXP 	TrialPicture_2: autoDraw = False
333.5910 	EXP 	green_2: autoDraw = False
333.5910 	EXP 	red_2: autoDraw = False
333.5910 	EXP 	whiteWaitInterTrial_4: size = array([0.75, 1.  ])
333.5910 	EXP 	blackWaitInterTrial_4: autoDraw = True
333.5910 	EXP 	whiteWaitInterTrial_4: autoDraw = True
333.5910 	EXP 	green_fb_2: autoDraw = True
333.5910 	EXP 	red_fb_2: autoDraw = True
335.3792 	EXP 	New trial (rep=8, index=0): None
335.4094 	EXP 	blackWaitInterTrial_4: autoDraw = False
335.4094 	EXP 	whiteWaitInterTrial_4: autoDraw = False
335.4094 	EXP 	green_fb_2: autoDraw = False
335.4094 	EXP 	red_fb_2: autoDraw = False
335.4094 	EXP 	blackWaitInterTrial_4: autoDraw = False
335.4094 	EXP 	whiteWaitInterTrial_4: autoDraw = False
335.4094 	EXP 	green_fb_2: autoDraw = False
335.4094 	EXP 	red_fb_2: autoDraw = False
335.4094 	EXP 	TrialPicture_2: size = array([0.75, 1.  ])
335.4094 	EXP 	TrialPicture_2: image = './stimuli/images/061.bmp'
335.4094 	EXP 	blackTrial_2: autoDraw = True
335.4094 	EXP 	whiteTrial_2: autoDraw = True
335.4094 	EXP 	TrialPicture_2: autoDraw = True
335.4094 	EXP 	green_2: autoDraw = True
335.4094 	EXP 	red_2: autoDraw = True
336.4101 	EXP 	blackTrial_2: autoDraw = False
336.4101 	EXP 	whiteTrial_2: autoDraw = False
336.4101 	EXP 	TrialPicture_2: autoDraw = False
336.4101 	EXP 	green_2: autoDraw = False
336.4101 	EXP 	red_2: autoDraw = False
336.4101 	EXP 	blackTrial_2: autoDraw = False
336.4101 	EXP 	whiteTrial_2: autoDraw = False
336.4101 	EXP 	TrialPicture_2: autoDraw = False
336.4101 	EXP 	green_2: autoDraw = False
336.4101 	EXP 	red_2: autoDraw = False
336.4101 	EXP 	whiteWaitInterTrial_4: size = array([0.75, 1.  ])
336.4101 	EXP 	blackWaitInterTrial_4: autoDraw = True
336.4101 	EXP 	whiteWaitInterTrial_4: autoDraw = True
336.4101 	EXP 	green_fb_2: autoDraw = True
336.4101 	EXP 	red_fb_2: autoDraw = True
338.0974 	EXP 	New trial (rep=9, index=0): None
338.1116 	EXP 	blackWaitInterTrial_4: autoDraw = False
338.1116 	EXP 	whiteWaitInterTrial_4: autoDraw = False
338.1116 	EXP 	green_fb_2: autoDraw = False
338.1116 	EXP 	red_fb_2: autoDraw = False
338.1116 	EXP 	blackWaitInterTrial_4: autoDraw = False
338.1116 	EXP 	whiteWaitInterTrial_4: autoDraw = False
338.1116 	EXP 	green_fb_2: autoDraw = False
338.1116 	EXP 	red_fb_2: autoDraw = False
338.1116 	EXP 	TrialPicture_2: size = array([0.75, 1.  ])
338.1116 	EXP 	TrialPicture_2: image = './stimuli/images/152.bmp'
338.1116 	EXP 	blackTrial_2: autoDraw = True
338.1116 	EXP 	whiteTrial_2: autoDraw = True
338.1116 	EXP 	TrialPicture_2: autoDraw = True
338.1116 	EXP 	green_2: autoDraw = True
338.1116 	EXP 	red_2: autoDraw = True
339.1125 	EXP 	blackTrial_2: autoDraw = False
339.1125 	EXP 	whiteTrial_2: autoDraw = False
339.1125 	EXP 	TrialPicture_2: autoDraw = False
339.1125 	EXP 	green_2: autoDraw = False
339.1125 	EXP 	red_2: autoDraw = False
339.1125 	EXP 	blackTrial_2: autoDraw = False
339.1125 	EXP 	whiteTrial_2: autoDraw = False
339.1125 	EXP 	TrialPicture_2: autoDraw = False
339.1125 	EXP 	green_2: autoDraw = False
339.1125 	EXP 	red_2: autoDraw = False
339.1125 	EXP 	whiteWaitInterTrial_4: size = array([0.75, 1.  ])
339.1125 	EXP 	blackWaitInterTrial_4: autoDraw = True
339.1125 	EXP 	whiteWaitInterTrial_4: autoDraw = True
339.1125 	EXP 	green_fb_2: autoDraw = True
339.1125 	EXP 	red_fb_2: autoDraw = True
340.6996 	EXP 	New trial (rep=10, index=0): None
340.7139 	EXP 	blackWaitInterTrial_4: autoDraw = False
340.7139 	EXP 	whiteWaitInterTrial_4: autoDraw = False
340.7139 	EXP 	green_fb_2: autoDraw = False
340.7139 	EXP 	red_fb_2: autoDraw = False
340.7139 	EXP 	blackWaitInterTrial_4: autoDraw = False
340.7139 	EXP 	whiteWaitInterTrial_4: autoDraw = False
340.7139 	EXP 	green_fb_2: autoDraw = False
340.7139 	EXP 	red_fb_2: autoDraw = False
340.7139 	EXP 	TrialPicture_2: size = array([0.75, 1.  ])
340.7139 	EXP 	TrialPicture_2: image = './stimuli/images/152.bmp'
340.7139 	EXP 	blackTrial_2: autoDraw = True
340.7139 	EXP 	whiteTrial_2: autoDraw = True
340.7139 	EXP 	TrialPicture_2: autoDraw = True
340.7139 	EXP 	green_2: autoDraw = True
340.7139 	EXP 	red_2: autoDraw = True
341.7148 	EXP 	blackTrial_2: autoDraw = False
341.7148 	EXP 	whiteTrial_2: autoDraw = False
341.7148 	EXP 	TrialPicture_2: autoDraw = False
341.7148 	EXP 	green_2: autoDraw = False
341.7148 	EXP 	red_2: autoDraw = False
341.7148 	EXP 	blackTrial_2: autoDraw = False
341.7148 	EXP 	whiteTrial_2: autoDraw = False
341.7148 	EXP 	TrialPicture_2: autoDraw = False
341.7148 	EXP 	green_2: autoDraw = False
341.7148 	EXP 	red_2: autoDraw = False
341.7148 	EXP 	whiteWaitInterTrial_4: size = array([0.75, 1.  ])
341.7148 	EXP 	blackWaitInterTrial_4: autoDraw = True
341.7148 	EXP 	whiteWaitInterTrial_4: autoDraw = True
341.7148 	EXP 	green_fb_2: autoDraw = True
341.7148 	EXP 	red_fb_2: autoDraw = True
343.4028 	EXP 	New trial (rep=11, index=0): None
343.4163 	EXP 	blackWaitInterTrial_4: autoDraw = False
343.4163 	EXP 	whiteWaitInterTrial_4: autoDraw = False
343.4163 	EXP 	green_fb_2: autoDraw = False
343.4163 	EXP 	red_fb_2: autoDraw = False
343.4163 	EXP 	blackWaitInterTrial_4: autoDraw = False
343.4163 	EXP 	whiteWaitInterTrial_4: autoDraw = False
343.4163 	EXP 	green_fb_2: autoDraw = False
343.4163 	EXP 	red_fb_2: autoDraw = False
343.4163 	EXP 	TrialPicture_2: size = array([0.75, 1.  ])
343.4163 	EXP 	TrialPicture_2: image = './stimuli/images/086.bmp'
343.4163 	EXP 	blackTrial_2: autoDraw = True
343.4163 	EXP 	whiteTrial_2: autoDraw = True
343.4163 	EXP 	TrialPicture_2: autoDraw = True
343.4163 	EXP 	green_2: autoDraw = True
343.4163 	EXP 	red_2: autoDraw = True
344.4172 	EXP 	blackTrial_2: autoDraw = False
344.4172 	EXP 	whiteTrial_2: autoDraw = False
344.4172 	EXP 	TrialPicture_2: autoDraw = False
344.4172 	EXP 	green_2: autoDraw = False
344.4172 	EXP 	red_2: autoDraw = False
344.4172 	EXP 	blackTrial_2: autoDraw = False
344.4172 	EXP 	whiteTrial_2: autoDraw = False
344.4172 	EXP 	TrialPicture_2: autoDraw = False
344.4172 	EXP 	green_2: autoDraw = False
344.4172 	EXP 	red_2: autoDraw = False
344.4172 	EXP 	whiteWaitInterTrial_4: size = array([0.75, 1.  ])
344.4172 	EXP 	blackWaitInterTrial_4: autoDraw = True
344.4172 	EXP 	whiteWaitInterTrial_4: autoDraw = True
344.4172 	EXP 	green_fb_2: autoDraw = True
344.4172 	EXP 	red_fb_2: autoDraw = True
346.0052 	EXP 	New trial (rep=12, index=0): None
346.0185 	EXP 	blackWaitInterTrial_4: autoDraw = False
346.0185 	EXP 	whiteWaitInterTrial_4: autoDraw = False
346.0185 	EXP 	green_fb_2: autoDraw = False
346.0185 	EXP 	red_fb_2: autoDraw = False
346.0185 	EXP 	blackWaitInterTrial_4: autoDraw = False
346.0185 	EXP 	whiteWaitInterTrial_4: autoDraw = False
346.0185 	EXP 	green_fb_2: autoDraw = False
346.0185 	EXP 	red_fb_2: autoDraw = False
346.0185 	EXP 	TrialPicture_2: size = array([0.75, 1.  ])
346.0185 	EXP 	TrialPicture_2: image = './stimuli/images/152.bmp'
346.0185 	EXP 	blackTrial_2: autoDraw = True
346.0185 	EXP 	whiteTrial_2: autoDraw = True
346.0185 	EXP 	TrialPicture_2: autoDraw = True
346.0185 	EXP 	green_2: autoDraw = True
346.0185 	EXP 	red_2: autoDraw = True
347.0194 	EXP 	blackTrial_2: autoDraw = False
347.0194 	EXP 	whiteTrial_2: autoDraw = False
347.0194 	EXP 	TrialPicture_2: autoDraw = False
347.0194 	EXP 	green_2: autoDraw = False
347.0194 	EXP 	red_2: autoDraw = False
347.0194 	EXP 	blackTrial_2: autoDraw = False
347.0194 	EXP 	whiteTrial_2: autoDraw = False
347.0194 	EXP 	TrialPicture_2: autoDraw = False
347.0194 	EXP 	green_2: autoDraw = False
347.0194 	EXP 	red_2: autoDraw = False
347.0194 	EXP 	whiteWaitInterTrial_4: size = array([0.75, 1.  ])
347.0194 	EXP 	blackWaitInterTrial_4: autoDraw = True
347.0194 	EXP 	whiteWaitInterTrial_4: autoDraw = True
347.0194 	EXP 	green_fb_2: autoDraw = True
347.0194 	EXP 	red_fb_2: autoDraw = True
348.6072 	EXP 	New trial (rep=13, index=0): None
348.6208 	EXP 	blackWaitInterTrial_4: autoDraw = False
348.6208 	EXP 	whiteWaitInterTrial_4: autoDraw = False
348.6208 	EXP 	green_fb_2: autoDraw = False
348.6208 	EXP 	red_fb_2: autoDraw = False
348.6208 	EXP 	blackWaitInterTrial_4: autoDraw = False
348.6208 	EXP 	whiteWaitInterTrial_4: autoDraw = False
348.6208 	EXP 	green_fb_2: autoDraw = False
348.6208 	EXP 	red_fb_2: autoDraw = False
348.6208 	EXP 	TrialPicture_2: size = array([0.75, 1.  ])
348.6208 	EXP 	TrialPicture_2: image = './stimuli/images/061.bmp'
348.6208 	EXP 	blackTrial_2: autoDraw = True
348.6208 	EXP 	whiteTrial_2: autoDraw = True
348.6208 	EXP 	TrialPicture_2: autoDraw = True
348.6208 	EXP 	green_2: autoDraw = True
348.6208 	EXP 	red_2: autoDraw = True
349.6217 	EXP 	blackTrial_2: autoDraw = False
349.6217 	EXP 	whiteTrial_2: autoDraw = False
349.6217 	EXP 	TrialPicture_2: autoDraw = False
349.6217 	EXP 	green_2: autoDraw = False
349.6217 	EXP 	red_2: autoDraw = False
349.6217 	EXP 	blackTrial_2: autoDraw = False
349.6217 	EXP 	whiteTrial_2: autoDraw = False
349.6217 	EXP 	TrialPicture_2: autoDraw = False
349.6217 	EXP 	green_2: autoDraw = False
349.6217 	EXP 	red_2: autoDraw = False
349.6217 	EXP 	whiteWaitInterTrial_4: size = array([0.75, 1.  ])
349.6217 	EXP 	blackWaitInterTrial_4: autoDraw = True
349.6217 	EXP 	whiteWaitInterTrial_4: autoDraw = True
349.6217 	EXP 	green_fb_2: autoDraw = True
349.6217 	EXP 	red_fb_2: autoDraw = True
351.3089 	EXP 	New trial (rep=14, index=0): None
351.3231 	EXP 	blackWaitInterTrial_4: autoDraw = False
351.3231 	EXP 	whiteWaitInterTrial_4: autoDraw = False
351.3231 	EXP 	green_fb_2: autoDraw = False
351.3231 	EXP 	red_fb_2: autoDraw = False
351.3231 	EXP 	blackWaitInterTrial_4: autoDraw = False
351.3231 	EXP 	whiteWaitInterTrial_4: autoDraw = False
351.3231 	EXP 	green_fb_2: autoDraw = False
351.3231 	EXP 	red_fb_2: autoDraw = False
351.3231 	EXP 	TrialPicture_2: size = array([0.75, 1.  ])
351.3231 	EXP 	TrialPicture_2: image = './stimuli/images/008.bmp'
351.3231 	EXP 	blackTrial_2: autoDraw = True
351.3231 	EXP 	whiteTrial_2: autoDraw = True
351.3231 	EXP 	TrialPicture_2: autoDraw = True
351.3231 	EXP 	green_2: autoDraw = True
351.3231 	EXP 	red_2: autoDraw = True
352.3240 	EXP 	blackTrial_2: autoDraw = False
352.3240 	EXP 	whiteTrial_2: autoDraw = False
352.3240 	EXP 	TrialPicture_2: autoDraw = False
352.3240 	EXP 	green_2: autoDraw = False
352.3240 	EXP 	red_2: autoDraw = False
352.3240 	EXP 	blackTrial_2: autoDraw = False
352.3240 	EXP 	whiteTrial_2: autoDraw = False
352.3240 	EXP 	TrialPicture_2: autoDraw = False
352.3240 	EXP 	green_2: autoDraw = False
352.3240 	EXP 	red_2: autoDraw = False
352.3240 	EXP 	whiteWaitInterTrial_4: size = array([0.75, 1.  ])
352.3240 	EXP 	blackWaitInterTrial_4: autoDraw = True
352.3240 	EXP 	whiteWaitInterTrial_4: autoDraw = True
352.3240 	EXP 	green_fb_2: autoDraw = True
352.3240 	EXP 	red_fb_2: autoDraw = True
354.0119 	EXP 	New trial (rep=15, index=0): None
354.0255 	EXP 	blackWaitInterTrial_4: autoDraw = False
354.0255 	EXP 	whiteWaitInterTrial_4: autoDraw = False
354.0255 	EXP 	green_fb_2: autoDraw = False
354.0255 	EXP 	red_fb_2: autoDraw = False
354.0255 	EXP 	blackWaitInterTrial_4: autoDraw = False
354.0255 	EXP 	whiteWaitInterTrial_4: autoDraw = False
354.0255 	EXP 	green_fb_2: autoDraw = False
354.0255 	EXP 	red_fb_2: autoDraw = False
354.0255 	EXP 	TrialPicture_2: size = array([0.75, 1.  ])
354.0255 	EXP 	TrialPicture_2: image = './stimuli/images/086.bmp'
354.0255 	EXP 	blackTrial_2: autoDraw = True
354.0255 	EXP 	whiteTrial_2: autoDraw = True
354.0255 	EXP 	TrialPicture_2: autoDraw = True
354.0255 	EXP 	green_2: autoDraw = True
354.0255 	EXP 	red_2: autoDraw = True
355.0264 	EXP 	blackTrial_2: autoDraw = False
355.0264 	EXP 	whiteTrial_2: autoDraw = False
355.0264 	EXP 	TrialPicture_2: autoDraw = False
355.0264 	EXP 	green_2: autoDraw = False
355.0264 	EXP 	red_2: autoDraw = False
355.0264 	EXP 	blackTrial_2: autoDraw = False
355.0264 	EXP 	whiteTrial_2: autoDraw = False
355.0264 	EXP 	TrialPicture_2: autoDraw = False
355.0264 	EXP 	green_2: autoDraw = False
355.0264 	EXP 	red_2: autoDraw = False
355.0264 	EXP 	whiteWaitInterTrial_4: size = array([0.75, 1.  ])
355.0264 	EXP 	blackWaitInterTrial_4: autoDraw = True
355.0264 	EXP 	whiteWaitInterTrial_4: autoDraw = True
355.0264 	EXP 	green_fb_2: autoDraw = True
355.0264 	EXP 	red_fb_2: autoDraw = True
356.8143 	EXP 	New trial (rep=16, index=0): None
356.8279 	EXP 	blackWaitInterTrial_4: autoDraw = False
356.8279 	EXP 	whiteWaitInterTrial_4: autoDraw = False
356.8279 	EXP 	green_fb_2: autoDraw = False
356.8279 	EXP 	red_fb_2: autoDraw = False
356.8279 	EXP 	blackWaitInterTrial_4: autoDraw = False
356.8279 	EXP 	whiteWaitInterTrial_4: autoDraw = False
356.8279 	EXP 	green_fb_2: autoDraw = False
356.8279 	EXP 	red_fb_2: autoDraw = False
356.8279 	EXP 	TrialPicture_2: size = array([0.75, 1.  ])
356.8279 	EXP 	TrialPicture_2: image = './stimuli/images/152.bmp'
356.8279 	EXP 	blackTrial_2: autoDraw = True
356.8279 	EXP 	whiteTrial_2: autoDraw = True
356.8279 	EXP 	TrialPicture_2: autoDraw = True
356.8279 	EXP 	green_2: autoDraw = True
356.8279 	EXP 	red_2: autoDraw = True
357.8288 	EXP 	blackTrial_2: autoDraw = False
357.8288 	EXP 	whiteTrial_2: autoDraw = False
357.8288 	EXP 	TrialPicture_2: autoDraw = False
357.8288 	EXP 	green_2: autoDraw = False
357.8288 	EXP 	red_2: autoDraw = False
357.8288 	EXP 	blackTrial_2: autoDraw = False
357.8288 	EXP 	whiteTrial_2: autoDraw = False
357.8288 	EXP 	TrialPicture_2: autoDraw = False
357.8288 	EXP 	green_2: autoDraw = False
357.8288 	EXP 	red_2: autoDraw = False
357.8288 	EXP 	whiteWaitInterTrial_4: size = array([0.75, 1.  ])
357.8288 	EXP 	blackWaitInterTrial_4: autoDraw = True
357.8288 	EXP 	whiteWaitInterTrial_4: autoDraw = True
357.8288 	EXP 	green_fb_2: autoDraw = True
357.8288 	EXP 	red_fb_2: autoDraw = True
359.5161 	EXP 	New trial (rep=17, index=0): None
359.5303 	EXP 	blackWaitInterTrial_4: autoDraw = False
359.5303 	EXP 	whiteWaitInterTrial_4: autoDraw = False
359.5303 	EXP 	green_fb_2: autoDraw = False
359.5303 	EXP 	red_fb_2: autoDraw = False
359.5303 	EXP 	blackWaitInterTrial_4: autoDraw = False
359.5303 	EXP 	whiteWaitInterTrial_4: autoDraw = False
359.5303 	EXP 	green_fb_2: autoDraw = False
359.5303 	EXP 	red_fb_2: autoDraw = False
359.5303 	EXP 	TrialPicture_2: size = array([0.75, 1.  ])
359.5303 	EXP 	TrialPicture_2: image = './stimuli/images/061.bmp'
359.5303 	EXP 	blackTrial_2: autoDraw = True
359.5303 	EXP 	whiteTrial_2: autoDraw = True
359.5303 	EXP 	TrialPicture_2: autoDraw = True
359.5303 	EXP 	green_2: autoDraw = True
359.5303 	EXP 	red_2: autoDraw = True
360.5312 	EXP 	blackTrial_2: autoDraw = False
360.5312 	EXP 	whiteTrial_2: autoDraw = False
360.5312 	EXP 	TrialPicture_2: autoDraw = False
360.5312 	EXP 	green_2: autoDraw = False
360.5312 	EXP 	red_2: autoDraw = False
360.5312 	EXP 	blackTrial_2: autoDraw = False
360.5312 	EXP 	whiteTrial_2: autoDraw = False
360.5312 	EXP 	TrialPicture_2: autoDraw = False
360.5312 	EXP 	green_2: autoDraw = False
360.5312 	EXP 	red_2: autoDraw = False
360.5312 	EXP 	whiteWaitInterTrial_4: size = array([0.75, 1.  ])
360.5312 	EXP 	blackWaitInterTrial_4: autoDraw = True
360.5312 	EXP 	whiteWaitInterTrial_4: autoDraw = True
360.5312 	EXP 	green_fb_2: autoDraw = True
360.5312 	EXP 	red_fb_2: autoDraw = True
362.1182 	EXP 	New trial (rep=18, index=0): None
362.1326 	EXP 	blackWaitInterTrial_4: autoDraw = False
362.1326 	EXP 	whiteWaitInterTrial_4: autoDraw = False
362.1326 	EXP 	green_fb_2: autoDraw = False
362.1326 	EXP 	red_fb_2: autoDraw = False
362.1326 	EXP 	blackWaitInterTrial_4: autoDraw = False
362.1326 	EXP 	whiteWaitInterTrial_4: autoDraw = False
362.1326 	EXP 	green_fb_2: autoDraw = False
362.1326 	EXP 	red_fb_2: autoDraw = False
362.1326 	EXP 	TrialPicture_2: size = array([0.75, 1.  ])
362.1326 	EXP 	TrialPicture_2: image = './stimuli/images/008.bmp'
362.1326 	EXP 	blackTrial_2: autoDraw = True
362.1326 	EXP 	whiteTrial_2: autoDraw = True
362.1326 	EXP 	TrialPicture_2: autoDraw = True
362.1326 	EXP 	green_2: autoDraw = True
362.1326 	EXP 	red_2: autoDraw = True
363.1335 	EXP 	blackTrial_2: autoDraw = False
363.1335 	EXP 	whiteTrial_2: autoDraw = False
363.1335 	EXP 	TrialPicture_2: autoDraw = False
363.1335 	EXP 	green_2: autoDraw = False
363.1335 	EXP 	red_2: autoDraw = False
363.1335 	EXP 	blackTrial_2: autoDraw = False
363.1335 	EXP 	whiteTrial_2: autoDraw = False
363.1335 	EXP 	TrialPicture_2: autoDraw = False
363.1335 	EXP 	green_2: autoDraw = False
363.1335 	EXP 	red_2: autoDraw = False
363.1335 	EXP 	whiteWaitInterTrial_4: size = array([0.75, 1.  ])
363.1335 	EXP 	blackWaitInterTrial_4: autoDraw = True
363.1335 	EXP 	whiteWaitInterTrial_4: autoDraw = True
363.1335 	EXP 	green_fb_2: autoDraw = True
363.1335 	EXP 	red_fb_2: autoDraw = True
364.8214 	EXP 	New trial (rep=19, index=0): None
364.8516 	EXP 	blackWaitInterTrial_4: autoDraw = False
364.8516 	EXP 	whiteWaitInterTrial_4: autoDraw = False
364.8516 	EXP 	green_fb_2: autoDraw = False
364.8516 	EXP 	red_fb_2: autoDraw = False
364.8516 	EXP 	blackWaitInterTrial_4: autoDraw = False
364.8516 	EXP 	whiteWaitInterTrial_4: autoDraw = False
364.8516 	EXP 	green_fb_2: autoDraw = False
364.8516 	EXP 	red_fb_2: autoDraw = False
364.8516 	EXP 	TrialPicture_2: size = array([0.75, 1.  ])
364.8516 	EXP 	TrialPicture_2: image = './stimuli/images/086.bmp'
364.8516 	EXP 	blackTrial_2: autoDraw = True
364.8516 	EXP 	whiteTrial_2: autoDraw = True
364.8516 	EXP 	TrialPicture_2: autoDraw = True
364.8516 	EXP 	green_2: autoDraw = True
364.8516 	EXP 	red_2: autoDraw = True
365.8525 	EXP 	blackTrial_2: autoDraw = False
365.8525 	EXP 	whiteTrial_2: autoDraw = False
365.8525 	EXP 	TrialPicture_2: autoDraw = False
365.8525 	EXP 	green_2: autoDraw = False
365.8525 	EXP 	red_2: autoDraw = False
365.8525 	EXP 	blackTrial_2: autoDraw = False
365.8525 	EXP 	whiteTrial_2: autoDraw = False
365.8525 	EXP 	TrialPicture_2: autoDraw = False
365.8525 	EXP 	green_2: autoDraw = False
365.8525 	EXP 	red_2: autoDraw = False
365.8525 	EXP 	whiteWaitInterTrial_4: size = array([0.75, 1.  ])
365.8525 	EXP 	blackWaitInterTrial_4: autoDraw = True
365.8525 	EXP 	whiteWaitInterTrial_4: autoDraw = True
365.8525 	EXP 	green_fb_2: autoDraw = True
365.8525 	EXP 	red_fb_2: autoDraw = True
367.4539 	EXP 	blackWaitInterTrial_4: autoDraw = False
367.4539 	EXP 	whiteWaitInterTrial_4: autoDraw = False
367.4539 	EXP 	green_fb_2: autoDraw = False
367.4539 	EXP 	red_fb_2: autoDraw = False
367.4539 	EXP 	blackWaitInterTrial_4: autoDraw = False
367.4539 	EXP 	whiteWaitInterTrial_4: autoDraw = False
367.4539 	EXP 	green_fb_2: autoDraw = False
367.4539 	EXP 	red_fb_2: autoDraw = False
367.4539 	EXP 	fixationImage_2: size = array([0.75, 1.  ])
367.4539 	EXP 	fixation_2: autoDraw = True
367.4539 	EXP 	fixationImage_2: autoDraw = True
369.4557 	EXP 	fixation_2: autoDraw = False
369.4557 	EXP 	fixationImage_2: autoDraw = False
369.4557 	EXP 	fixation_2: autoDraw = False
369.4557 	EXP 	fixationImage_2: autoDraw = False
369.4557 	EXP 	polygon_end_2: autoDraw = True
369.4557 	EXP 	end_text_2: autoDraw = True
371.4605 	EXP 	polygon_end_2: autoDraw = False
371.4605 	EXP 	end_text_2: autoDraw = False
371.5062 	EXP 	window1: mouseVisible = True
