3.8468 	EXP 	Created window1 = Window(allowGUI=False, allowStencil=False, args=UNKNOWN, autoLog=True, bitsMode=UNKNOWN, blendMode='avg', color=array([0., 0., 0.]), colorSpace='rgb', fullscr=<method-wrapper '__getattribute__' of attributeSetter object at 0x000001DE1AB72780>, gamma=None, gammaErrorPolicy='raise', kwargs=UNKNOWN, lms=UNKNOWN, monitor=<psychopy.monitors.calibTools.Monitor object at 0x000001DE1ABAE668>, multiSample=False, name='window1', numSamples=2, pos=[0.0, 0.0], screen=1, size=array([1920, 1200]), stereo=False, units='norm', useFBO=True, useRetina=False, viewOri=0.0, viewPos=None, viewScale=None, waitBlanking=True, winType='pyglet')
3.8469 	EXP 	window1: recordFrameIntervals = False
4.0132 	EXP 	window1: recordFrameIntervals = True
4.1969 	EXP 	window1: recordFrameIntervals = False
4.4202 	EXP 	Created polygon_1 = Rect(__class__=<class 'psychopy.visual.rect.Rect'>, autoDraw=False, autoLog=True, closeShape=True, color=method-wrapper(...), colorSpace=None, contrast=1.0, depth=0.0, fillColor='black', fillColorSpace='named', fillRGB=array([0., 0., 0.]), interpolate=True, lineColor='black', lineColorSpace='named', lineRGB=array([0., 0., 0.]), lineWidth=1, name='polygon_1', opacity=1.0, ori=array(0.), pos=array([0., 0.]), size=array([1., 1.]), units='norm', vertices=ndarray(...), win=Window(...))
4.5638 	EXP 	Created descriptionText_1 = TextStim(__class__=<class 'psychopy.visual.text.TextStim'>, alignHoriz='center', alignVert='center', antialias=True, autoLog=True, bold=False, color='white', colorSpace='named', contrast=1.0, depth=-1.0, flipHoriz=False, flipVert=False, font='Arial', fontFiles=[], height=0.09, italic=False, languageStyle='LTR', name='descriptionText_1', opacity=1.0, ori=0, pos=array([0., 0.]), rgb=array([255., 255., 255.]), text=str(...), units='norm', win=Window(...), wrapWidth=1)
4.5644 	EXP 	Created fixation10 = Rect(__class__=<class 'psychopy.visual.rect.Rect'>, autoDraw=False, autoLog=True, closeShape=True, color=method-wrapper(...), colorSpace=None, contrast=1.0, depth=0.0, fillColor='black', fillColorSpace='named', fillRGB=array([0., 0., 0.]), interpolate=True, lineColor='black', lineColorSpace='named', lineRGB=array([0., 0., 0.]), lineWidth=1, name='fixation10', opacity=1.0, ori=array(0.), pos=array([0., 0.]), size=array([1., 1.]), units='norm', vertices=ndarray(...), win=Window(...))
4.5803 	EXP 	Created fixationImage10 = ImageStim(__class__=<class 'psychopy.visual.image.ImageStim'>, autoLog=True, color=array([1., 1., 1.]), colorSpace='rgb', contrast=1.0, depth=-1.0, flipHoriz=False, flipVert=False, image='./stimuli/images/fix.bmp', interpolate=True, mask=None, maskParams=None, name='fixationImage10', opacity=1.0, ori=0.0, pos=array([0., 0.]), size=array([1., 1.]), texRes=128, units='norm', win=Window(...))
4.6035 	EXP 	Created text = TextStim(__class__=<class 'psychopy.visual.text.TextStim'>, alignHoriz='center', alignVert='center', antialias=True, autoLog=True, bold=False, color='white', colorSpace='named', contrast=1.0, depth=-2.0, flipHoriz=False, flipVert=False, font='Arial', fontFiles=[], height=0.3, italic=False, languageStyle='LTR', name='text', opacity=1.0, ori=0, pos=array([ 0. , -0.7]), rgb=array([255., 255., 255.]), text='3 . . .', units='norm', win=Window(...), wrapWidth=1)
4.6157 	EXP 	Created text_2 = TextStim(__class__=<class 'psychopy.visual.text.TextStim'>, alignHoriz='center', alignVert='center', antialias=True, autoLog=True, bold=False, color='white', colorSpace='named', contrast=1.0, depth=-3.0, flipHoriz=False, flipVert=False, font='Arial', fontFiles=[], height=0.3, italic=False, languageStyle='LTR', name='text_2', opacity=1.0, ori=0, pos=array([ 0. , -0.7]), rgb=array([255., 255., 255.]), text='2 . .', units='norm', win=Window(...), wrapWidth=1)
4.6215 	EXP 	Created text_3 = TextStim(__class__=<class 'psychopy.visual.text.TextStim'>, alignHoriz='center', alignVert='center', antialias=True, autoLog=True, bold=False, color='white', colorSpace='named', contrast=1.0, depth=-4.0, flipHoriz=False, flipVert=False, font='Arial', fontFiles=[], height=0.3, italic=False, languageStyle='LTR', name='text_3', opacity=1.0, ori=0, pos=array([ 0. , -0.7]), rgb=array([255., 255., 255.]), text='1 .', units='norm', win=Window(...), wrapWidth=1)
4.6221 	EXP 	Created blackProc = Rect(__class__=<class 'psychopy.visual.rect.Rect'>, autoDraw=False, autoLog=True, closeShape=True, color=method-wrapper(...), colorSpace=None, contrast=1.0, depth=-1.0, fillColor='black', fillColorSpace='named', fillRGB=array([0., 0., 0.]), interpolate=True, lineColor='black', lineColorSpace='named', lineRGB=array([0., 0., 0.]), lineWidth=1, name='blackProc', opacity=1.0, ori=array(0.), pos=array([0., 0.]), size=array([1., 1.]), units='norm', vertices=ndarray(...), win=Window(...))
4.6227 	EXP 	Created greenProc = Rect(__class__=<class 'psychopy.visual.rect.Rect'>, autoDraw=False, autoLog=True, closeShape=True, color=method-wrapper(...), colorSpace=None, contrast=1.0, depth=-2.0, fillColor='green', fillColorSpace='named', fillRGB=array([  0., 128.,   0.]), interpolate=True, lineColor='green', lineColorSpace='named', lineRGB=array([  0., 128.,   0.]), lineWidth=1, name='greenProc', opacity=1.0, ori=array(0.), pos=array([0., 0.]), size=array([1., 1.]), units='norm', vertices=ndarray(...), win=Window(...))
4.6244 	EXP 	Created ProcTarget = ImageStim(__class__=<class 'psychopy.visual.image.ImageStim'>, autoLog=True, color=array([1., 1., 1.]), colorSpace='rgb', contrast=1.0, depth=-3.0, flipHoriz=False, flipVert=False, image='sin', interpolate=True, mask=None, maskParams=None, name='ProcTarget', opacity=1.0, ori=0.0, pos=array([-0.4,  0. ]), size=array([1., 1.]), texRes=128, units='norm', win=Window(...))
4.6275 	EXP 	Created ProcPicture = ImageStim(__class__=<class 'psychopy.visual.image.ImageStim'>, autoLog=True, color=array([1., 1., 1.]), colorSpace='rgb', contrast=1.0, depth=-4.0, flipHoriz=False, flipVert=False, image='sin', interpolate=True, mask=None, maskParams=None, name='ProcPicture', opacity=1.0, ori=0.0, pos=array([0.4, 0. ]), size=array([1., 1.]), texRes=128, units='norm', win=Window(...))
4.6293 	EXP 	Created blackWaitInterTrial = Rect(__class__=<class 'psychopy.visual.rect.Rect'>, autoDraw=False, autoLog=True, closeShape=True, color=method-wrapper(...), colorSpace=None, contrast=1.0, depth=0.0, fillColor='black', fillColorSpace='named', fillRGB=array([0., 0., 0.]), interpolate=True, lineColor='black', lineColorSpace='named', lineRGB=array([0., 0., 0.]), lineWidth=1, name='blackWaitInterTrial', opacity=1.0, ori=array(0.), pos=array([0., 0.]), size=array([1., 1.]), units='norm', vertices=ndarray(...), win=Window(...))
4.6430 	EXP 	Created whiteWaitInterTrial = ImageStim(__class__=<class 'psychopy.visual.image.ImageStim'>, autoLog=True, color=array([1., 1., 1.]), colorSpace='rgb', contrast=1.0, depth=-1.0, flipHoriz=False, flipVert=False, image='./stimuli/images/blank.bmp', interpolate=True, mask=None, maskParams=None, name='whiteWaitInterTrial', opacity=1.0, ori=0.0, pos=array([0., 0.]), size=array([1., 1.]), texRes=128, units='norm', win=Window(...))
4.6444 	EXP 	Created blackTrial = Rect(__class__=<class 'psychopy.visual.rect.Rect'>, autoDraw=False, autoLog=True, closeShape=True, color=method-wrapper(...), colorSpace=None, contrast=1.0, depth=-1.0, fillColor='black', fillColorSpace='named', fillRGB=array([0., 0., 0.]), interpolate=True, lineColor='black', lineColorSpace='named', lineRGB=array([0., 0., 0.]), lineWidth=1, name='blackTrial', opacity=1.0, ori=array(0.), pos=array([0., 0.]), size=array([1., 1.]), units='norm', vertices=ndarray(...), win=Window(...))
4.6459 	EXP 	Created whiteTrial = Rect(__class__=<class 'psychopy.visual.rect.Rect'>, autoDraw=False, autoLog=True, closeShape=True, color=method-wrapper(...), colorSpace=None, contrast=1.0, depth=-2.0, fillColor='white', fillColorSpace='named', fillRGB=array([255., 255., 255.]), interpolate=True, lineColor='white', lineColorSpace='named', lineRGB=array([255., 255., 255.]), lineWidth=1, name='whiteTrial', opacity=1.0, ori=array(0.), pos=array([0., 0.]), size=array([1., 1.]), units='norm', vertices=ndarray(...), win=Window(...))
4.6490 	EXP 	Created TrialPicture = ImageStim(__class__=<class 'psychopy.visual.image.ImageStim'>, autoLog=True, color=array([1., 1., 1.]), colorSpace='rgb', contrast=1.0, depth=-3.0, flipHoriz=False, flipVert=False, image='sin', interpolate=True, mask=None, maskParams=None, name='TrialPicture', opacity=1.0, ori=0.0, pos=array([0., 0.]), size=array([1., 1.]), texRes=128, units='norm', win=Window(...))
4.6503 	EXP 	Created green_1 = ShapeStim(__class__=<class 'psychopy.visual.shape.ShapeStim'>, autoDraw=False, autoLog=True, closeShape=True, contrast=1.0, depth=-6.0, fillColor='green', fillColorSpace='named', interpolate=True, lineColor='green', lineColorSpace='named', lineWidth=1, name='green_1', opacity=1.0, ori=array(0.), pos=array([0., 0.]), size=array([0.05, 0.05]), units='norm', vertices=ndarray(...), win=Window(...), windingRule=None)
4.6511 	EXP 	Created red_1 = Rect(__class__=<class 'psychopy.visual.rect.Rect'>, autoDraw=False, autoLog=True, closeShape=True, color=method-wrapper(...), colorSpace=None, contrast=1.0, depth=-7.0, fillColor='red', fillColorSpace='named', fillRGB=array([255.,   0.,   0.]), interpolate=True, lineColor='red', lineColorSpace='named', lineRGB=array([255.,   0.,   0.]), lineWidth=1, name='red_1', opacity=1.0, ori=array(0.), pos=array([0., 0.]), size=array([1., 1.]), units='norm', vertices=ndarray(...), win=Window(...))
4.6519 	EXP 	Created blackWaitInterTrial_2 = Rect(__class__=<class 'psychopy.visual.rect.Rect'>, autoDraw=False, autoLog=True, closeShape=True, color=method-wrapper(...), colorSpace=None, contrast=1.0, depth=-1.0, fillColor='black', fillColorSpace='named', fillRGB=array([0., 0., 0.]), interpolate=True, lineColor='black', lineColorSpace='named', lineRGB=array([0., 0., 0.]), lineWidth=1, name='blackWaitInterTrial_2', opacity=1.0, ori=array(0.), pos=array([0., 0.]), size=array([1., 1.]), units='norm', vertices=ndarray(...), win=Window(...))
4.6598 	EXP 	Created whiteWaitInterTrial_2 = ImageStim(__class__=<class 'psychopy.visual.image.ImageStim'>, autoLog=True, color=array([1., 1., 1.]), colorSpace='rgb', contrast=1.0, depth=-2.0, flipHoriz=False, flipVert=False, image='./stimuli/images/blank.bmp', interpolate=True, mask=None, maskParams=None, name='whiteWaitInterTrial_2', opacity=1.0, ori=0.0, pos=array([0., 0.]), size=array([1., 1.]), texRes=128, units='norm', win=Window(...))
4.6604 	EXP 	Created green_fb_1 = ShapeStim(__class__=<class 'psychopy.visual.shape.ShapeStim'>, autoDraw=False, autoLog=True, closeShape=True, contrast=1.0, depth=-3.0, fillColor='green', fillColorSpace='named', interpolate=True, lineColor='green', lineColorSpace='named', lineWidth=1, name='green_fb_1', opacity=1.0, ori=array(0.), pos=array([0., 0.]), size=array([1., 1.]), units='norm', vertices=ndarray(...), win=Window(...), windingRule=None)
4.6610 	EXP 	Created red_fb_1 = Rect(__class__=<class 'psychopy.visual.rect.Rect'>, autoDraw=False, autoLog=True, closeShape=True, color=method-wrapper(...), colorSpace=None, contrast=1.0, depth=-4.0, fillColor='red', fillColorSpace='named', fillRGB=array([255.,   0.,   0.]), interpolate=True, lineColor='red', lineColorSpace='named', lineRGB=array([255.,   0.,   0.]), lineWidth=1, name='red_fb_1', opacity=1.0, ori=array(0.), pos=array([0., 0.]), size=array([1., 1.]), units='norm', vertices=ndarray(...), win=Window(...))
4.6615 	EXP 	Created fixation = Rect(__class__=<class 'psychopy.visual.rect.Rect'>, autoDraw=False, autoLog=True, closeShape=True, color=method-wrapper(...), colorSpace=None, contrast=1.0, depth=0.0, fillColor='black', fillColorSpace='named', fillRGB=array([0., 0., 0.]), interpolate=True, lineColor='black', lineColorSpace='named', lineRGB=array([0., 0., 0.]), lineWidth=1, name='fixation', opacity=1.0, ori=array(0.), pos=array([0., 0.]), size=array([1., 1.]), units='norm', vertices=ndarray(...), win=Window(...))
4.6667 	EXP 	Created fixationImage = ImageStim(__class__=<class 'psychopy.visual.image.ImageStim'>, autoLog=True, color=array([1., 1., 1.]), colorSpace='rgb', contrast=1.0, depth=-1.0, flipHoriz=False, flipVert=False, image='./stimuli/images/fix.bmp', interpolate=True, mask=None, maskParams=None, name='fixationImage', opacity=1.0, ori=0.0, pos=array([0., 0.]), size=array([1., 1.]), texRes=128, units='norm', win=Window(...))
4.6673 	EXP 	Created polygon_end = Rect(__class__=<class 'psychopy.visual.rect.Rect'>, autoDraw=False, autoLog=True, closeShape=True, color=method-wrapper(...), colorSpace=None, contrast=1.0, depth=0.0, fillColor='black', fillColorSpace='named', fillRGB=array([0., 0., 0.]), interpolate=True, lineColor='black', lineColorSpace='named', lineRGB=array([0., 0., 0.]), lineWidth=1, name='polygon_end', opacity=1.0, ori=array(0.), pos=array([0., 0.]), size=array([1., 1.]), units='norm', vertices=ndarray(...), win=Window(...))
4.6854 	EXP 	Created end_text = TextStim(__class__=<class 'psychopy.visual.text.TextStim'>, alignHoriz='center', alignVert='center', antialias=True, autoLog=True, bold=False, color='white', colorSpace='named', contrast=1.0, depth=-1.0, flipHoriz=False, flipVert=False, font='Arial', fontFiles=[], height=0.1, italic=False, languageStyle='LTR', name='end_text', opacity=1.0, ori=0, pos=array([0., 0.]), rgb=array([255., 255., 255.]), text='That completes Round 1 of the task', units='norm', win=Window(...), wrapWidth=1)
4.6859 	EXP 	Created polygon_15 = Rect(__class__=<class 'psychopy.visual.rect.Rect'>, autoDraw=False, autoLog=True, closeShape=True, color=method-wrapper(...), colorSpace=None, contrast=1.0, depth=0.0, fillColor='black', fillColorSpace='named', fillRGB=array([0., 0., 0.]), interpolate=True, lineColor='black', lineColorSpace='named', lineRGB=array([0., 0., 0.]), lineWidth=1, name='polygon_15', opacity=1.0, ori=array(0.), pos=array([0., 0.]), size=array([1., 1.]), units='norm', vertices=ndarray(...), win=Window(...))
4.7264 	EXP 	Created descriptionText_15 = TextStim(__class__=<class 'psychopy.visual.text.TextStim'>, alignHoriz='center', alignVert='center', antialias=True, autoLog=True, bold=False, color='white', colorSpace='named', contrast=1.0, depth=-1.0, flipHoriz=False, flipVert=False, font='Arial', fontFiles=[], height=0.09, italic=False, languageStyle='LTR', name='descriptionText_15', opacity=1.0, ori=0, pos=array([0., 0.]), rgb=array([255., 255., 255.]), text=str(...), units='norm', win=Window(...), wrapWidth=1)
4.7271 	EXP 	Created fixation10 = Rect(__class__=<class 'psychopy.visual.rect.Rect'>, autoDraw=False, autoLog=True, closeShape=True, color=method-wrapper(...), colorSpace=None, contrast=1.0, depth=0.0, fillColor='black', fillColorSpace='named', fillRGB=array([0., 0., 0.]), interpolate=True, lineColor='black', lineColorSpace='named', lineRGB=array([0., 0., 0.]), lineWidth=1, name='fixation10', opacity=1.0, ori=array(0.), pos=array([0., 0.]), size=array([1., 1.]), units='norm', vertices=ndarray(...), win=Window(...))
4.7432 	EXP 	Created fixationImage10 = ImageStim(__class__=<class 'psychopy.visual.image.ImageStim'>, autoLog=True, color=array([1., 1., 1.]), colorSpace='rgb', contrast=1.0, depth=-1.0, flipHoriz=False, flipVert=False, image='./stimuli/images/fix.bmp', interpolate=True, mask=None, maskParams=None, name='fixationImage10', opacity=1.0, ori=0.0, pos=array([0., 0.]), size=array([1., 1.]), texRes=128, units='norm', win=Window(...))
4.7458 	EXP 	Created text = TextStim(__class__=<class 'psychopy.visual.text.TextStim'>, alignHoriz='center', alignVert='center', antialias=True, autoLog=True, bold=False, color='white', colorSpace='named', contrast=1.0, depth=-2.0, flipHoriz=False, flipVert=False, font='Arial', fontFiles=[], height=0.3, italic=False, languageStyle='LTR', name='text', opacity=1.0, ori=0, pos=array([ 0. , -0.7]), rgb=array([255., 255., 255.]), text='3 . . .', units='norm', win=Window(...), wrapWidth=1)
4.7482 	EXP 	Created text_2 = TextStim(__class__=<class 'psychopy.visual.text.TextStim'>, alignHoriz='center', alignVert='center', antialias=True, autoLog=True, bold=False, color='white', colorSpace='named', contrast=1.0, depth=-3.0, flipHoriz=False, flipVert=False, font='Arial', fontFiles=[], height=0.3, italic=False, languageStyle='LTR', name='text_2', opacity=1.0, ori=0, pos=array([ 0. , -0.7]), rgb=array([255., 255., 255.]), text='2 . .', units='norm', win=Window(...), wrapWidth=1)
4.7504 	EXP 	Created text_3 = TextStim(__class__=<class 'psychopy.visual.text.TextStim'>, alignHoriz='center', alignVert='center', antialias=True, autoLog=True, bold=False, color='white', colorSpace='named', contrast=1.0, depth=-4.0, flipHoriz=False, flipVert=False, font='Arial', fontFiles=[], height=0.3, italic=False, languageStyle='LTR', name='text_3', opacity=1.0, ori=0, pos=array([ 0. , -0.7]), rgb=array([255., 255., 255.]), text='1 .', units='norm', win=Window(...), wrapWidth=1)
4.7510 	EXP 	Created blackProc_2 = Rect(__class__=<class 'psychopy.visual.rect.Rect'>, autoDraw=False, autoLog=True, closeShape=True, color=method-wrapper(...), colorSpace=None, contrast=1.0, depth=-1.0, fillColor='black', fillColorSpace='named', fillRGB=array([0., 0., 0.]), interpolate=True, lineColor='black', lineColorSpace='named', lineRGB=array([0., 0., 0.]), lineWidth=1, name='blackProc_2', opacity=1.0, ori=array(0.), pos=array([0., 0.]), size=array([1., 1.]), units='norm', vertices=ndarray(...), win=Window(...))
4.7515 	EXP 	Created greenProc_2 = Rect(__class__=<class 'psychopy.visual.rect.Rect'>, autoDraw=False, autoLog=True, closeShape=True, color=method-wrapper(...), colorSpace=None, contrast=1.0, depth=-2.0, fillColor='green', fillColorSpace='named', fillRGB=array([  0., 128.,   0.]), interpolate=True, lineColor='green', lineColorSpace='named', lineRGB=array([  0., 128.,   0.]), lineWidth=1, name='greenProc_2', opacity=1.0, ori=array(0.), pos=array([0., 0.]), size=array([1., 1.]), units='norm', vertices=ndarray(...), win=Window(...))
4.7532 	EXP 	Created ProcTarget_2 = ImageStim(__class__=<class 'psychopy.visual.image.ImageStim'>, autoLog=True, color=array([1., 1., 1.]), colorSpace='rgb', contrast=1.0, depth=-3.0, flipHoriz=False, flipVert=False, image='sin', interpolate=True, mask=None, maskParams=None, name='ProcTarget_2', opacity=1.0, ori=0.0, pos=array([-0.4,  0. ]), size=array([1., 1.]), texRes=128, units='norm', win=Window(...))
4.7547 	EXP 	Created ProcPicture_2 = ImageStim(__class__=<class 'psychopy.visual.image.ImageStim'>, autoLog=True, color=array([1., 1., 1.]), colorSpace='rgb', contrast=1.0, depth=-4.0, flipHoriz=False, flipVert=False, image='sin', interpolate=True, mask=None, maskParams=None, name='ProcPicture_2', opacity=1.0, ori=0.0, pos=array([0.4, 0. ]), size=array([1., 1.]), texRes=128, units='norm', win=Window(...))
4.7552 	EXP 	Created blackWaitInterTrial_3 = Rect(__class__=<class 'psychopy.visual.rect.Rect'>, autoDraw=False, autoLog=True, closeShape=True, color=method-wrapper(...), colorSpace=None, contrast=1.0, depth=0.0, fillColor='black', fillColorSpace='named', fillRGB=array([0., 0., 0.]), interpolate=True, lineColor='black', lineColorSpace='named', lineRGB=array([0., 0., 0.]), lineWidth=1, name='blackWaitInterTrial_3', opacity=1.0, ori=array(0.), pos=array([0., 0.]), size=array([1., 1.]), units='norm', vertices=ndarray(...), win=Window(...))
4.7604 	EXP 	Created whiteWaitInterTrial_3 = ImageStim(__class__=<class 'psychopy.visual.image.ImageStim'>, autoLog=True, color=array([1., 1., 1.]), colorSpace='rgb', contrast=1.0, depth=-1.0, flipHoriz=False, flipVert=False, image='./stimuli/images/blank.bmp', interpolate=True, mask=None, maskParams=None, name='whiteWaitInterTrial_3', opacity=1.0, ori=0.0, pos=array([0., 0.]), size=array([1., 1.]), texRes=128, units='norm', win=Window(...))
4.7610 	EXP 	Created blackTrial_2 = Rect(__class__=<class 'psychopy.visual.rect.Rect'>, autoDraw=False, autoLog=True, closeShape=True, color=method-wrapper(...), colorSpace=None, contrast=1.0, depth=-1.0, fillColor='black', fillColorSpace='named', fillRGB=array([0., 0., 0.]), interpolate=True, lineColor='black', lineColorSpace='named', lineRGB=array([0., 0., 0.]), lineWidth=1, name='blackTrial_2', opacity=1.0, ori=array(0.), pos=array([0., 0.]), size=array([1., 1.]), units='norm', vertices=ndarray(...), win=Window(...))
4.7616 	EXP 	Created whiteTrial_2 = Rect(__class__=<class 'psychopy.visual.rect.Rect'>, autoDraw=False, autoLog=True, closeShape=True, color=method-wrapper(...), colorSpace=None, contrast=1.0, depth=-2.0, fillColor='white', fillColorSpace='named', fillRGB=array([255., 255., 255.]), interpolate=True, lineColor='white', lineColorSpace='named', lineRGB=array([255., 255., 255.]), lineWidth=1, name='whiteTrial_2', opacity=1.0, ori=array(0.), pos=array([0., 0.]), size=array([1., 1.]), units='norm', vertices=ndarray(...), win=Window(...))
4.7630 	EXP 	Created TrialPicture_2 = ImageStim(__class__=<class 'psychopy.visual.image.ImageStim'>, autoLog=True, color=array([1., 1., 1.]), colorSpace='rgb', contrast=1.0, depth=-3.0, flipHoriz=False, flipVert=False, image='sin', interpolate=True, mask=None, maskParams=None, name='TrialPicture_2', opacity=1.0, ori=0.0, pos=array([0., 0.]), size=array([1., 1.]), texRes=128, units='norm', win=Window(...))
4.7640 	EXP 	Created green_2 = ShapeStim(__class__=<class 'psychopy.visual.shape.ShapeStim'>, autoDraw=False, autoLog=True, closeShape=True, contrast=1.0, depth=-6.0, fillColor='green', fillColorSpace='named', interpolate=True, lineColor='green', lineColorSpace='named', lineWidth=1, name='green_2', opacity=1.0, ori=array(0.), pos=array([0., 0.]), size=array([0.05, 0.05]), units='norm', vertices=ndarray(...), win=Window(...), windingRule=None)
4.7646 	EXP 	Created red_2 = Rect(__class__=<class 'psychopy.visual.rect.Rect'>, autoDraw=False, autoLog=True, closeShape=True, color=method-wrapper(...), colorSpace=None, contrast=1.0, depth=-7.0, fillColor='red', fillColorSpace='named', fillRGB=array([255.,   0.,   0.]), interpolate=True, lineColor='red', lineColorSpace='named', lineRGB=array([255.,   0.,   0.]), lineWidth=1, name='red_2', opacity=1.0, ori=array(0.), pos=array([0., 0.]), size=array([1., 1.]), units='norm', vertices=ndarray(...), win=Window(...))
4.7651 	EXP 	Created blackWaitInterTrial_4 = Rect(__class__=<class 'psychopy.visual.rect.Rect'>, autoDraw=False, autoLog=True, closeShape=True, color=method-wrapper(...), colorSpace=None, contrast=1.0, depth=-1.0, fillColor='black', fillColorSpace='named', fillRGB=array([0., 0., 0.]), interpolate=True, lineColor='black', lineColorSpace='named', lineRGB=array([0., 0., 0.]), lineWidth=1, name='blackWaitInterTrial_4', opacity=1.0, ori=array(0.), pos=array([0., 0.]), size=array([1., 1.]), units='norm', vertices=ndarray(...), win=Window(...))
4.7710 	EXP 	Created whiteWaitInterTrial_4 = ImageStim(__class__=<class 'psychopy.visual.image.ImageStim'>, autoLog=True, color=array([1., 1., 1.]), colorSpace='rgb', contrast=1.0, depth=-2.0, flipHoriz=False, flipVert=False, image='./stimuli/images/blank.bmp', interpolate=True, mask=None, maskParams=None, name='whiteWaitInterTrial_4', opacity=1.0, ori=0.0, pos=array([0., 0.]), size=array([1., 1.]), texRes=128, units='norm', win=Window(...))
4.7715 	EXP 	Created green_fb_2 = ShapeStim(__class__=<class 'psychopy.visual.shape.ShapeStim'>, autoDraw=False, autoLog=True, closeShape=True, contrast=1.0, depth=-3.0, fillColor='green', fillColorSpace='named', interpolate=True, lineColor='green', lineColorSpace='named', lineWidth=1, name='green_fb_2', opacity=1.0, ori=array(0.), pos=array([0., 0.]), size=array([1., 1.]), units='norm', vertices=ndarray(...), win=Window(...), windingRule=None)
4.7721 	EXP 	Created red_fb_2 = Rect(__class__=<class 'psychopy.visual.rect.Rect'>, autoDraw=False, autoLog=True, closeShape=True, color=method-wrapper(...), colorSpace=None, contrast=1.0, depth=-4.0, fillColor='red', fillColorSpace='named', fillRGB=array([255.,   0.,   0.]), interpolate=True, lineColor='red', lineColorSpace='named', lineRGB=array([255.,   0.,   0.]), lineWidth=1, name='red_fb_2', opacity=1.0, ori=array(0.), pos=array([0., 0.]), size=array([1., 1.]), units='norm', vertices=ndarray(...), win=Window(...))
4.7726 	EXP 	Created fixation_2 = Rect(__class__=<class 'psychopy.visual.rect.Rect'>, autoDraw=False, autoLog=True, closeShape=True, color=method-wrapper(...), colorSpace=None, contrast=1.0, depth=0.0, fillColor='black', fillColorSpace='named', fillRGB=array([0., 0., 0.]), interpolate=True, lineColor='black', lineColorSpace='named', lineRGB=array([0., 0., 0.]), lineWidth=1, name='fixation_2', opacity=1.0, ori=array(0.), pos=array([0., 0.]), size=array([1., 1.]), units='norm', vertices=ndarray(...), win=Window(...))
4.7779 	EXP 	Created fixationImage_2 = ImageStim(__class__=<class 'psychopy.visual.image.ImageStim'>, autoLog=True, color=array([1., 1., 1.]), colorSpace='rgb', contrast=1.0, depth=-1.0, flipHoriz=False, flipVert=False, image='./stimuli/images/fix.bmp', interpolate=True, mask=None, maskParams=None, name='fixationImage_2', opacity=1.0, ori=0.0, pos=array([0., 0.]), size=array([1., 1.]), texRes=128, units='norm', win=Window(...))
4.7784 	EXP 	Created polygon_end_2 = Rect(__class__=<class 'psychopy.visual.rect.Rect'>, autoDraw=False, autoLog=True, closeShape=True, color=method-wrapper(...), colorSpace=None, contrast=1.0, depth=0.0, fillColor='black', fillColorSpace='named', fillRGB=array([0., 0., 0.]), interpolate=True, lineColor='black', lineColorSpace='named', lineRGB=array([0., 0., 0.]), lineWidth=1, name='polygon_end_2', opacity=1.0, ori=array(0.), pos=array([0., 0.]), size=array([1., 1.]), units='norm', vertices=ndarray(...), win=Window(...))
4.7900 	EXP 	Created end_text_2 = TextStim(__class__=<class 'psychopy.visual.text.TextStim'>, alignHoriz='center', alignVert='center', antialias=True, autoLog=True, bold=False, color='white', colorSpace='named', contrast=1.0, depth=-1.0, flipHoriz=False, flipVert=False, font='Arial', fontFiles=[], height=0.1, italic=False, languageStyle='LTR', name='end_text_2', opacity=1.0, ori=0, pos=array([0., 0.]), rgb=array([255., 255., 255.]), text='Thank you for your participation!', units='norm', win=Window(...), wrapWidth=1)
5.2606 	WARNING 	Hamming was requested using the 'pygame' sound library but hamming is not supported there.
5.2615 	EXP 	Set sound_1 sound=./lib/sound/bird.wav
5.2615 	WARNING 	Hamming was requested using the 'pygame' sound library but hamming is not supported there.
5.2620 	EXP 	Set sound_2 sound=./lib/sound/bang.wav
5.3143 	EXP 	polygon_1: autoDraw = True
5.3143 	EXP 	descriptionText_1: autoDraw = True
10.2433 	DATA 	Keypress: space
10.2520 	EXP 	polygon_1: autoDraw = False
10.2520 	EXP 	descriptionText_1: autoDraw = False
10.2520 	EXP 	fixationImage10: size = array([0.75, 1.  ])
10.2520 	EXP 	fixation10: autoDraw = True
10.2520 	EXP 	fixationImage10: autoDraw = True
10.2520 	EXP 	text: autoDraw = True
11.2363 	EXP 	text_2: autoDraw = True
11.2529 	EXP 	text: autoDraw = False
12.2371 	EXP 	text_2: autoDraw = False
12.2371 	EXP 	text_3: autoDraw = True
13.2380 	EXP 	text_3: autoDraw = False
13.2406 	EXP 	Created sequence: sequential, trialTypes=1, nReps=1, seed=None
13.2407 	EXP 	New trial (rep=0, index=0): None
13.2714 	EXP 	fixation10: autoDraw = False
13.2714 	EXP 	fixationImage10: autoDraw = False
13.2714 	EXP 	fixation10: autoDraw = False
13.2714 	EXP 	fixationImage10: autoDraw = False
13.2714 	EXP 	text: autoDraw = False
13.2714 	EXP 	text_2: autoDraw = False
13.2714 	EXP 	text_3: autoDraw = False
13.2714 	EXP 	greenProc: size = array([1.6, 1.2])
13.2714 	EXP 	ProcTarget: size = array([0.75, 1.  ])
13.2714 	EXP 	ProcTarget: image = './stimuli/images/205.bmp'
13.2714 	EXP 	ProcPicture: size = array([0.75, 1.  ])
13.2714 	EXP 	ProcPicture: image = './stimuli/images/142.bmp'
13.2714 	EXP 	blackProc: autoDraw = True
13.2714 	EXP 	greenProc: autoDraw = True
13.2714 	EXP 	ProcTarget: autoDraw = True
13.2714 	EXP 	ProcPicture: autoDraw = True
16.7745 	EXP 	blackProc: autoDraw = False
16.7745 	EXP 	greenProc: autoDraw = False
16.7745 	EXP 	ProcTarget: autoDraw = False
16.7745 	EXP 	ProcPicture: autoDraw = False
16.7745 	EXP 	blackProc: autoDraw = False
16.7745 	EXP 	greenProc: autoDraw = False
16.7745 	EXP 	ProcTarget: autoDraw = False
16.7745 	EXP 	ProcPicture: autoDraw = False
16.7745 	EXP 	whiteWaitInterTrial: size = array([0.75, 1.  ])
16.7745 	EXP 	blackWaitInterTrial: autoDraw = True
16.7745 	EXP 	whiteWaitInterTrial: autoDraw = True
18.2616 	EXP 	Created sequence: sequential, trialTypes=1, nReps=20, seed=None
18.2620 	EXP 	New trial (rep=0, index=0): None
18.2926 	EXP 	blackWaitInterTrial: autoDraw = False
18.2926 	EXP 	whiteWaitInterTrial: autoDraw = False
18.2926 	EXP 	blackWaitInterTrial: autoDraw = False
18.2926 	EXP 	whiteWaitInterTrial: autoDraw = False
18.2926 	EXP 	TrialPicture: size = array([0.75, 1.  ])
18.2926 	EXP 	TrialPicture: image = './stimuli/images/142.bmp'
18.2926 	EXP 	blackTrial: autoDraw = True
18.2926 	EXP 	whiteTrial: autoDraw = True
18.2926 	EXP 	TrialPicture: autoDraw = True
18.2926 	EXP 	green_1: autoDraw = True
18.2926 	EXP 	red_1: autoDraw = True
19.2933 	EXP 	blackTrial: autoDraw = False
19.2933 	EXP 	whiteTrial: autoDraw = False
19.2933 	EXP 	TrialPicture: autoDraw = False
19.2933 	EXP 	green_1: autoDraw = False
19.2933 	EXP 	red_1: autoDraw = False
19.2933 	EXP 	blackTrial: autoDraw = False
19.2933 	EXP 	whiteTrial: autoDraw = False
19.2933 	EXP 	TrialPicture: autoDraw = False
19.2933 	EXP 	green_1: autoDraw = False
19.2933 	EXP 	red_1: autoDraw = False
19.2933 	EXP 	whiteWaitInterTrial_2: size = array([0.75, 1.  ])
19.2933 	EXP 	blackWaitInterTrial_2: autoDraw = True
19.2933 	EXP 	whiteWaitInterTrial_2: autoDraw = True
19.2933 	EXP 	green_fb_1: autoDraw = True
19.2933 	EXP 	red_fb_1: autoDraw = True
19.4134 	DATA 	Keypress: space
21.0810 	EXP 	New trial (rep=1, index=0): None
21.0949 	EXP 	blackWaitInterTrial_2: autoDraw = False
21.0949 	EXP 	whiteWaitInterTrial_2: autoDraw = False
21.0949 	EXP 	green_fb_1: autoDraw = False
21.0949 	EXP 	red_fb_1: autoDraw = False
21.0949 	EXP 	blackWaitInterTrial_2: autoDraw = False
21.0949 	EXP 	whiteWaitInterTrial_2: autoDraw = False
21.0949 	EXP 	green_fb_1: autoDraw = False
21.0949 	EXP 	red_fb_1: autoDraw = False
21.0949 	EXP 	TrialPicture: size = array([0.75, 1.  ])
21.0949 	EXP 	TrialPicture: image = './stimuli/images/186.bmp'
21.0949 	EXP 	blackTrial: autoDraw = True
21.0949 	EXP 	whiteTrial: autoDraw = True
21.0949 	EXP 	TrialPicture: autoDraw = True
21.0949 	EXP 	green_1: autoDraw = True
21.0949 	EXP 	red_1: autoDraw = True
21.6841 	DATA 	Keypress: space
21.6972 	EXP 	Sound sound_2 started
22.0957 	EXP 	blackTrial: autoDraw = False
22.0957 	EXP 	whiteTrial: autoDraw = False
22.0957 	EXP 	TrialPicture: autoDraw = False
22.0957 	EXP 	green_1: autoDraw = False
22.0957 	EXP 	red_1: autoDraw = False
22.0957 	EXP 	blackTrial: autoDraw = False
22.0957 	EXP 	whiteTrial: autoDraw = False
22.0957 	EXP 	TrialPicture: autoDraw = False
22.0957 	EXP 	green_1: autoDraw = False
22.0957 	EXP 	red_1: autoDraw = False
22.0957 	EXP 	whiteWaitInterTrial_2: size = array([0.75, 1.  ])
22.0957 	EXP 	blackWaitInterTrial_2: autoDraw = True
22.0957 	EXP 	whiteWaitInterTrial_2: autoDraw = True
22.0957 	EXP 	green_fb_1: autoDraw = True
22.0957 	EXP 	red_fb_1: autoDraw = True
23.8838 	EXP 	New trial (rep=2, index=0): None
23.8923 	DATA 	Keypress: a
23.8973 	EXP 	blackWaitInterTrial_2: autoDraw = False
23.8973 	EXP 	whiteWaitInterTrial_2: autoDraw = False
23.8973 	EXP 	green_fb_1: autoDraw = False
23.8973 	EXP 	red_fb_1: autoDraw = False
23.8973 	EXP 	blackWaitInterTrial_2: autoDraw = False
23.8973 	EXP 	whiteWaitInterTrial_2: autoDraw = False
23.8973 	EXP 	green_fb_1: autoDraw = False
23.8973 	EXP 	red_fb_1: autoDraw = False
23.8973 	EXP 	TrialPicture: size = array([0.75, 1.  ])
23.8973 	EXP 	TrialPicture: image = './stimuli/images/205.bmp'
23.8973 	EXP 	blackTrial: autoDraw = True
23.8973 	EXP 	whiteTrial: autoDraw = True
23.8973 	EXP 	TrialPicture: autoDraw = True
23.8973 	EXP 	green_1: autoDraw = True
23.8973 	EXP 	red_1: autoDraw = True
24.1868 	DATA 	Keypress: a
24.1998 	EXP 	Sound sound_2 started
24.8982 	EXP 	blackTrial: autoDraw = False
24.8982 	EXP 	whiteTrial: autoDraw = False
24.8982 	EXP 	TrialPicture: autoDraw = False
24.8982 	EXP 	green_1: autoDraw = False
24.8982 	EXP 	red_1: autoDraw = False
24.8982 	EXP 	blackTrial: autoDraw = False
24.8982 	EXP 	whiteTrial: autoDraw = False
24.8982 	EXP 	TrialPicture: autoDraw = False
24.8982 	EXP 	green_1: autoDraw = False
24.8982 	EXP 	red_1: autoDraw = False
24.8982 	EXP 	whiteWaitInterTrial_2: size = array([0.75, 1.  ])
24.8982 	EXP 	blackWaitInterTrial_2: autoDraw = True
24.8982 	EXP 	whiteWaitInterTrial_2: autoDraw = True
24.8982 	EXP 	green_fb_1: autoDraw = True
24.8982 	EXP 	red_fb_1: autoDraw = True
26.3356 	DATA 	Keypress: l
26.5867 	EXP 	New trial (rep=3, index=0): None
26.6164 	EXP 	blackWaitInterTrial_2: autoDraw = False
26.6164 	EXP 	whiteWaitInterTrial_2: autoDraw = False
26.6164 	EXP 	green_fb_1: autoDraw = False
26.6164 	EXP 	red_fb_1: autoDraw = False
26.6164 	EXP 	blackWaitInterTrial_2: autoDraw = False
26.6164 	EXP 	whiteWaitInterTrial_2: autoDraw = False
26.6164 	EXP 	green_fb_1: autoDraw = False
26.6164 	EXP 	red_fb_1: autoDraw = False
26.6164 	EXP 	TrialPicture: size = array([0.75, 1.  ])
26.6164 	EXP 	TrialPicture: image = './stimuli/images/149.bmp'
26.6164 	EXP 	blackTrial: autoDraw = True
26.6164 	EXP 	whiteTrial: autoDraw = True
26.6164 	EXP 	TrialPicture: autoDraw = True
26.6164 	EXP 	green_1: autoDraw = True
26.6164 	EXP 	red_1: autoDraw = True
26.6351 	EXP 	Sound sound_2 started
26.6384 	DATA 	Keypress: l
26.8541 	DATA 	Keypress: l
27.6173 	EXP 	blackTrial: autoDraw = False
27.6173 	EXP 	whiteTrial: autoDraw = False
27.6173 	EXP 	TrialPicture: autoDraw = False
27.6173 	EXP 	green_1: autoDraw = False
27.6173 	EXP 	red_1: autoDraw = False
27.6173 	EXP 	blackTrial: autoDraw = False
27.6173 	EXP 	whiteTrial: autoDraw = False
27.6173 	EXP 	TrialPicture: autoDraw = False
27.6173 	EXP 	green_1: autoDraw = False
27.6173 	EXP 	red_1: autoDraw = False
27.6173 	EXP 	whiteWaitInterTrial_2: size = array([0.75, 1.  ])
27.6173 	EXP 	blackWaitInterTrial_2: autoDraw = True
27.6173 	EXP 	whiteWaitInterTrial_2: autoDraw = True
27.6173 	EXP 	green_fb_1: autoDraw = True
27.6173 	EXP 	red_fb_1: autoDraw = True
29.0721 	DATA 	Keypress: a
29.2050 	EXP 	New trial (rep=4, index=0): None
29.2187 	EXP 	blackWaitInterTrial_2: autoDraw = False
29.2187 	EXP 	whiteWaitInterTrial_2: autoDraw = False
29.2187 	EXP 	green_fb_1: autoDraw = False
29.2187 	EXP 	red_fb_1: autoDraw = False
29.2187 	EXP 	blackWaitInterTrial_2: autoDraw = False
29.2187 	EXP 	whiteWaitInterTrial_2: autoDraw = False
29.2187 	EXP 	green_fb_1: autoDraw = False
29.2187 	EXP 	red_fb_1: autoDraw = False
29.2187 	EXP 	TrialPicture: size = array([0.75, 1.  ])
29.2187 	EXP 	TrialPicture: image = './stimuli/images/142.bmp'
29.2187 	EXP 	blackTrial: autoDraw = True
29.2187 	EXP 	whiteTrial: autoDraw = True
29.2187 	EXP 	TrialPicture: autoDraw = True
29.2187 	EXP 	green_1: autoDraw = True
29.2187 	EXP 	red_1: autoDraw = True
29.7237 	DATA 	Keypress: a
29.7376 	EXP 	Sound sound_2 started
30.2195 	EXP 	blackTrial: autoDraw = False
30.2195 	EXP 	whiteTrial: autoDraw = False
30.2195 	EXP 	TrialPicture: autoDraw = False
30.2195 	EXP 	green_1: autoDraw = False
30.2195 	EXP 	red_1: autoDraw = False
30.2195 	EXP 	blackTrial: autoDraw = False
30.2195 	EXP 	whiteTrial: autoDraw = False
30.2195 	EXP 	TrialPicture: autoDraw = False
30.2195 	EXP 	green_1: autoDraw = False
30.2195 	EXP 	red_1: autoDraw = False
30.2195 	EXP 	whiteWaitInterTrial_2: size = array([0.75, 1.  ])
30.2195 	EXP 	blackWaitInterTrial_2: autoDraw = True
30.2195 	EXP 	whiteWaitInterTrial_2: autoDraw = True
30.2195 	EXP 	green_fb_1: autoDraw = True
30.2195 	EXP 	red_fb_1: autoDraw = True
31.8078 	EXP 	New trial (rep=5, index=0): None
31.8209 	EXP 	blackWaitInterTrial_2: autoDraw = False
31.8209 	EXP 	whiteWaitInterTrial_2: autoDraw = False
31.8209 	EXP 	green_fb_1: autoDraw = False
31.8209 	EXP 	red_fb_1: autoDraw = False
31.8209 	EXP 	blackWaitInterTrial_2: autoDraw = False
31.8209 	EXP 	whiteWaitInterTrial_2: autoDraw = False
31.8209 	EXP 	green_fb_1: autoDraw = False
31.8209 	EXP 	red_fb_1: autoDraw = False
31.8209 	EXP 	TrialPicture: size = array([0.75, 1.  ])
31.8209 	EXP 	TrialPicture: image = './stimuli/images/205.bmp'
31.8209 	EXP 	blackTrial: autoDraw = True
31.8209 	EXP 	whiteTrial: autoDraw = True
31.8209 	EXP 	TrialPicture: autoDraw = True
31.8209 	EXP 	green_1: autoDraw = True
31.8209 	EXP 	red_1: autoDraw = True
32.0730 	EXP 	Sound sound_2 started
32.0762 	DATA 	Keypress: a
32.8219 	EXP 	blackTrial: autoDraw = False
32.8219 	EXP 	whiteTrial: autoDraw = False
32.8219 	EXP 	TrialPicture: autoDraw = False
32.8219 	EXP 	green_1: autoDraw = False
32.8219 	EXP 	red_1: autoDraw = False
32.8219 	EXP 	blackTrial: autoDraw = False
32.8219 	EXP 	whiteTrial: autoDraw = False
32.8219 	EXP 	TrialPicture: autoDraw = False
32.8219 	EXP 	green_1: autoDraw = False
32.8219 	EXP 	red_1: autoDraw = False
32.8219 	EXP 	whiteWaitInterTrial_2: size = array([0.75, 1.  ])
32.8219 	EXP 	blackWaitInterTrial_2: autoDraw = True
32.8219 	EXP 	whiteWaitInterTrial_2: autoDraw = True
32.8219 	EXP 	green_fb_1: autoDraw = True
32.8219 	EXP 	red_fb_1: autoDraw = True
34.6093 	EXP 	New trial (rep=6, index=0): None
34.6234 	EXP 	blackWaitInterTrial_2: autoDraw = False
34.6234 	EXP 	whiteWaitInterTrial_2: autoDraw = False
34.6234 	EXP 	green_fb_1: autoDraw = False
34.6234 	EXP 	red_fb_1: autoDraw = False
34.6234 	EXP 	blackWaitInterTrial_2: autoDraw = False
34.6234 	EXP 	whiteWaitInterTrial_2: autoDraw = False
34.6234 	EXP 	green_fb_1: autoDraw = False
34.6234 	EXP 	red_fb_1: autoDraw = False
34.6234 	EXP 	TrialPicture: size = array([0.75, 1.  ])
34.6234 	EXP 	TrialPicture: image = './stimuli/images/149.bmp'
34.6234 	EXP 	blackTrial: autoDraw = True
34.6234 	EXP 	whiteTrial: autoDraw = True
34.6234 	EXP 	TrialPicture: autoDraw = True
34.6234 	EXP 	green_1: autoDraw = True
34.6234 	EXP 	red_1: autoDraw = True
34.8587 	EXP 	Sound sound_1 started
34.8617 	DATA 	Keypress: a
35.6243 	EXP 	blackTrial: autoDraw = False
35.6243 	EXP 	whiteTrial: autoDraw = False
35.6243 	EXP 	TrialPicture: autoDraw = False
35.6243 	EXP 	green_1: autoDraw = False
35.6243 	EXP 	red_1: autoDraw = False
35.6243 	EXP 	blackTrial: autoDraw = False
35.6243 	EXP 	whiteTrial: autoDraw = False
35.6243 	EXP 	TrialPicture: autoDraw = False
35.6243 	EXP 	green_1: autoDraw = False
35.6243 	EXP 	red_1: autoDraw = False
35.6243 	EXP 	whiteWaitInterTrial_2: size = array([0.75, 1.  ])
35.6243 	EXP 	blackWaitInterTrial_2: autoDraw = True
35.6243 	EXP 	whiteWaitInterTrial_2: autoDraw = True
35.6243 	EXP 	green_fb_1: autoDraw = True
35.6243 	EXP 	red_fb_1: autoDraw = True
37.2137 	EXP 	New trial (rep=7, index=0): None
37.2331 	EXP 	blackWaitInterTrial_2: autoDraw = False
37.2331 	EXP 	whiteWaitInterTrial_2: autoDraw = False
37.2331 	EXP 	green_fb_1: autoDraw = False
37.2331 	EXP 	red_fb_1: autoDraw = False
37.2331 	EXP 	blackWaitInterTrial_2: autoDraw = False
37.2331 	EXP 	whiteWaitInterTrial_2: autoDraw = False
37.2331 	EXP 	green_fb_1: autoDraw = False
37.2331 	EXP 	red_fb_1: autoDraw = False
37.2331 	EXP 	TrialPicture: size = array([0.75, 1.  ])
37.2331 	EXP 	TrialPicture: image = './stimuli/images/186.bmp'
37.2331 	EXP 	blackTrial: autoDraw = True
37.2331 	EXP 	whiteTrial: autoDraw = True
37.2331 	EXP 	TrialPicture: autoDraw = True
37.2331 	EXP 	green_1: autoDraw = True
37.2331 	EXP 	red_1: autoDraw = True
38.2471 	EXP 	blackTrial: autoDraw = False
38.2471 	EXP 	whiteTrial: autoDraw = False
38.2471 	EXP 	TrialPicture: autoDraw = False
38.2471 	EXP 	green_1: autoDraw = False
38.2471 	EXP 	red_1: autoDraw = False
38.2471 	EXP 	blackTrial: autoDraw = False
38.2471 	EXP 	whiteTrial: autoDraw = False
38.2471 	EXP 	TrialPicture: autoDraw = False
38.2471 	EXP 	green_1: autoDraw = False
38.2471 	EXP 	red_1: autoDraw = False
38.2471 	EXP 	whiteWaitInterTrial_2: size = array([0.75, 1.  ])
38.2471 	EXP 	blackWaitInterTrial_2: autoDraw = True
38.2471 	EXP 	whiteWaitInterTrial_2: autoDraw = True
38.2471 	EXP 	green_fb_1: autoDraw = True
38.2471 	EXP 	red_fb_1: autoDraw = True
39.9334 	EXP 	New trial (rep=8, index=0): None
39.9464 	EXP 	blackWaitInterTrial_2: autoDraw = False
39.9464 	EXP 	whiteWaitInterTrial_2: autoDraw = False
39.9464 	EXP 	green_fb_1: autoDraw = False
39.9464 	EXP 	red_fb_1: autoDraw = False
39.9464 	EXP 	blackWaitInterTrial_2: autoDraw = False
39.9464 	EXP 	whiteWaitInterTrial_2: autoDraw = False
39.9464 	EXP 	green_fb_1: autoDraw = False
39.9464 	EXP 	red_fb_1: autoDraw = False
39.9464 	EXP 	TrialPicture: size = array([0.75, 1.  ])
39.9464 	EXP 	TrialPicture: image = './stimuli/images/205.bmp'
39.9464 	EXP 	blackTrial: autoDraw = True
39.9464 	EXP 	whiteTrial: autoDraw = True
39.9464 	EXP 	TrialPicture: autoDraw = True
39.9464 	EXP 	green_1: autoDraw = True
39.9464 	EXP 	red_1: autoDraw = True
40.9480 	EXP 	blackTrial: autoDraw = False
40.9480 	EXP 	whiteTrial: autoDraw = False
40.9480 	EXP 	TrialPicture: autoDraw = False
40.9480 	EXP 	green_1: autoDraw = False
40.9480 	EXP 	red_1: autoDraw = False
40.9480 	EXP 	blackTrial: autoDraw = False
40.9480 	EXP 	whiteTrial: autoDraw = False
40.9480 	EXP 	TrialPicture: autoDraw = False
40.9480 	EXP 	green_1: autoDraw = False
40.9480 	EXP 	red_1: autoDraw = False
40.9480 	EXP 	whiteWaitInterTrial_2: size = array([0.75, 1.  ])
40.9480 	EXP 	blackWaitInterTrial_2: autoDraw = True
40.9480 	EXP 	whiteWaitInterTrial_2: autoDraw = True
40.9480 	EXP 	green_fb_1: autoDraw = True
40.9480 	EXP 	red_fb_1: autoDraw = True
42.7367 	EXP 	New trial (rep=9, index=0): None
42.7499 	EXP 	blackWaitInterTrial_2: autoDraw = False
42.7499 	EXP 	whiteWaitInterTrial_2: autoDraw = False
42.7499 	EXP 	green_fb_1: autoDraw = False
42.7499 	EXP 	red_fb_1: autoDraw = False
42.7499 	EXP 	blackWaitInterTrial_2: autoDraw = False
42.7499 	EXP 	whiteWaitInterTrial_2: autoDraw = False
42.7499 	EXP 	green_fb_1: autoDraw = False
42.7499 	EXP 	red_fb_1: autoDraw = False
42.7499 	EXP 	TrialPicture: size = array([0.75, 1.  ])
42.7499 	EXP 	TrialPicture: image = './stimuli/images/149.bmp'
42.7499 	EXP 	blackTrial: autoDraw = True
42.7499 	EXP 	whiteTrial: autoDraw = True
42.7499 	EXP 	TrialPicture: autoDraw = True
42.7499 	EXP 	green_1: autoDraw = True
42.7499 	EXP 	red_1: autoDraw = True
43.7669 	EXP 	blackTrial: autoDraw = False
43.7669 	EXP 	whiteTrial: autoDraw = False
43.7669 	EXP 	TrialPicture: autoDraw = False
43.7669 	EXP 	green_1: autoDraw = False
43.7669 	EXP 	red_1: autoDraw = False
43.7669 	EXP 	blackTrial: autoDraw = False
43.7669 	EXP 	whiteTrial: autoDraw = False
43.7669 	EXP 	TrialPicture: autoDraw = False
43.7669 	EXP 	green_1: autoDraw = False
43.7669 	EXP 	red_1: autoDraw = False
43.7669 	EXP 	whiteWaitInterTrial_2: size = array([0.75, 1.  ])
43.7669 	EXP 	blackWaitInterTrial_2: autoDraw = True
43.7669 	EXP 	whiteWaitInterTrial_2: autoDraw = True
43.7669 	EXP 	green_fb_1: autoDraw = True
43.7669 	EXP 	red_fb_1: autoDraw = True
45.3577 	EXP 	New trial (rep=10, index=0): None
45.3700 	EXP 	blackWaitInterTrial_2: autoDraw = False
45.3700 	EXP 	whiteWaitInterTrial_2: autoDraw = False
45.3700 	EXP 	green_fb_1: autoDraw = False
45.3700 	EXP 	red_fb_1: autoDraw = False
45.3700 	EXP 	blackWaitInterTrial_2: autoDraw = False
45.3700 	EXP 	whiteWaitInterTrial_2: autoDraw = False
45.3700 	EXP 	green_fb_1: autoDraw = False
45.3700 	EXP 	red_fb_1: autoDraw = False
45.3700 	EXP 	TrialPicture: size = array([0.75, 1.  ])
45.3700 	EXP 	TrialPicture: image = './stimuli/images/149.bmp'
45.3700 	EXP 	blackTrial: autoDraw = True
45.3700 	EXP 	whiteTrial: autoDraw = True
45.3700 	EXP 	TrialPicture: autoDraw = True
45.3700 	EXP 	green_1: autoDraw = True
45.3700 	EXP 	red_1: autoDraw = True
46.3853 	EXP 	blackTrial: autoDraw = False
46.3853 	EXP 	whiteTrial: autoDraw = False
46.3853 	EXP 	TrialPicture: autoDraw = False
46.3853 	EXP 	green_1: autoDraw = False
46.3853 	EXP 	red_1: autoDraw = False
46.3853 	EXP 	blackTrial: autoDraw = False
46.3853 	EXP 	whiteTrial: autoDraw = False
46.3853 	EXP 	TrialPicture: autoDraw = False
46.3853 	EXP 	green_1: autoDraw = False
46.3853 	EXP 	red_1: autoDraw = False
46.3853 	EXP 	whiteWaitInterTrial_2: size = array([0.75, 1.  ])
46.3853 	EXP 	blackWaitInterTrial_2: autoDraw = True
46.3853 	EXP 	whiteWaitInterTrial_2: autoDraw = True
46.3853 	EXP 	green_fb_1: autoDraw = True
46.3853 	EXP 	red_fb_1: autoDraw = True
48.0735 	EXP 	New trial (rep=11, index=0): None
48.0864 	EXP 	blackWaitInterTrial_2: autoDraw = False
48.0864 	EXP 	whiteWaitInterTrial_2: autoDraw = False
48.0864 	EXP 	green_fb_1: autoDraw = False
48.0864 	EXP 	red_fb_1: autoDraw = False
48.0864 	EXP 	blackWaitInterTrial_2: autoDraw = False
48.0864 	EXP 	whiteWaitInterTrial_2: autoDraw = False
48.0864 	EXP 	green_fb_1: autoDraw = False
48.0864 	EXP 	red_fb_1: autoDraw = False
48.0864 	EXP 	TrialPicture: size = array([0.75, 1.  ])
48.0864 	EXP 	TrialPicture: image = './stimuli/images/186.bmp'
48.0864 	EXP 	blackTrial: autoDraw = True
48.0864 	EXP 	whiteTrial: autoDraw = True
48.0864 	EXP 	TrialPicture: autoDraw = True
48.0864 	EXP 	green_1: autoDraw = True
48.0864 	EXP 	red_1: autoDraw = True
49.0902 	EXP 	blackTrial: autoDraw = False
49.0902 	EXP 	whiteTrial: autoDraw = False
49.0902 	EXP 	TrialPicture: autoDraw = False
49.0902 	EXP 	green_1: autoDraw = False
49.0902 	EXP 	red_1: autoDraw = False
49.0902 	EXP 	blackTrial: autoDraw = False
49.0902 	EXP 	whiteTrial: autoDraw = False
49.0902 	EXP 	TrialPicture: autoDraw = False
49.0902 	EXP 	green_1: autoDraw = False
49.0902 	EXP 	red_1: autoDraw = False
49.0902 	EXP 	whiteWaitInterTrial_2: size = array([0.75, 1.  ])
49.0902 	EXP 	blackWaitInterTrial_2: autoDraw = True
49.0902 	EXP 	whiteWaitInterTrial_2: autoDraw = True
49.0902 	EXP 	green_fb_1: autoDraw = True
49.0902 	EXP 	red_fb_1: autoDraw = True
50.7762 	EXP 	New trial (rep=12, index=0): None
50.7883 	EXP 	blackWaitInterTrial_2: autoDraw = False
50.7883 	EXP 	whiteWaitInterTrial_2: autoDraw = False
50.7883 	EXP 	green_fb_1: autoDraw = False
50.7883 	EXP 	red_fb_1: autoDraw = False
50.7883 	EXP 	blackWaitInterTrial_2: autoDraw = False
50.7883 	EXP 	whiteWaitInterTrial_2: autoDraw = False
50.7883 	EXP 	green_fb_1: autoDraw = False
50.7883 	EXP 	red_fb_1: autoDraw = False
50.7883 	EXP 	TrialPicture: size = array([0.75, 1.  ])
50.7883 	EXP 	TrialPicture: image = './stimuli/images/142.bmp'
50.7883 	EXP 	blackTrial: autoDraw = True
50.7883 	EXP 	whiteTrial: autoDraw = True
50.7883 	EXP 	TrialPicture: autoDraw = True
50.7883 	EXP 	green_1: autoDraw = True
50.7883 	EXP 	red_1: autoDraw = True
51.7901 	EXP 	blackTrial: autoDraw = False
51.7901 	EXP 	whiteTrial: autoDraw = False
51.7901 	EXP 	TrialPicture: autoDraw = False
51.7901 	EXP 	green_1: autoDraw = False
51.7901 	EXP 	red_1: autoDraw = False
51.7901 	EXP 	blackTrial: autoDraw = False
51.7901 	EXP 	whiteTrial: autoDraw = False
51.7901 	EXP 	TrialPicture: autoDraw = False
51.7901 	EXP 	green_1: autoDraw = False
51.7901 	EXP 	red_1: autoDraw = False
51.7901 	EXP 	whiteWaitInterTrial_2: size = array([0.75, 1.  ])
51.7901 	EXP 	blackWaitInterTrial_2: autoDraw = True
51.7901 	EXP 	whiteWaitInterTrial_2: autoDraw = True
51.7901 	EXP 	green_fb_1: autoDraw = True
51.7901 	EXP 	red_fb_1: autoDraw = True
53.3806 	EXP 	New trial (rep=13, index=0): None
53.3934 	EXP 	blackWaitInterTrial_2: autoDraw = False
53.3934 	EXP 	whiteWaitInterTrial_2: autoDraw = False
53.3934 	EXP 	green_fb_1: autoDraw = False
53.3934 	EXP 	red_fb_1: autoDraw = False
53.3934 	EXP 	blackWaitInterTrial_2: autoDraw = False
53.3934 	EXP 	whiteWaitInterTrial_2: autoDraw = False
53.3934 	EXP 	green_fb_1: autoDraw = False
53.3934 	EXP 	red_fb_1: autoDraw = False
53.3934 	EXP 	TrialPicture: size = array([0.75, 1.  ])
53.3934 	EXP 	TrialPicture: image = './stimuli/images/186.bmp'
53.3934 	EXP 	blackTrial: autoDraw = True
53.3934 	EXP 	whiteTrial: autoDraw = True
53.3934 	EXP 	TrialPicture: autoDraw = True
53.3934 	EXP 	green_1: autoDraw = True
53.3934 	EXP 	red_1: autoDraw = True
54.4090 	EXP 	blackTrial: autoDraw = False
54.4090 	EXP 	whiteTrial: autoDraw = False
54.4090 	EXP 	TrialPicture: autoDraw = False
54.4090 	EXP 	green_1: autoDraw = False
54.4090 	EXP 	red_1: autoDraw = False
54.4090 	EXP 	blackTrial: autoDraw = False
54.4090 	EXP 	whiteTrial: autoDraw = False
54.4090 	EXP 	TrialPicture: autoDraw = False
54.4090 	EXP 	green_1: autoDraw = False
54.4090 	EXP 	red_1: autoDraw = False
54.4090 	EXP 	whiteWaitInterTrial_2: size = array([0.75, 1.  ])
54.4090 	EXP 	blackWaitInterTrial_2: autoDraw = True
54.4090 	EXP 	whiteWaitInterTrial_2: autoDraw = True
54.4090 	EXP 	green_fb_1: autoDraw = True
54.4090 	EXP 	red_fb_1: autoDraw = True
56.1973 	EXP 	New trial (rep=14, index=0): None
56.2102 	EXP 	blackWaitInterTrial_2: autoDraw = False
56.2102 	EXP 	whiteWaitInterTrial_2: autoDraw = False
56.2102 	EXP 	green_fb_1: autoDraw = False
56.2102 	EXP 	red_fb_1: autoDraw = False
56.2102 	EXP 	blackWaitInterTrial_2: autoDraw = False
56.2102 	EXP 	whiteWaitInterTrial_2: autoDraw = False
56.2102 	EXP 	green_fb_1: autoDraw = False
56.2102 	EXP 	red_fb_1: autoDraw = False
56.2102 	EXP 	TrialPicture: size = array([0.75, 1.  ])
56.2102 	EXP 	TrialPicture: image = './stimuli/images/205.bmp'
56.2102 	EXP 	blackTrial: autoDraw = True
56.2102 	EXP 	whiteTrial: autoDraw = True
56.2102 	EXP 	TrialPicture: autoDraw = True
56.2102 	EXP 	green_1: autoDraw = True
56.2102 	EXP 	red_1: autoDraw = True
57.2118 	EXP 	blackTrial: autoDraw = False
57.2118 	EXP 	whiteTrial: autoDraw = False
57.2118 	EXP 	TrialPicture: autoDraw = False
57.2118 	EXP 	green_1: autoDraw = False
57.2118 	EXP 	red_1: autoDraw = False
57.2118 	EXP 	blackTrial: autoDraw = False
57.2118 	EXP 	whiteTrial: autoDraw = False
57.2118 	EXP 	TrialPicture: autoDraw = False
57.2118 	EXP 	green_1: autoDraw = False
57.2118 	EXP 	red_1: autoDraw = False
57.2118 	EXP 	whiteWaitInterTrial_2: size = array([0.75, 1.  ])
57.2118 	EXP 	blackWaitInterTrial_2: autoDraw = True
57.2118 	EXP 	whiteWaitInterTrial_2: autoDraw = True
57.2118 	EXP 	green_fb_1: autoDraw = True
57.2118 	EXP 	red_fb_1: autoDraw = True
58.7999 	EXP 	New trial (rep=15, index=0): None
58.8122 	EXP 	blackWaitInterTrial_2: autoDraw = False
58.8122 	EXP 	whiteWaitInterTrial_2: autoDraw = False
58.8122 	EXP 	green_fb_1: autoDraw = False
58.8122 	EXP 	red_fb_1: autoDraw = False
58.8122 	EXP 	blackWaitInterTrial_2: autoDraw = False
58.8122 	EXP 	whiteWaitInterTrial_2: autoDraw = False
58.8122 	EXP 	green_fb_1: autoDraw = False
58.8122 	EXP 	red_fb_1: autoDraw = False
58.8122 	EXP 	TrialPicture: size = array([0.75, 1.  ])
58.8122 	EXP 	TrialPicture: image = './stimuli/images/149.bmp'
58.8122 	EXP 	blackTrial: autoDraw = True
58.8122 	EXP 	whiteTrial: autoDraw = True
58.8122 	EXP 	TrialPicture: autoDraw = True
58.8122 	EXP 	green_1: autoDraw = True
58.8122 	EXP 	red_1: autoDraw = True
59.8137 	EXP 	blackTrial: autoDraw = False
59.8137 	EXP 	whiteTrial: autoDraw = False
59.8137 	EXP 	TrialPicture: autoDraw = False
59.8137 	EXP 	green_1: autoDraw = False
59.8137 	EXP 	red_1: autoDraw = False
59.8137 	EXP 	blackTrial: autoDraw = False
59.8137 	EXP 	whiteTrial: autoDraw = False
59.8137 	EXP 	TrialPicture: autoDraw = False
59.8137 	EXP 	green_1: autoDraw = False
59.8137 	EXP 	red_1: autoDraw = False
59.8137 	EXP 	whiteWaitInterTrial_2: size = array([0.75, 1.  ])
59.8137 	EXP 	blackWaitInterTrial_2: autoDraw = True
59.8137 	EXP 	whiteWaitInterTrial_2: autoDraw = True
59.8137 	EXP 	green_fb_1: autoDraw = True
59.8137 	EXP 	red_fb_1: autoDraw = True
61.5035 	EXP 	New trial (rep=16, index=0): None
61.5180 	EXP 	blackWaitInterTrial_2: autoDraw = False
61.5180 	EXP 	whiteWaitInterTrial_2: autoDraw = False
61.5180 	EXP 	green_fb_1: autoDraw = False
61.5180 	EXP 	red_fb_1: autoDraw = False
61.5180 	EXP 	blackWaitInterTrial_2: autoDraw = False
61.5180 	EXP 	whiteWaitInterTrial_2: autoDraw = False
61.5180 	EXP 	green_fb_1: autoDraw = False
61.5180 	EXP 	red_fb_1: autoDraw = False
61.5180 	EXP 	TrialPicture: size = array([0.75, 1.  ])
61.5180 	EXP 	TrialPicture: image = './stimuli/images/142.bmp'
61.5180 	EXP 	blackTrial: autoDraw = True
61.5180 	EXP 	whiteTrial: autoDraw = True
61.5180 	EXP 	TrialPicture: autoDraw = True
61.5180 	EXP 	green_1: autoDraw = True
61.5180 	EXP 	red_1: autoDraw = True
62.5188 	EXP 	blackTrial: autoDraw = False
62.5188 	EXP 	whiteTrial: autoDraw = False
62.5188 	EXP 	TrialPicture: autoDraw = False
62.5188 	EXP 	green_1: autoDraw = False
62.5188 	EXP 	red_1: autoDraw = False
62.5188 	EXP 	blackTrial: autoDraw = False
62.5188 	EXP 	whiteTrial: autoDraw = False
62.5188 	EXP 	TrialPicture: autoDraw = False
62.5188 	EXP 	green_1: autoDraw = False
62.5188 	EXP 	red_1: autoDraw = False
62.5188 	EXP 	whiteWaitInterTrial_2: size = array([0.75, 1.  ])
62.5188 	EXP 	blackWaitInterTrial_2: autoDraw = True
62.5188 	EXP 	whiteWaitInterTrial_2: autoDraw = True
62.5188 	EXP 	green_fb_1: autoDraw = True
62.5188 	EXP 	red_fb_1: autoDraw = True
64.3050 	EXP 	New trial (rep=17, index=0): None
64.3188 	EXP 	blackWaitInterTrial_2: autoDraw = False
64.3188 	EXP 	whiteWaitInterTrial_2: autoDraw = False
64.3188 	EXP 	green_fb_1: autoDraw = False
64.3188 	EXP 	red_fb_1: autoDraw = False
64.3188 	EXP 	blackWaitInterTrial_2: autoDraw = False
64.3188 	EXP 	whiteWaitInterTrial_2: autoDraw = False
64.3188 	EXP 	green_fb_1: autoDraw = False
64.3188 	EXP 	red_fb_1: autoDraw = False
64.3188 	EXP 	TrialPicture: size = array([0.75, 1.  ])
64.3188 	EXP 	TrialPicture: image = './stimuli/images/205.bmp'
64.3188 	EXP 	blackTrial: autoDraw = True
64.3188 	EXP 	whiteTrial: autoDraw = True
64.3188 	EXP 	TrialPicture: autoDraw = True
64.3188 	EXP 	green_1: autoDraw = True
64.3188 	EXP 	red_1: autoDraw = True
65.3357 	EXP 	blackTrial: autoDraw = False
65.3357 	EXP 	whiteTrial: autoDraw = False
65.3357 	EXP 	TrialPicture: autoDraw = False
65.3357 	EXP 	green_1: autoDraw = False
65.3357 	EXP 	red_1: autoDraw = False
65.3357 	EXP 	blackTrial: autoDraw = False
65.3357 	EXP 	whiteTrial: autoDraw = False
65.3357 	EXP 	TrialPicture: autoDraw = False
65.3357 	EXP 	green_1: autoDraw = False
65.3357 	EXP 	red_1: autoDraw = False
65.3357 	EXP 	whiteWaitInterTrial_2: size = array([0.75, 1.  ])
65.3357 	EXP 	blackWaitInterTrial_2: autoDraw = True
65.3357 	EXP 	whiteWaitInterTrial_2: autoDraw = True
65.3357 	EXP 	green_fb_1: autoDraw = True
65.3357 	EXP 	red_fb_1: autoDraw = True
66.9264 	EXP 	New trial (rep=18, index=0): None
66.9412 	EXP 	blackWaitInterTrial_2: autoDraw = False
66.9412 	EXP 	whiteWaitInterTrial_2: autoDraw = False
66.9412 	EXP 	green_fb_1: autoDraw = False
66.9412 	EXP 	red_fb_1: autoDraw = False
66.9412 	EXP 	blackWaitInterTrial_2: autoDraw = False
66.9412 	EXP 	whiteWaitInterTrial_2: autoDraw = False
66.9412 	EXP 	green_fb_1: autoDraw = False
66.9412 	EXP 	red_fb_1: autoDraw = False
66.9412 	EXP 	TrialPicture: size = array([0.75, 1.  ])
66.9412 	EXP 	TrialPicture: image = './stimuli/images/149.bmp'
66.9412 	EXP 	blackTrial: autoDraw = True
66.9412 	EXP 	whiteTrial: autoDraw = True
66.9412 	EXP 	TrialPicture: autoDraw = True
66.9412 	EXP 	green_1: autoDraw = True
66.9412 	EXP 	red_1: autoDraw = True
67.9404 	EXP 	blackTrial: autoDraw = False
67.9404 	EXP 	whiteTrial: autoDraw = False
67.9404 	EXP 	TrialPicture: autoDraw = False
67.9404 	EXP 	green_1: autoDraw = False
67.9404 	EXP 	red_1: autoDraw = False
67.9404 	EXP 	blackTrial: autoDraw = False
67.9404 	EXP 	whiteTrial: autoDraw = False
67.9404 	EXP 	TrialPicture: autoDraw = False
67.9404 	EXP 	green_1: autoDraw = False
67.9404 	EXP 	red_1: autoDraw = False
67.9404 	EXP 	whiteWaitInterTrial_2: size = array([0.75, 1.  ])
67.9404 	EXP 	blackWaitInterTrial_2: autoDraw = True
67.9404 	EXP 	whiteWaitInterTrial_2: autoDraw = True
67.9404 	EXP 	green_fb_1: autoDraw = True
67.9404 	EXP 	red_fb_1: autoDraw = True
69.6430 	EXP 	New trial (rep=19, index=0): None
69.6567 	EXP 	blackWaitInterTrial_2: autoDraw = False
69.6567 	EXP 	whiteWaitInterTrial_2: autoDraw = False
69.6567 	EXP 	green_fb_1: autoDraw = False
69.6567 	EXP 	red_fb_1: autoDraw = False
69.6567 	EXP 	blackWaitInterTrial_2: autoDraw = False
69.6567 	EXP 	whiteWaitInterTrial_2: autoDraw = False
69.6567 	EXP 	green_fb_1: autoDraw = False
69.6567 	EXP 	red_fb_1: autoDraw = False
69.6567 	EXP 	TrialPicture: size = array([0.75, 1.  ])
69.6567 	EXP 	TrialPicture: image = './stimuli/images/186.bmp'
69.6567 	EXP 	blackTrial: autoDraw = True
69.6567 	EXP 	whiteTrial: autoDraw = True
69.6567 	EXP 	TrialPicture: autoDraw = True
69.6567 	EXP 	green_1: autoDraw = True
69.6567 	EXP 	red_1: autoDraw = True
70.6733 	EXP 	blackTrial: autoDraw = False
70.6733 	EXP 	whiteTrial: autoDraw = False
70.6733 	EXP 	TrialPicture: autoDraw = False
70.6733 	EXP 	green_1: autoDraw = False
70.6733 	EXP 	red_1: autoDraw = False
70.6733 	EXP 	blackTrial: autoDraw = False
70.6733 	EXP 	whiteTrial: autoDraw = False
70.6733 	EXP 	TrialPicture: autoDraw = False
70.6733 	EXP 	green_1: autoDraw = False
70.6733 	EXP 	red_1: autoDraw = False
70.6733 	EXP 	whiteWaitInterTrial_2: size = array([0.75, 1.  ])
70.6733 	EXP 	blackWaitInterTrial_2: autoDraw = True
70.6733 	EXP 	whiteWaitInterTrial_2: autoDraw = True
70.6733 	EXP 	green_fb_1: autoDraw = True
70.6733 	EXP 	red_fb_1: autoDraw = True
72.3746 	EXP 	blackWaitInterTrial_2: autoDraw = False
72.3746 	EXP 	whiteWaitInterTrial_2: autoDraw = False
72.3746 	EXP 	green_fb_1: autoDraw = False
72.3746 	EXP 	red_fb_1: autoDraw = False
72.3746 	EXP 	blackWaitInterTrial_2: autoDraw = False
72.3746 	EXP 	whiteWaitInterTrial_2: autoDraw = False
72.3746 	EXP 	green_fb_1: autoDraw = False
72.3746 	EXP 	red_fb_1: autoDraw = False
72.3746 	EXP 	fixationImage: size = array([0.75, 1.  ])
72.3746 	EXP 	fixation: autoDraw = True
72.3746 	EXP 	fixationImage: autoDraw = True
74.3780 	EXP 	fixation: autoDraw = False
74.3780 	EXP 	fixationImage: autoDraw = False
74.3780 	EXP 	polygon_end: autoDraw = True
74.3780 	EXP 	end_text: autoDraw = True
76.3836 	WARNING 	Hamming was requested using the 'pygame' sound library but hamming is not supported there.
76.3839 	EXP 	Set sound_1 sound=./lib/sound/bird.wav
76.3839 	WARNING 	Hamming was requested using the 'pygame' sound library but hamming is not supported there.
76.3841 	EXP 	Set sound_2 sound=./lib/sound/bang.wav
76.3966 	EXP 	polygon_end: autoDraw = False
76.3966 	EXP 	end_text: autoDraw = False
76.3966 	EXP 	polygon_15: autoDraw = True
76.3966 	EXP 	descriptionText_15: autoDraw = True
111.2773 	EXP 	polygon_15: autoDraw = False
111.2773 	EXP 	descriptionText_15: autoDraw = False
111.2773 	EXP 	fixationImage10: size = array([0.75, 1.  ])
111.2773 	EXP 	fixation10: autoDraw = True
111.2773 	EXP 	fixationImage10: autoDraw = True
111.2773 	EXP 	text: autoDraw = True
112.2619 	EXP 	text_2: autoDraw = True
112.2785 	EXP 	text: autoDraw = False
113.2630 	EXP 	text_2: autoDraw = False
113.2630 	EXP 	text_3: autoDraw = True
114.2636 	EXP 	text_3: autoDraw = False
114.2663 	EXP 	Created sequence: sequential, trialTypes=1, nReps=1, seed=None
114.2665 	EXP 	New trial (rep=0, index=0): None
114.2826 	EXP 	fixation10: autoDraw = False
114.2826 	EXP 	fixationImage10: autoDraw = False
114.2826 	EXP 	fixation10: autoDraw = False
114.2826 	EXP 	fixationImage10: autoDraw = False
114.2826 	EXP 	text: autoDraw = False
114.2826 	EXP 	text_2: autoDraw = False
114.2826 	EXP 	text_3: autoDraw = False
114.2826 	EXP 	greenProc_2: size = array([1.6, 1.2])
114.2826 	EXP 	ProcTarget_2: size = array([0.75, 1.  ])
114.2826 	EXP 	ProcTarget_2: image = './stimuli/images/061.bmp'
114.2826 	EXP 	ProcPicture_2: size = array([0.75, 1.  ])
114.2826 	EXP 	ProcPicture_2: image = './stimuli/images/008.bmp'
114.2826 	EXP 	blackProc_2: autoDraw = True
114.2826 	EXP 	greenProc_2: autoDraw = True
114.2826 	EXP 	ProcTarget_2: autoDraw = True
114.2826 	EXP 	ProcPicture_2: autoDraw = True
117.7827 	EXP 	blackProc_2: autoDraw = False
117.7827 	EXP 	greenProc_2: autoDraw = False
117.7827 	EXP 	ProcTarget_2: autoDraw = False
117.7827 	EXP 	ProcPicture_2: autoDraw = False
117.7827 	EXP 	blackProc_2: autoDraw = False
117.7827 	EXP 	greenProc_2: autoDraw = False
117.7827 	EXP 	ProcTarget_2: autoDraw = False
117.7827 	EXP 	ProcPicture_2: autoDraw = False
117.7827 	EXP 	whiteWaitInterTrial_3: size = array([0.75, 1.  ])
117.7827 	EXP 	blackWaitInterTrial_3: autoDraw = True
117.7827 	EXP 	whiteWaitInterTrial_3: autoDraw = True
119.2704 	EXP 	Created sequence: sequential, trialTypes=1, nReps=20, seed=None
119.2707 	EXP 	New trial (rep=0, index=0): None
119.2866 	EXP 	blackWaitInterTrial_3: autoDraw = False
119.2866 	EXP 	whiteWaitInterTrial_3: autoDraw = False
119.2866 	EXP 	blackWaitInterTrial_3: autoDraw = False
119.2866 	EXP 	whiteWaitInterTrial_3: autoDraw = False
119.2866 	EXP 	TrialPicture_2: size = array([0.75, 1.  ])
119.2866 	EXP 	TrialPicture_2: image = './stimuli/images/152.bmp'
119.2866 	EXP 	blackTrial_2: autoDraw = True
119.2866 	EXP 	whiteTrial_2: autoDraw = True
119.2866 	EXP 	TrialPicture_2: autoDraw = True
119.2866 	EXP 	green_2: autoDraw = True
119.2866 	EXP 	red_2: autoDraw = True
119.8201 	EXP 	Sound sound_2 started
120.3026 	EXP 	blackTrial_2: autoDraw = False
120.3026 	EXP 	whiteTrial_2: autoDraw = False
120.3026 	EXP 	TrialPicture_2: autoDraw = False
120.3026 	EXP 	green_2: autoDraw = False
120.3026 	EXP 	red_2: autoDraw = False
120.3026 	EXP 	blackTrial_2: autoDraw = False
120.3026 	EXP 	whiteTrial_2: autoDraw = False
120.3026 	EXP 	TrialPicture_2: autoDraw = False
120.3026 	EXP 	green_2: autoDraw = False
120.3026 	EXP 	red_2: autoDraw = False
120.3026 	EXP 	whiteWaitInterTrial_4: size = array([0.75, 1.  ])
120.3026 	EXP 	blackWaitInterTrial_4: autoDraw = True
120.3026 	EXP 	whiteWaitInterTrial_4: autoDraw = True
120.3026 	EXP 	green_fb_2: autoDraw = True
120.3026 	EXP 	red_fb_2: autoDraw = True
122.0898 	EXP 	New trial (rep=1, index=0): None
122.1030 	EXP 	blackWaitInterTrial_4: autoDraw = False
122.1030 	EXP 	whiteWaitInterTrial_4: autoDraw = False
122.1030 	EXP 	green_fb_2: autoDraw = False
122.1030 	EXP 	red_fb_2: autoDraw = False
122.1030 	EXP 	blackWaitInterTrial_4: autoDraw = False
122.1030 	EXP 	whiteWaitInterTrial_4: autoDraw = False
122.1030 	EXP 	green_fb_2: autoDraw = False
122.1030 	EXP 	red_fb_2: autoDraw = False
122.1030 	EXP 	TrialPicture_2: size = array([0.75, 1.  ])
122.1030 	EXP 	TrialPicture_2: image = './stimuli/images/061.bmp'
122.1030 	EXP 	blackTrial_2: autoDraw = True
122.1030 	EXP 	whiteTrial_2: autoDraw = True
122.1030 	EXP 	TrialPicture_2: autoDraw = True
122.1030 	EXP 	green_2: autoDraw = True
122.1030 	EXP 	red_2: autoDraw = True
122.1718 	EXP 	Sound sound_2 started
123.1042 	EXP 	blackTrial_2: autoDraw = False
123.1042 	EXP 	whiteTrial_2: autoDraw = False
123.1042 	EXP 	TrialPicture_2: autoDraw = False
123.1042 	EXP 	green_2: autoDraw = False
123.1042 	EXP 	red_2: autoDraw = False
123.1042 	EXP 	blackTrial_2: autoDraw = False
123.1042 	EXP 	whiteTrial_2: autoDraw = False
123.1042 	EXP 	TrialPicture_2: autoDraw = False
123.1042 	EXP 	green_2: autoDraw = False
123.1042 	EXP 	red_2: autoDraw = False
123.1042 	EXP 	whiteWaitInterTrial_4: size = array([0.75, 1.  ])
123.1042 	EXP 	blackWaitInterTrial_4: autoDraw = True
123.1042 	EXP 	whiteWaitInterTrial_4: autoDraw = True
123.1042 	EXP 	green_fb_2: autoDraw = True
123.1042 	EXP 	red_fb_2: autoDraw = True
124.8911 	EXP 	New trial (rep=2, index=0): None
124.9055 	EXP 	blackWaitInterTrial_4: autoDraw = False
124.9055 	EXP 	whiteWaitInterTrial_4: autoDraw = False
124.9055 	EXP 	green_fb_2: autoDraw = False
124.9055 	EXP 	red_fb_2: autoDraw = False
124.9055 	EXP 	blackWaitInterTrial_4: autoDraw = False
124.9055 	EXP 	whiteWaitInterTrial_4: autoDraw = False
124.9055 	EXP 	green_fb_2: autoDraw = False
124.9055 	EXP 	red_fb_2: autoDraw = False
124.9055 	EXP 	TrialPicture_2: size = array([0.75, 1.  ])
124.9055 	EXP 	TrialPicture_2: image = './stimuli/images/008.bmp'
124.9055 	EXP 	blackTrial_2: autoDraw = True
124.9055 	EXP 	whiteTrial_2: autoDraw = True
124.9055 	EXP 	TrialPicture_2: autoDraw = True
124.9055 	EXP 	green_2: autoDraw = True
124.9055 	EXP 	red_2: autoDraw = True
125.4082 	EXP 	Sound sound_2 started
125.9067 	EXP 	blackTrial_2: autoDraw = False
125.9067 	EXP 	whiteTrial_2: autoDraw = False
125.9067 	EXP 	TrialPicture_2: autoDraw = False
125.9067 	EXP 	green_2: autoDraw = False
125.9067 	EXP 	red_2: autoDraw = False
125.9067 	EXP 	blackTrial_2: autoDraw = False
125.9067 	EXP 	whiteTrial_2: autoDraw = False
125.9067 	EXP 	TrialPicture_2: autoDraw = False
125.9067 	EXP 	green_2: autoDraw = False
125.9067 	EXP 	red_2: autoDraw = False
125.9067 	EXP 	whiteWaitInterTrial_4: size = array([0.75, 1.  ])
125.9067 	EXP 	blackWaitInterTrial_4: autoDraw = True
125.9067 	EXP 	whiteWaitInterTrial_4: autoDraw = True
125.9067 	EXP 	green_fb_2: autoDraw = True
125.9067 	EXP 	red_fb_2: autoDraw = True
127.5939 	EXP 	New trial (rep=3, index=0): None
127.6073 	EXP 	blackWaitInterTrial_4: autoDraw = False
127.6073 	EXP 	whiteWaitInterTrial_4: autoDraw = False
127.6073 	EXP 	green_fb_2: autoDraw = False
127.6073 	EXP 	red_fb_2: autoDraw = False
127.6073 	EXP 	blackWaitInterTrial_4: autoDraw = False
127.6073 	EXP 	whiteWaitInterTrial_4: autoDraw = False
127.6073 	EXP 	green_fb_2: autoDraw = False
127.6073 	EXP 	red_fb_2: autoDraw = False
127.6073 	EXP 	TrialPicture_2: size = array([0.75, 1.  ])
127.6073 	EXP 	TrialPicture_2: image = './stimuli/images/086.bmp'
127.6073 	EXP 	blackTrial_2: autoDraw = True
127.6073 	EXP 	whiteTrial_2: autoDraw = True
127.6073 	EXP 	TrialPicture_2: autoDraw = True
127.6073 	EXP 	green_2: autoDraw = True
127.6073 	EXP 	red_2: autoDraw = True
128.6087 	EXP 	blackTrial_2: autoDraw = False
128.6087 	EXP 	whiteTrial_2: autoDraw = False
128.6087 	EXP 	TrialPicture_2: autoDraw = False
128.6087 	EXP 	green_2: autoDraw = False
128.6087 	EXP 	red_2: autoDraw = False
128.6087 	EXP 	blackTrial_2: autoDraw = False
128.6087 	EXP 	whiteTrial_2: autoDraw = False
128.6087 	EXP 	TrialPicture_2: autoDraw = False
128.6087 	EXP 	green_2: autoDraw = False
128.6087 	EXP 	red_2: autoDraw = False
128.6087 	EXP 	whiteWaitInterTrial_4: size = array([0.75, 1.  ])
128.6087 	EXP 	blackWaitInterTrial_4: autoDraw = True
128.6087 	EXP 	whiteWaitInterTrial_4: autoDraw = True
128.6087 	EXP 	green_fb_2: autoDraw = True
128.6087 	EXP 	red_fb_2: autoDraw = True
130.2970 	EXP 	New trial (rep=4, index=0): None
130.3118 	EXP 	blackWaitInterTrial_4: autoDraw = False
130.3118 	EXP 	whiteWaitInterTrial_4: autoDraw = False
130.3118 	EXP 	green_fb_2: autoDraw = False
130.3118 	EXP 	red_fb_2: autoDraw = False
130.3118 	EXP 	blackWaitInterTrial_4: autoDraw = False
130.3118 	EXP 	whiteWaitInterTrial_4: autoDraw = False
130.3118 	EXP 	green_fb_2: autoDraw = False
130.3118 	EXP 	red_fb_2: autoDraw = False
130.3118 	EXP 	TrialPicture_2: size = array([0.75, 1.  ])
130.3118 	EXP 	TrialPicture_2: image = './stimuli/images/152.bmp'
130.3118 	EXP 	blackTrial_2: autoDraw = True
130.3118 	EXP 	whiteTrial_2: autoDraw = True
130.3118 	EXP 	TrialPicture_2: autoDraw = True
130.3118 	EXP 	green_2: autoDraw = True
130.3118 	EXP 	red_2: autoDraw = True
131.3119 	EXP 	blackTrial_2: autoDraw = False
131.3119 	EXP 	whiteTrial_2: autoDraw = False
131.3119 	EXP 	TrialPicture_2: autoDraw = False
131.3119 	EXP 	green_2: autoDraw = False
131.3119 	EXP 	red_2: autoDraw = False
131.3119 	EXP 	blackTrial_2: autoDraw = False
131.3119 	EXP 	whiteTrial_2: autoDraw = False
131.3119 	EXP 	TrialPicture_2: autoDraw = False
131.3119 	EXP 	green_2: autoDraw = False
131.3119 	EXP 	red_2: autoDraw = False
131.3119 	EXP 	whiteWaitInterTrial_4: size = array([0.75, 1.  ])
131.3119 	EXP 	blackWaitInterTrial_4: autoDraw = True
131.3119 	EXP 	whiteWaitInterTrial_4: autoDraw = True
131.3119 	EXP 	green_fb_2: autoDraw = True
131.3119 	EXP 	red_fb_2: autoDraw = True
132.9006 	EXP 	New trial (rep=5, index=0): None
132.9147 	EXP 	blackWaitInterTrial_4: autoDraw = False
132.9147 	EXP 	whiteWaitInterTrial_4: autoDraw = False
132.9147 	EXP 	green_fb_2: autoDraw = False
132.9147 	EXP 	red_fb_2: autoDraw = False
132.9147 	EXP 	blackWaitInterTrial_4: autoDraw = False
132.9147 	EXP 	whiteWaitInterTrial_4: autoDraw = False
132.9147 	EXP 	green_fb_2: autoDraw = False
132.9147 	EXP 	red_fb_2: autoDraw = False
132.9147 	EXP 	TrialPicture_2: size = array([0.75, 1.  ])
132.9147 	EXP 	TrialPicture_2: image = './stimuli/images/061.bmp'
132.9147 	EXP 	blackTrial_2: autoDraw = True
132.9147 	EXP 	whiteTrial_2: autoDraw = True
132.9147 	EXP 	TrialPicture_2: autoDraw = True
132.9147 	EXP 	green_2: autoDraw = True
132.9147 	EXP 	red_2: autoDraw = True
133.9145 	EXP 	blackTrial_2: autoDraw = False
133.9145 	EXP 	whiteTrial_2: autoDraw = False
133.9145 	EXP 	TrialPicture_2: autoDraw = False
133.9145 	EXP 	green_2: autoDraw = False
133.9145 	EXP 	red_2: autoDraw = False
133.9145 	EXP 	blackTrial_2: autoDraw = False
133.9145 	EXP 	whiteTrial_2: autoDraw = False
133.9145 	EXP 	TrialPicture_2: autoDraw = False
133.9145 	EXP 	green_2: autoDraw = False
133.9145 	EXP 	red_2: autoDraw = False
133.9145 	EXP 	whiteWaitInterTrial_4: size = array([0.75, 1.  ])
133.9145 	EXP 	blackWaitInterTrial_4: autoDraw = True
133.9145 	EXP 	whiteWaitInterTrial_4: autoDraw = True
133.9145 	EXP 	green_fb_2: autoDraw = True
133.9145 	EXP 	red_fb_2: autoDraw = True
135.6011 	EXP 	New trial (rep=6, index=0): None
135.6148 	EXP 	blackWaitInterTrial_4: autoDraw = False
135.6148 	EXP 	whiteWaitInterTrial_4: autoDraw = False
135.6148 	EXP 	green_fb_2: autoDraw = False
135.6148 	EXP 	red_fb_2: autoDraw = False
135.6148 	EXP 	blackWaitInterTrial_4: autoDraw = False
135.6148 	EXP 	whiteWaitInterTrial_4: autoDraw = False
135.6148 	EXP 	green_fb_2: autoDraw = False
135.6148 	EXP 	red_fb_2: autoDraw = False
135.6148 	EXP 	TrialPicture_2: size = array([0.75, 1.  ])
135.6148 	EXP 	TrialPicture_2: image = './stimuli/images/008.bmp'
135.6148 	EXP 	blackTrial_2: autoDraw = True
135.6148 	EXP 	whiteTrial_2: autoDraw = True
135.6148 	EXP 	TrialPicture_2: autoDraw = True
135.6148 	EXP 	green_2: autoDraw = True
135.6148 	EXP 	red_2: autoDraw = True
136.6158 	EXP 	blackTrial_2: autoDraw = False
136.6158 	EXP 	whiteTrial_2: autoDraw = False
136.6158 	EXP 	TrialPicture_2: autoDraw = False
136.6158 	EXP 	green_2: autoDraw = False
136.6158 	EXP 	red_2: autoDraw = False
136.6158 	EXP 	blackTrial_2: autoDraw = False
136.6158 	EXP 	whiteTrial_2: autoDraw = False
136.6158 	EXP 	TrialPicture_2: autoDraw = False
136.6158 	EXP 	green_2: autoDraw = False
136.6158 	EXP 	red_2: autoDraw = False
136.6158 	EXP 	whiteWaitInterTrial_4: size = array([0.75, 1.  ])
136.6158 	EXP 	blackWaitInterTrial_4: autoDraw = True
136.6158 	EXP 	whiteWaitInterTrial_4: autoDraw = True
136.6158 	EXP 	green_fb_2: autoDraw = True
136.6158 	EXP 	red_fb_2: autoDraw = True
138.3037 	EXP 	New trial (rep=7, index=0): None
138.3180 	EXP 	blackWaitInterTrial_4: autoDraw = False
138.3180 	EXP 	whiteWaitInterTrial_4: autoDraw = False
138.3180 	EXP 	green_fb_2: autoDraw = False
138.3180 	EXP 	red_fb_2: autoDraw = False
138.3180 	EXP 	blackWaitInterTrial_4: autoDraw = False
138.3180 	EXP 	whiteWaitInterTrial_4: autoDraw = False
138.3180 	EXP 	green_fb_2: autoDraw = False
138.3180 	EXP 	red_fb_2: autoDraw = False
138.3180 	EXP 	TrialPicture_2: size = array([0.75, 1.  ])
138.3180 	EXP 	TrialPicture_2: image = './stimuli/images/086.bmp'
138.3180 	EXP 	blackTrial_2: autoDraw = True
138.3180 	EXP 	whiteTrial_2: autoDraw = True
138.3180 	EXP 	TrialPicture_2: autoDraw = True
138.3180 	EXP 	green_2: autoDraw = True
138.3180 	EXP 	red_2: autoDraw = True
138.9030 	EXP 	Sound sound_2 started
139.3184 	EXP 	blackTrial_2: autoDraw = False
139.3184 	EXP 	whiteTrial_2: autoDraw = False
139.3184 	EXP 	TrialPicture_2: autoDraw = False
139.3184 	EXP 	green_2: autoDraw = False
139.3184 	EXP 	red_2: autoDraw = False
139.3184 	EXP 	blackTrial_2: autoDraw = False
139.3184 	EXP 	whiteTrial_2: autoDraw = False
139.3184 	EXP 	TrialPicture_2: autoDraw = False
139.3184 	EXP 	green_2: autoDraw = False
139.3184 	EXP 	red_2: autoDraw = False
139.3184 	EXP 	whiteWaitInterTrial_4: size = array([0.75, 1.  ])
139.3184 	EXP 	blackWaitInterTrial_4: autoDraw = True
139.3184 	EXP 	whiteWaitInterTrial_4: autoDraw = True
139.3184 	EXP 	green_fb_2: autoDraw = True
139.3184 	EXP 	red_fb_2: autoDraw = True
141.1061 	EXP 	New trial (rep=8, index=0): None
141.1200 	EXP 	blackWaitInterTrial_4: autoDraw = False
141.1200 	EXP 	whiteWaitInterTrial_4: autoDraw = False
141.1200 	EXP 	green_fb_2: autoDraw = False
141.1200 	EXP 	red_fb_2: autoDraw = False
141.1200 	EXP 	blackWaitInterTrial_4: autoDraw = False
141.1200 	EXP 	whiteWaitInterTrial_4: autoDraw = False
141.1200 	EXP 	green_fb_2: autoDraw = False
141.1200 	EXP 	red_fb_2: autoDraw = False
141.1200 	EXP 	TrialPicture_2: size = array([0.75, 1.  ])
141.1200 	EXP 	TrialPicture_2: image = './stimuli/images/061.bmp'
141.1200 	EXP 	blackTrial_2: autoDraw = True
141.1200 	EXP 	whiteTrial_2: autoDraw = True
141.1200 	EXP 	TrialPicture_2: autoDraw = True
141.1200 	EXP 	green_2: autoDraw = True
141.1200 	EXP 	red_2: autoDraw = True
141.2223 	EXP 	Sound sound_1 started
142.1206 	EXP 	blackTrial_2: autoDraw = False
142.1206 	EXP 	whiteTrial_2: autoDraw = False
142.1206 	EXP 	TrialPicture_2: autoDraw = False
142.1206 	EXP 	green_2: autoDraw = False
142.1206 	EXP 	red_2: autoDraw = False
142.1206 	EXP 	blackTrial_2: autoDraw = False
142.1206 	EXP 	whiteTrial_2: autoDraw = False
142.1206 	EXP 	TrialPicture_2: autoDraw = False
142.1206 	EXP 	green_2: autoDraw = False
142.1206 	EXP 	red_2: autoDraw = False
142.1206 	EXP 	whiteWaitInterTrial_4: size = array([0.75, 1.  ])
142.1206 	EXP 	blackWaitInterTrial_4: autoDraw = True
142.1206 	EXP 	whiteWaitInterTrial_4: autoDraw = True
142.1206 	EXP 	green_fb_2: autoDraw = True
142.1206 	EXP 	red_fb_2: autoDraw = True
143.8102 	EXP 	New trial (rep=9, index=0): None
143.8229 	EXP 	blackWaitInterTrial_4: autoDraw = False
143.8229 	EXP 	whiteWaitInterTrial_4: autoDraw = False
143.8229 	EXP 	green_fb_2: autoDraw = False
143.8229 	EXP 	red_fb_2: autoDraw = False
143.8229 	EXP 	blackWaitInterTrial_4: autoDraw = False
143.8229 	EXP 	whiteWaitInterTrial_4: autoDraw = False
143.8229 	EXP 	green_fb_2: autoDraw = False
143.8229 	EXP 	red_fb_2: autoDraw = False
143.8229 	EXP 	TrialPicture_2: size = array([0.75, 1.  ])
143.8229 	EXP 	TrialPicture_2: image = './stimuli/images/152.bmp'
143.8229 	EXP 	blackTrial_2: autoDraw = True
143.8229 	EXP 	whiteTrial_2: autoDraw = True
143.8229 	EXP 	TrialPicture_2: autoDraw = True
143.8229 	EXP 	green_2: autoDraw = True
143.8229 	EXP 	red_2: autoDraw = True
144.8234 	EXP 	blackTrial_2: autoDraw = False
144.8234 	EXP 	whiteTrial_2: autoDraw = False
144.8234 	EXP 	TrialPicture_2: autoDraw = False
144.8234 	EXP 	green_2: autoDraw = False
144.8234 	EXP 	red_2: autoDraw = False
144.8234 	EXP 	blackTrial_2: autoDraw = False
144.8234 	EXP 	whiteTrial_2: autoDraw = False
144.8234 	EXP 	TrialPicture_2: autoDraw = False
144.8234 	EXP 	green_2: autoDraw = False
144.8234 	EXP 	red_2: autoDraw = False
144.8234 	EXP 	whiteWaitInterTrial_4: size = array([0.75, 1.  ])
144.8234 	EXP 	blackWaitInterTrial_4: autoDraw = True
144.8234 	EXP 	whiteWaitInterTrial_4: autoDraw = True
144.8234 	EXP 	green_fb_2: autoDraw = True
144.8234 	EXP 	red_fb_2: autoDraw = True
146.4106 	EXP 	New trial (rep=10, index=0): None
146.4240 	EXP 	blackWaitInterTrial_4: autoDraw = False
146.4240 	EXP 	whiteWaitInterTrial_4: autoDraw = False
146.4240 	EXP 	green_fb_2: autoDraw = False
146.4240 	EXP 	red_fb_2: autoDraw = False
146.4240 	EXP 	blackWaitInterTrial_4: autoDraw = False
146.4240 	EXP 	whiteWaitInterTrial_4: autoDraw = False
146.4240 	EXP 	green_fb_2: autoDraw = False
146.4240 	EXP 	red_fb_2: autoDraw = False
146.4240 	EXP 	TrialPicture_2: size = array([0.75, 1.  ])
146.4240 	EXP 	TrialPicture_2: image = './stimuli/images/152.bmp'
146.4240 	EXP 	blackTrial_2: autoDraw = True
146.4240 	EXP 	whiteTrial_2: autoDraw = True
146.4240 	EXP 	TrialPicture_2: autoDraw = True
146.4240 	EXP 	green_2: autoDraw = True
146.4240 	EXP 	red_2: autoDraw = True
147.4255 	EXP 	blackTrial_2: autoDraw = False
147.4255 	EXP 	whiteTrial_2: autoDraw = False
147.4255 	EXP 	TrialPicture_2: autoDraw = False
147.4255 	EXP 	green_2: autoDraw = False
147.4255 	EXP 	red_2: autoDraw = False
147.4255 	EXP 	blackTrial_2: autoDraw = False
147.4255 	EXP 	whiteTrial_2: autoDraw = False
147.4255 	EXP 	TrialPicture_2: autoDraw = False
147.4255 	EXP 	green_2: autoDraw = False
147.4255 	EXP 	red_2: autoDraw = False
147.4255 	EXP 	whiteWaitInterTrial_4: size = array([0.75, 1.  ])
147.4255 	EXP 	blackWaitInterTrial_4: autoDraw = True
147.4255 	EXP 	whiteWaitInterTrial_4: autoDraw = True
147.4255 	EXP 	green_fb_2: autoDraw = True
147.4255 	EXP 	red_fb_2: autoDraw = True
149.1130 	EXP 	New trial (rep=11, index=0): None
149.1267 	EXP 	blackWaitInterTrial_4: autoDraw = False
149.1267 	EXP 	whiteWaitInterTrial_4: autoDraw = False
149.1267 	EXP 	green_fb_2: autoDraw = False
149.1267 	EXP 	red_fb_2: autoDraw = False
149.1267 	EXP 	blackWaitInterTrial_4: autoDraw = False
149.1267 	EXP 	whiteWaitInterTrial_4: autoDraw = False
149.1267 	EXP 	green_fb_2: autoDraw = False
149.1267 	EXP 	red_fb_2: autoDraw = False
149.1267 	EXP 	TrialPicture_2: size = array([0.75, 1.  ])
149.1267 	EXP 	TrialPicture_2: image = './stimuli/images/086.bmp'
149.1267 	EXP 	blackTrial_2: autoDraw = True
149.1267 	EXP 	whiteTrial_2: autoDraw = True
149.1267 	EXP 	TrialPicture_2: autoDraw = True
149.1267 	EXP 	green_2: autoDraw = True
149.1267 	EXP 	red_2: autoDraw = True
150.1283 	EXP 	blackTrial_2: autoDraw = False
150.1283 	EXP 	whiteTrial_2: autoDraw = False
150.1283 	EXP 	TrialPicture_2: autoDraw = False
150.1283 	EXP 	green_2: autoDraw = False
150.1283 	EXP 	red_2: autoDraw = False
150.1283 	EXP 	blackTrial_2: autoDraw = False
150.1283 	EXP 	whiteTrial_2: autoDraw = False
150.1283 	EXP 	TrialPicture_2: autoDraw = False
150.1283 	EXP 	green_2: autoDraw = False
150.1283 	EXP 	red_2: autoDraw = False
150.1283 	EXP 	whiteWaitInterTrial_4: size = array([0.75, 1.  ])
150.1283 	EXP 	blackWaitInterTrial_4: autoDraw = True
150.1283 	EXP 	whiteWaitInterTrial_4: autoDraw = True
150.1283 	EXP 	green_fb_2: autoDraw = True
150.1283 	EXP 	red_fb_2: autoDraw = True
151.7156 	EXP 	New trial (rep=12, index=0): None
151.7297 	EXP 	blackWaitInterTrial_4: autoDraw = False
151.7297 	EXP 	whiteWaitInterTrial_4: autoDraw = False
151.7297 	EXP 	green_fb_2: autoDraw = False
151.7297 	EXP 	red_fb_2: autoDraw = False
151.7297 	EXP 	blackWaitInterTrial_4: autoDraw = False
151.7297 	EXP 	whiteWaitInterTrial_4: autoDraw = False
151.7297 	EXP 	green_fb_2: autoDraw = False
151.7297 	EXP 	red_fb_2: autoDraw = False
151.7297 	EXP 	TrialPicture_2: size = array([0.75, 1.  ])
151.7297 	EXP 	TrialPicture_2: image = './stimuli/images/152.bmp'
151.7297 	EXP 	blackTrial_2: autoDraw = True
151.7297 	EXP 	whiteTrial_2: autoDraw = True
151.7297 	EXP 	TrialPicture_2: autoDraw = True
151.7297 	EXP 	green_2: autoDraw = True
151.7297 	EXP 	red_2: autoDraw = True
152.5317 	EXP 	Sound sound_2 started
152.7300 	EXP 	blackTrial_2: autoDraw = False
152.7300 	EXP 	whiteTrial_2: autoDraw = False
152.7300 	EXP 	TrialPicture_2: autoDraw = False
152.7300 	EXP 	green_2: autoDraw = False
152.7300 	EXP 	red_2: autoDraw = False
152.7300 	EXP 	blackTrial_2: autoDraw = False
152.7300 	EXP 	whiteTrial_2: autoDraw = False
152.7300 	EXP 	TrialPicture_2: autoDraw = False
152.7300 	EXP 	green_2: autoDraw = False
152.7300 	EXP 	red_2: autoDraw = False
152.7300 	EXP 	whiteWaitInterTrial_4: size = array([0.75, 1.  ])
152.7300 	EXP 	blackWaitInterTrial_4: autoDraw = True
152.7300 	EXP 	whiteWaitInterTrial_4: autoDraw = True
152.7300 	EXP 	green_fb_2: autoDraw = True
152.7300 	EXP 	red_fb_2: autoDraw = True
154.3182 	EXP 	New trial (rep=13, index=0): None
154.3320 	EXP 	blackWaitInterTrial_4: autoDraw = False
154.3320 	EXP 	whiteWaitInterTrial_4: autoDraw = False
154.3320 	EXP 	green_fb_2: autoDraw = False
154.3320 	EXP 	red_fb_2: autoDraw = False
154.3320 	EXP 	blackWaitInterTrial_4: autoDraw = False
154.3320 	EXP 	whiteWaitInterTrial_4: autoDraw = False
154.3320 	EXP 	green_fb_2: autoDraw = False
154.3320 	EXP 	red_fb_2: autoDraw = False
154.3320 	EXP 	TrialPicture_2: size = array([0.75, 1.  ])
154.3320 	EXP 	TrialPicture_2: image = './stimuli/images/061.bmp'
154.3320 	EXP 	blackTrial_2: autoDraw = True
154.3320 	EXP 	whiteTrial_2: autoDraw = True
154.3320 	EXP 	TrialPicture_2: autoDraw = True
154.3320 	EXP 	green_2: autoDraw = True
154.3320 	EXP 	red_2: autoDraw = True
154.8173 	EXP 	Sound sound_2 started
155.3324 	EXP 	blackTrial_2: autoDraw = False
155.3324 	EXP 	whiteTrial_2: autoDraw = False
155.3324 	EXP 	TrialPicture_2: autoDraw = False
155.3324 	EXP 	green_2: autoDraw = False
155.3324 	EXP 	red_2: autoDraw = False
155.3324 	EXP 	blackTrial_2: autoDraw = False
155.3324 	EXP 	whiteTrial_2: autoDraw = False
155.3324 	EXP 	TrialPicture_2: autoDraw = False
155.3324 	EXP 	green_2: autoDraw = False
155.3324 	EXP 	red_2: autoDraw = False
155.3324 	EXP 	whiteWaitInterTrial_4: size = array([0.75, 1.  ])
155.3324 	EXP 	blackWaitInterTrial_4: autoDraw = True
155.3324 	EXP 	whiteWaitInterTrial_4: autoDraw = True
155.3324 	EXP 	green_fb_2: autoDraw = True
155.3324 	EXP 	red_fb_2: autoDraw = True
157.0221 	EXP 	New trial (rep=14, index=0): None
157.0349 	EXP 	blackWaitInterTrial_4: autoDraw = False
157.0349 	EXP 	whiteWaitInterTrial_4: autoDraw = False
157.0349 	EXP 	green_fb_2: autoDraw = False
157.0349 	EXP 	red_fb_2: autoDraw = False
157.0349 	EXP 	blackWaitInterTrial_4: autoDraw = False
157.0349 	EXP 	whiteWaitInterTrial_4: autoDraw = False
157.0349 	EXP 	green_fb_2: autoDraw = False
157.0349 	EXP 	red_fb_2: autoDraw = False
157.0349 	EXP 	TrialPicture_2: size = array([0.75, 1.  ])
157.0349 	EXP 	TrialPicture_2: image = './stimuli/images/008.bmp'
157.0349 	EXP 	blackTrial_2: autoDraw = True
157.0349 	EXP 	whiteTrial_2: autoDraw = True
157.0349 	EXP 	TrialPicture_2: autoDraw = True
157.0349 	EXP 	green_2: autoDraw = True
157.0349 	EXP 	red_2: autoDraw = True
157.3363 	EXP 	Sound sound_1 started
158.0349 	EXP 	blackTrial_2: autoDraw = False
158.0349 	EXP 	whiteTrial_2: autoDraw = False
158.0349 	EXP 	TrialPicture_2: autoDraw = False
158.0349 	EXP 	green_2: autoDraw = False
158.0349 	EXP 	red_2: autoDraw = False
158.0349 	EXP 	blackTrial_2: autoDraw = False
158.0349 	EXP 	whiteTrial_2: autoDraw = False
158.0349 	EXP 	TrialPicture_2: autoDraw = False
158.0349 	EXP 	green_2: autoDraw = False
158.0349 	EXP 	red_2: autoDraw = False
158.0349 	EXP 	whiteWaitInterTrial_4: size = array([0.75, 1.  ])
158.0349 	EXP 	blackWaitInterTrial_4: autoDraw = True
158.0349 	EXP 	whiteWaitInterTrial_4: autoDraw = True
158.0349 	EXP 	green_fb_2: autoDraw = True
158.0349 	EXP 	red_fb_2: autoDraw = True
159.7226 	EXP 	New trial (rep=15, index=0): None
159.7367 	EXP 	blackWaitInterTrial_4: autoDraw = False
159.7367 	EXP 	whiteWaitInterTrial_4: autoDraw = False
159.7367 	EXP 	green_fb_2: autoDraw = False
159.7367 	EXP 	red_fb_2: autoDraw = False
159.7367 	EXP 	blackWaitInterTrial_4: autoDraw = False
159.7367 	EXP 	whiteWaitInterTrial_4: autoDraw = False
159.7367 	EXP 	green_fb_2: autoDraw = False
159.7367 	EXP 	red_fb_2: autoDraw = False
159.7367 	EXP 	TrialPicture_2: size = array([0.75, 1.  ])
159.7367 	EXP 	TrialPicture_2: image = './stimuli/images/086.bmp'
159.7367 	EXP 	blackTrial_2: autoDraw = True
159.7367 	EXP 	whiteTrial_2: autoDraw = True
159.7367 	EXP 	TrialPicture_2: autoDraw = True
159.7367 	EXP 	green_2: autoDraw = True
159.7367 	EXP 	red_2: autoDraw = True
160.2378 	EXP 	Sound sound_2 started
160.7376 	EXP 	blackTrial_2: autoDraw = False
160.7376 	EXP 	whiteTrial_2: autoDraw = False
160.7376 	EXP 	TrialPicture_2: autoDraw = False
160.7376 	EXP 	green_2: autoDraw = False
160.7376 	EXP 	red_2: autoDraw = False
160.7376 	EXP 	blackTrial_2: autoDraw = False
160.7376 	EXP 	whiteTrial_2: autoDraw = False
160.7376 	EXP 	TrialPicture_2: autoDraw = False
160.7376 	EXP 	green_2: autoDraw = False
160.7376 	EXP 	red_2: autoDraw = False
160.7376 	EXP 	whiteWaitInterTrial_4: size = array([0.75, 1.  ])
160.7376 	EXP 	blackWaitInterTrial_4: autoDraw = True
160.7376 	EXP 	whiteWaitInterTrial_4: autoDraw = True
160.7376 	EXP 	green_fb_2: autoDraw = True
160.7376 	EXP 	red_fb_2: autoDraw = True
162.5255 	EXP 	New trial (rep=16, index=0): None
162.5392 	EXP 	blackWaitInterTrial_4: autoDraw = False
162.5392 	EXP 	whiteWaitInterTrial_4: autoDraw = False
162.5392 	EXP 	green_fb_2: autoDraw = False
162.5392 	EXP 	red_fb_2: autoDraw = False
162.5392 	EXP 	blackWaitInterTrial_4: autoDraw = False
162.5392 	EXP 	whiteWaitInterTrial_4: autoDraw = False
162.5392 	EXP 	green_fb_2: autoDraw = False
162.5392 	EXP 	red_fb_2: autoDraw = False
162.5392 	EXP 	TrialPicture_2: size = array([0.75, 1.  ])
162.5392 	EXP 	TrialPicture_2: image = './stimuli/images/152.bmp'
162.5392 	EXP 	blackTrial_2: autoDraw = True
162.5392 	EXP 	whiteTrial_2: autoDraw = True
162.5392 	EXP 	TrialPicture_2: autoDraw = True
162.5392 	EXP 	green_2: autoDraw = True
162.5392 	EXP 	red_2: autoDraw = True
163.5396 	EXP 	blackTrial_2: autoDraw = False
163.5396 	EXP 	whiteTrial_2: autoDraw = False
163.5396 	EXP 	TrialPicture_2: autoDraw = False
163.5396 	EXP 	green_2: autoDraw = False
163.5396 	EXP 	red_2: autoDraw = False
163.5396 	EXP 	blackTrial_2: autoDraw = False
163.5396 	EXP 	whiteTrial_2: autoDraw = False
163.5396 	EXP 	TrialPicture_2: autoDraw = False
163.5396 	EXP 	green_2: autoDraw = False
163.5396 	EXP 	red_2: autoDraw = False
163.5396 	EXP 	whiteWaitInterTrial_4: size = array([0.75, 1.  ])
163.5396 	EXP 	blackWaitInterTrial_4: autoDraw = True
163.5396 	EXP 	whiteWaitInterTrial_4: autoDraw = True
163.5396 	EXP 	green_fb_2: autoDraw = True
163.5396 	EXP 	red_fb_2: autoDraw = True
165.2272 	EXP 	New trial (rep=17, index=0): None
165.2576 	EXP 	blackWaitInterTrial_4: autoDraw = False
165.2576 	EXP 	whiteWaitInterTrial_4: autoDraw = False
165.2576 	EXP 	green_fb_2: autoDraw = False
165.2576 	EXP 	red_fb_2: autoDraw = False
165.2576 	EXP 	blackWaitInterTrial_4: autoDraw = False
165.2576 	EXP 	whiteWaitInterTrial_4: autoDraw = False
165.2576 	EXP 	green_fb_2: autoDraw = False
165.2576 	EXP 	red_fb_2: autoDraw = False
165.2576 	EXP 	TrialPicture_2: size = array([0.75, 1.  ])
165.2576 	EXP 	TrialPicture_2: image = './stimuli/images/061.bmp'
165.2576 	EXP 	blackTrial_2: autoDraw = True
165.2576 	EXP 	whiteTrial_2: autoDraw = True
165.2576 	EXP 	TrialPicture_2: autoDraw = True
165.2576 	EXP 	green_2: autoDraw = True
165.2576 	EXP 	red_2: autoDraw = True
166.2589 	EXP 	blackTrial_2: autoDraw = False
166.2589 	EXP 	whiteTrial_2: autoDraw = False
166.2589 	EXP 	TrialPicture_2: autoDraw = False
166.2589 	EXP 	green_2: autoDraw = False
166.2589 	EXP 	red_2: autoDraw = False
166.2589 	EXP 	blackTrial_2: autoDraw = False
166.2589 	EXP 	whiteTrial_2: autoDraw = False
166.2589 	EXP 	TrialPicture_2: autoDraw = False
166.2589 	EXP 	green_2: autoDraw = False
166.2589 	EXP 	red_2: autoDraw = False
166.2589 	EXP 	whiteWaitInterTrial_4: size = array([0.75, 1.  ])
166.2589 	EXP 	blackWaitInterTrial_4: autoDraw = True
166.2589 	EXP 	whiteWaitInterTrial_4: autoDraw = True
166.2589 	EXP 	green_fb_2: autoDraw = True
166.2589 	EXP 	red_fb_2: autoDraw = True
167.8476 	EXP 	New trial (rep=18, index=0): None
167.8606 	EXP 	blackWaitInterTrial_4: autoDraw = False
167.8606 	EXP 	whiteWaitInterTrial_4: autoDraw = False
167.8606 	EXP 	green_fb_2: autoDraw = False
167.8606 	EXP 	red_fb_2: autoDraw = False
167.8606 	EXP 	blackWaitInterTrial_4: autoDraw = False
167.8606 	EXP 	whiteWaitInterTrial_4: autoDraw = False
167.8606 	EXP 	green_fb_2: autoDraw = False
167.8606 	EXP 	red_fb_2: autoDraw = False
167.8606 	EXP 	TrialPicture_2: size = array([0.75, 1.  ])
167.8606 	EXP 	TrialPicture_2: image = './stimuli/images/008.bmp'
167.8606 	EXP 	blackTrial_2: autoDraw = True
167.8606 	EXP 	whiteTrial_2: autoDraw = True
167.8606 	EXP 	TrialPicture_2: autoDraw = True
167.8606 	EXP 	green_2: autoDraw = True
167.8606 	EXP 	red_2: autoDraw = True
168.8606 	EXP 	blackTrial_2: autoDraw = False
168.8606 	EXP 	whiteTrial_2: autoDraw = False
168.8606 	EXP 	TrialPicture_2: autoDraw = False
168.8606 	EXP 	green_2: autoDraw = False
168.8606 	EXP 	red_2: autoDraw = False
168.8606 	EXP 	blackTrial_2: autoDraw = False
168.8606 	EXP 	whiteTrial_2: autoDraw = False
168.8606 	EXP 	TrialPicture_2: autoDraw = False
168.8606 	EXP 	green_2: autoDraw = False
168.8606 	EXP 	red_2: autoDraw = False
168.8606 	EXP 	whiteWaitInterTrial_4: size = array([0.75, 1.  ])
168.8606 	EXP 	blackWaitInterTrial_4: autoDraw = True
168.8606 	EXP 	whiteWaitInterTrial_4: autoDraw = True
168.8606 	EXP 	green_fb_2: autoDraw = True
168.8606 	EXP 	red_fb_2: autoDraw = True
170.5478 	EXP 	New trial (rep=19, index=0): None
170.5616 	EXP 	blackWaitInterTrial_4: autoDraw = False
170.5616 	EXP 	whiteWaitInterTrial_4: autoDraw = False
170.5616 	EXP 	green_fb_2: autoDraw = False
170.5616 	EXP 	red_fb_2: autoDraw = False
170.5616 	EXP 	blackWaitInterTrial_4: autoDraw = False
170.5616 	EXP 	whiteWaitInterTrial_4: autoDraw = False
170.5616 	EXP 	green_fb_2: autoDraw = False
170.5616 	EXP 	red_fb_2: autoDraw = False
170.5616 	EXP 	TrialPicture_2: size = array([0.75, 1.  ])
170.5616 	EXP 	TrialPicture_2: image = './stimuli/images/086.bmp'
170.5616 	EXP 	blackTrial_2: autoDraw = True
170.5616 	EXP 	whiteTrial_2: autoDraw = True
170.5616 	EXP 	TrialPicture_2: autoDraw = True
170.5616 	EXP 	green_2: autoDraw = True
170.5616 	EXP 	red_2: autoDraw = True
171.5631 	EXP 	blackTrial_2: autoDraw = False
171.5631 	EXP 	whiteTrial_2: autoDraw = False
171.5631 	EXP 	TrialPicture_2: autoDraw = False
171.5631 	EXP 	green_2: autoDraw = False
171.5631 	EXP 	red_2: autoDraw = False
171.5631 	EXP 	blackTrial_2: autoDraw = False
171.5631 	EXP 	whiteTrial_2: autoDraw = False
171.5631 	EXP 	TrialPicture_2: autoDraw = False
171.5631 	EXP 	green_2: autoDraw = False
171.5631 	EXP 	red_2: autoDraw = False
171.5631 	EXP 	whiteWaitInterTrial_4: size = array([0.75, 1.  ])
171.5631 	EXP 	blackWaitInterTrial_4: autoDraw = True
171.5631 	EXP 	whiteWaitInterTrial_4: autoDraw = True
171.5631 	EXP 	green_fb_2: autoDraw = True
171.5631 	EXP 	red_fb_2: autoDraw = True
173.1643 	EXP 	blackWaitInterTrial_4: autoDraw = False
173.1643 	EXP 	whiteWaitInterTrial_4: autoDraw = False
173.1643 	EXP 	green_fb_2: autoDraw = False
173.1643 	EXP 	red_fb_2: autoDraw = False
173.1643 	EXP 	blackWaitInterTrial_4: autoDraw = False
173.1643 	EXP 	whiteWaitInterTrial_4: autoDraw = False
173.1643 	EXP 	green_fb_2: autoDraw = False
173.1643 	EXP 	red_fb_2: autoDraw = False
173.1643 	EXP 	fixationImage_2: size = array([0.75, 1.  ])
173.1643 	EXP 	fixation_2: autoDraw = True
173.1643 	EXP 	fixationImage_2: autoDraw = True
175.1664 	EXP 	fixation_2: autoDraw = False
175.1664 	EXP 	fixationImage_2: autoDraw = False
175.1664 	EXP 	fixation_2: autoDraw = False
175.1664 	EXP 	fixationImage_2: autoDraw = False
175.1664 	EXP 	polygon_end_2: autoDraw = True
175.1664 	EXP 	end_text_2: autoDraw = True
177.1683 	EXP 	polygon_end_2: autoDraw = False
177.1683 	EXP 	end_text_2: autoDraw = False
177.2033 	EXP 	window1: mouseVisible = True
