3.8684 	EXP 	Created window1 = Window(allowGUI=False, allowStencil=False, args=UNKNOWN, autoLog=True, bitsMode=UNKNOWN, blendMode='avg', color=array([0., 0., 0.]), colorSpace='rgb', fullscr=<method-wrapper '__getattribute__' of attributeSetter object at 0x0000024AF199CEF0>, gamma=None, gammaErrorPolicy='raise', kwargs=UNKNOWN, lms=UNKNOWN, monitor=<psychopy.monitors.calibTools.Monitor object at 0x0000024AF19D7E80>, multiSample=False, name='window1', numSamples=2, pos=[0.0, 0.0], screen=1, size=array([1920, 1200]), stereo=False, units='norm', useFBO=True, useRetina=False, viewOri=0.0, viewPos=None, viewScale=None, waitBlanking=True, winType='pyglet')
3.8684 	EXP 	window1: recordFrameIntervals = False
4.0346 	EXP 	window1: recordFrameIntervals = True
4.2183 	EXP 	window1: recordFrameIntervals = False
4.4326 	EXP 	Created polygon_1 = Rect(__class__=<class 'psychopy.visual.rect.Rect'>, autoDraw=False, autoLog=True, closeShape=True, color=method-wrapper(...), colorSpace=None, contrast=1.0, depth=0.0, fillColor='black', fillColorSpace='named', fillRGB=array([0., 0., 0.]), interpolate=True, lineColor='black', lineColorSpace='named', lineRGB=array([0., 0., 0.]), lineWidth=1, name='polygon_1', opacity=1.0, ori=array(0.), pos=array([0., 0.]), size=array([1., 1.]), units='norm', vertices=ndarray(...), win=Window(...))
4.5901 	EXP 	Created descriptionText_1 = TextStim(__class__=<class 'psychopy.visual.text.TextStim'>, alignHoriz='center', alignVert='center', antialias=True, autoLog=True, bold=False, color='white', colorSpace='named', contrast=1.0, depth=-1.0, flipHoriz=False, flipVert=False, font='Arial', fontFiles=[], height=0.09, italic=False, languageStyle='LTR', name='descriptionText_1', opacity=1.0, ori=0, pos=array([0., 0.]), rgb=array([255., 255., 255.]), text=str(...), units='norm', win=Window(...), wrapWidth=1)
4.5907 	EXP 	Created fixation10 = Rect(__class__=<class 'psychopy.visual.rect.Rect'>, autoDraw=False, autoLog=True, closeShape=True, color=method-wrapper(...), colorSpace=None, contrast=1.0, depth=0.0, fillColor='black', fillColorSpace='named', fillRGB=array([0., 0., 0.]), interpolate=True, lineColor='black', lineColorSpace='named', lineRGB=array([0., 0., 0.]), lineWidth=1, name='fixation10', opacity=1.0, ori=array(0.), pos=array([0., 0.]), size=array([1., 1.]), units='norm', vertices=ndarray(...), win=Window(...))
4.5991 	EXP 	Created fixationImage10 = ImageStim(__class__=<class 'psychopy.visual.image.ImageStim'>, autoLog=True, color=array([1., 1., 1.]), colorSpace='rgb', contrast=1.0, depth=-1.0, flipHoriz=False, flipVert=False, image='./stimuli/images/fix.bmp', interpolate=True, mask=None, maskParams=None, name='fixationImage10', opacity=1.0, ori=0.0, pos=array([0., 0.]), size=array([1., 1.]), texRes=128, units='norm', win=Window(...))
4.6176 	EXP 	Created text = TextStim(__class__=<class 'psychopy.visual.text.TextStim'>, alignHoriz='center', alignVert='center', antialias=True, autoLog=True, bold=False, color='white', colorSpace='named', contrast=1.0, depth=-2.0, flipHoriz=False, flipVert=False, font='Arial', fontFiles=[], height=0.3, italic=False, languageStyle='LTR', name='text', opacity=1.0, ori=0, pos=array([ 0. , -0.7]), rgb=array([255., 255., 255.]), text='3 . . .', units='norm', win=Window(...), wrapWidth=1)
4.6276 	EXP 	Created text_2 = TextStim(__class__=<class 'psychopy.visual.text.TextStim'>, alignHoriz='center', alignVert='center', antialias=True, autoLog=True, bold=False, color='white', colorSpace='named', contrast=1.0, depth=-3.0, flipHoriz=False, flipVert=False, font='Arial', fontFiles=[], height=0.3, italic=False, languageStyle='LTR', name='text_2', opacity=1.0, ori=0, pos=array([ 0. , -0.7]), rgb=array([255., 255., 255.]), text='2 . .', units='norm', win=Window(...), wrapWidth=1)
4.6319 	EXP 	Created text_3 = TextStim(__class__=<class 'psychopy.visual.text.TextStim'>, alignHoriz='center', alignVert='center', antialias=True, autoLog=True, bold=False, color='white', colorSpace='named', contrast=1.0, depth=-4.0, flipHoriz=False, flipVert=False, font='Arial', fontFiles=[], height=0.3, italic=False, languageStyle='LTR', name='text_3', opacity=1.0, ori=0, pos=array([ 0. , -0.7]), rgb=array([255., 255., 255.]), text='1 .', units='norm', win=Window(...), wrapWidth=1)
4.6325 	EXP 	Created blackProc = Rect(__class__=<class 'psychopy.visual.rect.Rect'>, autoDraw=False, autoLog=True, closeShape=True, color=method-wrapper(...), colorSpace=None, contrast=1.0, depth=-1.0, fillColor='black', fillColorSpace='named', fillRGB=array([0., 0., 0.]), interpolate=True, lineColor='black', lineColorSpace='named', lineRGB=array([0., 0., 0.]), lineWidth=1, name='blackProc', opacity=1.0, ori=array(0.), pos=array([0., 0.]), size=array([1., 1.]), units='norm', vertices=ndarray(...), win=Window(...))
4.6331 	EXP 	Created greenProc = Rect(__class__=<class 'psychopy.visual.rect.Rect'>, autoDraw=False, autoLog=True, closeShape=True, color=method-wrapper(...), colorSpace=None, contrast=1.0, depth=-2.0, fillColor='green', fillColorSpace='named', fillRGB=array([  0., 128.,   0.]), interpolate=True, lineColor='green', lineColorSpace='named', lineRGB=array([  0., 128.,   0.]), lineWidth=1, name='greenProc', opacity=1.0, ori=array(0.), pos=array([0., 0.]), size=array([1., 1.]), units='norm', vertices=ndarray(...), win=Window(...))
4.6349 	EXP 	Created ProcTarget = ImageStim(__class__=<class 'psychopy.visual.image.ImageStim'>, autoLog=True, color=array([1., 1., 1.]), colorSpace='rgb', contrast=1.0, depth=-3.0, flipHoriz=False, flipVert=False, image='sin', interpolate=True, mask=None, maskParams=None, name='ProcTarget', opacity=1.0, ori=0.0, pos=array([-0.4,  0. ]), size=array([1., 1.]), texRes=128, units='norm', win=Window(...))
4.6364 	EXP 	Created ProcPicture = ImageStim(__class__=<class 'psychopy.visual.image.ImageStim'>, autoLog=True, color=array([1., 1., 1.]), colorSpace='rgb', contrast=1.0, depth=-4.0, flipHoriz=False, flipVert=False, image='sin', interpolate=True, mask=None, maskParams=None, name='ProcPicture', opacity=1.0, ori=0.0, pos=array([0.4, 0. ]), size=array([1., 1.]), texRes=128, units='norm', win=Window(...))
4.6369 	EXP 	Created blackWaitInterTrial = Rect(__class__=<class 'psychopy.visual.rect.Rect'>, autoDraw=False, autoLog=True, closeShape=True, color=method-wrapper(...), colorSpace=None, contrast=1.0, depth=0.0, fillColor='black', fillColorSpace='named', fillRGB=array([0., 0., 0.]), interpolate=True, lineColor='black', lineColorSpace='named', lineRGB=array([0., 0., 0.]), lineWidth=1, name='blackWaitInterTrial', opacity=1.0, ori=array(0.), pos=array([0., 0.]), size=array([1., 1.]), units='norm', vertices=ndarray(...), win=Window(...))
4.6421 	EXP 	Created whiteWaitInterTrial = ImageStim(__class__=<class 'psychopy.visual.image.ImageStim'>, autoLog=True, color=array([1., 1., 1.]), colorSpace='rgb', contrast=1.0, depth=-1.0, flipHoriz=False, flipVert=False, image='./stimuli/images/blank.bmp', interpolate=True, mask=None, maskParams=None, name='whiteWaitInterTrial', opacity=1.0, ori=0.0, pos=array([0., 0.]), size=array([1., 1.]), texRes=128, units='norm', win=Window(...))
4.6427 	EXP 	Created blackTrial = Rect(__class__=<class 'psychopy.visual.rect.Rect'>, autoDraw=False, autoLog=True, closeShape=True, color=method-wrapper(...), colorSpace=None, contrast=1.0, depth=-1.0, fillColor='black', fillColorSpace='named', fillRGB=array([0., 0., 0.]), interpolate=True, lineColor='black', lineColorSpace='named', lineRGB=array([0., 0., 0.]), lineWidth=1, name='blackTrial', opacity=1.0, ori=array(0.), pos=array([0., 0.]), size=array([1., 1.]), units='norm', vertices=ndarray(...), win=Window(...))
4.6433 	EXP 	Created whiteTrial = Rect(__class__=<class 'psychopy.visual.rect.Rect'>, autoDraw=False, autoLog=True, closeShape=True, color=method-wrapper(...), colorSpace=None, contrast=1.0, depth=-2.0, fillColor='white', fillColorSpace='named', fillRGB=array([255., 255., 255.]), interpolate=True, lineColor='white', lineColorSpace='named', lineRGB=array([255., 255., 255.]), lineWidth=1, name='whiteTrial', opacity=1.0, ori=array(0.), pos=array([0., 0.]), size=array([1., 1.]), units='norm', vertices=ndarray(...), win=Window(...))
4.6448 	EXP 	Created TrialPicture = ImageStim(__class__=<class 'psychopy.visual.image.ImageStim'>, autoLog=True, color=array([1., 1., 1.]), colorSpace='rgb', contrast=1.0, depth=-3.0, flipHoriz=False, flipVert=False, image='sin', interpolate=True, mask=None, maskParams=None, name='TrialPicture', opacity=1.0, ori=0.0, pos=array([0., 0.]), size=array([1., 1.]), texRes=128, units='norm', win=Window(...))
4.6457 	EXP 	Created green_1 = ShapeStim(__class__=<class 'psychopy.visual.shape.ShapeStim'>, autoDraw=False, autoLog=True, closeShape=True, contrast=1.0, depth=-6.0, fillColor='green', fillColorSpace='named', interpolate=True, lineColor='green', lineColorSpace='named', lineWidth=1, name='green_1', opacity=1.0, ori=array(0.), pos=array([0., 0.]), size=array([0.05, 0.05]), units='norm', vertices=ndarray(...), win=Window(...), windingRule=None)
4.6463 	EXP 	Created red_1 = Rect(__class__=<class 'psychopy.visual.rect.Rect'>, autoDraw=False, autoLog=True, closeShape=True, color=method-wrapper(...), colorSpace=None, contrast=1.0, depth=-7.0, fillColor='red', fillColorSpace='named', fillRGB=array([255.,   0.,   0.]), interpolate=True, lineColor='red', lineColorSpace='named', lineRGB=array([255.,   0.,   0.]), lineWidth=1, name='red_1', opacity=1.0, ori=array(0.), pos=array([0., 0.]), size=array([1., 1.]), units='norm', vertices=ndarray(...), win=Window(...))
4.6468 	EXP 	Created blackWaitInterTrial_2 = Rect(__class__=<class 'psychopy.visual.rect.Rect'>, autoDraw=False, autoLog=True, closeShape=True, color=method-wrapper(...), colorSpace=None, contrast=1.0, depth=0.0, fillColor='black', fillColorSpace='named', fillRGB=array([0., 0., 0.]), interpolate=True, lineColor='black', lineColorSpace='named', lineRGB=array([0., 0., 0.]), lineWidth=1, name='blackWaitInterTrial_2', opacity=1.0, ori=array(0.), pos=array([0., 0.]), size=array([1., 1.]), units='norm', vertices=ndarray(...), win=Window(...))
4.6528 	EXP 	Created whiteWaitInterTrial_2 = ImageStim(__class__=<class 'psychopy.visual.image.ImageStim'>, autoLog=True, color=array([1., 1., 1.]), colorSpace='rgb', contrast=1.0, depth=-1.0, flipHoriz=False, flipVert=False, image='./stimuli/images/blank.bmp', interpolate=True, mask=None, maskParams=None, name='whiteWaitInterTrial_2', opacity=1.0, ori=0.0, pos=array([0., 0.]), size=array([1., 1.]), texRes=128, units='norm', win=Window(...))
4.6533 	EXP 	Created green_fb_1 = ShapeStim(__class__=<class 'psychopy.visual.shape.ShapeStim'>, autoDraw=False, autoLog=True, closeShape=True, contrast=1.0, depth=-2.0, fillColor='green', fillColorSpace='named', interpolate=True, lineColor='green', lineColorSpace='named', lineWidth=1, name='green_fb_1', opacity=1.0, ori=array(0.), pos=array([0., 0.]), size=array([1., 1.]), units='norm', vertices=ndarray(...), win=Window(...), windingRule=None)
4.6539 	EXP 	Created red_fb_1 = Rect(__class__=<class 'psychopy.visual.rect.Rect'>, autoDraw=False, autoLog=True, closeShape=True, color=method-wrapper(...), colorSpace=None, contrast=1.0, depth=-3.0, fillColor='red', fillColorSpace='named', fillRGB=array([255.,   0.,   0.]), interpolate=True, lineColor='red', lineColorSpace='named', lineRGB=array([255.,   0.,   0.]), lineWidth=1, name='red_fb_1', opacity=1.0, ori=array(0.), pos=array([0., 0.]), size=array([1., 1.]), units='norm', vertices=ndarray(...), win=Window(...))
4.6547 	EXP 	Created green_3 = ShapeStim(__class__=<class 'psychopy.visual.shape.ShapeStim'>, autoDraw=False, autoLog=True, closeShape=True, contrast=1.0, depth=-6.0, fillColor='green', fillColorSpace='named', interpolate=True, lineColor='green', lineColorSpace='named', lineWidth=1, name='green_3', opacity=1.0, ori=array(0.), pos=array([0., 0.]), size=array([0.05, 0.05]), units='norm', vertices=ndarray(...), win=Window(...), windingRule=None)
4.6552 	EXP 	Created red_3 = Rect(__class__=<class 'psychopy.visual.rect.Rect'>, autoDraw=False, autoLog=True, closeShape=True, color=method-wrapper(...), colorSpace=None, contrast=1.0, depth=-7.0, fillColor='red', fillColorSpace='named', fillRGB=array([255.,   0.,   0.]), interpolate=True, lineColor='red', lineColorSpace='named', lineRGB=array([255.,   0.,   0.]), lineWidth=1, name='red_3', opacity=1.0, ori=array(0.), pos=array([0., 0.]), size=array([1., 1.]), units='norm', vertices=ndarray(...), win=Window(...))
4.6557 	EXP 	Created fixation = Rect(__class__=<class 'psychopy.visual.rect.Rect'>, autoDraw=False, autoLog=True, closeShape=True, color=method-wrapper(...), colorSpace=None, contrast=1.0, depth=0.0, fillColor='black', fillColorSpace='named', fillRGB=array([0., 0., 0.]), interpolate=True, lineColor='black', lineColorSpace='named', lineRGB=array([0., 0., 0.]), lineWidth=1, name='fixation', opacity=1.0, ori=array(0.), pos=array([0., 0.]), size=array([1., 1.]), units='norm', vertices=ndarray(...), win=Window(...))
4.6609 	EXP 	Created fixationImage = ImageStim(__class__=<class 'psychopy.visual.image.ImageStim'>, autoLog=True, color=array([1., 1., 1.]), colorSpace='rgb', contrast=1.0, depth=-1.0, flipHoriz=False, flipVert=False, image='./stimuli/images/fix.bmp', interpolate=True, mask=None, maskParams=None, name='fixationImage', opacity=1.0, ori=0.0, pos=array([0., 0.]), size=array([1., 1.]), texRes=128, units='norm', win=Window(...))
4.6615 	EXP 	Created polygon_end = Rect(__class__=<class 'psychopy.visual.rect.Rect'>, autoDraw=False, autoLog=True, closeShape=True, color=method-wrapper(...), colorSpace=None, contrast=1.0, depth=0.0, fillColor='black', fillColorSpace='named', fillRGB=array([0., 0., 0.]), interpolate=True, lineColor='black', lineColorSpace='named', lineRGB=array([0., 0., 0.]), lineWidth=1, name='polygon_end', opacity=1.0, ori=array(0.), pos=array([0., 0.]), size=array([1., 1.]), units='norm', vertices=ndarray(...), win=Window(...))
4.6760 	EXP 	Created end_text = TextStim(__class__=<class 'psychopy.visual.text.TextStim'>, alignHoriz='center', alignVert='center', antialias=True, autoLog=True, bold=False, color='white', colorSpace='named', contrast=1.0, depth=-1.0, flipHoriz=False, flipVert=False, font='Arial', fontFiles=[], height=0.1, italic=False, languageStyle='LTR', name='end_text', opacity=1.0, ori=0, pos=array([0., 0.]), rgb=array([255., 255., 255.]), text='That completes Round 1 of the task', units='norm', win=Window(...), wrapWidth=1)
4.6766 	EXP 	Created polygon_15 = Rect(__class__=<class 'psychopy.visual.rect.Rect'>, autoDraw=False, autoLog=True, closeShape=True, color=method-wrapper(...), colorSpace=None, contrast=1.0, depth=0.0, fillColor='black', fillColorSpace='named', fillRGB=array([0., 0., 0.]), interpolate=True, lineColor='black', lineColorSpace='named', lineRGB=array([0., 0., 0.]), lineWidth=1, name='polygon_15', opacity=1.0, ori=array(0.), pos=array([0., 0.]), size=array([1., 1.]), units='norm', vertices=ndarray(...), win=Window(...))
4.7194 	EXP 	Created descriptionText_15 = TextStim(__class__=<class 'psychopy.visual.text.TextStim'>, alignHoriz='center', alignVert='center', antialias=True, autoLog=True, bold=False, color='white', colorSpace='named', contrast=1.0, depth=-1.0, flipHoriz=False, flipVert=False, font='Arial', fontFiles=[], height=0.09, italic=False, languageStyle='LTR', name='descriptionText_15', opacity=1.0, ori=0, pos=array([0., 0.]), rgb=array([255., 255., 255.]), text=str(...), units='norm', win=Window(...), wrapWidth=1)
4.7201 	EXP 	Created fixation10 = Rect(__class__=<class 'psychopy.visual.rect.Rect'>, autoDraw=False, autoLog=True, closeShape=True, color=method-wrapper(...), colorSpace=None, contrast=1.0, depth=0.0, fillColor='black', fillColorSpace='named', fillRGB=array([0., 0., 0.]), interpolate=True, lineColor='black', lineColorSpace='named', lineRGB=array([0., 0., 0.]), lineWidth=1, name='fixation10', opacity=1.0, ori=array(0.), pos=array([0., 0.]), size=array([1., 1.]), units='norm', vertices=ndarray(...), win=Window(...))
4.7322 	EXP 	Created fixationImage10 = ImageStim(__class__=<class 'psychopy.visual.image.ImageStim'>, autoLog=True, color=array([1., 1., 1.]), colorSpace='rgb', contrast=1.0, depth=-1.0, flipHoriz=False, flipVert=False, image='./stimuli/images/fix.bmp', interpolate=True, mask=None, maskParams=None, name='fixationImage10', opacity=1.0, ori=0.0, pos=array([0., 0.]), size=array([1., 1.]), texRes=128, units='norm', win=Window(...))
4.7347 	EXP 	Created text = TextStim(__class__=<class 'psychopy.visual.text.TextStim'>, alignHoriz='center', alignVert='center', antialias=True, autoLog=True, bold=False, color='white', colorSpace='named', contrast=1.0, depth=-2.0, flipHoriz=False, flipVert=False, font='Arial', fontFiles=[], height=0.3, italic=False, languageStyle='LTR', name='text', opacity=1.0, ori=0, pos=array([ 0. , -0.7]), rgb=array([255., 255., 255.]), text='3 . . .', units='norm', win=Window(...), wrapWidth=1)
4.7372 	EXP 	Created text_2 = TextStim(__class__=<class 'psychopy.visual.text.TextStim'>, alignHoriz='center', alignVert='center', antialias=True, autoLog=True, bold=False, color='white', colorSpace='named', contrast=1.0, depth=-3.0, flipHoriz=False, flipVert=False, font='Arial', fontFiles=[], height=0.3, italic=False, languageStyle='LTR', name='text_2', opacity=1.0, ori=0, pos=array([ 0. , -0.7]), rgb=array([255., 255., 255.]), text='2 . .', units='norm', win=Window(...), wrapWidth=1)
4.7394 	EXP 	Created text_3 = TextStim(__class__=<class 'psychopy.visual.text.TextStim'>, alignHoriz='center', alignVert='center', antialias=True, autoLog=True, bold=False, color='white', colorSpace='named', contrast=1.0, depth=-4.0, flipHoriz=False, flipVert=False, font='Arial', fontFiles=[], height=0.3, italic=False, languageStyle='LTR', name='text_3', opacity=1.0, ori=0, pos=array([ 0. , -0.7]), rgb=array([255., 255., 255.]), text='1 .', units='norm', win=Window(...), wrapWidth=1)
4.7400 	EXP 	Created blackProc_2 = Rect(__class__=<class 'psychopy.visual.rect.Rect'>, autoDraw=False, autoLog=True, closeShape=True, color=method-wrapper(...), colorSpace=None, contrast=1.0, depth=-1.0, fillColor='black', fillColorSpace='named', fillRGB=array([0., 0., 0.]), interpolate=True, lineColor='black', lineColorSpace='named', lineRGB=array([0., 0., 0.]), lineWidth=1, name='blackProc_2', opacity=1.0, ori=array(0.), pos=array([0., 0.]), size=array([1., 1.]), units='norm', vertices=ndarray(...), win=Window(...))
4.7405 	EXP 	Created greenProc_2 = Rect(__class__=<class 'psychopy.visual.rect.Rect'>, autoDraw=False, autoLog=True, closeShape=True, color=method-wrapper(...), colorSpace=None, contrast=1.0, depth=-2.0, fillColor='green', fillColorSpace='named', fillRGB=array([  0., 128.,   0.]), interpolate=True, lineColor='green', lineColorSpace='named', lineRGB=array([  0., 128.,   0.]), lineWidth=1, name='greenProc_2', opacity=1.0, ori=array(0.), pos=array([0., 0.]), size=array([1., 1.]), units='norm', vertices=ndarray(...), win=Window(...))
4.7422 	EXP 	Created ProcTarget_2 = ImageStim(__class__=<class 'psychopy.visual.image.ImageStim'>, autoLog=True, color=array([1., 1., 1.]), colorSpace='rgb', contrast=1.0, depth=-3.0, flipHoriz=False, flipVert=False, image='sin', interpolate=True, mask=None, maskParams=None, name='ProcTarget_2', opacity=1.0, ori=0.0, pos=array([-0.4,  0. ]), size=array([1., 1.]), texRes=128, units='norm', win=Window(...))
4.7437 	EXP 	Created ProcPicture_2 = ImageStim(__class__=<class 'psychopy.visual.image.ImageStim'>, autoLog=True, color=array([1., 1., 1.]), colorSpace='rgb', contrast=1.0, depth=-4.0, flipHoriz=False, flipVert=False, image='sin', interpolate=True, mask=None, maskParams=None, name='ProcPicture_2', opacity=1.0, ori=0.0, pos=array([0.4, 0. ]), size=array([1., 1.]), texRes=128, units='norm', win=Window(...))
4.7442 	EXP 	Created blackWaitInterTrial_3 = Rect(__class__=<class 'psychopy.visual.rect.Rect'>, autoDraw=False, autoLog=True, closeShape=True, color=method-wrapper(...), colorSpace=None, contrast=1.0, depth=0.0, fillColor='black', fillColorSpace='named', fillRGB=array([0., 0., 0.]), interpolate=True, lineColor='black', lineColorSpace='named', lineRGB=array([0., 0., 0.]), lineWidth=1, name='blackWaitInterTrial_3', opacity=1.0, ori=array(0.), pos=array([0., 0.]), size=array([1., 1.]), units='norm', vertices=ndarray(...), win=Window(...))
4.7493 	EXP 	Created whiteWaitInterTrial_3 = ImageStim(__class__=<class 'psychopy.visual.image.ImageStim'>, autoLog=True, color=array([1., 1., 1.]), colorSpace='rgb', contrast=1.0, depth=-1.0, flipHoriz=False, flipVert=False, image='./stimuli/images/blank.bmp', interpolate=True, mask=None, maskParams=None, name='whiteWaitInterTrial_3', opacity=1.0, ori=0.0, pos=array([0., 0.]), size=array([1., 1.]), texRes=128, units='norm', win=Window(...))
4.7498 	EXP 	Created blackTrial_2 = Rect(__class__=<class 'psychopy.visual.rect.Rect'>, autoDraw=False, autoLog=True, closeShape=True, color=method-wrapper(...), colorSpace=None, contrast=1.0, depth=-1.0, fillColor='black', fillColorSpace='named', fillRGB=array([0., 0., 0.]), interpolate=True, lineColor='black', lineColorSpace='named', lineRGB=array([0., 0., 0.]), lineWidth=1, name='blackTrial_2', opacity=1.0, ori=array(0.), pos=array([0., 0.]), size=array([1., 1.]), units='norm', vertices=ndarray(...), win=Window(...))
4.7504 	EXP 	Created whiteTrial_2 = Rect(__class__=<class 'psychopy.visual.rect.Rect'>, autoDraw=False, autoLog=True, closeShape=True, color=method-wrapper(...), colorSpace=None, contrast=1.0, depth=-2.0, fillColor='white', fillColorSpace='named', fillRGB=array([255., 255., 255.]), interpolate=True, lineColor='white', lineColorSpace='named', lineRGB=array([255., 255., 255.]), lineWidth=1, name='whiteTrial_2', opacity=1.0, ori=array(0.), pos=array([0., 0.]), size=array([1., 1.]), units='norm', vertices=ndarray(...), win=Window(...))
4.7518 	EXP 	Created TrialPicture_2 = ImageStim(__class__=<class 'psychopy.visual.image.ImageStim'>, autoLog=True, color=array([1., 1., 1.]), colorSpace='rgb', contrast=1.0, depth=-3.0, flipHoriz=False, flipVert=False, image='sin', interpolate=True, mask=None, maskParams=None, name='TrialPicture_2', opacity=1.0, ori=0.0, pos=array([0., 0.]), size=array([1., 1.]), texRes=128, units='norm', win=Window(...))
4.7528 	EXP 	Created green_2 = ShapeStim(__class__=<class 'psychopy.visual.shape.ShapeStim'>, autoDraw=False, autoLog=True, closeShape=True, contrast=1.0, depth=-6.0, fillColor='green', fillColorSpace='named', interpolate=True, lineColor='green', lineColorSpace='named', lineWidth=1, name='green_2', opacity=1.0, ori=array(0.), pos=array([0., 0.]), size=array([0.05, 0.05]), units='norm', vertices=ndarray(...), win=Window(...), windingRule=None)
4.7533 	EXP 	Created red_2 = Rect(__class__=<class 'psychopy.visual.rect.Rect'>, autoDraw=False, autoLog=True, closeShape=True, color=method-wrapper(...), colorSpace=None, contrast=1.0, depth=-7.0, fillColor='red', fillColorSpace='named', fillRGB=array([255.,   0.,   0.]), interpolate=True, lineColor='red', lineColorSpace='named', lineRGB=array([255.,   0.,   0.]), lineWidth=1, name='red_2', opacity=1.0, ori=array(0.), pos=array([0., 0.]), size=array([1., 1.]), units='norm', vertices=ndarray(...), win=Window(...))
4.7539 	EXP 	Created blackWaitInterTrial_4 = Rect(__class__=<class 'psychopy.visual.rect.Rect'>, autoDraw=False, autoLog=True, closeShape=True, color=method-wrapper(...), colorSpace=None, contrast=1.0, depth=0.0, fillColor='black', fillColorSpace='named', fillRGB=array([0., 0., 0.]), interpolate=True, lineColor='black', lineColorSpace='named', lineRGB=array([0., 0., 0.]), lineWidth=1, name='blackWaitInterTrial_4', opacity=1.0, ori=array(0.), pos=array([0., 0.]), size=array([1., 1.]), units='norm', vertices=ndarray(...), win=Window(...))
4.7600 	EXP 	Created whiteWaitInterTrial_4 = ImageStim(__class__=<class 'psychopy.visual.image.ImageStim'>, autoLog=True, color=array([1., 1., 1.]), colorSpace='rgb', contrast=1.0, depth=-1.0, flipHoriz=False, flipVert=False, image='./stimuli/images/blank.bmp', interpolate=True, mask=None, maskParams=None, name='whiteWaitInterTrial_4', opacity=1.0, ori=0.0, pos=array([0., 0.]), size=array([1., 1.]), texRes=128, units='norm', win=Window(...))
4.7605 	EXP 	Created green_fb_2 = ShapeStim(__class__=<class 'psychopy.visual.shape.ShapeStim'>, autoDraw=False, autoLog=True, closeShape=True, contrast=1.0, depth=-2.0, fillColor='green', fillColorSpace='named', interpolate=True, lineColor='green', lineColorSpace='named', lineWidth=1, name='green_fb_2', opacity=1.0, ori=array(0.), pos=array([0., 0.]), size=array([1., 1.]), units='norm', vertices=ndarray(...), win=Window(...), windingRule=None)
4.7611 	EXP 	Created red_fb_2 = Rect(__class__=<class 'psychopy.visual.rect.Rect'>, autoDraw=False, autoLog=True, closeShape=True, color=method-wrapper(...), colorSpace=None, contrast=1.0, depth=-3.0, fillColor='red', fillColorSpace='named', fillRGB=array([255.,   0.,   0.]), interpolate=True, lineColor='red', lineColorSpace='named', lineRGB=array([255.,   0.,   0.]), lineWidth=1, name='red_fb_2', opacity=1.0, ori=array(0.), pos=array([0., 0.]), size=array([1., 1.]), units='norm', vertices=ndarray(...), win=Window(...))
4.7618 	EXP 	Created green_4 = ShapeStim(__class__=<class 'psychopy.visual.shape.ShapeStim'>, autoDraw=False, autoLog=True, closeShape=True, contrast=1.0, depth=-6.0, fillColor='green', fillColorSpace='named', interpolate=True, lineColor='green', lineColorSpace='named', lineWidth=1, name='green_4', opacity=1.0, ori=array(0.), pos=array([0., 0.]), size=array([0.05, 0.05]), units='norm', vertices=ndarray(...), win=Window(...), windingRule=None)
4.7624 	EXP 	Created red_4 = Rect(__class__=<class 'psychopy.visual.rect.Rect'>, autoDraw=False, autoLog=True, closeShape=True, color=method-wrapper(...), colorSpace=None, contrast=1.0, depth=-7.0, fillColor='red', fillColorSpace='named', fillRGB=array([255.,   0.,   0.]), interpolate=True, lineColor='red', lineColorSpace='named', lineRGB=array([255.,   0.,   0.]), lineWidth=1, name='red_4', opacity=1.0, ori=array(0.), pos=array([0., 0.]), size=array([1., 1.]), units='norm', vertices=ndarray(...), win=Window(...))
4.7629 	EXP 	Created fixation_2 = Rect(__class__=<class 'psychopy.visual.rect.Rect'>, autoDraw=False, autoLog=True, closeShape=True, color=method-wrapper(...), colorSpace=None, contrast=1.0, depth=0.0, fillColor='black', fillColorSpace='named', fillRGB=array([0., 0., 0.]), interpolate=True, lineColor='black', lineColorSpace='named', lineRGB=array([0., 0., 0.]), lineWidth=1, name='fixation_2', opacity=1.0, ori=array(0.), pos=array([0., 0.]), size=array([1., 1.]), units='norm', vertices=ndarray(...), win=Window(...))
4.7679 	EXP 	Created fixationImage_2 = ImageStim(__class__=<class 'psychopy.visual.image.ImageStim'>, autoLog=True, color=array([1., 1., 1.]), colorSpace='rgb', contrast=1.0, depth=-1.0, flipHoriz=False, flipVert=False, image='./stimuli/images/fix.bmp', interpolate=True, mask=None, maskParams=None, name='fixationImage_2', opacity=1.0, ori=0.0, pos=array([0., 0.]), size=array([1., 1.]), texRes=128, units='norm', win=Window(...))
4.7685 	EXP 	Created polygon_end_2 = Rect(__class__=<class 'psychopy.visual.rect.Rect'>, autoDraw=False, autoLog=True, closeShape=True, color=method-wrapper(...), colorSpace=None, contrast=1.0, depth=0.0, fillColor='black', fillColorSpace='named', fillRGB=array([0., 0., 0.]), interpolate=True, lineColor='black', lineColorSpace='named', lineRGB=array([0., 0., 0.]), lineWidth=1, name='polygon_end_2', opacity=1.0, ori=array(0.), pos=array([0., 0.]), size=array([1., 1.]), units='norm', vertices=ndarray(...), win=Window(...))
4.7746 	EXP 	Created end_text_2 = TextStim(__class__=<class 'psychopy.visual.text.TextStim'>, alignHoriz='center', alignVert='center', antialias=True, autoLog=True, bold=False, color='white', colorSpace='named', contrast=1.0, depth=-1.0, flipHoriz=False, flipVert=False, font='Arial', fontFiles=[], height=0.1, italic=False, languageStyle='LTR', name='end_text_2', opacity=1.0, ori=0, pos=array([0., 0.]), rgb=array([255., 255., 255.]), text='Thank you for your participation!', units='norm', win=Window(...), wrapWidth=1)
5.2592 	WARNING 	Hamming was requested using the 'pygame' sound library but hamming is not supported there.
5.2601 	EXP 	Set sound_1 sound=./lib/sound/bird.wav
5.2601 	WARNING 	Hamming was requested using the 'pygame' sound library but hamming is not supported there.
5.2606 	EXP 	Set sound_2 sound=./lib/sound/bang.wav
5.3023 	EXP 	polygon_1: autoDraw = True
5.3023 	EXP 	descriptionText_1: autoDraw = True
5.9580 	DATA 	Keypress: space
5.9862 	EXP 	polygon_1: autoDraw = False
5.9862 	EXP 	descriptionText_1: autoDraw = False
5.9862 	EXP 	fixationImage10: size = array([0.75, 1.  ])
5.9862 	EXP 	fixation10: autoDraw = True
5.9862 	EXP 	fixationImage10: autoDraw = True
5.9862 	EXP 	text: autoDraw = True
6.9704 	EXP 	text_2: autoDraw = True
6.9871 	EXP 	text: autoDraw = False
7.9739 	EXP 	text_2: autoDraw = False
7.9739 	EXP 	text_3: autoDraw = True
8.9743 	EXP 	text_3: autoDraw = False
8.9748 	EXP 	Created sequence: sequential, trialTypes=1, nReps=8, seed=None
8.9750 	EXP 	New trial (rep=0, index=0): None
8.9932 	EXP 	fixation10: autoDraw = False
8.9932 	EXP 	fixationImage10: autoDraw = False
8.9932 	EXP 	text: autoDraw = False
8.9932 	EXP 	text_2: autoDraw = False
8.9932 	EXP 	text_3: autoDraw = False
8.9932 	EXP 	greenProc: size = array([1.6, 1.2])
8.9932 	EXP 	ProcTarget: size = array([0.75, 1.  ])
8.9932 	EXP 	ProcTarget: image = './stimuli/images/070.bmp'
8.9932 	EXP 	ProcPicture: size = array([0.75, 1.  ])
8.9932 	EXP 	ProcPicture: image = './stimuli/images/208.bmp'
8.9932 	EXP 	blackProc: autoDraw = True
8.9932 	EXP 	greenProc: autoDraw = True
8.9932 	EXP 	ProcTarget: autoDraw = True
8.9932 	EXP 	ProcPicture: autoDraw = True
9.2509 	DATA 	Mouse: Left button down, pos=(450,665)
9.3930 	DATA 	Mouse:  Left button up, pos=(450,665)
12.5087 	EXP 	blackProc: autoDraw = False
12.5087 	EXP 	greenProc: autoDraw = False
12.5087 	EXP 	ProcTarget: autoDraw = False
12.5087 	EXP 	ProcPicture: autoDraw = False
12.5087 	EXP 	blackProc: autoDraw = False
12.5087 	EXP 	greenProc: autoDraw = False
12.5087 	EXP 	ProcTarget: autoDraw = False
12.5087 	EXP 	ProcPicture: autoDraw = False
12.5087 	EXP 	whiteWaitInterTrial: size = array([0.75, 1.  ])
12.5087 	EXP 	blackWaitInterTrial: autoDraw = True
12.5087 	EXP 	whiteWaitInterTrial: autoDraw = True
13.9964 	EXP 	Created sequence: sequential, trialTypes=1, nReps=20, seed=None
13.9966 	EXP 	New trial (rep=0, index=0): None
14.0271 	EXP 	blackWaitInterTrial: autoDraw = False
14.0271 	EXP 	whiteWaitInterTrial: autoDraw = False
14.0271 	EXP 	blackWaitInterTrial: autoDraw = False
14.0271 	EXP 	whiteWaitInterTrial: autoDraw = False
14.0271 	EXP 	TrialPicture: size = array([0.75, 1.  ])
14.0271 	EXP 	TrialPicture: image = './stimuli/images/015.bmp'
14.0271 	EXP 	blackTrial: autoDraw = True
14.0271 	EXP 	whiteTrial: autoDraw = True
14.0271 	EXP 	TrialPicture: autoDraw = True
14.0271 	EXP 	green_1: autoDraw = True
14.0271 	EXP 	red_1: autoDraw = True
14.3790 	EXP 	Sound sound_2 started
14.3817 	DATA 	Keypress: l
15.0275 	EXP 	blackTrial: autoDraw = False
15.0275 	EXP 	whiteTrial: autoDraw = False
15.0275 	EXP 	TrialPicture: autoDraw = False
15.0275 	EXP 	green_1: autoDraw = False
15.0275 	EXP 	red_1: autoDraw = False
15.0275 	EXP 	blackTrial: autoDraw = False
15.0275 	EXP 	whiteTrial: autoDraw = False
15.0275 	EXP 	TrialPicture: autoDraw = False
15.0275 	EXP 	green_1: autoDraw = False
15.0275 	EXP 	red_1: autoDraw = False
15.0275 	EXP 	whiteWaitInterTrial_2: size = array([0.75, 1.  ])
15.0275 	EXP 	blackWaitInterTrial_2: autoDraw = True
15.0275 	EXP 	whiteWaitInterTrial_2: autoDraw = True
15.0275 	EXP 	green_fb_1: autoDraw = True
15.0275 	EXP 	red_fb_1: autoDraw = True
15.0275 	EXP 	green_3: autoDraw = True
15.0275 	EXP 	red_3: autoDraw = True
16.8160 	EXP 	New trial (rep=1, index=0): None
16.8292 	EXP 	blackWaitInterTrial_2: autoDraw = False
16.8292 	EXP 	whiteWaitInterTrial_2: autoDraw = False
16.8292 	EXP 	green_fb_1: autoDraw = False
16.8292 	EXP 	red_fb_1: autoDraw = False
16.8292 	EXP 	green_3: autoDraw = False
16.8292 	EXP 	red_3: autoDraw = False
16.8292 	EXP 	blackWaitInterTrial_2: autoDraw = False
16.8292 	EXP 	whiteWaitInterTrial_2: autoDraw = False
16.8292 	EXP 	green_fb_1: autoDraw = False
16.8292 	EXP 	red_fb_1: autoDraw = False
16.8292 	EXP 	green_3: autoDraw = False
16.8292 	EXP 	red_3: autoDraw = False
16.8292 	EXP 	TrialPicture: size = array([0.75, 1.  ])
16.8292 	EXP 	TrialPicture: image = './stimuli/images/208.bmp'
16.8292 	EXP 	blackTrial: autoDraw = True
16.8292 	EXP 	whiteTrial: autoDraw = True
16.8292 	EXP 	TrialPicture: autoDraw = True
16.8292 	EXP 	green_1: autoDraw = True
16.8292 	EXP 	red_1: autoDraw = True
17.8300 	EXP 	blackTrial: autoDraw = False
17.8300 	EXP 	whiteTrial: autoDraw = False
17.8300 	EXP 	TrialPicture: autoDraw = False
17.8300 	EXP 	green_1: autoDraw = False
17.8300 	EXP 	red_1: autoDraw = False
17.8300 	EXP 	blackTrial: autoDraw = False
17.8300 	EXP 	whiteTrial: autoDraw = False
17.8300 	EXP 	TrialPicture: autoDraw = False
17.8300 	EXP 	green_1: autoDraw = False
17.8300 	EXP 	red_1: autoDraw = False
17.8300 	EXP 	whiteWaitInterTrial_2: size = array([0.75, 1.  ])
17.8300 	EXP 	blackWaitInterTrial_2: autoDraw = True
17.8300 	EXP 	whiteWaitInterTrial_2: autoDraw = True
17.8300 	EXP 	green_fb_1: autoDraw = True
17.8300 	EXP 	red_fb_1: autoDraw = True
17.8300 	EXP 	green_3: autoDraw = True
17.8300 	EXP 	red_3: autoDraw = True
18.1324 	EXP 	Sound sound_1 started
18.1353 	DATA 	Keypress: l
19.5177 	EXP 	New trial (rep=2, index=0): None
19.5316 	EXP 	blackWaitInterTrial_2: autoDraw = False
19.5316 	EXP 	whiteWaitInterTrial_2: autoDraw = False
19.5316 	EXP 	green_fb_1: autoDraw = False
19.5316 	EXP 	red_fb_1: autoDraw = False
19.5316 	EXP 	green_3: autoDraw = False
19.5316 	EXP 	red_3: autoDraw = False
19.5316 	EXP 	blackWaitInterTrial_2: autoDraw = False
19.5316 	EXP 	whiteWaitInterTrial_2: autoDraw = False
19.5316 	EXP 	green_fb_1: autoDraw = False
19.5316 	EXP 	red_fb_1: autoDraw = False
19.5316 	EXP 	green_3: autoDraw = False
19.5316 	EXP 	red_3: autoDraw = False
19.5316 	EXP 	TrialPicture: size = array([0.75, 1.  ])
19.5316 	EXP 	TrialPicture: image = './stimuli/images/070.bmp'
19.5316 	EXP 	blackTrial: autoDraw = True
19.5316 	EXP 	whiteTrial: autoDraw = True
19.5316 	EXP 	TrialPicture: autoDraw = True
19.5316 	EXP 	green_1: autoDraw = True
19.5316 	EXP 	red_1: autoDraw = True
20.5324 	EXP 	blackTrial: autoDraw = False
20.5324 	EXP 	whiteTrial: autoDraw = False
20.5324 	EXP 	TrialPicture: autoDraw = False
20.5324 	EXP 	green_1: autoDraw = False
20.5324 	EXP 	red_1: autoDraw = False
20.5324 	EXP 	blackTrial: autoDraw = False
20.5324 	EXP 	whiteTrial: autoDraw = False
20.5324 	EXP 	TrialPicture: autoDraw = False
20.5324 	EXP 	green_1: autoDraw = False
20.5324 	EXP 	red_1: autoDraw = False
20.5324 	EXP 	whiteWaitInterTrial_2: size = array([0.75, 1.  ])
20.5324 	EXP 	blackWaitInterTrial_2: autoDraw = True
20.5324 	EXP 	whiteWaitInterTrial_2: autoDraw = True
20.5324 	EXP 	green_fb_1: autoDraw = True
20.5324 	EXP 	red_fb_1: autoDraw = True
20.5324 	EXP 	green_3: autoDraw = True
20.5324 	EXP 	red_3: autoDraw = True
22.2202 	EXP 	New trial (rep=3, index=0): None
22.2338 	EXP 	blackWaitInterTrial_2: autoDraw = False
22.2338 	EXP 	whiteWaitInterTrial_2: autoDraw = False
22.2338 	EXP 	green_fb_1: autoDraw = False
22.2338 	EXP 	red_fb_1: autoDraw = False
22.2338 	EXP 	green_3: autoDraw = False
22.2338 	EXP 	red_3: autoDraw = False
22.2338 	EXP 	blackWaitInterTrial_2: autoDraw = False
22.2338 	EXP 	whiteWaitInterTrial_2: autoDraw = False
22.2338 	EXP 	green_fb_1: autoDraw = False
22.2338 	EXP 	red_fb_1: autoDraw = False
22.2338 	EXP 	green_3: autoDraw = False
22.2338 	EXP 	red_3: autoDraw = False
22.2338 	EXP 	TrialPicture: size = array([0.75, 1.  ])
22.2338 	EXP 	TrialPicture: image = './stimuli/images/015.bmp'
22.2338 	EXP 	blackTrial: autoDraw = True
22.2338 	EXP 	whiteTrial: autoDraw = True
22.2338 	EXP 	TrialPicture: autoDraw = True
22.2338 	EXP 	green_1: autoDraw = True
22.2338 	EXP 	red_1: autoDraw = True
23.2347 	EXP 	blackTrial: autoDraw = False
23.2347 	EXP 	whiteTrial: autoDraw = False
23.2347 	EXP 	TrialPicture: autoDraw = False
23.2347 	EXP 	green_1: autoDraw = False
23.2347 	EXP 	red_1: autoDraw = False
23.2347 	EXP 	blackTrial: autoDraw = False
23.2347 	EXP 	whiteTrial: autoDraw = False
23.2347 	EXP 	TrialPicture: autoDraw = False
23.2347 	EXP 	green_1: autoDraw = False
23.2347 	EXP 	red_1: autoDraw = False
23.2347 	EXP 	whiteWaitInterTrial_2: size = array([0.75, 1.  ])
23.2347 	EXP 	blackWaitInterTrial_2: autoDraw = True
23.2347 	EXP 	whiteWaitInterTrial_2: autoDraw = True
23.2347 	EXP 	green_fb_1: autoDraw = True
23.2347 	EXP 	red_fb_1: autoDraw = True
23.2347 	EXP 	green_3: autoDraw = True
23.2347 	EXP 	red_3: autoDraw = True
24.9232 	EXP 	New trial (rep=4, index=0): None
24.9362 	EXP 	blackWaitInterTrial_2: autoDraw = False
24.9362 	EXP 	whiteWaitInterTrial_2: autoDraw = False
24.9362 	EXP 	green_fb_1: autoDraw = False
24.9362 	EXP 	red_fb_1: autoDraw = False
24.9362 	EXP 	green_3: autoDraw = False
24.9362 	EXP 	red_3: autoDraw = False
24.9362 	EXP 	blackWaitInterTrial_2: autoDraw = False
24.9362 	EXP 	whiteWaitInterTrial_2: autoDraw = False
24.9362 	EXP 	green_fb_1: autoDraw = False
24.9362 	EXP 	red_fb_1: autoDraw = False
24.9362 	EXP 	green_3: autoDraw = False
24.9362 	EXP 	red_3: autoDraw = False
24.9362 	EXP 	TrialPicture: size = array([0.75, 1.  ])
24.9362 	EXP 	TrialPicture: image = './stimuli/images/208.bmp'
24.9362 	EXP 	blackTrial: autoDraw = True
24.9362 	EXP 	whiteTrial: autoDraw = True
24.9362 	EXP 	TrialPicture: autoDraw = True
24.9362 	EXP 	green_1: autoDraw = True
24.9362 	EXP 	red_1: autoDraw = True
25.9371 	EXP 	blackTrial: autoDraw = False
25.9371 	EXP 	whiteTrial: autoDraw = False
25.9371 	EXP 	TrialPicture: autoDraw = False
25.9371 	EXP 	green_1: autoDraw = False
25.9371 	EXP 	red_1: autoDraw = False
25.9371 	EXP 	blackTrial: autoDraw = False
25.9371 	EXP 	whiteTrial: autoDraw = False
25.9371 	EXP 	TrialPicture: autoDraw = False
25.9371 	EXP 	green_1: autoDraw = False
25.9371 	EXP 	red_1: autoDraw = False
25.9371 	EXP 	whiteWaitInterTrial_2: size = array([0.75, 1.  ])
25.9371 	EXP 	blackWaitInterTrial_2: autoDraw = True
25.9371 	EXP 	whiteWaitInterTrial_2: autoDraw = True
25.9371 	EXP 	green_fb_1: autoDraw = True
25.9371 	EXP 	red_fb_1: autoDraw = True
25.9371 	EXP 	green_3: autoDraw = True
25.9371 	EXP 	red_3: autoDraw = True
27.7248 	EXP 	New trial (rep=5, index=0): None
27.7386 	EXP 	blackWaitInterTrial_2: autoDraw = False
27.7386 	EXP 	whiteWaitInterTrial_2: autoDraw = False
27.7386 	EXP 	green_fb_1: autoDraw = False
27.7386 	EXP 	red_fb_1: autoDraw = False
27.7386 	EXP 	green_3: autoDraw = False
27.7386 	EXP 	red_3: autoDraw = False
27.7386 	EXP 	blackWaitInterTrial_2: autoDraw = False
27.7386 	EXP 	whiteWaitInterTrial_2: autoDraw = False
27.7386 	EXP 	green_fb_1: autoDraw = False
27.7386 	EXP 	red_fb_1: autoDraw = False
27.7386 	EXP 	green_3: autoDraw = False
27.7386 	EXP 	red_3: autoDraw = False
27.7386 	EXP 	TrialPicture: size = array([0.75, 1.  ])
27.7386 	EXP 	TrialPicture: image = './stimuli/images/070.bmp'
27.7386 	EXP 	blackTrial: autoDraw = True
27.7386 	EXP 	whiteTrial: autoDraw = True
27.7386 	EXP 	TrialPicture: autoDraw = True
27.7386 	EXP 	green_1: autoDraw = True
27.7386 	EXP 	red_1: autoDraw = True
28.7395 	EXP 	blackTrial: autoDraw = False
28.7395 	EXP 	whiteTrial: autoDraw = False
28.7395 	EXP 	TrialPicture: autoDraw = False
28.7395 	EXP 	green_1: autoDraw = False
28.7395 	EXP 	red_1: autoDraw = False
28.7395 	EXP 	blackTrial: autoDraw = False
28.7395 	EXP 	whiteTrial: autoDraw = False
28.7395 	EXP 	TrialPicture: autoDraw = False
28.7395 	EXP 	green_1: autoDraw = False
28.7395 	EXP 	red_1: autoDraw = False
28.7395 	EXP 	whiteWaitInterTrial_2: size = array([0.75, 1.  ])
28.7395 	EXP 	blackWaitInterTrial_2: autoDraw = True
28.7395 	EXP 	whiteWaitInterTrial_2: autoDraw = True
28.7395 	EXP 	green_fb_1: autoDraw = True
28.7395 	EXP 	red_fb_1: autoDraw = True
28.7395 	EXP 	green_3: autoDraw = True
28.7395 	EXP 	red_3: autoDraw = True
30.5275 	EXP 	New trial (rep=6, index=0): None
30.5411 	EXP 	blackWaitInterTrial_2: autoDraw = False
30.5411 	EXP 	whiteWaitInterTrial_2: autoDraw = False
30.5411 	EXP 	green_fb_1: autoDraw = False
30.5411 	EXP 	red_fb_1: autoDraw = False
30.5411 	EXP 	green_3: autoDraw = False
30.5411 	EXP 	red_3: autoDraw = False
30.5411 	EXP 	blackWaitInterTrial_2: autoDraw = False
30.5411 	EXP 	whiteWaitInterTrial_2: autoDraw = False
30.5411 	EXP 	green_fb_1: autoDraw = False
30.5411 	EXP 	red_fb_1: autoDraw = False
30.5411 	EXP 	green_3: autoDraw = False
30.5411 	EXP 	red_3: autoDraw = False
30.5411 	EXP 	TrialPicture: size = array([0.75, 1.  ])
30.5411 	EXP 	TrialPicture: image = './stimuli/images/081.bmp'
30.5411 	EXP 	blackTrial: autoDraw = True
30.5411 	EXP 	whiteTrial: autoDraw = True
30.5411 	EXP 	TrialPicture: autoDraw = True
30.5411 	EXP 	green_1: autoDraw = True
30.5411 	EXP 	red_1: autoDraw = True
31.5421 	EXP 	blackTrial: autoDraw = False
31.5421 	EXP 	whiteTrial: autoDraw = False
31.5421 	EXP 	TrialPicture: autoDraw = False
31.5421 	EXP 	green_1: autoDraw = False
31.5421 	EXP 	red_1: autoDraw = False
31.5421 	EXP 	blackTrial: autoDraw = False
31.5421 	EXP 	whiteTrial: autoDraw = False
31.5421 	EXP 	TrialPicture: autoDraw = False
31.5421 	EXP 	green_1: autoDraw = False
31.5421 	EXP 	red_1: autoDraw = False
31.5421 	EXP 	whiteWaitInterTrial_2: size = array([0.75, 1.  ])
31.5421 	EXP 	blackWaitInterTrial_2: autoDraw = True
31.5421 	EXP 	whiteWaitInterTrial_2: autoDraw = True
31.5421 	EXP 	green_fb_1: autoDraw = True
31.5421 	EXP 	red_fb_1: autoDraw = True
31.5421 	EXP 	green_3: autoDraw = True
31.5421 	EXP 	red_3: autoDraw = True
33.1304 	EXP 	New trial (rep=7, index=0): None
33.1434 	EXP 	blackWaitInterTrial_2: autoDraw = False
33.1434 	EXP 	whiteWaitInterTrial_2: autoDraw = False
33.1434 	EXP 	green_fb_1: autoDraw = False
33.1434 	EXP 	red_fb_1: autoDraw = False
33.1434 	EXP 	green_3: autoDraw = False
33.1434 	EXP 	red_3: autoDraw = False
33.1434 	EXP 	blackWaitInterTrial_2: autoDraw = False
33.1434 	EXP 	whiteWaitInterTrial_2: autoDraw = False
33.1434 	EXP 	green_fb_1: autoDraw = False
33.1434 	EXP 	red_fb_1: autoDraw = False
33.1434 	EXP 	green_3: autoDraw = False
33.1434 	EXP 	red_3: autoDraw = False
33.1434 	EXP 	TrialPicture: size = array([0.75, 1.  ])
33.1434 	EXP 	TrialPicture: image = './stimuli/images/015.bmp'
33.1434 	EXP 	blackTrial: autoDraw = True
33.1434 	EXP 	whiteTrial: autoDraw = True
33.1434 	EXP 	TrialPicture: autoDraw = True
33.1434 	EXP 	green_1: autoDraw = True
33.1434 	EXP 	red_1: autoDraw = True
34.1442 	EXP 	blackTrial: autoDraw = False
34.1442 	EXP 	whiteTrial: autoDraw = False
34.1442 	EXP 	TrialPicture: autoDraw = False
34.1442 	EXP 	green_1: autoDraw = False
34.1442 	EXP 	red_1: autoDraw = False
34.1442 	EXP 	blackTrial: autoDraw = False
34.1442 	EXP 	whiteTrial: autoDraw = False
34.1442 	EXP 	TrialPicture: autoDraw = False
34.1442 	EXP 	green_1: autoDraw = False
34.1442 	EXP 	red_1: autoDraw = False
34.1442 	EXP 	whiteWaitInterTrial_2: size = array([0.75, 1.  ])
34.1442 	EXP 	blackWaitInterTrial_2: autoDraw = True
34.1442 	EXP 	whiteWaitInterTrial_2: autoDraw = True
34.1442 	EXP 	green_fb_1: autoDraw = True
34.1442 	EXP 	red_fb_1: autoDraw = True
34.1442 	EXP 	green_3: autoDraw = True
34.1442 	EXP 	red_3: autoDraw = True
35.9319 	EXP 	New trial (rep=8, index=0): None
35.9458 	EXP 	blackWaitInterTrial_2: autoDraw = False
35.9458 	EXP 	whiteWaitInterTrial_2: autoDraw = False
35.9458 	EXP 	green_fb_1: autoDraw = False
35.9458 	EXP 	red_fb_1: autoDraw = False
35.9458 	EXP 	green_3: autoDraw = False
35.9458 	EXP 	red_3: autoDraw = False
35.9458 	EXP 	blackWaitInterTrial_2: autoDraw = False
35.9458 	EXP 	whiteWaitInterTrial_2: autoDraw = False
35.9458 	EXP 	green_fb_1: autoDraw = False
35.9458 	EXP 	red_fb_1: autoDraw = False
35.9458 	EXP 	green_3: autoDraw = False
35.9458 	EXP 	red_3: autoDraw = False
35.9458 	EXP 	TrialPicture: size = array([0.75, 1.  ])
35.9458 	EXP 	TrialPicture: image = './stimuli/images/081.bmp'
35.9458 	EXP 	blackTrial: autoDraw = True
35.9458 	EXP 	whiteTrial: autoDraw = True
35.9458 	EXP 	TrialPicture: autoDraw = True
35.9458 	EXP 	green_1: autoDraw = True
35.9458 	EXP 	red_1: autoDraw = True
36.9467 	EXP 	blackTrial: autoDraw = False
36.9467 	EXP 	whiteTrial: autoDraw = False
36.9467 	EXP 	TrialPicture: autoDraw = False
36.9467 	EXP 	green_1: autoDraw = False
36.9467 	EXP 	red_1: autoDraw = False
36.9467 	EXP 	blackTrial: autoDraw = False
36.9467 	EXP 	whiteTrial: autoDraw = False
36.9467 	EXP 	TrialPicture: autoDraw = False
36.9467 	EXP 	green_1: autoDraw = False
36.9467 	EXP 	red_1: autoDraw = False
36.9467 	EXP 	whiteWaitInterTrial_2: size = array([0.75, 1.  ])
36.9467 	EXP 	blackWaitInterTrial_2: autoDraw = True
36.9467 	EXP 	whiteWaitInterTrial_2: autoDraw = True
36.9467 	EXP 	green_fb_1: autoDraw = True
36.9467 	EXP 	red_fb_1: autoDraw = True
36.9467 	EXP 	green_3: autoDraw = True
36.9467 	EXP 	red_3: autoDraw = True
38.5350 	EXP 	New trial (rep=9, index=0): None
38.5481 	EXP 	blackWaitInterTrial_2: autoDraw = False
38.5481 	EXP 	whiteWaitInterTrial_2: autoDraw = False
38.5481 	EXP 	green_fb_1: autoDraw = False
38.5481 	EXP 	red_fb_1: autoDraw = False
38.5481 	EXP 	green_3: autoDraw = False
38.5481 	EXP 	red_3: autoDraw = False
38.5481 	EXP 	blackWaitInterTrial_2: autoDraw = False
38.5481 	EXP 	whiteWaitInterTrial_2: autoDraw = False
38.5481 	EXP 	green_fb_1: autoDraw = False
38.5481 	EXP 	red_fb_1: autoDraw = False
38.5481 	EXP 	green_3: autoDraw = False
38.5481 	EXP 	red_3: autoDraw = False
38.5481 	EXP 	TrialPicture: size = array([0.75, 1.  ])
38.5481 	EXP 	TrialPicture: image = './stimuli/images/070.bmp'
38.5481 	EXP 	blackTrial: autoDraw = True
38.5481 	EXP 	whiteTrial: autoDraw = True
38.5481 	EXP 	TrialPicture: autoDraw = True
38.5481 	EXP 	green_1: autoDraw = True
38.5481 	EXP 	red_1: autoDraw = True
39.5490 	EXP 	blackTrial: autoDraw = False
39.5490 	EXP 	whiteTrial: autoDraw = False
39.5490 	EXP 	TrialPicture: autoDraw = False
39.5490 	EXP 	green_1: autoDraw = False
39.5490 	EXP 	red_1: autoDraw = False
39.5490 	EXP 	blackTrial: autoDraw = False
39.5490 	EXP 	whiteTrial: autoDraw = False
39.5490 	EXP 	TrialPicture: autoDraw = False
39.5490 	EXP 	green_1: autoDraw = False
39.5490 	EXP 	red_1: autoDraw = False
39.5490 	EXP 	whiteWaitInterTrial_2: size = array([0.75, 1.  ])
39.5490 	EXP 	blackWaitInterTrial_2: autoDraw = True
39.5490 	EXP 	whiteWaitInterTrial_2: autoDraw = True
39.5490 	EXP 	green_fb_1: autoDraw = True
39.5490 	EXP 	red_fb_1: autoDraw = True
39.5490 	EXP 	green_3: autoDraw = True
39.5490 	EXP 	red_3: autoDraw = True
41.2371 	EXP 	New trial (rep=10, index=0): None
41.2505 	EXP 	blackWaitInterTrial_2: autoDraw = False
41.2505 	EXP 	whiteWaitInterTrial_2: autoDraw = False
41.2505 	EXP 	green_fb_1: autoDraw = False
41.2505 	EXP 	red_fb_1: autoDraw = False
41.2505 	EXP 	green_3: autoDraw = False
41.2505 	EXP 	red_3: autoDraw = False
41.2505 	EXP 	blackWaitInterTrial_2: autoDraw = False
41.2505 	EXP 	whiteWaitInterTrial_2: autoDraw = False
41.2505 	EXP 	green_fb_1: autoDraw = False
41.2505 	EXP 	red_fb_1: autoDraw = False
41.2505 	EXP 	green_3: autoDraw = False
41.2505 	EXP 	red_3: autoDraw = False
41.2505 	EXP 	TrialPicture: size = array([0.75, 1.  ])
41.2505 	EXP 	TrialPicture: image = './stimuli/images/081.bmp'
41.2505 	EXP 	blackTrial: autoDraw = True
41.2505 	EXP 	whiteTrial: autoDraw = True
41.2505 	EXP 	TrialPicture: autoDraw = True
41.2505 	EXP 	green_1: autoDraw = True
41.2505 	EXP 	red_1: autoDraw = True
42.2513 	EXP 	blackTrial: autoDraw = False
42.2513 	EXP 	whiteTrial: autoDraw = False
42.2513 	EXP 	TrialPicture: autoDraw = False
42.2513 	EXP 	green_1: autoDraw = False
42.2513 	EXP 	red_1: autoDraw = False
42.2513 	EXP 	blackTrial: autoDraw = False
42.2513 	EXP 	whiteTrial: autoDraw = False
42.2513 	EXP 	TrialPicture: autoDraw = False
42.2513 	EXP 	green_1: autoDraw = False
42.2513 	EXP 	red_1: autoDraw = False
42.2513 	EXP 	whiteWaitInterTrial_2: size = array([0.75, 1.  ])
42.2513 	EXP 	blackWaitInterTrial_2: autoDraw = True
42.2513 	EXP 	whiteWaitInterTrial_2: autoDraw = True
42.2513 	EXP 	green_fb_1: autoDraw = True
42.2513 	EXP 	red_fb_1: autoDraw = True
42.2513 	EXP 	green_3: autoDraw = True
42.2513 	EXP 	red_3: autoDraw = True
43.8394 	EXP 	New trial (rep=11, index=0): None
43.8527 	EXP 	blackWaitInterTrial_2: autoDraw = False
43.8527 	EXP 	whiteWaitInterTrial_2: autoDraw = False
43.8527 	EXP 	green_fb_1: autoDraw = False
43.8527 	EXP 	red_fb_1: autoDraw = False
43.8527 	EXP 	green_3: autoDraw = False
43.8527 	EXP 	red_3: autoDraw = False
43.8527 	EXP 	blackWaitInterTrial_2: autoDraw = False
43.8527 	EXP 	whiteWaitInterTrial_2: autoDraw = False
43.8527 	EXP 	green_fb_1: autoDraw = False
43.8527 	EXP 	red_fb_1: autoDraw = False
43.8527 	EXP 	green_3: autoDraw = False
43.8527 	EXP 	red_3: autoDraw = False
43.8527 	EXP 	TrialPicture: size = array([0.75, 1.  ])
43.8527 	EXP 	TrialPicture: image = './stimuli/images/081.bmp'
43.8527 	EXP 	blackTrial: autoDraw = True
43.8527 	EXP 	whiteTrial: autoDraw = True
43.8527 	EXP 	TrialPicture: autoDraw = True
43.8527 	EXP 	green_1: autoDraw = True
43.8527 	EXP 	red_1: autoDraw = True
44.8536 	EXP 	blackTrial: autoDraw = False
44.8536 	EXP 	whiteTrial: autoDraw = False
44.8536 	EXP 	TrialPicture: autoDraw = False
44.8536 	EXP 	green_1: autoDraw = False
44.8536 	EXP 	red_1: autoDraw = False
44.8536 	EXP 	blackTrial: autoDraw = False
44.8536 	EXP 	whiteTrial: autoDraw = False
44.8536 	EXP 	TrialPicture: autoDraw = False
44.8536 	EXP 	green_1: autoDraw = False
44.8536 	EXP 	red_1: autoDraw = False
44.8536 	EXP 	whiteWaitInterTrial_2: size = array([0.75, 1.  ])
44.8536 	EXP 	blackWaitInterTrial_2: autoDraw = True
44.8536 	EXP 	whiteWaitInterTrial_2: autoDraw = True
44.8536 	EXP 	green_fb_1: autoDraw = True
44.8536 	EXP 	red_fb_1: autoDraw = True
44.8536 	EXP 	green_3: autoDraw = True
44.8536 	EXP 	red_3: autoDraw = True
46.5420 	EXP 	New trial (rep=12, index=0): None
46.5551 	EXP 	blackWaitInterTrial_2: autoDraw = False
46.5551 	EXP 	whiteWaitInterTrial_2: autoDraw = False
46.5551 	EXP 	green_fb_1: autoDraw = False
46.5551 	EXP 	red_fb_1: autoDraw = False
46.5551 	EXP 	green_3: autoDraw = False
46.5551 	EXP 	red_3: autoDraw = False
46.5551 	EXP 	blackWaitInterTrial_2: autoDraw = False
46.5551 	EXP 	whiteWaitInterTrial_2: autoDraw = False
46.5551 	EXP 	green_fb_1: autoDraw = False
46.5551 	EXP 	red_fb_1: autoDraw = False
46.5551 	EXP 	green_3: autoDraw = False
46.5551 	EXP 	red_3: autoDraw = False
46.5551 	EXP 	TrialPicture: size = array([0.75, 1.  ])
46.5551 	EXP 	TrialPicture: image = './stimuli/images/208.bmp'
46.5551 	EXP 	blackTrial: autoDraw = True
46.5551 	EXP 	whiteTrial: autoDraw = True
46.5551 	EXP 	TrialPicture: autoDraw = True
46.5551 	EXP 	green_1: autoDraw = True
46.5551 	EXP 	red_1: autoDraw = True
47.5560 	EXP 	blackTrial: autoDraw = False
47.5560 	EXP 	whiteTrial: autoDraw = False
47.5560 	EXP 	TrialPicture: autoDraw = False
47.5560 	EXP 	green_1: autoDraw = False
47.5560 	EXP 	red_1: autoDraw = False
47.5560 	EXP 	blackTrial: autoDraw = False
47.5560 	EXP 	whiteTrial: autoDraw = False
47.5560 	EXP 	TrialPicture: autoDraw = False
47.5560 	EXP 	green_1: autoDraw = False
47.5560 	EXP 	red_1: autoDraw = False
47.5560 	EXP 	whiteWaitInterTrial_2: size = array([0.75, 1.  ])
47.5560 	EXP 	blackWaitInterTrial_2: autoDraw = True
47.5560 	EXP 	whiteWaitInterTrial_2: autoDraw = True
47.5560 	EXP 	green_fb_1: autoDraw = True
47.5560 	EXP 	red_fb_1: autoDraw = True
47.5560 	EXP 	green_3: autoDraw = True
47.5560 	EXP 	red_3: autoDraw = True
49.3437 	EXP 	New trial (rep=13, index=0): None
49.3575 	EXP 	blackWaitInterTrial_2: autoDraw = False
49.3575 	EXP 	whiteWaitInterTrial_2: autoDraw = False
49.3575 	EXP 	green_fb_1: autoDraw = False
49.3575 	EXP 	red_fb_1: autoDraw = False
49.3575 	EXP 	green_3: autoDraw = False
49.3575 	EXP 	red_3: autoDraw = False
49.3575 	EXP 	blackWaitInterTrial_2: autoDraw = False
49.3575 	EXP 	whiteWaitInterTrial_2: autoDraw = False
49.3575 	EXP 	green_fb_1: autoDraw = False
49.3575 	EXP 	red_fb_1: autoDraw = False
49.3575 	EXP 	green_3: autoDraw = False
49.3575 	EXP 	red_3: autoDraw = False
49.3575 	EXP 	TrialPicture: size = array([0.75, 1.  ])
49.3575 	EXP 	TrialPicture: image = './stimuli/images/015.bmp'
49.3575 	EXP 	blackTrial: autoDraw = True
49.3575 	EXP 	whiteTrial: autoDraw = True
49.3575 	EXP 	TrialPicture: autoDraw = True
49.3575 	EXP 	green_1: autoDraw = True
49.3575 	EXP 	red_1: autoDraw = True
50.3584 	EXP 	blackTrial: autoDraw = False
50.3584 	EXP 	whiteTrial: autoDraw = False
50.3584 	EXP 	TrialPicture: autoDraw = False
50.3584 	EXP 	green_1: autoDraw = False
50.3584 	EXP 	red_1: autoDraw = False
50.3584 	EXP 	blackTrial: autoDraw = False
50.3584 	EXP 	whiteTrial: autoDraw = False
50.3584 	EXP 	TrialPicture: autoDraw = False
50.3584 	EXP 	green_1: autoDraw = False
50.3584 	EXP 	red_1: autoDraw = False
50.3584 	EXP 	whiteWaitInterTrial_2: size = array([0.75, 1.  ])
50.3584 	EXP 	blackWaitInterTrial_2: autoDraw = True
50.3584 	EXP 	whiteWaitInterTrial_2: autoDraw = True
50.3584 	EXP 	green_fb_1: autoDraw = True
50.3584 	EXP 	red_fb_1: autoDraw = True
50.3584 	EXP 	green_3: autoDraw = True
50.3584 	EXP 	red_3: autoDraw = True
51.9474 	EXP 	New trial (rep=14, index=0): None
51.9598 	EXP 	blackWaitInterTrial_2: autoDraw = False
51.9598 	EXP 	whiteWaitInterTrial_2: autoDraw = False
51.9598 	EXP 	green_fb_1: autoDraw = False
51.9598 	EXP 	red_fb_1: autoDraw = False
51.9598 	EXP 	green_3: autoDraw = False
51.9598 	EXP 	red_3: autoDraw = False
51.9598 	EXP 	blackWaitInterTrial_2: autoDraw = False
51.9598 	EXP 	whiteWaitInterTrial_2: autoDraw = False
51.9598 	EXP 	green_fb_1: autoDraw = False
51.9598 	EXP 	red_fb_1: autoDraw = False
51.9598 	EXP 	green_3: autoDraw = False
51.9598 	EXP 	red_3: autoDraw = False
51.9598 	EXP 	TrialPicture: size = array([0.75, 1.  ])
51.9598 	EXP 	TrialPicture: image = './stimuli/images/081.bmp'
51.9598 	EXP 	blackTrial: autoDraw = True
51.9598 	EXP 	whiteTrial: autoDraw = True
51.9598 	EXP 	TrialPicture: autoDraw = True
51.9598 	EXP 	green_1: autoDraw = True
51.9598 	EXP 	red_1: autoDraw = True
52.9607 	EXP 	blackTrial: autoDraw = False
52.9607 	EXP 	whiteTrial: autoDraw = False
52.9607 	EXP 	TrialPicture: autoDraw = False
52.9607 	EXP 	green_1: autoDraw = False
52.9607 	EXP 	red_1: autoDraw = False
52.9607 	EXP 	blackTrial: autoDraw = False
52.9607 	EXP 	whiteTrial: autoDraw = False
52.9607 	EXP 	TrialPicture: autoDraw = False
52.9607 	EXP 	green_1: autoDraw = False
52.9607 	EXP 	red_1: autoDraw = False
52.9607 	EXP 	whiteWaitInterTrial_2: size = array([0.75, 1.  ])
52.9607 	EXP 	blackWaitInterTrial_2: autoDraw = True
52.9607 	EXP 	whiteWaitInterTrial_2: autoDraw = True
52.9607 	EXP 	green_fb_1: autoDraw = True
52.9607 	EXP 	red_fb_1: autoDraw = True
52.9607 	EXP 	green_3: autoDraw = True
52.9607 	EXP 	red_3: autoDraw = True
54.6490 	EXP 	New trial (rep=15, index=0): None
54.6622 	EXP 	blackWaitInterTrial_2: autoDraw = False
54.6622 	EXP 	whiteWaitInterTrial_2: autoDraw = False
54.6622 	EXP 	green_fb_1: autoDraw = False
54.6622 	EXP 	red_fb_1: autoDraw = False
54.6622 	EXP 	green_3: autoDraw = False
54.6622 	EXP 	red_3: autoDraw = False
54.6622 	EXP 	blackWaitInterTrial_2: autoDraw = False
54.6622 	EXP 	whiteWaitInterTrial_2: autoDraw = False
54.6622 	EXP 	green_fb_1: autoDraw = False
54.6622 	EXP 	red_fb_1: autoDraw = False
54.6622 	EXP 	green_3: autoDraw = False
54.6622 	EXP 	red_3: autoDraw = False
54.6622 	EXP 	TrialPicture: size = array([0.75, 1.  ])
54.6622 	EXP 	TrialPicture: image = './stimuli/images/070.bmp'
54.6622 	EXP 	blackTrial: autoDraw = True
54.6622 	EXP 	whiteTrial: autoDraw = True
54.6622 	EXP 	TrialPicture: autoDraw = True
54.6622 	EXP 	green_1: autoDraw = True
54.6622 	EXP 	red_1: autoDraw = True
55.6630 	EXP 	blackTrial: autoDraw = False
55.6630 	EXP 	whiteTrial: autoDraw = False
55.6630 	EXP 	TrialPicture: autoDraw = False
55.6630 	EXP 	green_1: autoDraw = False
55.6630 	EXP 	red_1: autoDraw = False
55.6630 	EXP 	blackTrial: autoDraw = False
55.6630 	EXP 	whiteTrial: autoDraw = False
55.6630 	EXP 	TrialPicture: autoDraw = False
55.6630 	EXP 	green_1: autoDraw = False
55.6630 	EXP 	red_1: autoDraw = False
55.6630 	EXP 	whiteWaitInterTrial_2: size = array([0.75, 1.  ])
55.6630 	EXP 	blackWaitInterTrial_2: autoDraw = True
55.6630 	EXP 	whiteWaitInterTrial_2: autoDraw = True
55.6630 	EXP 	green_fb_1: autoDraw = True
55.6630 	EXP 	red_fb_1: autoDraw = True
55.6630 	EXP 	green_3: autoDraw = True
55.6630 	EXP 	red_3: autoDraw = True
57.3512 	EXP 	New trial (rep=16, index=0): None
57.3645 	EXP 	blackWaitInterTrial_2: autoDraw = False
57.3645 	EXP 	whiteWaitInterTrial_2: autoDraw = False
57.3645 	EXP 	green_fb_1: autoDraw = False
57.3645 	EXP 	red_fb_1: autoDraw = False
57.3645 	EXP 	green_3: autoDraw = False
57.3645 	EXP 	red_3: autoDraw = False
57.3645 	EXP 	blackWaitInterTrial_2: autoDraw = False
57.3645 	EXP 	whiteWaitInterTrial_2: autoDraw = False
57.3645 	EXP 	green_fb_1: autoDraw = False
57.3645 	EXP 	red_fb_1: autoDraw = False
57.3645 	EXP 	green_3: autoDraw = False
57.3645 	EXP 	red_3: autoDraw = False
57.3645 	EXP 	TrialPicture: size = array([0.75, 1.  ])
57.3645 	EXP 	TrialPicture: image = './stimuli/images/208.bmp'
57.3645 	EXP 	blackTrial: autoDraw = True
57.3645 	EXP 	whiteTrial: autoDraw = True
57.3645 	EXP 	TrialPicture: autoDraw = True
57.3645 	EXP 	green_1: autoDraw = True
57.3645 	EXP 	red_1: autoDraw = True
58.3654 	EXP 	blackTrial: autoDraw = False
58.3654 	EXP 	whiteTrial: autoDraw = False
58.3654 	EXP 	TrialPicture: autoDraw = False
58.3654 	EXP 	green_1: autoDraw = False
58.3654 	EXP 	red_1: autoDraw = False
58.3654 	EXP 	blackTrial: autoDraw = False
58.3654 	EXP 	whiteTrial: autoDraw = False
58.3654 	EXP 	TrialPicture: autoDraw = False
58.3654 	EXP 	green_1: autoDraw = False
58.3654 	EXP 	red_1: autoDraw = False
58.3654 	EXP 	whiteWaitInterTrial_2: size = array([0.75, 1.  ])
58.3654 	EXP 	blackWaitInterTrial_2: autoDraw = True
58.3654 	EXP 	whiteWaitInterTrial_2: autoDraw = True
58.3654 	EXP 	green_fb_1: autoDraw = True
58.3654 	EXP 	red_fb_1: autoDraw = True
58.3654 	EXP 	green_3: autoDraw = True
58.3654 	EXP 	red_3: autoDraw = True
59.9534 	EXP 	New trial (rep=17, index=0): None
59.9668 	EXP 	blackWaitInterTrial_2: autoDraw = False
59.9668 	EXP 	whiteWaitInterTrial_2: autoDraw = False
59.9668 	EXP 	green_fb_1: autoDraw = False
59.9668 	EXP 	red_fb_1: autoDraw = False
59.9668 	EXP 	green_3: autoDraw = False
59.9668 	EXP 	red_3: autoDraw = False
59.9668 	EXP 	blackWaitInterTrial_2: autoDraw = False
59.9668 	EXP 	whiteWaitInterTrial_2: autoDraw = False
59.9668 	EXP 	green_fb_1: autoDraw = False
59.9668 	EXP 	red_fb_1: autoDraw = False
59.9668 	EXP 	green_3: autoDraw = False
59.9668 	EXP 	red_3: autoDraw = False
59.9668 	EXP 	TrialPicture: size = array([0.75, 1.  ])
59.9668 	EXP 	TrialPicture: image = './stimuli/images/081.bmp'
59.9668 	EXP 	blackTrial: autoDraw = True
59.9668 	EXP 	whiteTrial: autoDraw = True
59.9668 	EXP 	TrialPicture: autoDraw = True
59.9668 	EXP 	green_1: autoDraw = True
59.9668 	EXP 	red_1: autoDraw = True
60.9677 	EXP 	blackTrial: autoDraw = False
60.9677 	EXP 	whiteTrial: autoDraw = False
60.9677 	EXP 	TrialPicture: autoDraw = False
60.9677 	EXP 	green_1: autoDraw = False
60.9677 	EXP 	red_1: autoDraw = False
60.9677 	EXP 	blackTrial: autoDraw = False
60.9677 	EXP 	whiteTrial: autoDraw = False
60.9677 	EXP 	TrialPicture: autoDraw = False
60.9677 	EXP 	green_1: autoDraw = False
60.9677 	EXP 	red_1: autoDraw = False
60.9677 	EXP 	whiteWaitInterTrial_2: size = array([0.75, 1.  ])
60.9677 	EXP 	blackWaitInterTrial_2: autoDraw = True
60.9677 	EXP 	whiteWaitInterTrial_2: autoDraw = True
60.9677 	EXP 	green_fb_1: autoDraw = True
60.9677 	EXP 	red_fb_1: autoDraw = True
60.9677 	EXP 	green_3: autoDraw = True
60.9677 	EXP 	red_3: autoDraw = True
62.7564 	EXP 	New trial (rep=18, index=0): None
62.7692 	EXP 	blackWaitInterTrial_2: autoDraw = False
62.7692 	EXP 	whiteWaitInterTrial_2: autoDraw = False
62.7692 	EXP 	green_fb_1: autoDraw = False
62.7692 	EXP 	red_fb_1: autoDraw = False
62.7692 	EXP 	green_3: autoDraw = False
62.7692 	EXP 	red_3: autoDraw = False
62.7692 	EXP 	blackWaitInterTrial_2: autoDraw = False
62.7692 	EXP 	whiteWaitInterTrial_2: autoDraw = False
62.7692 	EXP 	green_fb_1: autoDraw = False
62.7692 	EXP 	red_fb_1: autoDraw = False
62.7692 	EXP 	green_3: autoDraw = False
62.7692 	EXP 	red_3: autoDraw = False
62.7692 	EXP 	TrialPicture: size = array([0.75, 1.  ])
62.7692 	EXP 	TrialPicture: image = './stimuli/images/015.bmp'
62.7692 	EXP 	blackTrial: autoDraw = True
62.7692 	EXP 	whiteTrial: autoDraw = True
62.7692 	EXP 	TrialPicture: autoDraw = True
62.7692 	EXP 	green_1: autoDraw = True
62.7692 	EXP 	red_1: autoDraw = True
63.7701 	EXP 	blackTrial: autoDraw = False
63.7701 	EXP 	whiteTrial: autoDraw = False
63.7701 	EXP 	TrialPicture: autoDraw = False
63.7701 	EXP 	green_1: autoDraw = False
63.7701 	EXP 	red_1: autoDraw = False
63.7701 	EXP 	blackTrial: autoDraw = False
63.7701 	EXP 	whiteTrial: autoDraw = False
63.7701 	EXP 	TrialPicture: autoDraw = False
63.7701 	EXP 	green_1: autoDraw = False
63.7701 	EXP 	red_1: autoDraw = False
63.7701 	EXP 	whiteWaitInterTrial_2: size = array([0.75, 1.  ])
63.7701 	EXP 	blackWaitInterTrial_2: autoDraw = True
63.7701 	EXP 	whiteWaitInterTrial_2: autoDraw = True
63.7701 	EXP 	green_fb_1: autoDraw = True
63.7701 	EXP 	red_fb_1: autoDraw = True
63.7701 	EXP 	green_3: autoDraw = True
63.7701 	EXP 	red_3: autoDraw = True
65.4576 	EXP 	New trial (rep=19, index=0): None
65.4716 	EXP 	blackWaitInterTrial_2: autoDraw = False
65.4716 	EXP 	whiteWaitInterTrial_2: autoDraw = False
65.4716 	EXP 	green_fb_1: autoDraw = False
65.4716 	EXP 	red_fb_1: autoDraw = False
65.4716 	EXP 	green_3: autoDraw = False
65.4716 	EXP 	red_3: autoDraw = False
65.4716 	EXP 	blackWaitInterTrial_2: autoDraw = False
65.4716 	EXP 	whiteWaitInterTrial_2: autoDraw = False
65.4716 	EXP 	green_fb_1: autoDraw = False
65.4716 	EXP 	red_fb_1: autoDraw = False
65.4716 	EXP 	green_3: autoDraw = False
65.4716 	EXP 	red_3: autoDraw = False
65.4716 	EXP 	TrialPicture: size = array([0.75, 1.  ])
65.4716 	EXP 	TrialPicture: image = './stimuli/images/070.bmp'
65.4716 	EXP 	blackTrial: autoDraw = True
65.4716 	EXP 	whiteTrial: autoDraw = True
65.4716 	EXP 	TrialPicture: autoDraw = True
65.4716 	EXP 	green_1: autoDraw = True
65.4716 	EXP 	red_1: autoDraw = True
66.4725 	EXP 	blackTrial: autoDraw = False
66.4725 	EXP 	whiteTrial: autoDraw = False
66.4725 	EXP 	TrialPicture: autoDraw = False
66.4725 	EXP 	green_1: autoDraw = False
66.4725 	EXP 	red_1: autoDraw = False
66.4725 	EXP 	blackTrial: autoDraw = False
66.4725 	EXP 	whiteTrial: autoDraw = False
66.4725 	EXP 	TrialPicture: autoDraw = False
66.4725 	EXP 	green_1: autoDraw = False
66.4725 	EXP 	red_1: autoDraw = False
66.4725 	EXP 	whiteWaitInterTrial_2: size = array([0.75, 1.  ])
66.4725 	EXP 	blackWaitInterTrial_2: autoDraw = True
66.4725 	EXP 	whiteWaitInterTrial_2: autoDraw = True
66.4725 	EXP 	green_fb_1: autoDraw = True
66.4725 	EXP 	red_fb_1: autoDraw = True
66.4725 	EXP 	green_3: autoDraw = True
66.4725 	EXP 	red_3: autoDraw = True
68.1740 	EXP 	blackWaitInterTrial_2: autoDraw = False
68.1740 	EXP 	whiteWaitInterTrial_2: autoDraw = False
68.1740 	EXP 	green_fb_1: autoDraw = False
68.1740 	EXP 	red_fb_1: autoDraw = False
68.1740 	EXP 	green_3: autoDraw = False
68.1740 	EXP 	red_3: autoDraw = False
68.1740 	EXP 	blackWaitInterTrial_2: autoDraw = False
68.1740 	EXP 	whiteWaitInterTrial_2: autoDraw = False
68.1740 	EXP 	green_fb_1: autoDraw = False
68.1740 	EXP 	red_fb_1: autoDraw = False
68.1740 	EXP 	green_3: autoDraw = False
68.1740 	EXP 	red_3: autoDraw = False
68.1740 	EXP 	fixationImage: size = array([0.75, 1.  ])
68.1740 	EXP 	fixation: autoDraw = True
68.1740 	EXP 	fixationImage: autoDraw = True
70.1618 	EXP 	New trial (rep=1, index=0): None
70.1758 	EXP 	fixation: autoDraw = False
70.1758 	EXP 	fixationImage: autoDraw = False
70.1758 	EXP 	fixation: autoDraw = False
70.1758 	EXP 	fixationImage: autoDraw = False
70.1758 	EXP 	greenProc: size = array([1.6, 1.2])
70.1758 	EXP 	ProcTarget: size = array([0.75, 1.  ])
70.1758 	EXP 	ProcTarget: image = './stimuli/images/044.bmp'
70.1758 	EXP 	ProcPicture: size = array([0.75, 1.  ])
70.1758 	EXP 	ProcPicture: image = './stimuli/images/030.bmp'
70.1758 	EXP 	blackProc: autoDraw = True
70.1758 	EXP 	greenProc: autoDraw = True
70.1758 	EXP 	ProcTarget: autoDraw = True
70.1758 	EXP 	ProcPicture: autoDraw = True
73.6788 	EXP 	blackProc: autoDraw = False
73.6788 	EXP 	greenProc: autoDraw = False
73.6788 	EXP 	ProcTarget: autoDraw = False
73.6788 	EXP 	ProcPicture: autoDraw = False
73.6788 	EXP 	blackProc: autoDraw = False
73.6788 	EXP 	greenProc: autoDraw = False
73.6788 	EXP 	ProcTarget: autoDraw = False
73.6788 	EXP 	ProcPicture: autoDraw = False
73.6788 	EXP 	whiteWaitInterTrial: size = array([0.75, 1.  ])
73.6788 	EXP 	blackWaitInterTrial: autoDraw = True
73.6788 	EXP 	whiteWaitInterTrial: autoDraw = True
75.1661 	EXP 	Created sequence: sequential, trialTypes=1, nReps=20, seed=None
75.1664 	EXP 	New trial (rep=0, index=0): None
75.1968 	EXP 	blackWaitInterTrial: autoDraw = False
75.1968 	EXP 	whiteWaitInterTrial: autoDraw = False
75.1968 	EXP 	blackWaitInterTrial: autoDraw = False
75.1968 	EXP 	whiteWaitInterTrial: autoDraw = False
75.1968 	EXP 	TrialPicture: size = array([0.75, 1.  ])
75.1968 	EXP 	TrialPicture: image = './stimuli/images/030.bmp'
75.1968 	EXP 	blackTrial: autoDraw = True
75.1968 	EXP 	whiteTrial: autoDraw = True
75.1968 	EXP 	TrialPicture: autoDraw = True
75.1968 	EXP 	green_1: autoDraw = True
75.1968 	EXP 	red_1: autoDraw = True
76.1976 	EXP 	blackTrial: autoDraw = False
76.1976 	EXP 	whiteTrial: autoDraw = False
76.1976 	EXP 	TrialPicture: autoDraw = False
76.1976 	EXP 	green_1: autoDraw = False
76.1976 	EXP 	red_1: autoDraw = False
76.1976 	EXP 	blackTrial: autoDraw = False
76.1976 	EXP 	whiteTrial: autoDraw = False
76.1976 	EXP 	TrialPicture: autoDraw = False
76.1976 	EXP 	green_1: autoDraw = False
76.1976 	EXP 	red_1: autoDraw = False
76.1976 	EXP 	whiteWaitInterTrial_2: size = array([0.75, 1.  ])
76.1976 	EXP 	blackWaitInterTrial_2: autoDraw = True
76.1976 	EXP 	whiteWaitInterTrial_2: autoDraw = True
76.1976 	EXP 	green_fb_1: autoDraw = True
76.1976 	EXP 	red_fb_1: autoDraw = True
76.1976 	EXP 	green_3: autoDraw = True
76.1976 	EXP 	red_3: autoDraw = True
77.9857 	EXP 	New trial (rep=1, index=0): None
77.9992 	EXP 	blackWaitInterTrial_2: autoDraw = False
77.9992 	EXP 	whiteWaitInterTrial_2: autoDraw = False
77.9992 	EXP 	green_fb_1: autoDraw = False
77.9992 	EXP 	red_fb_1: autoDraw = False
77.9992 	EXP 	green_3: autoDraw = False
77.9992 	EXP 	red_3: autoDraw = False
77.9992 	EXP 	blackWaitInterTrial_2: autoDraw = False
77.9992 	EXP 	whiteWaitInterTrial_2: autoDraw = False
77.9992 	EXP 	green_fb_1: autoDraw = False
77.9992 	EXP 	red_fb_1: autoDraw = False
77.9992 	EXP 	green_3: autoDraw = False
77.9992 	EXP 	red_3: autoDraw = False
77.9992 	EXP 	TrialPicture: size = array([0.75, 1.  ])
77.9992 	EXP 	TrialPicture: image = './stimuli/images/231.bmp'
77.9992 	EXP 	blackTrial: autoDraw = True
77.9992 	EXP 	whiteTrial: autoDraw = True
77.9992 	EXP 	TrialPicture: autoDraw = True
77.9992 	EXP 	green_1: autoDraw = True
77.9992 	EXP 	red_1: autoDraw = True
79.0001 	EXP 	blackTrial: autoDraw = False
79.0001 	EXP 	whiteTrial: autoDraw = False
79.0001 	EXP 	TrialPicture: autoDraw = False
79.0001 	EXP 	green_1: autoDraw = False
79.0001 	EXP 	red_1: autoDraw = False
79.0001 	EXP 	blackTrial: autoDraw = False
79.0001 	EXP 	whiteTrial: autoDraw = False
79.0001 	EXP 	TrialPicture: autoDraw = False
79.0001 	EXP 	green_1: autoDraw = False
79.0001 	EXP 	red_1: autoDraw = False
79.0001 	EXP 	whiteWaitInterTrial_2: size = array([0.75, 1.  ])
79.0001 	EXP 	blackWaitInterTrial_2: autoDraw = True
79.0001 	EXP 	whiteWaitInterTrial_2: autoDraw = True
79.0001 	EXP 	green_fb_1: autoDraw = True
79.0001 	EXP 	red_fb_1: autoDraw = True
79.0001 	EXP 	green_3: autoDraw = True
79.0001 	EXP 	red_3: autoDraw = True
80.5882 	EXP 	New trial (rep=2, index=0): None
80.6015 	EXP 	blackWaitInterTrial_2: autoDraw = False
80.6015 	EXP 	whiteWaitInterTrial_2: autoDraw = False
80.6015 	EXP 	green_fb_1: autoDraw = False
80.6015 	EXP 	red_fb_1: autoDraw = False
80.6015 	EXP 	green_3: autoDraw = False
80.6015 	EXP 	red_3: autoDraw = False
80.6015 	EXP 	blackWaitInterTrial_2: autoDraw = False
80.6015 	EXP 	whiteWaitInterTrial_2: autoDraw = False
80.6015 	EXP 	green_fb_1: autoDraw = False
80.6015 	EXP 	red_fb_1: autoDraw = False
80.6015 	EXP 	green_3: autoDraw = False
80.6015 	EXP 	red_3: autoDraw = False
80.6015 	EXP 	TrialPicture: size = array([0.75, 1.  ])
80.6015 	EXP 	TrialPicture: image = './stimuli/images/044.bmp'
80.6015 	EXP 	blackTrial: autoDraw = True
80.6015 	EXP 	whiteTrial: autoDraw = True
80.6015 	EXP 	TrialPicture: autoDraw = True
80.6015 	EXP 	green_1: autoDraw = True
80.6015 	EXP 	red_1: autoDraw = True
81.6024 	EXP 	blackTrial: autoDraw = False
81.6024 	EXP 	whiteTrial: autoDraw = False
81.6024 	EXP 	TrialPicture: autoDraw = False
81.6024 	EXP 	green_1: autoDraw = False
81.6024 	EXP 	red_1: autoDraw = False
81.6024 	EXP 	blackTrial: autoDraw = False
81.6024 	EXP 	whiteTrial: autoDraw = False
81.6024 	EXP 	TrialPicture: autoDraw = False
81.6024 	EXP 	green_1: autoDraw = False
81.6024 	EXP 	red_1: autoDraw = False
81.6024 	EXP 	whiteWaitInterTrial_2: size = array([0.75, 1.  ])
81.6024 	EXP 	blackWaitInterTrial_2: autoDraw = True
81.6024 	EXP 	whiteWaitInterTrial_2: autoDraw = True
81.6024 	EXP 	green_fb_1: autoDraw = True
81.6024 	EXP 	red_fb_1: autoDraw = True
81.6024 	EXP 	green_3: autoDraw = True
81.6024 	EXP 	red_3: autoDraw = True
83.2907 	EXP 	New trial (rep=3, index=0): None
83.3039 	EXP 	blackWaitInterTrial_2: autoDraw = False
83.3039 	EXP 	whiteWaitInterTrial_2: autoDraw = False
83.3039 	EXP 	green_fb_1: autoDraw = False
83.3039 	EXP 	red_fb_1: autoDraw = False
83.3039 	EXP 	green_3: autoDraw = False
83.3039 	EXP 	red_3: autoDraw = False
83.3039 	EXP 	blackWaitInterTrial_2: autoDraw = False
83.3039 	EXP 	whiteWaitInterTrial_2: autoDraw = False
83.3039 	EXP 	green_fb_1: autoDraw = False
83.3039 	EXP 	red_fb_1: autoDraw = False
83.3039 	EXP 	green_3: autoDraw = False
83.3039 	EXP 	red_3: autoDraw = False
83.3039 	EXP 	TrialPicture: size = array([0.75, 1.  ])
83.3039 	EXP 	TrialPicture: image = './stimuli/images/231.bmp'
83.3039 	EXP 	blackTrial: autoDraw = True
83.3039 	EXP 	whiteTrial: autoDraw = True
83.3039 	EXP 	TrialPicture: autoDraw = True
83.3039 	EXP 	green_1: autoDraw = True
83.3039 	EXP 	red_1: autoDraw = True
84.3047 	EXP 	blackTrial: autoDraw = False
84.3047 	EXP 	whiteTrial: autoDraw = False
84.3047 	EXP 	TrialPicture: autoDraw = False
84.3047 	EXP 	green_1: autoDraw = False
84.3047 	EXP 	red_1: autoDraw = False
84.3047 	EXP 	blackTrial: autoDraw = False
84.3047 	EXP 	whiteTrial: autoDraw = False
84.3047 	EXP 	TrialPicture: autoDraw = False
84.3047 	EXP 	green_1: autoDraw = False
84.3047 	EXP 	red_1: autoDraw = False
84.3047 	EXP 	whiteWaitInterTrial_2: size = array([0.75, 1.  ])
84.3047 	EXP 	blackWaitInterTrial_2: autoDraw = True
84.3047 	EXP 	whiteWaitInterTrial_2: autoDraw = True
84.3047 	EXP 	green_fb_1: autoDraw = True
84.3047 	EXP 	red_fb_1: autoDraw = True
84.3047 	EXP 	green_3: autoDraw = True
84.3047 	EXP 	red_3: autoDraw = True
85.6407 	EXP 	Sound sound_2 started
85.7964 	EXP 	window1: mouseVisible = True
