3.7628 	EXP 	Created window1 = Window(allowGUI=False, allowStencil=False, args=UNKNOWN, autoLog=True, bitsMode=UNKNOWN, blendMode='avg', color=array([0., 0., 0.]), colorSpace='rgb', fullscr=<method-wrapper '__getattribute__' of attributeSetter object at 0x0000014B51CC27B8>, gamma=None, gammaErrorPolicy='raise', kwargs=UNKNOWN, lms=UNKNOWN, monitor=<psychopy.monitors.calibTools.Monitor object at 0x0000014B51CFF748>, multiSample=False, name='window1', numSamples=2, pos=[0.0, 0.0], screen=1, size=array([1920, 1200]), stereo=False, units='norm', useFBO=True, useRetina=False, viewOri=0.0, viewPos=None, viewScale=None, waitBlanking=True, winType='pyglet')
3.7628 	EXP 	window1: recordFrameIntervals = False
3.9291 	EXP 	window1: recordFrameIntervals = True
4.1127 	EXP 	window1: recordFrameIntervals = False
4.3204 	EXP 	Created polygon_1 = Rect(__class__=<class 'psychopy.visual.rect.Rect'>, autoDraw=False, autoLog=True, closeShape=True, color=method-wrapper(...), colorSpace=None, contrast=1.0, depth=0.0, fillColor='black', fillColorSpace='named', fillRGB=array([0., 0., 0.]), interpolate=True, lineColor='black', lineColorSpace='named', lineRGB=array([0., 0., 0.]), lineWidth=1, name='polygon_1', opacity=1.0, ori=array(0.), pos=array([0., 0.]), size=array([1., 1.]), units='norm', vertices=ndarray(...), win=Window(...))
4.4782 	EXP 	Created descriptionText_1 = TextStim(__class__=<class 'psychopy.visual.text.TextStim'>, alignHoriz='center', alignVert='center', antialias=True, autoLog=True, bold=False, color='white', colorSpace='named', contrast=1.0, depth=-1.0, flipHoriz=False, flipVert=False, font='Arial', fontFiles=[], height=0.09, italic=False, languageStyle='LTR', name='descriptionText_1', opacity=1.0, ori=0, pos=array([0., 0.]), rgb=array([255., 255., 255.]), text=str(...), units='norm', win=Window(...), wrapWidth=1)
4.4789 	EXP 	Created fixation10 = Rect(__class__=<class 'psychopy.visual.rect.Rect'>, autoDraw=False, autoLog=True, closeShape=True, color=method-wrapper(...), colorSpace=None, contrast=1.0, depth=0.0, fillColor='black', fillColorSpace='named', fillRGB=array([0., 0., 0.]), interpolate=True, lineColor='black', lineColorSpace='named', lineRGB=array([0., 0., 0.]), lineWidth=1, name='fixation10', opacity=1.0, ori=array(0.), pos=array([0., 0.]), size=array([1., 1.]), units='norm', vertices=ndarray(...), win=Window(...))
4.4861 	EXP 	Created fixationImage10 = ImageStim(__class__=<class 'psychopy.visual.image.ImageStim'>, autoLog=True, color=array([1., 1., 1.]), colorSpace='rgb', contrast=1.0, depth=-1.0, flipHoriz=False, flipVert=False, image='./stimuli/images/fix.bmp', interpolate=True, mask=None, maskParams=None, name='fixationImage10', opacity=1.0, ori=0.0, pos=array([0., 0.]), size=array([1., 1.]), texRes=128, units='norm', win=Window(...))
4.5033 	EXP 	Created text = TextStim(__class__=<class 'psychopy.visual.text.TextStim'>, alignHoriz='center', alignVert='center', antialias=True, autoLog=True, bold=False, color='white', colorSpace='named', contrast=1.0, depth=-2.0, flipHoriz=False, flipVert=False, font='Arial', fontFiles=[], height=0.3, italic=False, languageStyle='LTR', name='text', opacity=1.0, ori=0, pos=array([ 0. , -0.7]), rgb=array([255., 255., 255.]), text='3 . . .', units='norm', win=Window(...), wrapWidth=1)
4.5162 	EXP 	Created text_2 = TextStim(__class__=<class 'psychopy.visual.text.TextStim'>, alignHoriz='center', alignVert='center', antialias=True, autoLog=True, bold=False, color='white', colorSpace='named', contrast=1.0, depth=-3.0, flipHoriz=False, flipVert=False, font='Arial', fontFiles=[], height=0.3, italic=False, languageStyle='LTR', name='text_2', opacity=1.0, ori=0, pos=array([ 0. , -0.7]), rgb=array([255., 255., 255.]), text='2 . .', units='norm', win=Window(...), wrapWidth=1)
4.5207 	EXP 	Created text_3 = TextStim(__class__=<class 'psychopy.visual.text.TextStim'>, alignHoriz='center', alignVert='center', antialias=True, autoLog=True, bold=False, color='white', colorSpace='named', contrast=1.0, depth=-4.0, flipHoriz=False, flipVert=False, font='Arial', fontFiles=[], height=0.3, italic=False, languageStyle='LTR', name='text_3', opacity=1.0, ori=0, pos=array([ 0. , -0.7]), rgb=array([255., 255., 255.]), text='1 .', units='norm', win=Window(...), wrapWidth=1)
4.5213 	EXP 	Created blackProc = Rect(__class__=<class 'psychopy.visual.rect.Rect'>, autoDraw=False, autoLog=True, closeShape=True, color=method-wrapper(...), colorSpace=None, contrast=1.0, depth=-1.0, fillColor='black', fillColorSpace='named', fillRGB=array([0., 0., 0.]), interpolate=True, lineColor='black', lineColorSpace='named', lineRGB=array([0., 0., 0.]), lineWidth=1, name='blackProc', opacity=1.0, ori=array(0.), pos=array([0., 0.]), size=array([1., 1.]), units='norm', vertices=ndarray(...), win=Window(...))
4.5219 	EXP 	Created greenProc = Rect(__class__=<class 'psychopy.visual.rect.Rect'>, autoDraw=False, autoLog=True, closeShape=True, color=method-wrapper(...), colorSpace=None, contrast=1.0, depth=-2.0, fillColor='green', fillColorSpace='named', fillRGB=array([  0., 128.,   0.]), interpolate=True, lineColor='green', lineColorSpace='named', lineRGB=array([  0., 128.,   0.]), lineWidth=1, name='greenProc', opacity=1.0, ori=array(0.), pos=array([0., 0.]), size=array([1., 1.]), units='norm', vertices=ndarray(...), win=Window(...))
4.5236 	EXP 	Created ProcTarget = ImageStim(__class__=<class 'psychopy.visual.image.ImageStim'>, autoLog=True, color=array([1., 1., 1.]), colorSpace='rgb', contrast=1.0, depth=-3.0, flipHoriz=False, flipVert=False, image='sin', interpolate=True, mask=None, maskParams=None, name='ProcTarget', opacity=1.0, ori=0.0, pos=array([-0.4,  0. ]), size=array([1., 1.]), texRes=128, units='norm', win=Window(...))
4.5252 	EXP 	Created ProcPicture = ImageStim(__class__=<class 'psychopy.visual.image.ImageStim'>, autoLog=True, color=array([1., 1., 1.]), colorSpace='rgb', contrast=1.0, depth=-4.0, flipHoriz=False, flipVert=False, image='sin', interpolate=True, mask=None, maskParams=None, name='ProcPicture', opacity=1.0, ori=0.0, pos=array([0.4, 0. ]), size=array([1., 1.]), texRes=128, units='norm', win=Window(...))
4.5257 	EXP 	Created blackWaitInterTrial = Rect(__class__=<class 'psychopy.visual.rect.Rect'>, autoDraw=False, autoLog=True, closeShape=True, color=method-wrapper(...), colorSpace=None, contrast=1.0, depth=0.0, fillColor='black', fillColorSpace='named', fillRGB=array([0., 0., 0.]), interpolate=True, lineColor='black', lineColorSpace='named', lineRGB=array([0., 0., 0.]), lineWidth=1, name='blackWaitInterTrial', opacity=1.0, ori=array(0.), pos=array([0., 0.]), size=array([1., 1.]), units='norm', vertices=ndarray(...), win=Window(...))
4.5312 	EXP 	Created whiteWaitInterTrial = ImageStim(__class__=<class 'psychopy.visual.image.ImageStim'>, autoLog=True, color=array([1., 1., 1.]), colorSpace='rgb', contrast=1.0, depth=-1.0, flipHoriz=False, flipVert=False, image='./stimuli/images/blank.bmp', interpolate=True, mask=None, maskParams=None, name='whiteWaitInterTrial', opacity=1.0, ori=0.0, pos=array([0., 0.]), size=array([1., 1.]), texRes=128, units='norm', win=Window(...))
4.5320 	EXP 	Created blackTrial = Rect(__class__=<class 'psychopy.visual.rect.Rect'>, autoDraw=False, autoLog=True, closeShape=True, color=method-wrapper(...), colorSpace=None, contrast=1.0, depth=-1.0, fillColor='black', fillColorSpace='named', fillRGB=array([0., 0., 0.]), interpolate=True, lineColor='black', lineColorSpace='named', lineRGB=array([0., 0., 0.]), lineWidth=1, name='blackTrial', opacity=1.0, ori=array(0.), pos=array([0., 0.]), size=array([1., 1.]), units='norm', vertices=ndarray(...), win=Window(...))
4.5330 	EXP 	Created whiteTrial = Rect(__class__=<class 'psychopy.visual.rect.Rect'>, autoDraw=False, autoLog=True, closeShape=True, color=method-wrapper(...), colorSpace=None, contrast=1.0, depth=-2.0, fillColor='white', fillColorSpace='named', fillRGB=array([255., 255., 255.]), interpolate=True, lineColor='white', lineColorSpace='named', lineRGB=array([255., 255., 255.]), lineWidth=1, name='whiteTrial', opacity=1.0, ori=array(0.), pos=array([0., 0.]), size=array([1., 1.]), units='norm', vertices=ndarray(...), win=Window(...))
4.5350 	EXP 	Created TrialPicture = ImageStim(__class__=<class 'psychopy.visual.image.ImageStim'>, autoLog=True, color=array([1., 1., 1.]), colorSpace='rgb', contrast=1.0, depth=-3.0, flipHoriz=False, flipVert=False, image='sin', interpolate=True, mask=None, maskParams=None, name='TrialPicture', opacity=1.0, ori=0.0, pos=array([0., 0.]), size=array([1., 1.]), texRes=128, units='norm', win=Window(...))
4.5364 	EXP 	Created green_1 = ShapeStim(__class__=<class 'psychopy.visual.shape.ShapeStim'>, autoDraw=False, autoLog=True, closeShape=True, contrast=1.0, depth=-6.0, fillColor='green', fillColorSpace='named', interpolate=True, lineColor='green', lineColorSpace='named', lineWidth=1, name='green_1', opacity=1.0, ori=array(0.), pos=array([0., 0.]), size=array([0.05, 0.05]), units='norm', vertices=ndarray(...), win=Window(...), windingRule=None)
4.5372 	EXP 	Created red_1 = Rect(__class__=<class 'psychopy.visual.rect.Rect'>, autoDraw=False, autoLog=True, closeShape=True, color=method-wrapper(...), colorSpace=None, contrast=1.0, depth=-7.0, fillColor='red', fillColorSpace='named', fillRGB=array([255.,   0.,   0.]), interpolate=True, lineColor='red', lineColorSpace='named', lineRGB=array([255.,   0.,   0.]), lineWidth=1, name='red_1', opacity=1.0, ori=array(0.), pos=array([0., 0.]), size=array([1., 1.]), units='norm', vertices=ndarray(...), win=Window(...))
4.5381 	EXP 	Created blackWaitInterTrial_2 = Rect(__class__=<class 'psychopy.visual.rect.Rect'>, autoDraw=False, autoLog=True, closeShape=True, color=method-wrapper(...), colorSpace=None, contrast=1.0, depth=-1.0, fillColor='black', fillColorSpace='named', fillRGB=array([0., 0., 0.]), interpolate=True, lineColor='black', lineColorSpace='named', lineRGB=array([0., 0., 0.]), lineWidth=1, name='blackWaitInterTrial_2', opacity=1.0, ori=array(0.), pos=array([0., 0.]), size=array([1., 1.]), units='norm', vertices=ndarray(...), win=Window(...))
4.5445 	EXP 	Created whiteWaitInterTrial_2 = ImageStim(__class__=<class 'psychopy.visual.image.ImageStim'>, autoLog=True, color=array([1., 1., 1.]), colorSpace='rgb', contrast=1.0, depth=-2.0, flipHoriz=False, flipVert=False, image='./stimuli/images/blank.bmp', interpolate=True, mask=None, maskParams=None, name='whiteWaitInterTrial_2', opacity=1.0, ori=0.0, pos=array([0., 0.]), size=array([1., 1.]), texRes=128, units='norm', win=Window(...))
4.5451 	EXP 	Created green_fb_1 = ShapeStim(__class__=<class 'psychopy.visual.shape.ShapeStim'>, autoDraw=False, autoLog=True, closeShape=True, contrast=1.0, depth=-3.0, fillColor='green', fillColorSpace='named', interpolate=True, lineColor='green', lineColorSpace='named', lineWidth=1, name='green_fb_1', opacity=1.0, ori=array(0.), pos=array([0., 0.]), size=array([1., 1.]), units='norm', vertices=ndarray(...), win=Window(...), windingRule=None)
4.5457 	EXP 	Created red_fb_1 = Rect(__class__=<class 'psychopy.visual.rect.Rect'>, autoDraw=False, autoLog=True, closeShape=True, color=method-wrapper(...), colorSpace=None, contrast=1.0, depth=-4.0, fillColor='red', fillColorSpace='named', fillRGB=array([255.,   0.,   0.]), interpolate=True, lineColor='red', lineColorSpace='named', lineRGB=array([255.,   0.,   0.]), lineWidth=1, name='red_fb_1', opacity=1.0, ori=array(0.), pos=array([0., 0.]), size=array([1., 1.]), units='norm', vertices=ndarray(...), win=Window(...))
4.5462 	EXP 	Created fixation = Rect(__class__=<class 'psychopy.visual.rect.Rect'>, autoDraw=False, autoLog=True, closeShape=True, color=method-wrapper(...), colorSpace=None, contrast=1.0, depth=0.0, fillColor='black', fillColorSpace='named', fillRGB=array([0., 0., 0.]), interpolate=True, lineColor='black', lineColorSpace='named', lineRGB=array([0., 0., 0.]), lineWidth=1, name='fixation', opacity=1.0, ori=array(0.), pos=array([0., 0.]), size=array([1., 1.]), units='norm', vertices=ndarray(...), win=Window(...))
4.5514 	EXP 	Created fixationImage = ImageStim(__class__=<class 'psychopy.visual.image.ImageStim'>, autoLog=True, color=array([1., 1., 1.]), colorSpace='rgb', contrast=1.0, depth=-1.0, flipHoriz=False, flipVert=False, image='./stimuli/images/fix.bmp', interpolate=True, mask=None, maskParams=None, name='fixationImage', opacity=1.0, ori=0.0, pos=array([0., 0.]), size=array([1., 1.]), texRes=128, units='norm', win=Window(...))
4.5519 	EXP 	Created polygon_end = Rect(__class__=<class 'psychopy.visual.rect.Rect'>, autoDraw=False, autoLog=True, closeShape=True, color=method-wrapper(...), colorSpace=None, contrast=1.0, depth=0.0, fillColor='black', fillColorSpace='named', fillRGB=array([0., 0., 0.]), interpolate=True, lineColor='black', lineColorSpace='named', lineRGB=array([0., 0., 0.]), lineWidth=1, name='polygon_end', opacity=1.0, ori=array(0.), pos=array([0., 0.]), size=array([1., 1.]), units='norm', vertices=ndarray(...), win=Window(...))
4.5742 	EXP 	Created end_text = TextStim(__class__=<class 'psychopy.visual.text.TextStim'>, alignHoriz='center', alignVert='center', antialias=True, autoLog=True, bold=False, color='white', colorSpace='named', contrast=1.0, depth=-1.0, flipHoriz=False, flipVert=False, font='Arial', fontFiles=[], height=0.1, italic=False, languageStyle='LTR', name='end_text', opacity=1.0, ori=0, pos=array([0., 0.]), rgb=array([255., 255., 255.]), text='That completes Round 1 of the task', units='norm', win=Window(...), wrapWidth=1)
4.5749 	EXP 	Created polygon_15 = Rect(__class__=<class 'psychopy.visual.rect.Rect'>, autoDraw=False, autoLog=True, closeShape=True, color=method-wrapper(...), colorSpace=None, contrast=1.0, depth=0.0, fillColor='black', fillColorSpace='named', fillRGB=array([0., 0., 0.]), interpolate=True, lineColor='black', lineColorSpace='named', lineRGB=array([0., 0., 0.]), lineWidth=1, name='polygon_15', opacity=1.0, ori=array(0.), pos=array([0., 0.]), size=array([1., 1.]), units='norm', vertices=ndarray(...), win=Window(...))
4.6155 	EXP 	Created descriptionText_15 = TextStim(__class__=<class 'psychopy.visual.text.TextStim'>, alignHoriz='center', alignVert='center', antialias=True, autoLog=True, bold=False, color='white', colorSpace='named', contrast=1.0, depth=-1.0, flipHoriz=False, flipVert=False, font='Arial', fontFiles=[], height=0.09, italic=False, languageStyle='LTR', name='descriptionText_15', opacity=1.0, ori=0, pos=array([0., 0.]), rgb=array([255., 255., 255.]), text=str(...), units='norm', win=Window(...), wrapWidth=1)
4.6161 	EXP 	Created fixation10 = Rect(__class__=<class 'psychopy.visual.rect.Rect'>, autoDraw=False, autoLog=True, closeShape=True, color=method-wrapper(...), colorSpace=None, contrast=1.0, depth=0.0, fillColor='black', fillColorSpace='named', fillRGB=array([0., 0., 0.]), interpolate=True, lineColor='black', lineColorSpace='named', lineRGB=array([0., 0., 0.]), lineWidth=1, name='fixation10', opacity=1.0, ori=array(0.), pos=array([0., 0.]), size=array([1., 1.]), units='norm', vertices=ndarray(...), win=Window(...))
4.6314 	EXP 	Created fixationImage10 = ImageStim(__class__=<class 'psychopy.visual.image.ImageStim'>, autoLog=True, color=array([1., 1., 1.]), colorSpace='rgb', contrast=1.0, depth=-1.0, flipHoriz=False, flipVert=False, image='./stimuli/images/fix.bmp', interpolate=True, mask=None, maskParams=None, name='fixationImage10', opacity=1.0, ori=0.0, pos=array([0., 0.]), size=array([1., 1.]), texRes=128, units='norm', win=Window(...))
4.6340 	EXP 	Created text = TextStim(__class__=<class 'psychopy.visual.text.TextStim'>, alignHoriz='center', alignVert='center', antialias=True, autoLog=True, bold=False, color='white', colorSpace='named', contrast=1.0, depth=-2.0, flipHoriz=False, flipVert=False, font='Arial', fontFiles=[], height=0.3, italic=False, languageStyle='LTR', name='text', opacity=1.0, ori=0, pos=array([ 0. , -0.7]), rgb=array([255., 255., 255.]), text='3 . . .', units='norm', win=Window(...), wrapWidth=1)
4.6364 	EXP 	Created text_2 = TextStim(__class__=<class 'psychopy.visual.text.TextStim'>, alignHoriz='center', alignVert='center', antialias=True, autoLog=True, bold=False, color='white', colorSpace='named', contrast=1.0, depth=-3.0, flipHoriz=False, flipVert=False, font='Arial', fontFiles=[], height=0.3, italic=False, languageStyle='LTR', name='text_2', opacity=1.0, ori=0, pos=array([ 0. , -0.7]), rgb=array([255., 255., 255.]), text='2 . .', units='norm', win=Window(...), wrapWidth=1)
4.6386 	EXP 	Created text_3 = TextStim(__class__=<class 'psychopy.visual.text.TextStim'>, alignHoriz='center', alignVert='center', antialias=True, autoLog=True, bold=False, color='white', colorSpace='named', contrast=1.0, depth=-4.0, flipHoriz=False, flipVert=False, font='Arial', fontFiles=[], height=0.3, italic=False, languageStyle='LTR', name='text_3', opacity=1.0, ori=0, pos=array([ 0. , -0.7]), rgb=array([255., 255., 255.]), text='1 .', units='norm', win=Window(...), wrapWidth=1)
4.6392 	EXP 	Created blackProc_2 = Rect(__class__=<class 'psychopy.visual.rect.Rect'>, autoDraw=False, autoLog=True, closeShape=True, color=method-wrapper(...), colorSpace=None, contrast=1.0, depth=-1.0, fillColor='black', fillColorSpace='named', fillRGB=array([0., 0., 0.]), interpolate=True, lineColor='black', lineColorSpace='named', lineRGB=array([0., 0., 0.]), lineWidth=1, name='blackProc_2', opacity=1.0, ori=array(0.), pos=array([0., 0.]), size=array([1., 1.]), units='norm', vertices=ndarray(...), win=Window(...))
4.6397 	EXP 	Created greenProc_2 = Rect(__class__=<class 'psychopy.visual.rect.Rect'>, autoDraw=False, autoLog=True, closeShape=True, color=method-wrapper(...), colorSpace=None, contrast=1.0, depth=-2.0, fillColor='green', fillColorSpace='named', fillRGB=array([  0., 128.,   0.]), interpolate=True, lineColor='green', lineColorSpace='named', lineRGB=array([  0., 128.,   0.]), lineWidth=1, name='greenProc_2', opacity=1.0, ori=array(0.), pos=array([0., 0.]), size=array([1., 1.]), units='norm', vertices=ndarray(...), win=Window(...))
4.6414 	EXP 	Created ProcTarget_2 = ImageStim(__class__=<class 'psychopy.visual.image.ImageStim'>, autoLog=True, color=array([1., 1., 1.]), colorSpace='rgb', contrast=1.0, depth=-3.0, flipHoriz=False, flipVert=False, image='sin', interpolate=True, mask=None, maskParams=None, name='ProcTarget_2', opacity=1.0, ori=0.0, pos=array([-0.4,  0. ]), size=array([1., 1.]), texRes=128, units='norm', win=Window(...))
4.6430 	EXP 	Created ProcPicture_2 = ImageStim(__class__=<class 'psychopy.visual.image.ImageStim'>, autoLog=True, color=array([1., 1., 1.]), colorSpace='rgb', contrast=1.0, depth=-4.0, flipHoriz=False, flipVert=False, image='sin', interpolate=True, mask=None, maskParams=None, name='ProcPicture_2', opacity=1.0, ori=0.0, pos=array([0.4, 0. ]), size=array([1., 1.]), texRes=128, units='norm', win=Window(...))
4.6435 	EXP 	Created blackWaitInterTrial_3 = Rect(__class__=<class 'psychopy.visual.rect.Rect'>, autoDraw=False, autoLog=True, closeShape=True, color=method-wrapper(...), colorSpace=None, contrast=1.0, depth=0.0, fillColor='black', fillColorSpace='named', fillRGB=array([0., 0., 0.]), interpolate=True, lineColor='black', lineColorSpace='named', lineRGB=array([0., 0., 0.]), lineWidth=1, name='blackWaitInterTrial_3', opacity=1.0, ori=array(0.), pos=array([0., 0.]), size=array([1., 1.]), units='norm', vertices=ndarray(...), win=Window(...))
4.6487 	EXP 	Created whiteWaitInterTrial_3 = ImageStim(__class__=<class 'psychopy.visual.image.ImageStim'>, autoLog=True, color=array([1., 1., 1.]), colorSpace='rgb', contrast=1.0, depth=-1.0, flipHoriz=False, flipVert=False, image='./stimuli/images/blank.bmp', interpolate=True, mask=None, maskParams=None, name='whiteWaitInterTrial_3', opacity=1.0, ori=0.0, pos=array([0., 0.]), size=array([1., 1.]), texRes=128, units='norm', win=Window(...))
4.6492 	EXP 	Created blackTrial_2 = Rect(__class__=<class 'psychopy.visual.rect.Rect'>, autoDraw=False, autoLog=True, closeShape=True, color=method-wrapper(...), colorSpace=None, contrast=1.0, depth=-1.0, fillColor='black', fillColorSpace='named', fillRGB=array([0., 0., 0.]), interpolate=True, lineColor='black', lineColorSpace='named', lineRGB=array([0., 0., 0.]), lineWidth=1, name='blackTrial_2', opacity=1.0, ori=array(0.), pos=array([0., 0.]), size=array([1., 1.]), units='norm', vertices=ndarray(...), win=Window(...))
4.6498 	EXP 	Created whiteTrial_2 = Rect(__class__=<class 'psychopy.visual.rect.Rect'>, autoDraw=False, autoLog=True, closeShape=True, color=method-wrapper(...), colorSpace=None, contrast=1.0, depth=-2.0, fillColor='white', fillColorSpace='named', fillRGB=array([255., 255., 255.]), interpolate=True, lineColor='white', lineColorSpace='named', lineRGB=array([255., 255., 255.]), lineWidth=1, name='whiteTrial_2', opacity=1.0, ori=array(0.), pos=array([0., 0.]), size=array([1., 1.]), units='norm', vertices=ndarray(...), win=Window(...))
4.6513 	EXP 	Created TrialPicture_2 = ImageStim(__class__=<class 'psychopy.visual.image.ImageStim'>, autoLog=True, color=array([1., 1., 1.]), colorSpace='rgb', contrast=1.0, depth=-3.0, flipHoriz=False, flipVert=False, image='sin', interpolate=True, mask=None, maskParams=None, name='TrialPicture_2', opacity=1.0, ori=0.0, pos=array([0., 0.]), size=array([1., 1.]), texRes=128, units='norm', win=Window(...))
4.6523 	EXP 	Created green_2 = ShapeStim(__class__=<class 'psychopy.visual.shape.ShapeStim'>, autoDraw=False, autoLog=True, closeShape=True, contrast=1.0, depth=-6.0, fillColor='green', fillColorSpace='named', interpolate=True, lineColor='green', lineColorSpace='named', lineWidth=1, name='green_2', opacity=1.0, ori=array(0.), pos=array([0., 0.]), size=array([0.05, 0.05]), units='norm', vertices=ndarray(...), win=Window(...), windingRule=None)
4.6529 	EXP 	Created red_2 = Rect(__class__=<class 'psychopy.visual.rect.Rect'>, autoDraw=False, autoLog=True, closeShape=True, color=method-wrapper(...), colorSpace=None, contrast=1.0, depth=-7.0, fillColor='red', fillColorSpace='named', fillRGB=array([255.,   0.,   0.]), interpolate=True, lineColor='red', lineColorSpace='named', lineRGB=array([255.,   0.,   0.]), lineWidth=1, name='red_2', opacity=1.0, ori=array(0.), pos=array([0., 0.]), size=array([1., 1.]), units='norm', vertices=ndarray(...), win=Window(...))
4.6534 	EXP 	Created blackWaitInterTrial_4 = Rect(__class__=<class 'psychopy.visual.rect.Rect'>, autoDraw=False, autoLog=True, closeShape=True, color=method-wrapper(...), colorSpace=None, contrast=1.0, depth=-1.0, fillColor='black', fillColorSpace='named', fillRGB=array([0., 0., 0.]), interpolate=True, lineColor='black', lineColorSpace='named', lineRGB=array([0., 0., 0.]), lineWidth=1, name='blackWaitInterTrial_4', opacity=1.0, ori=array(0.), pos=array([0., 0.]), size=array([1., 1.]), units='norm', vertices=ndarray(...), win=Window(...))
4.6594 	EXP 	Created whiteWaitInterTrial_4 = ImageStim(__class__=<class 'psychopy.visual.image.ImageStim'>, autoLog=True, color=array([1., 1., 1.]), colorSpace='rgb', contrast=1.0, depth=-2.0, flipHoriz=False, flipVert=False, image='./stimuli/images/blank.bmp', interpolate=True, mask=None, maskParams=None, name='whiteWaitInterTrial_4', opacity=1.0, ori=0.0, pos=array([0., 0.]), size=array([1., 1.]), texRes=128, units='norm', win=Window(...))
4.6600 	EXP 	Created green_fb_2 = ShapeStim(__class__=<class 'psychopy.visual.shape.ShapeStim'>, autoDraw=False, autoLog=True, closeShape=True, contrast=1.0, depth=-3.0, fillColor='green', fillColorSpace='named', interpolate=True, lineColor='green', lineColorSpace='named', lineWidth=1, name='green_fb_2', opacity=1.0, ori=array(0.), pos=array([0., 0.]), size=array([1., 1.]), units='norm', vertices=ndarray(...), win=Window(...), windingRule=None)
4.6605 	EXP 	Created red_fb_2 = Rect(__class__=<class 'psychopy.visual.rect.Rect'>, autoDraw=False, autoLog=True, closeShape=True, color=method-wrapper(...), colorSpace=None, contrast=1.0, depth=-4.0, fillColor='red', fillColorSpace='named', fillRGB=array([255.,   0.,   0.]), interpolate=True, lineColor='red', lineColorSpace='named', lineRGB=array([255.,   0.,   0.]), lineWidth=1, name='red_fb_2', opacity=1.0, ori=array(0.), pos=array([0., 0.]), size=array([1., 1.]), units='norm', vertices=ndarray(...), win=Window(...))
4.6611 	EXP 	Created fixation_2 = Rect(__class__=<class 'psychopy.visual.rect.Rect'>, autoDraw=False, autoLog=True, closeShape=True, color=method-wrapper(...), colorSpace=None, contrast=1.0, depth=0.0, fillColor='black', fillColorSpace='named', fillRGB=array([0., 0., 0.]), interpolate=True, lineColor='black', lineColorSpace='named', lineRGB=array([0., 0., 0.]), lineWidth=1, name='fixation_2', opacity=1.0, ori=array(0.), pos=array([0., 0.]), size=array([1., 1.]), units='norm', vertices=ndarray(...), win=Window(...))
4.6663 	EXP 	Created fixationImage_2 = ImageStim(__class__=<class 'psychopy.visual.image.ImageStim'>, autoLog=True, color=array([1., 1., 1.]), colorSpace='rgb', contrast=1.0, depth=-1.0, flipHoriz=False, flipVert=False, image='./stimuli/images/fix.bmp', interpolate=True, mask=None, maskParams=None, name='fixationImage_2', opacity=1.0, ori=0.0, pos=array([0., 0.]), size=array([1., 1.]), texRes=128, units='norm', win=Window(...))
4.6669 	EXP 	Created polygon_end_2 = Rect(__class__=<class 'psychopy.visual.rect.Rect'>, autoDraw=False, autoLog=True, closeShape=True, color=method-wrapper(...), colorSpace=None, contrast=1.0, depth=0.0, fillColor='black', fillColorSpace='named', fillRGB=array([0., 0., 0.]), interpolate=True, lineColor='black', lineColorSpace='named', lineRGB=array([0., 0., 0.]), lineWidth=1, name='polygon_end_2', opacity=1.0, ori=array(0.), pos=array([0., 0.]), size=array([1., 1.]), units='norm', vertices=ndarray(...), win=Window(...))
4.6764 	EXP 	Created end_text_2 = TextStim(__class__=<class 'psychopy.visual.text.TextStim'>, alignHoriz='center', alignVert='center', antialias=True, autoLog=True, bold=False, color='white', colorSpace='named', contrast=1.0, depth=-1.0, flipHoriz=False, flipVert=False, font='Arial', fontFiles=[], height=0.1, italic=False, languageStyle='LTR', name='end_text_2', opacity=1.0, ori=0, pos=array([0., 0.]), rgb=array([255., 255., 255.]), text='Thank you for your participation!', units='norm', win=Window(...), wrapWidth=1)
5.1586 	WARNING 	Hamming was requested using the 'pygame' sound library but hamming is not supported there.
5.1594 	EXP 	Set sound_1 sound=./lib/sound/bird.wav
5.1595 	WARNING 	Hamming was requested using the 'pygame' sound library but hamming is not supported there.
5.1599 	EXP 	Set sound_2 sound=./lib/sound/bang.wav
5.1975 	EXP 	polygon_1: autoDraw = True
5.1975 	EXP 	descriptionText_1: autoDraw = True
6.0553 	DATA 	Keypress: space
6.0642 	EXP 	polygon_1: autoDraw = False
6.0642 	EXP 	descriptionText_1: autoDraw = False
6.0642 	EXP 	fixationImage10: size = array([0.75, 1.  ])
6.0642 	EXP 	fixation10: autoDraw = True
6.0642 	EXP 	fixationImage10: autoDraw = True
6.0642 	EXP 	text: autoDraw = True
7.0484 	EXP 	text_2: autoDraw = True
7.0651 	EXP 	text: autoDraw = False
8.0496 	EXP 	text_2: autoDraw = False
8.0496 	EXP 	text_3: autoDraw = True
9.1088 	EXP 	text_3: autoDraw = False
9.1098 	EXP 	Created sequence: sequential, trialTypes=1, nReps=1, seed=None
9.1104 	EXP 	New trial (rep=0, index=0): None
9.1303 	EXP 	fixation10: autoDraw = False
9.1303 	EXP 	fixationImage10: autoDraw = False
9.1303 	EXP 	text: autoDraw = False
9.1303 	EXP 	text_2: autoDraw = False
9.1303 	EXP 	text_3: autoDraw = False
9.1303 	EXP 	greenProc: size = array([1.6, 1.2])
9.1303 	EXP 	ProcTarget: size = array([0.75, 1.  ])
9.1303 	EXP 	ProcTarget: image = './stimuli/images/205.bmp'
9.1303 	EXP 	ProcPicture: size = array([0.75, 1.  ])
9.1303 	EXP 	ProcPicture: image = './stimuli/images/142.bmp'
9.1303 	EXP 	blackProc: autoDraw = True
9.1303 	EXP 	greenProc: autoDraw = True
9.1303 	EXP 	ProcTarget: autoDraw = True
9.1303 	EXP 	ProcPicture: autoDraw = True
12.6390 	EXP 	blackProc: autoDraw = False
12.6390 	EXP 	greenProc: autoDraw = False
12.6390 	EXP 	ProcTarget: autoDraw = False
12.6390 	EXP 	ProcPicture: autoDraw = False
12.6390 	EXP 	blackProc: autoDraw = False
12.6390 	EXP 	greenProc: autoDraw = False
12.6390 	EXP 	ProcTarget: autoDraw = False
12.6390 	EXP 	ProcPicture: autoDraw = False
12.6390 	EXP 	whiteWaitInterTrial: size = array([0.75, 1.  ])
12.6390 	EXP 	blackWaitInterTrial: autoDraw = True
12.6390 	EXP 	whiteWaitInterTrial: autoDraw = True
14.1271 	EXP 	Created sequence: sequential, trialTypes=1, nReps=20, seed=None
14.1274 	EXP 	New trial (rep=0, index=0): None
14.1460 	EXP 	blackWaitInterTrial: autoDraw = False
14.1460 	EXP 	whiteWaitInterTrial: autoDraw = False
14.1460 	EXP 	blackWaitInterTrial: autoDraw = False
14.1460 	EXP 	whiteWaitInterTrial: autoDraw = False
14.1460 	EXP 	TrialPicture: size = array([0.75, 1.  ])
14.1460 	EXP 	TrialPicture: image = './stimuli/images/142.bmp'
14.1460 	EXP 	blackTrial: autoDraw = True
14.1460 	EXP 	whiteTrial: autoDraw = True
14.1460 	EXP 	TrialPicture: autoDraw = True
14.1460 	EXP 	green_1: autoDraw = True
14.1460 	EXP 	red_1: autoDraw = True
15.1580 	EXP 	blackTrial: autoDraw = False
15.1580 	EXP 	whiteTrial: autoDraw = False
15.1580 	EXP 	TrialPicture: autoDraw = False
15.1580 	EXP 	green_1: autoDraw = False
15.1580 	EXP 	red_1: autoDraw = False
15.1580 	EXP 	blackTrial: autoDraw = False
15.1580 	EXP 	whiteTrial: autoDraw = False
15.1580 	EXP 	TrialPicture: autoDraw = False
15.1580 	EXP 	green_1: autoDraw = False
15.1580 	EXP 	red_1: autoDraw = False
15.1580 	EXP 	whiteWaitInterTrial_2: size = array([0.75, 1.  ])
15.1580 	EXP 	blackWaitInterTrial_2: autoDraw = True
15.1580 	EXP 	whiteWaitInterTrial_2: autoDraw = True
15.1580 	EXP 	green_fb_1: autoDraw = True
15.1580 	EXP 	red_fb_1: autoDraw = True
16.9461 	EXP 	New trial (rep=1, index=0): None
16.9603 	EXP 	blackWaitInterTrial_2: autoDraw = False
16.9603 	EXP 	whiteWaitInterTrial_2: autoDraw = False
16.9603 	EXP 	green_fb_1: autoDraw = False
16.9603 	EXP 	red_fb_1: autoDraw = False
16.9603 	EXP 	blackWaitInterTrial_2: autoDraw = False
16.9603 	EXP 	whiteWaitInterTrial_2: autoDraw = False
16.9603 	EXP 	green_fb_1: autoDraw = False
16.9603 	EXP 	red_fb_1: autoDraw = False
16.9603 	EXP 	TrialPicture: size = array([0.75, 1.  ])
16.9603 	EXP 	TrialPicture: image = './stimuli/images/186.bmp'
16.9603 	EXP 	blackTrial: autoDraw = True
16.9603 	EXP 	whiteTrial: autoDraw = True
16.9603 	EXP 	TrialPicture: autoDraw = True
16.9603 	EXP 	green_1: autoDraw = True
16.9603 	EXP 	red_1: autoDraw = True
17.9772 	EXP 	blackTrial: autoDraw = False
17.9772 	EXP 	whiteTrial: autoDraw = False
17.9772 	EXP 	TrialPicture: autoDraw = False
17.9772 	EXP 	green_1: autoDraw = False
17.9772 	EXP 	red_1: autoDraw = False
17.9772 	EXP 	blackTrial: autoDraw = False
17.9772 	EXP 	whiteTrial: autoDraw = False
17.9772 	EXP 	TrialPicture: autoDraw = False
17.9772 	EXP 	green_1: autoDraw = False
17.9772 	EXP 	red_1: autoDraw = False
17.9772 	EXP 	whiteWaitInterTrial_2: size = array([0.75, 1.  ])
17.9772 	EXP 	blackWaitInterTrial_2: autoDraw = True
17.9772 	EXP 	whiteWaitInterTrial_2: autoDraw = True
17.9772 	EXP 	green_fb_1: autoDraw = True
17.9772 	EXP 	red_fb_1: autoDraw = True
19.7677 	EXP 	New trial (rep=2, index=0): None
19.7819 	EXP 	blackWaitInterTrial_2: autoDraw = False
19.7819 	EXP 	whiteWaitInterTrial_2: autoDraw = False
19.7819 	EXP 	green_fb_1: autoDraw = False
19.7819 	EXP 	red_fb_1: autoDraw = False
19.7819 	EXP 	blackWaitInterTrial_2: autoDraw = False
19.7819 	EXP 	whiteWaitInterTrial_2: autoDraw = False
19.7819 	EXP 	green_fb_1: autoDraw = False
19.7819 	EXP 	red_fb_1: autoDraw = False
19.7819 	EXP 	TrialPicture: size = array([0.75, 1.  ])
19.7819 	EXP 	TrialPicture: image = './stimuli/images/205.bmp'
19.7819 	EXP 	blackTrial: autoDraw = True
19.7819 	EXP 	whiteTrial: autoDraw = True
19.7819 	EXP 	TrialPicture: autoDraw = True
19.7819 	EXP 	green_1: autoDraw = True
19.7819 	EXP 	red_1: autoDraw = True
20.7983 	EXP 	blackTrial: autoDraw = False
20.7983 	EXP 	whiteTrial: autoDraw = False
20.7983 	EXP 	TrialPicture: autoDraw = False
20.7983 	EXP 	green_1: autoDraw = False
20.7983 	EXP 	red_1: autoDraw = False
20.7983 	EXP 	blackTrial: autoDraw = False
20.7983 	EXP 	whiteTrial: autoDraw = False
20.7983 	EXP 	TrialPicture: autoDraw = False
20.7983 	EXP 	green_1: autoDraw = False
20.7983 	EXP 	red_1: autoDraw = False
20.7983 	EXP 	whiteWaitInterTrial_2: size = array([0.75, 1.  ])
20.7983 	EXP 	blackWaitInterTrial_2: autoDraw = True
20.7983 	EXP 	whiteWaitInterTrial_2: autoDraw = True
20.7983 	EXP 	green_fb_1: autoDraw = True
20.7983 	EXP 	red_fb_1: autoDraw = True
22.4841 	EXP 	New trial (rep=3, index=0): None
22.4999 	EXP 	blackWaitInterTrial_2: autoDraw = False
22.4999 	EXP 	whiteWaitInterTrial_2: autoDraw = False
22.4999 	EXP 	green_fb_1: autoDraw = False
22.4999 	EXP 	red_fb_1: autoDraw = False
22.4999 	EXP 	blackWaitInterTrial_2: autoDraw = False
22.4999 	EXP 	whiteWaitInterTrial_2: autoDraw = False
22.4999 	EXP 	green_fb_1: autoDraw = False
22.4999 	EXP 	red_fb_1: autoDraw = False
22.4999 	EXP 	TrialPicture: size = array([0.75, 1.  ])
22.4999 	EXP 	TrialPicture: image = './stimuli/images/149.bmp'
22.4999 	EXP 	blackTrial: autoDraw = True
22.4999 	EXP 	whiteTrial: autoDraw = True
22.4999 	EXP 	TrialPicture: autoDraw = True
22.4999 	EXP 	green_1: autoDraw = True
22.4999 	EXP 	red_1: autoDraw = True
23.5157 	EXP 	blackTrial: autoDraw = False
23.5157 	EXP 	whiteTrial: autoDraw = False
23.5157 	EXP 	TrialPicture: autoDraw = False
23.5157 	EXP 	green_1: autoDraw = False
23.5157 	EXP 	red_1: autoDraw = False
23.5157 	EXP 	blackTrial: autoDraw = False
23.5157 	EXP 	whiteTrial: autoDraw = False
23.5157 	EXP 	TrialPicture: autoDraw = False
23.5157 	EXP 	green_1: autoDraw = False
23.5157 	EXP 	red_1: autoDraw = False
23.5157 	EXP 	whiteWaitInterTrial_2: size = array([0.75, 1.  ])
23.5157 	EXP 	blackWaitInterTrial_2: autoDraw = True
23.5157 	EXP 	whiteWaitInterTrial_2: autoDraw = True
23.5157 	EXP 	green_fb_1: autoDraw = True
23.5157 	EXP 	red_fb_1: autoDraw = True
25.1044 	EXP 	New trial (rep=4, index=0): None
25.1198 	EXP 	blackWaitInterTrial_2: autoDraw = False
25.1198 	EXP 	whiteWaitInterTrial_2: autoDraw = False
25.1198 	EXP 	green_fb_1: autoDraw = False
25.1198 	EXP 	red_fb_1: autoDraw = False
25.1198 	EXP 	blackWaitInterTrial_2: autoDraw = False
25.1198 	EXP 	whiteWaitInterTrial_2: autoDraw = False
25.1198 	EXP 	green_fb_1: autoDraw = False
25.1198 	EXP 	red_fb_1: autoDraw = False
25.1198 	EXP 	TrialPicture: size = array([0.75, 1.  ])
25.1198 	EXP 	TrialPicture: image = './stimuli/images/142.bmp'
25.1198 	EXP 	blackTrial: autoDraw = True
25.1198 	EXP 	whiteTrial: autoDraw = True
25.1198 	EXP 	TrialPicture: autoDraw = True
25.1198 	EXP 	green_1: autoDraw = True
25.1198 	EXP 	red_1: autoDraw = True
26.1364 	EXP 	blackTrial: autoDraw = False
26.1364 	EXP 	whiteTrial: autoDraw = False
26.1364 	EXP 	TrialPicture: autoDraw = False
26.1364 	EXP 	green_1: autoDraw = False
26.1364 	EXP 	red_1: autoDraw = False
26.1364 	EXP 	blackTrial: autoDraw = False
26.1364 	EXP 	whiteTrial: autoDraw = False
26.1364 	EXP 	TrialPicture: autoDraw = False
26.1364 	EXP 	green_1: autoDraw = False
26.1364 	EXP 	red_1: autoDraw = False
26.1364 	EXP 	whiteWaitInterTrial_2: size = array([0.75, 1.  ])
26.1364 	EXP 	blackWaitInterTrial_2: autoDraw = True
26.1364 	EXP 	whiteWaitInterTrial_2: autoDraw = True
26.1364 	EXP 	green_fb_1: autoDraw = True
26.1364 	EXP 	red_fb_1: autoDraw = True
27.7236 	EXP 	New trial (rep=5, index=0): None
27.7384 	EXP 	blackWaitInterTrial_2: autoDraw = False
27.7384 	EXP 	whiteWaitInterTrial_2: autoDraw = False
27.7384 	EXP 	green_fb_1: autoDraw = False
27.7384 	EXP 	red_fb_1: autoDraw = False
27.7384 	EXP 	blackWaitInterTrial_2: autoDraw = False
27.7384 	EXP 	whiteWaitInterTrial_2: autoDraw = False
27.7384 	EXP 	green_fb_1: autoDraw = False
27.7384 	EXP 	red_fb_1: autoDraw = False
27.7384 	EXP 	TrialPicture: size = array([0.75, 1.  ])
27.7384 	EXP 	TrialPicture: image = './stimuli/images/205.bmp'
27.7384 	EXP 	blackTrial: autoDraw = True
27.7384 	EXP 	whiteTrial: autoDraw = True
27.7384 	EXP 	TrialPicture: autoDraw = True
27.7384 	EXP 	green_1: autoDraw = True
27.7384 	EXP 	red_1: autoDraw = True
28.7538 	EXP 	blackTrial: autoDraw = False
28.7538 	EXP 	whiteTrial: autoDraw = False
28.7538 	EXP 	TrialPicture: autoDraw = False
28.7538 	EXP 	green_1: autoDraw = False
28.7538 	EXP 	red_1: autoDraw = False
28.7538 	EXP 	blackTrial: autoDraw = False
28.7538 	EXP 	whiteTrial: autoDraw = False
28.7538 	EXP 	TrialPicture: autoDraw = False
28.7538 	EXP 	green_1: autoDraw = False
28.7538 	EXP 	red_1: autoDraw = False
28.7538 	EXP 	whiteWaitInterTrial_2: size = array([0.75, 1.  ])
28.7538 	EXP 	blackWaitInterTrial_2: autoDraw = True
28.7538 	EXP 	whiteWaitInterTrial_2: autoDraw = True
28.7538 	EXP 	green_fb_1: autoDraw = True
28.7538 	EXP 	red_fb_1: autoDraw = True
30.5424 	EXP 	New trial (rep=6, index=0): None
30.5572 	EXP 	blackWaitInterTrial_2: autoDraw = False
30.5572 	EXP 	whiteWaitInterTrial_2: autoDraw = False
30.5572 	EXP 	green_fb_1: autoDraw = False
30.5572 	EXP 	red_fb_1: autoDraw = False
30.5572 	EXP 	blackWaitInterTrial_2: autoDraw = False
30.5572 	EXP 	whiteWaitInterTrial_2: autoDraw = False
30.5572 	EXP 	green_fb_1: autoDraw = False
30.5572 	EXP 	red_fb_1: autoDraw = False
30.5572 	EXP 	TrialPicture: size = array([0.75, 1.  ])
30.5572 	EXP 	TrialPicture: image = './stimuli/images/149.bmp'
30.5572 	EXP 	blackTrial: autoDraw = True
30.5572 	EXP 	whiteTrial: autoDraw = True
30.5572 	EXP 	TrialPicture: autoDraw = True
30.5572 	EXP 	green_1: autoDraw = True
30.5572 	EXP 	red_1: autoDraw = True
31.5726 	EXP 	blackTrial: autoDraw = False
31.5726 	EXP 	whiteTrial: autoDraw = False
31.5726 	EXP 	TrialPicture: autoDraw = False
31.5726 	EXP 	green_1: autoDraw = False
31.5726 	EXP 	red_1: autoDraw = False
31.5726 	EXP 	blackTrial: autoDraw = False
31.5726 	EXP 	whiteTrial: autoDraw = False
31.5726 	EXP 	TrialPicture: autoDraw = False
31.5726 	EXP 	green_1: autoDraw = False
31.5726 	EXP 	red_1: autoDraw = False
31.5726 	EXP 	whiteWaitInterTrial_2: size = array([0.75, 1.  ])
31.5726 	EXP 	blackWaitInterTrial_2: autoDraw = True
31.5726 	EXP 	whiteWaitInterTrial_2: autoDraw = True
31.5726 	EXP 	green_fb_1: autoDraw = True
31.5726 	EXP 	red_fb_1: autoDraw = True
33.1617 	EXP 	New trial (rep=7, index=0): None
33.1766 	EXP 	blackWaitInterTrial_2: autoDraw = False
33.1766 	EXP 	whiteWaitInterTrial_2: autoDraw = False
33.1766 	EXP 	green_fb_1: autoDraw = False
33.1766 	EXP 	red_fb_1: autoDraw = False
33.1766 	EXP 	blackWaitInterTrial_2: autoDraw = False
33.1766 	EXP 	whiteWaitInterTrial_2: autoDraw = False
33.1766 	EXP 	green_fb_1: autoDraw = False
33.1766 	EXP 	red_fb_1: autoDraw = False
33.1766 	EXP 	TrialPicture: size = array([0.75, 1.  ])
33.1766 	EXP 	TrialPicture: image = './stimuli/images/186.bmp'
33.1766 	EXP 	blackTrial: autoDraw = True
33.1766 	EXP 	whiteTrial: autoDraw = True
33.1766 	EXP 	TrialPicture: autoDraw = True
33.1766 	EXP 	green_1: autoDraw = True
33.1766 	EXP 	red_1: autoDraw = True
34.1917 	EXP 	blackTrial: autoDraw = False
34.1917 	EXP 	whiteTrial: autoDraw = False
34.1917 	EXP 	TrialPicture: autoDraw = False
34.1917 	EXP 	green_1: autoDraw = False
34.1917 	EXP 	red_1: autoDraw = False
34.1917 	EXP 	blackTrial: autoDraw = False
34.1917 	EXP 	whiteTrial: autoDraw = False
34.1917 	EXP 	TrialPicture: autoDraw = False
34.1917 	EXP 	green_1: autoDraw = False
34.1917 	EXP 	red_1: autoDraw = False
34.1917 	EXP 	whiteWaitInterTrial_2: size = array([0.75, 1.  ])
34.1917 	EXP 	blackWaitInterTrial_2: autoDraw = True
34.1917 	EXP 	whiteWaitInterTrial_2: autoDraw = True
34.1917 	EXP 	green_fb_1: autoDraw = True
34.1917 	EXP 	red_fb_1: autoDraw = True
35.8810 	EXP 	New trial (rep=8, index=0): None
35.8954 	EXP 	blackWaitInterTrial_2: autoDraw = False
35.8954 	EXP 	whiteWaitInterTrial_2: autoDraw = False
35.8954 	EXP 	green_fb_1: autoDraw = False
35.8954 	EXP 	red_fb_1: autoDraw = False
35.8954 	EXP 	blackWaitInterTrial_2: autoDraw = False
35.8954 	EXP 	whiteWaitInterTrial_2: autoDraw = False
35.8954 	EXP 	green_fb_1: autoDraw = False
35.8954 	EXP 	red_fb_1: autoDraw = False
35.8954 	EXP 	TrialPicture: size = array([0.75, 1.  ])
35.8954 	EXP 	TrialPicture: image = './stimuli/images/205.bmp'
35.8954 	EXP 	blackTrial: autoDraw = True
35.8954 	EXP 	whiteTrial: autoDraw = True
35.8954 	EXP 	TrialPicture: autoDraw = True
35.8954 	EXP 	green_1: autoDraw = True
35.8954 	EXP 	red_1: autoDraw = True
36.9090 	EXP 	blackTrial: autoDraw = False
36.9090 	EXP 	whiteTrial: autoDraw = False
36.9090 	EXP 	TrialPicture: autoDraw = False
36.9090 	EXP 	green_1: autoDraw = False
36.9090 	EXP 	red_1: autoDraw = False
36.9090 	EXP 	blackTrial: autoDraw = False
36.9090 	EXP 	whiteTrial: autoDraw = False
36.9090 	EXP 	TrialPicture: autoDraw = False
36.9090 	EXP 	green_1: autoDraw = False
36.9090 	EXP 	red_1: autoDraw = False
36.9090 	EXP 	whiteWaitInterTrial_2: size = array([0.75, 1.  ])
36.9090 	EXP 	blackWaitInterTrial_2: autoDraw = True
36.9090 	EXP 	whiteWaitInterTrial_2: autoDraw = True
36.9090 	EXP 	green_fb_1: autoDraw = True
36.9090 	EXP 	red_fb_1: autoDraw = True
38.6988 	EXP 	New trial (rep=9, index=0): None
38.7306 	EXP 	blackWaitInterTrial_2: autoDraw = False
38.7306 	EXP 	whiteWaitInterTrial_2: autoDraw = False
38.7306 	EXP 	green_fb_1: autoDraw = False
38.7306 	EXP 	red_fb_1: autoDraw = False
38.7306 	EXP 	blackWaitInterTrial_2: autoDraw = False
38.7306 	EXP 	whiteWaitInterTrial_2: autoDraw = False
38.7306 	EXP 	green_fb_1: autoDraw = False
38.7306 	EXP 	red_fb_1: autoDraw = False
38.7306 	EXP 	TrialPicture: size = array([0.75, 1.  ])
38.7306 	EXP 	TrialPicture: image = './stimuli/images/149.bmp'
38.7306 	EXP 	blackTrial: autoDraw = True
38.7306 	EXP 	whiteTrial: autoDraw = True
38.7306 	EXP 	TrialPicture: autoDraw = True
38.7306 	EXP 	green_1: autoDraw = True
38.7306 	EXP 	red_1: autoDraw = True
39.7466 	EXP 	blackTrial: autoDraw = False
39.7466 	EXP 	whiteTrial: autoDraw = False
39.7466 	EXP 	TrialPicture: autoDraw = False
39.7466 	EXP 	green_1: autoDraw = False
39.7466 	EXP 	red_1: autoDraw = False
39.7466 	EXP 	blackTrial: autoDraw = False
39.7466 	EXP 	whiteTrial: autoDraw = False
39.7466 	EXP 	TrialPicture: autoDraw = False
39.7466 	EXP 	green_1: autoDraw = False
39.7466 	EXP 	red_1: autoDraw = False
39.7466 	EXP 	whiteWaitInterTrial_2: size = array([0.75, 1.  ])
39.7466 	EXP 	blackWaitInterTrial_2: autoDraw = True
39.7466 	EXP 	whiteWaitInterTrial_2: autoDraw = True
39.7466 	EXP 	green_fb_1: autoDraw = True
39.7466 	EXP 	red_fb_1: autoDraw = True
41.3351 	EXP 	New trial (rep=10, index=0): None
41.3506 	EXP 	blackWaitInterTrial_2: autoDraw = False
41.3506 	EXP 	whiteWaitInterTrial_2: autoDraw = False
41.3506 	EXP 	green_fb_1: autoDraw = False
41.3506 	EXP 	red_fb_1: autoDraw = False
41.3506 	EXP 	blackWaitInterTrial_2: autoDraw = False
41.3506 	EXP 	whiteWaitInterTrial_2: autoDraw = False
41.3506 	EXP 	green_fb_1: autoDraw = False
41.3506 	EXP 	red_fb_1: autoDraw = False
41.3506 	EXP 	TrialPicture: size = array([0.75, 1.  ])
41.3506 	EXP 	TrialPicture: image = './stimuli/images/149.bmp'
41.3506 	EXP 	blackTrial: autoDraw = True
41.3506 	EXP 	whiteTrial: autoDraw = True
41.3506 	EXP 	TrialPicture: autoDraw = True
41.3506 	EXP 	green_1: autoDraw = True
41.3506 	EXP 	red_1: autoDraw = True
42.3655 	EXP 	blackTrial: autoDraw = False
42.3655 	EXP 	whiteTrial: autoDraw = False
42.3655 	EXP 	TrialPicture: autoDraw = False
42.3655 	EXP 	green_1: autoDraw = False
42.3655 	EXP 	red_1: autoDraw = False
42.3655 	EXP 	blackTrial: autoDraw = False
42.3655 	EXP 	whiteTrial: autoDraw = False
42.3655 	EXP 	TrialPicture: autoDraw = False
42.3655 	EXP 	green_1: autoDraw = False
42.3655 	EXP 	red_1: autoDraw = False
42.3655 	EXP 	whiteWaitInterTrial_2: size = array([0.75, 1.  ])
42.3655 	EXP 	blackWaitInterTrial_2: autoDraw = True
42.3655 	EXP 	whiteWaitInterTrial_2: autoDraw = True
42.3655 	EXP 	green_fb_1: autoDraw = True
42.3655 	EXP 	red_fb_1: autoDraw = True
44.0539 	EXP 	New trial (rep=11, index=0): None
44.0688 	EXP 	blackWaitInterTrial_2: autoDraw = False
44.0688 	EXP 	whiteWaitInterTrial_2: autoDraw = False
44.0688 	EXP 	green_fb_1: autoDraw = False
44.0688 	EXP 	red_fb_1: autoDraw = False
44.0688 	EXP 	blackWaitInterTrial_2: autoDraw = False
44.0688 	EXP 	whiteWaitInterTrial_2: autoDraw = False
44.0688 	EXP 	green_fb_1: autoDraw = False
44.0688 	EXP 	red_fb_1: autoDraw = False
44.0688 	EXP 	TrialPicture: size = array([0.75, 1.  ])
44.0688 	EXP 	TrialPicture: image = './stimuli/images/186.bmp'
44.0688 	EXP 	blackTrial: autoDraw = True
44.0688 	EXP 	whiteTrial: autoDraw = True
44.0688 	EXP 	TrialPicture: autoDraw = True
44.0688 	EXP 	green_1: autoDraw = True
44.0688 	EXP 	red_1: autoDraw = True
45.0847 	EXP 	blackTrial: autoDraw = False
45.0847 	EXP 	whiteTrial: autoDraw = False
45.0847 	EXP 	TrialPicture: autoDraw = False
45.0847 	EXP 	green_1: autoDraw = False
45.0847 	EXP 	red_1: autoDraw = False
45.0847 	EXP 	blackTrial: autoDraw = False
45.0847 	EXP 	whiteTrial: autoDraw = False
45.0847 	EXP 	TrialPicture: autoDraw = False
45.0847 	EXP 	green_1: autoDraw = False
45.0847 	EXP 	red_1: autoDraw = False
45.0847 	EXP 	whiteWaitInterTrial_2: size = array([0.75, 1.  ])
45.0847 	EXP 	blackWaitInterTrial_2: autoDraw = True
45.0847 	EXP 	whiteWaitInterTrial_2: autoDraw = True
45.0847 	EXP 	green_fb_1: autoDraw = True
45.0847 	EXP 	red_fb_1: autoDraw = True
46.7728 	EXP 	New trial (rep=12, index=0): None
46.7887 	EXP 	blackWaitInterTrial_2: autoDraw = False
46.7887 	EXP 	whiteWaitInterTrial_2: autoDraw = False
46.7887 	EXP 	green_fb_1: autoDraw = False
46.7887 	EXP 	red_fb_1: autoDraw = False
46.7887 	EXP 	blackWaitInterTrial_2: autoDraw = False
46.7887 	EXP 	whiteWaitInterTrial_2: autoDraw = False
46.7887 	EXP 	green_fb_1: autoDraw = False
46.7887 	EXP 	red_fb_1: autoDraw = False
46.7887 	EXP 	TrialPicture: size = array([0.75, 1.  ])
46.7887 	EXP 	TrialPicture: image = './stimuli/images/142.bmp'
46.7887 	EXP 	blackTrial: autoDraw = True
46.7887 	EXP 	whiteTrial: autoDraw = True
46.7887 	EXP 	TrialPicture: autoDraw = True
46.7887 	EXP 	green_1: autoDraw = True
46.7887 	EXP 	red_1: autoDraw = True
47.8036 	EXP 	blackTrial: autoDraw = False
47.8036 	EXP 	whiteTrial: autoDraw = False
47.8036 	EXP 	TrialPicture: autoDraw = False
47.8036 	EXP 	green_1: autoDraw = False
47.8036 	EXP 	red_1: autoDraw = False
47.8036 	EXP 	blackTrial: autoDraw = False
47.8036 	EXP 	whiteTrial: autoDraw = False
47.8036 	EXP 	TrialPicture: autoDraw = False
47.8036 	EXP 	green_1: autoDraw = False
47.8036 	EXP 	red_1: autoDraw = False
47.8036 	EXP 	whiteWaitInterTrial_2: size = array([0.75, 1.  ])
47.8036 	EXP 	blackWaitInterTrial_2: autoDraw = True
47.8036 	EXP 	whiteWaitInterTrial_2: autoDraw = True
47.8036 	EXP 	green_fb_1: autoDraw = True
47.8036 	EXP 	red_fb_1: autoDraw = True
49.3918 	EXP 	New trial (rep=13, index=0): None
49.4069 	EXP 	blackWaitInterTrial_2: autoDraw = False
49.4069 	EXP 	whiteWaitInterTrial_2: autoDraw = False
49.4069 	EXP 	green_fb_1: autoDraw = False
49.4069 	EXP 	red_fb_1: autoDraw = False
49.4069 	EXP 	blackWaitInterTrial_2: autoDraw = False
49.4069 	EXP 	whiteWaitInterTrial_2: autoDraw = False
49.4069 	EXP 	green_fb_1: autoDraw = False
49.4069 	EXP 	red_fb_1: autoDraw = False
49.4069 	EXP 	TrialPicture: size = array([0.75, 1.  ])
49.4069 	EXP 	TrialPicture: image = './stimuli/images/186.bmp'
49.4069 	EXP 	blackTrial: autoDraw = True
49.4069 	EXP 	whiteTrial: autoDraw = True
49.4069 	EXP 	TrialPicture: autoDraw = True
49.4069 	EXP 	green_1: autoDraw = True
49.4069 	EXP 	red_1: autoDraw = True
50.4226 	EXP 	blackTrial: autoDraw = False
50.4226 	EXP 	whiteTrial: autoDraw = False
50.4226 	EXP 	TrialPicture: autoDraw = False
50.4226 	EXP 	green_1: autoDraw = False
50.4226 	EXP 	red_1: autoDraw = False
50.4226 	EXP 	blackTrial: autoDraw = False
50.4226 	EXP 	whiteTrial: autoDraw = False
50.4226 	EXP 	TrialPicture: autoDraw = False
50.4226 	EXP 	green_1: autoDraw = False
50.4226 	EXP 	red_1: autoDraw = False
50.4226 	EXP 	whiteWaitInterTrial_2: size = array([0.75, 1.  ])
50.4226 	EXP 	blackWaitInterTrial_2: autoDraw = True
50.4226 	EXP 	whiteWaitInterTrial_2: autoDraw = True
50.4226 	EXP 	green_fb_1: autoDraw = True
50.4226 	EXP 	red_fb_1: autoDraw = True
52.2108 	EXP 	New trial (rep=14, index=0): None
52.2431 	EXP 	blackWaitInterTrial_2: autoDraw = False
52.2431 	EXP 	whiteWaitInterTrial_2: autoDraw = False
52.2431 	EXP 	green_fb_1: autoDraw = False
52.2431 	EXP 	red_fb_1: autoDraw = False
52.2431 	EXP 	blackWaitInterTrial_2: autoDraw = False
52.2431 	EXP 	whiteWaitInterTrial_2: autoDraw = False
52.2431 	EXP 	green_fb_1: autoDraw = False
52.2431 	EXP 	red_fb_1: autoDraw = False
52.2431 	EXP 	TrialPicture: size = array([0.75, 1.  ])
52.2431 	EXP 	TrialPicture: image = './stimuli/images/205.bmp'
52.2431 	EXP 	blackTrial: autoDraw = True
52.2431 	EXP 	whiteTrial: autoDraw = True
52.2431 	EXP 	TrialPicture: autoDraw = True
52.2431 	EXP 	green_1: autoDraw = True
52.2431 	EXP 	red_1: autoDraw = True
53.2589 	EXP 	blackTrial: autoDraw = False
53.2589 	EXP 	whiteTrial: autoDraw = False
53.2589 	EXP 	TrialPicture: autoDraw = False
53.2589 	EXP 	green_1: autoDraw = False
53.2589 	EXP 	red_1: autoDraw = False
53.2589 	EXP 	blackTrial: autoDraw = False
53.2589 	EXP 	whiteTrial: autoDraw = False
53.2589 	EXP 	TrialPicture: autoDraw = False
53.2589 	EXP 	green_1: autoDraw = False
53.2589 	EXP 	red_1: autoDraw = False
53.2589 	EXP 	whiteWaitInterTrial_2: size = array([0.75, 1.  ])
53.2589 	EXP 	blackWaitInterTrial_2: autoDraw = True
53.2589 	EXP 	whiteWaitInterTrial_2: autoDraw = True
53.2589 	EXP 	green_fb_1: autoDraw = True
53.2589 	EXP 	red_fb_1: autoDraw = True
54.8489 	EXP 	New trial (rep=15, index=0): None
54.8646 	EXP 	blackWaitInterTrial_2: autoDraw = False
54.8646 	EXP 	whiteWaitInterTrial_2: autoDraw = False
54.8646 	EXP 	green_fb_1: autoDraw = False
54.8646 	EXP 	red_fb_1: autoDraw = False
54.8646 	EXP 	blackWaitInterTrial_2: autoDraw = False
54.8646 	EXP 	whiteWaitInterTrial_2: autoDraw = False
54.8646 	EXP 	green_fb_1: autoDraw = False
54.8646 	EXP 	red_fb_1: autoDraw = False
54.8646 	EXP 	TrialPicture: size = array([0.75, 1.  ])
54.8646 	EXP 	TrialPicture: image = './stimuli/images/149.bmp'
54.8646 	EXP 	blackTrial: autoDraw = True
54.8646 	EXP 	whiteTrial: autoDraw = True
54.8646 	EXP 	TrialPicture: autoDraw = True
54.8646 	EXP 	green_1: autoDraw = True
54.8646 	EXP 	red_1: autoDraw = True
55.8777 	EXP 	blackTrial: autoDraw = False
55.8777 	EXP 	whiteTrial: autoDraw = False
55.8777 	EXP 	TrialPicture: autoDraw = False
55.8777 	EXP 	green_1: autoDraw = False
55.8777 	EXP 	red_1: autoDraw = False
55.8777 	EXP 	blackTrial: autoDraw = False
55.8777 	EXP 	whiteTrial: autoDraw = False
55.8777 	EXP 	TrialPicture: autoDraw = False
55.8777 	EXP 	green_1: autoDraw = False
55.8777 	EXP 	red_1: autoDraw = False
55.8777 	EXP 	whiteWaitInterTrial_2: size = array([0.75, 1.  ])
55.8777 	EXP 	blackWaitInterTrial_2: autoDraw = True
55.8777 	EXP 	whiteWaitInterTrial_2: autoDraw = True
55.8777 	EXP 	green_fb_1: autoDraw = True
55.8777 	EXP 	red_fb_1: autoDraw = True
57.5659 	EXP 	New trial (rep=16, index=0): None
57.5814 	EXP 	blackWaitInterTrial_2: autoDraw = False
57.5814 	EXP 	whiteWaitInterTrial_2: autoDraw = False
57.5814 	EXP 	green_fb_1: autoDraw = False
57.5814 	EXP 	red_fb_1: autoDraw = False
57.5814 	EXP 	blackWaitInterTrial_2: autoDraw = False
57.5814 	EXP 	whiteWaitInterTrial_2: autoDraw = False
57.5814 	EXP 	green_fb_1: autoDraw = False
57.5814 	EXP 	red_fb_1: autoDraw = False
57.5814 	EXP 	TrialPicture: size = array([0.75, 1.  ])
57.5814 	EXP 	TrialPicture: image = './stimuli/images/142.bmp'
57.5814 	EXP 	blackTrial: autoDraw = True
57.5814 	EXP 	whiteTrial: autoDraw = True
57.5814 	EXP 	TrialPicture: autoDraw = True
57.5814 	EXP 	green_1: autoDraw = True
57.5814 	EXP 	red_1: autoDraw = True
58.5963 	EXP 	blackTrial: autoDraw = False
58.5963 	EXP 	whiteTrial: autoDraw = False
58.5963 	EXP 	TrialPicture: autoDraw = False
58.5963 	EXP 	green_1: autoDraw = False
58.5963 	EXP 	red_1: autoDraw = False
58.5963 	EXP 	blackTrial: autoDraw = False
58.5963 	EXP 	whiteTrial: autoDraw = False
58.5963 	EXP 	TrialPicture: autoDraw = False
58.5963 	EXP 	green_1: autoDraw = False
58.5963 	EXP 	red_1: autoDraw = False
58.5963 	EXP 	whiteWaitInterTrial_2: size = array([0.75, 1.  ])
58.5963 	EXP 	blackWaitInterTrial_2: autoDraw = True
58.5963 	EXP 	whiteWaitInterTrial_2: autoDraw = True
58.5963 	EXP 	green_fb_1: autoDraw = True
58.5963 	EXP 	red_fb_1: autoDraw = True
60.3843 	EXP 	New trial (rep=17, index=0): None
60.3998 	EXP 	blackWaitInterTrial_2: autoDraw = False
60.3998 	EXP 	whiteWaitInterTrial_2: autoDraw = False
60.3998 	EXP 	green_fb_1: autoDraw = False
60.3998 	EXP 	red_fb_1: autoDraw = False
60.3998 	EXP 	blackWaitInterTrial_2: autoDraw = False
60.3998 	EXP 	whiteWaitInterTrial_2: autoDraw = False
60.3998 	EXP 	green_fb_1: autoDraw = False
60.3998 	EXP 	red_fb_1: autoDraw = False
60.3998 	EXP 	TrialPicture: size = array([0.75, 1.  ])
60.3998 	EXP 	TrialPicture: image = './stimuli/images/205.bmp'
60.3998 	EXP 	blackTrial: autoDraw = True
60.3998 	EXP 	whiteTrial: autoDraw = True
60.3998 	EXP 	TrialPicture: autoDraw = True
60.3998 	EXP 	green_1: autoDraw = True
60.3998 	EXP 	red_1: autoDraw = True
61.4169 	EXP 	blackTrial: autoDraw = False
61.4169 	EXP 	whiteTrial: autoDraw = False
61.4169 	EXP 	TrialPicture: autoDraw = False
61.4169 	EXP 	green_1: autoDraw = False
61.4169 	EXP 	red_1: autoDraw = False
61.4169 	EXP 	blackTrial: autoDraw = False
61.4169 	EXP 	whiteTrial: autoDraw = False
61.4169 	EXP 	TrialPicture: autoDraw = False
61.4169 	EXP 	green_1: autoDraw = False
61.4169 	EXP 	red_1: autoDraw = False
61.4169 	EXP 	whiteWaitInterTrial_2: size = array([0.75, 1.  ])
61.4169 	EXP 	blackWaitInterTrial_2: autoDraw = True
61.4169 	EXP 	whiteWaitInterTrial_2: autoDraw = True
61.4169 	EXP 	green_fb_1: autoDraw = True
61.4169 	EXP 	red_fb_1: autoDraw = True
63.0040 	EXP 	New trial (rep=18, index=0): None
63.0192 	EXP 	blackWaitInterTrial_2: autoDraw = False
63.0192 	EXP 	whiteWaitInterTrial_2: autoDraw = False
63.0192 	EXP 	green_fb_1: autoDraw = False
63.0192 	EXP 	red_fb_1: autoDraw = False
63.0192 	EXP 	blackWaitInterTrial_2: autoDraw = False
63.0192 	EXP 	whiteWaitInterTrial_2: autoDraw = False
63.0192 	EXP 	green_fb_1: autoDraw = False
63.0192 	EXP 	red_fb_1: autoDraw = False
63.0192 	EXP 	TrialPicture: size = array([0.75, 1.  ])
63.0192 	EXP 	TrialPicture: image = './stimuli/images/149.bmp'
63.0192 	EXP 	blackTrial: autoDraw = True
63.0192 	EXP 	whiteTrial: autoDraw = True
63.0192 	EXP 	TrialPicture: autoDraw = True
63.0192 	EXP 	green_1: autoDraw = True
63.0192 	EXP 	red_1: autoDraw = True
64.0326 	EXP 	blackTrial: autoDraw = False
64.0326 	EXP 	whiteTrial: autoDraw = False
64.0326 	EXP 	TrialPicture: autoDraw = False
64.0326 	EXP 	green_1: autoDraw = False
64.0326 	EXP 	red_1: autoDraw = False
64.0326 	EXP 	blackTrial: autoDraw = False
64.0326 	EXP 	whiteTrial: autoDraw = False
64.0326 	EXP 	TrialPicture: autoDraw = False
64.0326 	EXP 	green_1: autoDraw = False
64.0326 	EXP 	red_1: autoDraw = False
64.0326 	EXP 	whiteWaitInterTrial_2: size = array([0.75, 1.  ])
64.0326 	EXP 	blackWaitInterTrial_2: autoDraw = True
64.0326 	EXP 	whiteWaitInterTrial_2: autoDraw = True
64.0326 	EXP 	green_fb_1: autoDraw = True
64.0326 	EXP 	red_fb_1: autoDraw = True
65.7220 	EXP 	New trial (rep=19, index=0): None
65.7375 	EXP 	blackWaitInterTrial_2: autoDraw = False
65.7375 	EXP 	whiteWaitInterTrial_2: autoDraw = False
65.7375 	EXP 	green_fb_1: autoDraw = False
65.7375 	EXP 	red_fb_1: autoDraw = False
65.7375 	EXP 	blackWaitInterTrial_2: autoDraw = False
65.7375 	EXP 	whiteWaitInterTrial_2: autoDraw = False
65.7375 	EXP 	green_fb_1: autoDraw = False
65.7375 	EXP 	red_fb_1: autoDraw = False
65.7375 	EXP 	TrialPicture: size = array([0.75, 1.  ])
65.7375 	EXP 	TrialPicture: image = './stimuli/images/186.bmp'
65.7375 	EXP 	blackTrial: autoDraw = True
65.7375 	EXP 	whiteTrial: autoDraw = True
65.7375 	EXP 	TrialPicture: autoDraw = True
65.7375 	EXP 	green_1: autoDraw = True
65.7375 	EXP 	red_1: autoDraw = True
66.7535 	EXP 	blackTrial: autoDraw = False
66.7535 	EXP 	whiteTrial: autoDraw = False
66.7535 	EXP 	TrialPicture: autoDraw = False
66.7535 	EXP 	green_1: autoDraw = False
66.7535 	EXP 	red_1: autoDraw = False
66.7535 	EXP 	blackTrial: autoDraw = False
66.7535 	EXP 	whiteTrial: autoDraw = False
66.7535 	EXP 	TrialPicture: autoDraw = False
66.7535 	EXP 	green_1: autoDraw = False
66.7535 	EXP 	red_1: autoDraw = False
66.7535 	EXP 	whiteWaitInterTrial_2: size = array([0.75, 1.  ])
66.7535 	EXP 	blackWaitInterTrial_2: autoDraw = True
66.7535 	EXP 	whiteWaitInterTrial_2: autoDraw = True
66.7535 	EXP 	green_fb_1: autoDraw = True
66.7535 	EXP 	red_fb_1: autoDraw = True
68.4550 	EXP 	blackWaitInterTrial_2: autoDraw = False
68.4550 	EXP 	whiteWaitInterTrial_2: autoDraw = False
68.4550 	EXP 	green_fb_1: autoDraw = False
68.4550 	EXP 	red_fb_1: autoDraw = False
68.4550 	EXP 	blackWaitInterTrial_2: autoDraw = False
68.4550 	EXP 	whiteWaitInterTrial_2: autoDraw = False
68.4550 	EXP 	green_fb_1: autoDraw = False
68.4550 	EXP 	red_fb_1: autoDraw = False
68.4550 	EXP 	fixationImage: size = array([0.75, 1.  ])
68.4550 	EXP 	fixation: autoDraw = True
68.4550 	EXP 	fixationImage: autoDraw = True
70.4568 	EXP 	fixation: autoDraw = False
70.4568 	EXP 	fixationImage: autoDraw = False
70.4568 	EXP 	fixation: autoDraw = False
70.4568 	EXP 	fixationImage: autoDraw = False
70.4568 	EXP 	polygon_end: autoDraw = True
70.4568 	EXP 	end_text: autoDraw = True
72.4667 	WARNING 	Hamming was requested using the 'pygame' sound library but hamming is not supported there.
72.4669 	EXP 	Set sound_1 sound=./lib/sound/bird.wav
72.4669 	WARNING 	Hamming was requested using the 'pygame' sound library but hamming is not supported there.
72.4671 	EXP 	Set sound_2 sound=./lib/sound/bang.wav
72.4806 	EXP 	polygon_end: autoDraw = False
72.4806 	EXP 	end_text: autoDraw = False
72.4806 	EXP 	polygon_15: autoDraw = True
72.4806 	EXP 	descriptionText_15: autoDraw = True
388.2176 	EXP 	polygon_15: autoDraw = False
388.2176 	EXP 	descriptionText_15: autoDraw = False
388.2176 	EXP 	fixationImage10: size = array([0.75, 1.  ])
388.2176 	EXP 	fixation10: autoDraw = True
388.2176 	EXP 	fixationImage10: autoDraw = True
388.2176 	EXP 	text: autoDraw = True
389.1993 	EXP 	text_2: autoDraw = True
389.2368 	EXP 	text: autoDraw = False
390.2009 	EXP 	text_2: autoDraw = False
390.2009 	EXP 	text_3: autoDraw = True
391.2035 	EXP 	text_3: autoDraw = False
391.2058 	EXP 	Created sequence: sequential, trialTypes=1, nReps=1, seed=None
391.2060 	EXP 	New trial (rep=0, index=0): None
391.2264 	EXP 	fixation10: autoDraw = False
391.2264 	EXP 	fixationImage10: autoDraw = False
391.2264 	EXP 	fixation10: autoDraw = False
391.2264 	EXP 	fixationImage10: autoDraw = False
391.2264 	EXP 	text: autoDraw = False
391.2264 	EXP 	text_2: autoDraw = False
391.2264 	EXP 	text_3: autoDraw = False
391.2264 	EXP 	greenProc_2: size = array([1.6, 1.2])
391.2264 	EXP 	ProcTarget_2: size = array([0.75, 1.  ])
391.2264 	EXP 	ProcTarget_2: image = './stimuli/images/061.bmp'
391.2264 	EXP 	ProcPicture_2: size = array([0.75, 1.  ])
391.2264 	EXP 	ProcPicture_2: image = './stimuli/images/008.bmp'
391.2264 	EXP 	blackProc_2: autoDraw = True
391.2264 	EXP 	greenProc_2: autoDraw = True
391.2264 	EXP 	ProcTarget_2: autoDraw = True
391.2264 	EXP 	ProcPicture_2: autoDraw = True
394.7400 	EXP 	blackProc_2: autoDraw = False
394.7400 	EXP 	greenProc_2: autoDraw = False
394.7400 	EXP 	ProcTarget_2: autoDraw = False
394.7400 	EXP 	ProcPicture_2: autoDraw = False
394.7400 	EXP 	blackProc_2: autoDraw = False
394.7400 	EXP 	greenProc_2: autoDraw = False
394.7400 	EXP 	ProcTarget_2: autoDraw = False
394.7400 	EXP 	ProcPicture_2: autoDraw = False
394.7400 	EXP 	whiteWaitInterTrial_3: size = array([0.75, 1.  ])
394.7400 	EXP 	blackWaitInterTrial_3: autoDraw = True
394.7400 	EXP 	whiteWaitInterTrial_3: autoDraw = True
396.2297 	EXP 	Created sequence: sequential, trialTypes=1, nReps=20, seed=None
396.2301 	EXP 	New trial (rep=0, index=0): None
396.2515 	EXP 	blackWaitInterTrial_3: autoDraw = False
396.2515 	EXP 	whiteWaitInterTrial_3: autoDraw = False
396.2515 	EXP 	blackWaitInterTrial_3: autoDraw = False
396.2515 	EXP 	whiteWaitInterTrial_3: autoDraw = False
396.2515 	EXP 	TrialPicture_2: size = array([0.75, 1.  ])
396.2515 	EXP 	TrialPicture_2: image = './stimuli/images/152.bmp'
396.2515 	EXP 	blackTrial_2: autoDraw = True
396.2515 	EXP 	whiteTrial_2: autoDraw = True
396.2515 	EXP 	TrialPicture_2: autoDraw = True
396.2515 	EXP 	green_2: autoDraw = True
396.2515 	EXP 	red_2: autoDraw = True
397.2591 	EXP 	blackTrial_2: autoDraw = False
397.2591 	EXP 	whiteTrial_2: autoDraw = False
397.2591 	EXP 	TrialPicture_2: autoDraw = False
397.2591 	EXP 	green_2: autoDraw = False
397.2591 	EXP 	red_2: autoDraw = False
397.2591 	EXP 	blackTrial_2: autoDraw = False
397.2591 	EXP 	whiteTrial_2: autoDraw = False
397.2591 	EXP 	TrialPicture_2: autoDraw = False
397.2591 	EXP 	green_2: autoDraw = False
397.2591 	EXP 	red_2: autoDraw = False
397.2591 	EXP 	whiteWaitInterTrial_4: size = array([0.75, 1.  ])
397.2591 	EXP 	blackWaitInterTrial_4: autoDraw = True
397.2591 	EXP 	whiteWaitInterTrial_4: autoDraw = True
397.2591 	EXP 	green_fb_2: autoDraw = True
397.2591 	EXP 	red_fb_2: autoDraw = True
399.0466 	EXP 	New trial (rep=1, index=0): None
399.0610 	EXP 	blackWaitInterTrial_4: autoDraw = False
399.0610 	EXP 	whiteWaitInterTrial_4: autoDraw = False
399.0610 	EXP 	green_fb_2: autoDraw = False
399.0610 	EXP 	red_fb_2: autoDraw = False
399.0610 	EXP 	blackWaitInterTrial_4: autoDraw = False
399.0610 	EXP 	whiteWaitInterTrial_4: autoDraw = False
399.0610 	EXP 	green_fb_2: autoDraw = False
399.0610 	EXP 	red_fb_2: autoDraw = False
399.0610 	EXP 	TrialPicture_2: size = array([0.75, 1.  ])
399.0610 	EXP 	TrialPicture_2: image = './stimuli/images/061.bmp'
399.0610 	EXP 	blackTrial_2: autoDraw = True
399.0610 	EXP 	whiteTrial_2: autoDraw = True
399.0610 	EXP 	TrialPicture_2: autoDraw = True
399.0610 	EXP 	green_2: autoDraw = True
399.0610 	EXP 	red_2: autoDraw = True
400.0783 	EXP 	blackTrial_2: autoDraw = False
400.0783 	EXP 	whiteTrial_2: autoDraw = False
400.0783 	EXP 	TrialPicture_2: autoDraw = False
400.0783 	EXP 	green_2: autoDraw = False
400.0783 	EXP 	red_2: autoDraw = False
400.0783 	EXP 	blackTrial_2: autoDraw = False
400.0783 	EXP 	whiteTrial_2: autoDraw = False
400.0783 	EXP 	TrialPicture_2: autoDraw = False
400.0783 	EXP 	green_2: autoDraw = False
400.0783 	EXP 	red_2: autoDraw = False
400.0783 	EXP 	whiteWaitInterTrial_4: size = array([0.75, 1.  ])
400.0783 	EXP 	blackWaitInterTrial_4: autoDraw = True
400.0783 	EXP 	whiteWaitInterTrial_4: autoDraw = True
400.0783 	EXP 	green_fb_2: autoDraw = True
400.0783 	EXP 	red_fb_2: autoDraw = True
401.8664 	EXP 	New trial (rep=2, index=0): None
401.8819 	EXP 	blackWaitInterTrial_4: autoDraw = False
401.8819 	EXP 	whiteWaitInterTrial_4: autoDraw = False
401.8819 	EXP 	green_fb_2: autoDraw = False
401.8819 	EXP 	red_fb_2: autoDraw = False
401.8819 	EXP 	blackWaitInterTrial_4: autoDraw = False
401.8819 	EXP 	whiteWaitInterTrial_4: autoDraw = False
401.8819 	EXP 	green_fb_2: autoDraw = False
401.8819 	EXP 	red_fb_2: autoDraw = False
401.8819 	EXP 	TrialPicture_2: size = array([0.75, 1.  ])
401.8819 	EXP 	TrialPicture_2: image = './stimuli/images/008.bmp'
401.8819 	EXP 	blackTrial_2: autoDraw = True
401.8819 	EXP 	whiteTrial_2: autoDraw = True
401.8819 	EXP 	TrialPicture_2: autoDraw = True
401.8819 	EXP 	green_2: autoDraw = True
401.8819 	EXP 	red_2: autoDraw = True
402.8986 	EXP 	blackTrial_2: autoDraw = False
402.8986 	EXP 	whiteTrial_2: autoDraw = False
402.8986 	EXP 	TrialPicture_2: autoDraw = False
402.8986 	EXP 	green_2: autoDraw = False
402.8986 	EXP 	red_2: autoDraw = False
402.8986 	EXP 	blackTrial_2: autoDraw = False
402.8986 	EXP 	whiteTrial_2: autoDraw = False
402.8986 	EXP 	TrialPicture_2: autoDraw = False
402.8986 	EXP 	green_2: autoDraw = False
402.8986 	EXP 	red_2: autoDraw = False
402.8986 	EXP 	whiteWaitInterTrial_4: size = array([0.75, 1.  ])
402.8986 	EXP 	blackWaitInterTrial_4: autoDraw = True
402.8986 	EXP 	whiteWaitInterTrial_4: autoDraw = True
402.8986 	EXP 	green_fb_2: autoDraw = True
402.8986 	EXP 	red_fb_2: autoDraw = True
404.5864 	EXP 	New trial (rep=3, index=0): None
404.6014 	EXP 	blackWaitInterTrial_4: autoDraw = False
404.6014 	EXP 	whiteWaitInterTrial_4: autoDraw = False
404.6014 	EXP 	green_fb_2: autoDraw = False
404.6014 	EXP 	red_fb_2: autoDraw = False
404.6014 	EXP 	blackWaitInterTrial_4: autoDraw = False
404.6014 	EXP 	whiteWaitInterTrial_4: autoDraw = False
404.6014 	EXP 	green_fb_2: autoDraw = False
404.6014 	EXP 	red_fb_2: autoDraw = False
404.6014 	EXP 	TrialPicture_2: size = array([0.75, 1.  ])
404.6014 	EXP 	TrialPicture_2: image = './stimuli/images/086.bmp'
404.6014 	EXP 	blackTrial_2: autoDraw = True
404.6014 	EXP 	whiteTrial_2: autoDraw = True
404.6014 	EXP 	TrialPicture_2: autoDraw = True
404.6014 	EXP 	green_2: autoDraw = True
404.6014 	EXP 	red_2: autoDraw = True
405.6176 	EXP 	blackTrial_2: autoDraw = False
405.6176 	EXP 	whiteTrial_2: autoDraw = False
405.6176 	EXP 	TrialPicture_2: autoDraw = False
405.6176 	EXP 	green_2: autoDraw = False
405.6176 	EXP 	red_2: autoDraw = False
405.6176 	EXP 	blackTrial_2: autoDraw = False
405.6176 	EXP 	whiteTrial_2: autoDraw = False
405.6176 	EXP 	TrialPicture_2: autoDraw = False
405.6176 	EXP 	green_2: autoDraw = False
405.6176 	EXP 	red_2: autoDraw = False
405.6176 	EXP 	whiteWaitInterTrial_4: size = array([0.75, 1.  ])
405.6176 	EXP 	blackWaitInterTrial_4: autoDraw = True
405.6176 	EXP 	whiteWaitInterTrial_4: autoDraw = True
405.6176 	EXP 	green_fb_2: autoDraw = True
405.6176 	EXP 	red_fb_2: autoDraw = True
407.3058 	EXP 	New trial (rep=4, index=0): None
407.3198 	EXP 	blackWaitInterTrial_4: autoDraw = False
407.3198 	EXP 	whiteWaitInterTrial_4: autoDraw = False
407.3198 	EXP 	green_fb_2: autoDraw = False
407.3198 	EXP 	red_fb_2: autoDraw = False
407.3198 	EXP 	blackWaitInterTrial_4: autoDraw = False
407.3198 	EXP 	whiteWaitInterTrial_4: autoDraw = False
407.3198 	EXP 	green_fb_2: autoDraw = False
407.3198 	EXP 	red_fb_2: autoDraw = False
407.3198 	EXP 	TrialPicture_2: size = array([0.75, 1.  ])
407.3198 	EXP 	TrialPicture_2: image = './stimuli/images/152.bmp'
407.3198 	EXP 	blackTrial_2: autoDraw = True
407.3198 	EXP 	whiteTrial_2: autoDraw = True
407.3198 	EXP 	TrialPicture_2: autoDraw = True
407.3198 	EXP 	green_2: autoDraw = True
407.3198 	EXP 	red_2: autoDraw = True
408.3352 	EXP 	blackTrial_2: autoDraw = False
408.3352 	EXP 	whiteTrial_2: autoDraw = False
408.3352 	EXP 	TrialPicture_2: autoDraw = False
408.3352 	EXP 	green_2: autoDraw = False
408.3352 	EXP 	red_2: autoDraw = False
408.3352 	EXP 	blackTrial_2: autoDraw = False
408.3352 	EXP 	whiteTrial_2: autoDraw = False
408.3352 	EXP 	TrialPicture_2: autoDraw = False
408.3352 	EXP 	green_2: autoDraw = False
408.3352 	EXP 	red_2: autoDraw = False
408.3352 	EXP 	whiteWaitInterTrial_4: size = array([0.75, 1.  ])
408.3352 	EXP 	blackWaitInterTrial_4: autoDraw = True
408.3352 	EXP 	whiteWaitInterTrial_4: autoDraw = True
408.3352 	EXP 	green_fb_2: autoDraw = True
408.3352 	EXP 	red_fb_2: autoDraw = True
409.9232 	EXP 	New trial (rep=5, index=0): None
409.9391 	EXP 	blackWaitInterTrial_4: autoDraw = False
409.9391 	EXP 	whiteWaitInterTrial_4: autoDraw = False
409.9391 	EXP 	green_fb_2: autoDraw = False
409.9391 	EXP 	red_fb_2: autoDraw = False
409.9391 	EXP 	blackWaitInterTrial_4: autoDraw = False
409.9391 	EXP 	whiteWaitInterTrial_4: autoDraw = False
409.9391 	EXP 	green_fb_2: autoDraw = False
409.9391 	EXP 	red_fb_2: autoDraw = False
409.9391 	EXP 	TrialPicture_2: size = array([0.75, 1.  ])
409.9391 	EXP 	TrialPicture_2: image = './stimuli/images/061.bmp'
409.9391 	EXP 	blackTrial_2: autoDraw = True
409.9391 	EXP 	whiteTrial_2: autoDraw = True
409.9391 	EXP 	TrialPicture_2: autoDraw = True
409.9391 	EXP 	green_2: autoDraw = True
409.9391 	EXP 	red_2: autoDraw = True
410.9543 	EXP 	blackTrial_2: autoDraw = False
410.9543 	EXP 	whiteTrial_2: autoDraw = False
410.9543 	EXP 	TrialPicture_2: autoDraw = False
410.9543 	EXP 	green_2: autoDraw = False
410.9543 	EXP 	red_2: autoDraw = False
410.9543 	EXP 	blackTrial_2: autoDraw = False
410.9543 	EXP 	whiteTrial_2: autoDraw = False
410.9543 	EXP 	TrialPicture_2: autoDraw = False
410.9543 	EXP 	green_2: autoDraw = False
410.9543 	EXP 	red_2: autoDraw = False
410.9543 	EXP 	whiteWaitInterTrial_4: size = array([0.75, 1.  ])
410.9543 	EXP 	blackWaitInterTrial_4: autoDraw = True
410.9543 	EXP 	whiteWaitInterTrial_4: autoDraw = True
410.9543 	EXP 	green_fb_2: autoDraw = True
410.9543 	EXP 	red_fb_2: autoDraw = True
412.6432 	EXP 	New trial (rep=6, index=0): None
412.6582 	EXP 	blackWaitInterTrial_4: autoDraw = False
412.6582 	EXP 	whiteWaitInterTrial_4: autoDraw = False
412.6582 	EXP 	green_fb_2: autoDraw = False
412.6582 	EXP 	red_fb_2: autoDraw = False
412.6582 	EXP 	blackWaitInterTrial_4: autoDraw = False
412.6582 	EXP 	whiteWaitInterTrial_4: autoDraw = False
412.6582 	EXP 	green_fb_2: autoDraw = False
412.6582 	EXP 	red_fb_2: autoDraw = False
412.6582 	EXP 	TrialPicture_2: size = array([0.75, 1.  ])
412.6582 	EXP 	TrialPicture_2: image = './stimuli/images/008.bmp'
412.6582 	EXP 	blackTrial_2: autoDraw = True
412.6582 	EXP 	whiteTrial_2: autoDraw = True
412.6582 	EXP 	TrialPicture_2: autoDraw = True
412.6582 	EXP 	green_2: autoDraw = True
412.6582 	EXP 	red_2: autoDraw = True
413.6715 	EXP 	blackTrial_2: autoDraw = False
413.6715 	EXP 	whiteTrial_2: autoDraw = False
413.6715 	EXP 	TrialPicture_2: autoDraw = False
413.6715 	EXP 	green_2: autoDraw = False
413.6715 	EXP 	red_2: autoDraw = False
413.6715 	EXP 	blackTrial_2: autoDraw = False
413.6715 	EXP 	whiteTrial_2: autoDraw = False
413.6715 	EXP 	TrialPicture_2: autoDraw = False
413.6715 	EXP 	green_2: autoDraw = False
413.6715 	EXP 	red_2: autoDraw = False
413.6715 	EXP 	whiteWaitInterTrial_4: size = array([0.75, 1.  ])
413.6715 	EXP 	blackWaitInterTrial_4: autoDraw = True
413.6715 	EXP 	whiteWaitInterTrial_4: autoDraw = True
413.6715 	EXP 	green_fb_2: autoDraw = True
413.6715 	EXP 	red_fb_2: autoDraw = True
415.3607 	EXP 	New trial (rep=7, index=0): None
415.3752 	EXP 	blackWaitInterTrial_4: autoDraw = False
415.3752 	EXP 	whiteWaitInterTrial_4: autoDraw = False
415.3752 	EXP 	green_fb_2: autoDraw = False
415.3752 	EXP 	red_fb_2: autoDraw = False
415.3752 	EXP 	blackWaitInterTrial_4: autoDraw = False
415.3752 	EXP 	whiteWaitInterTrial_4: autoDraw = False
415.3752 	EXP 	green_fb_2: autoDraw = False
415.3752 	EXP 	red_fb_2: autoDraw = False
415.3752 	EXP 	TrialPicture_2: size = array([0.75, 1.  ])
415.3752 	EXP 	TrialPicture_2: image = './stimuli/images/086.bmp'
415.3752 	EXP 	blackTrial_2: autoDraw = True
415.3752 	EXP 	whiteTrial_2: autoDraw = True
415.3752 	EXP 	TrialPicture_2: autoDraw = True
415.3752 	EXP 	green_2: autoDraw = True
415.3752 	EXP 	red_2: autoDraw = True
416.3923 	EXP 	blackTrial_2: autoDraw = False
416.3923 	EXP 	whiteTrial_2: autoDraw = False
416.3923 	EXP 	TrialPicture_2: autoDraw = False
416.3923 	EXP 	green_2: autoDraw = False
416.3923 	EXP 	red_2: autoDraw = False
416.3923 	EXP 	blackTrial_2: autoDraw = False
416.3923 	EXP 	whiteTrial_2: autoDraw = False
416.3923 	EXP 	TrialPicture_2: autoDraw = False
416.3923 	EXP 	green_2: autoDraw = False
416.3923 	EXP 	red_2: autoDraw = False
416.3923 	EXP 	whiteWaitInterTrial_4: size = array([0.75, 1.  ])
416.3923 	EXP 	blackWaitInterTrial_4: autoDraw = True
416.3923 	EXP 	whiteWaitInterTrial_4: autoDraw = True
416.3923 	EXP 	green_fb_2: autoDraw = True
416.3923 	EXP 	red_fb_2: autoDraw = True
418.1825 	EXP 	New trial (rep=8, index=0): None
418.1970 	EXP 	blackWaitInterTrial_4: autoDraw = False
418.1970 	EXP 	whiteWaitInterTrial_4: autoDraw = False
418.1970 	EXP 	green_fb_2: autoDraw = False
418.1970 	EXP 	red_fb_2: autoDraw = False
418.1970 	EXP 	blackWaitInterTrial_4: autoDraw = False
418.1970 	EXP 	whiteWaitInterTrial_4: autoDraw = False
418.1970 	EXP 	green_fb_2: autoDraw = False
418.1970 	EXP 	red_fb_2: autoDraw = False
418.1970 	EXP 	TrialPicture_2: size = array([0.75, 1.  ])
418.1970 	EXP 	TrialPicture_2: image = './stimuli/images/061.bmp'
418.1970 	EXP 	blackTrial_2: autoDraw = True
418.1970 	EXP 	whiteTrial_2: autoDraw = True
418.1970 	EXP 	TrialPicture_2: autoDraw = True
418.1970 	EXP 	green_2: autoDraw = True
418.1970 	EXP 	red_2: autoDraw = True
419.2129 	EXP 	blackTrial_2: autoDraw = False
419.2129 	EXP 	whiteTrial_2: autoDraw = False
419.2129 	EXP 	TrialPicture_2: autoDraw = False
419.2129 	EXP 	green_2: autoDraw = False
419.2129 	EXP 	red_2: autoDraw = False
419.2129 	EXP 	blackTrial_2: autoDraw = False
419.2129 	EXP 	whiteTrial_2: autoDraw = False
419.2129 	EXP 	TrialPicture_2: autoDraw = False
419.2129 	EXP 	green_2: autoDraw = False
419.2129 	EXP 	red_2: autoDraw = False
419.2129 	EXP 	whiteWaitInterTrial_4: size = array([0.75, 1.  ])
419.2129 	EXP 	blackWaitInterTrial_4: autoDraw = True
419.2129 	EXP 	whiteWaitInterTrial_4: autoDraw = True
419.2129 	EXP 	green_fb_2: autoDraw = True
419.2129 	EXP 	red_fb_2: autoDraw = True
420.9006 	EXP 	New trial (rep=9, index=0): None
420.9154 	EXP 	blackWaitInterTrial_4: autoDraw = False
420.9154 	EXP 	whiteWaitInterTrial_4: autoDraw = False
420.9154 	EXP 	green_fb_2: autoDraw = False
420.9154 	EXP 	red_fb_2: autoDraw = False
420.9154 	EXP 	blackWaitInterTrial_4: autoDraw = False
420.9154 	EXP 	whiteWaitInterTrial_4: autoDraw = False
420.9154 	EXP 	green_fb_2: autoDraw = False
420.9154 	EXP 	red_fb_2: autoDraw = False
420.9154 	EXP 	TrialPicture_2: size = array([0.75, 1.  ])
420.9154 	EXP 	TrialPicture_2: image = './stimuli/images/152.bmp'
420.9154 	EXP 	blackTrial_2: autoDraw = True
420.9154 	EXP 	whiteTrial_2: autoDraw = True
420.9154 	EXP 	TrialPicture_2: autoDraw = True
420.9154 	EXP 	green_2: autoDraw = True
420.9154 	EXP 	red_2: autoDraw = True
421.9303 	EXP 	blackTrial_2: autoDraw = False
421.9303 	EXP 	whiteTrial_2: autoDraw = False
421.9303 	EXP 	TrialPicture_2: autoDraw = False
421.9303 	EXP 	green_2: autoDraw = False
421.9303 	EXP 	red_2: autoDraw = False
421.9303 	EXP 	blackTrial_2: autoDraw = False
421.9303 	EXP 	whiteTrial_2: autoDraw = False
421.9303 	EXP 	TrialPicture_2: autoDraw = False
421.9303 	EXP 	green_2: autoDraw = False
421.9303 	EXP 	red_2: autoDraw = False
421.9303 	EXP 	whiteWaitInterTrial_4: size = array([0.75, 1.  ])
421.9303 	EXP 	blackWaitInterTrial_4: autoDraw = True
421.9303 	EXP 	whiteWaitInterTrial_4: autoDraw = True
421.9303 	EXP 	green_fb_2: autoDraw = True
421.9303 	EXP 	red_fb_2: autoDraw = True
423.5188 	EXP 	New trial (rep=10, index=0): None
423.5341 	EXP 	blackWaitInterTrial_4: autoDraw = False
423.5341 	EXP 	whiteWaitInterTrial_4: autoDraw = False
423.5341 	EXP 	green_fb_2: autoDraw = False
423.5341 	EXP 	red_fb_2: autoDraw = False
423.5341 	EXP 	blackWaitInterTrial_4: autoDraw = False
423.5341 	EXP 	whiteWaitInterTrial_4: autoDraw = False
423.5341 	EXP 	green_fb_2: autoDraw = False
423.5341 	EXP 	red_fb_2: autoDraw = False
423.5341 	EXP 	TrialPicture_2: size = array([0.75, 1.  ])
423.5341 	EXP 	TrialPicture_2: image = './stimuli/images/152.bmp'
423.5341 	EXP 	blackTrial_2: autoDraw = True
423.5341 	EXP 	whiteTrial_2: autoDraw = True
423.5341 	EXP 	TrialPicture_2: autoDraw = True
423.5341 	EXP 	green_2: autoDraw = True
423.5341 	EXP 	red_2: autoDraw = True
424.5493 	EXP 	blackTrial_2: autoDraw = False
424.5493 	EXP 	whiteTrial_2: autoDraw = False
424.5493 	EXP 	TrialPicture_2: autoDraw = False
424.5493 	EXP 	green_2: autoDraw = False
424.5493 	EXP 	red_2: autoDraw = False
424.5493 	EXP 	blackTrial_2: autoDraw = False
424.5493 	EXP 	whiteTrial_2: autoDraw = False
424.5493 	EXP 	TrialPicture_2: autoDraw = False
424.5493 	EXP 	green_2: autoDraw = False
424.5493 	EXP 	red_2: autoDraw = False
424.5493 	EXP 	whiteWaitInterTrial_4: size = array([0.75, 1.  ])
424.5493 	EXP 	blackWaitInterTrial_4: autoDraw = True
424.5493 	EXP 	whiteWaitInterTrial_4: autoDraw = True
424.5493 	EXP 	green_fb_2: autoDraw = True
424.5493 	EXP 	red_fb_2: autoDraw = True
426.2370 	EXP 	New trial (rep=11, index=0): None
426.2524 	EXP 	blackWaitInterTrial_4: autoDraw = False
426.2524 	EXP 	whiteWaitInterTrial_4: autoDraw = False
426.2524 	EXP 	green_fb_2: autoDraw = False
426.2524 	EXP 	red_fb_2: autoDraw = False
426.2524 	EXP 	blackWaitInterTrial_4: autoDraw = False
426.2524 	EXP 	whiteWaitInterTrial_4: autoDraw = False
426.2524 	EXP 	green_fb_2: autoDraw = False
426.2524 	EXP 	red_fb_2: autoDraw = False
426.2524 	EXP 	TrialPicture_2: size = array([0.75, 1.  ])
426.2524 	EXP 	TrialPicture_2: image = './stimuli/images/086.bmp'
426.2524 	EXP 	blackTrial_2: autoDraw = True
426.2524 	EXP 	whiteTrial_2: autoDraw = True
426.2524 	EXP 	TrialPicture_2: autoDraw = True
426.2524 	EXP 	green_2: autoDraw = True
426.2524 	EXP 	red_2: autoDraw = True
427.2683 	EXP 	blackTrial_2: autoDraw = False
427.2683 	EXP 	whiteTrial_2: autoDraw = False
427.2683 	EXP 	TrialPicture_2: autoDraw = False
427.2683 	EXP 	green_2: autoDraw = False
427.2683 	EXP 	red_2: autoDraw = False
427.2683 	EXP 	blackTrial_2: autoDraw = False
427.2683 	EXP 	whiteTrial_2: autoDraw = False
427.2683 	EXP 	TrialPicture_2: autoDraw = False
427.2683 	EXP 	green_2: autoDraw = False
427.2683 	EXP 	red_2: autoDraw = False
427.2683 	EXP 	whiteWaitInterTrial_4: size = array([0.75, 1.  ])
427.2683 	EXP 	blackWaitInterTrial_4: autoDraw = True
427.2683 	EXP 	whiteWaitInterTrial_4: autoDraw = True
427.2683 	EXP 	green_fb_2: autoDraw = True
427.2683 	EXP 	red_fb_2: autoDraw = True
428.8563 	EXP 	New trial (rep=12, index=0): None
428.8722 	EXP 	blackWaitInterTrial_4: autoDraw = False
428.8722 	EXP 	whiteWaitInterTrial_4: autoDraw = False
428.8722 	EXP 	green_fb_2: autoDraw = False
428.8722 	EXP 	red_fb_2: autoDraw = False
428.8722 	EXP 	blackWaitInterTrial_4: autoDraw = False
428.8722 	EXP 	whiteWaitInterTrial_4: autoDraw = False
428.8722 	EXP 	green_fb_2: autoDraw = False
428.8722 	EXP 	red_fb_2: autoDraw = False
428.8722 	EXP 	TrialPicture_2: size = array([0.75, 1.  ])
428.8722 	EXP 	TrialPicture_2: image = './stimuli/images/152.bmp'
428.8722 	EXP 	blackTrial_2: autoDraw = True
428.8722 	EXP 	whiteTrial_2: autoDraw = True
428.8722 	EXP 	TrialPicture_2: autoDraw = True
428.8722 	EXP 	green_2: autoDraw = True
428.8722 	EXP 	red_2: autoDraw = True
429.8874 	EXP 	blackTrial_2: autoDraw = False
429.8874 	EXP 	whiteTrial_2: autoDraw = False
429.8874 	EXP 	TrialPicture_2: autoDraw = False
429.8874 	EXP 	green_2: autoDraw = False
429.8874 	EXP 	red_2: autoDraw = False
429.8874 	EXP 	blackTrial_2: autoDraw = False
429.8874 	EXP 	whiteTrial_2: autoDraw = False
429.8874 	EXP 	TrialPicture_2: autoDraw = False
429.8874 	EXP 	green_2: autoDraw = False
429.8874 	EXP 	red_2: autoDraw = False
429.8874 	EXP 	whiteWaitInterTrial_4: size = array([0.75, 1.  ])
429.8874 	EXP 	blackWaitInterTrial_4: autoDraw = True
429.8874 	EXP 	whiteWaitInterTrial_4: autoDraw = True
429.8874 	EXP 	green_fb_2: autoDraw = True
429.8874 	EXP 	red_fb_2: autoDraw = True
431.4752 	EXP 	New trial (rep=13, index=0): None
431.5036 	EXP 	blackWaitInterTrial_4: autoDraw = False
431.5036 	EXP 	whiteWaitInterTrial_4: autoDraw = False
431.5036 	EXP 	green_fb_2: autoDraw = False
431.5036 	EXP 	red_fb_2: autoDraw = False
431.5036 	EXP 	blackWaitInterTrial_4: autoDraw = False
431.5036 	EXP 	whiteWaitInterTrial_4: autoDraw = False
431.5036 	EXP 	green_fb_2: autoDraw = False
431.5036 	EXP 	red_fb_2: autoDraw = False
431.5036 	EXP 	TrialPicture_2: size = array([0.75, 1.  ])
431.5036 	EXP 	TrialPicture_2: image = './stimuli/images/061.bmp'
431.5036 	EXP 	blackTrial_2: autoDraw = True
431.5036 	EXP 	whiteTrial_2: autoDraw = True
431.5036 	EXP 	TrialPicture_2: autoDraw = True
431.5036 	EXP 	green_2: autoDraw = True
431.5036 	EXP 	red_2: autoDraw = True
432.5062 	EXP 	blackTrial_2: autoDraw = False
432.5062 	EXP 	whiteTrial_2: autoDraw = False
432.5062 	EXP 	TrialPicture_2: autoDraw = False
432.5062 	EXP 	green_2: autoDraw = False
432.5062 	EXP 	red_2: autoDraw = False
432.5062 	EXP 	blackTrial_2: autoDraw = False
432.5062 	EXP 	whiteTrial_2: autoDraw = False
432.5062 	EXP 	TrialPicture_2: autoDraw = False
432.5062 	EXP 	green_2: autoDraw = False
432.5062 	EXP 	red_2: autoDraw = False
432.5062 	EXP 	whiteWaitInterTrial_4: size = array([0.75, 1.  ])
432.5062 	EXP 	blackWaitInterTrial_4: autoDraw = True
432.5062 	EXP 	whiteWaitInterTrial_4: autoDraw = True
432.5062 	EXP 	green_fb_2: autoDraw = True
432.5062 	EXP 	red_fb_2: autoDraw = True
434.1942 	EXP 	New trial (rep=14, index=0): None
434.2088 	EXP 	blackWaitInterTrial_4: autoDraw = False
434.2088 	EXP 	whiteWaitInterTrial_4: autoDraw = False
434.2088 	EXP 	green_fb_2: autoDraw = False
434.2088 	EXP 	red_fb_2: autoDraw = False
434.2088 	EXP 	blackWaitInterTrial_4: autoDraw = False
434.2088 	EXP 	whiteWaitInterTrial_4: autoDraw = False
434.2088 	EXP 	green_fb_2: autoDraw = False
434.2088 	EXP 	red_fb_2: autoDraw = False
434.2088 	EXP 	TrialPicture_2: size = array([0.75, 1.  ])
434.2088 	EXP 	TrialPicture_2: image = './stimuli/images/008.bmp'
434.2088 	EXP 	blackTrial_2: autoDraw = True
434.2088 	EXP 	whiteTrial_2: autoDraw = True
434.2088 	EXP 	TrialPicture_2: autoDraw = True
434.2088 	EXP 	green_2: autoDraw = True
434.2088 	EXP 	red_2: autoDraw = True
435.2258 	EXP 	blackTrial_2: autoDraw = False
435.2258 	EXP 	whiteTrial_2: autoDraw = False
435.2258 	EXP 	TrialPicture_2: autoDraw = False
435.2258 	EXP 	green_2: autoDraw = False
435.2258 	EXP 	red_2: autoDraw = False
435.2258 	EXP 	blackTrial_2: autoDraw = False
435.2258 	EXP 	whiteTrial_2: autoDraw = False
435.2258 	EXP 	TrialPicture_2: autoDraw = False
435.2258 	EXP 	green_2: autoDraw = False
435.2258 	EXP 	red_2: autoDraw = False
435.2258 	EXP 	whiteWaitInterTrial_4: size = array([0.75, 1.  ])
435.2258 	EXP 	blackWaitInterTrial_4: autoDraw = True
435.2258 	EXP 	whiteWaitInterTrial_4: autoDraw = True
435.2258 	EXP 	green_fb_2: autoDraw = True
435.2258 	EXP 	red_fb_2: autoDraw = True
436.9160 	EXP 	New trial (rep=15, index=0): None
436.9301 	EXP 	blackWaitInterTrial_4: autoDraw = False
436.9301 	EXP 	whiteWaitInterTrial_4: autoDraw = False
436.9301 	EXP 	green_fb_2: autoDraw = False
436.9301 	EXP 	red_fb_2: autoDraw = False
436.9301 	EXP 	blackWaitInterTrial_4: autoDraw = False
436.9301 	EXP 	whiteWaitInterTrial_4: autoDraw = False
436.9301 	EXP 	green_fb_2: autoDraw = False
436.9301 	EXP 	red_fb_2: autoDraw = False
436.9301 	EXP 	TrialPicture_2: size = array([0.75, 1.  ])
436.9301 	EXP 	TrialPicture_2: image = './stimuli/images/086.bmp'
436.9301 	EXP 	blackTrial_2: autoDraw = True
436.9301 	EXP 	whiteTrial_2: autoDraw = True
436.9301 	EXP 	TrialPicture_2: autoDraw = True
436.9301 	EXP 	green_2: autoDraw = True
436.9301 	EXP 	red_2: autoDraw = True
437.9428 	EXP 	blackTrial_2: autoDraw = False
437.9428 	EXP 	whiteTrial_2: autoDraw = False
437.9428 	EXP 	TrialPicture_2: autoDraw = False
437.9428 	EXP 	green_2: autoDraw = False
437.9428 	EXP 	red_2: autoDraw = False
437.9428 	EXP 	blackTrial_2: autoDraw = False
437.9428 	EXP 	whiteTrial_2: autoDraw = False
437.9428 	EXP 	TrialPicture_2: autoDraw = False
437.9428 	EXP 	green_2: autoDraw = False
437.9428 	EXP 	red_2: autoDraw = False
437.9428 	EXP 	whiteWaitInterTrial_4: size = array([0.75, 1.  ])
437.9428 	EXP 	blackWaitInterTrial_4: autoDraw = True
437.9428 	EXP 	whiteWaitInterTrial_4: autoDraw = True
437.9428 	EXP 	green_fb_2: autoDraw = True
437.9428 	EXP 	red_fb_2: autoDraw = True
439.7355 	EXP 	New trial (rep=16, index=0): None
439.7511 	EXP 	blackWaitInterTrial_4: autoDraw = False
439.7511 	EXP 	whiteWaitInterTrial_4: autoDraw = False
439.7511 	EXP 	green_fb_2: autoDraw = False
439.7511 	EXP 	red_fb_2: autoDraw = False
439.7511 	EXP 	blackWaitInterTrial_4: autoDraw = False
439.7511 	EXP 	whiteWaitInterTrial_4: autoDraw = False
439.7511 	EXP 	green_fb_2: autoDraw = False
439.7511 	EXP 	red_fb_2: autoDraw = False
439.7511 	EXP 	TrialPicture_2: size = array([0.75, 1.  ])
439.7511 	EXP 	TrialPicture_2: image = './stimuli/images/152.bmp'
439.7511 	EXP 	blackTrial_2: autoDraw = True
439.7511 	EXP 	whiteTrial_2: autoDraw = True
439.7511 	EXP 	TrialPicture_2: autoDraw = True
439.7511 	EXP 	green_2: autoDraw = True
439.7511 	EXP 	red_2: autoDraw = True
440.7635 	EXP 	blackTrial_2: autoDraw = False
440.7635 	EXP 	whiteTrial_2: autoDraw = False
440.7635 	EXP 	TrialPicture_2: autoDraw = False
440.7635 	EXP 	green_2: autoDraw = False
440.7635 	EXP 	red_2: autoDraw = False
440.7635 	EXP 	blackTrial_2: autoDraw = False
440.7635 	EXP 	whiteTrial_2: autoDraw = False
440.7635 	EXP 	TrialPicture_2: autoDraw = False
440.7635 	EXP 	green_2: autoDraw = False
440.7635 	EXP 	red_2: autoDraw = False
440.7635 	EXP 	whiteWaitInterTrial_4: size = array([0.75, 1.  ])
440.7635 	EXP 	blackWaitInterTrial_4: autoDraw = True
440.7635 	EXP 	whiteWaitInterTrial_4: autoDraw = True
440.7635 	EXP 	green_fb_2: autoDraw = True
440.7635 	EXP 	red_fb_2: autoDraw = True
442.4489 	EXP 	New trial (rep=17, index=0): None
442.4644 	EXP 	blackWaitInterTrial_4: autoDraw = False
442.4644 	EXP 	whiteWaitInterTrial_4: autoDraw = False
442.4644 	EXP 	green_fb_2: autoDraw = False
442.4644 	EXP 	red_fb_2: autoDraw = False
442.4644 	EXP 	blackWaitInterTrial_4: autoDraw = False
442.4644 	EXP 	whiteWaitInterTrial_4: autoDraw = False
442.4644 	EXP 	green_fb_2: autoDraw = False
442.4644 	EXP 	red_fb_2: autoDraw = False
442.4644 	EXP 	TrialPicture_2: size = array([0.75, 1.  ])
442.4644 	EXP 	TrialPicture_2: image = './stimuli/images/061.bmp'
442.4644 	EXP 	blackTrial_2: autoDraw = True
442.4644 	EXP 	whiteTrial_2: autoDraw = True
442.4644 	EXP 	TrialPicture_2: autoDraw = True
442.4644 	EXP 	green_2: autoDraw = True
442.4644 	EXP 	red_2: autoDraw = True
443.4807 	EXP 	blackTrial_2: autoDraw = False
443.4807 	EXP 	whiteTrial_2: autoDraw = False
443.4807 	EXP 	TrialPicture_2: autoDraw = False
443.4807 	EXP 	green_2: autoDraw = False
443.4807 	EXP 	red_2: autoDraw = False
443.4807 	EXP 	blackTrial_2: autoDraw = False
443.4807 	EXP 	whiteTrial_2: autoDraw = False
443.4807 	EXP 	TrialPicture_2: autoDraw = False
443.4807 	EXP 	green_2: autoDraw = False
443.4807 	EXP 	red_2: autoDraw = False
443.4807 	EXP 	whiteWaitInterTrial_4: size = array([0.75, 1.  ])
443.4807 	EXP 	blackWaitInterTrial_4: autoDraw = True
443.4807 	EXP 	whiteWaitInterTrial_4: autoDraw = True
443.4807 	EXP 	green_fb_2: autoDraw = True
443.4807 	EXP 	red_fb_2: autoDraw = True
445.0706 	EXP 	New trial (rep=18, index=0): None
445.0863 	EXP 	blackWaitInterTrial_4: autoDraw = False
445.0863 	EXP 	whiteWaitInterTrial_4: autoDraw = False
445.0863 	EXP 	green_fb_2: autoDraw = False
445.0863 	EXP 	red_fb_2: autoDraw = False
445.0863 	EXP 	blackWaitInterTrial_4: autoDraw = False
445.0863 	EXP 	whiteWaitInterTrial_4: autoDraw = False
445.0863 	EXP 	green_fb_2: autoDraw = False
445.0863 	EXP 	red_fb_2: autoDraw = False
445.0863 	EXP 	TrialPicture_2: size = array([0.75, 1.  ])
445.0863 	EXP 	TrialPicture_2: image = './stimuli/images/008.bmp'
445.0863 	EXP 	blackTrial_2: autoDraw = True
445.0863 	EXP 	whiteTrial_2: autoDraw = True
445.0863 	EXP 	TrialPicture_2: autoDraw = True
445.0863 	EXP 	green_2: autoDraw = True
445.0863 	EXP 	red_2: autoDraw = True
446.1075 	EXP 	blackTrial_2: autoDraw = False
446.1075 	EXP 	whiteTrial_2: autoDraw = False
446.1075 	EXP 	TrialPicture_2: autoDraw = False
446.1075 	EXP 	green_2: autoDraw = False
446.1075 	EXP 	red_2: autoDraw = False
446.1075 	EXP 	blackTrial_2: autoDraw = False
446.1075 	EXP 	whiteTrial_2: autoDraw = False
446.1075 	EXP 	TrialPicture_2: autoDraw = False
446.1075 	EXP 	green_2: autoDraw = False
446.1075 	EXP 	red_2: autoDraw = False
446.1075 	EXP 	whiteWaitInterTrial_4: size = array([0.75, 1.  ])
446.1075 	EXP 	blackWaitInterTrial_4: autoDraw = True
446.1075 	EXP 	whiteWaitInterTrial_4: autoDraw = True
446.1075 	EXP 	green_fb_2: autoDraw = True
446.1075 	EXP 	red_fb_2: autoDraw = True
447.8068 	EXP 	New trial (rep=19, index=0): None
447.8221 	EXP 	blackWaitInterTrial_4: autoDraw = False
447.8221 	EXP 	whiteWaitInterTrial_4: autoDraw = False
447.8221 	EXP 	green_fb_2: autoDraw = False
447.8221 	EXP 	red_fb_2: autoDraw = False
447.8221 	EXP 	blackWaitInterTrial_4: autoDraw = False
447.8221 	EXP 	whiteWaitInterTrial_4: autoDraw = False
447.8221 	EXP 	green_fb_2: autoDraw = False
447.8221 	EXP 	red_fb_2: autoDraw = False
447.8221 	EXP 	TrialPicture_2: size = array([0.75, 1.  ])
447.8221 	EXP 	TrialPicture_2: image = './stimuli/images/086.bmp'
447.8221 	EXP 	blackTrial_2: autoDraw = True
447.8221 	EXP 	whiteTrial_2: autoDraw = True
447.8221 	EXP 	TrialPicture_2: autoDraw = True
447.8221 	EXP 	green_2: autoDraw = True
447.8221 	EXP 	red_2: autoDraw = True
448.8375 	EXP 	blackTrial_2: autoDraw = False
448.8375 	EXP 	whiteTrial_2: autoDraw = False
448.8375 	EXP 	TrialPicture_2: autoDraw = False
448.8375 	EXP 	green_2: autoDraw = False
448.8375 	EXP 	red_2: autoDraw = False
448.8375 	EXP 	blackTrial_2: autoDraw = False
448.8375 	EXP 	whiteTrial_2: autoDraw = False
448.8375 	EXP 	TrialPicture_2: autoDraw = False
448.8375 	EXP 	green_2: autoDraw = False
448.8375 	EXP 	red_2: autoDraw = False
448.8375 	EXP 	whiteWaitInterTrial_4: size = array([0.75, 1.  ])
448.8375 	EXP 	blackWaitInterTrial_4: autoDraw = True
448.8375 	EXP 	whiteWaitInterTrial_4: autoDraw = True
448.8375 	EXP 	green_fb_2: autoDraw = True
448.8375 	EXP 	red_fb_2: autoDraw = True
450.4386 	EXP 	blackWaitInterTrial_4: autoDraw = False
450.4386 	EXP 	whiteWaitInterTrial_4: autoDraw = False
450.4386 	EXP 	green_fb_2: autoDraw = False
450.4386 	EXP 	red_fb_2: autoDraw = False
450.4386 	EXP 	blackWaitInterTrial_4: autoDraw = False
450.4386 	EXP 	whiteWaitInterTrial_4: autoDraw = False
450.4386 	EXP 	green_fb_2: autoDraw = False
450.4386 	EXP 	red_fb_2: autoDraw = False
450.4386 	EXP 	fixationImage_2: size = array([0.75, 1.  ])
450.4386 	EXP 	fixation_2: autoDraw = True
450.4386 	EXP 	fixationImage_2: autoDraw = True
452.4407 	EXP 	fixation_2: autoDraw = False
452.4407 	EXP 	fixationImage_2: autoDraw = False
452.4407 	EXP 	fixation_2: autoDraw = False
452.4407 	EXP 	fixationImage_2: autoDraw = False
452.4407 	EXP 	polygon_end_2: autoDraw = True
452.4407 	EXP 	end_text_2: autoDraw = True
454.4419 	EXP 	polygon_end_2: autoDraw = False
454.4419 	EXP 	end_text_2: autoDraw = False
454.4839 	EXP 	window1: mouseVisible = True
