3.6097 	EXP 	Created window1 = Window(allowGUI=False, allowStencil=False, args=UNKNOWN, autoLog=True, bitsMode=UNKNOWN, blendMode='avg', color=array([0., 0., 0.]), colorSpace='rgb', fullscr=<method-wrapper '__getattribute__' of attributeSetter object at 0x000001D1C2672780>, gamma=None, gammaErrorPolicy='raise', kwargs=UNKNOWN, lms=UNKNOWN, monitor=<psychopy.monitors.calibTools.Monitor object at 0x000001D1C26B3668>, multiSample=False, name='window1', numSamples=2, pos=[0.0, 0.0], screen=1, size=array([1920, 1200]), stereo=False, units='norm', useFBO=True, useRetina=False, viewOri=0.0, viewPos=None, viewScale=None, waitBlanking=True, winType='pyglet')
3.6098 	EXP 	window1: recordFrameIntervals = False
3.7751 	EXP 	window1: recordFrameIntervals = True
3.9596 	EXP 	window1: recordFrameIntervals = False
4.1961 	EXP 	Created polygon_1 = Rect(__class__=<class 'psychopy.visual.rect.Rect'>, autoDraw=False, autoLog=True, closeShape=True, color=method-wrapper(...), colorSpace=None, contrast=1.0, depth=0.0, fillColor='black', fillColorSpace='named', fillRGB=array([0., 0., 0.]), interpolate=True, lineColor='black', lineColorSpace='named', lineRGB=array([0., 0., 0.]), lineWidth=1, name='polygon_1', opacity=1.0, ori=array(0.), pos=array([0., 0.]), size=array([1., 1.]), units='norm', vertices=ndarray(...), win=Window(...))
4.3461 	EXP 	Created descriptionText_1 = TextStim(__class__=<class 'psychopy.visual.text.TextStim'>, alignHoriz='center', alignVert='center', antialias=True, autoLog=True, bold=False, color='white', colorSpace='named', contrast=1.0, depth=-1.0, flipHoriz=False, flipVert=False, font='Arial', fontFiles=[], height=0.09, italic=False, languageStyle='LTR', name='descriptionText_1', opacity=1.0, ori=0, pos=array([0., 0.]), rgb=array([255., 255., 255.]), text=str(...), units='norm', win=Window(...), wrapWidth=1)
4.3477 	EXP 	Created fixation10 = Rect(__class__=<class 'psychopy.visual.rect.Rect'>, autoDraw=False, autoLog=True, closeShape=True, color=method-wrapper(...), colorSpace=None, contrast=1.0, depth=0.0, fillColor='black', fillColorSpace='named', fillRGB=array([0., 0., 0.]), interpolate=True, lineColor='black', lineColorSpace='named', lineRGB=array([0., 0., 0.]), lineWidth=1, name='fixation10', opacity=1.0, ori=array(0.), pos=array([0., 0.]), size=array([1., 1.]), units='norm', vertices=ndarray(...), win=Window(...))
4.3666 	EXP 	Created fixationImage10 = ImageStim(__class__=<class 'psychopy.visual.image.ImageStim'>, autoLog=True, color=array([1., 1., 1.]), colorSpace='rgb', contrast=1.0, depth=-1.0, flipHoriz=False, flipVert=False, image='./stimuli/images/fix.bmp', interpolate=True, mask=None, maskParams=None, name='fixationImage10', opacity=1.0, ori=0.0, pos=array([0., 0.]), size=array([1., 1.]), texRes=128, units='norm', win=Window(...))
4.3923 	EXP 	Created text = TextStim(__class__=<class 'psychopy.visual.text.TextStim'>, alignHoriz='center', alignVert='center', antialias=True, autoLog=True, bold=False, color='white', colorSpace='named', contrast=1.0, depth=-2.0, flipHoriz=False, flipVert=False, font='Arial', fontFiles=[], height=0.3, italic=False, languageStyle='LTR', name='text', opacity=1.0, ori=0, pos=array([ 0. , -0.7]), rgb=array([255., 255., 255.]), text='3 . . .', units='norm', win=Window(...), wrapWidth=1)
4.4080 	EXP 	Created text_2 = TextStim(__class__=<class 'psychopy.visual.text.TextStim'>, alignHoriz='center', alignVert='center', antialias=True, autoLog=True, bold=False, color='white', colorSpace='named', contrast=1.0, depth=-3.0, flipHoriz=False, flipVert=False, font='Arial', fontFiles=[], height=0.3, italic=False, languageStyle='LTR', name='text_2', opacity=1.0, ori=0, pos=array([ 0. , -0.7]), rgb=array([255., 255., 255.]), text='2 . .', units='norm', win=Window(...), wrapWidth=1)
4.4185 	EXP 	Created text_3 = TextStim(__class__=<class 'psychopy.visual.text.TextStim'>, alignHoriz='center', alignVert='center', antialias=True, autoLog=True, bold=False, color='white', colorSpace='named', contrast=1.0, depth=-4.0, flipHoriz=False, flipVert=False, font='Arial', fontFiles=[], height=0.3, italic=False, languageStyle='LTR', name='text_3', opacity=1.0, ori=0, pos=array([ 0. , -0.7]), rgb=array([255., 255., 255.]), text='1 .', units='norm', win=Window(...), wrapWidth=1)
4.4204 	EXP 	Created blackProc = Rect(__class__=<class 'psychopy.visual.rect.Rect'>, autoDraw=False, autoLog=True, closeShape=True, color=method-wrapper(...), colorSpace=None, contrast=1.0, depth=-1.0, fillColor='black', fillColorSpace='named', fillRGB=array([0., 0., 0.]), interpolate=True, lineColor='black', lineColorSpace='named', lineRGB=array([0., 0., 0.]), lineWidth=1, name='blackProc', opacity=1.0, ori=array(0.), pos=array([0., 0.]), size=array([1., 1.]), units='norm', vertices=ndarray(...), win=Window(...))
4.4222 	EXP 	Created greenProc = Rect(__class__=<class 'psychopy.visual.rect.Rect'>, autoDraw=False, autoLog=True, closeShape=True, color=method-wrapper(...), colorSpace=None, contrast=1.0, depth=-2.0, fillColor='green', fillColorSpace='named', fillRGB=array([  0., 128.,   0.]), interpolate=True, lineColor='green', lineColorSpace='named', lineRGB=array([  0., 128.,   0.]), lineWidth=1, name='greenProc', opacity=1.0, ori=array(0.), pos=array([0., 0.]), size=array([1., 1.]), units='norm', vertices=ndarray(...), win=Window(...))
4.4266 	EXP 	Created ProcTarget = ImageStim(__class__=<class 'psychopy.visual.image.ImageStim'>, autoLog=True, color=array([1., 1., 1.]), colorSpace='rgb', contrast=1.0, depth=-3.0, flipHoriz=False, flipVert=False, image='sin', interpolate=True, mask=None, maskParams=None, name='ProcTarget', opacity=1.0, ori=0.0, pos=array([-0.4,  0. ]), size=array([1., 1.]), texRes=128, units='norm', win=Window(...))
4.4303 	EXP 	Created ProcPicture = ImageStim(__class__=<class 'psychopy.visual.image.ImageStim'>, autoLog=True, color=array([1., 1., 1.]), colorSpace='rgb', contrast=1.0, depth=-4.0, flipHoriz=False, flipVert=False, image='sin', interpolate=True, mask=None, maskParams=None, name='ProcPicture', opacity=1.0, ori=0.0, pos=array([0.4, 0. ]), size=array([1., 1.]), texRes=128, units='norm', win=Window(...))
4.4317 	EXP 	Created blackWaitInterTrial = Rect(__class__=<class 'psychopy.visual.rect.Rect'>, autoDraw=False, autoLog=True, closeShape=True, color=method-wrapper(...), colorSpace=None, contrast=1.0, depth=0.0, fillColor='black', fillColorSpace='named', fillRGB=array([0., 0., 0.]), interpolate=True, lineColor='black', lineColorSpace='named', lineRGB=array([0., 0., 0.]), lineWidth=1, name='blackWaitInterTrial', opacity=1.0, ori=array(0.), pos=array([0., 0.]), size=array([1., 1.]), units='norm', vertices=ndarray(...), win=Window(...))
4.4420 	EXP 	Created whiteWaitInterTrial = ImageStim(__class__=<class 'psychopy.visual.image.ImageStim'>, autoLog=True, color=array([1., 1., 1.]), colorSpace='rgb', contrast=1.0, depth=-1.0, flipHoriz=False, flipVert=False, image='./stimuli/images/blank.bmp', interpolate=True, mask=None, maskParams=None, name='whiteWaitInterTrial', opacity=1.0, ori=0.0, pos=array([0., 0.]), size=array([1., 1.]), texRes=128, units='norm', win=Window(...))
4.4430 	EXP 	Created blackTrial = Rect(__class__=<class 'psychopy.visual.rect.Rect'>, autoDraw=False, autoLog=True, closeShape=True, color=method-wrapper(...), colorSpace=None, contrast=1.0, depth=-1.0, fillColor='black', fillColorSpace='named', fillRGB=array([0., 0., 0.]), interpolate=True, lineColor='black', lineColorSpace='named', lineRGB=array([0., 0., 0.]), lineWidth=1, name='blackTrial', opacity=1.0, ori=array(0.), pos=array([0., 0.]), size=array([1., 1.]), units='norm', vertices=ndarray(...), win=Window(...))
4.4440 	EXP 	Created whiteTrial = Rect(__class__=<class 'psychopy.visual.rect.Rect'>, autoDraw=False, autoLog=True, closeShape=True, color=method-wrapper(...), colorSpace=None, contrast=1.0, depth=-2.0, fillColor='white', fillColorSpace='named', fillRGB=array([255., 255., 255.]), interpolate=True, lineColor='white', lineColorSpace='named', lineRGB=array([255., 255., 255.]), lineWidth=1, name='whiteTrial', opacity=1.0, ori=array(0.), pos=array([0., 0.]), size=array([1., 1.]), units='norm', vertices=ndarray(...), win=Window(...))
4.4463 	EXP 	Created TrialPicture = ImageStim(__class__=<class 'psychopy.visual.image.ImageStim'>, autoLog=True, color=array([1., 1., 1.]), colorSpace='rgb', contrast=1.0, depth=-3.0, flipHoriz=False, flipVert=False, image='sin', interpolate=True, mask=None, maskParams=None, name='TrialPicture', opacity=1.0, ori=0.0, pos=array([0., 0.]), size=array([1., 1.]), texRes=128, units='norm', win=Window(...))
4.4477 	EXP 	Created green_1 = ShapeStim(__class__=<class 'psychopy.visual.shape.ShapeStim'>, autoDraw=False, autoLog=True, closeShape=True, contrast=1.0, depth=-6.0, fillColor='green', fillColorSpace='named', interpolate=True, lineColor='green', lineColorSpace='named', lineWidth=1, name='green_1', opacity=1.0, ori=array(0.), pos=array([0., 0.]), size=array([0.05, 0.05]), units='norm', vertices=ndarray(...), win=Window(...), windingRule=None)
4.4487 	EXP 	Created red_1 = Rect(__class__=<class 'psychopy.visual.rect.Rect'>, autoDraw=False, autoLog=True, closeShape=True, color=method-wrapper(...), colorSpace=None, contrast=1.0, depth=-7.0, fillColor='red', fillColorSpace='named', fillRGB=array([255.,   0.,   0.]), interpolate=True, lineColor='red', lineColorSpace='named', lineRGB=array([255.,   0.,   0.]), lineWidth=1, name='red_1', opacity=1.0, ori=array(0.), pos=array([0., 0.]), size=array([1., 1.]), units='norm', vertices=ndarray(...), win=Window(...))
4.4495 	EXP 	Created blackWaitInterTrial_2 = Rect(__class__=<class 'psychopy.visual.rect.Rect'>, autoDraw=False, autoLog=True, closeShape=True, color=method-wrapper(...), colorSpace=None, contrast=1.0, depth=-1.0, fillColor='black', fillColorSpace='named', fillRGB=array([0., 0., 0.]), interpolate=True, lineColor='black', lineColorSpace='named', lineRGB=array([0., 0., 0.]), lineWidth=1, name='blackWaitInterTrial_2', opacity=1.0, ori=array(0.), pos=array([0., 0.]), size=array([1., 1.]), units='norm', vertices=ndarray(...), win=Window(...))
4.4594 	EXP 	Created whiteWaitInterTrial_2 = ImageStim(__class__=<class 'psychopy.visual.image.ImageStim'>, autoLog=True, color=array([1., 1., 1.]), colorSpace='rgb', contrast=1.0, depth=-2.0, flipHoriz=False, flipVert=False, image='./stimuli/images/blank.bmp', interpolate=True, mask=None, maskParams=None, name='whiteWaitInterTrial_2', opacity=1.0, ori=0.0, pos=array([0., 0.]), size=array([1., 1.]), texRes=128, units='norm', win=Window(...))
4.4599 	EXP 	Created green_fb_1 = ShapeStim(__class__=<class 'psychopy.visual.shape.ShapeStim'>, autoDraw=False, autoLog=True, closeShape=True, contrast=1.0, depth=-3.0, fillColor='green', fillColorSpace='named', interpolate=True, lineColor='green', lineColorSpace='named', lineWidth=1, name='green_fb_1', opacity=1.0, ori=array(0.), pos=array([0., 0.]), size=array([1., 1.]), units='norm', vertices=ndarray(...), win=Window(...), windingRule=None)
4.4605 	EXP 	Created red_fb_1 = Rect(__class__=<class 'psychopy.visual.rect.Rect'>, autoDraw=False, autoLog=True, closeShape=True, color=method-wrapper(...), colorSpace=None, contrast=1.0, depth=-4.0, fillColor='red', fillColorSpace='named', fillRGB=array([255.,   0.,   0.]), interpolate=True, lineColor='red', lineColorSpace='named', lineRGB=array([255.,   0.,   0.]), lineWidth=1, name='red_fb_1', opacity=1.0, ori=array(0.), pos=array([0., 0.]), size=array([1., 1.]), units='norm', vertices=ndarray(...), win=Window(...))
4.4611 	EXP 	Created fixation = Rect(__class__=<class 'psychopy.visual.rect.Rect'>, autoDraw=False, autoLog=True, closeShape=True, color=method-wrapper(...), colorSpace=None, contrast=1.0, depth=0.0, fillColor='black', fillColorSpace='named', fillRGB=array([0., 0., 0.]), interpolate=True, lineColor='black', lineColorSpace='named', lineRGB=array([0., 0., 0.]), lineWidth=1, name='fixation', opacity=1.0, ori=array(0.), pos=array([0., 0.]), size=array([1., 1.]), units='norm', vertices=ndarray(...), win=Window(...))
4.4665 	EXP 	Created fixationImage = ImageStim(__class__=<class 'psychopy.visual.image.ImageStim'>, autoLog=True, color=array([1., 1., 1.]), colorSpace='rgb', contrast=1.0, depth=-1.0, flipHoriz=False, flipVert=False, image='./stimuli/images/fix.bmp', interpolate=True, mask=None, maskParams=None, name='fixationImage', opacity=1.0, ori=0.0, pos=array([0., 0.]), size=array([1., 1.]), texRes=128, units='norm', win=Window(...))
4.4671 	EXP 	Created polygon_end = Rect(__class__=<class 'psychopy.visual.rect.Rect'>, autoDraw=False, autoLog=True, closeShape=True, color=method-wrapper(...), colorSpace=None, contrast=1.0, depth=0.0, fillColor='black', fillColorSpace='named', fillRGB=array([0., 0., 0.]), interpolate=True, lineColor='black', lineColorSpace='named', lineRGB=array([0., 0., 0.]), lineWidth=1, name='polygon_end', opacity=1.0, ori=array(0.), pos=array([0., 0.]), size=array([1., 1.]), units='norm', vertices=ndarray(...), win=Window(...))
4.5000 	EXP 	Created end_text = TextStim(__class__=<class 'psychopy.visual.text.TextStim'>, alignHoriz='center', alignVert='center', antialias=True, autoLog=True, bold=False, color='white', colorSpace='named', contrast=1.0, depth=-1.0, flipHoriz=False, flipVert=False, font='Arial', fontFiles=[], height=0.1, italic=False, languageStyle='LTR', name='end_text', opacity=1.0, ori=0, pos=array([0., 0.]), rgb=array([255., 255., 255.]), text='That completes Round 1 of the task', units='norm', win=Window(...), wrapWidth=1)
4.5008 	EXP 	Created polygon_15 = Rect(__class__=<class 'psychopy.visual.rect.Rect'>, autoDraw=False, autoLog=True, closeShape=True, color=method-wrapper(...), colorSpace=None, contrast=1.0, depth=0.0, fillColor='black', fillColorSpace='named', fillRGB=array([0., 0., 0.]), interpolate=True, lineColor='black', lineColorSpace='named', lineRGB=array([0., 0., 0.]), lineWidth=1, name='polygon_15', opacity=1.0, ori=array(0.), pos=array([0., 0.]), size=array([1., 1.]), units='norm', vertices=ndarray(...), win=Window(...))
4.5427 	EXP 	Created descriptionText_15 = TextStim(__class__=<class 'psychopy.visual.text.TextStim'>, alignHoriz='center', alignVert='center', antialias=True, autoLog=True, bold=False, color='white', colorSpace='named', contrast=1.0, depth=-1.0, flipHoriz=False, flipVert=False, font='Arial', fontFiles=[], height=0.09, italic=False, languageStyle='LTR', name='descriptionText_15', opacity=1.0, ori=0, pos=array([0., 0.]), rgb=array([255., 255., 255.]), text=str(...), units='norm', win=Window(...), wrapWidth=1)
4.5433 	EXP 	Created fixation10 = Rect(__class__=<class 'psychopy.visual.rect.Rect'>, autoDraw=False, autoLog=True, closeShape=True, color=method-wrapper(...), colorSpace=None, contrast=1.0, depth=0.0, fillColor='black', fillColorSpace='named', fillRGB=array([0., 0., 0.]), interpolate=True, lineColor='black', lineColorSpace='named', lineRGB=array([0., 0., 0.]), lineWidth=1, name='fixation10', opacity=1.0, ori=array(0.), pos=array([0., 0.]), size=array([1., 1.]), units='norm', vertices=ndarray(...), win=Window(...))
4.5585 	EXP 	Created fixationImage10 = ImageStim(__class__=<class 'psychopy.visual.image.ImageStim'>, autoLog=True, color=array([1., 1., 1.]), colorSpace='rgb', contrast=1.0, depth=-1.0, flipHoriz=False, flipVert=False, image='./stimuli/images/fix.bmp', interpolate=True, mask=None, maskParams=None, name='fixationImage10', opacity=1.0, ori=0.0, pos=array([0., 0.]), size=array([1., 1.]), texRes=128, units='norm', win=Window(...))
4.5611 	EXP 	Created text = TextStim(__class__=<class 'psychopy.visual.text.TextStim'>, alignHoriz='center', alignVert='center', antialias=True, autoLog=True, bold=False, color='white', colorSpace='named', contrast=1.0, depth=-2.0, flipHoriz=False, flipVert=False, font='Arial', fontFiles=[], height=0.3, italic=False, languageStyle='LTR', name='text', opacity=1.0, ori=0, pos=array([ 0. , -0.7]), rgb=array([255., 255., 255.]), text='3 . . .', units='norm', win=Window(...), wrapWidth=1)
4.5638 	EXP 	Created text_2 = TextStim(__class__=<class 'psychopy.visual.text.TextStim'>, alignHoriz='center', alignVert='center', antialias=True, autoLog=True, bold=False, color='white', colorSpace='named', contrast=1.0, depth=-3.0, flipHoriz=False, flipVert=False, font='Arial', fontFiles=[], height=0.3, italic=False, languageStyle='LTR', name='text_2', opacity=1.0, ori=0, pos=array([ 0. , -0.7]), rgb=array([255., 255., 255.]), text='2 . .', units='norm', win=Window(...), wrapWidth=1)
4.5660 	EXP 	Created text_3 = TextStim(__class__=<class 'psychopy.visual.text.TextStim'>, alignHoriz='center', alignVert='center', antialias=True, autoLog=True, bold=False, color='white', colorSpace='named', contrast=1.0, depth=-4.0, flipHoriz=False, flipVert=False, font='Arial', fontFiles=[], height=0.3, italic=False, languageStyle='LTR', name='text_3', opacity=1.0, ori=0, pos=array([ 0. , -0.7]), rgb=array([255., 255., 255.]), text='1 .', units='norm', win=Window(...), wrapWidth=1)
4.5666 	EXP 	Created blackProc_2 = Rect(__class__=<class 'psychopy.visual.rect.Rect'>, autoDraw=False, autoLog=True, closeShape=True, color=method-wrapper(...), colorSpace=None, contrast=1.0, depth=-1.0, fillColor='black', fillColorSpace='named', fillRGB=array([0., 0., 0.]), interpolate=True, lineColor='black', lineColorSpace='named', lineRGB=array([0., 0., 0.]), lineWidth=1, name='blackProc_2', opacity=1.0, ori=array(0.), pos=array([0., 0.]), size=array([1., 1.]), units='norm', vertices=ndarray(...), win=Window(...))
4.5672 	EXP 	Created greenProc_2 = Rect(__class__=<class 'psychopy.visual.rect.Rect'>, autoDraw=False, autoLog=True, closeShape=True, color=method-wrapper(...), colorSpace=None, contrast=1.0, depth=-2.0, fillColor='green', fillColorSpace='named', fillRGB=array([  0., 128.,   0.]), interpolate=True, lineColor='green', lineColorSpace='named', lineRGB=array([  0., 128.,   0.]), lineWidth=1, name='greenProc_2', opacity=1.0, ori=array(0.), pos=array([0., 0.]), size=array([1., 1.]), units='norm', vertices=ndarray(...), win=Window(...))
4.5688 	EXP 	Created ProcTarget_2 = ImageStim(__class__=<class 'psychopy.visual.image.ImageStim'>, autoLog=True, color=array([1., 1., 1.]), colorSpace='rgb', contrast=1.0, depth=-3.0, flipHoriz=False, flipVert=False, image='sin', interpolate=True, mask=None, maskParams=None, name='ProcTarget_2', opacity=1.0, ori=0.0, pos=array([-0.4,  0. ]), size=array([1., 1.]), texRes=128, units='norm', win=Window(...))
4.5703 	EXP 	Created ProcPicture_2 = ImageStim(__class__=<class 'psychopy.visual.image.ImageStim'>, autoLog=True, color=array([1., 1., 1.]), colorSpace='rgb', contrast=1.0, depth=-4.0, flipHoriz=False, flipVert=False, image='sin', interpolate=True, mask=None, maskParams=None, name='ProcPicture_2', opacity=1.0, ori=0.0, pos=array([0.4, 0. ]), size=array([1., 1.]), texRes=128, units='norm', win=Window(...))
4.5708 	EXP 	Created blackWaitInterTrial_3 = Rect(__class__=<class 'psychopy.visual.rect.Rect'>, autoDraw=False, autoLog=True, closeShape=True, color=method-wrapper(...), colorSpace=None, contrast=1.0, depth=0.0, fillColor='black', fillColorSpace='named', fillRGB=array([0., 0., 0.]), interpolate=True, lineColor='black', lineColorSpace='named', lineRGB=array([0., 0., 0.]), lineWidth=1, name='blackWaitInterTrial_3', opacity=1.0, ori=array(0.), pos=array([0., 0.]), size=array([1., 1.]), units='norm', vertices=ndarray(...), win=Window(...))
4.5760 	EXP 	Created whiteWaitInterTrial_3 = ImageStim(__class__=<class 'psychopy.visual.image.ImageStim'>, autoLog=True, color=array([1., 1., 1.]), colorSpace='rgb', contrast=1.0, depth=-1.0, flipHoriz=False, flipVert=False, image='./stimuli/images/blank.bmp', interpolate=True, mask=None, maskParams=None, name='whiteWaitInterTrial_3', opacity=1.0, ori=0.0, pos=array([0., 0.]), size=array([1., 1.]), texRes=128, units='norm', win=Window(...))
4.5766 	EXP 	Created blackTrial_2 = Rect(__class__=<class 'psychopy.visual.rect.Rect'>, autoDraw=False, autoLog=True, closeShape=True, color=method-wrapper(...), colorSpace=None, contrast=1.0, depth=-1.0, fillColor='black', fillColorSpace='named', fillRGB=array([0., 0., 0.]), interpolate=True, lineColor='black', lineColorSpace='named', lineRGB=array([0., 0., 0.]), lineWidth=1, name='blackTrial_2', opacity=1.0, ori=array(0.), pos=array([0., 0.]), size=array([1., 1.]), units='norm', vertices=ndarray(...), win=Window(...))
4.5772 	EXP 	Created whiteTrial_2 = Rect(__class__=<class 'psychopy.visual.rect.Rect'>, autoDraw=False, autoLog=True, closeShape=True, color=method-wrapper(...), colorSpace=None, contrast=1.0, depth=-2.0, fillColor='white', fillColorSpace='named', fillRGB=array([255., 255., 255.]), interpolate=True, lineColor='white', lineColorSpace='named', lineRGB=array([255., 255., 255.]), lineWidth=1, name='whiteTrial_2', opacity=1.0, ori=array(0.), pos=array([0., 0.]), size=array([1., 1.]), units='norm', vertices=ndarray(...), win=Window(...))
4.5787 	EXP 	Created TrialPicture_2 = ImageStim(__class__=<class 'psychopy.visual.image.ImageStim'>, autoLog=True, color=array([1., 1., 1.]), colorSpace='rgb', contrast=1.0, depth=-3.0, flipHoriz=False, flipVert=False, image='sin', interpolate=True, mask=None, maskParams=None, name='TrialPicture_2', opacity=1.0, ori=0.0, pos=array([0., 0.]), size=array([1., 1.]), texRes=128, units='norm', win=Window(...))
4.5796 	EXP 	Created green_2 = ShapeStim(__class__=<class 'psychopy.visual.shape.ShapeStim'>, autoDraw=False, autoLog=True, closeShape=True, contrast=1.0, depth=-6.0, fillColor='green', fillColorSpace='named', interpolate=True, lineColor='green', lineColorSpace='named', lineWidth=1, name='green_2', opacity=1.0, ori=array(0.), pos=array([0., 0.]), size=array([0.05, 0.05]), units='norm', vertices=ndarray(...), win=Window(...), windingRule=None)
4.5802 	EXP 	Created red_2 = Rect(__class__=<class 'psychopy.visual.rect.Rect'>, autoDraw=False, autoLog=True, closeShape=True, color=method-wrapper(...), colorSpace=None, contrast=1.0, depth=-7.0, fillColor='red', fillColorSpace='named', fillRGB=array([255.,   0.,   0.]), interpolate=True, lineColor='red', lineColorSpace='named', lineRGB=array([255.,   0.,   0.]), lineWidth=1, name='red_2', opacity=1.0, ori=array(0.), pos=array([0., 0.]), size=array([1., 1.]), units='norm', vertices=ndarray(...), win=Window(...))
4.5807 	EXP 	Created blackWaitInterTrial_4 = Rect(__class__=<class 'psychopy.visual.rect.Rect'>, autoDraw=False, autoLog=True, closeShape=True, color=method-wrapper(...), colorSpace=None, contrast=1.0, depth=-1.0, fillColor='black', fillColorSpace='named', fillRGB=array([0., 0., 0.]), interpolate=True, lineColor='black', lineColorSpace='named', lineRGB=array([0., 0., 0.]), lineWidth=1, name='blackWaitInterTrial_4', opacity=1.0, ori=array(0.), pos=array([0., 0.]), size=array([1., 1.]), units='norm', vertices=ndarray(...), win=Window(...))
4.5921 	EXP 	Created whiteWaitInterTrial_4 = ImageStim(__class__=<class 'psychopy.visual.image.ImageStim'>, autoLog=True, color=array([1., 1., 1.]), colorSpace='rgb', contrast=1.0, depth=-2.0, flipHoriz=False, flipVert=False, image='./stimuli/images/blank.bmp', interpolate=True, mask=None, maskParams=None, name='whiteWaitInterTrial_4', opacity=1.0, ori=0.0, pos=array([0., 0.]), size=array([1., 1.]), texRes=128, units='norm', win=Window(...))
4.5927 	EXP 	Created green_fb_2 = ShapeStim(__class__=<class 'psychopy.visual.shape.ShapeStim'>, autoDraw=False, autoLog=True, closeShape=True, contrast=1.0, depth=-3.0, fillColor='green', fillColorSpace='named', interpolate=True, lineColor='green', lineColorSpace='named', lineWidth=1, name='green_fb_2', opacity=1.0, ori=array(0.), pos=array([0., 0.]), size=array([1., 1.]), units='norm', vertices=ndarray(...), win=Window(...), windingRule=None)
4.5933 	EXP 	Created red_fb_2 = Rect(__class__=<class 'psychopy.visual.rect.Rect'>, autoDraw=False, autoLog=True, closeShape=True, color=method-wrapper(...), colorSpace=None, contrast=1.0, depth=-4.0, fillColor='red', fillColorSpace='named', fillRGB=array([255.,   0.,   0.]), interpolate=True, lineColor='red', lineColorSpace='named', lineRGB=array([255.,   0.,   0.]), lineWidth=1, name='red_fb_2', opacity=1.0, ori=array(0.), pos=array([0., 0.]), size=array([1., 1.]), units='norm', vertices=ndarray(...), win=Window(...))
4.5938 	EXP 	Created fixation_2 = Rect(__class__=<class 'psychopy.visual.rect.Rect'>, autoDraw=False, autoLog=True, closeShape=True, color=method-wrapper(...), colorSpace=None, contrast=1.0, depth=0.0, fillColor='black', fillColorSpace='named', fillRGB=array([0., 0., 0.]), interpolate=True, lineColor='black', lineColorSpace='named', lineRGB=array([0., 0., 0.]), lineWidth=1, name='fixation_2', opacity=1.0, ori=array(0.), pos=array([0., 0.]), size=array([1., 1.]), units='norm', vertices=ndarray(...), win=Window(...))
4.5990 	EXP 	Created fixationImage_2 = ImageStim(__class__=<class 'psychopy.visual.image.ImageStim'>, autoLog=True, color=array([1., 1., 1.]), colorSpace='rgb', contrast=1.0, depth=-1.0, flipHoriz=False, flipVert=False, image='./stimuli/images/fix.bmp', interpolate=True, mask=None, maskParams=None, name='fixationImage_2', opacity=1.0, ori=0.0, pos=array([0., 0.]), size=array([1., 1.]), texRes=128, units='norm', win=Window(...))
4.5995 	EXP 	Created polygon_end_2 = Rect(__class__=<class 'psychopy.visual.rect.Rect'>, autoDraw=False, autoLog=True, closeShape=True, color=method-wrapper(...), colorSpace=None, contrast=1.0, depth=0.0, fillColor='black', fillColorSpace='named', fillRGB=array([0., 0., 0.]), interpolate=True, lineColor='black', lineColorSpace='named', lineRGB=array([0., 0., 0.]), lineWidth=1, name='polygon_end_2', opacity=1.0, ori=array(0.), pos=array([0., 0.]), size=array([1., 1.]), units='norm', vertices=ndarray(...), win=Window(...))
4.6088 	EXP 	Created end_text_2 = TextStim(__class__=<class 'psychopy.visual.text.TextStim'>, alignHoriz='center', alignVert='center', antialias=True, autoLog=True, bold=False, color='white', colorSpace='named', contrast=1.0, depth=-1.0, flipHoriz=False, flipVert=False, font='Arial', fontFiles=[], height=0.1, italic=False, languageStyle='LTR', name='end_text_2', opacity=1.0, ori=0, pos=array([0., 0.]), rgb=array([255., 255., 255.]), text='Thank you for your participation!', units='norm', win=Window(...), wrapWidth=1)
5.0905 	WARNING 	Hamming was requested using the 'pygame' sound library but hamming is not supported there.
5.0914 	EXP 	Set sound_1 sound=./lib/sound/bird.wav
5.0914 	WARNING 	Hamming was requested using the 'pygame' sound library but hamming is not supported there.
5.0919 	EXP 	Set sound_2 sound=./lib/sound/bang.wav
5.1339 	EXP 	polygon_1: autoDraw = True
5.1339 	EXP 	descriptionText_1: autoDraw = True
6.9947 	EXP 	polygon_1: autoDraw = False
6.9947 	EXP 	descriptionText_1: autoDraw = False
6.9947 	EXP 	fixationImage10: size = array([0.75, 1.  ])
6.9947 	EXP 	fixation10: autoDraw = True
6.9947 	EXP 	fixationImage10: autoDraw = True
6.9947 	EXP 	text: autoDraw = True
7.9784 	EXP 	text_2: autoDraw = True
7.9955 	EXP 	text: autoDraw = False
8.9800 	EXP 	text_2: autoDraw = False
8.9800 	EXP 	text_3: autoDraw = True
9.9810 	EXP 	text_3: autoDraw = False
9.9836 	EXP 	Created sequence: sequential, trialTypes=1, nReps=1, seed=None
9.9841 	EXP 	New trial (rep=0, index=0): None
10.0093 	EXP 	fixation10: autoDraw = False
10.0093 	EXP 	fixationImage10: autoDraw = False
10.0093 	EXP 	fixation10: autoDraw = False
10.0093 	EXP 	fixationImage10: autoDraw = False
10.0093 	EXP 	text: autoDraw = False
10.0093 	EXP 	text_2: autoDraw = False
10.0093 	EXP 	text_3: autoDraw = False
10.0093 	EXP 	greenProc: size = array([1.6, 1.2])
10.0093 	EXP 	ProcTarget: size = array([0.75, 1.  ])
10.0093 	EXP 	ProcTarget: image = './stimuli/images/205.bmp'
10.0093 	EXP 	ProcPicture: size = array([0.75, 1.  ])
10.0093 	EXP 	ProcPicture: image = './stimuli/images/142.bmp'
10.0093 	EXP 	blackProc: autoDraw = True
10.0093 	EXP 	greenProc: autoDraw = True
10.0093 	EXP 	ProcTarget: autoDraw = True
10.0093 	EXP 	ProcPicture: autoDraw = True
13.5173 	EXP 	blackProc: autoDraw = False
13.5173 	EXP 	greenProc: autoDraw = False
13.5173 	EXP 	ProcTarget: autoDraw = False
13.5173 	EXP 	ProcPicture: autoDraw = False
13.5173 	EXP 	blackProc: autoDraw = False
13.5173 	EXP 	greenProc: autoDraw = False
13.5173 	EXP 	ProcTarget: autoDraw = False
13.5173 	EXP 	ProcPicture: autoDraw = False
13.5173 	EXP 	whiteWaitInterTrial: size = array([0.75, 1.  ])
13.5173 	EXP 	blackWaitInterTrial: autoDraw = True
13.5173 	EXP 	whiteWaitInterTrial: autoDraw = True
15.0046 	EXP 	Created sequence: sequential, trialTypes=1, nReps=20, seed=None
15.0047 	EXP 	New trial (rep=0, index=0): None
15.0209 	EXP 	blackWaitInterTrial: autoDraw = False
15.0209 	EXP 	whiteWaitInterTrial: autoDraw = False
15.0209 	EXP 	blackWaitInterTrial: autoDraw = False
15.0209 	EXP 	whiteWaitInterTrial: autoDraw = False
15.0209 	EXP 	TrialPicture: size = array([0.75, 1.  ])
15.0209 	EXP 	TrialPicture: image = './stimuli/images/142.bmp'
15.0209 	EXP 	blackTrial: autoDraw = True
15.0209 	EXP 	whiteTrial: autoDraw = True
15.0209 	EXP 	TrialPicture: autoDraw = True
15.0209 	EXP 	green_1: autoDraw = True
15.0209 	EXP 	red_1: autoDraw = True
15.0540 	EXP 	Sound sound_1 started
16.0359 	EXP 	blackTrial: autoDraw = False
16.0359 	EXP 	whiteTrial: autoDraw = False
16.0359 	EXP 	TrialPicture: autoDraw = False
16.0359 	EXP 	green_1: autoDraw = False
16.0359 	EXP 	red_1: autoDraw = False
16.0359 	EXP 	blackTrial: autoDraw = False
16.0359 	EXP 	whiteTrial: autoDraw = False
16.0359 	EXP 	TrialPicture: autoDraw = False
16.0359 	EXP 	green_1: autoDraw = False
16.0359 	EXP 	red_1: autoDraw = False
16.0359 	EXP 	whiteWaitInterTrial_2: size = array([0.75, 1.  ])
16.0359 	EXP 	blackWaitInterTrial_2: autoDraw = True
16.0359 	EXP 	whiteWaitInterTrial_2: autoDraw = True
16.0359 	EXP 	green_fb_1: autoDraw = True
16.0359 	EXP 	red_fb_1: autoDraw = True
17.8245 	EXP 	New trial (rep=1, index=0): None
17.8396 	EXP 	blackWaitInterTrial_2: autoDraw = False
17.8396 	EXP 	whiteWaitInterTrial_2: autoDraw = False
17.8396 	EXP 	green_fb_1: autoDraw = False
17.8396 	EXP 	red_fb_1: autoDraw = False
17.8396 	EXP 	blackWaitInterTrial_2: autoDraw = False
17.8396 	EXP 	whiteWaitInterTrial_2: autoDraw = False
17.8396 	EXP 	green_fb_1: autoDraw = False
17.8396 	EXP 	red_fb_1: autoDraw = False
17.8396 	EXP 	TrialPicture: size = array([0.75, 1.  ])
17.8396 	EXP 	TrialPicture: image = './stimuli/images/186.bmp'
17.8396 	EXP 	blackTrial: autoDraw = True
17.8396 	EXP 	whiteTrial: autoDraw = True
17.8396 	EXP 	TrialPicture: autoDraw = True
17.8396 	EXP 	green_1: autoDraw = True
17.8396 	EXP 	red_1: autoDraw = True
18.0383 	EXP 	Sound sound_1 started
18.8552 	EXP 	blackTrial: autoDraw = False
18.8552 	EXP 	whiteTrial: autoDraw = False
18.8552 	EXP 	TrialPicture: autoDraw = False
18.8552 	EXP 	green_1: autoDraw = False
18.8552 	EXP 	red_1: autoDraw = False
18.8552 	EXP 	blackTrial: autoDraw = False
18.8552 	EXP 	whiteTrial: autoDraw = False
18.8552 	EXP 	TrialPicture: autoDraw = False
18.8552 	EXP 	green_1: autoDraw = False
18.8552 	EXP 	red_1: autoDraw = False
18.8552 	EXP 	whiteWaitInterTrial_2: size = array([0.75, 1.  ])
18.8552 	EXP 	blackWaitInterTrial_2: autoDraw = True
18.8552 	EXP 	whiteWaitInterTrial_2: autoDraw = True
18.8552 	EXP 	green_fb_1: autoDraw = True
18.8552 	EXP 	red_fb_1: autoDraw = True
20.6429 	EXP 	New trial (rep=2, index=0): None
20.6572 	EXP 	blackWaitInterTrial_2: autoDraw = False
20.6572 	EXP 	whiteWaitInterTrial_2: autoDraw = False
20.6572 	EXP 	green_fb_1: autoDraw = False
20.6572 	EXP 	red_fb_1: autoDraw = False
20.6572 	EXP 	blackWaitInterTrial_2: autoDraw = False
20.6572 	EXP 	whiteWaitInterTrial_2: autoDraw = False
20.6572 	EXP 	green_fb_1: autoDraw = False
20.6572 	EXP 	red_fb_1: autoDraw = False
20.6572 	EXP 	TrialPicture: size = array([0.75, 1.  ])
20.6572 	EXP 	TrialPicture: image = './stimuli/images/205.bmp'
20.6572 	EXP 	blackTrial: autoDraw = True
20.6572 	EXP 	whiteTrial: autoDraw = True
20.6572 	EXP 	TrialPicture: autoDraw = True
20.6572 	EXP 	green_1: autoDraw = True
20.6572 	EXP 	red_1: autoDraw = True
21.6743 	EXP 	blackTrial: autoDraw = False
21.6743 	EXP 	whiteTrial: autoDraw = False
21.6743 	EXP 	TrialPicture: autoDraw = False
21.6743 	EXP 	green_1: autoDraw = False
21.6743 	EXP 	red_1: autoDraw = False
21.6743 	EXP 	blackTrial: autoDraw = False
21.6743 	EXP 	whiteTrial: autoDraw = False
21.6743 	EXP 	TrialPicture: autoDraw = False
21.6743 	EXP 	green_1: autoDraw = False
21.6743 	EXP 	red_1: autoDraw = False
21.6743 	EXP 	whiteWaitInterTrial_2: size = array([0.75, 1.  ])
21.6743 	EXP 	blackWaitInterTrial_2: autoDraw = True
21.6743 	EXP 	whiteWaitInterTrial_2: autoDraw = True
21.6743 	EXP 	green_fb_1: autoDraw = True
21.6743 	EXP 	red_fb_1: autoDraw = True
23.3625 	EXP 	New trial (rep=3, index=0): None
23.3776 	EXP 	blackWaitInterTrial_2: autoDraw = False
23.3776 	EXP 	whiteWaitInterTrial_2: autoDraw = False
23.3776 	EXP 	green_fb_1: autoDraw = False
23.3776 	EXP 	red_fb_1: autoDraw = False
23.3776 	EXP 	blackWaitInterTrial_2: autoDraw = False
23.3776 	EXP 	whiteWaitInterTrial_2: autoDraw = False
23.3776 	EXP 	green_fb_1: autoDraw = False
23.3776 	EXP 	red_fb_1: autoDraw = False
23.3776 	EXP 	TrialPicture: size = array([0.75, 1.  ])
23.3776 	EXP 	TrialPicture: image = './stimuli/images/149.bmp'
23.3776 	EXP 	blackTrial: autoDraw = True
23.3776 	EXP 	whiteTrial: autoDraw = True
23.3776 	EXP 	TrialPicture: autoDraw = True
23.3776 	EXP 	green_1: autoDraw = True
23.3776 	EXP 	red_1: autoDraw = True
24.3937 	EXP 	blackTrial: autoDraw = False
24.3937 	EXP 	whiteTrial: autoDraw = False
24.3937 	EXP 	TrialPicture: autoDraw = False
24.3937 	EXP 	green_1: autoDraw = False
24.3937 	EXP 	red_1: autoDraw = False
24.3937 	EXP 	blackTrial: autoDraw = False
24.3937 	EXP 	whiteTrial: autoDraw = False
24.3937 	EXP 	TrialPicture: autoDraw = False
24.3937 	EXP 	green_1: autoDraw = False
24.3937 	EXP 	red_1: autoDraw = False
24.3937 	EXP 	whiteWaitInterTrial_2: size = array([0.75, 1.  ])
24.3937 	EXP 	blackWaitInterTrial_2: autoDraw = True
24.3937 	EXP 	whiteWaitInterTrial_2: autoDraw = True
24.3937 	EXP 	green_fb_1: autoDraw = True
24.3937 	EXP 	red_fb_1: autoDraw = True
25.9813 	EXP 	New trial (rep=4, index=0): None
25.9972 	EXP 	blackWaitInterTrial_2: autoDraw = False
25.9972 	EXP 	whiteWaitInterTrial_2: autoDraw = False
25.9972 	EXP 	green_fb_1: autoDraw = False
25.9972 	EXP 	red_fb_1: autoDraw = False
25.9972 	EXP 	blackWaitInterTrial_2: autoDraw = False
25.9972 	EXP 	whiteWaitInterTrial_2: autoDraw = False
25.9972 	EXP 	green_fb_1: autoDraw = False
25.9972 	EXP 	red_fb_1: autoDraw = False
25.9972 	EXP 	TrialPicture: size = array([0.75, 1.  ])
25.9972 	EXP 	TrialPicture: image = './stimuli/images/142.bmp'
25.9972 	EXP 	blackTrial: autoDraw = True
25.9972 	EXP 	whiteTrial: autoDraw = True
25.9972 	EXP 	TrialPicture: autoDraw = True
25.9972 	EXP 	green_1: autoDraw = True
25.9972 	EXP 	red_1: autoDraw = True
27.0130 	EXP 	blackTrial: autoDraw = False
27.0130 	EXP 	whiteTrial: autoDraw = False
27.0130 	EXP 	TrialPicture: autoDraw = False
27.0130 	EXP 	green_1: autoDraw = False
27.0130 	EXP 	red_1: autoDraw = False
27.0130 	EXP 	blackTrial: autoDraw = False
27.0130 	EXP 	whiteTrial: autoDraw = False
27.0130 	EXP 	TrialPicture: autoDraw = False
27.0130 	EXP 	green_1: autoDraw = False
27.0130 	EXP 	red_1: autoDraw = False
27.0130 	EXP 	whiteWaitInterTrial_2: size = array([0.75, 1.  ])
27.0130 	EXP 	blackWaitInterTrial_2: autoDraw = True
27.0130 	EXP 	whiteWaitInterTrial_2: autoDraw = True
27.0130 	EXP 	green_fb_1: autoDraw = True
27.0130 	EXP 	red_fb_1: autoDraw = True
28.6004 	EXP 	New trial (rep=5, index=0): None
28.6150 	EXP 	blackWaitInterTrial_2: autoDraw = False
28.6150 	EXP 	whiteWaitInterTrial_2: autoDraw = False
28.6150 	EXP 	green_fb_1: autoDraw = False
28.6150 	EXP 	red_fb_1: autoDraw = False
28.6150 	EXP 	blackWaitInterTrial_2: autoDraw = False
28.6150 	EXP 	whiteWaitInterTrial_2: autoDraw = False
28.6150 	EXP 	green_fb_1: autoDraw = False
28.6150 	EXP 	red_fb_1: autoDraw = False
28.6150 	EXP 	TrialPicture: size = array([0.75, 1.  ])
28.6150 	EXP 	TrialPicture: image = './stimuli/images/205.bmp'
28.6150 	EXP 	blackTrial: autoDraw = True
28.6150 	EXP 	whiteTrial: autoDraw = True
28.6150 	EXP 	TrialPicture: autoDraw = True
28.6150 	EXP 	green_1: autoDraw = True
28.6150 	EXP 	red_1: autoDraw = True
29.6318 	EXP 	blackTrial: autoDraw = False
29.6318 	EXP 	whiteTrial: autoDraw = False
29.6318 	EXP 	TrialPicture: autoDraw = False
29.6318 	EXP 	green_1: autoDraw = False
29.6318 	EXP 	red_1: autoDraw = False
29.6318 	EXP 	blackTrial: autoDraw = False
29.6318 	EXP 	whiteTrial: autoDraw = False
29.6318 	EXP 	TrialPicture: autoDraw = False
29.6318 	EXP 	green_1: autoDraw = False
29.6318 	EXP 	red_1: autoDraw = False
29.6318 	EXP 	whiteWaitInterTrial_2: size = array([0.75, 1.  ])
29.6318 	EXP 	blackWaitInterTrial_2: autoDraw = True
29.6318 	EXP 	whiteWaitInterTrial_2: autoDraw = True
29.6318 	EXP 	green_fb_1: autoDraw = True
29.6318 	EXP 	red_fb_1: autoDraw = True
31.4198 	EXP 	New trial (rep=6, index=0): None
31.4359 	EXP 	blackWaitInterTrial_2: autoDraw = False
31.4359 	EXP 	whiteWaitInterTrial_2: autoDraw = False
31.4359 	EXP 	green_fb_1: autoDraw = False
31.4359 	EXP 	red_fb_1: autoDraw = False
31.4359 	EXP 	blackWaitInterTrial_2: autoDraw = False
31.4359 	EXP 	whiteWaitInterTrial_2: autoDraw = False
31.4359 	EXP 	green_fb_1: autoDraw = False
31.4359 	EXP 	red_fb_1: autoDraw = False
31.4359 	EXP 	TrialPicture: size = array([0.75, 1.  ])
31.4359 	EXP 	TrialPicture: image = './stimuli/images/149.bmp'
31.4359 	EXP 	blackTrial: autoDraw = True
31.4359 	EXP 	whiteTrial: autoDraw = True
31.4359 	EXP 	TrialPicture: autoDraw = True
31.4359 	EXP 	green_1: autoDraw = True
31.4359 	EXP 	red_1: autoDraw = True
32.4510 	EXP 	blackTrial: autoDraw = False
32.4510 	EXP 	whiteTrial: autoDraw = False
32.4510 	EXP 	TrialPicture: autoDraw = False
32.4510 	EXP 	green_1: autoDraw = False
32.4510 	EXP 	red_1: autoDraw = False
32.4510 	EXP 	blackTrial: autoDraw = False
32.4510 	EXP 	whiteTrial: autoDraw = False
32.4510 	EXP 	TrialPicture: autoDraw = False
32.4510 	EXP 	green_1: autoDraw = False
32.4510 	EXP 	red_1: autoDraw = False
32.4510 	EXP 	whiteWaitInterTrial_2: size = array([0.75, 1.  ])
32.4510 	EXP 	blackWaitInterTrial_2: autoDraw = True
32.4510 	EXP 	whiteWaitInterTrial_2: autoDraw = True
32.4510 	EXP 	green_fb_1: autoDraw = True
32.4510 	EXP 	red_fb_1: autoDraw = True
34.0382 	EXP 	New trial (rep=7, index=0): None
34.0528 	EXP 	blackWaitInterTrial_2: autoDraw = False
34.0528 	EXP 	whiteWaitInterTrial_2: autoDraw = False
34.0528 	EXP 	green_fb_1: autoDraw = False
34.0528 	EXP 	red_fb_1: autoDraw = False
34.0528 	EXP 	blackWaitInterTrial_2: autoDraw = False
34.0528 	EXP 	whiteWaitInterTrial_2: autoDraw = False
34.0528 	EXP 	green_fb_1: autoDraw = False
34.0528 	EXP 	red_fb_1: autoDraw = False
34.0528 	EXP 	TrialPicture: size = array([0.75, 1.  ])
34.0528 	EXP 	TrialPicture: image = './stimuli/images/186.bmp'
34.0528 	EXP 	blackTrial: autoDraw = True
34.0528 	EXP 	whiteTrial: autoDraw = True
34.0528 	EXP 	TrialPicture: autoDraw = True
34.0528 	EXP 	green_1: autoDraw = True
34.0528 	EXP 	red_1: autoDraw = True
35.0701 	EXP 	blackTrial: autoDraw = False
35.0701 	EXP 	whiteTrial: autoDraw = False
35.0701 	EXP 	TrialPicture: autoDraw = False
35.0701 	EXP 	green_1: autoDraw = False
35.0701 	EXP 	red_1: autoDraw = False
35.0701 	EXP 	blackTrial: autoDraw = False
35.0701 	EXP 	whiteTrial: autoDraw = False
35.0701 	EXP 	TrialPicture: autoDraw = False
35.0701 	EXP 	green_1: autoDraw = False
35.0701 	EXP 	red_1: autoDraw = False
35.0701 	EXP 	whiteWaitInterTrial_2: size = array([0.75, 1.  ])
35.0701 	EXP 	blackWaitInterTrial_2: autoDraw = True
35.0701 	EXP 	whiteWaitInterTrial_2: autoDraw = True
35.0701 	EXP 	green_fb_1: autoDraw = True
35.0701 	EXP 	red_fb_1: autoDraw = True
36.7577 	EXP 	New trial (rep=8, index=0): None
36.7885 	EXP 	blackWaitInterTrial_2: autoDraw = False
36.7885 	EXP 	whiteWaitInterTrial_2: autoDraw = False
36.7885 	EXP 	green_fb_1: autoDraw = False
36.7885 	EXP 	red_fb_1: autoDraw = False
36.7885 	EXP 	blackWaitInterTrial_2: autoDraw = False
36.7885 	EXP 	whiteWaitInterTrial_2: autoDraw = False
36.7885 	EXP 	green_fb_1: autoDraw = False
36.7885 	EXP 	red_fb_1: autoDraw = False
36.7885 	EXP 	TrialPicture: size = array([0.75, 1.  ])
36.7885 	EXP 	TrialPicture: image = './stimuli/images/205.bmp'
36.7885 	EXP 	blackTrial: autoDraw = True
36.7885 	EXP 	whiteTrial: autoDraw = True
36.7885 	EXP 	TrialPicture: autoDraw = True
36.7885 	EXP 	green_1: autoDraw = True
36.7885 	EXP 	red_1: autoDraw = True
37.8057 	EXP 	blackTrial: autoDraw = False
37.8057 	EXP 	whiteTrial: autoDraw = False
37.8057 	EXP 	TrialPicture: autoDraw = False
37.8057 	EXP 	green_1: autoDraw = False
37.8057 	EXP 	red_1: autoDraw = False
37.8057 	EXP 	blackTrial: autoDraw = False
37.8057 	EXP 	whiteTrial: autoDraw = False
37.8057 	EXP 	TrialPicture: autoDraw = False
37.8057 	EXP 	green_1: autoDraw = False
37.8057 	EXP 	red_1: autoDraw = False
37.8057 	EXP 	whiteWaitInterTrial_2: size = array([0.75, 1.  ])
37.8057 	EXP 	blackWaitInterTrial_2: autoDraw = True
37.8057 	EXP 	whiteWaitInterTrial_2: autoDraw = True
37.8057 	EXP 	green_fb_1: autoDraw = True
37.8057 	EXP 	red_fb_1: autoDraw = True
39.5935 	EXP 	New trial (rep=9, index=0): None
39.6078 	EXP 	blackWaitInterTrial_2: autoDraw = False
39.6078 	EXP 	whiteWaitInterTrial_2: autoDraw = False
39.6078 	EXP 	green_fb_1: autoDraw = False
39.6078 	EXP 	red_fb_1: autoDraw = False
39.6078 	EXP 	blackWaitInterTrial_2: autoDraw = False
39.6078 	EXP 	whiteWaitInterTrial_2: autoDraw = False
39.6078 	EXP 	green_fb_1: autoDraw = False
39.6078 	EXP 	red_fb_1: autoDraw = False
39.6078 	EXP 	TrialPicture: size = array([0.75, 1.  ])
39.6078 	EXP 	TrialPicture: image = './stimuli/images/149.bmp'
39.6078 	EXP 	blackTrial: autoDraw = True
39.6078 	EXP 	whiteTrial: autoDraw = True
39.6078 	EXP 	TrialPicture: autoDraw = True
39.6078 	EXP 	green_1: autoDraw = True
39.6078 	EXP 	red_1: autoDraw = True
40.6246 	EXP 	blackTrial: autoDraw = False
40.6246 	EXP 	whiteTrial: autoDraw = False
40.6246 	EXP 	TrialPicture: autoDraw = False
40.6246 	EXP 	green_1: autoDraw = False
40.6246 	EXP 	red_1: autoDraw = False
40.6246 	EXP 	blackTrial: autoDraw = False
40.6246 	EXP 	whiteTrial: autoDraw = False
40.6246 	EXP 	TrialPicture: autoDraw = False
40.6246 	EXP 	green_1: autoDraw = False
40.6246 	EXP 	red_1: autoDraw = False
40.6246 	EXP 	whiteWaitInterTrial_2: size = array([0.75, 1.  ])
40.6246 	EXP 	blackWaitInterTrial_2: autoDraw = True
40.6246 	EXP 	whiteWaitInterTrial_2: autoDraw = True
40.6246 	EXP 	green_fb_1: autoDraw = True
40.6246 	EXP 	red_fb_1: autoDraw = True
42.2131 	EXP 	New trial (rep=10, index=0): None
42.2283 	EXP 	blackWaitInterTrial_2: autoDraw = False
42.2283 	EXP 	whiteWaitInterTrial_2: autoDraw = False
42.2283 	EXP 	green_fb_1: autoDraw = False
42.2283 	EXP 	red_fb_1: autoDraw = False
42.2283 	EXP 	blackWaitInterTrial_2: autoDraw = False
42.2283 	EXP 	whiteWaitInterTrial_2: autoDraw = False
42.2283 	EXP 	green_fb_1: autoDraw = False
42.2283 	EXP 	red_fb_1: autoDraw = False
42.2283 	EXP 	TrialPicture: size = array([0.75, 1.  ])
42.2283 	EXP 	TrialPicture: image = './stimuli/images/149.bmp'
42.2283 	EXP 	blackTrial: autoDraw = True
42.2283 	EXP 	whiteTrial: autoDraw = True
42.2283 	EXP 	TrialPicture: autoDraw = True
42.2283 	EXP 	green_1: autoDraw = True
42.2283 	EXP 	red_1: autoDraw = True
43.2438 	EXP 	blackTrial: autoDraw = False
43.2438 	EXP 	whiteTrial: autoDraw = False
43.2438 	EXP 	TrialPicture: autoDraw = False
43.2438 	EXP 	green_1: autoDraw = False
43.2438 	EXP 	red_1: autoDraw = False
43.2438 	EXP 	blackTrial: autoDraw = False
43.2438 	EXP 	whiteTrial: autoDraw = False
43.2438 	EXP 	TrialPicture: autoDraw = False
43.2438 	EXP 	green_1: autoDraw = False
43.2438 	EXP 	red_1: autoDraw = False
43.2438 	EXP 	whiteWaitInterTrial_2: size = array([0.75, 1.  ])
43.2438 	EXP 	blackWaitInterTrial_2: autoDraw = True
43.2438 	EXP 	whiteWaitInterTrial_2: autoDraw = True
43.2438 	EXP 	green_fb_1: autoDraw = True
43.2438 	EXP 	red_fb_1: autoDraw = True
44.9319 	EXP 	New trial (rep=11, index=0): None
44.9474 	EXP 	blackWaitInterTrial_2: autoDraw = False
44.9474 	EXP 	whiteWaitInterTrial_2: autoDraw = False
44.9474 	EXP 	green_fb_1: autoDraw = False
44.9474 	EXP 	red_fb_1: autoDraw = False
44.9474 	EXP 	blackWaitInterTrial_2: autoDraw = False
44.9474 	EXP 	whiteWaitInterTrial_2: autoDraw = False
44.9474 	EXP 	green_fb_1: autoDraw = False
44.9474 	EXP 	red_fb_1: autoDraw = False
44.9474 	EXP 	TrialPicture: size = array([0.75, 1.  ])
44.9474 	EXP 	TrialPicture: image = './stimuli/images/186.bmp'
44.9474 	EXP 	blackTrial: autoDraw = True
44.9474 	EXP 	whiteTrial: autoDraw = True
44.9474 	EXP 	TrialPicture: autoDraw = True
44.9474 	EXP 	green_1: autoDraw = True
44.9474 	EXP 	red_1: autoDraw = True
45.9629 	EXP 	blackTrial: autoDraw = False
45.9629 	EXP 	whiteTrial: autoDraw = False
45.9629 	EXP 	TrialPicture: autoDraw = False
45.9629 	EXP 	green_1: autoDraw = False
45.9629 	EXP 	red_1: autoDraw = False
45.9629 	EXP 	blackTrial: autoDraw = False
45.9629 	EXP 	whiteTrial: autoDraw = False
45.9629 	EXP 	TrialPicture: autoDraw = False
45.9629 	EXP 	green_1: autoDraw = False
45.9629 	EXP 	red_1: autoDraw = False
45.9629 	EXP 	whiteWaitInterTrial_2: size = array([0.75, 1.  ])
45.9629 	EXP 	blackWaitInterTrial_2: autoDraw = True
45.9629 	EXP 	whiteWaitInterTrial_2: autoDraw = True
45.9629 	EXP 	green_fb_1: autoDraw = True
45.9629 	EXP 	red_fb_1: autoDraw = True
47.6506 	EXP 	New trial (rep=12, index=0): None
47.6653 	EXP 	blackWaitInterTrial_2: autoDraw = False
47.6653 	EXP 	whiteWaitInterTrial_2: autoDraw = False
47.6653 	EXP 	green_fb_1: autoDraw = False
47.6653 	EXP 	red_fb_1: autoDraw = False
47.6653 	EXP 	blackWaitInterTrial_2: autoDraw = False
47.6653 	EXP 	whiteWaitInterTrial_2: autoDraw = False
47.6653 	EXP 	green_fb_1: autoDraw = False
47.6653 	EXP 	red_fb_1: autoDraw = False
47.6653 	EXP 	TrialPicture: size = array([0.75, 1.  ])
47.6653 	EXP 	TrialPicture: image = './stimuli/images/142.bmp'
47.6653 	EXP 	blackTrial: autoDraw = True
47.6653 	EXP 	whiteTrial: autoDraw = True
47.6653 	EXP 	TrialPicture: autoDraw = True
47.6653 	EXP 	green_1: autoDraw = True
47.6653 	EXP 	red_1: autoDraw = True
48.6819 	EXP 	blackTrial: autoDraw = False
48.6819 	EXP 	whiteTrial: autoDraw = False
48.6819 	EXP 	TrialPicture: autoDraw = False
48.6819 	EXP 	green_1: autoDraw = False
48.6819 	EXP 	red_1: autoDraw = False
48.6819 	EXP 	blackTrial: autoDraw = False
48.6819 	EXP 	whiteTrial: autoDraw = False
48.6819 	EXP 	TrialPicture: autoDraw = False
48.6819 	EXP 	green_1: autoDraw = False
48.6819 	EXP 	red_1: autoDraw = False
48.6819 	EXP 	whiteWaitInterTrial_2: size = array([0.75, 1.  ])
48.6819 	EXP 	blackWaitInterTrial_2: autoDraw = True
48.6819 	EXP 	whiteWaitInterTrial_2: autoDraw = True
48.6819 	EXP 	green_fb_1: autoDraw = True
48.6819 	EXP 	red_fb_1: autoDraw = True
50.2689 	EXP 	New trial (rep=13, index=0): None
50.2827 	EXP 	blackWaitInterTrial_2: autoDraw = False
50.2827 	EXP 	whiteWaitInterTrial_2: autoDraw = False
50.2827 	EXP 	green_fb_1: autoDraw = False
50.2827 	EXP 	red_fb_1: autoDraw = False
50.2827 	EXP 	blackWaitInterTrial_2: autoDraw = False
50.2827 	EXP 	whiteWaitInterTrial_2: autoDraw = False
50.2827 	EXP 	green_fb_1: autoDraw = False
50.2827 	EXP 	red_fb_1: autoDraw = False
50.2827 	EXP 	TrialPicture: size = array([0.75, 1.  ])
50.2827 	EXP 	TrialPicture: image = './stimuli/images/186.bmp'
50.2827 	EXP 	blackTrial: autoDraw = True
50.2827 	EXP 	whiteTrial: autoDraw = True
50.2827 	EXP 	TrialPicture: autoDraw = True
50.2827 	EXP 	green_1: autoDraw = True
50.2827 	EXP 	red_1: autoDraw = True
51.3005 	EXP 	blackTrial: autoDraw = False
51.3005 	EXP 	whiteTrial: autoDraw = False
51.3005 	EXP 	TrialPicture: autoDraw = False
51.3005 	EXP 	green_1: autoDraw = False
51.3005 	EXP 	red_1: autoDraw = False
51.3005 	EXP 	blackTrial: autoDraw = False
51.3005 	EXP 	whiteTrial: autoDraw = False
51.3005 	EXP 	TrialPicture: autoDraw = False
51.3005 	EXP 	green_1: autoDraw = False
51.3005 	EXP 	red_1: autoDraw = False
51.3005 	EXP 	whiteWaitInterTrial_2: size = array([0.75, 1.  ])
51.3005 	EXP 	blackWaitInterTrial_2: autoDraw = True
51.3005 	EXP 	whiteWaitInterTrial_2: autoDraw = True
51.3005 	EXP 	green_fb_1: autoDraw = True
51.3005 	EXP 	red_fb_1: autoDraw = True
53.0881 	EXP 	New trial (rep=14, index=0): None
53.1029 	EXP 	blackWaitInterTrial_2: autoDraw = False
53.1029 	EXP 	whiteWaitInterTrial_2: autoDraw = False
53.1029 	EXP 	green_fb_1: autoDraw = False
53.1029 	EXP 	red_fb_1: autoDraw = False
53.1029 	EXP 	blackWaitInterTrial_2: autoDraw = False
53.1029 	EXP 	whiteWaitInterTrial_2: autoDraw = False
53.1029 	EXP 	green_fb_1: autoDraw = False
53.1029 	EXP 	red_fb_1: autoDraw = False
53.1029 	EXP 	TrialPicture: size = array([0.75, 1.  ])
53.1029 	EXP 	TrialPicture: image = './stimuli/images/205.bmp'
53.1029 	EXP 	blackTrial: autoDraw = True
53.1029 	EXP 	whiteTrial: autoDraw = True
53.1029 	EXP 	TrialPicture: autoDraw = True
53.1029 	EXP 	green_1: autoDraw = True
53.1029 	EXP 	red_1: autoDraw = True
54.1196 	EXP 	blackTrial: autoDraw = False
54.1196 	EXP 	whiteTrial: autoDraw = False
54.1196 	EXP 	TrialPicture: autoDraw = False
54.1196 	EXP 	green_1: autoDraw = False
54.1196 	EXP 	red_1: autoDraw = False
54.1196 	EXP 	blackTrial: autoDraw = False
54.1196 	EXP 	whiteTrial: autoDraw = False
54.1196 	EXP 	TrialPicture: autoDraw = False
54.1196 	EXP 	green_1: autoDraw = False
54.1196 	EXP 	red_1: autoDraw = False
54.1196 	EXP 	whiteWaitInterTrial_2: size = array([0.75, 1.  ])
54.1196 	EXP 	blackWaitInterTrial_2: autoDraw = True
54.1196 	EXP 	whiteWaitInterTrial_2: autoDraw = True
54.1196 	EXP 	green_fb_1: autoDraw = True
54.1196 	EXP 	red_fb_1: autoDraw = True
55.7080 	EXP 	New trial (rep=15, index=0): None
55.7377 	EXP 	blackWaitInterTrial_2: autoDraw = False
55.7377 	EXP 	whiteWaitInterTrial_2: autoDraw = False
55.7377 	EXP 	green_fb_1: autoDraw = False
55.7377 	EXP 	red_fb_1: autoDraw = False
55.7377 	EXP 	blackWaitInterTrial_2: autoDraw = False
55.7377 	EXP 	whiteWaitInterTrial_2: autoDraw = False
55.7377 	EXP 	green_fb_1: autoDraw = False
55.7377 	EXP 	red_fb_1: autoDraw = False
55.7377 	EXP 	TrialPicture: size = array([0.75, 1.  ])
55.7377 	EXP 	TrialPicture: image = './stimuli/images/149.bmp'
55.7377 	EXP 	blackTrial: autoDraw = True
55.7377 	EXP 	whiteTrial: autoDraw = True
55.7377 	EXP 	TrialPicture: autoDraw = True
55.7377 	EXP 	green_1: autoDraw = True
55.7377 	EXP 	red_1: autoDraw = True
56.7552 	EXP 	blackTrial: autoDraw = False
56.7552 	EXP 	whiteTrial: autoDraw = False
56.7552 	EXP 	TrialPicture: autoDraw = False
56.7552 	EXP 	green_1: autoDraw = False
56.7552 	EXP 	red_1: autoDraw = False
56.7552 	EXP 	blackTrial: autoDraw = False
56.7552 	EXP 	whiteTrial: autoDraw = False
56.7552 	EXP 	TrialPicture: autoDraw = False
56.7552 	EXP 	green_1: autoDraw = False
56.7552 	EXP 	red_1: autoDraw = False
56.7552 	EXP 	whiteWaitInterTrial_2: size = array([0.75, 1.  ])
56.7552 	EXP 	blackWaitInterTrial_2: autoDraw = True
56.7552 	EXP 	whiteWaitInterTrial_2: autoDraw = True
56.7552 	EXP 	green_fb_1: autoDraw = True
56.7552 	EXP 	red_fb_1: autoDraw = True
58.4442 	EXP 	New trial (rep=16, index=0): None
58.4604 	EXP 	blackWaitInterTrial_2: autoDraw = False
58.4604 	EXP 	whiteWaitInterTrial_2: autoDraw = False
58.4604 	EXP 	green_fb_1: autoDraw = False
58.4604 	EXP 	red_fb_1: autoDraw = False
58.4604 	EXP 	blackWaitInterTrial_2: autoDraw = False
58.4604 	EXP 	whiteWaitInterTrial_2: autoDraw = False
58.4604 	EXP 	green_fb_1: autoDraw = False
58.4604 	EXP 	red_fb_1: autoDraw = False
58.4604 	EXP 	TrialPicture: size = array([0.75, 1.  ])
58.4604 	EXP 	TrialPicture: image = './stimuli/images/142.bmp'
58.4604 	EXP 	blackTrial: autoDraw = True
58.4604 	EXP 	whiteTrial: autoDraw = True
58.4604 	EXP 	TrialPicture: autoDraw = True
58.4604 	EXP 	green_1: autoDraw = True
58.4604 	EXP 	red_1: autoDraw = True
59.4745 	EXP 	blackTrial: autoDraw = False
59.4745 	EXP 	whiteTrial: autoDraw = False
59.4745 	EXP 	TrialPicture: autoDraw = False
59.4745 	EXP 	green_1: autoDraw = False
59.4745 	EXP 	red_1: autoDraw = False
59.4745 	EXP 	blackTrial: autoDraw = False
59.4745 	EXP 	whiteTrial: autoDraw = False
59.4745 	EXP 	TrialPicture: autoDraw = False
59.4745 	EXP 	green_1: autoDraw = False
59.4745 	EXP 	red_1: autoDraw = False
59.4745 	EXP 	whiteWaitInterTrial_2: size = array([0.75, 1.  ])
59.4745 	EXP 	blackWaitInterTrial_2: autoDraw = True
59.4745 	EXP 	whiteWaitInterTrial_2: autoDraw = True
59.4745 	EXP 	green_fb_1: autoDraw = True
59.4745 	EXP 	red_fb_1: autoDraw = True
61.2620 	EXP 	New trial (rep=17, index=0): None
61.2767 	EXP 	blackWaitInterTrial_2: autoDraw = False
61.2767 	EXP 	whiteWaitInterTrial_2: autoDraw = False
61.2767 	EXP 	green_fb_1: autoDraw = False
61.2767 	EXP 	red_fb_1: autoDraw = False
61.2767 	EXP 	blackWaitInterTrial_2: autoDraw = False
61.2767 	EXP 	whiteWaitInterTrial_2: autoDraw = False
61.2767 	EXP 	green_fb_1: autoDraw = False
61.2767 	EXP 	red_fb_1: autoDraw = False
61.2767 	EXP 	TrialPicture: size = array([0.75, 1.  ])
61.2767 	EXP 	TrialPicture: image = './stimuli/images/205.bmp'
61.2767 	EXP 	blackTrial: autoDraw = True
61.2767 	EXP 	whiteTrial: autoDraw = True
61.2767 	EXP 	TrialPicture: autoDraw = True
61.2767 	EXP 	green_1: autoDraw = True
61.2767 	EXP 	red_1: autoDraw = True
62.2939 	EXP 	blackTrial: autoDraw = False
62.2939 	EXP 	whiteTrial: autoDraw = False
62.2939 	EXP 	TrialPicture: autoDraw = False
62.2939 	EXP 	green_1: autoDraw = False
62.2939 	EXP 	red_1: autoDraw = False
62.2939 	EXP 	blackTrial: autoDraw = False
62.2939 	EXP 	whiteTrial: autoDraw = False
62.2939 	EXP 	TrialPicture: autoDraw = False
62.2939 	EXP 	green_1: autoDraw = False
62.2939 	EXP 	red_1: autoDraw = False
62.2939 	EXP 	whiteWaitInterTrial_2: size = array([0.75, 1.  ])
62.2939 	EXP 	blackWaitInterTrial_2: autoDraw = True
62.2939 	EXP 	whiteWaitInterTrial_2: autoDraw = True
62.2939 	EXP 	green_fb_1: autoDraw = True
62.2939 	EXP 	red_fb_1: autoDraw = True
63.8804 	EXP 	New trial (rep=18, index=0): None
63.8943 	EXP 	blackWaitInterTrial_2: autoDraw = False
63.8943 	EXP 	whiteWaitInterTrial_2: autoDraw = False
63.8943 	EXP 	green_fb_1: autoDraw = False
63.8943 	EXP 	red_fb_1: autoDraw = False
63.8943 	EXP 	blackWaitInterTrial_2: autoDraw = False
63.8943 	EXP 	whiteWaitInterTrial_2: autoDraw = False
63.8943 	EXP 	green_fb_1: autoDraw = False
63.8943 	EXP 	red_fb_1: autoDraw = False
63.8943 	EXP 	TrialPicture: size = array([0.75, 1.  ])
63.8943 	EXP 	TrialPicture: image = './stimuli/images/149.bmp'
63.8943 	EXP 	blackTrial: autoDraw = True
63.8943 	EXP 	whiteTrial: autoDraw = True
63.8943 	EXP 	TrialPicture: autoDraw = True
63.8943 	EXP 	green_1: autoDraw = True
63.8943 	EXP 	red_1: autoDraw = True
64.9124 	EXP 	blackTrial: autoDraw = False
64.9124 	EXP 	whiteTrial: autoDraw = False
64.9124 	EXP 	TrialPicture: autoDraw = False
64.9124 	EXP 	green_1: autoDraw = False
64.9124 	EXP 	red_1: autoDraw = False
64.9124 	EXP 	blackTrial: autoDraw = False
64.9124 	EXP 	whiteTrial: autoDraw = False
64.9124 	EXP 	TrialPicture: autoDraw = False
64.9124 	EXP 	green_1: autoDraw = False
64.9124 	EXP 	red_1: autoDraw = False
64.9124 	EXP 	whiteWaitInterTrial_2: size = array([0.75, 1.  ])
64.9124 	EXP 	blackWaitInterTrial_2: autoDraw = True
64.9124 	EXP 	whiteWaitInterTrial_2: autoDraw = True
64.9124 	EXP 	green_fb_1: autoDraw = True
64.9124 	EXP 	red_fb_1: autoDraw = True
66.6003 	EXP 	New trial (rep=19, index=0): None
66.6148 	EXP 	blackWaitInterTrial_2: autoDraw = False
66.6148 	EXP 	whiteWaitInterTrial_2: autoDraw = False
66.6148 	EXP 	green_fb_1: autoDraw = False
66.6148 	EXP 	red_fb_1: autoDraw = False
66.6148 	EXP 	blackWaitInterTrial_2: autoDraw = False
66.6148 	EXP 	whiteWaitInterTrial_2: autoDraw = False
66.6148 	EXP 	green_fb_1: autoDraw = False
66.6148 	EXP 	red_fb_1: autoDraw = False
66.6148 	EXP 	TrialPicture: size = array([0.75, 1.  ])
66.6148 	EXP 	TrialPicture: image = './stimuli/images/186.bmp'
66.6148 	EXP 	blackTrial: autoDraw = True
66.6148 	EXP 	whiteTrial: autoDraw = True
66.6148 	EXP 	TrialPicture: autoDraw = True
66.6148 	EXP 	green_1: autoDraw = True
66.6148 	EXP 	red_1: autoDraw = True
67.6314 	EXP 	blackTrial: autoDraw = False
67.6314 	EXP 	whiteTrial: autoDraw = False
67.6314 	EXP 	TrialPicture: autoDraw = False
67.6314 	EXP 	green_1: autoDraw = False
67.6314 	EXP 	red_1: autoDraw = False
67.6314 	EXP 	blackTrial: autoDraw = False
67.6314 	EXP 	whiteTrial: autoDraw = False
67.6314 	EXP 	TrialPicture: autoDraw = False
67.6314 	EXP 	green_1: autoDraw = False
67.6314 	EXP 	red_1: autoDraw = False
67.6314 	EXP 	whiteWaitInterTrial_2: size = array([0.75, 1.  ])
67.6314 	EXP 	blackWaitInterTrial_2: autoDraw = True
67.6314 	EXP 	whiteWaitInterTrial_2: autoDraw = True
67.6314 	EXP 	green_fb_1: autoDraw = True
67.6314 	EXP 	red_fb_1: autoDraw = True
69.3329 	EXP 	blackWaitInterTrial_2: autoDraw = False
69.3329 	EXP 	whiteWaitInterTrial_2: autoDraw = False
69.3329 	EXP 	green_fb_1: autoDraw = False
69.3329 	EXP 	red_fb_1: autoDraw = False
69.3329 	EXP 	blackWaitInterTrial_2: autoDraw = False
69.3329 	EXP 	whiteWaitInterTrial_2: autoDraw = False
69.3329 	EXP 	green_fb_1: autoDraw = False
69.3329 	EXP 	red_fb_1: autoDraw = False
69.3329 	EXP 	fixationImage: size = array([0.75, 1.  ])
69.3329 	EXP 	fixation: autoDraw = True
69.3329 	EXP 	fixationImage: autoDraw = True
71.3347 	EXP 	fixation: autoDraw = False
71.3347 	EXP 	fixationImage: autoDraw = False
71.3347 	EXP 	polygon_end: autoDraw = True
71.3347 	EXP 	end_text: autoDraw = True
73.3415 	WARNING 	Hamming was requested using the 'pygame' sound library but hamming is not supported there.
73.3418 	EXP 	Set sound_1 sound=./lib/sound/bird.wav
73.3418 	WARNING 	Hamming was requested using the 'pygame' sound library but hamming is not supported there.
73.3420 	EXP 	Set sound_2 sound=./lib/sound/bang.wav
73.3555 	EXP 	polygon_end: autoDraw = False
73.3555 	EXP 	end_text: autoDraw = False
73.3555 	EXP 	polygon_15: autoDraw = True
73.3555 	EXP 	descriptionText_15: autoDraw = True
84.9132 	EXP 	polygon_15: autoDraw = False
84.9132 	EXP 	descriptionText_15: autoDraw = False
84.9132 	EXP 	fixationImage10: size = array([0.75, 1.  ])
84.9132 	EXP 	fixation10: autoDraw = True
84.9132 	EXP 	fixationImage10: autoDraw = True
84.9132 	EXP 	text: autoDraw = True
85.8951 	EXP 	text_2: autoDraw = True
85.9308 	EXP 	text: autoDraw = False
86.8983 	EXP 	text_2: autoDraw = False
86.8983 	EXP 	text_3: autoDraw = True
87.8992 	EXP 	text_3: autoDraw = False
87.9009 	EXP 	Created sequence: sequential, trialTypes=1, nReps=1, seed=None
87.9011 	EXP 	New trial (rep=0, index=0): None
87.9214 	EXP 	fixation10: autoDraw = False
87.9214 	EXP 	fixationImage10: autoDraw = False
87.9214 	EXP 	fixation10: autoDraw = False
87.9214 	EXP 	fixationImage10: autoDraw = False
87.9214 	EXP 	text: autoDraw = False
87.9214 	EXP 	text_2: autoDraw = False
87.9214 	EXP 	text_3: autoDraw = False
87.9214 	EXP 	greenProc_2: size = array([1.6, 1.2])
87.9214 	EXP 	ProcTarget_2: size = array([0.75, 1.  ])
87.9214 	EXP 	ProcTarget_2: image = './stimuli/images/061.bmp'
87.9214 	EXP 	ProcPicture_2: size = array([0.75, 1.  ])
87.9214 	EXP 	ProcPicture_2: image = './stimuli/images/008.bmp'
87.9214 	EXP 	blackProc_2: autoDraw = True
87.9214 	EXP 	greenProc_2: autoDraw = True
87.9214 	EXP 	ProcTarget_2: autoDraw = True
87.9214 	EXP 	ProcPicture_2: autoDraw = True
91.4356 	EXP 	blackProc_2: autoDraw = False
91.4356 	EXP 	greenProc_2: autoDraw = False
91.4356 	EXP 	ProcTarget_2: autoDraw = False
91.4356 	EXP 	ProcPicture_2: autoDraw = False
91.4356 	EXP 	blackProc_2: autoDraw = False
91.4356 	EXP 	greenProc_2: autoDraw = False
91.4356 	EXP 	ProcTarget_2: autoDraw = False
91.4356 	EXP 	ProcPicture_2: autoDraw = False
91.4356 	EXP 	whiteWaitInterTrial_3: size = array([0.75, 1.  ])
91.4356 	EXP 	blackWaitInterTrial_3: autoDraw = True
91.4356 	EXP 	whiteWaitInterTrial_3: autoDraw = True
92.9223 	EXP 	Created sequence: sequential, trialTypes=1, nReps=20, seed=None
92.9225 	EXP 	New trial (rep=0, index=0): None
92.9406 	EXP 	blackWaitInterTrial_3: autoDraw = False
92.9406 	EXP 	whiteWaitInterTrial_3: autoDraw = False
92.9406 	EXP 	blackWaitInterTrial_3: autoDraw = False
92.9406 	EXP 	whiteWaitInterTrial_3: autoDraw = False
92.9406 	EXP 	TrialPicture_2: size = array([0.75, 1.  ])
92.9406 	EXP 	TrialPicture_2: image = './stimuli/images/152.bmp'
92.9406 	EXP 	blackTrial_2: autoDraw = True
92.9406 	EXP 	whiteTrial_2: autoDraw = True
92.9406 	EXP 	TrialPicture_2: autoDraw = True
92.9406 	EXP 	green_2: autoDraw = True
92.9406 	EXP 	red_2: autoDraw = True
93.9718 	EXP 	blackTrial_2: autoDraw = False
93.9718 	EXP 	whiteTrial_2: autoDraw = False
93.9718 	EXP 	TrialPicture_2: autoDraw = False
93.9718 	EXP 	green_2: autoDraw = False
93.9718 	EXP 	red_2: autoDraw = False
93.9718 	EXP 	blackTrial_2: autoDraw = False
93.9718 	EXP 	whiteTrial_2: autoDraw = False
93.9718 	EXP 	TrialPicture_2: autoDraw = False
93.9718 	EXP 	green_2: autoDraw = False
93.9718 	EXP 	red_2: autoDraw = False
93.9718 	EXP 	whiteWaitInterTrial_4: size = array([0.75, 1.  ])
93.9718 	EXP 	blackWaitInterTrial_4: autoDraw = True
93.9718 	EXP 	whiteWaitInterTrial_4: autoDraw = True
93.9718 	EXP 	green_fb_2: autoDraw = True
93.9718 	EXP 	red_fb_2: autoDraw = True
95.7593 	EXP 	New trial (rep=1, index=0): None
95.7745 	EXP 	blackWaitInterTrial_4: autoDraw = False
95.7745 	EXP 	whiteWaitInterTrial_4: autoDraw = False
95.7745 	EXP 	green_fb_2: autoDraw = False
95.7745 	EXP 	red_fb_2: autoDraw = False
95.7745 	EXP 	blackWaitInterTrial_4: autoDraw = False
95.7745 	EXP 	whiteWaitInterTrial_4: autoDraw = False
95.7745 	EXP 	green_fb_2: autoDraw = False
95.7745 	EXP 	red_fb_2: autoDraw = False
95.7745 	EXP 	TrialPicture_2: size = array([0.75, 1.  ])
95.7745 	EXP 	TrialPicture_2: image = './stimuli/images/061.bmp'
95.7745 	EXP 	blackTrial_2: autoDraw = True
95.7745 	EXP 	whiteTrial_2: autoDraw = True
95.7745 	EXP 	TrialPicture_2: autoDraw = True
95.7745 	EXP 	green_2: autoDraw = True
95.7745 	EXP 	red_2: autoDraw = True
96.7898 	EXP 	blackTrial_2: autoDraw = False
96.7898 	EXP 	whiteTrial_2: autoDraw = False
96.7898 	EXP 	TrialPicture_2: autoDraw = False
96.7898 	EXP 	green_2: autoDraw = False
96.7898 	EXP 	red_2: autoDraw = False
96.7898 	EXP 	blackTrial_2: autoDraw = False
96.7898 	EXP 	whiteTrial_2: autoDraw = False
96.7898 	EXP 	TrialPicture_2: autoDraw = False
96.7898 	EXP 	green_2: autoDraw = False
96.7898 	EXP 	red_2: autoDraw = False
96.7898 	EXP 	whiteWaitInterTrial_4: size = array([0.75, 1.  ])
96.7898 	EXP 	blackWaitInterTrial_4: autoDraw = True
96.7898 	EXP 	whiteWaitInterTrial_4: autoDraw = True
96.7898 	EXP 	green_fb_2: autoDraw = True
96.7898 	EXP 	red_fb_2: autoDraw = True
98.5774 	EXP 	New trial (rep=2, index=0): None
98.5927 	EXP 	blackWaitInterTrial_4: autoDraw = False
98.5927 	EXP 	whiteWaitInterTrial_4: autoDraw = False
98.5927 	EXP 	green_fb_2: autoDraw = False
98.5927 	EXP 	red_fb_2: autoDraw = False
98.5927 	EXP 	blackWaitInterTrial_4: autoDraw = False
98.5927 	EXP 	whiteWaitInterTrial_4: autoDraw = False
98.5927 	EXP 	green_fb_2: autoDraw = False
98.5927 	EXP 	red_fb_2: autoDraw = False
98.5927 	EXP 	TrialPicture_2: size = array([0.75, 1.  ])
98.5927 	EXP 	TrialPicture_2: image = './stimuli/images/008.bmp'
98.5927 	EXP 	blackTrial_2: autoDraw = True
98.5927 	EXP 	whiteTrial_2: autoDraw = True
98.5927 	EXP 	TrialPicture_2: autoDraw = True
98.5927 	EXP 	green_2: autoDraw = True
98.5927 	EXP 	red_2: autoDraw = True
99.6095 	EXP 	blackTrial_2: autoDraw = False
99.6095 	EXP 	whiteTrial_2: autoDraw = False
99.6095 	EXP 	TrialPicture_2: autoDraw = False
99.6095 	EXP 	green_2: autoDraw = False
99.6095 	EXP 	red_2: autoDraw = False
99.6095 	EXP 	blackTrial_2: autoDraw = False
99.6095 	EXP 	whiteTrial_2: autoDraw = False
99.6095 	EXP 	TrialPicture_2: autoDraw = False
99.6095 	EXP 	green_2: autoDraw = False
99.6095 	EXP 	red_2: autoDraw = False
99.6095 	EXP 	whiteWaitInterTrial_4: size = array([0.75, 1.  ])
99.6095 	EXP 	blackWaitInterTrial_4: autoDraw = True
99.6095 	EXP 	whiteWaitInterTrial_4: autoDraw = True
99.6095 	EXP 	green_fb_2: autoDraw = True
99.6095 	EXP 	red_fb_2: autoDraw = True
101.2973 	EXP 	New trial (rep=3, index=0): None
101.3114 	EXP 	blackWaitInterTrial_4: autoDraw = False
101.3114 	EXP 	whiteWaitInterTrial_4: autoDraw = False
101.3114 	EXP 	green_fb_2: autoDraw = False
101.3114 	EXP 	red_fb_2: autoDraw = False
101.3114 	EXP 	blackWaitInterTrial_4: autoDraw = False
101.3114 	EXP 	whiteWaitInterTrial_4: autoDraw = False
101.3114 	EXP 	green_fb_2: autoDraw = False
101.3114 	EXP 	red_fb_2: autoDraw = False
101.3114 	EXP 	TrialPicture_2: size = array([0.75, 1.  ])
101.3114 	EXP 	TrialPicture_2: image = './stimuli/images/086.bmp'
101.3114 	EXP 	blackTrial_2: autoDraw = True
101.3114 	EXP 	whiteTrial_2: autoDraw = True
101.3114 	EXP 	TrialPicture_2: autoDraw = True
101.3114 	EXP 	green_2: autoDraw = True
101.3114 	EXP 	red_2: autoDraw = True
102.3291 	EXP 	blackTrial_2: autoDraw = False
102.3291 	EXP 	whiteTrial_2: autoDraw = False
102.3291 	EXP 	TrialPicture_2: autoDraw = False
102.3291 	EXP 	green_2: autoDraw = False
102.3291 	EXP 	red_2: autoDraw = False
102.3291 	EXP 	blackTrial_2: autoDraw = False
102.3291 	EXP 	whiteTrial_2: autoDraw = False
102.3291 	EXP 	TrialPicture_2: autoDraw = False
102.3291 	EXP 	green_2: autoDraw = False
102.3291 	EXP 	red_2: autoDraw = False
102.3291 	EXP 	whiteWaitInterTrial_4: size = array([0.75, 1.  ])
102.3291 	EXP 	blackWaitInterTrial_4: autoDraw = True
102.3291 	EXP 	whiteWaitInterTrial_4: autoDraw = True
102.3291 	EXP 	green_fb_2: autoDraw = True
102.3291 	EXP 	red_fb_2: autoDraw = True
104.0170 	EXP 	New trial (rep=4, index=0): None
104.0332 	EXP 	blackWaitInterTrial_4: autoDraw = False
104.0332 	EXP 	whiteWaitInterTrial_4: autoDraw = False
104.0332 	EXP 	green_fb_2: autoDraw = False
104.0332 	EXP 	red_fb_2: autoDraw = False
104.0332 	EXP 	blackWaitInterTrial_4: autoDraw = False
104.0332 	EXP 	whiteWaitInterTrial_4: autoDraw = False
104.0332 	EXP 	green_fb_2: autoDraw = False
104.0332 	EXP 	red_fb_2: autoDraw = False
104.0332 	EXP 	TrialPicture_2: size = array([0.75, 1.  ])
104.0332 	EXP 	TrialPicture_2: image = './stimuli/images/152.bmp'
104.0332 	EXP 	blackTrial_2: autoDraw = True
104.0332 	EXP 	whiteTrial_2: autoDraw = True
104.0332 	EXP 	TrialPicture_2: autoDraw = True
104.0332 	EXP 	green_2: autoDraw = True
104.0332 	EXP 	red_2: autoDraw = True
105.0478 	EXP 	blackTrial_2: autoDraw = False
105.0478 	EXP 	whiteTrial_2: autoDraw = False
105.0478 	EXP 	TrialPicture_2: autoDraw = False
105.0478 	EXP 	green_2: autoDraw = False
105.0478 	EXP 	red_2: autoDraw = False
105.0478 	EXP 	blackTrial_2: autoDraw = False
105.0478 	EXP 	whiteTrial_2: autoDraw = False
105.0478 	EXP 	TrialPicture_2: autoDraw = False
105.0478 	EXP 	green_2: autoDraw = False
105.0478 	EXP 	red_2: autoDraw = False
105.0478 	EXP 	whiteWaitInterTrial_4: size = array([0.75, 1.  ])
105.0478 	EXP 	blackWaitInterTrial_4: autoDraw = True
105.0478 	EXP 	whiteWaitInterTrial_4: autoDraw = True
105.0478 	EXP 	green_fb_2: autoDraw = True
105.0478 	EXP 	red_fb_2: autoDraw = True
106.6350 	EXP 	New trial (rep=5, index=0): None
106.6505 	EXP 	blackWaitInterTrial_4: autoDraw = False
106.6505 	EXP 	whiteWaitInterTrial_4: autoDraw = False
106.6505 	EXP 	green_fb_2: autoDraw = False
106.6505 	EXP 	red_fb_2: autoDraw = False
106.6505 	EXP 	blackWaitInterTrial_4: autoDraw = False
106.6505 	EXP 	whiteWaitInterTrial_4: autoDraw = False
106.6505 	EXP 	green_fb_2: autoDraw = False
106.6505 	EXP 	red_fb_2: autoDraw = False
106.6505 	EXP 	TrialPicture_2: size = array([0.75, 1.  ])
106.6505 	EXP 	TrialPicture_2: image = './stimuli/images/061.bmp'
106.6505 	EXP 	blackTrial_2: autoDraw = True
106.6505 	EXP 	whiteTrial_2: autoDraw = True
106.6505 	EXP 	TrialPicture_2: autoDraw = True
106.6505 	EXP 	green_2: autoDraw = True
106.6505 	EXP 	red_2: autoDraw = True
107.6666 	EXP 	blackTrial_2: autoDraw = False
107.6666 	EXP 	whiteTrial_2: autoDraw = False
107.6666 	EXP 	TrialPicture_2: autoDraw = False
107.6666 	EXP 	green_2: autoDraw = False
107.6666 	EXP 	red_2: autoDraw = False
107.6666 	EXP 	blackTrial_2: autoDraw = False
107.6666 	EXP 	whiteTrial_2: autoDraw = False
107.6666 	EXP 	TrialPicture_2: autoDraw = False
107.6666 	EXP 	green_2: autoDraw = False
107.6666 	EXP 	red_2: autoDraw = False
107.6666 	EXP 	whiteWaitInterTrial_4: size = array([0.75, 1.  ])
107.6666 	EXP 	blackWaitInterTrial_4: autoDraw = True
107.6666 	EXP 	whiteWaitInterTrial_4: autoDraw = True
107.6666 	EXP 	green_fb_2: autoDraw = True
107.6666 	EXP 	red_fb_2: autoDraw = True
109.3536 	EXP 	New trial (rep=6, index=0): None
109.3684 	EXP 	blackWaitInterTrial_4: autoDraw = False
109.3684 	EXP 	whiteWaitInterTrial_4: autoDraw = False
109.3684 	EXP 	green_fb_2: autoDraw = False
109.3684 	EXP 	red_fb_2: autoDraw = False
109.3684 	EXP 	blackWaitInterTrial_4: autoDraw = False
109.3684 	EXP 	whiteWaitInterTrial_4: autoDraw = False
109.3684 	EXP 	green_fb_2: autoDraw = False
109.3684 	EXP 	red_fb_2: autoDraw = False
109.3684 	EXP 	TrialPicture_2: size = array([0.75, 1.  ])
109.3684 	EXP 	TrialPicture_2: image = './stimuli/images/008.bmp'
109.3684 	EXP 	blackTrial_2: autoDraw = True
109.3684 	EXP 	whiteTrial_2: autoDraw = True
109.3684 	EXP 	TrialPicture_2: autoDraw = True
109.3684 	EXP 	green_2: autoDraw = True
109.3684 	EXP 	red_2: autoDraw = True
110.3859 	EXP 	blackTrial_2: autoDraw = False
110.3859 	EXP 	whiteTrial_2: autoDraw = False
110.3859 	EXP 	TrialPicture_2: autoDraw = False
110.3859 	EXP 	green_2: autoDraw = False
110.3859 	EXP 	red_2: autoDraw = False
110.3859 	EXP 	blackTrial_2: autoDraw = False
110.3859 	EXP 	whiteTrial_2: autoDraw = False
110.3859 	EXP 	TrialPicture_2: autoDraw = False
110.3859 	EXP 	green_2: autoDraw = False
110.3859 	EXP 	red_2: autoDraw = False
110.3859 	EXP 	whiteWaitInterTrial_4: size = array([0.75, 1.  ])
110.3859 	EXP 	blackWaitInterTrial_4: autoDraw = True
110.3859 	EXP 	whiteWaitInterTrial_4: autoDraw = True
110.3859 	EXP 	green_fb_2: autoDraw = True
110.3859 	EXP 	red_fb_2: autoDraw = True
112.0733 	EXP 	New trial (rep=7, index=0): None
112.0882 	EXP 	blackWaitInterTrial_4: autoDraw = False
112.0882 	EXP 	whiteWaitInterTrial_4: autoDraw = False
112.0882 	EXP 	green_fb_2: autoDraw = False
112.0882 	EXP 	red_fb_2: autoDraw = False
112.0882 	EXP 	blackWaitInterTrial_4: autoDraw = False
112.0882 	EXP 	whiteWaitInterTrial_4: autoDraw = False
112.0882 	EXP 	green_fb_2: autoDraw = False
112.0882 	EXP 	red_fb_2: autoDraw = False
112.0882 	EXP 	TrialPicture_2: size = array([0.75, 1.  ])
112.0882 	EXP 	TrialPicture_2: image = './stimuli/images/086.bmp'
112.0882 	EXP 	blackTrial_2: autoDraw = True
112.0882 	EXP 	whiteTrial_2: autoDraw = True
112.0882 	EXP 	TrialPicture_2: autoDraw = True
112.0882 	EXP 	green_2: autoDraw = True
112.0882 	EXP 	red_2: autoDraw = True
112.1863 	EXP 	Sound sound_1 started
113.1048 	EXP 	blackTrial_2: autoDraw = False
113.1048 	EXP 	whiteTrial_2: autoDraw = False
113.1048 	EXP 	TrialPicture_2: autoDraw = False
113.1048 	EXP 	green_2: autoDraw = False
113.1048 	EXP 	red_2: autoDraw = False
113.1048 	EXP 	blackTrial_2: autoDraw = False
113.1048 	EXP 	whiteTrial_2: autoDraw = False
113.1048 	EXP 	TrialPicture_2: autoDraw = False
113.1048 	EXP 	green_2: autoDraw = False
113.1048 	EXP 	red_2: autoDraw = False
113.1048 	EXP 	whiteWaitInterTrial_4: size = array([0.75, 1.  ])
113.1048 	EXP 	blackWaitInterTrial_4: autoDraw = True
113.1048 	EXP 	whiteWaitInterTrial_4: autoDraw = True
113.1048 	EXP 	green_fb_2: autoDraw = True
113.1048 	EXP 	red_fb_2: autoDraw = True
114.8924 	EXP 	New trial (rep=8, index=0): None
114.9070 	EXP 	blackWaitInterTrial_4: autoDraw = False
114.9070 	EXP 	whiteWaitInterTrial_4: autoDraw = False
114.9070 	EXP 	green_fb_2: autoDraw = False
114.9070 	EXP 	red_fb_2: autoDraw = False
114.9070 	EXP 	blackWaitInterTrial_4: autoDraw = False
114.9070 	EXP 	whiteWaitInterTrial_4: autoDraw = False
114.9070 	EXP 	green_fb_2: autoDraw = False
114.9070 	EXP 	red_fb_2: autoDraw = False
114.9070 	EXP 	TrialPicture_2: size = array([0.75, 1.  ])
114.9070 	EXP 	TrialPicture_2: image = './stimuli/images/061.bmp'
114.9070 	EXP 	blackTrial_2: autoDraw = True
114.9070 	EXP 	whiteTrial_2: autoDraw = True
114.9070 	EXP 	TrialPicture_2: autoDraw = True
114.9070 	EXP 	green_2: autoDraw = True
114.9070 	EXP 	red_2: autoDraw = True
115.9240 	EXP 	blackTrial_2: autoDraw = False
115.9240 	EXP 	whiteTrial_2: autoDraw = False
115.9240 	EXP 	TrialPicture_2: autoDraw = False
115.9240 	EXP 	green_2: autoDraw = False
115.9240 	EXP 	red_2: autoDraw = False
115.9240 	EXP 	blackTrial_2: autoDraw = False
115.9240 	EXP 	whiteTrial_2: autoDraw = False
115.9240 	EXP 	TrialPicture_2: autoDraw = False
115.9240 	EXP 	green_2: autoDraw = False
115.9240 	EXP 	red_2: autoDraw = False
115.9240 	EXP 	whiteWaitInterTrial_4: size = array([0.75, 1.  ])
115.9240 	EXP 	blackWaitInterTrial_4: autoDraw = True
115.9240 	EXP 	whiteWaitInterTrial_4: autoDraw = True
115.9240 	EXP 	green_fb_2: autoDraw = True
115.9240 	EXP 	red_fb_2: autoDraw = True
117.6111 	EXP 	New trial (rep=9, index=0): None
117.6269 	EXP 	blackWaitInterTrial_4: autoDraw = False
117.6269 	EXP 	whiteWaitInterTrial_4: autoDraw = False
117.6269 	EXP 	green_fb_2: autoDraw = False
117.6269 	EXP 	red_fb_2: autoDraw = False
117.6269 	EXP 	blackWaitInterTrial_4: autoDraw = False
117.6269 	EXP 	whiteWaitInterTrial_4: autoDraw = False
117.6269 	EXP 	green_fb_2: autoDraw = False
117.6269 	EXP 	red_fb_2: autoDraw = False
117.6269 	EXP 	TrialPicture_2: size = array([0.75, 1.  ])
117.6269 	EXP 	TrialPicture_2: image = './stimuli/images/152.bmp'
117.6269 	EXP 	blackTrial_2: autoDraw = True
117.6269 	EXP 	whiteTrial_2: autoDraw = True
117.6269 	EXP 	TrialPicture_2: autoDraw = True
117.6269 	EXP 	green_2: autoDraw = True
117.6269 	EXP 	red_2: autoDraw = True
118.6431 	EXP 	blackTrial_2: autoDraw = False
118.6431 	EXP 	whiteTrial_2: autoDraw = False
118.6431 	EXP 	TrialPicture_2: autoDraw = False
118.6431 	EXP 	green_2: autoDraw = False
118.6431 	EXP 	red_2: autoDraw = False
118.6431 	EXP 	blackTrial_2: autoDraw = False
118.6431 	EXP 	whiteTrial_2: autoDraw = False
118.6431 	EXP 	TrialPicture_2: autoDraw = False
118.6431 	EXP 	green_2: autoDraw = False
118.6431 	EXP 	red_2: autoDraw = False
118.6431 	EXP 	whiteWaitInterTrial_4: size = array([0.75, 1.  ])
118.6431 	EXP 	blackWaitInterTrial_4: autoDraw = True
118.6431 	EXP 	whiteWaitInterTrial_4: autoDraw = True
118.6431 	EXP 	green_fb_2: autoDraw = True
118.6431 	EXP 	red_fb_2: autoDraw = True
120.2299 	EXP 	New trial (rep=10, index=0): None
120.2445 	EXP 	blackWaitInterTrial_4: autoDraw = False
120.2445 	EXP 	whiteWaitInterTrial_4: autoDraw = False
120.2445 	EXP 	green_fb_2: autoDraw = False
120.2445 	EXP 	red_fb_2: autoDraw = False
120.2445 	EXP 	blackWaitInterTrial_4: autoDraw = False
120.2445 	EXP 	whiteWaitInterTrial_4: autoDraw = False
120.2445 	EXP 	green_fb_2: autoDraw = False
120.2445 	EXP 	red_fb_2: autoDraw = False
120.2445 	EXP 	TrialPicture_2: size = array([0.75, 1.  ])
120.2445 	EXP 	TrialPicture_2: image = './stimuli/images/152.bmp'
120.2445 	EXP 	blackTrial_2: autoDraw = True
120.2445 	EXP 	whiteTrial_2: autoDraw = True
120.2445 	EXP 	TrialPicture_2: autoDraw = True
120.2445 	EXP 	green_2: autoDraw = True
120.2445 	EXP 	red_2: autoDraw = True
121.2618 	EXP 	blackTrial_2: autoDraw = False
121.2618 	EXP 	whiteTrial_2: autoDraw = False
121.2618 	EXP 	TrialPicture_2: autoDraw = False
121.2618 	EXP 	green_2: autoDraw = False
121.2618 	EXP 	red_2: autoDraw = False
121.2618 	EXP 	blackTrial_2: autoDraw = False
121.2618 	EXP 	whiteTrial_2: autoDraw = False
121.2618 	EXP 	TrialPicture_2: autoDraw = False
121.2618 	EXP 	green_2: autoDraw = False
121.2618 	EXP 	red_2: autoDraw = False
121.2618 	EXP 	whiteWaitInterTrial_4: size = array([0.75, 1.  ])
121.2618 	EXP 	blackWaitInterTrial_4: autoDraw = True
121.2618 	EXP 	whiteWaitInterTrial_4: autoDraw = True
121.2618 	EXP 	green_fb_2: autoDraw = True
121.2618 	EXP 	red_fb_2: autoDraw = True
122.9485 	EXP 	New trial (rep=11, index=0): None
122.9640 	EXP 	blackWaitInterTrial_4: autoDraw = False
122.9640 	EXP 	whiteWaitInterTrial_4: autoDraw = False
122.9640 	EXP 	green_fb_2: autoDraw = False
122.9640 	EXP 	red_fb_2: autoDraw = False
122.9640 	EXP 	blackWaitInterTrial_4: autoDraw = False
122.9640 	EXP 	whiteWaitInterTrial_4: autoDraw = False
122.9640 	EXP 	green_fb_2: autoDraw = False
122.9640 	EXP 	red_fb_2: autoDraw = False
122.9640 	EXP 	TrialPicture_2: size = array([0.75, 1.  ])
122.9640 	EXP 	TrialPicture_2: image = './stimuli/images/086.bmp'
122.9640 	EXP 	blackTrial_2: autoDraw = True
122.9640 	EXP 	whiteTrial_2: autoDraw = True
122.9640 	EXP 	TrialPicture_2: autoDraw = True
122.9640 	EXP 	green_2: autoDraw = True
122.9640 	EXP 	red_2: autoDraw = True
123.9808 	EXP 	blackTrial_2: autoDraw = False
123.9808 	EXP 	whiteTrial_2: autoDraw = False
123.9808 	EXP 	TrialPicture_2: autoDraw = False
123.9808 	EXP 	green_2: autoDraw = False
123.9808 	EXP 	red_2: autoDraw = False
123.9808 	EXP 	blackTrial_2: autoDraw = False
123.9808 	EXP 	whiteTrial_2: autoDraw = False
123.9808 	EXP 	TrialPicture_2: autoDraw = False
123.9808 	EXP 	green_2: autoDraw = False
123.9808 	EXP 	red_2: autoDraw = False
123.9808 	EXP 	whiteWaitInterTrial_4: size = array([0.75, 1.  ])
123.9808 	EXP 	blackWaitInterTrial_4: autoDraw = True
123.9808 	EXP 	whiteWaitInterTrial_4: autoDraw = True
123.9808 	EXP 	green_fb_2: autoDraw = True
123.9808 	EXP 	red_fb_2: autoDraw = True
125.5682 	EXP 	New trial (rep=12, index=0): None
125.5828 	EXP 	blackWaitInterTrial_4: autoDraw = False
125.5828 	EXP 	whiteWaitInterTrial_4: autoDraw = False
125.5828 	EXP 	green_fb_2: autoDraw = False
125.5828 	EXP 	red_fb_2: autoDraw = False
125.5828 	EXP 	blackWaitInterTrial_4: autoDraw = False
125.5828 	EXP 	whiteWaitInterTrial_4: autoDraw = False
125.5828 	EXP 	green_fb_2: autoDraw = False
125.5828 	EXP 	red_fb_2: autoDraw = False
125.5828 	EXP 	TrialPicture_2: size = array([0.75, 1.  ])
125.5828 	EXP 	TrialPicture_2: image = './stimuli/images/152.bmp'
125.5828 	EXP 	blackTrial_2: autoDraw = True
125.5828 	EXP 	whiteTrial_2: autoDraw = True
125.5828 	EXP 	TrialPicture_2: autoDraw = True
125.5828 	EXP 	green_2: autoDraw = True
125.5828 	EXP 	red_2: autoDraw = True
126.5835 	EXP 	blackTrial_2: autoDraw = False
126.5835 	EXP 	whiteTrial_2: autoDraw = False
126.5835 	EXP 	TrialPicture_2: autoDraw = False
126.5835 	EXP 	green_2: autoDraw = False
126.5835 	EXP 	red_2: autoDraw = False
126.5835 	EXP 	blackTrial_2: autoDraw = False
126.5835 	EXP 	whiteTrial_2: autoDraw = False
126.5835 	EXP 	TrialPicture_2: autoDraw = False
126.5835 	EXP 	green_2: autoDraw = False
126.5835 	EXP 	red_2: autoDraw = False
126.5835 	EXP 	whiteWaitInterTrial_4: size = array([0.75, 1.  ])
126.5835 	EXP 	blackWaitInterTrial_4: autoDraw = True
126.5835 	EXP 	whiteWaitInterTrial_4: autoDraw = True
126.5835 	EXP 	green_fb_2: autoDraw = True
126.5835 	EXP 	red_fb_2: autoDraw = True
128.1709 	EXP 	New trial (rep=13, index=0): None
128.1857 	EXP 	blackWaitInterTrial_4: autoDraw = False
128.1857 	EXP 	whiteWaitInterTrial_4: autoDraw = False
128.1857 	EXP 	green_fb_2: autoDraw = False
128.1857 	EXP 	red_fb_2: autoDraw = False
128.1857 	EXP 	blackWaitInterTrial_4: autoDraw = False
128.1857 	EXP 	whiteWaitInterTrial_4: autoDraw = False
128.1857 	EXP 	green_fb_2: autoDraw = False
128.1857 	EXP 	red_fb_2: autoDraw = False
128.1857 	EXP 	TrialPicture_2: size = array([0.75, 1.  ])
128.1857 	EXP 	TrialPicture_2: image = './stimuli/images/061.bmp'
128.1857 	EXP 	blackTrial_2: autoDraw = True
128.1857 	EXP 	whiteTrial_2: autoDraw = True
128.1857 	EXP 	TrialPicture_2: autoDraw = True
128.1857 	EXP 	green_2: autoDraw = True
128.1857 	EXP 	red_2: autoDraw = True
129.2025 	EXP 	blackTrial_2: autoDraw = False
129.2025 	EXP 	whiteTrial_2: autoDraw = False
129.2025 	EXP 	TrialPicture_2: autoDraw = False
129.2025 	EXP 	green_2: autoDraw = False
129.2025 	EXP 	red_2: autoDraw = False
129.2025 	EXP 	blackTrial_2: autoDraw = False
129.2025 	EXP 	whiteTrial_2: autoDraw = False
129.2025 	EXP 	TrialPicture_2: autoDraw = False
129.2025 	EXP 	green_2: autoDraw = False
129.2025 	EXP 	red_2: autoDraw = False
129.2025 	EXP 	whiteWaitInterTrial_4: size = array([0.75, 1.  ])
129.2025 	EXP 	blackWaitInterTrial_4: autoDraw = True
129.2025 	EXP 	whiteWaitInterTrial_4: autoDraw = True
129.2025 	EXP 	green_fb_2: autoDraw = True
129.2025 	EXP 	red_fb_2: autoDraw = True
130.8897 	EXP 	New trial (rep=14, index=0): None
130.9046 	EXP 	blackWaitInterTrial_4: autoDraw = False
130.9046 	EXP 	whiteWaitInterTrial_4: autoDraw = False
130.9046 	EXP 	green_fb_2: autoDraw = False
130.9046 	EXP 	red_fb_2: autoDraw = False
130.9046 	EXP 	blackWaitInterTrial_4: autoDraw = False
130.9046 	EXP 	whiteWaitInterTrial_4: autoDraw = False
130.9046 	EXP 	green_fb_2: autoDraw = False
130.9046 	EXP 	red_fb_2: autoDraw = False
130.9046 	EXP 	TrialPicture_2: size = array([0.75, 1.  ])
130.9046 	EXP 	TrialPicture_2: image = './stimuli/images/008.bmp'
130.9046 	EXP 	blackTrial_2: autoDraw = True
130.9046 	EXP 	whiteTrial_2: autoDraw = True
130.9046 	EXP 	TrialPicture_2: autoDraw = True
130.9046 	EXP 	green_2: autoDraw = True
130.9046 	EXP 	red_2: autoDraw = True
131.9212 	EXP 	blackTrial_2: autoDraw = False
131.9212 	EXP 	whiteTrial_2: autoDraw = False
131.9212 	EXP 	TrialPicture_2: autoDraw = False
131.9212 	EXP 	green_2: autoDraw = False
131.9212 	EXP 	red_2: autoDraw = False
131.9212 	EXP 	blackTrial_2: autoDraw = False
131.9212 	EXP 	whiteTrial_2: autoDraw = False
131.9212 	EXP 	TrialPicture_2: autoDraw = False
131.9212 	EXP 	green_2: autoDraw = False
131.9212 	EXP 	red_2: autoDraw = False
131.9212 	EXP 	whiteWaitInterTrial_4: size = array([0.75, 1.  ])
131.9212 	EXP 	blackWaitInterTrial_4: autoDraw = True
131.9212 	EXP 	whiteWaitInterTrial_4: autoDraw = True
131.9212 	EXP 	green_fb_2: autoDraw = True
131.9212 	EXP 	red_fb_2: autoDraw = True
133.6084 	EXP 	New trial (rep=15, index=0): None
133.6218 	EXP 	blackWaitInterTrial_4: autoDraw = False
133.6218 	EXP 	whiteWaitInterTrial_4: autoDraw = False
133.6218 	EXP 	green_fb_2: autoDraw = False
133.6218 	EXP 	red_fb_2: autoDraw = False
133.6218 	EXP 	blackWaitInterTrial_4: autoDraw = False
133.6218 	EXP 	whiteWaitInterTrial_4: autoDraw = False
133.6218 	EXP 	green_fb_2: autoDraw = False
133.6218 	EXP 	red_fb_2: autoDraw = False
133.6218 	EXP 	TrialPicture_2: size = array([0.75, 1.  ])
133.6218 	EXP 	TrialPicture_2: image = './stimuli/images/086.bmp'
133.6218 	EXP 	blackTrial_2: autoDraw = True
133.6218 	EXP 	whiteTrial_2: autoDraw = True
133.6218 	EXP 	TrialPicture_2: autoDraw = True
133.6218 	EXP 	green_2: autoDraw = True
133.6218 	EXP 	red_2: autoDraw = True
134.6404 	EXP 	blackTrial_2: autoDraw = False
134.6404 	EXP 	whiteTrial_2: autoDraw = False
134.6404 	EXP 	TrialPicture_2: autoDraw = False
134.6404 	EXP 	green_2: autoDraw = False
134.6404 	EXP 	red_2: autoDraw = False
134.6404 	EXP 	blackTrial_2: autoDraw = False
134.6404 	EXP 	whiteTrial_2: autoDraw = False
134.6404 	EXP 	TrialPicture_2: autoDraw = False
134.6404 	EXP 	green_2: autoDraw = False
134.6404 	EXP 	red_2: autoDraw = False
134.6404 	EXP 	whiteWaitInterTrial_4: size = array([0.75, 1.  ])
134.6404 	EXP 	blackWaitInterTrial_4: autoDraw = True
134.6404 	EXP 	whiteWaitInterTrial_4: autoDraw = True
134.6404 	EXP 	green_fb_2: autoDraw = True
134.6404 	EXP 	red_fb_2: autoDraw = True
136.4276 	EXP 	New trial (rep=16, index=0): None
136.4418 	EXP 	blackWaitInterTrial_4: autoDraw = False
136.4418 	EXP 	whiteWaitInterTrial_4: autoDraw = False
136.4418 	EXP 	green_fb_2: autoDraw = False
136.4418 	EXP 	red_fb_2: autoDraw = False
136.4418 	EXP 	blackWaitInterTrial_4: autoDraw = False
136.4418 	EXP 	whiteWaitInterTrial_4: autoDraw = False
136.4418 	EXP 	green_fb_2: autoDraw = False
136.4418 	EXP 	red_fb_2: autoDraw = False
136.4418 	EXP 	TrialPicture_2: size = array([0.75, 1.  ])
136.4418 	EXP 	TrialPicture_2: image = './stimuli/images/152.bmp'
136.4418 	EXP 	blackTrial_2: autoDraw = True
136.4418 	EXP 	whiteTrial_2: autoDraw = True
136.4418 	EXP 	TrialPicture_2: autoDraw = True
136.4418 	EXP 	green_2: autoDraw = True
136.4418 	EXP 	red_2: autoDraw = True
137.4595 	EXP 	blackTrial_2: autoDraw = False
137.4595 	EXP 	whiteTrial_2: autoDraw = False
137.4595 	EXP 	TrialPicture_2: autoDraw = False
137.4595 	EXP 	green_2: autoDraw = False
137.4595 	EXP 	red_2: autoDraw = False
137.4595 	EXP 	blackTrial_2: autoDraw = False
137.4595 	EXP 	whiteTrial_2: autoDraw = False
137.4595 	EXP 	TrialPicture_2: autoDraw = False
137.4595 	EXP 	green_2: autoDraw = False
137.4595 	EXP 	red_2: autoDraw = False
137.4595 	EXP 	whiteWaitInterTrial_4: size = array([0.75, 1.  ])
137.4595 	EXP 	blackWaitInterTrial_4: autoDraw = True
137.4595 	EXP 	whiteWaitInterTrial_4: autoDraw = True
137.4595 	EXP 	green_fb_2: autoDraw = True
137.4595 	EXP 	red_fb_2: autoDraw = True
139.1466 	EXP 	New trial (rep=17, index=0): None
139.1613 	EXP 	blackWaitInterTrial_4: autoDraw = False
139.1613 	EXP 	whiteWaitInterTrial_4: autoDraw = False
139.1613 	EXP 	green_fb_2: autoDraw = False
139.1613 	EXP 	red_fb_2: autoDraw = False
139.1613 	EXP 	blackWaitInterTrial_4: autoDraw = False
139.1613 	EXP 	whiteWaitInterTrial_4: autoDraw = False
139.1613 	EXP 	green_fb_2: autoDraw = False
139.1613 	EXP 	red_fb_2: autoDraw = False
139.1613 	EXP 	TrialPicture_2: size = array([0.75, 1.  ])
139.1613 	EXP 	TrialPicture_2: image = './stimuli/images/061.bmp'
139.1613 	EXP 	blackTrial_2: autoDraw = True
139.1613 	EXP 	whiteTrial_2: autoDraw = True
139.1613 	EXP 	TrialPicture_2: autoDraw = True
139.1613 	EXP 	green_2: autoDraw = True
139.1613 	EXP 	red_2: autoDraw = True
140.1787 	EXP 	blackTrial_2: autoDraw = False
140.1787 	EXP 	whiteTrial_2: autoDraw = False
140.1787 	EXP 	TrialPicture_2: autoDraw = False
140.1787 	EXP 	green_2: autoDraw = False
140.1787 	EXP 	red_2: autoDraw = False
140.1787 	EXP 	blackTrial_2: autoDraw = False
140.1787 	EXP 	whiteTrial_2: autoDraw = False
140.1787 	EXP 	TrialPicture_2: autoDraw = False
140.1787 	EXP 	green_2: autoDraw = False
140.1787 	EXP 	red_2: autoDraw = False
140.1787 	EXP 	whiteWaitInterTrial_4: size = array([0.75, 1.  ])
140.1787 	EXP 	blackWaitInterTrial_4: autoDraw = True
140.1787 	EXP 	whiteWaitInterTrial_4: autoDraw = True
140.1787 	EXP 	green_fb_2: autoDraw = True
140.1787 	EXP 	red_fb_2: autoDraw = True
141.7663 	EXP 	New trial (rep=18, index=0): None
141.7812 	EXP 	blackWaitInterTrial_4: autoDraw = False
141.7812 	EXP 	whiteWaitInterTrial_4: autoDraw = False
141.7812 	EXP 	green_fb_2: autoDraw = False
141.7812 	EXP 	red_fb_2: autoDraw = False
141.7812 	EXP 	blackWaitInterTrial_4: autoDraw = False
141.7812 	EXP 	whiteWaitInterTrial_4: autoDraw = False
141.7812 	EXP 	green_fb_2: autoDraw = False
141.7812 	EXP 	red_fb_2: autoDraw = False
141.7812 	EXP 	TrialPicture_2: size = array([0.75, 1.  ])
141.7812 	EXP 	TrialPicture_2: image = './stimuli/images/008.bmp'
141.7812 	EXP 	blackTrial_2: autoDraw = True
141.7812 	EXP 	whiteTrial_2: autoDraw = True
141.7812 	EXP 	TrialPicture_2: autoDraw = True
141.7812 	EXP 	green_2: autoDraw = True
141.7812 	EXP 	red_2: autoDraw = True
142.7970 	EXP 	blackTrial_2: autoDraw = False
142.7970 	EXP 	whiteTrial_2: autoDraw = False
142.7970 	EXP 	TrialPicture_2: autoDraw = False
142.7970 	EXP 	green_2: autoDraw = False
142.7970 	EXP 	red_2: autoDraw = False
142.7970 	EXP 	blackTrial_2: autoDraw = False
142.7970 	EXP 	whiteTrial_2: autoDraw = False
142.7970 	EXP 	TrialPicture_2: autoDraw = False
142.7970 	EXP 	green_2: autoDraw = False
142.7970 	EXP 	red_2: autoDraw = False
142.7970 	EXP 	whiteWaitInterTrial_4: size = array([0.75, 1.  ])
142.7970 	EXP 	blackWaitInterTrial_4: autoDraw = True
142.7970 	EXP 	whiteWaitInterTrial_4: autoDraw = True
142.7970 	EXP 	green_fb_2: autoDraw = True
142.7970 	EXP 	red_fb_2: autoDraw = True
144.4860 	EXP 	New trial (rep=19, index=0): None
144.5010 	EXP 	blackWaitInterTrial_4: autoDraw = False
144.5010 	EXP 	whiteWaitInterTrial_4: autoDraw = False
144.5010 	EXP 	green_fb_2: autoDraw = False
144.5010 	EXP 	red_fb_2: autoDraw = False
144.5010 	EXP 	blackWaitInterTrial_4: autoDraw = False
144.5010 	EXP 	whiteWaitInterTrial_4: autoDraw = False
144.5010 	EXP 	green_fb_2: autoDraw = False
144.5010 	EXP 	red_fb_2: autoDraw = False
144.5010 	EXP 	TrialPicture_2: size = array([0.75, 1.  ])
144.5010 	EXP 	TrialPicture_2: image = './stimuli/images/086.bmp'
144.5010 	EXP 	blackTrial_2: autoDraw = True
144.5010 	EXP 	whiteTrial_2: autoDraw = True
144.5010 	EXP 	TrialPicture_2: autoDraw = True
144.5010 	EXP 	green_2: autoDraw = True
144.5010 	EXP 	red_2: autoDraw = True
145.5163 	EXP 	blackTrial_2: autoDraw = False
145.5163 	EXP 	whiteTrial_2: autoDraw = False
145.5163 	EXP 	TrialPicture_2: autoDraw = False
145.5163 	EXP 	green_2: autoDraw = False
145.5163 	EXP 	red_2: autoDraw = False
145.5163 	EXP 	blackTrial_2: autoDraw = False
145.5163 	EXP 	whiteTrial_2: autoDraw = False
145.5163 	EXP 	TrialPicture_2: autoDraw = False
145.5163 	EXP 	green_2: autoDraw = False
145.5163 	EXP 	red_2: autoDraw = False
145.5163 	EXP 	whiteWaitInterTrial_4: size = array([0.75, 1.  ])
145.5163 	EXP 	blackWaitInterTrial_4: autoDraw = True
145.5163 	EXP 	whiteWaitInterTrial_4: autoDraw = True
145.5163 	EXP 	green_fb_2: autoDraw = True
145.5163 	EXP 	red_fb_2: autoDraw = True
147.1168 	EXP 	blackWaitInterTrial_4: autoDraw = False
147.1168 	EXP 	whiteWaitInterTrial_4: autoDraw = False
147.1168 	EXP 	green_fb_2: autoDraw = False
147.1168 	EXP 	red_fb_2: autoDraw = False
147.1168 	EXP 	blackWaitInterTrial_4: autoDraw = False
147.1168 	EXP 	whiteWaitInterTrial_4: autoDraw = False
147.1168 	EXP 	green_fb_2: autoDraw = False
147.1168 	EXP 	red_fb_2: autoDraw = False
147.1168 	EXP 	fixationImage_2: size = array([0.75, 1.  ])
147.1168 	EXP 	fixation_2: autoDraw = True
147.1168 	EXP 	fixationImage_2: autoDraw = True
149.1194 	EXP 	fixation_2: autoDraw = False
149.1194 	EXP 	fixationImage_2: autoDraw = False
149.1194 	EXP 	fixation_2: autoDraw = False
149.1194 	EXP 	fixationImage_2: autoDraw = False
149.1194 	EXP 	polygon_end_2: autoDraw = True
149.1194 	EXP 	end_text_2: autoDraw = True
151.1216 	EXP 	polygon_end_2: autoDraw = False
151.1216 	EXP 	end_text_2: autoDraw = False
151.1216 	EXP 	polygon_end_2: autoDraw = False
151.1216 	EXP 	end_text_2: autoDraw = False
151.1576 	EXP 	window1: mouseVisible = True
