3.9460 	EXP 	Created window1 = Window(allowGUI=False, allowStencil=False, args=UNKNOWN, autoLog=True, bitsMode=UNKNOWN, blendMode='avg', color=array([0., 0., 0.]), colorSpace='rgb', fullscr=<method-wrapper '__getattribute__' of attributeSetter object at 0x0000019F1A792780>, gamma=None, gammaErrorPolicy='raise', kwargs=UNKNOWN, lms=UNKNOWN, monitor=<psychopy.monitors.calibTools.Monitor object at 0x0000019F1A7D3668>, multiSample=False, name='window1', numSamples=2, pos=[0.0, 0.0], screen=1, size=array([1920, 1200]), stereo=False, units='norm', useFBO=True, useRetina=False, viewOri=0.0, viewPos=None, viewScale=None, waitBlanking=True, winType='pyglet')
3.9461 	EXP 	window1: recordFrameIntervals = False
4.1126 	EXP 	window1: recordFrameIntervals = True
4.2960 	EXP 	window1: recordFrameIntervals = False
4.5072 	EXP 	Created polygon_1 = Rect(__class__=<class 'psychopy.visual.rect.Rect'>, autoDraw=False, autoLog=True, closeShape=True, color=method-wrapper(...), colorSpace=None, contrast=1.0, depth=0.0, fillColor='black', fillColorSpace='named', fillRGB=array([0., 0., 0.]), interpolate=True, lineColor='black', lineColorSpace='named', lineRGB=array([0., 0., 0.]), lineWidth=1, name='polygon_1', opacity=1.0, ori=array(0.), pos=array([0., 0.]), size=array([1., 1.]), units='norm', vertices=ndarray(...), win=Window(...))
4.6586 	EXP 	Created descriptionText_1 = TextStim(__class__=<class 'psychopy.visual.text.TextStim'>, alignHoriz='center', alignVert='center', antialias=True, autoLog=True, bold=False, color='white', colorSpace='named', contrast=1.0, depth=-1.0, flipHoriz=False, flipVert=False, font='Arial', fontFiles=[], height=0.09, italic=False, languageStyle='LTR', name='descriptionText_1', opacity=1.0, ori=0, pos=array([0., 0.]), rgb=array([255., 255., 255.]), text=str(...), units='norm', win=Window(...), wrapWidth=1)
4.6592 	EXP 	Created fixation10 = Rect(__class__=<class 'psychopy.visual.rect.Rect'>, autoDraw=False, autoLog=True, closeShape=True, color=method-wrapper(...), colorSpace=None, contrast=1.0, depth=0.0, fillColor='black', fillColorSpace='named', fillRGB=array([0., 0., 0.]), interpolate=True, lineColor='black', lineColorSpace='named', lineRGB=array([0., 0., 0.]), lineWidth=1, name='fixation10', opacity=1.0, ori=array(0.), pos=array([0., 0.]), size=array([1., 1.]), units='norm', vertices=ndarray(...), win=Window(...))
4.6668 	EXP 	Created fixationImage10 = ImageStim(__class__=<class 'psychopy.visual.image.ImageStim'>, autoLog=True, color=array([1., 1., 1.]), colorSpace='rgb', contrast=1.0, depth=-1.0, flipHoriz=False, flipVert=False, image='./stimuli/images/fix.bmp', interpolate=True, mask=None, maskParams=None, name='fixationImage10', opacity=1.0, ori=0.0, pos=array([0., 0.]), size=array([1., 1.]), texRes=128, units='norm', win=Window(...))
4.6972 	EXP 	Created text = TextStim(__class__=<class 'psychopy.visual.text.TextStim'>, alignHoriz='center', alignVert='center', antialias=True, autoLog=True, bold=False, color='white', colorSpace='named', contrast=1.0, depth=-2.0, flipHoriz=False, flipVert=False, font='Arial', fontFiles=[], height=0.3, italic=False, languageStyle='LTR', name='text', opacity=1.0, ori=0, pos=array([ 0. , -0.7]), rgb=array([255., 255., 255.]), text='3 . . .', units='norm', win=Window(...), wrapWidth=1)
4.7203 	EXP 	Created text_2 = TextStim(__class__=<class 'psychopy.visual.text.TextStim'>, alignHoriz='center', alignVert='center', antialias=True, autoLog=True, bold=False, color='white', colorSpace='named', contrast=1.0, depth=-3.0, flipHoriz=False, flipVert=False, font='Arial', fontFiles=[], height=0.3, italic=False, languageStyle='LTR', name='text_2', opacity=1.0, ori=0, pos=array([ 0. , -0.7]), rgb=array([255., 255., 255.]), text='2 . .', units='norm', win=Window(...), wrapWidth=1)
4.7252 	EXP 	Created text_3 = TextStim(__class__=<class 'psychopy.visual.text.TextStim'>, alignHoriz='center', alignVert='center', antialias=True, autoLog=True, bold=False, color='white', colorSpace='named', contrast=1.0, depth=-4.0, flipHoriz=False, flipVert=False, font='Arial', fontFiles=[], height=0.3, italic=False, languageStyle='LTR', name='text_3', opacity=1.0, ori=0, pos=array([ 0. , -0.7]), rgb=array([255., 255., 255.]), text='1 .', units='norm', win=Window(...), wrapWidth=1)
4.7258 	EXP 	Created blackProc = Rect(__class__=<class 'psychopy.visual.rect.Rect'>, autoDraw=False, autoLog=True, closeShape=True, color=method-wrapper(...), colorSpace=None, contrast=1.0, depth=-1.0, fillColor='black', fillColorSpace='named', fillRGB=array([0., 0., 0.]), interpolate=True, lineColor='black', lineColorSpace='named', lineRGB=array([0., 0., 0.]), lineWidth=1, name='blackProc', opacity=1.0, ori=array(0.), pos=array([0., 0.]), size=array([1., 1.]), units='norm', vertices=ndarray(...), win=Window(...))
4.7264 	EXP 	Created greenProc = Rect(__class__=<class 'psychopy.visual.rect.Rect'>, autoDraw=False, autoLog=True, closeShape=True, color=method-wrapper(...), colorSpace=None, contrast=1.0, depth=-2.0, fillColor='green', fillColorSpace='named', fillRGB=array([  0., 128.,   0.]), interpolate=True, lineColor='green', lineColorSpace='named', lineRGB=array([  0., 128.,   0.]), lineWidth=1, name='greenProc', opacity=1.0, ori=array(0.), pos=array([0., 0.]), size=array([1., 1.]), units='norm', vertices=ndarray(...), win=Window(...))
4.7281 	EXP 	Created ProcTarget = ImageStim(__class__=<class 'psychopy.visual.image.ImageStim'>, autoLog=True, color=array([1., 1., 1.]), colorSpace='rgb', contrast=1.0, depth=-3.0, flipHoriz=False, flipVert=False, image='sin', interpolate=True, mask=None, maskParams=None, name='ProcTarget', opacity=1.0, ori=0.0, pos=array([-0.4,  0. ]), size=array([1., 1.]), texRes=128, units='norm', win=Window(...))
4.7295 	EXP 	Created ProcPicture = ImageStim(__class__=<class 'psychopy.visual.image.ImageStim'>, autoLog=True, color=array([1., 1., 1.]), colorSpace='rgb', contrast=1.0, depth=-4.0, flipHoriz=False, flipVert=False, image='sin', interpolate=True, mask=None, maskParams=None, name='ProcPicture', opacity=1.0, ori=0.0, pos=array([0.4, 0. ]), size=array([1., 1.]), texRes=128, units='norm', win=Window(...))
4.7301 	EXP 	Created blackWaitInterTrial = Rect(__class__=<class 'psychopy.visual.rect.Rect'>, autoDraw=False, autoLog=True, closeShape=True, color=method-wrapper(...), colorSpace=None, contrast=1.0, depth=0.0, fillColor='black', fillColorSpace='named', fillRGB=array([0., 0., 0.]), interpolate=True, lineColor='black', lineColorSpace='named', lineRGB=array([0., 0., 0.]), lineWidth=1, name='blackWaitInterTrial', opacity=1.0, ori=array(0.), pos=array([0., 0.]), size=array([1., 1.]), units='norm', vertices=ndarray(...), win=Window(...))
4.7354 	EXP 	Created whiteWaitInterTrial = ImageStim(__class__=<class 'psychopy.visual.image.ImageStim'>, autoLog=True, color=array([1., 1., 1.]), colorSpace='rgb', contrast=1.0, depth=-1.0, flipHoriz=False, flipVert=False, image='./stimuli/images/blank.bmp', interpolate=True, mask=None, maskParams=None, name='whiteWaitInterTrial', opacity=1.0, ori=0.0, pos=array([0., 0.]), size=array([1., 1.]), texRes=128, units='norm', win=Window(...))
4.7360 	EXP 	Created blackTrial = Rect(__class__=<class 'psychopy.visual.rect.Rect'>, autoDraw=False, autoLog=True, closeShape=True, color=method-wrapper(...), colorSpace=None, contrast=1.0, depth=-1.0, fillColor='black', fillColorSpace='named', fillRGB=array([0., 0., 0.]), interpolate=True, lineColor='black', lineColorSpace='named', lineRGB=array([0., 0., 0.]), lineWidth=1, name='blackTrial', opacity=1.0, ori=array(0.), pos=array([0., 0.]), size=array([1., 1.]), units='norm', vertices=ndarray(...), win=Window(...))
4.7366 	EXP 	Created whiteTrial = Rect(__class__=<class 'psychopy.visual.rect.Rect'>, autoDraw=False, autoLog=True, closeShape=True, color=method-wrapper(...), colorSpace=None, contrast=1.0, depth=-2.0, fillColor='white', fillColorSpace='named', fillRGB=array([255., 255., 255.]), interpolate=True, lineColor='white', lineColorSpace='named', lineRGB=array([255., 255., 255.]), lineWidth=1, name='whiteTrial', opacity=1.0, ori=array(0.), pos=array([0., 0.]), size=array([1., 1.]), units='norm', vertices=ndarray(...), win=Window(...))
4.7381 	EXP 	Created TrialPicture = ImageStim(__class__=<class 'psychopy.visual.image.ImageStim'>, autoLog=True, color=array([1., 1., 1.]), colorSpace='rgb', contrast=1.0, depth=-3.0, flipHoriz=False, flipVert=False, image='sin', interpolate=True, mask=None, maskParams=None, name='TrialPicture', opacity=1.0, ori=0.0, pos=array([0., 0.]), size=array([1., 1.]), texRes=128, units='norm', win=Window(...))
4.7391 	EXP 	Created green_1 = ShapeStim(__class__=<class 'psychopy.visual.shape.ShapeStim'>, autoDraw=False, autoLog=True, closeShape=True, contrast=1.0, depth=-6.0, fillColor='green', fillColorSpace='named', interpolate=True, lineColor='green', lineColorSpace='named', lineWidth=1, name='green_1', opacity=1.0, ori=array(0.), pos=array([0., 0.]), size=array([0.05, 0.05]), units='norm', vertices=ndarray(...), win=Window(...), windingRule=None)
4.7396 	EXP 	Created red_1 = Rect(__class__=<class 'psychopy.visual.rect.Rect'>, autoDraw=False, autoLog=True, closeShape=True, color=method-wrapper(...), colorSpace=None, contrast=1.0, depth=-7.0, fillColor='red', fillColorSpace='named', fillRGB=array([255.,   0.,   0.]), interpolate=True, lineColor='red', lineColorSpace='named', lineRGB=array([255.,   0.,   0.]), lineWidth=1, name='red_1', opacity=1.0, ori=array(0.), pos=array([0., 0.]), size=array([1., 1.]), units='norm', vertices=ndarray(...), win=Window(...))
4.7401 	EXP 	Created blackWaitInterTrial_2 = Rect(__class__=<class 'psychopy.visual.rect.Rect'>, autoDraw=False, autoLog=True, closeShape=True, color=method-wrapper(...), colorSpace=None, contrast=1.0, depth=-1.0, fillColor='black', fillColorSpace='named', fillRGB=array([0., 0., 0.]), interpolate=True, lineColor='black', lineColorSpace='named', lineRGB=array([0., 0., 0.]), lineWidth=1, name='blackWaitInterTrial_2', opacity=1.0, ori=array(0.), pos=array([0., 0.]), size=array([1., 1.]), units='norm', vertices=ndarray(...), win=Window(...))
4.7461 	EXP 	Created whiteWaitInterTrial_2 = ImageStim(__class__=<class 'psychopy.visual.image.ImageStim'>, autoLog=True, color=array([1., 1., 1.]), colorSpace='rgb', contrast=1.0, depth=-2.0, flipHoriz=False, flipVert=False, image='./stimuli/images/blank.bmp', interpolate=True, mask=None, maskParams=None, name='whiteWaitInterTrial_2', opacity=1.0, ori=0.0, pos=array([0., 0.]), size=array([1., 1.]), texRes=128, units='norm', win=Window(...))
4.7466 	EXP 	Created green_fb_1 = ShapeStim(__class__=<class 'psychopy.visual.shape.ShapeStim'>, autoDraw=False, autoLog=True, closeShape=True, contrast=1.0, depth=-3.0, fillColor='green', fillColorSpace='named', interpolate=True, lineColor='green', lineColorSpace='named', lineWidth=1, name='green_fb_1', opacity=1.0, ori=array(0.), pos=array([0., 0.]), size=array([1., 1.]), units='norm', vertices=ndarray(...), win=Window(...), windingRule=None)
4.7472 	EXP 	Created red_fb_1 = Rect(__class__=<class 'psychopy.visual.rect.Rect'>, autoDraw=False, autoLog=True, closeShape=True, color=method-wrapper(...), colorSpace=None, contrast=1.0, depth=-4.0, fillColor='red', fillColorSpace='named', fillRGB=array([255.,   0.,   0.]), interpolate=True, lineColor='red', lineColorSpace='named', lineRGB=array([255.,   0.,   0.]), lineWidth=1, name='red_fb_1', opacity=1.0, ori=array(0.), pos=array([0., 0.]), size=array([1., 1.]), units='norm', vertices=ndarray(...), win=Window(...))
4.7477 	EXP 	Created fixation = Rect(__class__=<class 'psychopy.visual.rect.Rect'>, autoDraw=False, autoLog=True, closeShape=True, color=method-wrapper(...), colorSpace=None, contrast=1.0, depth=0.0, fillColor='black', fillColorSpace='named', fillRGB=array([0., 0., 0.]), interpolate=True, lineColor='black', lineColorSpace='named', lineRGB=array([0., 0., 0.]), lineWidth=1, name='fixation', opacity=1.0, ori=array(0.), pos=array([0., 0.]), size=array([1., 1.]), units='norm', vertices=ndarray(...), win=Window(...))
4.7528 	EXP 	Created fixationImage = ImageStim(__class__=<class 'psychopy.visual.image.ImageStim'>, autoLog=True, color=array([1., 1., 1.]), colorSpace='rgb', contrast=1.0, depth=-1.0, flipHoriz=False, flipVert=False, image='./stimuli/images/fix.bmp', interpolate=True, mask=None, maskParams=None, name='fixationImage', opacity=1.0, ori=0.0, pos=array([0., 0.]), size=array([1., 1.]), texRes=128, units='norm', win=Window(...))
4.7533 	EXP 	Created polygon_end = Rect(__class__=<class 'psychopy.visual.rect.Rect'>, autoDraw=False, autoLog=True, closeShape=True, color=method-wrapper(...), colorSpace=None, contrast=1.0, depth=0.0, fillColor='black', fillColorSpace='named', fillRGB=array([0., 0., 0.]), interpolate=True, lineColor='black', lineColorSpace='named', lineRGB=array([0., 0., 0.]), lineWidth=1, name='polygon_end', opacity=1.0, ori=array(0.), pos=array([0., 0.]), size=array([1., 1.]), units='norm', vertices=ndarray(...), win=Window(...))
4.7922 	EXP 	Created end_text = TextStim(__class__=<class 'psychopy.visual.text.TextStim'>, alignHoriz='center', alignVert='center', antialias=True, autoLog=True, bold=False, color='white', colorSpace='named', contrast=1.0, depth=-1.0, flipHoriz=False, flipVert=False, font='Arial', fontFiles=[], height=0.1, italic=False, languageStyle='LTR', name='end_text', opacity=1.0, ori=0, pos=array([0., 0.]), rgb=array([255., 255., 255.]), text='That completes Round 1 of the task', units='norm', win=Window(...), wrapWidth=1)
4.7928 	EXP 	Created polygon_15 = Rect(__class__=<class 'psychopy.visual.rect.Rect'>, autoDraw=False, autoLog=True, closeShape=True, color=method-wrapper(...), colorSpace=None, contrast=1.0, depth=0.0, fillColor='black', fillColorSpace='named', fillRGB=array([0., 0., 0.]), interpolate=True, lineColor='black', lineColorSpace='named', lineRGB=array([0., 0., 0.]), lineWidth=1, name='polygon_15', opacity=1.0, ori=array(0.), pos=array([0., 0.]), size=array([1., 1.]), units='norm', vertices=ndarray(...), win=Window(...))
4.8369 	EXP 	Created descriptionText_15 = TextStim(__class__=<class 'psychopy.visual.text.TextStim'>, alignHoriz='center', alignVert='center', antialias=True, autoLog=True, bold=False, color='white', colorSpace='named', contrast=1.0, depth=-1.0, flipHoriz=False, flipVert=False, font='Arial', fontFiles=[], height=0.09, italic=False, languageStyle='LTR', name='descriptionText_15', opacity=1.0, ori=0, pos=array([0., 0.]), rgb=array([255., 255., 255.]), text=str(...), units='norm', win=Window(...), wrapWidth=1)
4.8375 	EXP 	Created fixation10 = Rect(__class__=<class 'psychopy.visual.rect.Rect'>, autoDraw=False, autoLog=True, closeShape=True, color=method-wrapper(...), colorSpace=None, contrast=1.0, depth=0.0, fillColor='black', fillColorSpace='named', fillRGB=array([0., 0., 0.]), interpolate=True, lineColor='black', lineColorSpace='named', lineRGB=array([0., 0., 0.]), lineWidth=1, name='fixation10', opacity=1.0, ori=array(0.), pos=array([0., 0.]), size=array([1., 1.]), units='norm', vertices=ndarray(...), win=Window(...))
4.8530 	EXP 	Created fixationImage10 = ImageStim(__class__=<class 'psychopy.visual.image.ImageStim'>, autoLog=True, color=array([1., 1., 1.]), colorSpace='rgb', contrast=1.0, depth=-1.0, flipHoriz=False, flipVert=False, image='./stimuli/images/fix.bmp', interpolate=True, mask=None, maskParams=None, name='fixationImage10', opacity=1.0, ori=0.0, pos=array([0., 0.]), size=array([1., 1.]), texRes=128, units='norm', win=Window(...))
4.8557 	EXP 	Created text = TextStim(__class__=<class 'psychopy.visual.text.TextStim'>, alignHoriz='center', alignVert='center', antialias=True, autoLog=True, bold=False, color='white', colorSpace='named', contrast=1.0, depth=-2.0, flipHoriz=False, flipVert=False, font='Arial', fontFiles=[], height=0.3, italic=False, languageStyle='LTR', name='text', opacity=1.0, ori=0, pos=array([ 0. , -0.7]), rgb=array([255., 255., 255.]), text='3 . . .', units='norm', win=Window(...), wrapWidth=1)
4.8581 	EXP 	Created text_2 = TextStim(__class__=<class 'psychopy.visual.text.TextStim'>, alignHoriz='center', alignVert='center', antialias=True, autoLog=True, bold=False, color='white', colorSpace='named', contrast=1.0, depth=-3.0, flipHoriz=False, flipVert=False, font='Arial', fontFiles=[], height=0.3, italic=False, languageStyle='LTR', name='text_2', opacity=1.0, ori=0, pos=array([ 0. , -0.7]), rgb=array([255., 255., 255.]), text='2 . .', units='norm', win=Window(...), wrapWidth=1)
4.8603 	EXP 	Created text_3 = TextStim(__class__=<class 'psychopy.visual.text.TextStim'>, alignHoriz='center', alignVert='center', antialias=True, autoLog=True, bold=False, color='white', colorSpace='named', contrast=1.0, depth=-4.0, flipHoriz=False, flipVert=False, font='Arial', fontFiles=[], height=0.3, italic=False, languageStyle='LTR', name='text_3', opacity=1.0, ori=0, pos=array([ 0. , -0.7]), rgb=array([255., 255., 255.]), text='1 .', units='norm', win=Window(...), wrapWidth=1)
4.8609 	EXP 	Created blackProc_2 = Rect(__class__=<class 'psychopy.visual.rect.Rect'>, autoDraw=False, autoLog=True, closeShape=True, color=method-wrapper(...), colorSpace=None, contrast=1.0, depth=-1.0, fillColor='black', fillColorSpace='named', fillRGB=array([0., 0., 0.]), interpolate=True, lineColor='black', lineColorSpace='named', lineRGB=array([0., 0., 0.]), lineWidth=1, name='blackProc_2', opacity=1.0, ori=array(0.), pos=array([0., 0.]), size=array([1., 1.]), units='norm', vertices=ndarray(...), win=Window(...))
4.8615 	EXP 	Created greenProc_2 = Rect(__class__=<class 'psychopy.visual.rect.Rect'>, autoDraw=False, autoLog=True, closeShape=True, color=method-wrapper(...), colorSpace=None, contrast=1.0, depth=-2.0, fillColor='green', fillColorSpace='named', fillRGB=array([  0., 128.,   0.]), interpolate=True, lineColor='green', lineColorSpace='named', lineRGB=array([  0., 128.,   0.]), lineWidth=1, name='greenProc_2', opacity=1.0, ori=array(0.), pos=array([0., 0.]), size=array([1., 1.]), units='norm', vertices=ndarray(...), win=Window(...))
4.8631 	EXP 	Created ProcTarget_2 = ImageStim(__class__=<class 'psychopy.visual.image.ImageStim'>, autoLog=True, color=array([1., 1., 1.]), colorSpace='rgb', contrast=1.0, depth=-3.0, flipHoriz=False, flipVert=False, image='sin', interpolate=True, mask=None, maskParams=None, name='ProcTarget_2', opacity=1.0, ori=0.0, pos=array([-0.4,  0. ]), size=array([1., 1.]), texRes=128, units='norm', win=Window(...))
4.8647 	EXP 	Created ProcPicture_2 = ImageStim(__class__=<class 'psychopy.visual.image.ImageStim'>, autoLog=True, color=array([1., 1., 1.]), colorSpace='rgb', contrast=1.0, depth=-4.0, flipHoriz=False, flipVert=False, image='sin', interpolate=True, mask=None, maskParams=None, name='ProcPicture_2', opacity=1.0, ori=0.0, pos=array([0.4, 0. ]), size=array([1., 1.]), texRes=128, units='norm', win=Window(...))
4.8652 	EXP 	Created blackWaitInterTrial_3 = Rect(__class__=<class 'psychopy.visual.rect.Rect'>, autoDraw=False, autoLog=True, closeShape=True, color=method-wrapper(...), colorSpace=None, contrast=1.0, depth=0.0, fillColor='black', fillColorSpace='named', fillRGB=array([0., 0., 0.]), interpolate=True, lineColor='black', lineColorSpace='named', lineRGB=array([0., 0., 0.]), lineWidth=1, name='blackWaitInterTrial_3', opacity=1.0, ori=array(0.), pos=array([0., 0.]), size=array([1., 1.]), units='norm', vertices=ndarray(...), win=Window(...))
4.8704 	EXP 	Created whiteWaitInterTrial_3 = ImageStim(__class__=<class 'psychopy.visual.image.ImageStim'>, autoLog=True, color=array([1., 1., 1.]), colorSpace='rgb', contrast=1.0, depth=-1.0, flipHoriz=False, flipVert=False, image='./stimuli/images/blank.bmp', interpolate=True, mask=None, maskParams=None, name='whiteWaitInterTrial_3', opacity=1.0, ori=0.0, pos=array([0., 0.]), size=array([1., 1.]), texRes=128, units='norm', win=Window(...))
4.8710 	EXP 	Created blackTrial_2 = Rect(__class__=<class 'psychopy.visual.rect.Rect'>, autoDraw=False, autoLog=True, closeShape=True, color=method-wrapper(...), colorSpace=None, contrast=1.0, depth=-1.0, fillColor='black', fillColorSpace='named', fillRGB=array([0., 0., 0.]), interpolate=True, lineColor='black', lineColorSpace='named', lineRGB=array([0., 0., 0.]), lineWidth=1, name='blackTrial_2', opacity=1.0, ori=array(0.), pos=array([0., 0.]), size=array([1., 1.]), units='norm', vertices=ndarray(...), win=Window(...))
4.8715 	EXP 	Created whiteTrial_2 = Rect(__class__=<class 'psychopy.visual.rect.Rect'>, autoDraw=False, autoLog=True, closeShape=True, color=method-wrapper(...), colorSpace=None, contrast=1.0, depth=-2.0, fillColor='white', fillColorSpace='named', fillRGB=array([255., 255., 255.]), interpolate=True, lineColor='white', lineColorSpace='named', lineRGB=array([255., 255., 255.]), lineWidth=1, name='whiteTrial_2', opacity=1.0, ori=array(0.), pos=array([0., 0.]), size=array([1., 1.]), units='norm', vertices=ndarray(...), win=Window(...))
4.8730 	EXP 	Created TrialPicture_2 = ImageStim(__class__=<class 'psychopy.visual.image.ImageStim'>, autoLog=True, color=array([1., 1., 1.]), colorSpace='rgb', contrast=1.0, depth=-3.0, flipHoriz=False, flipVert=False, image='sin', interpolate=True, mask=None, maskParams=None, name='TrialPicture_2', opacity=1.0, ori=0.0, pos=array([0., 0.]), size=array([1., 1.]), texRes=128, units='norm', win=Window(...))
4.8739 	EXP 	Created green_2 = ShapeStim(__class__=<class 'psychopy.visual.shape.ShapeStim'>, autoDraw=False, autoLog=True, closeShape=True, contrast=1.0, depth=-6.0, fillColor='green', fillColorSpace='named', interpolate=True, lineColor='green', lineColorSpace='named', lineWidth=1, name='green_2', opacity=1.0, ori=array(0.), pos=array([0., 0.]), size=array([0.05, 0.05]), units='norm', vertices=ndarray(...), win=Window(...), windingRule=None)
4.8745 	EXP 	Created red_2 = Rect(__class__=<class 'psychopy.visual.rect.Rect'>, autoDraw=False, autoLog=True, closeShape=True, color=method-wrapper(...), colorSpace=None, contrast=1.0, depth=-7.0, fillColor='red', fillColorSpace='named', fillRGB=array([255.,   0.,   0.]), interpolate=True, lineColor='red', lineColorSpace='named', lineRGB=array([255.,   0.,   0.]), lineWidth=1, name='red_2', opacity=1.0, ori=array(0.), pos=array([0., 0.]), size=array([1., 1.]), units='norm', vertices=ndarray(...), win=Window(...))
4.8750 	EXP 	Created blackWaitInterTrial_4 = Rect(__class__=<class 'psychopy.visual.rect.Rect'>, autoDraw=False, autoLog=True, closeShape=True, color=method-wrapper(...), colorSpace=None, contrast=1.0, depth=-1.0, fillColor='black', fillColorSpace='named', fillRGB=array([0., 0., 0.]), interpolate=True, lineColor='black', lineColorSpace='named', lineRGB=array([0., 0., 0.]), lineWidth=1, name='blackWaitInterTrial_4', opacity=1.0, ori=array(0.), pos=array([0., 0.]), size=array([1., 1.]), units='norm', vertices=ndarray(...), win=Window(...))
4.8810 	EXP 	Created whiteWaitInterTrial_4 = ImageStim(__class__=<class 'psychopy.visual.image.ImageStim'>, autoLog=True, color=array([1., 1., 1.]), colorSpace='rgb', contrast=1.0, depth=-2.0, flipHoriz=False, flipVert=False, image='./stimuli/images/blank.bmp', interpolate=True, mask=None, maskParams=None, name='whiteWaitInterTrial_4', opacity=1.0, ori=0.0, pos=array([0., 0.]), size=array([1., 1.]), texRes=128, units='norm', win=Window(...))
4.8815 	EXP 	Created green_fb_2 = ShapeStim(__class__=<class 'psychopy.visual.shape.ShapeStim'>, autoDraw=False, autoLog=True, closeShape=True, contrast=1.0, depth=-3.0, fillColor='green', fillColorSpace='named', interpolate=True, lineColor='green', lineColorSpace='named', lineWidth=1, name='green_fb_2', opacity=1.0, ori=array(0.), pos=array([0., 0.]), size=array([1., 1.]), units='norm', vertices=ndarray(...), win=Window(...), windingRule=None)
4.8820 	EXP 	Created red_fb_2 = Rect(__class__=<class 'psychopy.visual.rect.Rect'>, autoDraw=False, autoLog=True, closeShape=True, color=method-wrapper(...), colorSpace=None, contrast=1.0, depth=-4.0, fillColor='red', fillColorSpace='named', fillRGB=array([255.,   0.,   0.]), interpolate=True, lineColor='red', lineColorSpace='named', lineRGB=array([255.,   0.,   0.]), lineWidth=1, name='red_fb_2', opacity=1.0, ori=array(0.), pos=array([0., 0.]), size=array([1., 1.]), units='norm', vertices=ndarray(...), win=Window(...))
4.8826 	EXP 	Created fixation_2 = Rect(__class__=<class 'psychopy.visual.rect.Rect'>, autoDraw=False, autoLog=True, closeShape=True, color=method-wrapper(...), colorSpace=None, contrast=1.0, depth=0.0, fillColor='black', fillColorSpace='named', fillRGB=array([0., 0., 0.]), interpolate=True, lineColor='black', lineColorSpace='named', lineRGB=array([0., 0., 0.]), lineWidth=1, name='fixation_2', opacity=1.0, ori=array(0.), pos=array([0., 0.]), size=array([1., 1.]), units='norm', vertices=ndarray(...), win=Window(...))
4.8878 	EXP 	Created fixationImage_2 = ImageStim(__class__=<class 'psychopy.visual.image.ImageStim'>, autoLog=True, color=array([1., 1., 1.]), colorSpace='rgb', contrast=1.0, depth=-1.0, flipHoriz=False, flipVert=False, image='./stimuli/images/fix.bmp', interpolate=True, mask=None, maskParams=None, name='fixationImage_2', opacity=1.0, ori=0.0, pos=array([0., 0.]), size=array([1., 1.]), texRes=128, units='norm', win=Window(...))
4.8883 	EXP 	Created polygon_end_2 = Rect(__class__=<class 'psychopy.visual.rect.Rect'>, autoDraw=False, autoLog=True, closeShape=True, color=method-wrapper(...), colorSpace=None, contrast=1.0, depth=0.0, fillColor='black', fillColorSpace='named', fillRGB=array([0., 0., 0.]), interpolate=True, lineColor='black', lineColorSpace='named', lineRGB=array([0., 0., 0.]), lineWidth=1, name='polygon_end_2', opacity=1.0, ori=array(0.), pos=array([0., 0.]), size=array([1., 1.]), units='norm', vertices=ndarray(...), win=Window(...))
4.8966 	EXP 	Created end_text_2 = TextStim(__class__=<class 'psychopy.visual.text.TextStim'>, alignHoriz='center', alignVert='center', antialias=True, autoLog=True, bold=False, color='white', colorSpace='named', contrast=1.0, depth=-1.0, flipHoriz=False, flipVert=False, font='Arial', fontFiles=[], height=0.1, italic=False, languageStyle='LTR', name='end_text_2', opacity=1.0, ori=0, pos=array([0., 0.]), rgb=array([255., 255., 255.]), text='Thank you for your participation!', units='norm', win=Window(...), wrapWidth=1)
5.4207 	WARNING 	Hamming was requested using the 'pygame' sound library but hamming is not supported there.
5.4216 	EXP 	Set sound_1 sound=./lib/sound/bird.wav
5.4216 	WARNING 	Hamming was requested using the 'pygame' sound library but hamming is not supported there.
5.4221 	EXP 	Set sound_2 sound=./lib/sound/bang.wav
5.4646 	EXP 	polygon_1: autoDraw = True
5.4646 	EXP 	descriptionText_1: autoDraw = True
6.9930 	DATA 	Mouse: Left button down, pos=(584,680)
7.1541 	DATA 	Mouse:  Left button up, pos=(566,679)
7.4069 	DATA 	Keypress: space
7.4152 	EXP 	polygon_1: autoDraw = False
7.4152 	EXP 	descriptionText_1: autoDraw = False
7.4152 	EXP 	fixationImage10: size = array([0.75, 1.  ])
7.4152 	EXP 	fixation10: autoDraw = True
7.4152 	EXP 	fixationImage10: autoDraw = True
7.4152 	EXP 	text: autoDraw = True
8.3997 	EXP 	text_2: autoDraw = True
8.4162 	EXP 	text: autoDraw = False
9.4004 	EXP 	text_2: autoDraw = False
9.4004 	EXP 	text_3: autoDraw = True
10.4012 	EXP 	text_3: autoDraw = False
10.4034 	EXP 	Created sequence: sequential, trialTypes=1, nReps=1, seed=None
10.4036 	EXP 	New trial (rep=0, index=0): None
10.4346 	EXP 	fixation10: autoDraw = False
10.4346 	EXP 	fixationImage10: autoDraw = False
10.4346 	EXP 	fixation10: autoDraw = False
10.4346 	EXP 	fixationImage10: autoDraw = False
10.4346 	EXP 	text: autoDraw = False
10.4346 	EXP 	text_2: autoDraw = False
10.4346 	EXP 	text_3: autoDraw = False
10.4346 	EXP 	greenProc: size = array([1.6, 1.2])
10.4346 	EXP 	ProcTarget: size = array([0.75, 1.  ])
10.4346 	EXP 	ProcTarget: image = './stimuli/images/205.bmp'
10.4346 	EXP 	ProcPicture: size = array([0.75, 1.  ])
10.4346 	EXP 	ProcPicture: image = './stimuli/images/142.bmp'
10.4346 	EXP 	blackProc: autoDraw = True
10.4346 	EXP 	greenProc: autoDraw = True
10.4346 	EXP 	ProcTarget: autoDraw = True
10.4346 	EXP 	ProcPicture: autoDraw = True
13.9378 	EXP 	blackProc: autoDraw = False
13.9378 	EXP 	greenProc: autoDraw = False
13.9378 	EXP 	ProcTarget: autoDraw = False
13.9378 	EXP 	ProcPicture: autoDraw = False
13.9378 	EXP 	blackProc: autoDraw = False
13.9378 	EXP 	greenProc: autoDraw = False
13.9378 	EXP 	ProcTarget: autoDraw = False
13.9378 	EXP 	ProcPicture: autoDraw = False
13.9378 	EXP 	whiteWaitInterTrial: size = array([0.75, 1.  ])
13.9378 	EXP 	blackWaitInterTrial: autoDraw = True
13.9378 	EXP 	whiteWaitInterTrial: autoDraw = True
15.4250 	EXP 	Created sequence: sequential, trialTypes=1, nReps=20, seed=None
15.4252 	EXP 	New trial (rep=0, index=0): None
15.4558 	EXP 	blackWaitInterTrial: autoDraw = False
15.4558 	EXP 	whiteWaitInterTrial: autoDraw = False
15.4558 	EXP 	blackWaitInterTrial: autoDraw = False
15.4558 	EXP 	whiteWaitInterTrial: autoDraw = False
15.4558 	EXP 	TrialPicture: size = array([0.75, 1.  ])
15.4558 	EXP 	TrialPicture: image = './stimuli/images/142.bmp'
15.4558 	EXP 	blackTrial: autoDraw = True
15.4558 	EXP 	whiteTrial: autoDraw = True
15.4558 	EXP 	TrialPicture: autoDraw = True
15.4558 	EXP 	green_1: autoDraw = True
15.4558 	EXP 	red_1: autoDraw = True
16.4566 	EXP 	blackTrial: autoDraw = False
16.4566 	EXP 	whiteTrial: autoDraw = False
16.4566 	EXP 	TrialPicture: autoDraw = False
16.4566 	EXP 	green_1: autoDraw = False
16.4566 	EXP 	red_1: autoDraw = False
16.4566 	EXP 	blackTrial: autoDraw = False
16.4566 	EXP 	whiteTrial: autoDraw = False
16.4566 	EXP 	TrialPicture: autoDraw = False
16.4566 	EXP 	green_1: autoDraw = False
16.4566 	EXP 	red_1: autoDraw = False
16.4566 	EXP 	whiteWaitInterTrial_2: size = array([0.75, 1.  ])
16.4566 	EXP 	blackWaitInterTrial_2: autoDraw = True
16.4566 	EXP 	whiteWaitInterTrial_2: autoDraw = True
16.4566 	EXP 	green_fb_1: autoDraw = True
16.4566 	EXP 	red_fb_1: autoDraw = True
18.2449 	EXP 	New trial (rep=1, index=0): None
18.2749 	EXP 	blackWaitInterTrial_2: autoDraw = False
18.2749 	EXP 	whiteWaitInterTrial_2: autoDraw = False
18.2749 	EXP 	green_fb_1: autoDraw = False
18.2749 	EXP 	red_fb_1: autoDraw = False
18.2749 	EXP 	blackWaitInterTrial_2: autoDraw = False
18.2749 	EXP 	whiteWaitInterTrial_2: autoDraw = False
18.2749 	EXP 	green_fb_1: autoDraw = False
18.2749 	EXP 	red_fb_1: autoDraw = False
18.2749 	EXP 	TrialPicture: size = array([0.75, 1.  ])
18.2749 	EXP 	TrialPicture: image = './stimuli/images/186.bmp'
18.2749 	EXP 	blackTrial: autoDraw = True
18.2749 	EXP 	whiteTrial: autoDraw = True
18.2749 	EXP 	TrialPicture: autoDraw = True
18.2749 	EXP 	green_1: autoDraw = True
18.2749 	EXP 	red_1: autoDraw = True
19.2758 	EXP 	blackTrial: autoDraw = False
19.2758 	EXP 	whiteTrial: autoDraw = False
19.2758 	EXP 	TrialPicture: autoDraw = False
19.2758 	EXP 	green_1: autoDraw = False
19.2758 	EXP 	red_1: autoDraw = False
19.2758 	EXP 	blackTrial: autoDraw = False
19.2758 	EXP 	whiteTrial: autoDraw = False
19.2758 	EXP 	TrialPicture: autoDraw = False
19.2758 	EXP 	green_1: autoDraw = False
19.2758 	EXP 	red_1: autoDraw = False
19.2758 	EXP 	whiteWaitInterTrial_2: size = array([0.75, 1.  ])
19.2758 	EXP 	blackWaitInterTrial_2: autoDraw = True
19.2758 	EXP 	whiteWaitInterTrial_2: autoDraw = True
19.2758 	EXP 	green_fb_1: autoDraw = True
19.2758 	EXP 	red_fb_1: autoDraw = True
21.0639 	EXP 	New trial (rep=2, index=0): None
21.0774 	EXP 	blackWaitInterTrial_2: autoDraw = False
21.0774 	EXP 	whiteWaitInterTrial_2: autoDraw = False
21.0774 	EXP 	green_fb_1: autoDraw = False
21.0774 	EXP 	red_fb_1: autoDraw = False
21.0774 	EXP 	blackWaitInterTrial_2: autoDraw = False
21.0774 	EXP 	whiteWaitInterTrial_2: autoDraw = False
21.0774 	EXP 	green_fb_1: autoDraw = False
21.0774 	EXP 	red_fb_1: autoDraw = False
21.0774 	EXP 	TrialPicture: size = array([0.75, 1.  ])
21.0774 	EXP 	TrialPicture: image = './stimuli/images/205.bmp'
21.0774 	EXP 	blackTrial: autoDraw = True
21.0774 	EXP 	whiteTrial: autoDraw = True
21.0774 	EXP 	TrialPicture: autoDraw = True
21.0774 	EXP 	green_1: autoDraw = True
21.0774 	EXP 	red_1: autoDraw = True
22.0782 	EXP 	blackTrial: autoDraw = False
22.0782 	EXP 	whiteTrial: autoDraw = False
22.0782 	EXP 	TrialPicture: autoDraw = False
22.0782 	EXP 	green_1: autoDraw = False
22.0782 	EXP 	red_1: autoDraw = False
22.0782 	EXP 	blackTrial: autoDraw = False
22.0782 	EXP 	whiteTrial: autoDraw = False
22.0782 	EXP 	TrialPicture: autoDraw = False
22.0782 	EXP 	green_1: autoDraw = False
22.0782 	EXP 	red_1: autoDraw = False
22.0782 	EXP 	whiteWaitInterTrial_2: size = array([0.75, 1.  ])
22.0782 	EXP 	blackWaitInterTrial_2: autoDraw = True
22.0782 	EXP 	whiteWaitInterTrial_2: autoDraw = True
22.0782 	EXP 	green_fb_1: autoDraw = True
22.0782 	EXP 	red_fb_1: autoDraw = True
23.7656 	EXP 	New trial (rep=3, index=0): None
23.7797 	EXP 	blackWaitInterTrial_2: autoDraw = False
23.7797 	EXP 	whiteWaitInterTrial_2: autoDraw = False
23.7797 	EXP 	green_fb_1: autoDraw = False
23.7797 	EXP 	red_fb_1: autoDraw = False
23.7797 	EXP 	blackWaitInterTrial_2: autoDraw = False
23.7797 	EXP 	whiteWaitInterTrial_2: autoDraw = False
23.7797 	EXP 	green_fb_1: autoDraw = False
23.7797 	EXP 	red_fb_1: autoDraw = False
23.7797 	EXP 	TrialPicture: size = array([0.75, 1.  ])
23.7797 	EXP 	TrialPicture: image = './stimuli/images/149.bmp'
23.7797 	EXP 	blackTrial: autoDraw = True
23.7797 	EXP 	whiteTrial: autoDraw = True
23.7797 	EXP 	TrialPicture: autoDraw = True
23.7797 	EXP 	green_1: autoDraw = True
23.7797 	EXP 	red_1: autoDraw = True
24.7805 	EXP 	blackTrial: autoDraw = False
24.7805 	EXP 	whiteTrial: autoDraw = False
24.7805 	EXP 	TrialPicture: autoDraw = False
24.7805 	EXP 	green_1: autoDraw = False
24.7805 	EXP 	red_1: autoDraw = False
24.7805 	EXP 	blackTrial: autoDraw = False
24.7805 	EXP 	whiteTrial: autoDraw = False
24.7805 	EXP 	TrialPicture: autoDraw = False
24.7805 	EXP 	green_1: autoDraw = False
24.7805 	EXP 	red_1: autoDraw = False
24.7805 	EXP 	whiteWaitInterTrial_2: size = array([0.75, 1.  ])
24.7805 	EXP 	blackWaitInterTrial_2: autoDraw = True
24.7805 	EXP 	whiteWaitInterTrial_2: autoDraw = True
24.7805 	EXP 	green_fb_1: autoDraw = True
24.7805 	EXP 	red_fb_1: autoDraw = True
26.3686 	EXP 	New trial (rep=4, index=0): None
26.3820 	EXP 	blackWaitInterTrial_2: autoDraw = False
26.3820 	EXP 	whiteWaitInterTrial_2: autoDraw = False
26.3820 	EXP 	green_fb_1: autoDraw = False
26.3820 	EXP 	red_fb_1: autoDraw = False
26.3820 	EXP 	blackWaitInterTrial_2: autoDraw = False
26.3820 	EXP 	whiteWaitInterTrial_2: autoDraw = False
26.3820 	EXP 	green_fb_1: autoDraw = False
26.3820 	EXP 	red_fb_1: autoDraw = False
26.3820 	EXP 	TrialPicture: size = array([0.75, 1.  ])
26.3820 	EXP 	TrialPicture: image = './stimuli/images/142.bmp'
26.3820 	EXP 	blackTrial: autoDraw = True
26.3820 	EXP 	whiteTrial: autoDraw = True
26.3820 	EXP 	TrialPicture: autoDraw = True
26.3820 	EXP 	green_1: autoDraw = True
26.3820 	EXP 	red_1: autoDraw = True
27.3828 	EXP 	blackTrial: autoDraw = False
27.3828 	EXP 	whiteTrial: autoDraw = False
27.3828 	EXP 	TrialPicture: autoDraw = False
27.3828 	EXP 	green_1: autoDraw = False
27.3828 	EXP 	red_1: autoDraw = False
27.3828 	EXP 	blackTrial: autoDraw = False
27.3828 	EXP 	whiteTrial: autoDraw = False
27.3828 	EXP 	TrialPicture: autoDraw = False
27.3828 	EXP 	green_1: autoDraw = False
27.3828 	EXP 	red_1: autoDraw = False
27.3828 	EXP 	whiteWaitInterTrial_2: size = array([0.75, 1.  ])
27.3828 	EXP 	blackWaitInterTrial_2: autoDraw = True
27.3828 	EXP 	whiteWaitInterTrial_2: autoDraw = True
27.3828 	EXP 	green_fb_1: autoDraw = True
27.3828 	EXP 	red_fb_1: autoDraw = True
28.9707 	EXP 	New trial (rep=5, index=0): None
28.9848 	EXP 	blackWaitInterTrial_2: autoDraw = False
28.9848 	EXP 	whiteWaitInterTrial_2: autoDraw = False
28.9848 	EXP 	green_fb_1: autoDraw = False
28.9848 	EXP 	red_fb_1: autoDraw = False
28.9848 	EXP 	blackWaitInterTrial_2: autoDraw = False
28.9848 	EXP 	whiteWaitInterTrial_2: autoDraw = False
28.9848 	EXP 	green_fb_1: autoDraw = False
28.9848 	EXP 	red_fb_1: autoDraw = False
28.9848 	EXP 	TrialPicture: size = array([0.75, 1.  ])
28.9848 	EXP 	TrialPicture: image = './stimuli/images/205.bmp'
28.9848 	EXP 	blackTrial: autoDraw = True
28.9848 	EXP 	whiteTrial: autoDraw = True
28.9848 	EXP 	TrialPicture: autoDraw = True
28.9848 	EXP 	green_1: autoDraw = True
28.9848 	EXP 	red_1: autoDraw = True
29.9851 	EXP 	blackTrial: autoDraw = False
29.9851 	EXP 	whiteTrial: autoDraw = False
29.9851 	EXP 	TrialPicture: autoDraw = False
29.9851 	EXP 	green_1: autoDraw = False
29.9851 	EXP 	red_1: autoDraw = False
29.9851 	EXP 	blackTrial: autoDraw = False
29.9851 	EXP 	whiteTrial: autoDraw = False
29.9851 	EXP 	TrialPicture: autoDraw = False
29.9851 	EXP 	green_1: autoDraw = False
29.9851 	EXP 	red_1: autoDraw = False
29.9851 	EXP 	whiteWaitInterTrial_2: size = array([0.75, 1.  ])
29.9851 	EXP 	blackWaitInterTrial_2: autoDraw = True
29.9851 	EXP 	whiteWaitInterTrial_2: autoDraw = True
29.9851 	EXP 	green_fb_1: autoDraw = True
29.9851 	EXP 	red_fb_1: autoDraw = True
31.7729 	EXP 	New trial (rep=6, index=0): None
31.7866 	EXP 	blackWaitInterTrial_2: autoDraw = False
31.7866 	EXP 	whiteWaitInterTrial_2: autoDraw = False
31.7866 	EXP 	green_fb_1: autoDraw = False
31.7866 	EXP 	red_fb_1: autoDraw = False
31.7866 	EXP 	blackWaitInterTrial_2: autoDraw = False
31.7866 	EXP 	whiteWaitInterTrial_2: autoDraw = False
31.7866 	EXP 	green_fb_1: autoDraw = False
31.7866 	EXP 	red_fb_1: autoDraw = False
31.7866 	EXP 	TrialPicture: size = array([0.75, 1.  ])
31.7866 	EXP 	TrialPicture: image = './stimuli/images/149.bmp'
31.7866 	EXP 	blackTrial: autoDraw = True
31.7866 	EXP 	whiteTrial: autoDraw = True
31.7866 	EXP 	TrialPicture: autoDraw = True
31.7866 	EXP 	green_1: autoDraw = True
31.7866 	EXP 	red_1: autoDraw = True
32.7875 	EXP 	blackTrial: autoDraw = False
32.7875 	EXP 	whiteTrial: autoDraw = False
32.7875 	EXP 	TrialPicture: autoDraw = False
32.7875 	EXP 	green_1: autoDraw = False
32.7875 	EXP 	red_1: autoDraw = False
32.7875 	EXP 	blackTrial: autoDraw = False
32.7875 	EXP 	whiteTrial: autoDraw = False
32.7875 	EXP 	TrialPicture: autoDraw = False
32.7875 	EXP 	green_1: autoDraw = False
32.7875 	EXP 	red_1: autoDraw = False
32.7875 	EXP 	whiteWaitInterTrial_2: size = array([0.75, 1.  ])
32.7875 	EXP 	blackWaitInterTrial_2: autoDraw = True
32.7875 	EXP 	whiteWaitInterTrial_2: autoDraw = True
32.7875 	EXP 	green_fb_1: autoDraw = True
32.7875 	EXP 	red_fb_1: autoDraw = True
34.3745 	EXP 	New trial (rep=7, index=0): None
34.3890 	EXP 	blackWaitInterTrial_2: autoDraw = False
34.3890 	EXP 	whiteWaitInterTrial_2: autoDraw = False
34.3890 	EXP 	green_fb_1: autoDraw = False
34.3890 	EXP 	red_fb_1: autoDraw = False
34.3890 	EXP 	blackWaitInterTrial_2: autoDraw = False
34.3890 	EXP 	whiteWaitInterTrial_2: autoDraw = False
34.3890 	EXP 	green_fb_1: autoDraw = False
34.3890 	EXP 	red_fb_1: autoDraw = False
34.3890 	EXP 	TrialPicture: size = array([0.75, 1.  ])
34.3890 	EXP 	TrialPicture: image = './stimuli/images/186.bmp'
34.3890 	EXP 	blackTrial: autoDraw = True
34.3890 	EXP 	whiteTrial: autoDraw = True
34.3890 	EXP 	TrialPicture: autoDraw = True
34.3890 	EXP 	green_1: autoDraw = True
34.3890 	EXP 	red_1: autoDraw = True
35.3898 	EXP 	blackTrial: autoDraw = False
35.3898 	EXP 	whiteTrial: autoDraw = False
35.3898 	EXP 	TrialPicture: autoDraw = False
35.3898 	EXP 	green_1: autoDraw = False
35.3898 	EXP 	red_1: autoDraw = False
35.3898 	EXP 	blackTrial: autoDraw = False
35.3898 	EXP 	whiteTrial: autoDraw = False
35.3898 	EXP 	TrialPicture: autoDraw = False
35.3898 	EXP 	green_1: autoDraw = False
35.3898 	EXP 	red_1: autoDraw = False
35.3898 	EXP 	whiteWaitInterTrial_2: size = array([0.75, 1.  ])
35.3898 	EXP 	blackWaitInterTrial_2: autoDraw = True
35.3898 	EXP 	whiteWaitInterTrial_2: autoDraw = True
35.3898 	EXP 	green_fb_1: autoDraw = True
35.3898 	EXP 	red_fb_1: autoDraw = True
37.0771 	EXP 	New trial (rep=8, index=0): None
37.0913 	EXP 	blackWaitInterTrial_2: autoDraw = False
37.0913 	EXP 	whiteWaitInterTrial_2: autoDraw = False
37.0913 	EXP 	green_fb_1: autoDraw = False
37.0913 	EXP 	red_fb_1: autoDraw = False
37.0913 	EXP 	blackWaitInterTrial_2: autoDraw = False
37.0913 	EXP 	whiteWaitInterTrial_2: autoDraw = False
37.0913 	EXP 	green_fb_1: autoDraw = False
37.0913 	EXP 	red_fb_1: autoDraw = False
37.0913 	EXP 	TrialPicture: size = array([0.75, 1.  ])
37.0913 	EXP 	TrialPicture: image = './stimuli/images/205.bmp'
37.0913 	EXP 	blackTrial: autoDraw = True
37.0913 	EXP 	whiteTrial: autoDraw = True
37.0913 	EXP 	TrialPicture: autoDraw = True
37.0913 	EXP 	green_1: autoDraw = True
37.0913 	EXP 	red_1: autoDraw = True
38.0922 	EXP 	blackTrial: autoDraw = False
38.0922 	EXP 	whiteTrial: autoDraw = False
38.0922 	EXP 	TrialPicture: autoDraw = False
38.0922 	EXP 	green_1: autoDraw = False
38.0922 	EXP 	red_1: autoDraw = False
38.0922 	EXP 	blackTrial: autoDraw = False
38.0922 	EXP 	whiteTrial: autoDraw = False
38.0922 	EXP 	TrialPicture: autoDraw = False
38.0922 	EXP 	green_1: autoDraw = False
38.0922 	EXP 	red_1: autoDraw = False
38.0922 	EXP 	whiteWaitInterTrial_2: size = array([0.75, 1.  ])
38.0922 	EXP 	blackWaitInterTrial_2: autoDraw = True
38.0922 	EXP 	whiteWaitInterTrial_2: autoDraw = True
38.0922 	EXP 	green_fb_1: autoDraw = True
38.0922 	EXP 	red_fb_1: autoDraw = True
39.8795 	EXP 	New trial (rep=9, index=0): None
39.8938 	EXP 	blackWaitInterTrial_2: autoDraw = False
39.8938 	EXP 	whiteWaitInterTrial_2: autoDraw = False
39.8938 	EXP 	green_fb_1: autoDraw = False
39.8938 	EXP 	red_fb_1: autoDraw = False
39.8938 	EXP 	blackWaitInterTrial_2: autoDraw = False
39.8938 	EXP 	whiteWaitInterTrial_2: autoDraw = False
39.8938 	EXP 	green_fb_1: autoDraw = False
39.8938 	EXP 	red_fb_1: autoDraw = False
39.8938 	EXP 	TrialPicture: size = array([0.75, 1.  ])
39.8938 	EXP 	TrialPicture: image = './stimuli/images/149.bmp'
39.8938 	EXP 	blackTrial: autoDraw = True
39.8938 	EXP 	whiteTrial: autoDraw = True
39.8938 	EXP 	TrialPicture: autoDraw = True
39.8938 	EXP 	green_1: autoDraw = True
39.8938 	EXP 	red_1: autoDraw = True
40.8946 	EXP 	blackTrial: autoDraw = False
40.8946 	EXP 	whiteTrial: autoDraw = False
40.8946 	EXP 	TrialPicture: autoDraw = False
40.8946 	EXP 	green_1: autoDraw = False
40.8946 	EXP 	red_1: autoDraw = False
40.8946 	EXP 	blackTrial: autoDraw = False
40.8946 	EXP 	whiteTrial: autoDraw = False
40.8946 	EXP 	TrialPicture: autoDraw = False
40.8946 	EXP 	green_1: autoDraw = False
40.8946 	EXP 	red_1: autoDraw = False
40.8946 	EXP 	whiteWaitInterTrial_2: size = array([0.75, 1.  ])
40.8946 	EXP 	blackWaitInterTrial_2: autoDraw = True
40.8946 	EXP 	whiteWaitInterTrial_2: autoDraw = True
40.8946 	EXP 	green_fb_1: autoDraw = True
40.8946 	EXP 	red_fb_1: autoDraw = True
42.4825 	EXP 	New trial (rep=10, index=0): None
42.4960 	EXP 	blackWaitInterTrial_2: autoDraw = False
42.4960 	EXP 	whiteWaitInterTrial_2: autoDraw = False
42.4960 	EXP 	green_fb_1: autoDraw = False
42.4960 	EXP 	red_fb_1: autoDraw = False
42.4960 	EXP 	blackWaitInterTrial_2: autoDraw = False
42.4960 	EXP 	whiteWaitInterTrial_2: autoDraw = False
42.4960 	EXP 	green_fb_1: autoDraw = False
42.4960 	EXP 	red_fb_1: autoDraw = False
42.4960 	EXP 	TrialPicture: size = array([0.75, 1.  ])
42.4960 	EXP 	TrialPicture: image = './stimuli/images/149.bmp'
42.4960 	EXP 	blackTrial: autoDraw = True
42.4960 	EXP 	whiteTrial: autoDraw = True
42.4960 	EXP 	TrialPicture: autoDraw = True
42.4960 	EXP 	green_1: autoDraw = True
42.4960 	EXP 	red_1: autoDraw = True
43.4969 	EXP 	blackTrial: autoDraw = False
43.4969 	EXP 	whiteTrial: autoDraw = False
43.4969 	EXP 	TrialPicture: autoDraw = False
43.4969 	EXP 	green_1: autoDraw = False
43.4969 	EXP 	red_1: autoDraw = False
43.4969 	EXP 	blackTrial: autoDraw = False
43.4969 	EXP 	whiteTrial: autoDraw = False
43.4969 	EXP 	TrialPicture: autoDraw = False
43.4969 	EXP 	green_1: autoDraw = False
43.4969 	EXP 	red_1: autoDraw = False
43.4969 	EXP 	whiteWaitInterTrial_2: size = array([0.75, 1.  ])
43.4969 	EXP 	blackWaitInterTrial_2: autoDraw = True
43.4969 	EXP 	whiteWaitInterTrial_2: autoDraw = True
43.4969 	EXP 	green_fb_1: autoDraw = True
43.4969 	EXP 	red_fb_1: autoDraw = True
45.1848 	EXP 	New trial (rep=11, index=0): None
45.1984 	EXP 	blackWaitInterTrial_2: autoDraw = False
45.1984 	EXP 	whiteWaitInterTrial_2: autoDraw = False
45.1984 	EXP 	green_fb_1: autoDraw = False
45.1984 	EXP 	red_fb_1: autoDraw = False
45.1984 	EXP 	blackWaitInterTrial_2: autoDraw = False
45.1984 	EXP 	whiteWaitInterTrial_2: autoDraw = False
45.1984 	EXP 	green_fb_1: autoDraw = False
45.1984 	EXP 	red_fb_1: autoDraw = False
45.1984 	EXP 	TrialPicture: size = array([0.75, 1.  ])
45.1984 	EXP 	TrialPicture: image = './stimuli/images/186.bmp'
45.1984 	EXP 	blackTrial: autoDraw = True
45.1984 	EXP 	whiteTrial: autoDraw = True
45.1984 	EXP 	TrialPicture: autoDraw = True
45.1984 	EXP 	green_1: autoDraw = True
45.1984 	EXP 	red_1: autoDraw = True
46.1993 	EXP 	blackTrial: autoDraw = False
46.1993 	EXP 	whiteTrial: autoDraw = False
46.1993 	EXP 	TrialPicture: autoDraw = False
46.1993 	EXP 	green_1: autoDraw = False
46.1993 	EXP 	red_1: autoDraw = False
46.1993 	EXP 	blackTrial: autoDraw = False
46.1993 	EXP 	whiteTrial: autoDraw = False
46.1993 	EXP 	TrialPicture: autoDraw = False
46.1993 	EXP 	green_1: autoDraw = False
46.1993 	EXP 	red_1: autoDraw = False
46.1993 	EXP 	whiteWaitInterTrial_2: size = array([0.75, 1.  ])
46.1993 	EXP 	blackWaitInterTrial_2: autoDraw = True
46.1993 	EXP 	whiteWaitInterTrial_2: autoDraw = True
46.1993 	EXP 	green_fb_1: autoDraw = True
46.1993 	EXP 	red_fb_1: autoDraw = True
47.8879 	EXP 	New trial (rep=12, index=0): None
47.9179 	EXP 	blackWaitInterTrial_2: autoDraw = False
47.9179 	EXP 	whiteWaitInterTrial_2: autoDraw = False
47.9179 	EXP 	green_fb_1: autoDraw = False
47.9179 	EXP 	red_fb_1: autoDraw = False
47.9179 	EXP 	blackWaitInterTrial_2: autoDraw = False
47.9179 	EXP 	whiteWaitInterTrial_2: autoDraw = False
47.9179 	EXP 	green_fb_1: autoDraw = False
47.9179 	EXP 	red_fb_1: autoDraw = False
47.9179 	EXP 	TrialPicture: size = array([0.75, 1.  ])
47.9179 	EXP 	TrialPicture: image = './stimuli/images/142.bmp'
47.9179 	EXP 	blackTrial: autoDraw = True
47.9179 	EXP 	whiteTrial: autoDraw = True
47.9179 	EXP 	TrialPicture: autoDraw = True
47.9179 	EXP 	green_1: autoDraw = True
47.9179 	EXP 	red_1: autoDraw = True
48.9183 	EXP 	blackTrial: autoDraw = False
48.9183 	EXP 	whiteTrial: autoDraw = False
48.9183 	EXP 	TrialPicture: autoDraw = False
48.9183 	EXP 	green_1: autoDraw = False
48.9183 	EXP 	red_1: autoDraw = False
48.9183 	EXP 	blackTrial: autoDraw = False
48.9183 	EXP 	whiteTrial: autoDraw = False
48.9183 	EXP 	TrialPicture: autoDraw = False
48.9183 	EXP 	green_1: autoDraw = False
48.9183 	EXP 	red_1: autoDraw = False
48.9183 	EXP 	whiteWaitInterTrial_2: size = array([0.75, 1.  ])
48.9183 	EXP 	blackWaitInterTrial_2: autoDraw = True
48.9183 	EXP 	whiteWaitInterTrial_2: autoDraw = True
48.9183 	EXP 	green_fb_1: autoDraw = True
48.9183 	EXP 	red_fb_1: autoDraw = True
50.5060 	EXP 	New trial (rep=13, index=0): None
50.5197 	EXP 	blackWaitInterTrial_2: autoDraw = False
50.5197 	EXP 	whiteWaitInterTrial_2: autoDraw = False
50.5197 	EXP 	green_fb_1: autoDraw = False
50.5197 	EXP 	red_fb_1: autoDraw = False
50.5197 	EXP 	blackWaitInterTrial_2: autoDraw = False
50.5197 	EXP 	whiteWaitInterTrial_2: autoDraw = False
50.5197 	EXP 	green_fb_1: autoDraw = False
50.5197 	EXP 	red_fb_1: autoDraw = False
50.5197 	EXP 	TrialPicture: size = array([0.75, 1.  ])
50.5197 	EXP 	TrialPicture: image = './stimuli/images/186.bmp'
50.5197 	EXP 	blackTrial: autoDraw = True
50.5197 	EXP 	whiteTrial: autoDraw = True
50.5197 	EXP 	TrialPicture: autoDraw = True
50.5197 	EXP 	green_1: autoDraw = True
50.5197 	EXP 	red_1: autoDraw = True
51.5206 	EXP 	blackTrial: autoDraw = False
51.5206 	EXP 	whiteTrial: autoDraw = False
51.5206 	EXP 	TrialPicture: autoDraw = False
51.5206 	EXP 	green_1: autoDraw = False
51.5206 	EXP 	red_1: autoDraw = False
51.5206 	EXP 	blackTrial: autoDraw = False
51.5206 	EXP 	whiteTrial: autoDraw = False
51.5206 	EXP 	TrialPicture: autoDraw = False
51.5206 	EXP 	green_1: autoDraw = False
51.5206 	EXP 	red_1: autoDraw = False
51.5206 	EXP 	whiteWaitInterTrial_2: size = array([0.75, 1.  ])
51.5206 	EXP 	blackWaitInterTrial_2: autoDraw = True
51.5206 	EXP 	whiteWaitInterTrial_2: autoDraw = True
51.5206 	EXP 	green_fb_1: autoDraw = True
51.5206 	EXP 	red_fb_1: autoDraw = True
53.3091 	EXP 	New trial (rep=14, index=0): None
53.3222 	EXP 	blackWaitInterTrial_2: autoDraw = False
53.3222 	EXP 	whiteWaitInterTrial_2: autoDraw = False
53.3222 	EXP 	green_fb_1: autoDraw = False
53.3222 	EXP 	red_fb_1: autoDraw = False
53.3222 	EXP 	blackWaitInterTrial_2: autoDraw = False
53.3222 	EXP 	whiteWaitInterTrial_2: autoDraw = False
53.3222 	EXP 	green_fb_1: autoDraw = False
53.3222 	EXP 	red_fb_1: autoDraw = False
53.3222 	EXP 	TrialPicture: size = array([0.75, 1.  ])
53.3222 	EXP 	TrialPicture: image = './stimuli/images/205.bmp'
53.3222 	EXP 	blackTrial: autoDraw = True
53.3222 	EXP 	whiteTrial: autoDraw = True
53.3222 	EXP 	TrialPicture: autoDraw = True
53.3222 	EXP 	green_1: autoDraw = True
53.3222 	EXP 	red_1: autoDraw = True
54.3230 	EXP 	blackTrial: autoDraw = False
54.3230 	EXP 	whiteTrial: autoDraw = False
54.3230 	EXP 	TrialPicture: autoDraw = False
54.3230 	EXP 	green_1: autoDraw = False
54.3230 	EXP 	red_1: autoDraw = False
54.3230 	EXP 	blackTrial: autoDraw = False
54.3230 	EXP 	whiteTrial: autoDraw = False
54.3230 	EXP 	TrialPicture: autoDraw = False
54.3230 	EXP 	green_1: autoDraw = False
54.3230 	EXP 	red_1: autoDraw = False
54.3230 	EXP 	whiteWaitInterTrial_2: size = array([0.75, 1.  ])
54.3230 	EXP 	blackWaitInterTrial_2: autoDraw = True
54.3230 	EXP 	whiteWaitInterTrial_2: autoDraw = True
54.3230 	EXP 	green_fb_1: autoDraw = True
54.3230 	EXP 	red_fb_1: autoDraw = True
55.9107 	EXP 	New trial (rep=15, index=0): None
55.9245 	EXP 	blackWaitInterTrial_2: autoDraw = False
55.9245 	EXP 	whiteWaitInterTrial_2: autoDraw = False
55.9245 	EXP 	green_fb_1: autoDraw = False
55.9245 	EXP 	red_fb_1: autoDraw = False
55.9245 	EXP 	blackWaitInterTrial_2: autoDraw = False
55.9245 	EXP 	whiteWaitInterTrial_2: autoDraw = False
55.9245 	EXP 	green_fb_1: autoDraw = False
55.9245 	EXP 	red_fb_1: autoDraw = False
55.9245 	EXP 	TrialPicture: size = array([0.75, 1.  ])
55.9245 	EXP 	TrialPicture: image = './stimuli/images/149.bmp'
55.9245 	EXP 	blackTrial: autoDraw = True
55.9245 	EXP 	whiteTrial: autoDraw = True
55.9245 	EXP 	TrialPicture: autoDraw = True
55.9245 	EXP 	green_1: autoDraw = True
55.9245 	EXP 	red_1: autoDraw = True
56.9253 	EXP 	blackTrial: autoDraw = False
56.9253 	EXP 	whiteTrial: autoDraw = False
56.9253 	EXP 	TrialPicture: autoDraw = False
56.9253 	EXP 	green_1: autoDraw = False
56.9253 	EXP 	red_1: autoDraw = False
56.9253 	EXP 	blackTrial: autoDraw = False
56.9253 	EXP 	whiteTrial: autoDraw = False
56.9253 	EXP 	TrialPicture: autoDraw = False
56.9253 	EXP 	green_1: autoDraw = False
56.9253 	EXP 	red_1: autoDraw = False
56.9253 	EXP 	whiteWaitInterTrial_2: size = array([0.75, 1.  ])
56.9253 	EXP 	blackWaitInterTrial_2: autoDraw = True
56.9253 	EXP 	whiteWaitInterTrial_2: autoDraw = True
56.9253 	EXP 	green_fb_1: autoDraw = True
56.9253 	EXP 	red_fb_1: autoDraw = True
58.6131 	EXP 	New trial (rep=16, index=0): None
58.6268 	EXP 	blackWaitInterTrial_2: autoDraw = False
58.6268 	EXP 	whiteWaitInterTrial_2: autoDraw = False
58.6268 	EXP 	green_fb_1: autoDraw = False
58.6268 	EXP 	red_fb_1: autoDraw = False
58.6268 	EXP 	blackWaitInterTrial_2: autoDraw = False
58.6268 	EXP 	whiteWaitInterTrial_2: autoDraw = False
58.6268 	EXP 	green_fb_1: autoDraw = False
58.6268 	EXP 	red_fb_1: autoDraw = False
58.6268 	EXP 	TrialPicture: size = array([0.75, 1.  ])
58.6268 	EXP 	TrialPicture: image = './stimuli/images/142.bmp'
58.6268 	EXP 	blackTrial: autoDraw = True
58.6268 	EXP 	whiteTrial: autoDraw = True
58.6268 	EXP 	TrialPicture: autoDraw = True
58.6268 	EXP 	green_1: autoDraw = True
58.6268 	EXP 	red_1: autoDraw = True
59.6277 	EXP 	blackTrial: autoDraw = False
59.6277 	EXP 	whiteTrial: autoDraw = False
59.6277 	EXP 	TrialPicture: autoDraw = False
59.6277 	EXP 	green_1: autoDraw = False
59.6277 	EXP 	red_1: autoDraw = False
59.6277 	EXP 	blackTrial: autoDraw = False
59.6277 	EXP 	whiteTrial: autoDraw = False
59.6277 	EXP 	TrialPicture: autoDraw = False
59.6277 	EXP 	green_1: autoDraw = False
59.6277 	EXP 	red_1: autoDraw = False
59.6277 	EXP 	whiteWaitInterTrial_2: size = array([0.75, 1.  ])
59.6277 	EXP 	blackWaitInterTrial_2: autoDraw = True
59.6277 	EXP 	whiteWaitInterTrial_2: autoDraw = True
59.6277 	EXP 	green_fb_1: autoDraw = True
59.6277 	EXP 	red_fb_1: autoDraw = True
61.4150 	EXP 	New trial (rep=17, index=0): None
61.4292 	EXP 	blackWaitInterTrial_2: autoDraw = False
61.4292 	EXP 	whiteWaitInterTrial_2: autoDraw = False
61.4292 	EXP 	green_fb_1: autoDraw = False
61.4292 	EXP 	red_fb_1: autoDraw = False
61.4292 	EXP 	blackWaitInterTrial_2: autoDraw = False
61.4292 	EXP 	whiteWaitInterTrial_2: autoDraw = False
61.4292 	EXP 	green_fb_1: autoDraw = False
61.4292 	EXP 	red_fb_1: autoDraw = False
61.4292 	EXP 	TrialPicture: size = array([0.75, 1.  ])
61.4292 	EXP 	TrialPicture: image = './stimuli/images/205.bmp'
61.4292 	EXP 	blackTrial: autoDraw = True
61.4292 	EXP 	whiteTrial: autoDraw = True
61.4292 	EXP 	TrialPicture: autoDraw = True
61.4292 	EXP 	green_1: autoDraw = True
61.4292 	EXP 	red_1: autoDraw = True
62.4301 	EXP 	blackTrial: autoDraw = False
62.4301 	EXP 	whiteTrial: autoDraw = False
62.4301 	EXP 	TrialPicture: autoDraw = False
62.4301 	EXP 	green_1: autoDraw = False
62.4301 	EXP 	red_1: autoDraw = False
62.4301 	EXP 	blackTrial: autoDraw = False
62.4301 	EXP 	whiteTrial: autoDraw = False
62.4301 	EXP 	TrialPicture: autoDraw = False
62.4301 	EXP 	green_1: autoDraw = False
62.4301 	EXP 	red_1: autoDraw = False
62.4301 	EXP 	whiteWaitInterTrial_2: size = array([0.75, 1.  ])
62.4301 	EXP 	blackWaitInterTrial_2: autoDraw = True
62.4301 	EXP 	whiteWaitInterTrial_2: autoDraw = True
62.4301 	EXP 	green_fb_1: autoDraw = True
62.4301 	EXP 	red_fb_1: autoDraw = True
64.0178 	EXP 	New trial (rep=18, index=0): None
64.0482 	EXP 	blackWaitInterTrial_2: autoDraw = False
64.0482 	EXP 	whiteWaitInterTrial_2: autoDraw = False
64.0482 	EXP 	green_fb_1: autoDraw = False
64.0482 	EXP 	red_fb_1: autoDraw = False
64.0482 	EXP 	blackWaitInterTrial_2: autoDraw = False
64.0482 	EXP 	whiteWaitInterTrial_2: autoDraw = False
64.0482 	EXP 	green_fb_1: autoDraw = False
64.0482 	EXP 	red_fb_1: autoDraw = False
64.0482 	EXP 	TrialPicture: size = array([0.75, 1.  ])
64.0482 	EXP 	TrialPicture: image = './stimuli/images/149.bmp'
64.0482 	EXP 	blackTrial: autoDraw = True
64.0482 	EXP 	whiteTrial: autoDraw = True
64.0482 	EXP 	TrialPicture: autoDraw = True
64.0482 	EXP 	green_1: autoDraw = True
64.0482 	EXP 	red_1: autoDraw = True
65.0491 	EXP 	blackTrial: autoDraw = False
65.0491 	EXP 	whiteTrial: autoDraw = False
65.0491 	EXP 	TrialPicture: autoDraw = False
65.0491 	EXP 	green_1: autoDraw = False
65.0491 	EXP 	red_1: autoDraw = False
65.0491 	EXP 	blackTrial: autoDraw = False
65.0491 	EXP 	whiteTrial: autoDraw = False
65.0491 	EXP 	TrialPicture: autoDraw = False
65.0491 	EXP 	green_1: autoDraw = False
65.0491 	EXP 	red_1: autoDraw = False
65.0491 	EXP 	whiteWaitInterTrial_2: size = array([0.75, 1.  ])
65.0491 	EXP 	blackWaitInterTrial_2: autoDraw = True
65.0491 	EXP 	whiteWaitInterTrial_2: autoDraw = True
65.0491 	EXP 	green_fb_1: autoDraw = True
65.0491 	EXP 	red_fb_1: autoDraw = True
66.7368 	EXP 	New trial (rep=19, index=0): None
66.7505 	EXP 	blackWaitInterTrial_2: autoDraw = False
66.7505 	EXP 	whiteWaitInterTrial_2: autoDraw = False
66.7505 	EXP 	green_fb_1: autoDraw = False
66.7505 	EXP 	red_fb_1: autoDraw = False
66.7505 	EXP 	blackWaitInterTrial_2: autoDraw = False
66.7505 	EXP 	whiteWaitInterTrial_2: autoDraw = False
66.7505 	EXP 	green_fb_1: autoDraw = False
66.7505 	EXP 	red_fb_1: autoDraw = False
66.7505 	EXP 	TrialPicture: size = array([0.75, 1.  ])
66.7505 	EXP 	TrialPicture: image = './stimuli/images/186.bmp'
66.7505 	EXP 	blackTrial: autoDraw = True
66.7505 	EXP 	whiteTrial: autoDraw = True
66.7505 	EXP 	TrialPicture: autoDraw = True
66.7505 	EXP 	green_1: autoDraw = True
66.7505 	EXP 	red_1: autoDraw = True
67.7514 	EXP 	blackTrial: autoDraw = False
67.7514 	EXP 	whiteTrial: autoDraw = False
67.7514 	EXP 	TrialPicture: autoDraw = False
67.7514 	EXP 	green_1: autoDraw = False
67.7514 	EXP 	red_1: autoDraw = False
67.7514 	EXP 	blackTrial: autoDraw = False
67.7514 	EXP 	whiteTrial: autoDraw = False
67.7514 	EXP 	TrialPicture: autoDraw = False
67.7514 	EXP 	green_1: autoDraw = False
67.7514 	EXP 	red_1: autoDraw = False
67.7514 	EXP 	whiteWaitInterTrial_2: size = array([0.75, 1.  ])
67.7514 	EXP 	blackWaitInterTrial_2: autoDraw = True
67.7514 	EXP 	whiteWaitInterTrial_2: autoDraw = True
67.7514 	EXP 	green_fb_1: autoDraw = True
67.7514 	EXP 	red_fb_1: autoDraw = True
69.4529 	EXP 	blackWaitInterTrial_2: autoDraw = False
69.4529 	EXP 	whiteWaitInterTrial_2: autoDraw = False
69.4529 	EXP 	green_fb_1: autoDraw = False
69.4529 	EXP 	red_fb_1: autoDraw = False
69.4529 	EXP 	blackWaitInterTrial_2: autoDraw = False
69.4529 	EXP 	whiteWaitInterTrial_2: autoDraw = False
69.4529 	EXP 	green_fb_1: autoDraw = False
69.4529 	EXP 	red_fb_1: autoDraw = False
69.4529 	EXP 	fixationImage: size = array([0.75, 1.  ])
69.4529 	EXP 	fixation: autoDraw = True
69.4529 	EXP 	fixationImage: autoDraw = True
71.4547 	EXP 	fixation: autoDraw = False
71.4547 	EXP 	fixationImage: autoDraw = False
71.4547 	EXP 	fixation: autoDraw = False
71.4547 	EXP 	fixationImage: autoDraw = False
71.4547 	EXP 	polygon_end: autoDraw = True
71.4547 	EXP 	end_text: autoDraw = True
73.4614 	WARNING 	Hamming was requested using the 'pygame' sound library but hamming is not supported there.
73.4616 	EXP 	Set sound_1 sound=./lib/sound/bird.wav
73.4616 	WARNING 	Hamming was requested using the 'pygame' sound library but hamming is not supported there.
73.4618 	EXP 	Set sound_2 sound=./lib/sound/bang.wav
73.4898 	EXP 	polygon_end: autoDraw = False
73.4898 	EXP 	end_text: autoDraw = False
73.4898 	EXP 	polygon_15: autoDraw = True
73.4898 	EXP 	descriptionText_15: autoDraw = True
96.1168 	DATA 	Keypress: space
96.1262 	EXP 	polygon_15: autoDraw = False
96.1262 	EXP 	descriptionText_15: autoDraw = False
96.1262 	EXP 	fixationImage10: size = array([0.75, 1.  ])
96.1262 	EXP 	fixation10: autoDraw = True
96.1262 	EXP 	fixationImage10: autoDraw = True
96.1262 	EXP 	text: autoDraw = True
97.1104 	EXP 	text_2: autoDraw = True
97.1271 	EXP 	text: autoDraw = False
98.1113 	EXP 	text_2: autoDraw = False
98.1113 	EXP 	text_3: autoDraw = True
99.1122 	EXP 	text_3: autoDraw = False
99.1147 	EXP 	Created sequence: sequential, trialTypes=1, nReps=1, seed=None
99.1149 	EXP 	New trial (rep=0, index=0): None
99.1455 	EXP 	fixation10: autoDraw = False
99.1455 	EXP 	fixationImage10: autoDraw = False
99.1455 	EXP 	fixation10: autoDraw = False
99.1455 	EXP 	fixationImage10: autoDraw = False
99.1455 	EXP 	text: autoDraw = False
99.1455 	EXP 	text_2: autoDraw = False
99.1455 	EXP 	text_3: autoDraw = False
99.1455 	EXP 	greenProc_2: size = array([1.6, 1.2])
99.1455 	EXP 	ProcTarget_2: size = array([0.75, 1.  ])
99.1455 	EXP 	ProcTarget_2: image = './stimuli/images/061.bmp'
99.1455 	EXP 	ProcPicture_2: size = array([0.75, 1.  ])
99.1455 	EXP 	ProcPicture_2: image = './stimuli/images/008.bmp'
99.1455 	EXP 	blackProc_2: autoDraw = True
99.1455 	EXP 	greenProc_2: autoDraw = True
99.1455 	EXP 	ProcTarget_2: autoDraw = True
99.1455 	EXP 	ProcPicture_2: autoDraw = True
102.6487 	EXP 	blackProc_2: autoDraw = False
102.6487 	EXP 	greenProc_2: autoDraw = False
102.6487 	EXP 	ProcTarget_2: autoDraw = False
102.6487 	EXP 	ProcPicture_2: autoDraw = False
102.6487 	EXP 	blackProc_2: autoDraw = False
102.6487 	EXP 	greenProc_2: autoDraw = False
102.6487 	EXP 	ProcTarget_2: autoDraw = False
102.6487 	EXP 	ProcPicture_2: autoDraw = False
102.6487 	EXP 	whiteWaitInterTrial_3: size = array([0.75, 1.  ])
102.6487 	EXP 	blackWaitInterTrial_3: autoDraw = True
102.6487 	EXP 	whiteWaitInterTrial_3: autoDraw = True
104.1355 	EXP 	Created sequence: sequential, trialTypes=1, nReps=20, seed=None
104.1358 	EXP 	New trial (rep=0, index=0): None
104.1666 	EXP 	blackWaitInterTrial_3: autoDraw = False
104.1666 	EXP 	whiteWaitInterTrial_3: autoDraw = False
104.1666 	EXP 	blackWaitInterTrial_3: autoDraw = False
104.1666 	EXP 	whiteWaitInterTrial_3: autoDraw = False
104.1666 	EXP 	TrialPicture_2: size = array([0.75, 1.  ])
104.1666 	EXP 	TrialPicture_2: image = './stimuli/images/152.bmp'
104.1666 	EXP 	blackTrial_2: autoDraw = True
104.1666 	EXP 	whiteTrial_2: autoDraw = True
104.1666 	EXP 	TrialPicture_2: autoDraw = True
104.1666 	EXP 	green_2: autoDraw = True
104.1666 	EXP 	red_2: autoDraw = True
105.1675 	EXP 	blackTrial_2: autoDraw = False
105.1675 	EXP 	whiteTrial_2: autoDraw = False
105.1675 	EXP 	TrialPicture_2: autoDraw = False
105.1675 	EXP 	green_2: autoDraw = False
105.1675 	EXP 	red_2: autoDraw = False
105.1675 	EXP 	blackTrial_2: autoDraw = False
105.1675 	EXP 	whiteTrial_2: autoDraw = False
105.1675 	EXP 	TrialPicture_2: autoDraw = False
105.1675 	EXP 	green_2: autoDraw = False
105.1675 	EXP 	red_2: autoDraw = False
105.1675 	EXP 	whiteWaitInterTrial_4: size = array([0.75, 1.  ])
105.1675 	EXP 	blackWaitInterTrial_4: autoDraw = True
105.1675 	EXP 	whiteWaitInterTrial_4: autoDraw = True
105.1675 	EXP 	green_fb_2: autoDraw = True
105.1675 	EXP 	red_fb_2: autoDraw = True
106.9566 	EXP 	New trial (rep=1, index=0): None
106.9857 	EXP 	blackWaitInterTrial_4: autoDraw = False
106.9857 	EXP 	whiteWaitInterTrial_4: autoDraw = False
106.9857 	EXP 	green_fb_2: autoDraw = False
106.9857 	EXP 	red_fb_2: autoDraw = False
106.9857 	EXP 	blackWaitInterTrial_4: autoDraw = False
106.9857 	EXP 	whiteWaitInterTrial_4: autoDraw = False
106.9857 	EXP 	green_fb_2: autoDraw = False
106.9857 	EXP 	red_fb_2: autoDraw = False
106.9857 	EXP 	TrialPicture_2: size = array([0.75, 1.  ])
106.9857 	EXP 	TrialPicture_2: image = './stimuli/images/061.bmp'
106.9857 	EXP 	blackTrial_2: autoDraw = True
106.9857 	EXP 	whiteTrial_2: autoDraw = True
106.9857 	EXP 	TrialPicture_2: autoDraw = True
106.9857 	EXP 	green_2: autoDraw = True
106.9857 	EXP 	red_2: autoDraw = True
107.9866 	EXP 	blackTrial_2: autoDraw = False
107.9866 	EXP 	whiteTrial_2: autoDraw = False
107.9866 	EXP 	TrialPicture_2: autoDraw = False
107.9866 	EXP 	green_2: autoDraw = False
107.9866 	EXP 	red_2: autoDraw = False
107.9866 	EXP 	blackTrial_2: autoDraw = False
107.9866 	EXP 	whiteTrial_2: autoDraw = False
107.9866 	EXP 	TrialPicture_2: autoDraw = False
107.9866 	EXP 	green_2: autoDraw = False
107.9866 	EXP 	red_2: autoDraw = False
107.9866 	EXP 	whiteWaitInterTrial_4: size = array([0.75, 1.  ])
107.9866 	EXP 	blackWaitInterTrial_4: autoDraw = True
107.9866 	EXP 	whiteWaitInterTrial_4: autoDraw = True
107.9866 	EXP 	green_fb_2: autoDraw = True
107.9866 	EXP 	red_fb_2: autoDraw = True
109.7749 	EXP 	New trial (rep=2, index=0): None
109.7883 	EXP 	blackWaitInterTrial_4: autoDraw = False
109.7883 	EXP 	whiteWaitInterTrial_4: autoDraw = False
109.7883 	EXP 	green_fb_2: autoDraw = False
109.7883 	EXP 	red_fb_2: autoDraw = False
109.7883 	EXP 	blackWaitInterTrial_4: autoDraw = False
109.7883 	EXP 	whiteWaitInterTrial_4: autoDraw = False
109.7883 	EXP 	green_fb_2: autoDraw = False
109.7883 	EXP 	red_fb_2: autoDraw = False
109.7883 	EXP 	TrialPicture_2: size = array([0.75, 1.  ])
109.7883 	EXP 	TrialPicture_2: image = './stimuli/images/008.bmp'
109.7883 	EXP 	blackTrial_2: autoDraw = True
109.7883 	EXP 	whiteTrial_2: autoDraw = True
109.7883 	EXP 	TrialPicture_2: autoDraw = True
109.7883 	EXP 	green_2: autoDraw = True
109.7883 	EXP 	red_2: autoDraw = True
110.7890 	EXP 	blackTrial_2: autoDraw = False
110.7890 	EXP 	whiteTrial_2: autoDraw = False
110.7890 	EXP 	TrialPicture_2: autoDraw = False
110.7890 	EXP 	green_2: autoDraw = False
110.7890 	EXP 	red_2: autoDraw = False
110.7890 	EXP 	blackTrial_2: autoDraw = False
110.7890 	EXP 	whiteTrial_2: autoDraw = False
110.7890 	EXP 	TrialPicture_2: autoDraw = False
110.7890 	EXP 	green_2: autoDraw = False
110.7890 	EXP 	red_2: autoDraw = False
110.7890 	EXP 	whiteWaitInterTrial_4: size = array([0.75, 1.  ])
110.7890 	EXP 	blackWaitInterTrial_4: autoDraw = True
110.7890 	EXP 	whiteWaitInterTrial_4: autoDraw = True
110.7890 	EXP 	green_fb_2: autoDraw = True
110.7890 	EXP 	red_fb_2: autoDraw = True
112.4765 	EXP 	New trial (rep=3, index=0): None
112.4905 	EXP 	blackWaitInterTrial_4: autoDraw = False
112.4905 	EXP 	whiteWaitInterTrial_4: autoDraw = False
112.4905 	EXP 	green_fb_2: autoDraw = False
112.4905 	EXP 	red_fb_2: autoDraw = False
112.4905 	EXP 	blackWaitInterTrial_4: autoDraw = False
112.4905 	EXP 	whiteWaitInterTrial_4: autoDraw = False
112.4905 	EXP 	green_fb_2: autoDraw = False
112.4905 	EXP 	red_fb_2: autoDraw = False
112.4905 	EXP 	TrialPicture_2: size = array([0.75, 1.  ])
112.4905 	EXP 	TrialPicture_2: image = './stimuli/images/086.bmp'
112.4905 	EXP 	blackTrial_2: autoDraw = True
112.4905 	EXP 	whiteTrial_2: autoDraw = True
112.4905 	EXP 	TrialPicture_2: autoDraw = True
112.4905 	EXP 	green_2: autoDraw = True
112.4905 	EXP 	red_2: autoDraw = True
113.4914 	EXP 	blackTrial_2: autoDraw = False
113.4914 	EXP 	whiteTrial_2: autoDraw = False
113.4914 	EXP 	TrialPicture_2: autoDraw = False
113.4914 	EXP 	green_2: autoDraw = False
113.4914 	EXP 	red_2: autoDraw = False
113.4914 	EXP 	blackTrial_2: autoDraw = False
113.4914 	EXP 	whiteTrial_2: autoDraw = False
113.4914 	EXP 	TrialPicture_2: autoDraw = False
113.4914 	EXP 	green_2: autoDraw = False
113.4914 	EXP 	red_2: autoDraw = False
113.4914 	EXP 	whiteWaitInterTrial_4: size = array([0.75, 1.  ])
113.4914 	EXP 	blackWaitInterTrial_4: autoDraw = True
113.4914 	EXP 	whiteWaitInterTrial_4: autoDraw = True
113.4914 	EXP 	green_fb_2: autoDraw = True
113.4914 	EXP 	red_fb_2: autoDraw = True
115.1787 	EXP 	New trial (rep=4, index=0): None
115.1929 	EXP 	blackWaitInterTrial_4: autoDraw = False
115.1929 	EXP 	whiteWaitInterTrial_4: autoDraw = False
115.1929 	EXP 	green_fb_2: autoDraw = False
115.1929 	EXP 	red_fb_2: autoDraw = False
115.1929 	EXP 	blackWaitInterTrial_4: autoDraw = False
115.1929 	EXP 	whiteWaitInterTrial_4: autoDraw = False
115.1929 	EXP 	green_fb_2: autoDraw = False
115.1929 	EXP 	red_fb_2: autoDraw = False
115.1929 	EXP 	TrialPicture_2: size = array([0.75, 1.  ])
115.1929 	EXP 	TrialPicture_2: image = './stimuli/images/152.bmp'
115.1929 	EXP 	blackTrial_2: autoDraw = True
115.1929 	EXP 	whiteTrial_2: autoDraw = True
115.1929 	EXP 	TrialPicture_2: autoDraw = True
115.1929 	EXP 	green_2: autoDraw = True
115.1929 	EXP 	red_2: autoDraw = True
116.1938 	EXP 	blackTrial_2: autoDraw = False
116.1938 	EXP 	whiteTrial_2: autoDraw = False
116.1938 	EXP 	TrialPicture_2: autoDraw = False
116.1938 	EXP 	green_2: autoDraw = False
116.1938 	EXP 	red_2: autoDraw = False
116.1938 	EXP 	blackTrial_2: autoDraw = False
116.1938 	EXP 	whiteTrial_2: autoDraw = False
116.1938 	EXP 	TrialPicture_2: autoDraw = False
116.1938 	EXP 	green_2: autoDraw = False
116.1938 	EXP 	red_2: autoDraw = False
116.1938 	EXP 	whiteWaitInterTrial_4: size = array([0.75, 1.  ])
116.1938 	EXP 	blackWaitInterTrial_4: autoDraw = True
116.1938 	EXP 	whiteWaitInterTrial_4: autoDraw = True
116.1938 	EXP 	green_fb_2: autoDraw = True
116.1938 	EXP 	red_fb_2: autoDraw = True
117.7814 	EXP 	New trial (rep=5, index=0): None
117.7952 	EXP 	blackWaitInterTrial_4: autoDraw = False
117.7952 	EXP 	whiteWaitInterTrial_4: autoDraw = False
117.7952 	EXP 	green_fb_2: autoDraw = False
117.7952 	EXP 	red_fb_2: autoDraw = False
117.7952 	EXP 	blackWaitInterTrial_4: autoDraw = False
117.7952 	EXP 	whiteWaitInterTrial_4: autoDraw = False
117.7952 	EXP 	green_fb_2: autoDraw = False
117.7952 	EXP 	red_fb_2: autoDraw = False
117.7952 	EXP 	TrialPicture_2: size = array([0.75, 1.  ])
117.7952 	EXP 	TrialPicture_2: image = './stimuli/images/061.bmp'
117.7952 	EXP 	blackTrial_2: autoDraw = True
117.7952 	EXP 	whiteTrial_2: autoDraw = True
117.7952 	EXP 	TrialPicture_2: autoDraw = True
117.7952 	EXP 	green_2: autoDraw = True
117.7952 	EXP 	red_2: autoDraw = True
118.7960 	EXP 	blackTrial_2: autoDraw = False
118.7960 	EXP 	whiteTrial_2: autoDraw = False
118.7960 	EXP 	TrialPicture_2: autoDraw = False
118.7960 	EXP 	green_2: autoDraw = False
118.7960 	EXP 	red_2: autoDraw = False
118.7960 	EXP 	blackTrial_2: autoDraw = False
118.7960 	EXP 	whiteTrial_2: autoDraw = False
118.7960 	EXP 	TrialPicture_2: autoDraw = False
118.7960 	EXP 	green_2: autoDraw = False
118.7960 	EXP 	red_2: autoDraw = False
118.7960 	EXP 	whiteWaitInterTrial_4: size = array([0.75, 1.  ])
118.7960 	EXP 	blackWaitInterTrial_4: autoDraw = True
118.7960 	EXP 	whiteWaitInterTrial_4: autoDraw = True
118.7960 	EXP 	green_fb_2: autoDraw = True
118.7960 	EXP 	red_fb_2: autoDraw = True
120.4841 	EXP 	New trial (rep=6, index=0): None
120.4975 	EXP 	blackWaitInterTrial_4: autoDraw = False
120.4975 	EXP 	whiteWaitInterTrial_4: autoDraw = False
120.4975 	EXP 	green_fb_2: autoDraw = False
120.4975 	EXP 	red_fb_2: autoDraw = False
120.4975 	EXP 	blackWaitInterTrial_4: autoDraw = False
120.4975 	EXP 	whiteWaitInterTrial_4: autoDraw = False
120.4975 	EXP 	green_fb_2: autoDraw = False
120.4975 	EXP 	red_fb_2: autoDraw = False
120.4975 	EXP 	TrialPicture_2: size = array([0.75, 1.  ])
120.4975 	EXP 	TrialPicture_2: image = './stimuli/images/008.bmp'
120.4975 	EXP 	blackTrial_2: autoDraw = True
120.4975 	EXP 	whiteTrial_2: autoDraw = True
120.4975 	EXP 	TrialPicture_2: autoDraw = True
120.4975 	EXP 	green_2: autoDraw = True
120.4975 	EXP 	red_2: autoDraw = True
121.4985 	EXP 	blackTrial_2: autoDraw = False
121.4985 	EXP 	whiteTrial_2: autoDraw = False
121.4985 	EXP 	TrialPicture_2: autoDraw = False
121.4985 	EXP 	green_2: autoDraw = False
121.4985 	EXP 	red_2: autoDraw = False
121.4985 	EXP 	blackTrial_2: autoDraw = False
121.4985 	EXP 	whiteTrial_2: autoDraw = False
121.4985 	EXP 	TrialPicture_2: autoDraw = False
121.4985 	EXP 	green_2: autoDraw = False
121.4985 	EXP 	red_2: autoDraw = False
121.4985 	EXP 	whiteWaitInterTrial_4: size = array([0.75, 1.  ])
121.4985 	EXP 	blackWaitInterTrial_4: autoDraw = True
121.4985 	EXP 	whiteWaitInterTrial_4: autoDraw = True
121.4985 	EXP 	green_fb_2: autoDraw = True
121.4985 	EXP 	red_fb_2: autoDraw = True
123.1859 	EXP 	New trial (rep=7, index=0): None
123.1999 	EXP 	blackWaitInterTrial_4: autoDraw = False
123.1999 	EXP 	whiteWaitInterTrial_4: autoDraw = False
123.1999 	EXP 	green_fb_2: autoDraw = False
123.1999 	EXP 	red_fb_2: autoDraw = False
123.1999 	EXP 	blackWaitInterTrial_4: autoDraw = False
123.1999 	EXP 	whiteWaitInterTrial_4: autoDraw = False
123.1999 	EXP 	green_fb_2: autoDraw = False
123.1999 	EXP 	red_fb_2: autoDraw = False
123.1999 	EXP 	TrialPicture_2: size = array([0.75, 1.  ])
123.1999 	EXP 	TrialPicture_2: image = './stimuli/images/086.bmp'
123.1999 	EXP 	blackTrial_2: autoDraw = True
123.1999 	EXP 	whiteTrial_2: autoDraw = True
123.1999 	EXP 	TrialPicture_2: autoDraw = True
123.1999 	EXP 	green_2: autoDraw = True
123.1999 	EXP 	red_2: autoDraw = True
124.2008 	EXP 	blackTrial_2: autoDraw = False
124.2008 	EXP 	whiteTrial_2: autoDraw = False
124.2008 	EXP 	TrialPicture_2: autoDraw = False
124.2008 	EXP 	green_2: autoDraw = False
124.2008 	EXP 	red_2: autoDraw = False
124.2008 	EXP 	blackTrial_2: autoDraw = False
124.2008 	EXP 	whiteTrial_2: autoDraw = False
124.2008 	EXP 	TrialPicture_2: autoDraw = False
124.2008 	EXP 	green_2: autoDraw = False
124.2008 	EXP 	red_2: autoDraw = False
124.2008 	EXP 	whiteWaitInterTrial_4: size = array([0.75, 1.  ])
124.2008 	EXP 	blackWaitInterTrial_4: autoDraw = True
124.2008 	EXP 	whiteWaitInterTrial_4: autoDraw = True
124.2008 	EXP 	green_fb_2: autoDraw = True
124.2008 	EXP 	red_fb_2: autoDraw = True
125.9889 	EXP 	New trial (rep=8, index=0): None
126.0023 	EXP 	blackWaitInterTrial_4: autoDraw = False
126.0023 	EXP 	whiteWaitInterTrial_4: autoDraw = False
126.0023 	EXP 	green_fb_2: autoDraw = False
126.0023 	EXP 	red_fb_2: autoDraw = False
126.0023 	EXP 	blackWaitInterTrial_4: autoDraw = False
126.0023 	EXP 	whiteWaitInterTrial_4: autoDraw = False
126.0023 	EXP 	green_fb_2: autoDraw = False
126.0023 	EXP 	red_fb_2: autoDraw = False
126.0023 	EXP 	TrialPicture_2: size = array([0.75, 1.  ])
126.0023 	EXP 	TrialPicture_2: image = './stimuli/images/061.bmp'
126.0023 	EXP 	blackTrial_2: autoDraw = True
126.0023 	EXP 	whiteTrial_2: autoDraw = True
126.0023 	EXP 	TrialPicture_2: autoDraw = True
126.0023 	EXP 	green_2: autoDraw = True
126.0023 	EXP 	red_2: autoDraw = True
127.0032 	EXP 	blackTrial_2: autoDraw = False
127.0032 	EXP 	whiteTrial_2: autoDraw = False
127.0032 	EXP 	TrialPicture_2: autoDraw = False
127.0032 	EXP 	green_2: autoDraw = False
127.0032 	EXP 	red_2: autoDraw = False
127.0032 	EXP 	blackTrial_2: autoDraw = False
127.0032 	EXP 	whiteTrial_2: autoDraw = False
127.0032 	EXP 	TrialPicture_2: autoDraw = False
127.0032 	EXP 	green_2: autoDraw = False
127.0032 	EXP 	red_2: autoDraw = False
127.0032 	EXP 	whiteWaitInterTrial_4: size = array([0.75, 1.  ])
127.0032 	EXP 	blackWaitInterTrial_4: autoDraw = True
127.0032 	EXP 	whiteWaitInterTrial_4: autoDraw = True
127.0032 	EXP 	green_fb_2: autoDraw = True
127.0032 	EXP 	red_fb_2: autoDraw = True
128.6912 	EXP 	New trial (rep=9, index=0): None
128.7047 	EXP 	blackWaitInterTrial_4: autoDraw = False
128.7047 	EXP 	whiteWaitInterTrial_4: autoDraw = False
128.7047 	EXP 	green_fb_2: autoDraw = False
128.7047 	EXP 	red_fb_2: autoDraw = False
128.7047 	EXP 	blackWaitInterTrial_4: autoDraw = False
128.7047 	EXP 	whiteWaitInterTrial_4: autoDraw = False
128.7047 	EXP 	green_fb_2: autoDraw = False
128.7047 	EXP 	red_fb_2: autoDraw = False
128.7047 	EXP 	TrialPicture_2: size = array([0.75, 1.  ])
128.7047 	EXP 	TrialPicture_2: image = './stimuli/images/152.bmp'
128.7047 	EXP 	blackTrial_2: autoDraw = True
128.7047 	EXP 	whiteTrial_2: autoDraw = True
128.7047 	EXP 	TrialPicture_2: autoDraw = True
128.7047 	EXP 	green_2: autoDraw = True
128.7047 	EXP 	red_2: autoDraw = True
129.7056 	EXP 	blackTrial_2: autoDraw = False
129.7056 	EXP 	whiteTrial_2: autoDraw = False
129.7056 	EXP 	TrialPicture_2: autoDraw = False
129.7056 	EXP 	green_2: autoDraw = False
129.7056 	EXP 	red_2: autoDraw = False
129.7056 	EXP 	blackTrial_2: autoDraw = False
129.7056 	EXP 	whiteTrial_2: autoDraw = False
129.7056 	EXP 	TrialPicture_2: autoDraw = False
129.7056 	EXP 	green_2: autoDraw = False
129.7056 	EXP 	red_2: autoDraw = False
129.7056 	EXP 	whiteWaitInterTrial_4: size = array([0.75, 1.  ])
129.7056 	EXP 	blackWaitInterTrial_4: autoDraw = True
129.7056 	EXP 	whiteWaitInterTrial_4: autoDraw = True
129.7056 	EXP 	green_fb_2: autoDraw = True
129.7056 	EXP 	red_fb_2: autoDraw = True
131.2933 	EXP 	New trial (rep=10, index=0): None
131.3069 	EXP 	blackWaitInterTrial_4: autoDraw = False
131.3069 	EXP 	whiteWaitInterTrial_4: autoDraw = False
131.3069 	EXP 	green_fb_2: autoDraw = False
131.3069 	EXP 	red_fb_2: autoDraw = False
131.3069 	EXP 	blackWaitInterTrial_4: autoDraw = False
131.3069 	EXP 	whiteWaitInterTrial_4: autoDraw = False
131.3069 	EXP 	green_fb_2: autoDraw = False
131.3069 	EXP 	red_fb_2: autoDraw = False
131.3069 	EXP 	TrialPicture_2: size = array([0.75, 1.  ])
131.3069 	EXP 	TrialPicture_2: image = './stimuli/images/152.bmp'
131.3069 	EXP 	blackTrial_2: autoDraw = True
131.3069 	EXP 	whiteTrial_2: autoDraw = True
131.3069 	EXP 	TrialPicture_2: autoDraw = True
131.3069 	EXP 	green_2: autoDraw = True
131.3069 	EXP 	red_2: autoDraw = True
132.3079 	EXP 	blackTrial_2: autoDraw = False
132.3079 	EXP 	whiteTrial_2: autoDraw = False
132.3079 	EXP 	TrialPicture_2: autoDraw = False
132.3079 	EXP 	green_2: autoDraw = False
132.3079 	EXP 	red_2: autoDraw = False
132.3079 	EXP 	blackTrial_2: autoDraw = False
132.3079 	EXP 	whiteTrial_2: autoDraw = False
132.3079 	EXP 	TrialPicture_2: autoDraw = False
132.3079 	EXP 	green_2: autoDraw = False
132.3079 	EXP 	red_2: autoDraw = False
132.3079 	EXP 	whiteWaitInterTrial_4: size = array([0.75, 1.  ])
132.3079 	EXP 	blackWaitInterTrial_4: autoDraw = True
132.3079 	EXP 	whiteWaitInterTrial_4: autoDraw = True
132.3079 	EXP 	green_fb_2: autoDraw = True
132.3079 	EXP 	red_fb_2: autoDraw = True
133.9958 	EXP 	New trial (rep=11, index=0): None
134.0093 	EXP 	blackWaitInterTrial_4: autoDraw = False
134.0093 	EXP 	whiteWaitInterTrial_4: autoDraw = False
134.0093 	EXP 	green_fb_2: autoDraw = False
134.0093 	EXP 	red_fb_2: autoDraw = False
134.0093 	EXP 	blackWaitInterTrial_4: autoDraw = False
134.0093 	EXP 	whiteWaitInterTrial_4: autoDraw = False
134.0093 	EXP 	green_fb_2: autoDraw = False
134.0093 	EXP 	red_fb_2: autoDraw = False
134.0093 	EXP 	TrialPicture_2: size = array([0.75, 1.  ])
134.0093 	EXP 	TrialPicture_2: image = './stimuli/images/086.bmp'
134.0093 	EXP 	blackTrial_2: autoDraw = True
134.0093 	EXP 	whiteTrial_2: autoDraw = True
134.0093 	EXP 	TrialPicture_2: autoDraw = True
134.0093 	EXP 	green_2: autoDraw = True
134.0093 	EXP 	red_2: autoDraw = True
135.0102 	EXP 	blackTrial_2: autoDraw = False
135.0102 	EXP 	whiteTrial_2: autoDraw = False
135.0102 	EXP 	TrialPicture_2: autoDraw = False
135.0102 	EXP 	green_2: autoDraw = False
135.0102 	EXP 	red_2: autoDraw = False
135.0102 	EXP 	blackTrial_2: autoDraw = False
135.0102 	EXP 	whiteTrial_2: autoDraw = False
135.0102 	EXP 	TrialPicture_2: autoDraw = False
135.0102 	EXP 	green_2: autoDraw = False
135.0102 	EXP 	red_2: autoDraw = False
135.0102 	EXP 	whiteWaitInterTrial_4: size = array([0.75, 1.  ])
135.0102 	EXP 	blackWaitInterTrial_4: autoDraw = True
135.0102 	EXP 	whiteWaitInterTrial_4: autoDraw = True
135.0102 	EXP 	green_fb_2: autoDraw = True
135.0102 	EXP 	red_fb_2: autoDraw = True
136.5979 	EXP 	New trial (rep=12, index=0): None
136.6116 	EXP 	blackWaitInterTrial_4: autoDraw = False
136.6116 	EXP 	whiteWaitInterTrial_4: autoDraw = False
136.6116 	EXP 	green_fb_2: autoDraw = False
136.6116 	EXP 	red_fb_2: autoDraw = False
136.6116 	EXP 	blackWaitInterTrial_4: autoDraw = False
136.6116 	EXP 	whiteWaitInterTrial_4: autoDraw = False
136.6116 	EXP 	green_fb_2: autoDraw = False
136.6116 	EXP 	red_fb_2: autoDraw = False
136.6116 	EXP 	TrialPicture_2: size = array([0.75, 1.  ])
136.6116 	EXP 	TrialPicture_2: image = './stimuli/images/152.bmp'
136.6116 	EXP 	blackTrial_2: autoDraw = True
136.6116 	EXP 	whiteTrial_2: autoDraw = True
136.6116 	EXP 	TrialPicture_2: autoDraw = True
136.6116 	EXP 	green_2: autoDraw = True
136.6116 	EXP 	red_2: autoDraw = True
137.6125 	EXP 	blackTrial_2: autoDraw = False
137.6125 	EXP 	whiteTrial_2: autoDraw = False
137.6125 	EXP 	TrialPicture_2: autoDraw = False
137.6125 	EXP 	green_2: autoDraw = False
137.6125 	EXP 	red_2: autoDraw = False
137.6125 	EXP 	blackTrial_2: autoDraw = False
137.6125 	EXP 	whiteTrial_2: autoDraw = False
137.6125 	EXP 	TrialPicture_2: autoDraw = False
137.6125 	EXP 	green_2: autoDraw = False
137.6125 	EXP 	red_2: autoDraw = False
137.6125 	EXP 	whiteWaitInterTrial_4: size = array([0.75, 1.  ])
137.6125 	EXP 	blackWaitInterTrial_4: autoDraw = True
137.6125 	EXP 	whiteWaitInterTrial_4: autoDraw = True
137.6125 	EXP 	green_fb_2: autoDraw = True
137.6125 	EXP 	red_fb_2: autoDraw = True
139.2007 	EXP 	New trial (rep=13, index=0): None
139.2306 	EXP 	blackWaitInterTrial_4: autoDraw = False
139.2306 	EXP 	whiteWaitInterTrial_4: autoDraw = False
139.2306 	EXP 	green_fb_2: autoDraw = False
139.2306 	EXP 	red_fb_2: autoDraw = False
139.2306 	EXP 	blackWaitInterTrial_4: autoDraw = False
139.2306 	EXP 	whiteWaitInterTrial_4: autoDraw = False
139.2306 	EXP 	green_fb_2: autoDraw = False
139.2306 	EXP 	red_fb_2: autoDraw = False
139.2306 	EXP 	TrialPicture_2: size = array([0.75, 1.  ])
139.2306 	EXP 	TrialPicture_2: image = './stimuli/images/061.bmp'
139.2306 	EXP 	blackTrial_2: autoDraw = True
139.2306 	EXP 	whiteTrial_2: autoDraw = True
139.2306 	EXP 	TrialPicture_2: autoDraw = True
139.2306 	EXP 	green_2: autoDraw = True
139.2306 	EXP 	red_2: autoDraw = True
140.2314 	EXP 	blackTrial_2: autoDraw = False
140.2314 	EXP 	whiteTrial_2: autoDraw = False
140.2314 	EXP 	TrialPicture_2: autoDraw = False
140.2314 	EXP 	green_2: autoDraw = False
140.2314 	EXP 	red_2: autoDraw = False
140.2314 	EXP 	blackTrial_2: autoDraw = False
140.2314 	EXP 	whiteTrial_2: autoDraw = False
140.2314 	EXP 	TrialPicture_2: autoDraw = False
140.2314 	EXP 	green_2: autoDraw = False
140.2314 	EXP 	red_2: autoDraw = False
140.2314 	EXP 	whiteWaitInterTrial_4: size = array([0.75, 1.  ])
140.2314 	EXP 	blackWaitInterTrial_4: autoDraw = True
140.2314 	EXP 	whiteWaitInterTrial_4: autoDraw = True
140.2314 	EXP 	green_fb_2: autoDraw = True
140.2314 	EXP 	red_fb_2: autoDraw = True
141.9187 	EXP 	New trial (rep=14, index=0): None
141.9329 	EXP 	blackWaitInterTrial_4: autoDraw = False
141.9329 	EXP 	whiteWaitInterTrial_4: autoDraw = False
141.9329 	EXP 	green_fb_2: autoDraw = False
141.9329 	EXP 	red_fb_2: autoDraw = False
141.9329 	EXP 	blackWaitInterTrial_4: autoDraw = False
141.9329 	EXP 	whiteWaitInterTrial_4: autoDraw = False
141.9329 	EXP 	green_fb_2: autoDraw = False
141.9329 	EXP 	red_fb_2: autoDraw = False
141.9329 	EXP 	TrialPicture_2: size = array([0.75, 1.  ])
141.9329 	EXP 	TrialPicture_2: image = './stimuli/images/008.bmp'
141.9329 	EXP 	blackTrial_2: autoDraw = True
141.9329 	EXP 	whiteTrial_2: autoDraw = True
141.9329 	EXP 	TrialPicture_2: autoDraw = True
141.9329 	EXP 	green_2: autoDraw = True
141.9329 	EXP 	red_2: autoDraw = True
142.9338 	EXP 	blackTrial_2: autoDraw = False
142.9338 	EXP 	whiteTrial_2: autoDraw = False
142.9338 	EXP 	TrialPicture_2: autoDraw = False
142.9338 	EXP 	green_2: autoDraw = False
142.9338 	EXP 	red_2: autoDraw = False
142.9338 	EXP 	blackTrial_2: autoDraw = False
142.9338 	EXP 	whiteTrial_2: autoDraw = False
142.9338 	EXP 	TrialPicture_2: autoDraw = False
142.9338 	EXP 	green_2: autoDraw = False
142.9338 	EXP 	red_2: autoDraw = False
142.9338 	EXP 	whiteWaitInterTrial_4: size = array([0.75, 1.  ])
142.9338 	EXP 	blackWaitInterTrial_4: autoDraw = True
142.9338 	EXP 	whiteWaitInterTrial_4: autoDraw = True
142.9338 	EXP 	green_fb_2: autoDraw = True
142.9338 	EXP 	red_fb_2: autoDraw = True
144.6212 	EXP 	New trial (rep=15, index=0): None
144.6353 	EXP 	blackWaitInterTrial_4: autoDraw = False
144.6353 	EXP 	whiteWaitInterTrial_4: autoDraw = False
144.6353 	EXP 	green_fb_2: autoDraw = False
144.6353 	EXP 	red_fb_2: autoDraw = False
144.6353 	EXP 	blackWaitInterTrial_4: autoDraw = False
144.6353 	EXP 	whiteWaitInterTrial_4: autoDraw = False
144.6353 	EXP 	green_fb_2: autoDraw = False
144.6353 	EXP 	red_fb_2: autoDraw = False
144.6353 	EXP 	TrialPicture_2: size = array([0.75, 1.  ])
144.6353 	EXP 	TrialPicture_2: image = './stimuli/images/086.bmp'
144.6353 	EXP 	blackTrial_2: autoDraw = True
144.6353 	EXP 	whiteTrial_2: autoDraw = True
144.6353 	EXP 	TrialPicture_2: autoDraw = True
144.6353 	EXP 	green_2: autoDraw = True
144.6353 	EXP 	red_2: autoDraw = True
145.6361 	EXP 	blackTrial_2: autoDraw = False
145.6361 	EXP 	whiteTrial_2: autoDraw = False
145.6361 	EXP 	TrialPicture_2: autoDraw = False
145.6361 	EXP 	green_2: autoDraw = False
145.6361 	EXP 	red_2: autoDraw = False
145.6361 	EXP 	blackTrial_2: autoDraw = False
145.6361 	EXP 	whiteTrial_2: autoDraw = False
145.6361 	EXP 	TrialPicture_2: autoDraw = False
145.6361 	EXP 	green_2: autoDraw = False
145.6361 	EXP 	red_2: autoDraw = False
145.6361 	EXP 	whiteWaitInterTrial_4: size = array([0.75, 1.  ])
145.6361 	EXP 	blackWaitInterTrial_4: autoDraw = True
145.6361 	EXP 	whiteWaitInterTrial_4: autoDraw = True
145.6361 	EXP 	green_fb_2: autoDraw = True
145.6361 	EXP 	red_fb_2: autoDraw = True
147.4240 	EXP 	New trial (rep=16, index=0): None
147.4377 	EXP 	blackWaitInterTrial_4: autoDraw = False
147.4377 	EXP 	whiteWaitInterTrial_4: autoDraw = False
147.4377 	EXP 	green_fb_2: autoDraw = False
147.4377 	EXP 	red_fb_2: autoDraw = False
147.4377 	EXP 	blackWaitInterTrial_4: autoDraw = False
147.4377 	EXP 	whiteWaitInterTrial_4: autoDraw = False
147.4377 	EXP 	green_fb_2: autoDraw = False
147.4377 	EXP 	red_fb_2: autoDraw = False
147.4377 	EXP 	TrialPicture_2: size = array([0.75, 1.  ])
147.4377 	EXP 	TrialPicture_2: image = './stimuli/images/152.bmp'
147.4377 	EXP 	blackTrial_2: autoDraw = True
147.4377 	EXP 	whiteTrial_2: autoDraw = True
147.4377 	EXP 	TrialPicture_2: autoDraw = True
147.4377 	EXP 	green_2: autoDraw = True
147.4377 	EXP 	red_2: autoDraw = True
148.4386 	EXP 	blackTrial_2: autoDraw = False
148.4386 	EXP 	whiteTrial_2: autoDraw = False
148.4386 	EXP 	TrialPicture_2: autoDraw = False
148.4386 	EXP 	green_2: autoDraw = False
148.4386 	EXP 	red_2: autoDraw = False
148.4386 	EXP 	blackTrial_2: autoDraw = False
148.4386 	EXP 	whiteTrial_2: autoDraw = False
148.4386 	EXP 	TrialPicture_2: autoDraw = False
148.4386 	EXP 	green_2: autoDraw = False
148.4386 	EXP 	red_2: autoDraw = False
148.4386 	EXP 	whiteWaitInterTrial_4: size = array([0.75, 1.  ])
148.4386 	EXP 	blackWaitInterTrial_4: autoDraw = True
148.4386 	EXP 	whiteWaitInterTrial_4: autoDraw = True
148.4386 	EXP 	green_fb_2: autoDraw = True
148.4386 	EXP 	red_fb_2: autoDraw = True
150.1262 	EXP 	New trial (rep=17, index=0): None
150.1401 	EXP 	blackWaitInterTrial_4: autoDraw = False
150.1401 	EXP 	whiteWaitInterTrial_4: autoDraw = False
150.1401 	EXP 	green_fb_2: autoDraw = False
150.1401 	EXP 	red_fb_2: autoDraw = False
150.1401 	EXP 	blackWaitInterTrial_4: autoDraw = False
150.1401 	EXP 	whiteWaitInterTrial_4: autoDraw = False
150.1401 	EXP 	green_fb_2: autoDraw = False
150.1401 	EXP 	red_fb_2: autoDraw = False
150.1401 	EXP 	TrialPicture_2: size = array([0.75, 1.  ])
150.1401 	EXP 	TrialPicture_2: image = './stimuli/images/061.bmp'
150.1401 	EXP 	blackTrial_2: autoDraw = True
150.1401 	EXP 	whiteTrial_2: autoDraw = True
150.1401 	EXP 	TrialPicture_2: autoDraw = True
150.1401 	EXP 	green_2: autoDraw = True
150.1401 	EXP 	red_2: autoDraw = True
151.1410 	EXP 	blackTrial_2: autoDraw = False
151.1410 	EXP 	whiteTrial_2: autoDraw = False
151.1410 	EXP 	TrialPicture_2: autoDraw = False
151.1410 	EXP 	green_2: autoDraw = False
151.1410 	EXP 	red_2: autoDraw = False
151.1410 	EXP 	blackTrial_2: autoDraw = False
151.1410 	EXP 	whiteTrial_2: autoDraw = False
151.1410 	EXP 	TrialPicture_2: autoDraw = False
151.1410 	EXP 	green_2: autoDraw = False
151.1410 	EXP 	red_2: autoDraw = False
151.1410 	EXP 	whiteWaitInterTrial_4: size = array([0.75, 1.  ])
151.1410 	EXP 	blackWaitInterTrial_4: autoDraw = True
151.1410 	EXP 	whiteWaitInterTrial_4: autoDraw = True
151.1410 	EXP 	green_fb_2: autoDraw = True
151.1410 	EXP 	red_fb_2: autoDraw = True
152.7287 	EXP 	New trial (rep=18, index=0): None
152.7423 	EXP 	blackWaitInterTrial_4: autoDraw = False
152.7423 	EXP 	whiteWaitInterTrial_4: autoDraw = False
152.7423 	EXP 	green_fb_2: autoDraw = False
152.7423 	EXP 	red_fb_2: autoDraw = False
152.7423 	EXP 	blackWaitInterTrial_4: autoDraw = False
152.7423 	EXP 	whiteWaitInterTrial_4: autoDraw = False
152.7423 	EXP 	green_fb_2: autoDraw = False
152.7423 	EXP 	red_fb_2: autoDraw = False
152.7423 	EXP 	TrialPicture_2: size = array([0.75, 1.  ])
152.7423 	EXP 	TrialPicture_2: image = './stimuli/images/008.bmp'
152.7423 	EXP 	blackTrial_2: autoDraw = True
152.7423 	EXP 	whiteTrial_2: autoDraw = True
152.7423 	EXP 	TrialPicture_2: autoDraw = True
152.7423 	EXP 	green_2: autoDraw = True
152.7423 	EXP 	red_2: autoDraw = True
153.7432 	EXP 	blackTrial_2: autoDraw = False
153.7432 	EXP 	whiteTrial_2: autoDraw = False
153.7432 	EXP 	TrialPicture_2: autoDraw = False
153.7432 	EXP 	green_2: autoDraw = False
153.7432 	EXP 	red_2: autoDraw = False
153.7432 	EXP 	blackTrial_2: autoDraw = False
153.7432 	EXP 	whiteTrial_2: autoDraw = False
153.7432 	EXP 	TrialPicture_2: autoDraw = False
153.7432 	EXP 	green_2: autoDraw = False
153.7432 	EXP 	red_2: autoDraw = False
153.7432 	EXP 	whiteWaitInterTrial_4: size = array([0.75, 1.  ])
153.7432 	EXP 	blackWaitInterTrial_4: autoDraw = True
153.7432 	EXP 	whiteWaitInterTrial_4: autoDraw = True
153.7432 	EXP 	green_fb_2: autoDraw = True
153.7432 	EXP 	red_fb_2: autoDraw = True
155.4324 	EXP 	New trial (rep=19, index=0): None
155.4614 	EXP 	blackWaitInterTrial_4: autoDraw = False
155.4614 	EXP 	whiteWaitInterTrial_4: autoDraw = False
155.4614 	EXP 	green_fb_2: autoDraw = False
155.4614 	EXP 	red_fb_2: autoDraw = False
155.4614 	EXP 	blackWaitInterTrial_4: autoDraw = False
155.4614 	EXP 	whiteWaitInterTrial_4: autoDraw = False
155.4614 	EXP 	green_fb_2: autoDraw = False
155.4614 	EXP 	red_fb_2: autoDraw = False
155.4614 	EXP 	TrialPicture_2: size = array([0.75, 1.  ])
155.4614 	EXP 	TrialPicture_2: image = './stimuli/images/086.bmp'
155.4614 	EXP 	blackTrial_2: autoDraw = True
155.4614 	EXP 	whiteTrial_2: autoDraw = True
155.4614 	EXP 	TrialPicture_2: autoDraw = True
155.4614 	EXP 	green_2: autoDraw = True
155.4614 	EXP 	red_2: autoDraw = True
156.4622 	EXP 	blackTrial_2: autoDraw = False
156.4622 	EXP 	whiteTrial_2: autoDraw = False
156.4622 	EXP 	TrialPicture_2: autoDraw = False
156.4622 	EXP 	green_2: autoDraw = False
156.4622 	EXP 	red_2: autoDraw = False
156.4622 	EXP 	blackTrial_2: autoDraw = False
156.4622 	EXP 	whiteTrial_2: autoDraw = False
156.4622 	EXP 	TrialPicture_2: autoDraw = False
156.4622 	EXP 	green_2: autoDraw = False
156.4622 	EXP 	red_2: autoDraw = False
156.4622 	EXP 	whiteWaitInterTrial_4: size = array([0.75, 1.  ])
156.4622 	EXP 	blackWaitInterTrial_4: autoDraw = True
156.4622 	EXP 	whiteWaitInterTrial_4: autoDraw = True
156.4622 	EXP 	green_fb_2: autoDraw = True
156.4622 	EXP 	red_fb_2: autoDraw = True
158.0637 	EXP 	blackWaitInterTrial_4: autoDraw = False
158.0637 	EXP 	whiteWaitInterTrial_4: autoDraw = False
158.0637 	EXP 	green_fb_2: autoDraw = False
158.0637 	EXP 	red_fb_2: autoDraw = False
158.0637 	EXP 	blackWaitInterTrial_4: autoDraw = False
158.0637 	EXP 	whiteWaitInterTrial_4: autoDraw = False
158.0637 	EXP 	green_fb_2: autoDraw = False
158.0637 	EXP 	red_fb_2: autoDraw = False
158.0637 	EXP 	fixationImage_2: size = array([0.75, 1.  ])
158.0637 	EXP 	fixation_2: autoDraw = True
158.0637 	EXP 	fixationImage_2: autoDraw = True
160.0656 	EXP 	fixation_2: autoDraw = False
160.0656 	EXP 	fixationImage_2: autoDraw = False
160.0656 	EXP 	fixation_2: autoDraw = False
160.0656 	EXP 	fixationImage_2: autoDraw = False
160.0656 	EXP 	polygon_end_2: autoDraw = True
160.0656 	EXP 	end_text_2: autoDraw = True
162.0684 	EXP 	polygon_end_2: autoDraw = False
162.0684 	EXP 	end_text_2: autoDraw = False
162.1041 	EXP 	window1: mouseVisible = True
