5.5726 	WARNING 	User requested fullscreen with size [1280  800], but screen is actually [1920, 1200]. Using actual size
6.4368 	EXP 	Created window1 = Window(allowGUI=False, allowStencil=False, args=UNKNOWN, autoLog=True, bitsMode=UNKNOWN, blendMode='avg', color=array([0., 0., 0.]), colorSpace='rgb', fullscr=<method-wrapper '__getattribute__' of attributeSetter object at 0x1ACC43B0>, gamma=None, kwargs=UNKNOWN, lms=UNKNOWN, monitor=<psychopy.monitors.calibTools.Monitor object at 0x1BF0E230>, multiSample=False, name='window1', numSamples=2, pos=[0.0, 0.0], screen=1, size=array([1920, 1200]), stereo=False, units='norm', useFBO=True, useRetina=False, viewOri=0.0, viewPos=None, viewScale=None, waitBlanking=True, winType='pyglet')
6.4368 	EXP 	window1: recordFrameIntervals = False
6.4875 	DATA 	Mouse: Left button down, pos=(160,853)
6.6026 	EXP 	window1: recordFrameIntervals = True
6.6030 	DATA 	Mouse:  Left button up, pos=(160,853)
6.7867 	EXP 	window1: recordFrameIntervals = False
7.2402 	EXP 	Created polygon1 = Rect(__class__=<class 'psychopy.visual.rect.Rect'>, autoDraw=False, autoLog=True, closeShape=True, color=method-wrapper(...), colorSpace=None, contrast=1.0, depth=0.0, fillColor='black', fillColorSpace='named', fillRGB=array([0., 0., 0.]), interpolate=True, lineColor='black', lineColorSpace='named', lineRGB=array([0., 0., 0.]), lineWidth=1, name='polygon1', opacity=1.0, ori=array(0.), pos=array([0., 0.]), size=array([1., 1.]), units='norm', vertices=ndarray(...), win=Window(...))
7.3179 	EXP 	Created descriptionText1 = TextStim(__class__=<class 'psychopy.visual.text.TextStim'>, alignHoriz='center', alignVert='center', antialias=True, autoLog=True, bold=False, color='white', colorSpace='named', contrast=1.0, depth=-1.0, flipHoriz=False, flipVert=False, font='Arial', fontFiles=[], height=0.09, italic=False, languageStyle='LTR', name='descriptionText1', opacity=1.0, ori=0, pos=array([0., 0.]), rgb=array([255., 255., 255.]), text=str(...), units='norm', win=Window(...), wrapWidth=1)
7.3185 	EXP 	Created fixation10 = Rect(__class__=<class 'psychopy.visual.rect.Rect'>, autoDraw=False, autoLog=True, closeShape=True, color=method-wrapper(...), colorSpace=None, contrast=1.0, depth=0.0, fillColor='black', fillColorSpace='named', fillRGB=array([0., 0., 0.]), interpolate=True, lineColor='black', lineColorSpace='named', lineRGB=array([0., 0., 0.]), lineWidth=1, name='fixation10', opacity=1.0, ori=array(0.), pos=array([0., 0.]), size=array([1., 1.]), units='norm', vertices=ndarray(...), win=Window(...))
7.3322 	EXP 	Created fixationImage10 = ImageStim(__class__=<class 'psychopy.visual.image.ImageStim'>, autoLog=True, color=array([1., 1., 1.]), colorSpace='rgb', contrast=1.0, depth=-1.0, flipHoriz=False, flipVert=False, image='./stimuli/images/fix.bmp', interpolate=True, mask=None, maskParams=None, name='fixationImage10', opacity=1.0, ori=0.0, pos=array([0., 0.]), size=array([1., 1.]), texRes=128, units='norm', win=Window(...))
7.3512 	EXP 	Created text = TextStim(__class__=<class 'psychopy.visual.text.TextStim'>, alignHoriz='center', alignVert='center', antialias=True, autoLog=True, bold=False, color='white', colorSpace='named', contrast=1.0, depth=-2.0, flipHoriz=False, flipVert=False, font='Arial', fontFiles=[], height=0.3, italic=False, languageStyle='LTR', name='text', opacity=1.0, ori=0, pos=array([ 0. , -0.7]), rgb=array([255., 255., 255.]), text='3 . . .', units='norm', win=Window(...), wrapWidth=1)
7.3577 	EXP 	Created text_2 = TextStim(__class__=<class 'psychopy.visual.text.TextStim'>, alignHoriz='center', alignVert='center', antialias=True, autoLog=True, bold=False, color='white', colorSpace='named', contrast=1.0, depth=-3.0, flipHoriz=False, flipVert=False, font='Arial', fontFiles=[], height=0.3, italic=False, languageStyle='LTR', name='text_2', opacity=1.0, ori=0, pos=array([ 0. , -0.7]), rgb=array([255., 255., 255.]), text='2 . .', units='norm', win=Window(...), wrapWidth=1)
7.3638 	EXP 	Created text_3 = TextStim(__class__=<class 'psychopy.visual.text.TextStim'>, alignHoriz='center', alignVert='center', antialias=True, autoLog=True, bold=False, color='white', colorSpace='named', contrast=1.0, depth=-4.0, flipHoriz=False, flipVert=False, font='Arial', fontFiles=[], height=0.3, italic=False, languageStyle='LTR', name='text_3', opacity=1.0, ori=0, pos=array([ 0. , -0.7]), rgb=array([255., 255., 255.]), text='1 . .', units='norm', win=Window(...), wrapWidth=1)
7.3643 	EXP 	Created blackProc = Rect(__class__=<class 'psychopy.visual.rect.Rect'>, autoDraw=False, autoLog=True, closeShape=True, color=method-wrapper(...), colorSpace=None, contrast=1.0, depth=0.0, fillColor='black', fillColorSpace='named', fillRGB=array([0., 0., 0.]), interpolate=True, lineColor='black', lineColorSpace='named', lineRGB=array([0., 0., 0.]), lineWidth=1, name='blackProc', opacity=1.0, ori=array(0.), pos=array([0., 0.]), size=array([1., 1.]), units='norm', vertices=ndarray(...), win=Window(...))
7.3651 	EXP 	Created greenProc = Rect(__class__=<class 'psychopy.visual.rect.Rect'>, autoDraw=False, autoLog=True, closeShape=True, color=method-wrapper(...), colorSpace=None, contrast=1.0, depth=-1.0, fillColor='white', fillColorSpace='named', fillRGB=array([255., 255., 255.]), interpolate=True, lineColor='white', lineColorSpace='named', lineRGB=array([255., 255., 255.]), lineWidth=1, name='greenProc', opacity=1.0, ori=array(0.), pos=array([0., 0.]), size=array([1., 1.]), units='norm', vertices=ndarray(...), win=Window(...))
7.3674 	EXP 	Created ProcTarget = ImageStim(__class__=<class 'psychopy.visual.image.ImageStim'>, autoLog=True, color=array([1., 1., 1.]), colorSpace='rgb', contrast=1.0, depth=-2.0, flipHoriz=False, flipVert=False, image='sin', interpolate=True, mask=None, maskParams=None, name='ProcTarget', opacity=1.0, ori=0.0, pos=array([-0.4,  0. ]), size=array([1., 1.]), texRes=128, units='norm', win=Window(...))
7.3694 	EXP 	Created ProcPicture = ImageStim(__class__=<class 'psychopy.visual.image.ImageStim'>, autoLog=True, color=array([1., 1., 1.]), colorSpace='rgb', contrast=1.0, depth=-3.0, flipHoriz=False, flipVert=False, image='sin', interpolate=True, mask=None, maskParams=None, name='ProcPicture', opacity=1.0, ori=0.0, pos=array([0.4, 0. ]), size=array([1., 1.]), texRes=128, units='norm', win=Window(...))
7.3702 	EXP 	Created blackWaitInterTrial = Rect(__class__=<class 'psychopy.visual.rect.Rect'>, autoDraw=False, autoLog=True, closeShape=True, color=method-wrapper(...), colorSpace=None, contrast=1.0, depth=-1.0, fillColor='black', fillColorSpace='named', fillRGB=array([0., 0., 0.]), interpolate=True, lineColor='black', lineColorSpace='named', lineRGB=array([0., 0., 0.]), lineWidth=1, name='blackWaitInterTrial', opacity=1.0, ori=array(0.), pos=array([0., 0.]), size=array([1., 1.]), units='norm', vertices=ndarray(...), win=Window(...))
7.3773 	EXP 	Created whiteWaitInterTrial = ImageStim(__class__=<class 'psychopy.visual.image.ImageStim'>, autoLog=True, color=array([1., 1., 1.]), colorSpace='rgb', contrast=1.0, depth=-2.0, flipHoriz=False, flipVert=False, image='./stimuli/images/blank.bmp', interpolate=True, mask=None, maskParams=None, name='whiteWaitInterTrial', opacity=1.0, ori=0.0, pos=array([0., 0.]), size=array([1., 1.]), texRes=128, units='norm', win=Window(...))
7.3779 	EXP 	Created polygon2 = Rect(__class__=<class 'psychopy.visual.rect.Rect'>, autoDraw=False, autoLog=True, closeShape=True, color=method-wrapper(...), colorSpace=None, contrast=1.0, depth=0.0, fillColor='black', fillColorSpace='named', fillRGB=array([0., 0., 0.]), interpolate=True, lineColor='black', lineColorSpace='named', lineRGB=array([0., 0., 0.]), lineWidth=1, name='polygon2', opacity=1.0, ori=array(0.), pos=array([0., 0.]), size=array([1., 1.]), units='norm', vertices=ndarray(...), win=Window(...))
7.3943 	EXP 	Created descriptionText2 = TextStim(__class__=<class 'psychopy.visual.text.TextStim'>, alignHoriz='center', alignVert='center', antialias=True, autoLog=True, bold=False, color='white', colorSpace='named', contrast=1.0, depth=-1.0, flipHoriz=False, flipVert=False, font='Arial', fontFiles=[], height=0.09, italic=False, languageStyle='LTR', name='descriptionText2', opacity=1.0, ori=0, pos=array([0., 0.]), rgb=array([255., 255., 255.]), text=str(...), units='norm', win=Window(...), wrapWidth=1)
7.3949 	EXP 	Created fixation10 = Rect(__class__=<class 'psychopy.visual.rect.Rect'>, autoDraw=False, autoLog=True, closeShape=True, color=method-wrapper(...), colorSpace=None, contrast=1.0, depth=0.0, fillColor='black', fillColorSpace='named', fillRGB=array([0., 0., 0.]), interpolate=True, lineColor='black', lineColorSpace='named', lineRGB=array([0., 0., 0.]), lineWidth=1, name='fixation10', opacity=1.0, ori=array(0.), pos=array([0., 0.]), size=array([1., 1.]), units='norm', vertices=ndarray(...), win=Window(...))
7.4021 	EXP 	Created fixationImage10 = ImageStim(__class__=<class 'psychopy.visual.image.ImageStim'>, autoLog=True, color=array([1., 1., 1.]), colorSpace='rgb', contrast=1.0, depth=-1.0, flipHoriz=False, flipVert=False, image='./stimuli/images/fix.bmp', interpolate=True, mask=None, maskParams=None, name='fixationImage10', opacity=1.0, ori=0.0, pos=array([0., 0.]), size=array([1., 1.]), texRes=128, units='norm', win=Window(...))
7.4046 	EXP 	Created text = TextStim(__class__=<class 'psychopy.visual.text.TextStim'>, alignHoriz='center', alignVert='center', antialias=True, autoLog=True, bold=False, color='white', colorSpace='named', contrast=1.0, depth=-2.0, flipHoriz=False, flipVert=False, font='Arial', fontFiles=[], height=0.3, italic=False, languageStyle='LTR', name='text', opacity=1.0, ori=0, pos=array([ 0. , -0.7]), rgb=array([255., 255., 255.]), text='3 . . .', units='norm', win=Window(...), wrapWidth=1)
7.4072 	EXP 	Created text_2 = TextStim(__class__=<class 'psychopy.visual.text.TextStim'>, alignHoriz='center', alignVert='center', antialias=True, autoLog=True, bold=False, color='white', colorSpace='named', contrast=1.0, depth=-3.0, flipHoriz=False, flipVert=False, font='Arial', fontFiles=[], height=0.3, italic=False, languageStyle='LTR', name='text_2', opacity=1.0, ori=0, pos=array([ 0. , -0.7]), rgb=array([255., 255., 255.]), text='2 . .', units='norm', win=Window(...), wrapWidth=1)
7.4099 	EXP 	Created text_3 = TextStim(__class__=<class 'psychopy.visual.text.TextStim'>, alignHoriz='center', alignVert='center', antialias=True, autoLog=True, bold=False, color='white', colorSpace='named', contrast=1.0, depth=-4.0, flipHoriz=False, flipVert=False, font='Arial', fontFiles=[], height=0.3, italic=False, languageStyle='LTR', name='text_3', opacity=1.0, ori=0, pos=array([ 0. , -0.7]), rgb=array([255., 255., 255.]), text='1 . .', units='norm', win=Window(...), wrapWidth=1)
7.4104 	EXP 	Created blackProc_2 = Rect(__class__=<class 'psychopy.visual.rect.Rect'>, autoDraw=False, autoLog=True, closeShape=True, color=method-wrapper(...), colorSpace=None, contrast=1.0, depth=0.0, fillColor='black', fillColorSpace='named', fillRGB=array([0., 0., 0.]), interpolate=True, lineColor='black', lineColorSpace='named', lineRGB=array([0., 0., 0.]), lineWidth=1, name='blackProc_2', opacity=1.0, ori=array(0.), pos=array([0., 0.]), size=array([1., 1.]), units='norm', vertices=ndarray(...), win=Window(...))
7.4110 	EXP 	Created greenProc_2 = Rect(__class__=<class 'psychopy.visual.rect.Rect'>, autoDraw=False, autoLog=True, closeShape=True, color=method-wrapper(...), colorSpace=None, contrast=1.0, depth=-1.0, fillColor='white', fillColorSpace='named', fillRGB=array([255., 255., 255.]), interpolate=True, lineColor='white', lineColorSpace='named', lineRGB=array([255., 255., 255.]), lineWidth=1, name='greenProc_2', opacity=1.0, ori=array(0.), pos=array([0., 0.]), size=array([1., 1.]), units='norm', vertices=ndarray(...), win=Window(...))
7.4129 	EXP 	Created ProcTarget_2 = ImageStim(__class__=<class 'psychopy.visual.image.ImageStim'>, autoLog=True, color=array([1., 1., 1.]), colorSpace='rgb', contrast=1.0, depth=-2.0, flipHoriz=False, flipVert=False, image='sin', interpolate=True, mask=None, maskParams=None, name='ProcTarget_2', opacity=1.0, ori=0.0, pos=array([0., 0.]), size=array([1., 1.]), texRes=128, units='norm', win=Window(...))
7.4134 	EXP 	Created blackWaitInterTrial = Rect(__class__=<class 'psychopy.visual.rect.Rect'>, autoDraw=False, autoLog=True, closeShape=True, color=method-wrapper(...), colorSpace=None, contrast=1.0, depth=-1.0, fillColor='black', fillColorSpace='named', fillRGB=array([0., 0., 0.]), interpolate=True, lineColor='black', lineColorSpace='named', lineRGB=array([0., 0., 0.]), lineWidth=1, name='blackWaitInterTrial', opacity=1.0, ori=array(0.), pos=array([0., 0.]), size=array([1., 1.]), units='norm', vertices=ndarray(...), win=Window(...))
7.4196 	EXP 	Created whiteWaitInterTrial = ImageStim(__class__=<class 'psychopy.visual.image.ImageStim'>, autoLog=True, color=array([1., 1., 1.]), colorSpace='rgb', contrast=1.0, depth=-2.0, flipHoriz=False, flipVert=False, image='./stimuli/images/blank.bmp', interpolate=True, mask=None, maskParams=None, name='whiteWaitInterTrial', opacity=1.0, ori=0.0, pos=array([0., 0.]), size=array([1., 1.]), texRes=128, units='norm', win=Window(...))
7.4201 	EXP 	Created polygon_end = Rect(__class__=<class 'psychopy.visual.rect.Rect'>, autoDraw=False, autoLog=True, closeShape=True, color=method-wrapper(...), colorSpace=None, contrast=1.0, depth=0.0, fillColor='black', fillColorSpace='named', fillRGB=array([0., 0., 0.]), interpolate=True, lineColor='black', lineColorSpace='named', lineRGB=array([0., 0., 0.]), lineWidth=1, name='polygon_end', opacity=1.0, ori=array(0.), pos=array([0., 0.]), size=array([1., 1.]), units='norm', vertices=ndarray(...), win=Window(...))
7.4529 	EXP 	Created end_text = TextStim(__class__=<class 'psychopy.visual.text.TextStim'>, alignHoriz='center', alignVert='center', antialias=True, autoLog=True, bold=False, color='white', colorSpace='named', contrast=1.0, depth=-1.0, flipHoriz=False, flipVert=False, font='Arial', fontFiles=[], height=0.1, italic=False, languageStyle='LTR', name='end_text', opacity=1.0, ori=0, pos=array([0., 0.]), rgb=array([255., 255., 255.]), text='Thank you for your \nparticipation!', units='norm', win=Window(...), wrapWidth=1)
7.4573 	EXP 	polygon1: autoDraw = True
7.4573 	EXP 	descriptionText1: autoDraw = True
7.9548 	DATA 	Mouse: Left button down, pos=(208,819)
8.0875 	DATA 	Mouse:  Left button up, pos=(208,819)
8.3388 	DATA 	Keypress: space
8.3539 	EXP 	polygon1: autoDraw = False
8.3539 	EXP 	descriptionText1: autoDraw = False
8.3539 	EXP 	fixationImage10: size = array([0.75, 1.  ])
8.3539 	EXP 	fixation10: autoDraw = True
8.3539 	EXP 	fixationImage10: autoDraw = True
15.3628 	EXP 	text: autoDraw = True
16.3636 	EXP 	text: autoDraw = False
16.3636 	EXP 	text_2: autoDraw = True
17.3469 	EXP 	text_2: autoDraw = False
17.3636 	EXP 	text_3: autoDraw = True
18.3560 	EXP 	fixation10: autoDraw = False
18.3560 	EXP 	fixationImage10: autoDraw = False
18.3560 	EXP 	text_3: autoDraw = False
18.3560 	EXP 	fixation10: autoDraw = False
18.3560 	EXP 	fixationImage10: autoDraw = False
18.3560 	EXP 	text: autoDraw = False
18.3560 	EXP 	text_2: autoDraw = False
18.3560 	EXP 	text_3: autoDraw = False
18.3560 	EXP 	greenProc: size = array([1.6, 1.2])
18.3560 	EXP 	ProcTarget: size = array([0.75, 1.  ])
18.3560 	EXP 	ProcTarget: image = './stimuli/images/086.bmp'
18.3560 	EXP 	ProcPicture: size = array([0.75, 1.  ])
18.3560 	EXP 	ProcPicture: image = './stimuli/images/086.bmp'
18.3560 	EXP 	blackProc: autoDraw = True
18.3560 	EXP 	greenProc: autoDraw = True
18.3560 	EXP 	ProcTarget: autoDraw = True
18.3560 	EXP 	ProcPicture: autoDraw = True
19.3500 	DATA 	Keypress: escape
