11.3023 	EXP 	Created window1 = Window(allowGUI=False, allowStencil=False, args=UNKNOWN, autoLog=True, bitsMode=UNKNOWN, blendMode='avg', color=array([0., 0., 0.]), colorSpace='rgb', fullscr=<method-wrapper '__getattribute__' of attributeSetter object at 0x0FC5D250>, gamma=None, kwargs=UNKNOWN, lms=UNKNOWN, monitor=<psychopy.monitors.calibTools.Monitor object at 0x1C554070>, multiSample=False, name='window1', numSamples=2, pos=[0.0, 0.0], screen=1, size=array([1920, 1200]), stereo=False, units='norm', useFBO=True, useRetina=False, viewOri=0.0, viewPos=None, viewScale=None, waitBlanking=True, winType='pyglet')
11.3023 	EXP 	window1: recordFrameIntervals = False
11.4693 	EXP 	window1: recordFrameIntervals = True
11.6530 	EXP 	window1: recordFrameIntervals = False
11.6615 	EXP 	Created polygon_12 = Rect(__class__=<class 'psychopy.visual.rect.Rect'>, autoDraw=False, autoLog=True, closeShape=True, color=method-wrapper(...), colorSpace=None, contrast=1.0, depth=0.0, fillColor='black', fillColorSpace='named', fillRGB=array([0., 0., 0.]), interpolate=True, lineColor='black', lineColorSpace='named', lineRGB=array([0., 0., 0.]), lineWidth=1, name='polygon_12', opacity=1.0, ori=array(0.), pos=array([0., 0.]), size=array([1., 1.]), units='norm', vertices=ndarray(...), win=Window(...))
11.8139 	EXP 	Created descriptionText_12 = TextStim(__class__=<class 'psychopy.visual.text.TextStim'>, alignHoriz='center', alignVert='center', antialias=True, autoLog=True, bold=False, color='white', colorSpace='named', contrast=1.0, depth=-1.0, flipHoriz=False, flipVert=False, font='Arial', fontFiles=[], height=0.09, italic=False, languageStyle='LTR', name='descriptionText_12', opacity=1.0, ori=0, pos=array([0., 0.]), rgb=array([255., 255., 255.]), text=str(...), units='norm', win=Window(...), wrapWidth=1)
11.8145 	EXP 	Created fixation10 = Rect(__class__=<class 'psychopy.visual.rect.Rect'>, autoDraw=False, autoLog=True, closeShape=True, color=method-wrapper(...), colorSpace=None, contrast=1.0, depth=0.0, fillColor='black', fillColorSpace='named', fillRGB=array([0., 0., 0.]), interpolate=True, lineColor='black', lineColorSpace='named', lineRGB=array([0., 0., 0.]), lineWidth=1, name='fixation10', opacity=1.0, ori=array(0.), pos=array([0., 0.]), size=array([1., 1.]), units='norm', vertices=ndarray(...), win=Window(...))
11.8487 	EXP 	Created fixationImage10 = ImageStim(__class__=<class 'psychopy.visual.image.ImageStim'>, autoLog=True, color=array([1., 1., 1.]), colorSpace='rgb', contrast=1.0, depth=-1.0, flipHoriz=False, flipVert=False, image='./stimuli/images/fix.bmp', interpolate=True, mask=None, maskParams=None, name='fixationImage10', opacity=1.0, ori=0.0, pos=array([0., 0.]), size=array([1., 1.]), texRes=128, units='norm', win=Window(...))
11.8719 	EXP 	Created text = TextStim(__class__=<class 'psychopy.visual.text.TextStim'>, alignHoriz='center', alignVert='center', antialias=True, autoLog=True, bold=False, color='white', colorSpace='named', contrast=1.0, depth=-3.0, flipHoriz=False, flipVert=False, font='Arial', fontFiles=[], height=0.3, italic=False, languageStyle='LTR', name='text', opacity=1.0, ori=0, pos=array([ 0. , -0.7]), rgb=array([255., 255., 255.]), text='3 . . .', units='norm', win=Window(...), wrapWidth=1)
11.8854 	EXP 	Created text_2 = TextStim(__class__=<class 'psychopy.visual.text.TextStim'>, alignHoriz='center', alignVert='center', antialias=True, autoLog=True, bold=False, color='white', colorSpace='named', contrast=1.0, depth=-4.0, flipHoriz=False, flipVert=False, font='Arial', fontFiles=[], height=0.3, italic=False, languageStyle='LTR', name='text_2', opacity=1.0, ori=0, pos=array([ 0. , -0.7]), rgb=array([255., 255., 255.]), text='2 . .', units='norm', win=Window(...), wrapWidth=1)
11.8916 	EXP 	Created text_3 = TextStim(__class__=<class 'psychopy.visual.text.TextStim'>, alignHoriz='center', alignVert='center', antialias=True, autoLog=True, bold=False, color='white', colorSpace='named', contrast=1.0, depth=-5.0, flipHoriz=False, flipVert=False, font='Arial', fontFiles=[], height=0.3, italic=False, languageStyle='LTR', name='text_3', opacity=1.0, ori=0, pos=array([ 0. , -0.7]), rgb=array([255., 255., 255.]), text='1 .', units='norm', win=Window(...), wrapWidth=1)
11.8924 	EXP 	Created blackProc = Rect(__class__=<class 'psychopy.visual.rect.Rect'>, autoDraw=False, autoLog=True, closeShape=True, color=method-wrapper(...), colorSpace=None, contrast=1.0, depth=-1.0, fillColor='black', fillColorSpace='named', fillRGB=array([0., 0., 0.]), interpolate=True, lineColor='black', lineColorSpace='named', lineRGB=array([0., 0., 0.]), lineWidth=1, name='blackProc', opacity=1.0, ori=array(0.), pos=array([0., 0.]), size=array([1., 1.]), units='norm', vertices=ndarray(...), win=Window(...))
11.8930 	EXP 	Created greenProc = Rect(__class__=<class 'psychopy.visual.rect.Rect'>, autoDraw=False, autoLog=True, closeShape=True, color=method-wrapper(...), colorSpace=None, contrast=1.0, depth=-2.0, fillColor='green', fillColorSpace='named', fillRGB=array([  0., 128.,   0.]), interpolate=True, lineColor='green', lineColorSpace='named', lineRGB=array([  0., 128.,   0.]), lineWidth=1, name='greenProc', opacity=1.0, ori=array(0.), pos=array([0., 0.]), size=array([1., 1.]), units='norm', vertices=ndarray(...), win=Window(...))
11.9058 	EXP 	Created ProcTarget = ImageStim(__class__=<class 'psychopy.visual.image.ImageStim'>, autoLog=True, color=array([1., 1., 1.]), colorSpace='rgb', contrast=1.0, depth=-3.0, flipHoriz=False, flipVert=False, image='sin', interpolate=True, mask=None, maskParams=None, name='ProcTarget', opacity=1.0, ori=0.0, pos=array([-0.4,  0. ]), size=array([1., 1.]), texRes=128, units='norm', win=Window(...))
11.9079 	EXP 	Created ProcPicture = ImageStim(__class__=<class 'psychopy.visual.image.ImageStim'>, autoLog=True, color=array([1., 1., 1.]), colorSpace='rgb', contrast=1.0, depth=-4.0, flipHoriz=False, flipVert=False, image='sin', interpolate=True, mask=None, maskParams=None, name='ProcPicture', opacity=1.0, ori=0.0, pos=array([0.4, 0. ]), size=array([1., 1.]), texRes=128, units='norm', win=Window(...))
11.9085 	EXP 	Created blackWaitInterTrial = Rect(__class__=<class 'psychopy.visual.rect.Rect'>, autoDraw=False, autoLog=True, closeShape=True, color=method-wrapper(...), colorSpace=None, contrast=1.0, depth=-1.0, fillColor='black', fillColorSpace='named', fillRGB=array([0., 0., 0.]), interpolate=True, lineColor='black', lineColorSpace='named', lineRGB=array([0., 0., 0.]), lineWidth=1, name='blackWaitInterTrial', opacity=1.0, ori=array(0.), pos=array([0., 0.]), size=array([1., 1.]), units='norm', vertices=ndarray(...), win=Window(...))
11.9191 	EXP 	Created whiteWaitInterTrial = ImageStim(__class__=<class 'psychopy.visual.image.ImageStim'>, autoLog=True, color=array([1., 1., 1.]), colorSpace='rgb', contrast=1.0, depth=-2.0, flipHoriz=False, flipVert=False, image='./stimuli/images/blank.bmp', interpolate=True, mask=None, maskParams=None, name='whiteWaitInterTrial', opacity=1.0, ori=0.0, pos=array([0., 0.]), size=array([1., 1.]), texRes=128, units='norm', win=Window(...))
11.9197 	EXP 	Created blackTrial = Rect(__class__=<class 'psychopy.visual.rect.Rect'>, autoDraw=False, autoLog=True, closeShape=True, color=method-wrapper(...), colorSpace=None, contrast=1.0, depth=-1.0, fillColor='black', fillColorSpace='named', fillRGB=array([0., 0., 0.]), interpolate=True, lineColor='black', lineColorSpace='named', lineRGB=array([0., 0., 0.]), lineWidth=1, name='blackTrial', opacity=1.0, ori=array(0.), pos=array([0., 0.]), size=array([1., 1.]), units='norm', vertices=ndarray(...), win=Window(...))
11.9203 	EXP 	Created whiteTrial = Rect(__class__=<class 'psychopy.visual.rect.Rect'>, autoDraw=False, autoLog=True, closeShape=True, color=method-wrapper(...), colorSpace=None, contrast=1.0, depth=-2.0, fillColor='white', fillColorSpace='named', fillRGB=array([255., 255., 255.]), interpolate=True, lineColor='white', lineColorSpace='named', lineRGB=array([255., 255., 255.]), lineWidth=1, name='whiteTrial', opacity=1.0, ori=array(0.), pos=array([0., 0.]), size=array([1., 1.]), units='norm', vertices=ndarray(...), win=Window(...))
11.9221 	EXP 	Created TrialPicture = ImageStim(__class__=<class 'psychopy.visual.image.ImageStim'>, autoLog=True, color=array([1., 1., 1.]), colorSpace='rgb', contrast=1.0, depth=-3.0, flipHoriz=False, flipVert=False, image='sin', interpolate=True, mask=None, maskParams=None, name='TrialPicture', opacity=1.0, ori=0.0, pos=array([0., 0.]), size=array([1., 1.]), texRes=128, units='norm', win=Window(...))
11.9227 	EXP 	Created blackWaitInterTrial_2 = Rect(__class__=<class 'psychopy.visual.rect.Rect'>, autoDraw=False, autoLog=True, closeShape=True, color=method-wrapper(...), colorSpace=None, contrast=1.0, depth=0.0, fillColor='black', fillColorSpace='named', fillRGB=array([0., 0., 0.]), interpolate=True, lineColor='black', lineColorSpace='named', lineRGB=array([0., 0., 0.]), lineWidth=1, name='blackWaitInterTrial_2', opacity=1.0, ori=array(0.), pos=array([0., 0.]), size=array([1., 1.]), units='norm', vertices=ndarray(...), win=Window(...))
11.9300 	EXP 	Created whiteWaitInterTrial_2 = ImageStim(__class__=<class 'psychopy.visual.image.ImageStim'>, autoLog=True, color=array([1., 1., 1.]), colorSpace='rgb', contrast=1.0, depth=-1.0, flipHoriz=False, flipVert=False, image='./stimuli/images/blank.bmp', interpolate=True, mask=None, maskParams=None, name='whiteWaitInterTrial_2', opacity=1.0, ori=0.0, pos=array([0., 0.]), size=array([1., 1.]), texRes=128, units='norm', win=Window(...))
11.9306 	EXP 	Created fixation = Rect(__class__=<class 'psychopy.visual.rect.Rect'>, autoDraw=False, autoLog=True, closeShape=True, color=method-wrapper(...), colorSpace=None, contrast=1.0, depth=0.0, fillColor='black', fillColorSpace='named', fillRGB=array([0., 0., 0.]), interpolate=True, lineColor='black', lineColorSpace='named', lineRGB=array([0., 0., 0.]), lineWidth=1, name='fixation', opacity=1.0, ori=array(0.), pos=array([0., 0.]), size=array([1., 1.]), units='norm', vertices=ndarray(...), win=Window(...))
11.9372 	EXP 	Created fixationImage = ImageStim(__class__=<class 'psychopy.visual.image.ImageStim'>, autoLog=True, color=array([1., 1., 1.]), colorSpace='rgb', contrast=1.0, depth=-1.0, flipHoriz=False, flipVert=False, image='./stimuli/images/fix.bmp', interpolate=True, mask=None, maskParams=None, name='fixationImage', opacity=1.0, ori=0.0, pos=array([0., 0.]), size=array([1., 1.]), texRes=128, units='norm', win=Window(...))
11.9378 	EXP 	Created polygon_end = Rect(__class__=<class 'psychopy.visual.rect.Rect'>, autoDraw=False, autoLog=True, closeShape=True, color=method-wrapper(...), colorSpace=None, contrast=1.0, depth=0.0, fillColor='black', fillColorSpace='named', fillRGB=array([0., 0., 0.]), interpolate=True, lineColor='black', lineColorSpace='named', lineRGB=array([0., 0., 0.]), lineWidth=1, name='polygon_end', opacity=1.0, ori=array(0.), pos=array([0., 0.]), size=array([1., 1.]), units='norm', vertices=ndarray(...), win=Window(...))
11.9642 	EXP 	Created end_text = TextStim(__class__=<class 'psychopy.visual.text.TextStim'>, alignHoriz='center', alignVert='center', antialias=True, autoLog=True, bold=False, color='white', colorSpace='named', contrast=1.0, depth=-1.0, flipHoriz=False, flipVert=False, font='Arial', fontFiles=[], height=0.1, italic=False, languageStyle='LTR', name='end_text', opacity=1.0, ori=0, pos=array([0., 0.]), rgb=array([255., 255., 255.]), text='That completes Round 1 of the task', units='norm', win=Window(...), wrapWidth=1)
11.9648 	EXP 	Created polygon_15 = Rect(__class__=<class 'psychopy.visual.rect.Rect'>, autoDraw=False, autoLog=True, closeShape=True, color=method-wrapper(...), colorSpace=None, contrast=1.0, depth=0.0, fillColor='black', fillColorSpace='named', fillRGB=array([0., 0., 0.]), interpolate=True, lineColor='black', lineColorSpace='named', lineRGB=array([0., 0., 0.]), lineWidth=1, name='polygon_15', opacity=1.0, ori=array(0.), pos=array([0., 0.]), size=array([1., 1.]), units='norm', vertices=ndarray(...), win=Window(...))
12.0145 	EXP 	Created descriptionText_15 = TextStim(__class__=<class 'psychopy.visual.text.TextStim'>, alignHoriz='center', alignVert='center', antialias=True, autoLog=True, bold=False, color='white', colorSpace='named', contrast=1.0, depth=-1.0, flipHoriz=False, flipVert=False, font='Arial', fontFiles=[], height=0.09, italic=False, languageStyle='LTR', name='descriptionText_15', opacity=1.0, ori=0, pos=array([0., 0.]), rgb=array([255., 255., 255.]), text=str(...), units='norm', win=Window(...), wrapWidth=1)
12.0151 	EXP 	Created fixation10 = Rect(__class__=<class 'psychopy.visual.rect.Rect'>, autoDraw=False, autoLog=True, closeShape=True, color=method-wrapper(...), colorSpace=None, contrast=1.0, depth=0.0, fillColor='black', fillColorSpace='named', fillRGB=array([0., 0., 0.]), interpolate=True, lineColor='black', lineColorSpace='named', lineRGB=array([0., 0., 0.]), lineWidth=1, name='fixation10', opacity=1.0, ori=array(0.), pos=array([0., 0.]), size=array([1., 1.]), units='norm', vertices=ndarray(...), win=Window(...))
12.0843 	EXP 	Created fixationImage10 = ImageStim(__class__=<class 'psychopy.visual.image.ImageStim'>, autoLog=True, color=array([1., 1., 1.]), colorSpace='rgb', contrast=1.0, depth=-1.0, flipHoriz=False, flipVert=False, image='./stimuli/images/fix.bmp', interpolate=True, mask=None, maskParams=None, name='fixationImage10', opacity=1.0, ori=0.0, pos=array([0., 0.]), size=array([1., 1.]), texRes=128, units='norm', win=Window(...))
12.0871 	EXP 	Created text = TextStim(__class__=<class 'psychopy.visual.text.TextStim'>, alignHoriz='center', alignVert='center', antialias=True, autoLog=True, bold=False, color='white', colorSpace='named', contrast=1.0, depth=-3.0, flipHoriz=False, flipVert=False, font='Arial', fontFiles=[], height=0.3, italic=False, languageStyle='LTR', name='text', opacity=1.0, ori=0, pos=array([ 0. , -0.7]), rgb=array([255., 255., 255.]), text='3 . . .', units='norm', win=Window(...), wrapWidth=1)
12.0897 	EXP 	Created text_2 = TextStim(__class__=<class 'psychopy.visual.text.TextStim'>, alignHoriz='center', alignVert='center', antialias=True, autoLog=True, bold=False, color='white', colorSpace='named', contrast=1.0, depth=-4.0, flipHoriz=False, flipVert=False, font='Arial', fontFiles=[], height=0.3, italic=False, languageStyle='LTR', name='text_2', opacity=1.0, ori=0, pos=array([ 0. , -0.7]), rgb=array([255., 255., 255.]), text='2 . .', units='norm', win=Window(...), wrapWidth=1)
12.0921 	EXP 	Created text_3 = TextStim(__class__=<class 'psychopy.visual.text.TextStim'>, alignHoriz='center', alignVert='center', antialias=True, autoLog=True, bold=False, color='white', colorSpace='named', contrast=1.0, depth=-5.0, flipHoriz=False, flipVert=False, font='Arial', fontFiles=[], height=0.3, italic=False, languageStyle='LTR', name='text_3', opacity=1.0, ori=0, pos=array([ 0. , -0.7]), rgb=array([255., 255., 255.]), text='1 .', units='norm', win=Window(...), wrapWidth=1)
12.0927 	EXP 	Created blackProc_2 = Rect(__class__=<class 'psychopy.visual.rect.Rect'>, autoDraw=False, autoLog=True, closeShape=True, color=method-wrapper(...), colorSpace=None, contrast=1.0, depth=-1.0, fillColor='black', fillColorSpace='named', fillRGB=array([0., 0., 0.]), interpolate=True, lineColor='black', lineColorSpace='named', lineRGB=array([0., 0., 0.]), lineWidth=1, name='blackProc_2', opacity=1.0, ori=array(0.), pos=array([0., 0.]), size=array([1., 1.]), units='norm', vertices=ndarray(...), win=Window(...))
12.0933 	EXP 	Created greenProc_2 = Rect(__class__=<class 'psychopy.visual.rect.Rect'>, autoDraw=False, autoLog=True, closeShape=True, color=method-wrapper(...), colorSpace=None, contrast=1.0, depth=-2.0, fillColor='green', fillColorSpace='named', fillRGB=array([  0., 128.,   0.]), interpolate=True, lineColor='green', lineColorSpace='named', lineRGB=array([  0., 128.,   0.]), lineWidth=1, name='greenProc_2', opacity=1.0, ori=array(0.), pos=array([0., 0.]), size=array([1., 1.]), units='norm', vertices=ndarray(...), win=Window(...))
12.0957 	EXP 	Created ProcTarget_2 = ImageStim(__class__=<class 'psychopy.visual.image.ImageStim'>, autoLog=True, color=array([1., 1., 1.]), colorSpace='rgb', contrast=1.0, depth=-3.0, flipHoriz=False, flipVert=False, image='sin', interpolate=True, mask=None, maskParams=None, name='ProcTarget_2', opacity=1.0, ori=0.0, pos=array([-0.4,  0. ]), size=array([1., 1.]), texRes=128, units='norm', win=Window(...))
12.0977 	EXP 	Created ProcPicture_2 = ImageStim(__class__=<class 'psychopy.visual.image.ImageStim'>, autoLog=True, color=array([1., 1., 1.]), colorSpace='rgb', contrast=1.0, depth=-4.0, flipHoriz=False, flipVert=False, image='sin', interpolate=True, mask=None, maskParams=None, name='ProcPicture_2', opacity=1.0, ori=0.0, pos=array([0.4, 0. ]), size=array([1., 1.]), texRes=128, units='norm', win=Window(...))
12.0983 	EXP 	Created blackWaitInterTrial_3 = Rect(__class__=<class 'psychopy.visual.rect.Rect'>, autoDraw=False, autoLog=True, closeShape=True, color=method-wrapper(...), colorSpace=None, contrast=1.0, depth=-1.0, fillColor='black', fillColorSpace='named', fillRGB=array([0., 0., 0.]), interpolate=True, lineColor='black', lineColorSpace='named', lineRGB=array([0., 0., 0.]), lineWidth=1, name='blackWaitInterTrial_3', opacity=1.0, ori=array(0.), pos=array([0., 0.]), size=array([1., 1.]), units='norm', vertices=ndarray(...), win=Window(...))
12.1042 	EXP 	Created whiteWaitInterTrial_3 = ImageStim(__class__=<class 'psychopy.visual.image.ImageStim'>, autoLog=True, color=array([1., 1., 1.]), colorSpace='rgb', contrast=1.0, depth=-2.0, flipHoriz=False, flipVert=False, image='./stimuli/images/blank.bmp', interpolate=True, mask=None, maskParams=None, name='whiteWaitInterTrial_3', opacity=1.0, ori=0.0, pos=array([0., 0.]), size=array([1., 1.]), texRes=128, units='norm', win=Window(...))
12.1047 	EXP 	Created blackTrial_2 = Rect(__class__=<class 'psychopy.visual.rect.Rect'>, autoDraw=False, autoLog=True, closeShape=True, color=method-wrapper(...), colorSpace=None, contrast=1.0, depth=-1.0, fillColor='black', fillColorSpace='named', fillRGB=array([0., 0., 0.]), interpolate=True, lineColor='black', lineColorSpace='named', lineRGB=array([0., 0., 0.]), lineWidth=1, name='blackTrial_2', opacity=1.0, ori=array(0.), pos=array([0., 0.]), size=array([1., 1.]), units='norm', vertices=ndarray(...), win=Window(...))
12.1053 	EXP 	Created whiteTrial_2 = Rect(__class__=<class 'psychopy.visual.rect.Rect'>, autoDraw=False, autoLog=True, closeShape=True, color=method-wrapper(...), colorSpace=None, contrast=1.0, depth=-2.0, fillColor='white', fillColorSpace='named', fillRGB=array([255., 255., 255.]), interpolate=True, lineColor='white', lineColorSpace='named', lineRGB=array([255., 255., 255.]), lineWidth=1, name='whiteTrial_2', opacity=1.0, ori=array(0.), pos=array([0., 0.]), size=array([1., 1.]), units='norm', vertices=ndarray(...), win=Window(...))
12.1070 	EXP 	Created TrialPicture_2 = ImageStim(__class__=<class 'psychopy.visual.image.ImageStim'>, autoLog=True, color=array([1., 1., 1.]), colorSpace='rgb', contrast=1.0, depth=-3.0, flipHoriz=False, flipVert=False, image='sin', interpolate=True, mask=None, maskParams=None, name='TrialPicture_2', opacity=1.0, ori=0.0, pos=array([0., 0.]), size=array([1., 1.]), texRes=128, units='norm', win=Window(...))
12.1076 	EXP 	Created blackWaitInterTrial_4 = Rect(__class__=<class 'psychopy.visual.rect.Rect'>, autoDraw=False, autoLog=True, closeShape=True, color=method-wrapper(...), colorSpace=None, contrast=1.0, depth=0.0, fillColor='black', fillColorSpace='named', fillRGB=array([0., 0., 0.]), interpolate=True, lineColor='black', lineColorSpace='named', lineRGB=array([0., 0., 0.]), lineWidth=1, name='blackWaitInterTrial_4', opacity=1.0, ori=array(0.), pos=array([0., 0.]), size=array([1., 1.]), units='norm', vertices=ndarray(...), win=Window(...))
12.1145 	EXP 	Created whiteWaitInterTrial_4 = ImageStim(__class__=<class 'psychopy.visual.image.ImageStim'>, autoLog=True, color=array([1., 1., 1.]), colorSpace='rgb', contrast=1.0, depth=-1.0, flipHoriz=False, flipVert=False, image='./stimuli/images/blank.bmp', interpolate=True, mask=None, maskParams=None, name='whiteWaitInterTrial_4', opacity=1.0, ori=0.0, pos=array([0., 0.]), size=array([1., 1.]), texRes=128, units='norm', win=Window(...))
12.1152 	EXP 	Created fixation_2 = Rect(__class__=<class 'psychopy.visual.rect.Rect'>, autoDraw=False, autoLog=True, closeShape=True, color=method-wrapper(...), colorSpace=None, contrast=1.0, depth=0.0, fillColor='black', fillColorSpace='named', fillRGB=array([0., 0., 0.]), interpolate=True, lineColor='black', lineColorSpace='named', lineRGB=array([0., 0., 0.]), lineWidth=1, name='fixation_2', opacity=1.0, ori=array(0.), pos=array([0., 0.]), size=array([1., 1.]), units='norm', vertices=ndarray(...), win=Window(...))
12.1209 	EXP 	Created fixationImage_2 = ImageStim(__class__=<class 'psychopy.visual.image.ImageStim'>, autoLog=True, color=array([1., 1., 1.]), colorSpace='rgb', contrast=1.0, depth=-1.0, flipHoriz=False, flipVert=False, image='./stimuli/images/fix.bmp', interpolate=True, mask=None, maskParams=None, name='fixationImage_2', opacity=1.0, ori=0.0, pos=array([0., 0.]), size=array([1., 1.]), texRes=128, units='norm', win=Window(...))
12.1215 	EXP 	Created polygon_end_2 = Rect(__class__=<class 'psychopy.visual.rect.Rect'>, autoDraw=False, autoLog=True, closeShape=True, color=method-wrapper(...), colorSpace=None, contrast=1.0, depth=0.0, fillColor='black', fillColorSpace='named', fillRGB=array([0., 0., 0.]), interpolate=True, lineColor='black', lineColorSpace='named', lineRGB=array([0., 0., 0.]), lineWidth=1, name='polygon_end_2', opacity=1.0, ori=array(0.), pos=array([0., 0.]), size=array([1., 1.]), units='norm', vertices=ndarray(...), win=Window(...))
12.1349 	EXP 	Created end_text_2 = TextStim(__class__=<class 'psychopy.visual.text.TextStim'>, alignHoriz='center', alignVert='center', antialias=True, autoLog=True, bold=False, color='white', colorSpace='named', contrast=1.0, depth=-1.0, flipHoriz=False, flipVert=False, font='Arial', fontFiles=[], height=0.1, italic=False, languageStyle='LTR', name='end_text_2', opacity=1.0, ori=0, pos=array([0., 0.]), rgb=array([255., 255., 255.]), text='Thank you for your participation!', units='norm', win=Window(...), wrapWidth=1)
13.0500 	DATA 	Mouse: Left button down, pos=(521,512)
13.0504 	DATA 	Mouse:  Left button up, pos=(521,512)
13.0561 	EXP 	polygon_12: autoDraw = True
13.0561 	EXP 	descriptionText_12: autoDraw = True
15.2215 	DATA 	Keypress: space
15.2392 	EXP 	polygon_12: autoDraw = False
15.2392 	EXP 	descriptionText_12: autoDraw = False
15.2392 	EXP 	fixationImage10: size = array([0.75, 1.  ])
15.2392 	EXP 	fixation10: autoDraw = True
15.2392 	EXP 	fixationImage10: autoDraw = True
22.2457 	EXP 	text: autoDraw = True
23.2299 	EXP 	text: autoDraw = False
23.2466 	EXP 	text_2: autoDraw = True
24.2307 	EXP 	text_2: autoDraw = False
24.2474 	EXP 	text_3: autoDraw = True
25.2171 	EXP 	Created sequence: sequential, trialTypes=1, nReps=8, seed=None
25.2173 	EXP 	New trial (rep=0, index=0): None
25.2575 	EXP 	fixation10: autoDraw = False
25.2575 	EXP 	fixationImage10: autoDraw = False
25.2575 	EXP 	text_3: autoDraw = False
25.2575 	EXP 	fixation10: autoDraw = False
25.2575 	EXP 	fixationImage10: autoDraw = False
25.2575 	EXP 	text: autoDraw = False
25.2575 	EXP 	text_2: autoDraw = False
25.2575 	EXP 	text_3: autoDraw = False
25.2575 	EXP 	greenProc: size = array([1.6, 1.2])
25.2575 	EXP 	ProcTarget: size = array([0.75, 1.  ])
25.2575 	EXP 	ProcTarget: image = './stimuli/images/070.bmp'
25.2575 	EXP 	ProcPicture: size = array([0.75, 1.  ])
25.2575 	EXP 	ProcPicture: image = './stimuli/images/208.bmp'
25.2575 	EXP 	blackProc: autoDraw = True
25.2575 	EXP 	greenProc: autoDraw = True
25.2575 	EXP 	ProcTarget: autoDraw = True
25.2575 	EXP 	ProcPicture: autoDraw = True
28.7351 	EXP 	blackProc: autoDraw = False
28.7351 	EXP 	greenProc: autoDraw = False
28.7351 	EXP 	ProcTarget: autoDraw = False
28.7351 	EXP 	ProcPicture: autoDraw = False
28.7351 	EXP 	blackProc: autoDraw = False
28.7351 	EXP 	greenProc: autoDraw = False
28.7351 	EXP 	ProcTarget: autoDraw = False
28.7351 	EXP 	ProcPicture: autoDraw = False
28.7351 	EXP 	whiteWaitInterTrial: size = array([0.75, 1.  ])
28.7351 	EXP 	blackWaitInterTrial: autoDraw = True
28.7351 	EXP 	whiteWaitInterTrial: autoDraw = True
30.2200 	EXP 	Created sequence: sequential, trialTypes=1, nReps=12, seed=None
30.2202 	EXP 	New trial (rep=0, index=0): None
30.2439 	EXP 	blackWaitInterTrial: autoDraw = False
30.2439 	EXP 	whiteWaitInterTrial: autoDraw = False
30.2439 	EXP 	blackWaitInterTrial: autoDraw = False
30.2439 	EXP 	whiteWaitInterTrial: autoDraw = False
30.2439 	EXP 	TrialPicture: size = array([0.75, 1.  ])
30.2439 	EXP 	TrialPicture: image = './stimuli/images/015.bmp'
30.2439 	EXP 	blackTrial: autoDraw = True
30.2439 	EXP 	whiteTrial: autoDraw = True
30.2439 	EXP 	TrialPicture: autoDraw = True
31.2375 	EXP 	blackTrial: autoDraw = False
31.2375 	EXP 	whiteTrial: autoDraw = False
31.2375 	EXP 	TrialPicture: autoDraw = False
31.2375 	EXP 	blackTrial: autoDraw = False
31.2375 	EXP 	whiteTrial: autoDraw = False
31.2375 	EXP 	TrialPicture: autoDraw = False
31.2375 	EXP 	whiteWaitInterTrial_2: size = array([0.75, 1.  ])
31.2375 	EXP 	blackWaitInterTrial_2: autoDraw = True
31.2375 	EXP 	whiteWaitInterTrial_2: autoDraw = True
33.0222 	EXP 	New trial (rep=1, index=0): None
33.0395 	EXP 	blackWaitInterTrial_2: autoDraw = False
33.0395 	EXP 	whiteWaitInterTrial_2: autoDraw = False
33.0395 	EXP 	blackWaitInterTrial_2: autoDraw = False
33.0395 	EXP 	whiteWaitInterTrial_2: autoDraw = False
33.0395 	EXP 	TrialPicture: size = array([0.75, 1.  ])
33.0395 	EXP 	TrialPicture: image = './stimuli/images/208.bmp'
33.0395 	EXP 	blackTrial: autoDraw = True
33.0395 	EXP 	whiteTrial: autoDraw = True
33.0395 	EXP 	TrialPicture: autoDraw = True
34.0398 	EXP 	blackTrial: autoDraw = False
34.0398 	EXP 	whiteTrial: autoDraw = False
34.0398 	EXP 	TrialPicture: autoDraw = False
34.0398 	EXP 	blackTrial: autoDraw = False
34.0398 	EXP 	whiteTrial: autoDraw = False
34.0398 	EXP 	TrialPicture: autoDraw = False
34.0398 	EXP 	whiteWaitInterTrial_2: size = array([0.75, 1.  ])
34.0398 	EXP 	blackWaitInterTrial_2: autoDraw = True
34.0398 	EXP 	whiteWaitInterTrial_2: autoDraw = True
34.7781 	DATA 	Mouse: Left button down, pos=(292,302)
34.9071 	DATA 	Mouse:  Left button up, pos=(292,302)
35.7254 	EXP 	New trial (rep=2, index=0): None
35.7414 	EXP 	blackWaitInterTrial_2: autoDraw = False
35.7414 	EXP 	whiteWaitInterTrial_2: autoDraw = False
35.7414 	EXP 	blackWaitInterTrial_2: autoDraw = False
35.7414 	EXP 	whiteWaitInterTrial_2: autoDraw = False
35.7414 	EXP 	TrialPicture: size = array([0.75, 1.  ])
35.7414 	EXP 	TrialPicture: image = './stimuli/images/070.bmp'
35.7414 	EXP 	blackTrial: autoDraw = True
35.7414 	EXP 	whiteTrial: autoDraw = True
35.7414 	EXP 	TrialPicture: autoDraw = True
36.7263 	DATA 	Keypress: l
36.7422 	EXP 	blackTrial: autoDraw = False
36.7422 	EXP 	whiteTrial: autoDraw = False
36.7422 	EXP 	TrialPicture: autoDraw = False
36.7422 	EXP 	blackTrial: autoDraw = False
36.7422 	EXP 	whiteTrial: autoDraw = False
36.7422 	EXP 	TrialPicture: autoDraw = False
36.7422 	EXP 	whiteWaitInterTrial_2: size = array([0.75, 1.  ])
36.7422 	EXP 	blackWaitInterTrial_2: autoDraw = True
36.7422 	EXP 	whiteWaitInterTrial_2: autoDraw = True
38.4279 	EXP 	New trial (rep=3, index=0): None
38.4972 	EXP 	blackWaitInterTrial_2: autoDraw = False
38.4972 	EXP 	whiteWaitInterTrial_2: autoDraw = False
38.4972 	EXP 	blackWaitInterTrial_2: autoDraw = False
38.4972 	EXP 	whiteWaitInterTrial_2: autoDraw = False
38.4972 	EXP 	TrialPicture: size = array([0.75, 1.  ])
38.4972 	EXP 	TrialPicture: image = './stimuli/images/015.bmp'
38.4972 	EXP 	blackTrial: autoDraw = True
38.4972 	EXP 	whiteTrial: autoDraw = True
38.4972 	EXP 	TrialPicture: autoDraw = True
38.8778 	DATA 	Keypress: a
39.4446 	EXP 	blackTrial: autoDraw = False
39.4446 	EXP 	whiteTrial: autoDraw = False
39.4446 	EXP 	TrialPicture: autoDraw = False
39.4446 	EXP 	blackTrial: autoDraw = False
39.4446 	EXP 	whiteTrial: autoDraw = False
39.4446 	EXP 	TrialPicture: autoDraw = False
39.4446 	EXP 	whiteWaitInterTrial_2: size = array([0.75, 1.  ])
39.4446 	EXP 	blackWaitInterTrial_2: autoDraw = True
39.4446 	EXP 	whiteWaitInterTrial_2: autoDraw = True
41.1302 	EXP 	New trial (rep=4, index=0): None
41.1460 	EXP 	blackWaitInterTrial_2: autoDraw = False
41.1460 	EXP 	whiteWaitInterTrial_2: autoDraw = False
41.1460 	EXP 	blackWaitInterTrial_2: autoDraw = False
41.1460 	EXP 	whiteWaitInterTrial_2: autoDraw = False
41.1460 	EXP 	TrialPicture: size = array([0.75, 1.  ])
41.1460 	EXP 	TrialPicture: image = './stimuli/images/208.bmp'
41.1460 	EXP 	blackTrial: autoDraw = True
41.1460 	EXP 	whiteTrial: autoDraw = True
41.1460 	EXP 	TrialPicture: autoDraw = True
41.5798 	DATA 	Keypress: a
42.1471 	EXP 	blackTrial: autoDraw = False
42.1471 	EXP 	whiteTrial: autoDraw = False
42.1471 	EXP 	TrialPicture: autoDraw = False
42.1471 	EXP 	blackTrial: autoDraw = False
42.1471 	EXP 	whiteTrial: autoDraw = False
42.1471 	EXP 	TrialPicture: autoDraw = False
42.1471 	EXP 	whiteWaitInterTrial_2: size = array([0.75, 1.  ])
42.1471 	EXP 	blackWaitInterTrial_2: autoDraw = True
42.1471 	EXP 	whiteWaitInterTrial_2: autoDraw = True
43.9318 	EXP 	New trial (rep=5, index=0): None
43.9485 	EXP 	blackWaitInterTrial_2: autoDraw = False
43.9485 	EXP 	whiteWaitInterTrial_2: autoDraw = False
43.9485 	EXP 	blackWaitInterTrial_2: autoDraw = False
43.9485 	EXP 	whiteWaitInterTrial_2: autoDraw = False
43.9485 	EXP 	TrialPicture: size = array([0.75, 1.  ])
43.9485 	EXP 	TrialPicture: image = './stimuli/images/070.bmp'
43.9485 	EXP 	blackTrial: autoDraw = True
43.9485 	EXP 	whiteTrial: autoDraw = True
43.9485 	EXP 	TrialPicture: autoDraw = True
44.5828 	DATA 	Keypress: l
44.9494 	EXP 	blackTrial: autoDraw = False
44.9494 	EXP 	whiteTrial: autoDraw = False
44.9494 	EXP 	TrialPicture: autoDraw = False
44.9494 	EXP 	blackTrial: autoDraw = False
44.9494 	EXP 	whiteTrial: autoDraw = False
44.9494 	EXP 	TrialPicture: autoDraw = False
44.9494 	EXP 	whiteWaitInterTrial_2: size = array([0.75, 1.  ])
44.9494 	EXP 	blackWaitInterTrial_2: autoDraw = True
44.9494 	EXP 	whiteWaitInterTrial_2: autoDraw = True
46.7348 	EXP 	New trial (rep=6, index=0): None
46.7524 	EXP 	blackWaitInterTrial_2: autoDraw = False
46.7524 	EXP 	whiteWaitInterTrial_2: autoDraw = False
46.7524 	EXP 	blackWaitInterTrial_2: autoDraw = False
46.7524 	EXP 	whiteWaitInterTrial_2: autoDraw = False
46.7524 	EXP 	TrialPicture: size = array([0.75, 1.  ])
46.7524 	EXP 	TrialPicture: image = './stimuli/images/081.bmp'
46.7524 	EXP 	blackTrial: autoDraw = True
46.7524 	EXP 	whiteTrial: autoDraw = True
46.7524 	EXP 	TrialPicture: autoDraw = True
47.4686 	DATA 	Keypress: l
47.7519 	EXP 	blackTrial: autoDraw = False
47.7519 	EXP 	whiteTrial: autoDraw = False
47.7519 	EXP 	TrialPicture: autoDraw = False
47.7519 	EXP 	blackTrial: autoDraw = False
47.7519 	EXP 	whiteTrial: autoDraw = False
47.7519 	EXP 	TrialPicture: autoDraw = False
47.7519 	EXP 	whiteWaitInterTrial_2: size = array([0.75, 1.  ])
47.7519 	EXP 	blackWaitInterTrial_2: autoDraw = True
47.7519 	EXP 	whiteWaitInterTrial_2: autoDraw = True
49.3365 	EXP 	New trial (rep=7, index=0): None
49.3532 	EXP 	blackWaitInterTrial_2: autoDraw = False
49.3532 	EXP 	whiteWaitInterTrial_2: autoDraw = False
49.3532 	EXP 	blackWaitInterTrial_2: autoDraw = False
49.3532 	EXP 	whiteWaitInterTrial_2: autoDraw = False
49.3532 	EXP 	TrialPicture: size = array([0.75, 1.  ])
49.3532 	EXP 	TrialPicture: image = './stimuli/images/015.bmp'
49.3532 	EXP 	blackTrial: autoDraw = True
49.3532 	EXP 	whiteTrial: autoDraw = True
49.3532 	EXP 	TrialPicture: autoDraw = True
49.9368 	DATA 	Keypress: a
50.3541 	EXP 	blackTrial: autoDraw = False
50.3541 	EXP 	whiteTrial: autoDraw = False
50.3541 	EXP 	TrialPicture: autoDraw = False
50.3541 	EXP 	blackTrial: autoDraw = False
50.3541 	EXP 	whiteTrial: autoDraw = False
50.3541 	EXP 	TrialPicture: autoDraw = False
50.3541 	EXP 	whiteWaitInterTrial_2: size = array([0.75, 1.  ])
50.3541 	EXP 	blackWaitInterTrial_2: autoDraw = True
50.3541 	EXP 	whiteWaitInterTrial_2: autoDraw = True
52.1396 	EXP 	New trial (rep=8, index=0): None
52.1557 	EXP 	blackWaitInterTrial_2: autoDraw = False
52.1557 	EXP 	whiteWaitInterTrial_2: autoDraw = False
52.1557 	EXP 	blackWaitInterTrial_2: autoDraw = False
52.1557 	EXP 	whiteWaitInterTrial_2: autoDraw = False
52.1557 	EXP 	TrialPicture: size = array([0.75, 1.  ])
52.1557 	EXP 	TrialPicture: image = './stimuli/images/081.bmp'
52.1557 	EXP 	blackTrial: autoDraw = True
52.1557 	EXP 	whiteTrial: autoDraw = True
52.1557 	EXP 	TrialPicture: autoDraw = True
52.6235 	DATA 	Keypress: l
53.1576 	EXP 	blackTrial: autoDraw = False
53.1576 	EXP 	whiteTrial: autoDraw = False
53.1576 	EXP 	TrialPicture: autoDraw = False
53.1576 	EXP 	blackTrial: autoDraw = False
53.1576 	EXP 	whiteTrial: autoDraw = False
53.1576 	EXP 	TrialPicture: autoDraw = False
53.1576 	EXP 	whiteWaitInterTrial_2: size = array([0.75, 1.  ])
53.1576 	EXP 	blackWaitInterTrial_2: autoDraw = True
53.1576 	EXP 	whiteWaitInterTrial_2: autoDraw = True
54.7418 	EXP 	New trial (rep=9, index=0): None
54.7580 	EXP 	blackWaitInterTrial_2: autoDraw = False
54.7580 	EXP 	whiteWaitInterTrial_2: autoDraw = False
54.7580 	EXP 	blackWaitInterTrial_2: autoDraw = False
54.7580 	EXP 	whiteWaitInterTrial_2: autoDraw = False
54.7580 	EXP 	TrialPicture: size = array([0.75, 1.  ])
54.7580 	EXP 	TrialPicture: image = './stimuli/images/070.bmp'
54.7580 	EXP 	blackTrial: autoDraw = True
54.7580 	EXP 	whiteTrial: autoDraw = True
54.7580 	EXP 	TrialPicture: autoDraw = True
55.3254 	DATA 	Keypress: a
55.7589 	EXP 	blackTrial: autoDraw = False
55.7589 	EXP 	whiteTrial: autoDraw = False
55.7589 	EXP 	TrialPicture: autoDraw = False
55.7589 	EXP 	blackTrial: autoDraw = False
55.7589 	EXP 	whiteTrial: autoDraw = False
55.7589 	EXP 	TrialPicture: autoDraw = False
55.7589 	EXP 	whiteWaitInterTrial_2: size = array([0.75, 1.  ])
55.7589 	EXP 	blackWaitInterTrial_2: autoDraw = True
55.7589 	EXP 	whiteWaitInterTrial_2: autoDraw = True
57.4319 	EXP 	New trial (rep=10, index=0): None
57.4449 	EXP 	blackWaitInterTrial_2: autoDraw = False
57.4449 	EXP 	whiteWaitInterTrial_2: autoDraw = False
57.4449 	EXP 	blackWaitInterTrial_2: autoDraw = False
57.4449 	EXP 	whiteWaitInterTrial_2: autoDraw = False
57.4449 	EXP 	TrialPicture: size = array([0.75, 1.  ])
57.4449 	EXP 	TrialPicture: image = './stimuli/images/081.bmp'
57.4449 	EXP 	blackTrial: autoDraw = True
57.4449 	EXP 	whiteTrial: autoDraw = True
57.4449 	EXP 	TrialPicture: autoDraw = True
57.9944 	DATA 	Keypress: l
58.4445 	EXP 	blackTrial: autoDraw = False
58.4445 	EXP 	whiteTrial: autoDraw = False
58.4445 	EXP 	TrialPicture: autoDraw = False
58.4445 	EXP 	blackTrial: autoDraw = False
58.4445 	EXP 	whiteTrial: autoDraw = False
58.4445 	EXP 	TrialPicture: autoDraw = False
58.4445 	EXP 	whiteWaitInterTrial_2: size = array([0.75, 1.  ])
58.4445 	EXP 	blackWaitInterTrial_2: autoDraw = True
58.4445 	EXP 	whiteWaitInterTrial_2: autoDraw = True
60.0292 	EXP 	New trial (rep=11, index=0): None
60.0458 	EXP 	blackWaitInterTrial_2: autoDraw = False
60.0458 	EXP 	whiteWaitInterTrial_2: autoDraw = False
60.0458 	EXP 	blackWaitInterTrial_2: autoDraw = False
60.0458 	EXP 	whiteWaitInterTrial_2: autoDraw = False
60.0458 	EXP 	TrialPicture: size = array([0.75, 1.  ])
60.0458 	EXP 	TrialPicture: image = './stimuli/images/081.bmp'
60.0458 	EXP 	blackTrial: autoDraw = True
60.0458 	EXP 	whiteTrial: autoDraw = True
60.0458 	EXP 	TrialPicture: autoDraw = True
60.4630 	DATA 	Keypress: l
61.0467 	EXP 	blackTrial: autoDraw = False
61.0467 	EXP 	whiteTrial: autoDraw = False
61.0467 	EXP 	TrialPicture: autoDraw = False
61.0467 	EXP 	blackTrial: autoDraw = False
61.0467 	EXP 	whiteTrial: autoDraw = False
61.0467 	EXP 	TrialPicture: autoDraw = False
61.0467 	EXP 	whiteWaitInterTrial_2: size = array([0.75, 1.  ])
61.0467 	EXP 	blackWaitInterTrial_2: autoDraw = True
61.0467 	EXP 	whiteWaitInterTrial_2: autoDraw = True
62.7479 	EXP 	blackWaitInterTrial_2: autoDraw = False
62.7479 	EXP 	whiteWaitInterTrial_2: autoDraw = False
62.7479 	EXP 	blackWaitInterTrial_2: autoDraw = False
62.7479 	EXP 	whiteWaitInterTrial_2: autoDraw = False
62.7479 	EXP 	fixationImage: size = array([0.75, 1.  ])
62.7479 	EXP 	fixation: autoDraw = True
62.7479 	EXP 	fixationImage: autoDraw = True
64.7331 	EXP 	New trial (rep=1, index=0): None
64.7500 	EXP 	fixation: autoDraw = False
64.7500 	EXP 	fixationImage: autoDraw = False
64.7500 	EXP 	greenProc: size = array([1.6, 1.2])
64.7500 	EXP 	ProcTarget: size = array([0.75, 1.  ])
64.7500 	EXP 	ProcTarget: image = './stimuli/images/044.bmp'
64.7500 	EXP 	ProcPicture: size = array([0.75, 1.  ])
64.7500 	EXP 	ProcPicture: image = './stimuli/images/030.bmp'
64.7500 	EXP 	blackProc: autoDraw = True
64.7500 	EXP 	greenProc: autoDraw = True
64.7500 	EXP 	ProcTarget: autoDraw = True
64.7500 	EXP 	ProcPicture: autoDraw = True
66.1179 	DATA 	Keypress: escape
