7.5582 	EXP 	Created window1 = Window(allowGUI=False, allowStencil=False, args=UNKNOWN, autoLog=True, bitsMode=UNKNOWN, blendMode='avg', color=array([0., 0., 0.]), colorSpace='rgb', fullscr=<method-wrapper '__getattribute__' of attributeSetter object at 0x0F04D210>, gamma=None, kwargs=UNKNOWN, lms=UNKNOWN, monitor=<psychopy.monitors.calibTools.Monitor object at 0x1C704030>, multiSample=False, name='window1', numSamples=2, pos=[0.0, 0.0], screen=1, size=array([1920, 1200]), stereo=False, units='norm', useFBO=True, useRetina=False, viewOri=0.0, viewPos=None, viewScale=None, waitBlanking=True, winType='pyglet')
7.5583 	EXP 	window1: recordFrameIntervals = False
7.7242 	EXP 	window1: recordFrameIntervals = True
7.9075 	EXP 	window1: recordFrameIntervals = False
7.9116 	EXP 	Created polygon_12 = Rect(__class__=<class 'psychopy.visual.rect.Rect'>, autoDraw=False, autoLog=True, closeShape=True, color=method-wrapper(...), colorSpace=None, contrast=1.0, depth=0.0, fillColor='black', fillColorSpace='named', fillRGB=array([0., 0., 0.]), interpolate=True, lineColor='black', lineColorSpace='named', lineRGB=array([0., 0., 0.]), lineWidth=1, name='polygon_12', opacity=1.0, ori=array(0.), pos=array([0., 0.]), size=array([1., 1.]), units='norm', vertices=ndarray(...), win=Window(...))
8.0388 	EXP 	Created descriptionText_12 = TextStim(__class__=<class 'psychopy.visual.text.TextStim'>, alignHoriz='center', alignVert='center', antialias=True, autoLog=True, bold=False, color='white', colorSpace='named', contrast=1.0, depth=-1.0, flipHoriz=False, flipVert=False, font='Arial', fontFiles=[], height=0.09, italic=False, languageStyle='LTR', name='descriptionText_12', opacity=1.0, ori=0, pos=array([0., 0.]), rgb=array([255., 255., 255.]), text=str(...), units='norm', win=Window(...), wrapWidth=1)
8.0394 	EXP 	Created fixation10 = Rect(__class__=<class 'psychopy.visual.rect.Rect'>, autoDraw=False, autoLog=True, closeShape=True, color=method-wrapper(...), colorSpace=None, contrast=1.0, depth=0.0, fillColor='black', fillColorSpace='named', fillRGB=array([0., 0., 0.]), interpolate=True, lineColor='black', lineColorSpace='named', lineRGB=array([0., 0., 0.]), lineWidth=1, name='fixation10', opacity=1.0, ori=array(0.), pos=array([0., 0.]), size=array([1., 1.]), units='norm', vertices=ndarray(...), win=Window(...))
8.0547 	EXP 	Created fixationImage10 = ImageStim(__class__=<class 'psychopy.visual.image.ImageStim'>, autoLog=True, color=array([1., 1., 1.]), colorSpace='rgb', contrast=1.0, depth=-1.0, flipHoriz=False, flipVert=False, image='./stimuli/images/fix.bmp', interpolate=True, mask=None, maskParams=None, name='fixationImage10', opacity=1.0, ori=0.0, pos=array([0., 0.]), size=array([1., 1.]), texRes=128, units='norm', win=Window(...))
8.0757 	EXP 	Created text = TextStim(__class__=<class 'psychopy.visual.text.TextStim'>, alignHoriz='center', alignVert='center', antialias=True, autoLog=True, bold=False, color='white', colorSpace='named', contrast=1.0, depth=-3.0, flipHoriz=False, flipVert=False, font='Arial', fontFiles=[], height=0.3, italic=False, languageStyle='LTR', name='text', opacity=1.0, ori=0, pos=array([ 0. , -0.7]), rgb=array([255., 255., 255.]), text='3 . . .', units='norm', win=Window(...), wrapWidth=1)
8.0844 	EXP 	Created text_2 = TextStim(__class__=<class 'psychopy.visual.text.TextStim'>, alignHoriz='center', alignVert='center', antialias=True, autoLog=True, bold=False, color='white', colorSpace='named', contrast=1.0, depth=-4.0, flipHoriz=False, flipVert=False, font='Arial', fontFiles=[], height=0.3, italic=False, languageStyle='LTR', name='text_2', opacity=1.0, ori=0, pos=array([ 0. , -0.7]), rgb=array([255., 255., 255.]), text='2 . .', units='norm', win=Window(...), wrapWidth=1)
8.0902 	EXP 	Created text_3 = TextStim(__class__=<class 'psychopy.visual.text.TextStim'>, alignHoriz='center', alignVert='center', antialias=True, autoLog=True, bold=False, color='white', colorSpace='named', contrast=1.0, depth=-5.0, flipHoriz=False, flipVert=False, font='Arial', fontFiles=[], height=0.3, italic=False, languageStyle='LTR', name='text_3', opacity=1.0, ori=0, pos=array([ 0. , -0.7]), rgb=array([255., 255., 255.]), text='1 .', units='norm', win=Window(...), wrapWidth=1)
8.0909 	EXP 	Created blackProc = Rect(__class__=<class 'psychopy.visual.rect.Rect'>, autoDraw=False, autoLog=True, closeShape=True, color=method-wrapper(...), colorSpace=None, contrast=1.0, depth=-1.0, fillColor='black', fillColorSpace='named', fillRGB=array([0., 0., 0.]), interpolate=True, lineColor='black', lineColorSpace='named', lineRGB=array([0., 0., 0.]), lineWidth=1, name='blackProc', opacity=1.0, ori=array(0.), pos=array([0., 0.]), size=array([1., 1.]), units='norm', vertices=ndarray(...), win=Window(...))
8.0917 	EXP 	Created greenProc = Rect(__class__=<class 'psychopy.visual.rect.Rect'>, autoDraw=False, autoLog=True, closeShape=True, color=method-wrapper(...), colorSpace=None, contrast=1.0, depth=-2.0, fillColor='green', fillColorSpace='named', fillRGB=array([  0., 128.,   0.]), interpolate=True, lineColor='green', lineColorSpace='named', lineRGB=array([  0., 128.,   0.]), lineWidth=1, name='greenProc', opacity=1.0, ori=array(0.), pos=array([0., 0.]), size=array([1., 1.]), units='norm', vertices=ndarray(...), win=Window(...))
8.1161 	EXP 	Created ProcTarget = ImageStim(__class__=<class 'psychopy.visual.image.ImageStim'>, autoLog=True, color=array([1., 1., 1.]), colorSpace='rgb', contrast=1.0, depth=-3.0, flipHoriz=False, flipVert=False, image='sin', interpolate=True, mask=None, maskParams=None, name='ProcTarget', opacity=1.0, ori=0.0, pos=array([-0.4,  0. ]), size=array([1., 1.]), texRes=128, units='norm', win=Window(...))
8.1179 	EXP 	Created ProcPicture = ImageStim(__class__=<class 'psychopy.visual.image.ImageStim'>, autoLog=True, color=array([1., 1., 1.]), colorSpace='rgb', contrast=1.0, depth=-4.0, flipHoriz=False, flipVert=False, image='sin', interpolate=True, mask=None, maskParams=None, name='ProcPicture', opacity=1.0, ori=0.0, pos=array([0.4, 0. ]), size=array([1., 1.]), texRes=128, units='norm', win=Window(...))
8.1185 	EXP 	Created blackWaitInterTrial = Rect(__class__=<class 'psychopy.visual.rect.Rect'>, autoDraw=False, autoLog=True, closeShape=True, color=method-wrapper(...), colorSpace=None, contrast=1.0, depth=-1.0, fillColor='black', fillColorSpace='named', fillRGB=array([0., 0., 0.]), interpolate=True, lineColor='black', lineColorSpace='named', lineRGB=array([0., 0., 0.]), lineWidth=1, name='blackWaitInterTrial', opacity=1.0, ori=array(0.), pos=array([0., 0.]), size=array([1., 1.]), units='norm', vertices=ndarray(...), win=Window(...))
8.1246 	EXP 	Created whiteWaitInterTrial = ImageStim(__class__=<class 'psychopy.visual.image.ImageStim'>, autoLog=True, color=array([1., 1., 1.]), colorSpace='rgb', contrast=1.0, depth=-2.0, flipHoriz=False, flipVert=False, image='./stimuli/images/blank.bmp', interpolate=True, mask=None, maskParams=None, name='whiteWaitInterTrial', opacity=1.0, ori=0.0, pos=array([0., 0.]), size=array([1., 1.]), texRes=128, units='norm', win=Window(...))
8.1253 	EXP 	Created blackTrial = Rect(__class__=<class 'psychopy.visual.rect.Rect'>, autoDraw=False, autoLog=True, closeShape=True, color=method-wrapper(...), colorSpace=None, contrast=1.0, depth=-1.0, fillColor='black', fillColorSpace='named', fillRGB=array([0., 0., 0.]), interpolate=True, lineColor='black', lineColorSpace='named', lineRGB=array([0., 0., 0.]), lineWidth=1, name='blackTrial', opacity=1.0, ori=array(0.), pos=array([0., 0.]), size=array([1., 1.]), units='norm', vertices=ndarray(...), win=Window(...))
8.1260 	EXP 	Created whiteTrial = Rect(__class__=<class 'psychopy.visual.rect.Rect'>, autoDraw=False, autoLog=True, closeShape=True, color=method-wrapper(...), colorSpace=None, contrast=1.0, depth=-2.0, fillColor='white', fillColorSpace='named', fillRGB=array([255., 255., 255.]), interpolate=True, lineColor='white', lineColorSpace='named', lineRGB=array([255., 255., 255.]), lineWidth=1, name='whiteTrial', opacity=1.0, ori=array(0.), pos=array([0., 0.]), size=array([1., 1.]), units='norm', vertices=ndarray(...), win=Window(...))
8.1310 	EXP 	Created TrialPicture = ImageStim(__class__=<class 'psychopy.visual.image.ImageStim'>, autoLog=True, color=array([1., 1., 1.]), colorSpace='rgb', contrast=1.0, depth=-3.0, flipHoriz=False, flipVert=False, image='sin', interpolate=True, mask=None, maskParams=None, name='TrialPicture', opacity=1.0, ori=0.0, pos=array([0., 0.]), size=array([1., 1.]), texRes=128, units='norm', win=Window(...))
8.1316 	EXP 	Created blackWaitInterTrial_2 = Rect(__class__=<class 'psychopy.visual.rect.Rect'>, autoDraw=False, autoLog=True, closeShape=True, color=method-wrapper(...), colorSpace=None, contrast=1.0, depth=0.0, fillColor='black', fillColorSpace='named', fillRGB=array([0., 0., 0.]), interpolate=True, lineColor='black', lineColorSpace='named', lineRGB=array([0., 0., 0.]), lineWidth=1, name='blackWaitInterTrial_2', opacity=1.0, ori=array(0.), pos=array([0., 0.]), size=array([1., 1.]), units='norm', vertices=ndarray(...), win=Window(...))
8.1384 	EXP 	Created whiteWaitInterTrial_2 = ImageStim(__class__=<class 'psychopy.visual.image.ImageStim'>, autoLog=True, color=array([1., 1., 1.]), colorSpace='rgb', contrast=1.0, depth=-1.0, flipHoriz=False, flipVert=False, image='./stimuli/images/blank.bmp', interpolate=True, mask=None, maskParams=None, name='whiteWaitInterTrial_2', opacity=1.0, ori=0.0, pos=array([0., 0.]), size=array([1., 1.]), texRes=128, units='norm', win=Window(...))
8.1390 	EXP 	Created fixation = Rect(__class__=<class 'psychopy.visual.rect.Rect'>, autoDraw=False, autoLog=True, closeShape=True, color=method-wrapper(...), colorSpace=None, contrast=1.0, depth=0.0, fillColor='black', fillColorSpace='named', fillRGB=array([0., 0., 0.]), interpolate=True, lineColor='black', lineColorSpace='named', lineRGB=array([0., 0., 0.]), lineWidth=1, name='fixation', opacity=1.0, ori=array(0.), pos=array([0., 0.]), size=array([1., 1.]), units='norm', vertices=ndarray(...), win=Window(...))
8.1449 	EXP 	Created fixationImage = ImageStim(__class__=<class 'psychopy.visual.image.ImageStim'>, autoLog=True, color=array([1., 1., 1.]), colorSpace='rgb', contrast=1.0, depth=-1.0, flipHoriz=False, flipVert=False, image='./stimuli/images/fix.bmp', interpolate=True, mask=None, maskParams=None, name='fixationImage', opacity=1.0, ori=0.0, pos=array([0., 0.]), size=array([1., 1.]), texRes=128, units='norm', win=Window(...))
8.1455 	EXP 	Created polygon_end = Rect(__class__=<class 'psychopy.visual.rect.Rect'>, autoDraw=False, autoLog=True, closeShape=True, color=method-wrapper(...), colorSpace=None, contrast=1.0, depth=0.0, fillColor='black', fillColorSpace='named', fillRGB=array([0., 0., 0.]), interpolate=True, lineColor='black', lineColorSpace='named', lineRGB=array([0., 0., 0.]), lineWidth=1, name='polygon_end', opacity=1.0, ori=array(0.), pos=array([0., 0.]), size=array([1., 1.]), units='norm', vertices=ndarray(...), win=Window(...))
8.1641 	EXP 	Created end_text = TextStim(__class__=<class 'psychopy.visual.text.TextStim'>, alignHoriz='center', alignVert='center', antialias=True, autoLog=True, bold=False, color='white', colorSpace='named', contrast=1.0, depth=-1.0, flipHoriz=False, flipVert=False, font='Arial', fontFiles=[], height=0.1, italic=False, languageStyle='LTR', name='end_text', opacity=1.0, ori=0, pos=array([0., 0.]), rgb=array([255., 255., 255.]), text='That completes Round 1 of the task', units='norm', win=Window(...), wrapWidth=1)
8.1647 	EXP 	Created polygon_15 = Rect(__class__=<class 'psychopy.visual.rect.Rect'>, autoDraw=False, autoLog=True, closeShape=True, color=method-wrapper(...), colorSpace=None, contrast=1.0, depth=0.0, fillColor='black', fillColorSpace='named', fillRGB=array([0., 0., 0.]), interpolate=True, lineColor='black', lineColorSpace='named', lineRGB=array([0., 0., 0.]), lineWidth=1, name='polygon_15', opacity=1.0, ori=array(0.), pos=array([0., 0.]), size=array([1., 1.]), units='norm', vertices=ndarray(...), win=Window(...))
8.2111 	EXP 	Created descriptionText_15 = TextStim(__class__=<class 'psychopy.visual.text.TextStim'>, alignHoriz='center', alignVert='center', antialias=True, autoLog=True, bold=False, color='white', colorSpace='named', contrast=1.0, depth=-1.0, flipHoriz=False, flipVert=False, font='Arial', fontFiles=[], height=0.09, italic=False, languageStyle='LTR', name='descriptionText_15', opacity=1.0, ori=0, pos=array([0., 0.]), rgb=array([255., 255., 255.]), text=str(...), units='norm', win=Window(...), wrapWidth=1)
8.2117 	EXP 	Created fixation10 = Rect(__class__=<class 'psychopy.visual.rect.Rect'>, autoDraw=False, autoLog=True, closeShape=True, color=method-wrapper(...), colorSpace=None, contrast=1.0, depth=0.0, fillColor='black', fillColorSpace='named', fillRGB=array([0., 0., 0.]), interpolate=True, lineColor='black', lineColorSpace='named', lineRGB=array([0., 0., 0.]), lineWidth=1, name='fixation10', opacity=1.0, ori=array(0.), pos=array([0., 0.]), size=array([1., 1.]), units='norm', vertices=ndarray(...), win=Window(...))
8.2791 	EXP 	Created fixationImage10 = ImageStim(__class__=<class 'psychopy.visual.image.ImageStim'>, autoLog=True, color=array([1., 1., 1.]), colorSpace='rgb', contrast=1.0, depth=-1.0, flipHoriz=False, flipVert=False, image='./stimuli/images/fix.bmp', interpolate=True, mask=None, maskParams=None, name='fixationImage10', opacity=1.0, ori=0.0, pos=array([0., 0.]), size=array([1., 1.]), texRes=128, units='norm', win=Window(...))
8.2819 	EXP 	Created text = TextStim(__class__=<class 'psychopy.visual.text.TextStim'>, alignHoriz='center', alignVert='center', antialias=True, autoLog=True, bold=False, color='white', colorSpace='named', contrast=1.0, depth=-3.0, flipHoriz=False, flipVert=False, font='Arial', fontFiles=[], height=0.3, italic=False, languageStyle='LTR', name='text', opacity=1.0, ori=0, pos=array([ 0. , -0.7]), rgb=array([255., 255., 255.]), text='3 . . .', units='norm', win=Window(...), wrapWidth=1)
8.2845 	EXP 	Created text_2 = TextStim(__class__=<class 'psychopy.visual.text.TextStim'>, alignHoriz='center', alignVert='center', antialias=True, autoLog=True, bold=False, color='white', colorSpace='named', contrast=1.0, depth=-4.0, flipHoriz=False, flipVert=False, font='Arial', fontFiles=[], height=0.3, italic=False, languageStyle='LTR', name='text_2', opacity=1.0, ori=0, pos=array([ 0. , -0.7]), rgb=array([255., 255., 255.]), text='2 . .', units='norm', win=Window(...), wrapWidth=1)
8.2869 	EXP 	Created text_3 = TextStim(__class__=<class 'psychopy.visual.text.TextStim'>, alignHoriz='center', alignVert='center', antialias=True, autoLog=True, bold=False, color='white', colorSpace='named', contrast=1.0, depth=-5.0, flipHoriz=False, flipVert=False, font='Arial', fontFiles=[], height=0.3, italic=False, languageStyle='LTR', name='text_3', opacity=1.0, ori=0, pos=array([ 0. , -0.7]), rgb=array([255., 255., 255.]), text='1 .', units='norm', win=Window(...), wrapWidth=1)
8.2875 	EXP 	Created blackProc_2 = Rect(__class__=<class 'psychopy.visual.rect.Rect'>, autoDraw=False, autoLog=True, closeShape=True, color=method-wrapper(...), colorSpace=None, contrast=1.0, depth=-1.0, fillColor='black', fillColorSpace='named', fillRGB=array([0., 0., 0.]), interpolate=True, lineColor='black', lineColorSpace='named', lineRGB=array([0., 0., 0.]), lineWidth=1, name='blackProc_2', opacity=1.0, ori=array(0.), pos=array([0., 0.]), size=array([1., 1.]), units='norm', vertices=ndarray(...), win=Window(...))
8.2881 	EXP 	Created greenProc_2 = Rect(__class__=<class 'psychopy.visual.rect.Rect'>, autoDraw=False, autoLog=True, closeShape=True, color=method-wrapper(...), colorSpace=None, contrast=1.0, depth=-2.0, fillColor='green', fillColorSpace='named', fillRGB=array([  0., 128.,   0.]), interpolate=True, lineColor='green', lineColorSpace='named', lineRGB=array([  0., 128.,   0.]), lineWidth=1, name='greenProc_2', opacity=1.0, ori=array(0.), pos=array([0., 0.]), size=array([1., 1.]), units='norm', vertices=ndarray(...), win=Window(...))
8.2900 	EXP 	Created ProcTarget_2 = ImageStim(__class__=<class 'psychopy.visual.image.ImageStim'>, autoLog=True, color=array([1., 1., 1.]), colorSpace='rgb', contrast=1.0, depth=-3.0, flipHoriz=False, flipVert=False, image='sin', interpolate=True, mask=None, maskParams=None, name='ProcTarget_2', opacity=1.0, ori=0.0, pos=array([-0.4,  0. ]), size=array([1., 1.]), texRes=128, units='norm', win=Window(...))
8.2917 	EXP 	Created ProcPicture_2 = ImageStim(__class__=<class 'psychopy.visual.image.ImageStim'>, autoLog=True, color=array([1., 1., 1.]), colorSpace='rgb', contrast=1.0, depth=-4.0, flipHoriz=False, flipVert=False, image='sin', interpolate=True, mask=None, maskParams=None, name='ProcPicture_2', opacity=1.0, ori=0.0, pos=array([0.4, 0. ]), size=array([1., 1.]), texRes=128, units='norm', win=Window(...))
8.2923 	EXP 	Created blackWaitInterTrial_3 = Rect(__class__=<class 'psychopy.visual.rect.Rect'>, autoDraw=False, autoLog=True, closeShape=True, color=method-wrapper(...), colorSpace=None, contrast=1.0, depth=-1.0, fillColor='black', fillColorSpace='named', fillRGB=array([0., 0., 0.]), interpolate=True, lineColor='black', lineColorSpace='named', lineRGB=array([0., 0., 0.]), lineWidth=1, name='blackWaitInterTrial_3', opacity=1.0, ori=array(0.), pos=array([0., 0.]), size=array([1., 1.]), units='norm', vertices=ndarray(...), win=Window(...))
8.2980 	EXP 	Created whiteWaitInterTrial_3 = ImageStim(__class__=<class 'psychopy.visual.image.ImageStim'>, autoLog=True, color=array([1., 1., 1.]), colorSpace='rgb', contrast=1.0, depth=-2.0, flipHoriz=False, flipVert=False, image='./stimuli/images/blank.bmp', interpolate=True, mask=None, maskParams=None, name='whiteWaitInterTrial_3', opacity=1.0, ori=0.0, pos=array([0., 0.]), size=array([1., 1.]), texRes=128, units='norm', win=Window(...))
8.2986 	EXP 	Created blackTrial_2 = Rect(__class__=<class 'psychopy.visual.rect.Rect'>, autoDraw=False, autoLog=True, closeShape=True, color=method-wrapper(...), colorSpace=None, contrast=1.0, depth=-1.0, fillColor='black', fillColorSpace='named', fillRGB=array([0., 0., 0.]), interpolate=True, lineColor='black', lineColorSpace='named', lineRGB=array([0., 0., 0.]), lineWidth=1, name='blackTrial_2', opacity=1.0, ori=array(0.), pos=array([0., 0.]), size=array([1., 1.]), units='norm', vertices=ndarray(...), win=Window(...))
8.2991 	EXP 	Created whiteTrial_2 = Rect(__class__=<class 'psychopy.visual.rect.Rect'>, autoDraw=False, autoLog=True, closeShape=True, color=method-wrapper(...), colorSpace=None, contrast=1.0, depth=-2.0, fillColor='white', fillColorSpace='named', fillRGB=array([255., 255., 255.]), interpolate=True, lineColor='white', lineColorSpace='named', lineRGB=array([255., 255., 255.]), lineWidth=1, name='whiteTrial_2', opacity=1.0, ori=array(0.), pos=array([0., 0.]), size=array([1., 1.]), units='norm', vertices=ndarray(...), win=Window(...))
8.3008 	EXP 	Created TrialPicture_2 = ImageStim(__class__=<class 'psychopy.visual.image.ImageStim'>, autoLog=True, color=array([1., 1., 1.]), colorSpace='rgb', contrast=1.0, depth=-3.0, flipHoriz=False, flipVert=False, image='sin', interpolate=True, mask=None, maskParams=None, name='TrialPicture_2', opacity=1.0, ori=0.0, pos=array([0., 0.]), size=array([1., 1.]), texRes=128, units='norm', win=Window(...))
8.3013 	EXP 	Created blackWaitInterTrial_4 = Rect(__class__=<class 'psychopy.visual.rect.Rect'>, autoDraw=False, autoLog=True, closeShape=True, color=method-wrapper(...), colorSpace=None, contrast=1.0, depth=0.0, fillColor='black', fillColorSpace='named', fillRGB=array([0., 0., 0.]), interpolate=True, lineColor='black', lineColorSpace='named', lineRGB=array([0., 0., 0.]), lineWidth=1, name='blackWaitInterTrial_4', opacity=1.0, ori=array(0.), pos=array([0., 0.]), size=array([1., 1.]), units='norm', vertices=ndarray(...), win=Window(...))
8.3079 	EXP 	Created whiteWaitInterTrial_4 = ImageStim(__class__=<class 'psychopy.visual.image.ImageStim'>, autoLog=True, color=array([1., 1., 1.]), colorSpace='rgb', contrast=1.0, depth=-1.0, flipHoriz=False, flipVert=False, image='./stimuli/images/blank.bmp', interpolate=True, mask=None, maskParams=None, name='whiteWaitInterTrial_4', opacity=1.0, ori=0.0, pos=array([0., 0.]), size=array([1., 1.]), texRes=128, units='norm', win=Window(...))
8.3086 	EXP 	Created fixation_2 = Rect(__class__=<class 'psychopy.visual.rect.Rect'>, autoDraw=False, autoLog=True, closeShape=True, color=method-wrapper(...), colorSpace=None, contrast=1.0, depth=0.0, fillColor='black', fillColorSpace='named', fillRGB=array([0., 0., 0.]), interpolate=True, lineColor='black', lineColorSpace='named', lineRGB=array([0., 0., 0.]), lineWidth=1, name='fixation_2', opacity=1.0, ori=array(0.), pos=array([0., 0.]), size=array([1., 1.]), units='norm', vertices=ndarray(...), win=Window(...))
8.3143 	EXP 	Created fixationImage_2 = ImageStim(__class__=<class 'psychopy.visual.image.ImageStim'>, autoLog=True, color=array([1., 1., 1.]), colorSpace='rgb', contrast=1.0, depth=-1.0, flipHoriz=False, flipVert=False, image='./stimuli/images/fix.bmp', interpolate=True, mask=None, maskParams=None, name='fixationImage_2', opacity=1.0, ori=0.0, pos=array([0., 0.]), size=array([1., 1.]), texRes=128, units='norm', win=Window(...))
8.3148 	EXP 	Created polygon_end_2 = Rect(__class__=<class 'psychopy.visual.rect.Rect'>, autoDraw=False, autoLog=True, closeShape=True, color=method-wrapper(...), colorSpace=None, contrast=1.0, depth=0.0, fillColor='black', fillColorSpace='named', fillRGB=array([0., 0., 0.]), interpolate=True, lineColor='black', lineColorSpace='named', lineRGB=array([0., 0., 0.]), lineWidth=1, name='polygon_end_2', opacity=1.0, ori=array(0.), pos=array([0., 0.]), size=array([1., 1.]), units='norm', vertices=ndarray(...), win=Window(...))
8.3281 	EXP 	Created end_text_2 = TextStim(__class__=<class 'psychopy.visual.text.TextStim'>, alignHoriz='center', alignVert='center', antialias=True, autoLog=True, bold=False, color='white', colorSpace='named', contrast=1.0, depth=-1.0, flipHoriz=False, flipVert=False, font='Arial', fontFiles=[], height=0.1, italic=False, languageStyle='LTR', name='end_text_2', opacity=1.0, ori=0, pos=array([0., 0.]), rgb=array([255., 255., 255.]), text='Thank you for your participation!', units='norm', win=Window(...), wrapWidth=1)
8.9505 	EXP 	polygon_12: autoDraw = True
8.9505 	EXP 	descriptionText_12: autoDraw = True
10.2945 	DATA 	Mouse: Left button down, pos=(136,258)
10.4092 	DATA 	Mouse:  Left button up, pos=(136,259)
10.9795 	DATA 	Keypress: space
10.9943 	EXP 	polygon_12: autoDraw = False
10.9943 	EXP 	descriptionText_12: autoDraw = False
10.9943 	EXP 	fixationImage10: size = array([0.75, 1.  ])
10.9943 	EXP 	fixation10: autoDraw = True
10.9943 	EXP 	fixationImage10: autoDraw = True
18.0007 	EXP 	text: autoDraw = True
19.0040 	EXP 	text: autoDraw = False
19.0040 	EXP 	text_2: autoDraw = True
20.0031 	EXP 	text_2: autoDraw = False
20.0031 	EXP 	text_3: autoDraw = True
20.9711 	EXP 	Created sequence: sequential, trialTypes=1, nReps=1, seed=None
20.9713 	EXP 	New trial (rep=0, index=0): None
20.9998 	EXP 	fixation10: autoDraw = False
20.9998 	EXP 	fixationImage10: autoDraw = False
20.9998 	EXP 	text_3: autoDraw = False
20.9998 	EXP 	fixation10: autoDraw = False
20.9998 	EXP 	fixationImage10: autoDraw = False
20.9998 	EXP 	text: autoDraw = False
20.9998 	EXP 	text_2: autoDraw = False
20.9998 	EXP 	text_3: autoDraw = False
20.9998 	EXP 	greenProc: size = array([1.6, 1.2])
20.9998 	EXP 	ProcTarget: size = array([0.75, 1.  ])
20.9998 	EXP 	ProcTarget: image = './stimuli/images/070.bmp'
20.9998 	EXP 	ProcPicture: size = array([0.75, 1.  ])
20.9998 	EXP 	ProcPicture: image = './stimuli/images/208.bmp'
20.9998 	EXP 	blackProc: autoDraw = True
20.9998 	EXP 	greenProc: autoDraw = True
20.9998 	EXP 	ProcTarget: autoDraw = True
20.9998 	EXP 	ProcPicture: autoDraw = True
21.6110 	DATA 	Mouse: Left button down, pos=(262,599)
21.7051 	DATA 	Mouse:  Left button up, pos=(262,599)
24.4908 	EXP 	blackProc: autoDraw = False
24.4908 	EXP 	greenProc: autoDraw = False
24.4908 	EXP 	ProcTarget: autoDraw = False
24.4908 	EXP 	ProcPicture: autoDraw = False
24.4908 	EXP 	blackProc: autoDraw = False
24.4908 	EXP 	greenProc: autoDraw = False
24.4908 	EXP 	ProcTarget: autoDraw = False
24.4908 	EXP 	ProcPicture: autoDraw = False
24.4908 	EXP 	whiteWaitInterTrial: size = array([0.75, 1.  ])
24.4908 	EXP 	blackWaitInterTrial: autoDraw = True
24.4908 	EXP 	whiteWaitInterTrial: autoDraw = True
25.9770 	EXP 	Created sequence: sequential, trialTypes=1, nReps=12, seed=None
25.9772 	EXP 	New trial (rep=0, index=0): None
25.9984 	EXP 	blackWaitInterTrial: autoDraw = False
25.9984 	EXP 	whiteWaitInterTrial: autoDraw = False
25.9984 	EXP 	blackWaitInterTrial: autoDraw = False
25.9984 	EXP 	whiteWaitInterTrial: autoDraw = False
25.9984 	EXP 	TrialPicture: size = array([0.75, 1.  ])
25.9984 	EXP 	TrialPicture: image = './stimuli/images/015.bmp'
25.9984 	EXP 	blackTrial: autoDraw = True
25.9984 	EXP 	whiteTrial: autoDraw = True
25.9984 	EXP 	TrialPicture: autoDraw = True
26.6772 	DATA 	Keypress: a
26.9930 	EXP 	blackTrial: autoDraw = False
26.9930 	EXP 	whiteTrial: autoDraw = False
26.9930 	EXP 	TrialPicture: autoDraw = False
26.9930 	EXP 	blackTrial: autoDraw = False
26.9930 	EXP 	whiteTrial: autoDraw = False
26.9930 	EXP 	TrialPicture: autoDraw = False
26.9930 	EXP 	whiteWaitInterTrial_2: size = array([0.75, 1.  ])
26.9930 	EXP 	blackWaitInterTrial_2: autoDraw = True
26.9930 	EXP 	whiteWaitInterTrial_2: autoDraw = True
28.7779 	EXP 	New trial (rep=1, index=0): None
28.7946 	EXP 	blackWaitInterTrial_2: autoDraw = False
28.7946 	EXP 	whiteWaitInterTrial_2: autoDraw = False
28.7946 	EXP 	blackWaitInterTrial_2: autoDraw = False
28.7946 	EXP 	whiteWaitInterTrial_2: autoDraw = False
28.7946 	EXP 	TrialPicture: size = array([0.75, 1.  ])
28.7946 	EXP 	TrialPicture: image = './stimuli/images/208.bmp'
28.7946 	EXP 	blackTrial: autoDraw = True
28.7946 	EXP 	whiteTrial: autoDraw = True
28.7946 	EXP 	TrialPicture: autoDraw = True
29.3287 	DATA 	Keypress: l
29.7956 	EXP 	blackTrial: autoDraw = False
29.7956 	EXP 	whiteTrial: autoDraw = False
29.7956 	EXP 	TrialPicture: autoDraw = False
29.7956 	EXP 	blackTrial: autoDraw = False
29.7956 	EXP 	whiteTrial: autoDraw = False
29.7956 	EXP 	TrialPicture: autoDraw = False
29.7956 	EXP 	whiteWaitInterTrial_2: size = array([0.75, 1.  ])
29.7956 	EXP 	blackWaitInterTrial_2: autoDraw = True
29.7956 	EXP 	whiteWaitInterTrial_2: autoDraw = True
31.4819 	EXP 	New trial (rep=2, index=0): None
31.4970 	EXP 	blackWaitInterTrial_2: autoDraw = False
31.4970 	EXP 	whiteWaitInterTrial_2: autoDraw = False
31.4970 	EXP 	blackWaitInterTrial_2: autoDraw = False
31.4970 	EXP 	whiteWaitInterTrial_2: autoDraw = False
31.4970 	EXP 	TrialPicture: size = array([0.75, 1.  ])
31.4970 	EXP 	TrialPicture: image = './stimuli/images/070.bmp'
31.4970 	EXP 	blackTrial: autoDraw = True
31.4970 	EXP 	whiteTrial: autoDraw = True
31.4970 	EXP 	TrialPicture: autoDraw = True
31.9474 	DATA 	Keypress: a
32.4988 	EXP 	blackTrial: autoDraw = False
32.4988 	EXP 	whiteTrial: autoDraw = False
32.4988 	EXP 	TrialPicture: autoDraw = False
32.4988 	EXP 	blackTrial: autoDraw = False
32.4988 	EXP 	whiteTrial: autoDraw = False
32.4988 	EXP 	TrialPicture: autoDraw = False
32.4988 	EXP 	whiteWaitInterTrial_2: size = array([0.75, 1.  ])
32.4988 	EXP 	blackWaitInterTrial_2: autoDraw = True
32.4988 	EXP 	whiteWaitInterTrial_2: autoDraw = True
34.1831 	EXP 	New trial (rep=3, index=0): None
34.2480 	EXP 	blackWaitInterTrial_2: autoDraw = False
34.2480 	EXP 	whiteWaitInterTrial_2: autoDraw = False
34.2480 	EXP 	blackWaitInterTrial_2: autoDraw = False
34.2480 	EXP 	whiteWaitInterTrial_2: autoDraw = False
34.2480 	EXP 	TrialPicture: size = array([0.75, 1.  ])
34.2480 	EXP 	TrialPicture: image = './stimuli/images/015.bmp'
34.2480 	EXP 	blackTrial: autoDraw = True
34.2480 	EXP 	whiteTrial: autoDraw = True
34.2480 	EXP 	TrialPicture: autoDraw = True
34.7675 	DATA 	Keypress: a
35.2001 	EXP 	blackTrial: autoDraw = False
35.2001 	EXP 	whiteTrial: autoDraw = False
35.2001 	EXP 	TrialPicture: autoDraw = False
35.2001 	EXP 	blackTrial: autoDraw = False
35.2001 	EXP 	whiteTrial: autoDraw = False
35.2001 	EXP 	TrialPicture: autoDraw = False
35.2001 	EXP 	whiteWaitInterTrial_2: size = array([0.75, 1.  ])
35.2001 	EXP 	blackWaitInterTrial_2: autoDraw = True
35.2001 	EXP 	whiteWaitInterTrial_2: autoDraw = True
36.8849 	EXP 	New trial (rep=4, index=0): None
36.9027 	EXP 	blackWaitInterTrial_2: autoDraw = False
36.9027 	EXP 	whiteWaitInterTrial_2: autoDraw = False
36.9027 	EXP 	blackWaitInterTrial_2: autoDraw = False
36.9027 	EXP 	whiteWaitInterTrial_2: autoDraw = False
36.9027 	EXP 	TrialPicture: size = array([0.75, 1.  ])
36.9027 	EXP 	TrialPicture: image = './stimuli/images/208.bmp'
36.9027 	EXP 	blackTrial: autoDraw = True
36.9027 	EXP 	whiteTrial: autoDraw = True
36.9027 	EXP 	TrialPicture: autoDraw = True
37.3199 	DATA 	Keypress: a
37.9025 	EXP 	blackTrial: autoDraw = False
37.9025 	EXP 	whiteTrial: autoDraw = False
37.9025 	EXP 	TrialPicture: autoDraw = False
37.9025 	EXP 	blackTrial: autoDraw = False
37.9025 	EXP 	whiteTrial: autoDraw = False
37.9025 	EXP 	TrialPicture: autoDraw = False
37.9025 	EXP 	whiteWaitInterTrial_2: size = array([0.75, 1.  ])
37.9025 	EXP 	blackWaitInterTrial_2: autoDraw = True
37.9025 	EXP 	whiteWaitInterTrial_2: autoDraw = True
39.6879 	EXP 	New trial (rep=5, index=0): None
39.7040 	EXP 	blackWaitInterTrial_2: autoDraw = False
39.7040 	EXP 	whiteWaitInterTrial_2: autoDraw = False
39.7040 	EXP 	blackWaitInterTrial_2: autoDraw = False
39.7040 	EXP 	whiteWaitInterTrial_2: autoDraw = False
39.7040 	EXP 	TrialPicture: size = array([0.75, 1.  ])
39.7040 	EXP 	TrialPicture: image = './stimuli/images/070.bmp'
39.7040 	EXP 	blackTrial: autoDraw = True
39.7040 	EXP 	whiteTrial: autoDraw = True
39.7040 	EXP 	TrialPicture: autoDraw = True
40.0710 	DATA 	Keypress: a
40.7048 	EXP 	blackTrial: autoDraw = False
40.7048 	EXP 	whiteTrial: autoDraw = False
40.7048 	EXP 	TrialPicture: autoDraw = False
40.7048 	EXP 	blackTrial: autoDraw = False
40.7048 	EXP 	whiteTrial: autoDraw = False
40.7048 	EXP 	TrialPicture: autoDraw = False
40.7048 	EXP 	whiteWaitInterTrial_2: size = array([0.75, 1.  ])
40.7048 	EXP 	blackWaitInterTrial_2: autoDraw = True
40.7048 	EXP 	whiteWaitInterTrial_2: autoDraw = True
42.4907 	EXP 	New trial (rep=6, index=0): None
42.5071 	EXP 	blackWaitInterTrial_2: autoDraw = False
42.5071 	EXP 	whiteWaitInterTrial_2: autoDraw = False
42.5071 	EXP 	blackWaitInterTrial_2: autoDraw = False
42.5071 	EXP 	whiteWaitInterTrial_2: autoDraw = False
42.5071 	EXP 	TrialPicture: size = array([0.75, 1.  ])
42.5071 	EXP 	TrialPicture: image = './stimuli/images/081.bmp'
42.5071 	EXP 	blackTrial: autoDraw = True
42.5071 	EXP 	whiteTrial: autoDraw = True
42.5071 	EXP 	TrialPicture: autoDraw = True
42.8908 	DATA 	Keypress: a
43.5082 	EXP 	blackTrial: autoDraw = False
43.5082 	EXP 	whiteTrial: autoDraw = False
43.5082 	EXP 	TrialPicture: autoDraw = False
43.5082 	EXP 	blackTrial: autoDraw = False
43.5082 	EXP 	whiteTrial: autoDraw = False
43.5082 	EXP 	TrialPicture: autoDraw = False
43.5082 	EXP 	whiteWaitInterTrial_2: size = array([0.75, 1.  ])
43.5082 	EXP 	blackWaitInterTrial_2: autoDraw = True
43.5082 	EXP 	whiteWaitInterTrial_2: autoDraw = True
45.0922 	EXP 	New trial (rep=7, index=0): None
45.1088 	EXP 	blackWaitInterTrial_2: autoDraw = False
45.1088 	EXP 	whiteWaitInterTrial_2: autoDraw = False
45.1088 	EXP 	blackWaitInterTrial_2: autoDraw = False
45.1088 	EXP 	whiteWaitInterTrial_2: autoDraw = False
45.1088 	EXP 	TrialPicture: size = array([0.75, 1.  ])
45.1088 	EXP 	TrialPicture: image = './stimuli/images/015.bmp'
45.1088 	EXP 	blackTrial: autoDraw = True
45.1088 	EXP 	whiteTrial: autoDraw = True
45.1088 	EXP 	TrialPicture: autoDraw = True
45.5591 	DATA 	Keypress: a
46.1095 	EXP 	blackTrial: autoDraw = False
46.1095 	EXP 	whiteTrial: autoDraw = False
46.1095 	EXP 	TrialPicture: autoDraw = False
46.1095 	EXP 	blackTrial: autoDraw = False
46.1095 	EXP 	whiteTrial: autoDraw = False
46.1095 	EXP 	TrialPicture: autoDraw = False
46.1095 	EXP 	whiteWaitInterTrial_2: size = array([0.75, 1.  ])
46.1095 	EXP 	blackWaitInterTrial_2: autoDraw = True
46.1095 	EXP 	whiteWaitInterTrial_2: autoDraw = True
47.8952 	EXP 	New trial (rep=8, index=0): None
47.9120 	EXP 	blackWaitInterTrial_2: autoDraw = False
47.9120 	EXP 	whiteWaitInterTrial_2: autoDraw = False
47.9120 	EXP 	blackWaitInterTrial_2: autoDraw = False
47.9120 	EXP 	whiteWaitInterTrial_2: autoDraw = False
47.9120 	EXP 	TrialPicture: size = array([0.75, 1.  ])
47.9120 	EXP 	TrialPicture: image = './stimuli/images/081.bmp'
47.9120 	EXP 	blackTrial: autoDraw = True
47.9120 	EXP 	whiteTrial: autoDraw = True
47.9120 	EXP 	TrialPicture: autoDraw = True
48.3117 	DATA 	Keypress: a
48.9121 	EXP 	blackTrial: autoDraw = False
48.9121 	EXP 	whiteTrial: autoDraw = False
48.9121 	EXP 	TrialPicture: autoDraw = False
48.9121 	EXP 	blackTrial: autoDraw = False
48.9121 	EXP 	whiteTrial: autoDraw = False
48.9121 	EXP 	TrialPicture: autoDraw = False
48.9121 	EXP 	whiteWaitInterTrial_2: size = array([0.75, 1.  ])
48.9121 	EXP 	blackWaitInterTrial_2: autoDraw = True
48.9121 	EXP 	whiteWaitInterTrial_2: autoDraw = True
50.4969 	EXP 	New trial (rep=9, index=0): None
50.5135 	EXP 	blackWaitInterTrial_2: autoDraw = False
50.5135 	EXP 	whiteWaitInterTrial_2: autoDraw = False
50.5135 	EXP 	blackWaitInterTrial_2: autoDraw = False
50.5135 	EXP 	whiteWaitInterTrial_2: autoDraw = False
50.5135 	EXP 	TrialPicture: size = array([0.75, 1.  ])
50.5135 	EXP 	TrialPicture: image = './stimuli/images/070.bmp'
50.5135 	EXP 	blackTrial: autoDraw = True
50.5135 	EXP 	whiteTrial: autoDraw = True
50.5135 	EXP 	TrialPicture: autoDraw = True
51.0805 	DATA 	Keypress: a
51.5143 	EXP 	blackTrial: autoDraw = False
51.5143 	EXP 	whiteTrial: autoDraw = False
51.5143 	EXP 	TrialPicture: autoDraw = False
51.5143 	EXP 	blackTrial: autoDraw = False
51.5143 	EXP 	whiteTrial: autoDraw = False
51.5143 	EXP 	TrialPicture: autoDraw = False
51.5143 	EXP 	whiteWaitInterTrial_2: size = array([0.75, 1.  ])
51.5143 	EXP 	blackWaitInterTrial_2: autoDraw = True
51.5143 	EXP 	whiteWaitInterTrial_2: autoDraw = True
53.2001 	EXP 	New trial (rep=10, index=0): None
53.2160 	EXP 	blackWaitInterTrial_2: autoDraw = False
53.2160 	EXP 	whiteWaitInterTrial_2: autoDraw = False
53.2160 	EXP 	blackWaitInterTrial_2: autoDraw = False
53.2160 	EXP 	whiteWaitInterTrial_2: autoDraw = False
53.2160 	EXP 	TrialPicture: size = array([0.75, 1.  ])
53.2160 	EXP 	TrialPicture: image = './stimuli/images/081.bmp'
53.2160 	EXP 	blackTrial: autoDraw = True
53.2160 	EXP 	whiteTrial: autoDraw = True
53.2160 	EXP 	TrialPicture: autoDraw = True
53.8003 	DATA 	Keypress: a
54.2170 	EXP 	blackTrial: autoDraw = False
54.2170 	EXP 	whiteTrial: autoDraw = False
54.2170 	EXP 	TrialPicture: autoDraw = False
54.2170 	EXP 	blackTrial: autoDraw = False
54.2170 	EXP 	whiteTrial: autoDraw = False
54.2170 	EXP 	TrialPicture: autoDraw = False
54.2170 	EXP 	whiteWaitInterTrial_2: size = array([0.75, 1.  ])
54.2170 	EXP 	blackWaitInterTrial_2: autoDraw = True
54.2170 	EXP 	whiteWaitInterTrial_2: autoDraw = True
55.8013 	EXP 	New trial (rep=11, index=0): None
55.8183 	EXP 	blackWaitInterTrial_2: autoDraw = False
55.8183 	EXP 	whiteWaitInterTrial_2: autoDraw = False
55.8183 	EXP 	blackWaitInterTrial_2: autoDraw = False
55.8183 	EXP 	whiteWaitInterTrial_2: autoDraw = False
55.8183 	EXP 	TrialPicture: size = array([0.75, 1.  ])
55.8183 	EXP 	TrialPicture: image = './stimuli/images/081.bmp'
55.8183 	EXP 	blackTrial: autoDraw = True
55.8183 	EXP 	whiteTrial: autoDraw = True
55.8183 	EXP 	TrialPicture: autoDraw = True
56.2190 	DATA 	Keypress: a
56.8191 	EXP 	blackTrial: autoDraw = False
56.8191 	EXP 	whiteTrial: autoDraw = False
56.8191 	EXP 	TrialPicture: autoDraw = False
56.8191 	EXP 	blackTrial: autoDraw = False
56.8191 	EXP 	whiteTrial: autoDraw = False
56.8191 	EXP 	TrialPicture: autoDraw = False
56.8191 	EXP 	whiteWaitInterTrial_2: size = array([0.75, 1.  ])
56.8191 	EXP 	blackWaitInterTrial_2: autoDraw = True
56.8191 	EXP 	whiteWaitInterTrial_2: autoDraw = True
58.5215 	EXP 	blackWaitInterTrial_2: autoDraw = False
58.5215 	EXP 	whiteWaitInterTrial_2: autoDraw = False
58.5215 	EXP 	blackWaitInterTrial_2: autoDraw = False
58.5215 	EXP 	whiteWaitInterTrial_2: autoDraw = False
58.5215 	EXP 	fixationImage: size = array([0.75, 1.  ])
58.5215 	EXP 	fixation: autoDraw = True
58.5215 	EXP 	fixationImage: autoDraw = True
58.8882 	DATA 	Keypress: a
59.8556 	DATA 	Keypress: a
60.2560 	DATA 	Keypress: a
60.5223 	EXP 	fixation: autoDraw = False
60.5223 	EXP 	fixationImage: autoDraw = False
60.5223 	EXP 	polygon_end: autoDraw = True
60.5223 	EXP 	end_text: autoDraw = True
62.5647 	EXP 	polygon_end: autoDraw = False
62.5647 	EXP 	end_text: autoDraw = False
62.5647 	EXP 	polygon_15: autoDraw = True
62.5647 	EXP 	descriptionText_15: autoDraw = True
64.8429 	DATA 	Keypress: space
64.8590 	EXP 	polygon_15: autoDraw = False
64.8590 	EXP 	descriptionText_15: autoDraw = False
64.8590 	EXP 	fixationImage10: size = array([0.75, 1.  ])
64.8590 	EXP 	fixation10: autoDraw = True
64.8590 	EXP 	fixationImage10: autoDraw = True
71.8651 	EXP 	text: autoDraw = True
72.8659 	EXP 	text: autoDraw = False
72.8659 	EXP 	text_2: autoDraw = True
73.8503 	EXP 	text_2: autoDraw = False
73.8671 	EXP 	text_3: autoDraw = True
74.8361 	EXP 	Created sequence: sequential, trialTypes=1, nReps=1, seed=None
74.8362 	EXP 	New trial (rep=0, index=0): None
74.8700 	EXP 	fixation10: autoDraw = False
74.8700 	EXP 	fixationImage10: autoDraw = False
74.8700 	EXP 	text_3: autoDraw = False
74.8700 	EXP 	fixation10: autoDraw = False
74.8700 	EXP 	fixationImage10: autoDraw = False
74.8700 	EXP 	text: autoDraw = False
74.8700 	EXP 	text_2: autoDraw = False
74.8700 	EXP 	text_3: autoDraw = False
74.8700 	EXP 	greenProc_2: size = array([1.6, 1.2])
74.8700 	EXP 	ProcTarget_2: size = array([0.75, 1.  ])
74.8700 	EXP 	ProcTarget_2: image = './stimuli/images/009.bmp'
74.8700 	EXP 	ProcPicture_2: size = array([0.75, 1.  ])
74.8700 	EXP 	ProcPicture_2: image = './stimuli/images/032.bmp'
74.8700 	EXP 	blackProc_2: autoDraw = True
74.8700 	EXP 	greenProc_2: autoDraw = True
74.8700 	EXP 	ProcTarget_2: autoDraw = True
74.8700 	EXP 	ProcPicture_2: autoDraw = True
78.3544 	EXP 	blackProc_2: autoDraw = False
78.3544 	EXP 	greenProc_2: autoDraw = False
78.3544 	EXP 	ProcTarget_2: autoDraw = False
78.3544 	EXP 	ProcPicture_2: autoDraw = False
78.3544 	EXP 	blackProc_2: autoDraw = False
78.3544 	EXP 	greenProc_2: autoDraw = False
78.3544 	EXP 	ProcTarget_2: autoDraw = False
78.3544 	EXP 	ProcPicture_2: autoDraw = False
78.3544 	EXP 	whiteWaitInterTrial_3: size = array([0.75, 1.  ])
78.3544 	EXP 	blackWaitInterTrial_3: autoDraw = True
78.3544 	EXP 	whiteWaitInterTrial_3: autoDraw = True
79.8403 	EXP 	Created sequence: sequential, trialTypes=1, nReps=12, seed=None
79.8405 	EXP 	New trial (rep=0, index=0): None
79.8594 	EXP 	blackWaitInterTrial_3: autoDraw = False
79.8594 	EXP 	whiteWaitInterTrial_3: autoDraw = False
79.8594 	EXP 	blackWaitInterTrial_3: autoDraw = False
79.8594 	EXP 	whiteWaitInterTrial_3: autoDraw = False
79.8594 	EXP 	TrialPicture_2: size = array([0.75, 1.  ])
79.8594 	EXP 	TrialPicture_2: image = './stimuli/images/032.bmp'
79.8594 	EXP 	blackTrial_2: autoDraw = True
79.8594 	EXP 	whiteTrial_2: autoDraw = True
79.8594 	EXP 	TrialPicture_2: autoDraw = True
80.1897 	DATA 	Keypress: a
80.5900 	DATA 	Keypress: a
80.8567 	EXP 	blackTrial_2: autoDraw = False
80.8567 	EXP 	whiteTrial_2: autoDraw = False
80.8567 	EXP 	TrialPicture_2: autoDraw = False
80.8567 	EXP 	blackTrial_2: autoDraw = False
80.8567 	EXP 	whiteTrial_2: autoDraw = False
80.8567 	EXP 	TrialPicture_2: autoDraw = False
80.8567 	EXP 	whiteWaitInterTrial_4: size = array([0.75, 1.  ])
80.8567 	EXP 	blackWaitInterTrial_4: autoDraw = True
80.8567 	EXP 	whiteWaitInterTrial_4: autoDraw = True
82.5422 	EXP 	New trial (rep=1, index=0): None
82.5599 	EXP 	blackWaitInterTrial_4: autoDraw = False
82.5599 	EXP 	whiteWaitInterTrial_4: autoDraw = False
82.5599 	EXP 	blackWaitInterTrial_4: autoDraw = False
82.5599 	EXP 	whiteWaitInterTrial_4: autoDraw = False
82.5599 	EXP 	TrialPicture_2: size = array([0.75, 1.  ])
82.5599 	EXP 	TrialPicture_2: image = './stimuli/images/182.bmp'
82.5599 	EXP 	blackTrial_2: autoDraw = True
82.5599 	EXP 	whiteTrial_2: autoDraw = True
82.5599 	EXP 	TrialPicture_2: autoDraw = True
83.5590 	EXP 	blackTrial_2: autoDraw = False
83.5590 	EXP 	whiteTrial_2: autoDraw = False
83.5590 	EXP 	TrialPicture_2: autoDraw = False
83.5590 	EXP 	blackTrial_2: autoDraw = False
83.5590 	EXP 	whiteTrial_2: autoDraw = False
83.5590 	EXP 	TrialPicture_2: autoDraw = False
83.5590 	EXP 	whiteWaitInterTrial_4: size = array([0.75, 1.  ])
83.5590 	EXP 	blackWaitInterTrial_4: autoDraw = True
83.5590 	EXP 	whiteWaitInterTrial_4: autoDraw = True
85.3439 	EXP 	New trial (rep=2, index=0): None
85.3611 	EXP 	blackWaitInterTrial_4: autoDraw = False
85.3611 	EXP 	whiteWaitInterTrial_4: autoDraw = False
85.3611 	EXP 	blackWaitInterTrial_4: autoDraw = False
85.3611 	EXP 	whiteWaitInterTrial_4: autoDraw = False
85.3611 	EXP 	TrialPicture_2: size = array([0.75, 1.  ])
85.3611 	EXP 	TrialPicture_2: image = './stimuli/images/078.bmp'
85.3611 	EXP 	blackTrial_2: autoDraw = True
85.3611 	EXP 	whiteTrial_2: autoDraw = True
85.3611 	EXP 	TrialPicture_2: autoDraw = True
86.3624 	EXP 	blackTrial_2: autoDraw = False
86.3624 	EXP 	whiteTrial_2: autoDraw = False
86.3624 	EXP 	TrialPicture_2: autoDraw = False
86.3624 	EXP 	blackTrial_2: autoDraw = False
86.3624 	EXP 	whiteTrial_2: autoDraw = False
86.3624 	EXP 	TrialPicture_2: autoDraw = False
86.3624 	EXP 	whiteWaitInterTrial_4: size = array([0.75, 1.  ])
86.3624 	EXP 	blackWaitInterTrial_4: autoDraw = True
86.3624 	EXP 	whiteWaitInterTrial_4: autoDraw = True
88.0463 	EXP 	New trial (rep=3, index=0): None
88.0635 	EXP 	blackWaitInterTrial_4: autoDraw = False
88.0635 	EXP 	whiteWaitInterTrial_4: autoDraw = False
88.0635 	EXP 	blackWaitInterTrial_4: autoDraw = False
88.0635 	EXP 	whiteWaitInterTrial_4: autoDraw = False
88.0635 	EXP 	TrialPicture_2: size = array([0.75, 1.  ])
88.0635 	EXP 	TrialPicture_2: image = './stimuli/images/182.bmp'
88.0635 	EXP 	blackTrial_2: autoDraw = True
88.0635 	EXP 	whiteTrial_2: autoDraw = True
88.0635 	EXP 	TrialPicture_2: autoDraw = True
89.0639 	EXP 	blackTrial_2: autoDraw = False
89.0639 	EXP 	whiteTrial_2: autoDraw = False
89.0639 	EXP 	TrialPicture_2: autoDraw = False
89.0639 	EXP 	blackTrial_2: autoDraw = False
89.0639 	EXP 	whiteTrial_2: autoDraw = False
89.0639 	EXP 	TrialPicture_2: autoDraw = False
89.0639 	EXP 	whiteWaitInterTrial_4: size = array([0.75, 1.  ])
89.0639 	EXP 	blackWaitInterTrial_4: autoDraw = True
89.0639 	EXP 	whiteWaitInterTrial_4: autoDraw = True
90.7493 	EXP 	New trial (rep=4, index=0): None
90.7669 	EXP 	blackWaitInterTrial_4: autoDraw = False
90.7669 	EXP 	whiteWaitInterTrial_4: autoDraw = False
90.7669 	EXP 	blackWaitInterTrial_4: autoDraw = False
90.7669 	EXP 	whiteWaitInterTrial_4: autoDraw = False
90.7669 	EXP 	TrialPicture_2: size = array([0.75, 1.  ])
90.7669 	EXP 	TrialPicture_2: image = './stimuli/images/009.bmp'
90.7669 	EXP 	blackTrial_2: autoDraw = True
90.7669 	EXP 	whiteTrial_2: autoDraw = True
90.7669 	EXP 	TrialPicture_2: autoDraw = True
91.7662 	EXP 	blackTrial_2: autoDraw = False
91.7662 	EXP 	whiteTrial_2: autoDraw = False
91.7662 	EXP 	TrialPicture_2: autoDraw = False
91.7662 	EXP 	blackTrial_2: autoDraw = False
91.7662 	EXP 	whiteTrial_2: autoDraw = False
91.7662 	EXP 	TrialPicture_2: autoDraw = False
91.7662 	EXP 	whiteWaitInterTrial_4: size = array([0.75, 1.  ])
91.7662 	EXP 	blackWaitInterTrial_4: autoDraw = True
91.7662 	EXP 	whiteWaitInterTrial_4: autoDraw = True
93.3524 	EXP 	New trial (rep=5, index=0): None
93.3683 	EXP 	blackWaitInterTrial_4: autoDraw = False
93.3683 	EXP 	whiteWaitInterTrial_4: autoDraw = False
93.3683 	EXP 	blackWaitInterTrial_4: autoDraw = False
93.3683 	EXP 	whiteWaitInterTrial_4: autoDraw = False
93.3683 	EXP 	TrialPicture_2: size = array([0.75, 1.  ])
93.3683 	EXP 	TrialPicture_2: image = './stimuli/images/032.bmp'
93.3683 	EXP 	blackTrial_2: autoDraw = True
93.3683 	EXP 	whiteTrial_2: autoDraw = True
93.3683 	EXP 	TrialPicture_2: autoDraw = True
94.3686 	EXP 	blackTrial_2: autoDraw = False
94.3686 	EXP 	whiteTrial_2: autoDraw = False
94.3686 	EXP 	TrialPicture_2: autoDraw = False
94.3686 	EXP 	blackTrial_2: autoDraw = False
94.3686 	EXP 	whiteTrial_2: autoDraw = False
94.3686 	EXP 	TrialPicture_2: autoDraw = False
94.3686 	EXP 	whiteWaitInterTrial_4: size = array([0.75, 1.  ])
94.3686 	EXP 	blackWaitInterTrial_4: autoDraw = True
94.3686 	EXP 	whiteWaitInterTrial_4: autoDraw = True
95.9547 	EXP 	New trial (rep=6, index=0): None
95.9704 	EXP 	blackWaitInterTrial_4: autoDraw = False
95.9704 	EXP 	whiteWaitInterTrial_4: autoDraw = False
95.9704 	EXP 	blackWaitInterTrial_4: autoDraw = False
95.9704 	EXP 	whiteWaitInterTrial_4: autoDraw = False
95.9704 	EXP 	TrialPicture_2: size = array([0.75, 1.  ])
95.9704 	EXP 	TrialPicture_2: image = './stimuli/images/009.bmp'
95.9704 	EXP 	blackTrial_2: autoDraw = True
95.9704 	EXP 	whiteTrial_2: autoDraw = True
95.9704 	EXP 	TrialPicture_2: autoDraw = True
96.9723 	EXP 	blackTrial_2: autoDraw = False
96.9723 	EXP 	whiteTrial_2: autoDraw = False
96.9723 	EXP 	TrialPicture_2: autoDraw = False
96.9723 	EXP 	blackTrial_2: autoDraw = False
96.9723 	EXP 	whiteTrial_2: autoDraw = False
96.9723 	EXP 	TrialPicture_2: autoDraw = False
96.9723 	EXP 	whiteWaitInterTrial_4: size = array([0.75, 1.  ])
96.9723 	EXP 	blackWaitInterTrial_4: autoDraw = True
96.9723 	EXP 	whiteWaitInterTrial_4: autoDraw = True
98.6561 	EXP 	New trial (rep=7, index=0): None
98.6727 	EXP 	blackWaitInterTrial_4: autoDraw = False
98.6727 	EXP 	whiteWaitInterTrial_4: autoDraw = False
98.6727 	EXP 	blackWaitInterTrial_4: autoDraw = False
98.6727 	EXP 	whiteWaitInterTrial_4: autoDraw = False
98.6727 	EXP 	TrialPicture_2: size = array([0.75, 1.  ])
98.6727 	EXP 	TrialPicture_2: image = './stimuli/images/078.bmp'
98.6727 	EXP 	blackTrial_2: autoDraw = True
98.6727 	EXP 	whiteTrial_2: autoDraw = True
98.6727 	EXP 	TrialPicture_2: autoDraw = True
99.6729 	EXP 	blackTrial_2: autoDraw = False
99.6729 	EXP 	whiteTrial_2: autoDraw = False
99.6729 	EXP 	TrialPicture_2: autoDraw = False
99.6729 	EXP 	blackTrial_2: autoDraw = False
99.6729 	EXP 	whiteTrial_2: autoDraw = False
99.6729 	EXP 	TrialPicture_2: autoDraw = False
99.6729 	EXP 	whiteWaitInterTrial_4: size = array([0.75, 1.  ])
99.6729 	EXP 	blackWaitInterTrial_4: autoDraw = True
99.6729 	EXP 	whiteWaitInterTrial_4: autoDraw = True
101.4598 	EXP 	New trial (rep=8, index=0): None
101.4748 	EXP 	blackWaitInterTrial_4: autoDraw = False
101.4748 	EXP 	whiteWaitInterTrial_4: autoDraw = False
101.4748 	EXP 	blackWaitInterTrial_4: autoDraw = False
101.4748 	EXP 	whiteWaitInterTrial_4: autoDraw = False
101.4748 	EXP 	TrialPicture_2: size = array([0.75, 1.  ])
101.4748 	EXP 	TrialPicture_2: image = './stimuli/images/032.bmp'
101.4748 	EXP 	blackTrial_2: autoDraw = True
101.4748 	EXP 	whiteTrial_2: autoDraw = True
101.4748 	EXP 	TrialPicture_2: autoDraw = True
102.4754 	EXP 	blackTrial_2: autoDraw = False
102.4754 	EXP 	whiteTrial_2: autoDraw = False
102.4754 	EXP 	TrialPicture_2: autoDraw = False
102.4754 	EXP 	blackTrial_2: autoDraw = False
102.4754 	EXP 	whiteTrial_2: autoDraw = False
102.4754 	EXP 	TrialPicture_2: autoDraw = False
102.4754 	EXP 	whiteWaitInterTrial_4: size = array([0.75, 1.  ])
102.4754 	EXP 	blackWaitInterTrial_4: autoDraw = True
102.4754 	EXP 	whiteWaitInterTrial_4: autoDraw = True
103.9269 	DATA 	Keypress: s
104.2605 	EXP 	New trial (rep=9, index=0): None
104.2773 	EXP 	blackWaitInterTrial_4: autoDraw = False
104.2773 	EXP 	whiteWaitInterTrial_4: autoDraw = False
104.2773 	EXP 	blackWaitInterTrial_4: autoDraw = False
104.2773 	EXP 	whiteWaitInterTrial_4: autoDraw = False
104.2773 	EXP 	TrialPicture_2: size = array([0.75, 1.  ])
104.2773 	EXP 	TrialPicture_2: image = './stimuli/images/078.bmp'
104.2773 	EXP 	blackTrial_2: autoDraw = True
104.2773 	EXP 	whiteTrial_2: autoDraw = True
104.2773 	EXP 	TrialPicture_2: autoDraw = True
104.5131 	DATA 	Keypress: a
105.1445 	DATA 	Keypress: l
105.2780 	EXP 	blackTrial_2: autoDraw = False
105.2780 	EXP 	whiteTrial_2: autoDraw = False
105.2780 	EXP 	TrialPicture_2: autoDraw = False
105.2780 	EXP 	blackTrial_2: autoDraw = False
105.2780 	EXP 	whiteTrial_2: autoDraw = False
105.2780 	EXP 	TrialPicture_2: autoDraw = False
105.2780 	EXP 	whiteWaitInterTrial_4: size = array([0.75, 1.  ])
105.2780 	EXP 	blackWaitInterTrial_4: autoDraw = True
105.2780 	EXP 	whiteWaitInterTrial_4: autoDraw = True
105.9619 	DATA 	Keypress: a
106.2124 	DATA 	Keypress: a
106.8629 	EXP 	New trial (rep=10, index=0): None
106.8799 	EXP 	blackWaitInterTrial_4: autoDraw = False
106.8799 	EXP 	whiteWaitInterTrial_4: autoDraw = False
106.8799 	EXP 	blackWaitInterTrial_4: autoDraw = False
106.8799 	EXP 	whiteWaitInterTrial_4: autoDraw = False
106.8799 	EXP 	TrialPicture_2: size = array([0.75, 1.  ])
106.8799 	EXP 	TrialPicture_2: image = './stimuli/images/032.bmp'
106.8799 	EXP 	blackTrial_2: autoDraw = True
106.8799 	EXP 	whiteTrial_2: autoDraw = True
106.8799 	EXP 	TrialPicture_2: autoDraw = True
107.8805 	EXP 	blackTrial_2: autoDraw = False
107.8805 	EXP 	whiteTrial_2: autoDraw = False
107.8805 	EXP 	TrialPicture_2: autoDraw = False
107.8805 	EXP 	blackTrial_2: autoDraw = False
107.8805 	EXP 	whiteTrial_2: autoDraw = False
107.8805 	EXP 	TrialPicture_2: autoDraw = False
107.8805 	EXP 	whiteWaitInterTrial_4: size = array([0.75, 1.  ])
107.8805 	EXP 	blackWaitInterTrial_4: autoDraw = True
107.8805 	EXP 	whiteWaitInterTrial_4: autoDraw = True
109.6653 	EXP 	New trial (rep=11, index=0): None
109.6822 	EXP 	blackWaitInterTrial_4: autoDraw = False
109.6822 	EXP 	whiteWaitInterTrial_4: autoDraw = False
109.6822 	EXP 	blackWaitInterTrial_4: autoDraw = False
109.6822 	EXP 	whiteWaitInterTrial_4: autoDraw = False
109.6822 	EXP 	TrialPicture_2: size = array([0.75, 1.  ])
109.6822 	EXP 	TrialPicture_2: image = './stimuli/images/009.bmp'
109.6822 	EXP 	blackTrial_2: autoDraw = True
109.6822 	EXP 	whiteTrial_2: autoDraw = True
109.6822 	EXP 	TrialPicture_2: autoDraw = True
110.6825 	EXP 	blackTrial_2: autoDraw = False
110.6825 	EXP 	whiteTrial_2: autoDraw = False
110.6825 	EXP 	TrialPicture_2: autoDraw = False
110.6825 	EXP 	blackTrial_2: autoDraw = False
110.6825 	EXP 	whiteTrial_2: autoDraw = False
110.6825 	EXP 	TrialPicture_2: autoDraw = False
110.6825 	EXP 	whiteWaitInterTrial_4: size = array([0.75, 1.  ])
110.6825 	EXP 	blackWaitInterTrial_4: autoDraw = True
110.6825 	EXP 	whiteWaitInterTrial_4: autoDraw = True
112.2845 	EXP 	blackWaitInterTrial_4: autoDraw = False
112.2845 	EXP 	whiteWaitInterTrial_4: autoDraw = False
112.2845 	EXP 	blackWaitInterTrial_4: autoDraw = False
112.2845 	EXP 	whiteWaitInterTrial_4: autoDraw = False
112.2845 	EXP 	fixationImage_2: size = array([0.75, 1.  ])
112.2845 	EXP 	fixation_2: autoDraw = True
112.2845 	EXP 	fixationImage_2: autoDraw = True
114.2857 	EXP 	fixation_2: autoDraw = False
114.2857 	EXP 	fixationImage_2: autoDraw = False
114.2857 	EXP 	polygon_end_2: autoDraw = True
114.2857 	EXP 	end_text_2: autoDraw = True
116.4606 	EXP 	window1: mouseVisible = True
